--------------- Clean Started: 11/25/2018 16:12:15 Project: ReactionGame, Configuration: ARM GCC 5.4-2016-q2-update Debug ---------------
Deleting file ".\CortexM3\ARM_GCC_541\Debug\main.o"
Deleting file ".\CortexM3\ARM_GCC_541\Debug\tsk_Timer.o"
Deleting file ".\CortexM3\ARM_GCC_541\Debug\tsk_Init.o"
Deleting file ".\CortexM3\ARM_GCC_541\Debug\tsk_ReactionGame.o"
Deleting file ".\CortexM3\ARM_GCC_541\Debug\signal_handler.o"
Deleting file ".\CortexM3\ARM_GCC_541\Debug\tsk_ArcadianLed.o"
Deleting file ".\CortexM3\ARM_GCC_541\Debug\console.o"
Deleting file ".\CortexM3\ARM_GCC_541\Debug\button.o"
Deleting file ".\CortexM3\ARM_GCC_541\Debug\seven.o"
Deleting file ".\CortexM3\ARM_GCC_541\Debug\pwm.o"
Deleting file ".\CortexM3\ARM_GCC_541\Debug\cyfitter_cfg.o"
Deleting file ".\CortexM3\ARM_GCC_541\Debug\cymetadata.o"
Deleting file ".\CortexM3\ARM_GCC_541\Debug\ErikaOS_ee_activate.o"
Deleting file ".\CortexM3\ARM_GCC_541\Debug\ErikaOS_ee_alcancel.o"
Deleting file ".\CortexM3\ARM_GCC_541\Debug\ErikaOS_ee_alget.o"
Deleting file ".\CortexM3\ARM_GCC_541\Debug\ErikaOS_ee_algetbase.o"
Deleting file ".\CortexM3\ARM_GCC_541\Debug\ErikaOS_ee_alsetabs.o"
Deleting file ".\CortexM3\ARM_GCC_541\Debug\ErikaOS_ee_alsetrel.o"
Deleting file ".\CortexM3\ARM_GCC_541\Debug\ErikaOS_ee_altick.o"
Deleting file ".\CortexM3\ARM_GCC_541\Debug\ErikaOS_ee_chaintas.o"
Deleting file ".\CortexM3\ARM_GCC_541\Debug\ErikaOS_ee_evclear.o"
Deleting file ".\CortexM3\ARM_GCC_541\Debug\ErikaOS_ee_evget.o"
Deleting file ".\CortexM3\ARM_GCC_541\Debug\ErikaOS_ee_evset.o"
Deleting file ".\CortexM3\ARM_GCC_541\Debug\ErikaOS_ee_evwait.o"
Deleting file ".\CortexM3\ARM_GCC_541\Debug\ErikaOS_ee_force_schedule.o"
Deleting file ".\CortexM3\ARM_GCC_541\Debug\ErikaOS_ee_getcountervalue.o"
Deleting file ".\CortexM3\ARM_GCC_541\Debug\ErikaOS_ee_getelapsedvalue.o"
Deleting file ".\CortexM3\ARM_GCC_541\Debug\ErikaOS_ee_gettaskid.o"
Deleting file ".\CortexM3\ARM_GCC_541\Debug\ErikaOS_ee_gettaskstate.o"
Deleting file ".\CortexM3\ARM_GCC_541\Debug\ErikaOS_ee_iparam.o"
Deleting file ".\CortexM3\ARM_GCC_541\Debug\ErikaOS_ee_irqendin.o"
Deleting file ".\CortexM3\ARM_GCC_541\Debug\ErikaOS_ee_lockres.o"
Deleting file ".\CortexM3\ARM_GCC_541\Debug\ErikaOS_ee_lookup.o"
Deleting file ".\CortexM3\ARM_GCC_541\Debug\ErikaOS_ee_rq_exchg.o"
Deleting file ".\CortexM3\ARM_GCC_541\Debug\ErikaOS_ee_rq_first.o"
Deleting file ".\CortexM3\ARM_GCC_541\Debug\ErikaOS_ee_rq_inser.o"
Deleting file ".\CortexM3\ARM_GCC_541\Debug\ErikaOS_ee_schedule.o"
Deleting file ".\CortexM3\ARM_GCC_541\Debug\ErikaOS_ee_semgetvalue.o"
Deleting file ".\CortexM3\ARM_GCC_541\Debug\ErikaOS_ee_sempost.o"
Deleting file ".\CortexM3\ARM_GCC_541\Debug\ErikaOS_ee_semtrywait.o"
Deleting file ".\CortexM3\ARM_GCC_541\Debug\ErikaOS_ee_semwait.o"
Deleting file ".\CortexM3\ARM_GCC_541\Debug\ErikaOS_ee_shtdown.o"
Deleting file ".\CortexM3\ARM_GCC_541\Debug\ErikaOS_ee_startos.o"
Deleting file ".\CortexM3\ARM_GCC_541\Debug\ErikaOS_ee_terminat.o"
Deleting file ".\CortexM3\ARM_GCC_541\Debug\ErikaOS_ee_thendin.o"
Deleting file ".\CortexM3\ARM_GCC_541\Debug\ErikaOS_ee_tnterm.o"
Deleting file ".\CortexM3\ARM_GCC_541\Debug\ErikaOS_ee_tstub.o"
Deleting file ".\CortexM3\ARM_GCC_541\Debug\ErikaOS_ee_ulockallres.o"
Deleting file ".\CortexM3\ARM_GCC_541\Debug\ErikaOS_ee_ulockres.o"
Deleting file ".\CortexM3\ARM_GCC_541\Debug\ErikaOS_cortex_mx_ee_context.o"
Deleting file ".\CortexM3\ARM_GCC_541\Debug\ErikaOS_cortex_mx_ee_system_timer.o"
Deleting file ".\CortexM3\ARM_GCC_541\Debug\ErikaOS_cortex_mx_ee_utils.o"
Deleting file ".\CortexM3\ARM_GCC_541\Debug\ErikaOS_ee_gnu_change_context_isr.o"
Deleting file ".\CortexM3\ARM_GCC_541\Debug\ErikaOS_ee_gnu_irq_stack.o"
Deleting file ".\CortexM3\ARM_GCC_541\Debug\ErikaOS_ee_gnu_multi_context.o"
Deleting file ".\CortexM3\ARM_GCC_541\Debug\ErikaOS_ee_gnu_oo.o"
Deleting file ".\CortexM3\ARM_GCC_541\Debug\ErikaOS_common_ee_hal_structs.o"
Deleting file ".\CortexM3\ARM_GCC_541\Debug\ErikaOS_eecfg.o"
Deleting file ".\CortexM3\ARM_GCC_541\Debug\UART_LOG.o"
Deleting file ".\CortexM3\ARM_GCC_541\Debug\UART_LOG_PM.o"
Deleting file ".\CortexM3\ARM_GCC_541\Debug\UART_LOG_INT.o"
Deleting file ".\CortexM3\ARM_GCC_541\Debug\UART_LOG_BOOT.o"
Deleting file ".\CortexM3\ARM_GCC_541\Debug\BUTTON_2.o"
Deleting file ".\CortexM3\ARM_GCC_541\Debug\BUTTON_1.o"
Deleting file ".\CortexM3\ARM_GCC_541\Debug\isr_BUTTON.o"
Deleting file ".\CortexM3\ARM_GCC_541\Debug\S7D_SegmentA.o"
Deleting file ".\CortexM3\ARM_GCC_541\Debug\S7D_SegmentB.o"
Deleting file ".\CortexM3\ARM_GCC_541\Debug\S7D_SegmentC.o"
Deleting file ".\CortexM3\ARM_GCC_541\Debug\S7D_SegmentD.o"
Deleting file ".\CortexM3\ARM_GCC_541\Debug\S7D_SegmentE.o"
Deleting file ".\CortexM3\ARM_GCC_541\Debug\S7D_SegmentF.o"
Deleting file ".\CortexM3\ARM_GCC_541\Debug\S7D_SegmentG.o"
Deleting file ".\CortexM3\ARM_GCC_541\Debug\S7D_Select.o"
Deleting file ".\CortexM3\ARM_GCC_541\Debug\S7D_Display.o"
Deleting file ".\CortexM3\ARM_GCC_541\Debug\S7D_ControlReg.o"
Deleting file ".\CortexM3\ARM_GCC_541\Debug\S7D_ControlReg_PM.o"
Deleting file ".\CortexM3\ARM_GCC_541\Debug\PWM_Red.o"
Deleting file ".\CortexM3\ARM_GCC_541\Debug\PWM_Red_PM.o"
Deleting file ".\CortexM3\ARM_GCC_541\Debug\PWM_CLK.o"
Deleting file ".\CortexM3\ARM_GCC_541\Debug\PWM_Green.o"
Deleting file ".\CortexM3\ARM_GCC_541\Debug\PWM_Green_PM.o"
Deleting file ".\CortexM3\ARM_GCC_541\Debug\PWM_Blue.o"
Deleting file ".\CortexM3\ARM_GCC_541\Debug\PWM_Blue_PM.o"
Deleting file ".\CortexM3\ARM_GCC_541\Debug\RGB_B.o"
Deleting file ".\CortexM3\ARM_GCC_541\Debug\RGB_G.o"
Deleting file ".\CortexM3\ARM_GCC_541\Debug\RGB_R.o"
Deleting file ".\CortexM3\ARM_GCC_541\Debug\LED_Red.o"
Deleting file ".\CortexM3\ARM_GCC_541\Debug\LED_Green.o"
Deleting file ".\CortexM3\ARM_GCC_541\Debug\LED_Yellow.o"
Deleting file ".\CortexM3\ARM_GCC_541\Debug\UART_LOG_IntClock.o"
Deleting file ".\CortexM3\ARM_GCC_541\Debug\Cm3Start.o"
Deleting file ".\CortexM3\ARM_GCC_541\Debug\CyBootAsmGnu.o"
Deleting file ".\CortexM3\ARM_GCC_541\Debug\CyDmac.o"
Deleting file ".\CortexM3\ARM_GCC_541\Debug\CyFlash.o"
Deleting file ".\CortexM3\ARM_GCC_541\Debug\CyLib.o"
Deleting file ".\CortexM3\ARM_GCC_541\Debug\cyPm.o"
Deleting file ".\CortexM3\ARM_GCC_541\Debug\CySpc.o"
Deleting file ".\CortexM3\ARM_GCC_541\Debug\cyutils.o"
Deleting file ".\CortexM3\ARM_GCC_541\Debug\cy_em_eeprom.o"
Deleting file ".\CortexM3\ARM_GCC_541\Debug\ReactionGame.hex"
Deleting file ".\CortexM3\ARM_GCC_541\Debug\ReactionGame.elf"
Deleting file ".\CortexM3\ARM_GCC_541\Debug\ReactionGame.map"
Deleting file ".\ReactionGame.cycdx"
Deleting file ".\ReactionGame.svd"
Deleting file ".\ReactionGame.rpt"
Deleting file ".\ReactionGame_timing.html"
Deleting file ".\CortexM3\ARM_GCC_541\Debug\.deps\SOURCE_C__ARM_GCC_GENERIC.P"
Deleting file ".\CortexM3\ARM_GCC_541\Debug\.deps\SOURCE_ASM__ARM_GCC_GENERIC.P"
--------------- Clean Succeeded: 11/25/2018 16:12:15 ---------------
