--------------- Rebuild Started: 11/25/2018 01:53:35 Project: ReactionGame, Configuration: ARM GCC 5.4-2016-q2-update Debug ---------------
Deleting file ".\CortexM3\ARM_GCC_541\Debug\main.o"
Deleting file ".\CortexM3\ARM_GCC_541\Debug\tsk_Timer.o"
Deleting file ".\CortexM3\ARM_GCC_541\Debug\tsk_Init.o"
Deleting file ".\CortexM3\ARM_GCC_541\Debug\tsk_ReactionGame.o"
Deleting file ".\CortexM3\ARM_GCC_541\Debug\signal_handler.o"
Deleting file ".\CortexM3\ARM_GCC_541\Debug\console.o"
Deleting file ".\CortexM3\ARM_GCC_541\Debug\button.o"
Deleting file ".\CortexM3\ARM_GCC_541\Debug\seven.o"
Deleting file ".\CortexM3\ARM_GCC_541\Debug\cyfitter_cfg.o"
Deleting file ".\CortexM3\ARM_GCC_541\Debug\cymetadata.o"
Deleting file ".\CortexM3\ARM_GCC_541\Debug\ErikaOS_ee_activate.o"
Deleting file ".\CortexM3\ARM_GCC_541\Debug\ErikaOS_ee_alcancel.o"
Deleting file ".\CortexM3\ARM_GCC_541\Debug\ErikaOS_ee_alget.o"
Deleting file ".\CortexM3\ARM_GCC_541\Debug\ErikaOS_ee_algetbase.o"
Deleting file ".\CortexM3\ARM_GCC_541\Debug\ErikaOS_ee_alsetabs.o"
Deleting file ".\CortexM3\ARM_GCC_541\Debug\ErikaOS_ee_alsetrel.o"
Deleting file ".\CortexM3\ARM_GCC_541\Debug\ErikaOS_ee_altick.o"
Deleting file ".\CortexM3\ARM_GCC_541\Debug\ErikaOS_ee_chaintas.o"
Deleting file ".\CortexM3\ARM_GCC_541\Debug\ErikaOS_ee_evclear.o"
Deleting file ".\CortexM3\ARM_GCC_541\Debug\ErikaOS_ee_evget.o"
Deleting file ".\CortexM3\ARM_GCC_541\Debug\ErikaOS_ee_evset.o"
Deleting file ".\CortexM3\ARM_GCC_541\Debug\ErikaOS_ee_evwait.o"
Deleting file ".\CortexM3\ARM_GCC_541\Debug\ErikaOS_ee_force_schedule.o"
Deleting file ".\CortexM3\ARM_GCC_541\Debug\ErikaOS_ee_getcountervalue.o"
Deleting file ".\CortexM3\ARM_GCC_541\Debug\ErikaOS_ee_getelapsedvalue.o"
Deleting file ".\CortexM3\ARM_GCC_541\Debug\ErikaOS_ee_gettaskid.o"
Deleting file ".\CortexM3\ARM_GCC_541\Debug\ErikaOS_ee_gettaskstate.o"
Deleting file ".\CortexM3\ARM_GCC_541\Debug\ErikaOS_ee_iparam.o"
Deleting file ".\CortexM3\ARM_GCC_541\Debug\ErikaOS_ee_irqendin.o"
Deleting file ".\CortexM3\ARM_GCC_541\Debug\ErikaOS_ee_lockres.o"
Deleting file ".\CortexM3\ARM_GCC_541\Debug\ErikaOS_ee_lookup.o"
Deleting file ".\CortexM3\ARM_GCC_541\Debug\ErikaOS_ee_rq_exchg.o"
Deleting file ".\CortexM3\ARM_GCC_541\Debug\ErikaOS_ee_rq_first.o"
Deleting file ".\CortexM3\ARM_GCC_541\Debug\ErikaOS_ee_rq_inser.o"
Deleting file ".\CortexM3\ARM_GCC_541\Debug\ErikaOS_ee_schedule.o"
Deleting file ".\CortexM3\ARM_GCC_541\Debug\ErikaOS_ee_semgetvalue.o"
Deleting file ".\CortexM3\ARM_GCC_541\Debug\ErikaOS_ee_sempost.o"
Deleting file ".\CortexM3\ARM_GCC_541\Debug\ErikaOS_ee_semtrywait.o"
Deleting file ".\CortexM3\ARM_GCC_541\Debug\ErikaOS_ee_semwait.o"
Deleting file ".\CortexM3\ARM_GCC_541\Debug\ErikaOS_ee_shtdown.o"
Deleting file ".\CortexM3\ARM_GCC_541\Debug\ErikaOS_ee_startos.o"
Deleting file ".\CortexM3\ARM_GCC_541\Debug\ErikaOS_ee_terminat.o"
Deleting file ".\CortexM3\ARM_GCC_541\Debug\ErikaOS_ee_thendin.o"
Deleting file ".\CortexM3\ARM_GCC_541\Debug\ErikaOS_ee_tnterm.o"
Deleting file ".\CortexM3\ARM_GCC_541\Debug\ErikaOS_ee_tstub.o"
Deleting file ".\CortexM3\ARM_GCC_541\Debug\ErikaOS_ee_ulockallres.o"
Deleting file ".\CortexM3\ARM_GCC_541\Debug\ErikaOS_ee_ulockres.o"
Deleting file ".\CortexM3\ARM_GCC_541\Debug\ErikaOS_cortex_mx_ee_context.o"
Deleting file ".\CortexM3\ARM_GCC_541\Debug\ErikaOS_cortex_mx_ee_system_timer.o"
Deleting file ".\CortexM3\ARM_GCC_541\Debug\ErikaOS_cortex_mx_ee_utils.o"
Deleting file ".\CortexM3\ARM_GCC_541\Debug\ErikaOS_ee_gnu_change_context_isr.o"
Deleting file ".\CortexM3\ARM_GCC_541\Debug\ErikaOS_ee_gnu_irq_stack.o"
Deleting file ".\CortexM3\ARM_GCC_541\Debug\ErikaOS_ee_gnu_multi_context.o"
Deleting file ".\CortexM3\ARM_GCC_541\Debug\ErikaOS_ee_gnu_oo.o"
Deleting file ".\CortexM3\ARM_GCC_541\Debug\ErikaOS_common_ee_hal_structs.o"
Deleting file ".\CortexM3\ARM_GCC_541\Debug\ErikaOS_eecfg.o"
Deleting file ".\CortexM3\ARM_GCC_541\Debug\Cm3Start.o"
Deleting file ".\CortexM3\ARM_GCC_541\Debug\CyBootAsmGnu.o"
Deleting file ".\CortexM3\ARM_GCC_541\Debug\CyDmac.o"
Deleting file ".\CortexM3\ARM_GCC_541\Debug\CyFlash.o"
Deleting file ".\CortexM3\ARM_GCC_541\Debug\CyLib.o"
Deleting file ".\CortexM3\ARM_GCC_541\Debug\cyPm.o"
Deleting file ".\CortexM3\ARM_GCC_541\Debug\CySpc.o"
Deleting file ".\CortexM3\ARM_GCC_541\Debug\cyutils.o"
Deleting file ".\CortexM3\ARM_GCC_541\Debug\cy_em_eeprom.o"
Deleting file ".\CortexM3\ARM_GCC_541\Debug\UART_LOG.o"
Deleting file ".\CortexM3\ARM_GCC_541\Debug\UART_LOG_PM.o"
Deleting file ".\CortexM3\ARM_GCC_541\Debug\UART_LOG_INT.o"
Deleting file ".\CortexM3\ARM_GCC_541\Debug\UART_LOG_BOOT.o"
Deleting file ".\CortexM3\ARM_GCC_541\Debug\UART_LOG_IntClock.o"
Deleting file ".\CortexM3\ARM_GCC_541\Debug\isr_BUTTON.o"
Deleting file ".\CortexM3\ARM_GCC_541\Debug\BUTTON_2.o"
Deleting file ".\CortexM3\ARM_GCC_541\Debug\BUTTON_1.o"
Deleting file ".\CortexM3\ARM_GCC_541\Debug\S7D_SegmentA.o"
Deleting file ".\CortexM3\ARM_GCC_541\Debug\S7D_SegmentB.o"
Deleting file ".\CortexM3\ARM_GCC_541\Debug\S7D_SegmentC.o"
Deleting file ".\CortexM3\ARM_GCC_541\Debug\S7D_SegmentD.o"
Deleting file ".\CortexM3\ARM_GCC_541\Debug\S7D_SegmentE.o"
Deleting file ".\CortexM3\ARM_GCC_541\Debug\S7D_SegmentF.o"
Deleting file ".\CortexM3\ARM_GCC_541\Debug\S7D_SegmentG.o"
Deleting file ".\CortexM3\ARM_GCC_541\Debug\S7D_Select.o"
Deleting file ".\CortexM3\ARM_GCC_541\Debug\S7D_Display.o"
Deleting file ".\CortexM3\ARM_GCC_541\Debug\S7D_ControlReg.o"
Deleting file ".\CortexM3\ARM_GCC_541\Debug\S7D_ControlReg_PM.o"
Deleting file ".\CortexM3\ARM_GCC_541\Debug\ReactionGame.hex"
Deleting file ".\CortexM3\ARM_GCC_541\Debug\ReactionGame.elf"
Deleting file ".\CortexM3\ARM_GCC_541\Debug\ReactionGame.map"
Deleting file ".\ReactionGame.cycdx"
Deleting file ".\ReactionGame.svd"
Deleting file ".\ReactionGame.rpt"
Deleting file ".\ReactionGame_timing.html"
Deleting file ".\CortexM3\ARM_GCC_541\Debug\.deps\SOURCE_C__ARM_GCC_GENERIC.P"
Deleting file ".\CortexM3\ARM_GCC_541\Debug\.deps\SOURCE_ASM__ARM_GCC_GENERIC.P"
cydsfit.exe -.appdatapath "C:\Users\rbhar\AppData\Local\Cypress Semiconductor\PSoC Creator\4.2" -.fdsnotice -.fdswarpdepfile=warp_dependencies.txt -.fdselabdepfile=elab_dependencies.txt -.fdsbldfile=generated_files.txt -.fdsreffile=referenced_files.txt -p "D:\HDA\1_sem\Embedded System Design\Lab\Assignment_1\ReactionGame_OS\ReactionGame.cydsn\ReactionGame.cyprj" -d CY8C5888LTQ-LP097 -s "D:\HDA\1_sem\Embedded System Design\Lab\Assignment_1\ReactionGame_OS\ReactionGame.cydsn\Generated_Source\PSoC5" -- -yv2 -q10 -ygs -o2 -v3 -.fftcfgtype=LE
Elaborating Design...
HDL Generation...
Synthesis...
Tech Mapping...
Analog Placement...
Analog Routing...
Analog Code Generation...
Digital Placement...
Digital Routing...
Bitstream Generation...
Bitstream Verification...
Static timing analysis...
API Generation...
Dependency Generation...
Cleanup...
arm-none-eabi-gcc.exe -mcpu=cortex-m3 -mthumb -I.\source\asw -I.\source\bsw -I. -IGenerated_Source\PSoC5 -Wa,-alh=.\CortexM3\ARM_GCC_541\Debug/main.lst -g -D DEBUG -D CY_CORE_ID=0 -Wall -ffunction-sections -ffat-lto-objects -Og -c source\asw\main.c -o .\CortexM3\ARM_GCC_541\Debug\main.o
arm-none-eabi-gcc.exe -mcpu=cortex-m3 -mthumb -I.\source\asw -I.\source\bsw -I. -IGenerated_Source\PSoC5 -Wa,-alh=.\CortexM3\ARM_GCC_541\Debug/tsk_Timer.lst -g -D DEBUG -D CY_CORE_ID=0 -Wall -ffunction-sections -ffat-lto-objects -Og -c source\asw\tsk_Timer.c -o .\CortexM3\ARM_GCC_541\Debug\tsk_Timer.o
arm-none-eabi-gcc.exe -mcpu=cortex-m3 -mthumb -I.\source\asw -I.\source\bsw -I. -IGenerated_Source\PSoC5 -Wa,-alh=.\CortexM3\ARM_GCC_541\Debug/tsk_Init.lst -g -D DEBUG -D CY_CORE_ID=0 -Wall -ffunction-sections -ffat-lto-objects -Og -c source\asw\tsk_Init.c -o .\CortexM3\ARM_GCC_541\Debug\tsk_Init.o
arm-none-eabi-gcc.exe -mcpu=cortex-m3 -mthumb -I.\source\asw -I.\source\bsw -I. -IGenerated_Source\PSoC5 -Wa,-alh=.\CortexM3\ARM_GCC_541\Debug/tsk_ReactionGame.lst -g -D DEBUG -D CY_CORE_ID=0 -Wall -ffunction-sections -ffat-lto-objects -Og -c source\asw\tsk_ReactionGame.c -o .\CortexM3\ARM_GCC_541\Debug\tsk_ReactionGame.o
arm-none-eabi-gcc.exe -mcpu=cortex-m3 -mthumb -I.\source\asw -I.\source\bsw -I. -IGenerated_Source\PSoC5 -Wa,-alh=.\CortexM3\ARM_GCC_541\Debug/signal_handler.lst -g -D DEBUG -D CY_CORE_ID=0 -Wall -ffunction-sections -ffat-lto-objects -Og -c source\asw\signal_handler.c -o .\CortexM3\ARM_GCC_541\Debug\signal_handler.o
arm-none-eabi-gcc.exe -mcpu=cortex-m3 -mthumb -I.\source\asw -I.\source\bsw -I. -IGenerated_Source\PSoC5 -Wa,-alh=.\CortexM3\ARM_GCC_541\Debug/console.lst -g -D DEBUG -D CY_CORE_ID=0 -Wall -ffunction-sections -ffat-lto-objects -Og -c source\bsw\console.c -o .\CortexM3\ARM_GCC_541\Debug\console.o
arm-none-eabi-gcc.exe -mcpu=cortex-m3 -mthumb -I.\source\asw -I.\source\bsw -I. -IGenerated_Source\PSoC5 -Wa,-alh=.\CortexM3\ARM_GCC_541\Debug/button.lst -g -D DEBUG -D CY_CORE_ID=0 -Wall -ffunction-sections -ffat-lto-objects -Og -c source\bsw\button.c -o .\CortexM3\ARM_GCC_541\Debug\button.o
arm-none-eabi-gcc.exe -mcpu=cortex-m3 -mthumb -I.\source\asw -I.\source\bsw -I. -IGenerated_Source\PSoC5 -Wa,-alh=.\CortexM3\ARM_GCC_541\Debug/seven.lst -g -D DEBUG -D CY_CORE_ID=0 -Wall -ffunction-sections -ffat-lto-objects -Og -c source\bsw\seven.c -o .\CortexM3\ARM_GCC_541\Debug\seven.o
arm-none-eabi-gcc.exe -mcpu=cortex-m3 -mthumb -I.\source\asw -I.\source\bsw -I. -IGenerated_Source\PSoC5 -Wa,-alh=.\CortexM3\ARM_GCC_541\Debug/cyfitter_cfg.lst -g -D DEBUG -D CY_CORE_ID=0 -Wall -ffunction-sections -ffat-lto-objects -Og -c Generated_Source\PSoC5\cyfitter_cfg.c -o .\CortexM3\ARM_GCC_541\Debug\cyfitter_cfg.o
arm-none-eabi-gcc.exe -mcpu=cortex-m3 -mthumb -I.\source\asw -I.\source\bsw -I. -IGenerated_Source\PSoC5 -Wa,-alh=.\CortexM3\ARM_GCC_541\Debug/cymetadata.lst -g -D DEBUG -D CY_CORE_ID=0 -Wall -ffunction-sections -ffat-lto-objects -Og -c Generated_Source\PSoC5\cymetadata.c -o .\CortexM3\ARM_GCC_541\Debug\cymetadata.o
arm-none-eabi-gcc.exe -mcpu=cortex-m3 -mthumb -I.\source\asw -I.\source\bsw -I. -IGenerated_Source\PSoC5 -Wa,-alh=.\CortexM3\ARM_GCC_541\Debug/ErikaOS_ee_activate.lst -g -D DEBUG -D CY_CORE_ID=0 -Wall -ffunction-sections -ffat-lto-objects -Og -c Generated_Source\PSoC5\ErikaOS_ee_activate.c -o .\CortexM3\ARM_GCC_541\Debug\ErikaOS_ee_activate.o
arm-none-eabi-gcc.exe -mcpu=cortex-m3 -mthumb -I.\source\asw -I.\source\bsw -I. -IGenerated_Source\PSoC5 -Wa,-alh=.\CortexM3\ARM_GCC_541\Debug/ErikaOS_ee_alcancel.lst -g -D DEBUG -D CY_CORE_ID=0 -Wall -ffunction-sections -ffat-lto-objects -Og -c Generated_Source\PSoC5\ErikaOS_ee_alcancel.c -o .\CortexM3\ARM_GCC_541\Debug\ErikaOS_ee_alcancel.o
arm-none-eabi-gcc.exe -mcpu=cortex-m3 -mthumb -I.\source\asw -I.\source\bsw -I. -IGenerated_Source\PSoC5 -Wa,-alh=.\CortexM3\ARM_GCC_541\Debug/ErikaOS_ee_alget.lst -g -D DEBUG -D CY_CORE_ID=0 -Wall -ffunction-sections -ffat-lto-objects -Og -c Generated_Source\PSoC5\ErikaOS_ee_alget.c -o .\CortexM3\ARM_GCC_541\Debug\ErikaOS_ee_alget.o
arm-none-eabi-gcc.exe -mcpu=cortex-m3 -mthumb -I.\source\asw -I.\source\bsw -I. -IGenerated_Source\PSoC5 -Wa,-alh=.\CortexM3\ARM_GCC_541\Debug/ErikaOS_ee_algetbase.lst -g -D DEBUG -D CY_CORE_ID=0 -Wall -ffunction-sections -ffat-lto-objects -Og -c Generated_Source\PSoC5\ErikaOS_ee_algetbase.c -o .\CortexM3\ARM_GCC_541\Debug\ErikaOS_ee_algetbase.o
arm-none-eabi-gcc.exe -mcpu=cortex-m3 -mthumb -I.\source\asw -I.\source\bsw -I. -IGenerated_Source\PSoC5 -Wa,-alh=.\CortexM3\ARM_GCC_541\Debug/ErikaOS_ee_alsetabs.lst -g -D DEBUG -D CY_CORE_ID=0 -Wall -ffunction-sections -ffat-lto-objects -Og -c Generated_Source\PSoC5\ErikaOS_ee_alsetabs.c -o .\CortexM3\ARM_GCC_541\Debug\ErikaOS_ee_alsetabs.o
arm-none-eabi-gcc.exe -mcpu=cortex-m3 -mthumb -I.\source\asw -I.\source\bsw -I. -IGenerated_Source\PSoC5 -Wa,-alh=.\CortexM3\ARM_GCC_541\Debug/ErikaOS_ee_alsetrel.lst -g -D DEBUG -D CY_CORE_ID=0 -Wall -ffunction-sections -ffat-lto-objects -Og -c Generated_Source\PSoC5\ErikaOS_ee_alsetrel.c -o .\CortexM3\ARM_GCC_541\Debug\ErikaOS_ee_alsetrel.o
arm-none-eabi-gcc.exe -mcpu=cortex-m3 -mthumb -I.\source\asw -I.\source\bsw -I. -IGenerated_Source\PSoC5 -Wa,-alh=.\CortexM3\ARM_GCC_541\Debug/ErikaOS_ee_altick.lst -g -D DEBUG -D CY_CORE_ID=0 -Wall -ffunction-sections -ffat-lto-objects -Og -c Generated_Source\PSoC5\ErikaOS_ee_altick.c -o .\CortexM3\ARM_GCC_541\Debug\ErikaOS_ee_altick.o
arm-none-eabi-gcc.exe -mcpu=cortex-m3 -mthumb -I.\source\asw -I.\source\bsw -I. -IGenerated_Source\PSoC5 -Wa,-alh=.\CortexM3\ARM_GCC_541\Debug/ErikaOS_ee_chaintas.lst -g -D DEBUG -D CY_CORE_ID=0 -Wall -ffunction-sections -ffat-lto-objects -Og -c Generated_Source\PSoC5\ErikaOS_ee_chaintas.c -o .\CortexM3\ARM_GCC_541\Debug\ErikaOS_ee_chaintas.o
arm-none-eabi-gcc.exe -mcpu=cortex-m3 -mthumb -I.\source\asw -I.\source\bsw -I. -IGenerated_Source\PSoC5 -Wa,-alh=.\CortexM3\ARM_GCC_541\Debug/ErikaOS_ee_evclear.lst -g -D DEBUG -D CY_CORE_ID=0 -Wall -ffunction-sections -ffat-lto-objects -Og -c Generated_Source\PSoC5\ErikaOS_ee_evclear.c -o .\CortexM3\ARM_GCC_541\Debug\ErikaOS_ee_evclear.o
arm-none-eabi-gcc.exe -mcpu=cortex-m3 -mthumb -I.\source\asw -I.\source\bsw -I. -IGenerated_Source\PSoC5 -Wa,-alh=.\CortexM3\ARM_GCC_541\Debug/ErikaOS_ee_evget.lst -g -D DEBUG -D CY_CORE_ID=0 -Wall -ffunction-sections -ffat-lto-objects -Og -c Generated_Source\PSoC5\ErikaOS_ee_evget.c -o .\CortexM3\ARM_GCC_541\Debug\ErikaOS_ee_evget.o
arm-none-eabi-gcc.exe -mcpu=cortex-m3 -mthumb -I.\source\asw -I.\source\bsw -I. -IGenerated_Source\PSoC5 -Wa,-alh=.\CortexM3\ARM_GCC_541\Debug/ErikaOS_ee_evset.lst -g -D DEBUG -D CY_CORE_ID=0 -Wall -ffunction-sections -ffat-lto-objects -Og -c Generated_Source\PSoC5\ErikaOS_ee_evset.c -o .\CortexM3\ARM_GCC_541\Debug\ErikaOS_ee_evset.o
arm-none-eabi-gcc.exe -mcpu=cortex-m3 -mthumb -I.\source\asw -I.\source\bsw -I. -IGenerated_Source\PSoC5 -Wa,-alh=.\CortexM3\ARM_GCC_541\Debug/ErikaOS_ee_evwait.lst -g -D DEBUG -D CY_CORE_ID=0 -Wall -ffunction-sections -ffat-lto-objects -Og -c Generated_Source\PSoC5\ErikaOS_ee_evwait.c -o .\CortexM3\ARM_GCC_541\Debug\ErikaOS_ee_evwait.o
arm-none-eabi-gcc.exe -mcpu=cortex-m3 -mthumb -I.\source\asw -I.\source\bsw -I. -IGenerated_Source\PSoC5 -Wa,-alh=.\CortexM3\ARM_GCC_541\Debug/ErikaOS_ee_force_schedule.lst -g -D DEBUG -D CY_CORE_ID=0 -Wall -ffunction-sections -ffat-lto-objects -Og -c Generated_Source\PSoC5\ErikaOS_ee_force_schedule.c -o .\CortexM3\ARM_GCC_541\Debug\ErikaOS_ee_force_schedule.o
arm-none-eabi-gcc.exe -mcpu=cortex-m3 -mthumb -I.\source\asw -I.\source\bsw -I. -IGenerated_Source\PSoC5 -Wa,-alh=.\CortexM3\ARM_GCC_541\Debug/ErikaOS_ee_getcountervalue.lst -g -D DEBUG -D CY_CORE_ID=0 -Wall -ffunction-sections -ffat-lto-objects -Og -c Generated_Source\PSoC5\ErikaOS_ee_getcountervalue.c -o .\CortexM3\ARM_GCC_541\Debug\ErikaOS_ee_getcountervalue.o
arm-none-eabi-gcc.exe -mcpu=cortex-m3 -mthumb -I.\source\asw -I.\source\bsw -I. -IGenerated_Source\PSoC5 -Wa,-alh=.\CortexM3\ARM_GCC_541\Debug/ErikaOS_ee_getelapsedvalue.lst -g -D DEBUG -D CY_CORE_ID=0 -Wall -ffunction-sections -ffat-lto-objects -Og -c Generated_Source\PSoC5\ErikaOS_ee_getelapsedvalue.c -o .\CortexM3\ARM_GCC_541\Debug\ErikaOS_ee_getelapsedvalue.o
arm-none-eabi-gcc.exe -mcpu=cortex-m3 -mthumb -I.\source\asw -I.\source\bsw -I. -IGenerated_Source\PSoC5 -Wa,-alh=.\CortexM3\ARM_GCC_541\Debug/ErikaOS_ee_gettaskid.lst -g -D DEBUG -D CY_CORE_ID=0 -Wall -ffunction-sections -ffat-lto-objects -Og -c Generated_Source\PSoC5\ErikaOS_ee_gettaskid.c -o .\CortexM3\ARM_GCC_541\Debug\ErikaOS_ee_gettaskid.o
arm-none-eabi-gcc.exe -mcpu=cortex-m3 -mthumb -I.\source\asw -I.\source\bsw -I. -IGenerated_Source\PSoC5 -Wa,-alh=.\CortexM3\ARM_GCC_541\Debug/ErikaOS_ee_gettaskstate.lst -g -D DEBUG -D CY_CORE_ID=0 -Wall -ffunction-sections -ffat-lto-objects -Og -c Generated_Source\PSoC5\ErikaOS_ee_gettaskstate.c -o .\CortexM3\ARM_GCC_541\Debug\ErikaOS_ee_gettaskstate.o
arm-none-eabi-gcc.exe -mcpu=cortex-m3 -mthumb -I.\source\asw -I.\source\bsw -I. -IGenerated_Source\PSoC5 -Wa,-alh=.\CortexM3\ARM_GCC_541\Debug/ErikaOS_ee_iparam.lst -g -D DEBUG -D CY_CORE_ID=0 -Wall -ffunction-sections -ffat-lto-objects -Og -c Generated_Source\PSoC5\ErikaOS_ee_iparam.c -o .\CortexM3\ARM_GCC_541\Debug\ErikaOS_ee_iparam.o
arm-none-eabi-gcc.exe -mcpu=cortex-m3 -mthumb -I.\source\asw -I.\source\bsw -I. -IGenerated_Source\PSoC5 -Wa,-alh=.\CortexM3\ARM_GCC_541\Debug/ErikaOS_ee_irqendin.lst -g -D DEBUG -D CY_CORE_ID=0 -Wall -ffunction-sections -ffat-lto-objects -Og -c Generated_Source\PSoC5\ErikaOS_ee_irqendin.c -o .\CortexM3\ARM_GCC_541\Debug\ErikaOS_ee_irqendin.o
arm-none-eabi-gcc.exe -mcpu=cortex-m3 -mthumb -I.\source\asw -I.\source\bsw -I. -IGenerated_Source\PSoC5 -Wa,-alh=.\CortexM3\ARM_GCC_541\Debug/ErikaOS_ee_lockres.lst -g -D DEBUG -D CY_CORE_ID=0 -Wall -ffunction-sections -ffat-lto-objects -Og -c Generated_Source\PSoC5\ErikaOS_ee_lockres.c -o .\CortexM3\ARM_GCC_541\Debug\ErikaOS_ee_lockres.o
arm-none-eabi-gcc.exe -mcpu=cortex-m3 -mthumb -I.\source\asw -I.\source\bsw -I. -IGenerated_Source\PSoC5 -Wa,-alh=.\CortexM3\ARM_GCC_541\Debug/ErikaOS_ee_lookup.lst -g -D DEBUG -D CY_CORE_ID=0 -Wall -ffunction-sections -ffat-lto-objects -Og -c Generated_Source\PSoC5\ErikaOS_ee_lookup.c -o .\CortexM3\ARM_GCC_541\Debug\ErikaOS_ee_lookup.o
arm-none-eabi-gcc.exe -mcpu=cortex-m3 -mthumb -I.\source\asw -I.\source\bsw -I. -IGenerated_Source\PSoC5 -Wa,-alh=.\CortexM3\ARM_GCC_541\Debug/ErikaOS_ee_rq_exchg.lst -g -D DEBUG -D CY_CORE_ID=0 -Wall -ffunction-sections -ffat-lto-objects -Og -c Generated_Source\PSoC5\ErikaOS_ee_rq_exchg.c -o .\CortexM3\ARM_GCC_541\Debug\ErikaOS_ee_rq_exchg.o
arm-none-eabi-gcc.exe -mcpu=cortex-m3 -mthumb -I.\source\asw -I.\source\bsw -I. -IGenerated_Source\PSoC5 -Wa,-alh=.\CortexM3\ARM_GCC_541\Debug/ErikaOS_ee_rq_first.lst -g -D DEBUG -D CY_CORE_ID=0 -Wall -ffunction-sections -ffat-lto-objects -Og -c Generated_Source\PSoC5\ErikaOS_ee_rq_first.c -o .\CortexM3\ARM_GCC_541\Debug\ErikaOS_ee_rq_first.o
arm-none-eabi-gcc.exe -mcpu=cortex-m3 -mthumb -I.\source\asw -I.\source\bsw -I. -IGenerated_Source\PSoC5 -Wa,-alh=.\CortexM3\ARM_GCC_541\Debug/ErikaOS_ee_rq_inser.lst -g -D DEBUG -D CY_CORE_ID=0 -Wall -ffunction-sections -ffat-lto-objects -Og -c Generated_Source\PSoC5\ErikaOS_ee_rq_inser.c -o .\CortexM3\ARM_GCC_541\Debug\ErikaOS_ee_rq_inser.o
arm-none-eabi-gcc.exe -mcpu=cortex-m3 -mthumb -I.\source\asw -I.\source\bsw -I. -IGenerated_Source\PSoC5 -Wa,-alh=.\CortexM3\ARM_GCC_541\Debug/ErikaOS_ee_schedule.lst -g -D DEBUG -D CY_CORE_ID=0 -Wall -ffunction-sections -ffat-lto-objects -Og -c Generated_Source\PSoC5\ErikaOS_ee_schedule.c -o .\CortexM3\ARM_GCC_541\Debug\ErikaOS_ee_schedule.o
arm-none-eabi-gcc.exe -mcpu=cortex-m3 -mthumb -I.\source\asw -I.\source\bsw -I. -IGenerated_Source\PSoC5 -Wa,-alh=.\CortexM3\ARM_GCC_541\Debug/ErikaOS_ee_semgetvalue.lst -g -D DEBUG -D CY_CORE_ID=0 -Wall -ffunction-sections -ffat-lto-objects -Og -c Generated_Source\PSoC5\ErikaOS_ee_semgetvalue.c -o .\CortexM3\ARM_GCC_541\Debug\ErikaOS_ee_semgetvalue.o
arm-none-eabi-gcc.exe -mcpu=cortex-m3 -mthumb -I.\source\asw -I.\source\bsw -I. -IGenerated_Source\PSoC5 -Wa,-alh=.\CortexM3\ARM_GCC_541\Debug/ErikaOS_ee_sempost.lst -g -D DEBUG -D CY_CORE_ID=0 -Wall -ffunction-sections -ffat-lto-objects -Og -c Generated_Source\PSoC5\ErikaOS_ee_sempost.c -o .\CortexM3\ARM_GCC_541\Debug\ErikaOS_ee_sempost.o
arm-none-eabi-gcc.exe -mcpu=cortex-m3 -mthumb -I.\source\asw -I.\source\bsw -I. -IGenerated_Source\PSoC5 -Wa,-alh=.\CortexM3\ARM_GCC_541\Debug/ErikaOS_ee_semtrywait.lst -g -D DEBUG -D CY_CORE_ID=0 -Wall -ffunction-sections -ffat-lto-objects -Og -c Generated_Source\PSoC5\ErikaOS_ee_semtrywait.c -o .\CortexM3\ARM_GCC_541\Debug\ErikaOS_ee_semtrywait.o
arm-none-eabi-gcc.exe -mcpu=cortex-m3 -mthumb -I.\source\asw -I.\source\bsw -I. -IGenerated_Source\PSoC5 -Wa,-alh=.\CortexM3\ARM_GCC_541\Debug/ErikaOS_ee_semwait.lst -g -D DEBUG -D CY_CORE_ID=0 -Wall -ffunction-sections -ffat-lto-objects -Og -c Generated_Source\PSoC5\ErikaOS_ee_semwait.c -o .\CortexM3\ARM_GCC_541\Debug\ErikaOS_ee_semwait.o
arm-none-eabi-gcc.exe -mcpu=cortex-m3 -mthumb -I.\source\asw -I.\source\bsw -I. -IGenerated_Source\PSoC5 -Wa,-alh=.\CortexM3\ARM_GCC_541\Debug/ErikaOS_ee_shtdown.lst -g -D DEBUG -D CY_CORE_ID=0 -Wall -ffunction-sections -ffat-lto-objects -Og -c Generated_Source\PSoC5\ErikaOS_ee_shtdown.c -o .\CortexM3\ARM_GCC_541\Debug\ErikaOS_ee_shtdown.o
arm-none-eabi-gcc.exe -mcpu=cortex-m3 -mthumb -I.\source\asw -I.\source\bsw -I. -IGenerated_Source\PSoC5 -Wa,-alh=.\CortexM3\ARM_GCC_541\Debug/ErikaOS_ee_startos.lst -g -D DEBUG -D CY_CORE_ID=0 -Wall -ffunction-sections -ffat-lto-objects -Og -c Generated_Source\PSoC5\ErikaOS_ee_startos.c -o .\CortexM3\ARM_GCC_541\Debug\ErikaOS_ee_startos.o
In file included from Generated_Source\PSoC5\ErikaOS_ee_startos.c:304:0:
Generated_Source\PSoC5\ErikaOS_ee_startos.c: In function 'EE_oo_StartOS':
Generated_Source\PSoC5\CyLib.h:59:15: warning: unused variable 'cydelay_32k_ms' [-Wunused-variable]
 extern uint32 cydelay_32k_ms;
               ^
Generated_Source\PSoC5\CyLib.h:58:15: warning: unused variable 'cydelay_freq_mhz' [-Wunused-variable]
 extern uint8  cydelay_freq_mhz;
               ^
Generated_Source\PSoC5\CyLib.h:57:15: warning: unused variable 'cydelay_freq_khz' [-Wunused-variable]
 extern uint32 cydelay_freq_khz;
               ^
Generated_Source\PSoC5\CyLib.h:56:15: warning: unused variable 'cydelay_freq_hz' [-Wunused-variable]
 extern uint32 cydelay_freq_hz;
               ^
Generated_Source\PSoC5\CyLib.h:44:22: warning: unused variable 'CyResetStatus' [-Wunused-variable]
 extern uint8 CYXDATA CyResetStatus;
                      ^
In file included from Generated_Source\PSoC5\cyPm.h:25:0,
                 from Generated_Source\PSoC5\CyLib.h:29,
                 from Generated_Source\PSoC5\ErikaOS_ee_startos.c:304:
Generated_Source\PSoC5\CyFlash.h:28:14: warning: unused variable 'dieTemperature' [-Wunused-variable]
 extern uint8 dieTemperature[CY_FLASH_DIE_TEMP_DATA_SIZE];
              ^
In file included from Generated_Source\PSoC5\CyFlash.h:24:0,
                 from Generated_Source\PSoC5\cyPm.h:25,
                 from Generated_Source\PSoC5\CyLib.h:29,
                 from Generated_Source\PSoC5\ErikaOS_ee_startos.c:304:
Generated_Source\PSoC5\CySpc.h:28:14: warning: unused variable 'SpcLockState' [-Wunused-variable]
 extern uint8 SpcLockState;
              ^
In file included from Generated_Source\PSoC5\CyLib.h:26:0,
                 from Generated_Source\PSoC5\ErikaOS_ee_startos.c:304:
arm-none-eabi-gcc.exe -mcpu=cortex-m3 -mthumb -I.\source\asw -I.\source\bsw -I. -IGenerated_Source\PSoC5 -Wa,-alh=.\CortexM3\ARM_GCC_541\Debug/ErikaOS_ee_terminat.lst -g -D DEBUG -D CY_CORE_ID=0 -Wall -ffunction-sections -ffat-lto-objects -Og -c Generated_Source\PSoC5\ErikaOS_ee_terminat.c -o .\CortexM3\ARM_GCC_541\Debug\ErikaOS_ee_terminat.o
Generated_Source\PSoC5\cytypes.h:487:25: warning: typedef 'int8' locally defined but not used [-Wunused-local-typedefs]
 typedef signed   char   int8;
                         ^
Generated_Source\PSoC5\cytypes.h:488:25: warning: typedef 'int16' locally defined but not used [-Wunused-local-typedefs]
 typedef signed   short  int16;
                         ^
Generated_Source\PSoC5\cytypes.h:489:25: warning: typedef 'int32' locally defined but not used [-Wunused-local-typedefs]
 typedef signed   long   int32;
                         ^
Generated_Source\PSoC5\cytypes.h:490:25: warning: typedef 'float32' locally defined but not used [-Wunused-local-typedefs]
 typedef          float  float32;
                         ^
Generated_Source\PSoC5\cytypes.h:494:34: warning: typedef 'float64' locally defined but not used [-Wunused-local-typedefs]
     typedef               double float64;
                                  ^
Generated_Source\PSoC5\cytypes.h:495:34: warning: typedef 'int64' locally defined but not used [-Wunused-local-typedefs]
     typedef          long long   int64;
                                  ^
Generated_Source\PSoC5\cytypes.h:496:34: warning: typedef 'uint64' locally defined but not used [-Wunused-local-typedefs]
     typedef unsigned long long   uint64;
                                  ^
arm-none-eabi-gcc.exe -mcpu=cortex-m3 -mthumb -I.\source\asw -I.\source\bsw -I. -IGenerated_Source\PSoC5 -Wa,-alh=.\CortexM3\ARM_GCC_541\Debug/ErikaOS_ee_thendin.lst -g -D DEBUG -D CY_CORE_ID=0 -Wall -ffunction-sections -ffat-lto-objects -Og -c Generated_Source\PSoC5\ErikaOS_ee_thendin.c -o .\CortexM3\ARM_GCC_541\Debug\ErikaOS_ee_thendin.o
Generated_Source\PSoC5\cytypes.h:501:25: warning: typedef 'char8' locally defined but not used [-Wunused-local-typedefs]
 typedef          char   char8;
                         ^
Generated_Source\PSoC5\cytypes.h:654:33: warning: typedef 'reg8' locally defined but not used [-Wunused-local-typedefs]
 typedef volatile uint8  CYXDATA reg8;
                                 ^
Generated_Source\PSoC5\cytypes.h:655:33: warning: typedef 'reg16' locally defined but not used [-Wunused-local-typedefs]
 typedef volatile uint16 CYXDATA reg16;
                                 ^
Generated_Source\PSoC5\cytypes.h:656:33: warning: typedef 'reg32' locally defined but not used [-Wunused-local-typedefs]
 typedef volatile uint32 CYXDATA reg32;
                                 ^
In file included from Generated_Source\PSoC5\CyLib.h:29:0,
                 from Generated_Source\PSoC5\ErikaOS_ee_startos.c:304:
arm-none-eabi-gcc.exe -mcpu=cortex-m3 -mthumb -I.\source\asw -I.\source\bsw -I. -IGenerated_Source\PSoC5 -Wa,-alh=.\CortexM3\ARM_GCC_541\Debug/ErikaOS_ee_tnterm.lst -g -D DEBUG -D CY_CORE_ID=0 -Wall -ffunction-sections -ffat-lto-objects -Og -c Generated_Source\PSoC5\ErikaOS_ee_tnterm.c -o .\CortexM3\ARM_GCC_541\Debug\ErikaOS_ee_tnterm.o
Generated_Source\PSoC5\cyPm.h:267:3: warning: typedef 'CY_PM_CLOCK_BACKUP_STRUCT' locally defined but not used [-Wunused-local-typedefs]
 } CY_PM_CLOCK_BACKUP_STRUCT;
   ^
Generated_Source\PSoC5\cyPm.h:315:3: warning: typedef 'CY_PM_BACKUP_STRUCT' locally defined but not used [-Wunused-local-typedefs]
 } CY_PM_BACKUP_STRUCT;
   ^
arm-none-eabi-gcc.exe -mcpu=cortex-m3 -mthumb -I.\source\asw -I.\source\bsw -I. -IGenerated_Source\PSoC5 -Wa,-alh=.\CortexM3\ARM_GCC_541\Debug/ErikaOS_ee_tstub.lst -g -D DEBUG -D CY_CORE_ID=0 -Wall -ffunction-sections -ffat-lto-objects -Og -c Generated_Source\PSoC5\ErikaOS_ee_tstub.c -o .\CortexM3\ARM_GCC_541\Debug\ErikaOS_ee_tstub.o
arm-none-eabi-gcc.exe -mcpu=cortex-m3 -mthumb -I.\source\asw -I.\source\bsw -I. -IGenerated_Source\PSoC5 -Wa,-alh=.\CortexM3\ARM_GCC_541\Debug/ErikaOS_ee_ulockallres.lst -g -D DEBUG -D CY_CORE_ID=0 -Wall -ffunction-sections -ffat-lto-objects -Og -c Generated_Source\PSoC5\ErikaOS_ee_ulockallres.c -o .\CortexM3\ARM_GCC_541\Debug\ErikaOS_ee_ulockallres.o
arm-none-eabi-gcc.exe -mcpu=cortex-m3 -mthumb -I.\source\asw -I.\source\bsw -I. -IGenerated_Source\PSoC5 -Wa,-alh=.\CortexM3\ARM_GCC_541\Debug/ErikaOS_ee_ulockres.lst -g -D DEBUG -D CY_CORE_ID=0 -Wall -ffunction-sections -ffat-lto-objects -Og -c Generated_Source\PSoC5\ErikaOS_ee_ulockres.c -o .\CortexM3\ARM_GCC_541\Debug\ErikaOS_ee_ulockres.o
arm-none-eabi-gcc.exe -mcpu=cortex-m3 -mthumb -I.\source\asw -I.\source\bsw -I. -IGenerated_Source\PSoC5 -Wa,-alh=.\CortexM3\ARM_GCC_541\Debug/ErikaOS_cortex_mx_ee_context.lst -g -D DEBUG -D CY_CORE_ID=0 -Wall -ffunction-sections -ffat-lto-objects -Og -c Generated_Source\PSoC5\ErikaOS_cortex_mx_ee_context.c -o .\CortexM3\ARM_GCC_541\Debug\ErikaOS_cortex_mx_ee_context.o
arm-none-eabi-gcc.exe -mcpu=cortex-m3 -mthumb -I.\source\asw -I.\source\bsw -I. -IGenerated_Source\PSoC5 -Wa,-alh=.\CortexM3\ARM_GCC_541\Debug/ErikaOS_cortex_mx_ee_system_timer.lst -g -D DEBUG -D CY_CORE_ID=0 -Wall -ffunction-sections -ffat-lto-objects -Og -c Generated_Source\PSoC5\ErikaOS_cortex_mx_ee_system_timer.c -o .\CortexM3\ARM_GCC_541\Debug\ErikaOS_cortex_mx_ee_system_timer.o
arm-none-eabi-gcc.exe -mcpu=cortex-m3 -mthumb -I.\source\asw -I.\source\bsw -I. -IGenerated_Source\PSoC5 -Wa,-alh=.\CortexM3\ARM_GCC_541\Debug/ErikaOS_cortex_mx_ee_utils.lst -g -D DEBUG -D CY_CORE_ID=0 -Wall -ffunction-sections -ffat-lto-objects -Og -c Generated_Source\PSoC5\ErikaOS_cortex_mx_ee_utils.c -o .\CortexM3\ARM_GCC_541\Debug\ErikaOS_cortex_mx_ee_utils.o
arm-none-eabi-gcc.exe -mcpu=cortex-m3 -mthumb -I.\source\asw -I.\source\bsw -I. -IGenerated_Source\PSoC5 -Wa,-alh=.\CortexM3\ARM_GCC_541\Debug/ErikaOS_common_ee_hal_structs.lst -g -D DEBUG -D CY_CORE_ID=0 -Wall -ffunction-sections -ffat-lto-objects -Og -c Generated_Source\PSoC5\ErikaOS_common_ee_hal_structs.c -o .\CortexM3\ARM_GCC_541\Debug\ErikaOS_common_ee_hal_structs.o
arm-none-eabi-gcc.exe -mcpu=cortex-m3 -mthumb -I.\source\asw -I.\source\bsw -I. -IGenerated_Source\PSoC5 -Wa,-alh=.\CortexM3\ARM_GCC_541\Debug/ErikaOS_eecfg.lst -g -D DEBUG -D CY_CORE_ID=0 -Wall -ffunction-sections -ffat-lto-objects -Og -c Generated_Source\PSoC5\ErikaOS_eecfg.c -o .\CortexM3\ARM_GCC_541\Debug\ErikaOS_eecfg.o
arm-none-eabi-gcc.exe -mcpu=cortex-m3 -mthumb -I.\source\asw -I.\source\bsw -I. -IGenerated_Source\PSoC5 -Wa,-alh=.\CortexM3\ARM_GCC_541\Debug/Cm3Start.lst -g -D DEBUG -D CY_CORE_ID=0 -Wall -ffunction-sections -ffat-lto-objects -Og -c Generated_Source\PSoC5\Cm3Start.c -o .\CortexM3\ARM_GCC_541\Debug\Cm3Start.o
Generated_Source\PSoC5\ErikaOS_eecfg.c:1604:62: warning: initialization from incompatible pointer type [-Wincompatible-pointer-types]
         { (EE_OO_AUTOSTART_TASK_MODE_OSDEFAULTAPPMODE_SIZE), EE_oo_autostart_task_mode_OSDEFAULTAPPMODE}
                                                              ^
Generated_Source\PSoC5\ErikaOS_eecfg.c:1604:62: note: (near initialization for 'EE_oo_autostart_task_data[0].task')
arm-none-eabi-gcc.exe -mcpu=cortex-m3 -mthumb -I.\source\asw -I.\source\bsw -I. -IGenerated_Source\PSoC5 -Wa,-alh=.\CortexM3\ARM_GCC_541\Debug/CyDmac.lst -g -D DEBUG -D CY_CORE_ID=0 -Wall -ffunction-sections -ffat-lto-objects -Og -c Generated_Source\PSoC5\CyDmac.c -o .\CortexM3\ARM_GCC_541\Debug\CyDmac.o
arm-none-eabi-gcc.exe -mcpu=cortex-m3 -mthumb -I.\source\asw -I.\source\bsw -I. -IGenerated_Source\PSoC5 -Wa,-alh=.\CortexM3\ARM_GCC_541\Debug/CyFlash.lst -g -D DEBUG -D CY_CORE_ID=0 -Wall -ffunction-sections -ffat-lto-objects -Og -c Generated_Source\PSoC5\CyFlash.c -o .\CortexM3\ARM_GCC_541\Debug\CyFlash.o
arm-none-eabi-gcc.exe -mcpu=cortex-m3 -mthumb -I.\source\asw -I.\source\bsw -I. -IGenerated_Source\PSoC5 -Wa,-alh=.\CortexM3\ARM_GCC_541\Debug/CyLib.lst -g -D DEBUG -D CY_CORE_ID=0 -Wall -ffunction-sections -ffat-lto-objects -Og -c Generated_Source\PSoC5\CyLib.c -o .\CortexM3\ARM_GCC_541\Debug\CyLib.o
arm-none-eabi-gcc.exe -mcpu=cortex-m3 -mthumb -I.\source\asw -I.\source\bsw -I. -IGenerated_Source\PSoC5 -Wa,-alh=.\CortexM3\ARM_GCC_541\Debug/cyPm.lst -g -D DEBUG -D CY_CORE_ID=0 -Wall -ffunction-sections -ffat-lto-objects -Og -c Generated_Source\PSoC5\cyPm.c -o .\CortexM3\ARM_GCC_541\Debug\cyPm.o
arm-none-eabi-gcc.exe -mcpu=cortex-m3 -mthumb -I.\source\asw -I.\source\bsw -I. -IGenerated_Source\PSoC5 -Wa,-alh=.\CortexM3\ARM_GCC_541\Debug/CySpc.lst -g -D DEBUG -D CY_CORE_ID=0 -Wall -ffunction-sections -ffat-lto-objects -Og -c Generated_Source\PSoC5\CySpc.c -o .\CortexM3\ARM_GCC_541\Debug\CySpc.o
arm-none-eabi-gcc.exe -mcpu=cortex-m3 -mthumb -I.\source\asw -I.\source\bsw -I. -IGenerated_Source\PSoC5 -Wa,-alh=.\CortexM3\ARM_GCC_541\Debug/cyutils.lst -g -D DEBUG -D CY_CORE_ID=0 -Wall -ffunction-sections -ffat-lto-objects -Og -c Generated_Source\PSoC5\cyutils.c -o .\CortexM3\ARM_GCC_541\Debug\cyutils.o
arm-none-eabi-gcc.exe -mcpu=cortex-m3 -mthumb -I.\source\asw -I.\source\bsw -I. -IGenerated_Source\PSoC5 -Wa,-alh=.\CortexM3\ARM_GCC_541\Debug/cy_em_eeprom.lst -g -D DEBUG -D CY_CORE_ID=0 -Wall -ffunction-sections -ffat-lto-objects -Og -c Generated_Source\PSoC5\cy_em_eeprom.c -o .\CortexM3\ARM_GCC_541\Debug\cy_em_eeprom.o
arm-none-eabi-gcc.exe -mcpu=cortex-m3 -mthumb -I.\source\asw -I.\source\bsw -I. -IGenerated_Source\PSoC5 -Wa,-alh=.\CortexM3\ARM_GCC_541\Debug/UART_LOG.lst -g -D DEBUG -D CY_CORE_ID=0 -Wall -ffunction-sections -ffat-lto-objects -Og -c Generated_Source\PSoC5\UART_LOG.c -o .\CortexM3\ARM_GCC_541\Debug\UART_LOG.o
arm-none-eabi-gcc.exe -mcpu=cortex-m3 -mthumb -I.\source\asw -I.\source\bsw -I. -IGenerated_Source\PSoC5 -Wa,-alh=.\CortexM3\ARM_GCC_541\Debug/UART_LOG_PM.lst -g -D DEBUG -D CY_CORE_ID=0 -Wall -ffunction-sections -ffat-lto-objects -Og -c Generated_Source\PSoC5\UART_LOG_PM.c -o .\CortexM3\ARM_GCC_541\Debug\UART_LOG_PM.o
arm-none-eabi-gcc.exe -mcpu=cortex-m3 -mthumb -I.\source\asw -I.\source\bsw -I. -IGenerated_Source\PSoC5 -Wa,-alh=.\CortexM3\ARM_GCC_541\Debug/UART_LOG_INT.lst -g -D DEBUG -D CY_CORE_ID=0 -Wall -ffunction-sections -ffat-lto-objects -Og -c Generated_Source\PSoC5\UART_LOG_INT.c -o .\CortexM3\ARM_GCC_541\Debug\UART_LOG_INT.o
arm-none-eabi-gcc.exe -mcpu=cortex-m3 -mthumb -I.\source\asw -I.\source\bsw -I. -IGenerated_Source\PSoC5 -Wa,-alh=.\CortexM3\ARM_GCC_541\Debug/UART_LOG_BOOT.lst -g -D DEBUG -D CY_CORE_ID=0 -Wall -ffunction-sections -ffat-lto-objects -Og -c Generated_Source\PSoC5\UART_LOG_BOOT.c -o .\CortexM3\ARM_GCC_541\Debug\UART_LOG_BOOT.o
arm-none-eabi-gcc.exe -mcpu=cortex-m3 -mthumb -I.\source\asw -I.\source\bsw -I. -IGenerated_Source\PSoC5 -Wa,-alh=.\CortexM3\ARM_GCC_541\Debug/UART_LOG_IntClock.lst -g -D DEBUG -D CY_CORE_ID=0 -Wall -ffunction-sections -ffat-lto-objects -Og -c Generated_Source\PSoC5\UART_LOG_IntClock.c -o .\CortexM3\ARM_GCC_541\Debug\UART_LOG_IntClock.o
arm-none-eabi-gcc.exe -mcpu=cortex-m3 -mthumb -I.\source\asw -I.\source\bsw -I. -IGenerated_Source\PSoC5 -Wa,-alh=.\CortexM3\ARM_GCC_541\Debug/isr_BUTTON.lst -g -D DEBUG -D CY_CORE_ID=0 -Wall -ffunction-sections -ffat-lto-objects -Og -c Generated_Source\PSoC5\isr_BUTTON.c -o .\CortexM3\ARM_GCC_541\Debug\isr_BUTTON.o
arm-none-eabi-gcc.exe -mcpu=cortex-m3 -mthumb -I.\source\asw -I.\source\bsw -I. -IGenerated_Source\PSoC5 -Wa,-alh=.\CortexM3\ARM_GCC_541\Debug/BUTTON_2.lst -g -D DEBUG -D CY_CORE_ID=0 -Wall -ffunction-sections -ffat-lto-objects -Og -c Generated_Source\PSoC5\BUTTON_2.c -o .\CortexM3\ARM_GCC_541\Debug\BUTTON_2.o
arm-none-eabi-gcc.exe -mcpu=cortex-m3 -mthumb -I.\source\asw -I.\source\bsw -I. -IGenerated_Source\PSoC5 -Wa,-alh=.\CortexM3\ARM_GCC_541\Debug/BUTTON_1.lst -g -D DEBUG -D CY_CORE_ID=0 -Wall -ffunction-sections -ffat-lto-objects -Og -c Generated_Source\PSoC5\BUTTON_1.c -o .\CortexM3\ARM_GCC_541\Debug\BUTTON_1.o
arm-none-eabi-gcc.exe -mcpu=cortex-m3 -mthumb -I.\source\asw -I.\source\bsw -I. -IGenerated_Source\PSoC5 -Wa,-alh=.\CortexM3\ARM_GCC_541\Debug/S7D_SegmentA.lst -g -D DEBUG -D CY_CORE_ID=0 -Wall -ffunction-sections -ffat-lto-objects -Og -c Generated_Source\PSoC5\S7D_SegmentA.c -o .\CortexM3\ARM_GCC_541\Debug\S7D_SegmentA.o
arm-none-eabi-gcc.exe -mcpu=cortex-m3 -mthumb -I.\source\asw -I.\source\bsw -I. -IGenerated_Source\PSoC5 -Wa,-alh=.\CortexM3\ARM_GCC_541\Debug/S7D_SegmentB.lst -g -D DEBUG -D CY_CORE_ID=0 -Wall -ffunction-sections -ffat-lto-objects -Og -c Generated_Source\PSoC5\S7D_SegmentB.c -o .\CortexM3\ARM_GCC_541\Debug\S7D_SegmentB.o
arm-none-eabi-gcc.exe -mcpu=cortex-m3 -mthumb -I.\source\asw -I.\source\bsw -I. -IGenerated_Source\PSoC5 -Wa,-alh=.\CortexM3\ARM_GCC_541\Debug/S7D_SegmentC.lst -g -D DEBUG -D CY_CORE_ID=0 -Wall -ffunction-sections -ffat-lto-objects -Og -c Generated_Source\PSoC5\S7D_SegmentC.c -o .\CortexM3\ARM_GCC_541\Debug\S7D_SegmentC.o
arm-none-eabi-gcc.exe -mcpu=cortex-m3 -mthumb -I.\source\asw -I.\source\bsw -I. -IGenerated_Source\PSoC5 -Wa,-alh=.\CortexM3\ARM_GCC_541\Debug/S7D_SegmentD.lst -g -D DEBUG -D CY_CORE_ID=0 -Wall -ffunction-sections -ffat-lto-objects -Og -c Generated_Source\PSoC5\S7D_SegmentD.c -o .\CortexM3\ARM_GCC_541\Debug\S7D_SegmentD.o
arm-none-eabi-gcc.exe -mcpu=cortex-m3 -mthumb -I.\source\asw -I.\source\bsw -I. -IGenerated_Source\PSoC5 -Wa,-alh=.\CortexM3\ARM_GCC_541\Debug/S7D_SegmentE.lst -g -D DEBUG -D CY_CORE_ID=0 -Wall -ffunction-sections -ffat-lto-objects -Og -c Generated_Source\PSoC5\S7D_SegmentE.c -o .\CortexM3\ARM_GCC_541\Debug\S7D_SegmentE.o
arm-none-eabi-gcc.exe -mcpu=cortex-m3 -mthumb -I.\source\asw -I.\source\bsw -I. -IGenerated_Source\PSoC5 -Wa,-alh=.\CortexM3\ARM_GCC_541\Debug/S7D_SegmentF.lst -g -D DEBUG -D CY_CORE_ID=0 -Wall -ffunction-sections -ffat-lto-objects -Og -c Generated_Source\PSoC5\S7D_SegmentF.c -o .\CortexM3\ARM_GCC_541\Debug\S7D_SegmentF.o
arm-none-eabi-gcc.exe -mcpu=cortex-m3 -mthumb -I.\source\asw -I.\source\bsw -I. -IGenerated_Source\PSoC5 -Wa,-alh=.\CortexM3\ARM_GCC_541\Debug/S7D_SegmentG.lst -g -D DEBUG -D CY_CORE_ID=0 -Wall -ffunction-sections -ffat-lto-objects -Og -c Generated_Source\PSoC5\S7D_SegmentG.c -o .\CortexM3\ARM_GCC_541\Debug\S7D_SegmentG.o
arm-none-eabi-gcc.exe -mcpu=cortex-m3 -mthumb -I.\source\asw -I.\source\bsw -I. -IGenerated_Source\PSoC5 -Wa,-alh=.\CortexM3\ARM_GCC_541\Debug/S7D_Select.lst -g -D DEBUG -D CY_CORE_ID=0 -Wall -ffunction-sections -ffat-lto-objects -Og -c Generated_Source\PSoC5\S7D_Select.c -o .\CortexM3\ARM_GCC_541\Debug\S7D_Select.o
arm-none-eabi-gcc.exe -mcpu=cortex-m3 -mthumb -I.\source\asw -I.\source\bsw -I. -IGenerated_Source\PSoC5 -Wa,-alh=.\CortexM3\ARM_GCC_541\Debug/S7D_Display.lst -g -D DEBUG -D CY_CORE_ID=0 -Wall -ffunction-sections -ffat-lto-objects -Og -c Generated_Source\PSoC5\S7D_Display.c -o .\CortexM3\ARM_GCC_541\Debug\S7D_Display.o
arm-none-eabi-gcc.exe -mcpu=cortex-m3 -mthumb -I.\source\asw -I.\source\bsw -I. -IGenerated_Source\PSoC5 -Wa,-alh=.\CortexM3\ARM_GCC_541\Debug/S7D_ControlReg.lst -g -D DEBUG -D CY_CORE_ID=0 -Wall -ffunction-sections -ffat-lto-objects -Og -c Generated_Source\PSoC5\S7D_ControlReg.c -o .\CortexM3\ARM_GCC_541\Debug\S7D_ControlReg.o
arm-none-eabi-gcc.exe -mcpu=cortex-m3 -mthumb -I.\source\asw -I.\source\bsw -I. -IGenerated_Source\PSoC5 -Wa,-alh=.\CortexM3\ARM_GCC_541\Debug/S7D_ControlReg_PM.lst -g -D DEBUG -D CY_CORE_ID=0 -Wall -ffunction-sections -ffat-lto-objects -Og -c Generated_Source\PSoC5\S7D_ControlReg_PM.c -o .\CortexM3\ARM_GCC_541\Debug\S7D_ControlReg_PM.o
arm-none-eabi-as.exe -mcpu=cortex-m3 -mthumb -I. -IGenerated_Source\PSoC5 -alh=.\CortexM3\ARM_GCC_541\Debug/ErikaOS_ee_gnu_change_context_isr.lst -g -W -o .\CortexM3\ARM_GCC_541\Debug\ErikaOS_ee_gnu_change_context_isr.o Generated_Source\PSoC5\ErikaOS_ee_gnu_change_context_isr.s
arm-none-eabi-as.exe -mcpu=cortex-m3 -mthumb -I. -IGenerated_Source\PSoC5 -alh=.\CortexM3\ARM_GCC_541\Debug/ErikaOS_ee_gnu_irq_stack.lst -g -W -o .\CortexM3\ARM_GCC_541\Debug\ErikaOS_ee_gnu_irq_stack.o Generated_Source\PSoC5\ErikaOS_ee_gnu_irq_stack.s
arm-none-eabi-as.exe -mcpu=cortex-m3 -mthumb -I. -IGenerated_Source\PSoC5 -alh=.\CortexM3\ARM_GCC_541\Debug/ErikaOS_ee_gnu_multi_context.lst -g -W -o .\CortexM3\ARM_GCC_541\Debug\ErikaOS_ee_gnu_multi_context.o Generated_Source\PSoC5\ErikaOS_ee_gnu_multi_context.s
arm-none-eabi-as.exe -mcpu=cortex-m3 -mthumb -I. -IGenerated_Source\PSoC5 -alh=.\CortexM3\ARM_GCC_541\Debug/ErikaOS_ee_gnu_oo.lst -g -W -o .\CortexM3\ARM_GCC_541\Debug\ErikaOS_ee_gnu_oo.o Generated_Source\PSoC5\ErikaOS_ee_gnu_oo.s
arm-none-eabi-as.exe -mcpu=cortex-m3 -mthumb -I. -IGenerated_Source\PSoC5 -alh=.\CortexM3\ARM_GCC_541\Debug/CyBootAsmGnu.lst -g -W -o .\CortexM3\ARM_GCC_541\Debug\CyBootAsmGnu.o Generated_Source\PSoC5\CyBootAsmGnu.s
arm-none-eabi-ar.exe -rs .\CortexM3\ARM_GCC_541\Debug\ReactionGame.a .\CortexM3\ARM_GCC_541\Debug\ErikaOS_ee_activate.o .\CortexM3\ARM_GCC_541\Debug\ErikaOS_ee_alcancel.o .\CortexM3\ARM_GCC_541\Debug\ErikaOS_ee_alget.o .\CortexM3\ARM_GCC_541\Debug\ErikaOS_ee_algetbase.o .\CortexM3\ARM_GCC_541\Debug\ErikaOS_ee_alsetabs.o .\CortexM3\ARM_GCC_541\Debug\ErikaOS_ee_alsetrel.o .\CortexM3\ARM_GCC_541\Debug\ErikaOS_ee_altick.o .\CortexM3\ARM_GCC_541\Debug\ErikaOS_ee_chaintas.o .\CortexM3\ARM_GCC_541\Debug\ErikaOS_ee_evclear.o .\CortexM3\ARM_GCC_541\Debug\ErikaOS_ee_evget.o .\CortexM3\ARM_GCC_541\Debug\ErikaOS_ee_evset.o .\CortexM3\ARM_GCC_541\Debug\ErikaOS_ee_evwait.o .\CortexM3\ARM_GCC_541\Debug\ErikaOS_ee_force_schedule.o .\CortexM3\ARM_GCC_541\Debug\ErikaOS_ee_getcountervalue.o .\CortexM3\ARM_GCC_541\Debug\ErikaOS_ee_getelapsedvalue.o .\CortexM3\ARM_GCC_541\Debug\ErikaOS_ee_gettaskid.o .\CortexM3\ARM_GCC_541\Debug\ErikaOS_ee_gettaskstate.o .\CortexM3\ARM_GCC_541\Debug\ErikaOS_ee_iparam.o .\CortexM3\ARM_GCC_541\Debug\ErikaOS_ee_irqendin.o .\CortexM3\ARM_GCC_541\Debug\ErikaOS_ee_lockres.o .\CortexM3\ARM_GCC_541\Debug\ErikaOS_ee_lookup.o .\CortexM3\ARM_GCC_541\Debug\ErikaOS_ee_rq_exchg.o .\CortexM3\ARM_GCC_541\Debug\ErikaOS_ee_rq_first.o .\CortexM3\ARM_GCC_541\Debug\ErikaOS_ee_rq_inser.o .\CortexM3\ARM_GCC_541\Debug\ErikaOS_ee_schedule.o .\CortexM3\ARM_GCC_541\Debug\ErikaOS_ee_semgetvalue.o .\CortexM3\ARM_GCC_541\Debug\ErikaOS_ee_sempost.o .\CortexM3\ARM_GCC_541\Debug\ErikaOS_ee_semtrywait.o .\CortexM3\ARM_GCC_541\Debug\ErikaOS_ee_semwait.o .\CortexM3\ARM_GCC_541\Debug\ErikaOS_ee_shtdown.o .\CortexM3\ARM_GCC_541\Debug\ErikaOS_ee_startos.o .\CortexM3\ARM_GCC_541\Debug\ErikaOS_ee_terminat.o .\CortexM3\ARM_GCC_541\Debug\ErikaOS_ee_thendin.o .\CortexM3\ARM_GCC_541\Debug\ErikaOS_ee_tnterm.o .\CortexM3\ARM_GCC_541\Debug\ErikaOS_ee_tstub.o .\CortexM3\ARM_GCC_541\Debug\ErikaOS_ee_ulockallres.o .\CortexM3\ARM_GCC_541\Debug\ErikaOS_ee_ulockres.o .\CortexM3\ARM_GCC_541\Debug\ErikaOS_cortex_mx_ee_context.o .\CortexM3\ARM_GCC_541\Debug\ErikaOS_cortex_mx_ee_system_timer.o .\CortexM3\ARM_GCC_541\Debug\ErikaOS_cortex_mx_ee_utils.o .\CortexM3\ARM_GCC_541\Debug\ErikaOS_common_ee_hal_structs.o .\CortexM3\ARM_GCC_541\Debug\ErikaOS_eecfg.o .\CortexM3\ARM_GCC_541\Debug\CyDmac.o .\CortexM3\ARM_GCC_541\Debug\CyFlash.o .\CortexM3\ARM_GCC_541\Debug\CyLib.o .\CortexM3\ARM_GCC_541\Debug\cyPm.o .\CortexM3\ARM_GCC_541\Debug\CySpc.o .\CortexM3\ARM_GCC_541\Debug\cyutils.o .\CortexM3\ARM_GCC_541\Debug\cy_em_eeprom.o .\CortexM3\ARM_GCC_541\Debug\UART_LOG.o .\CortexM3\ARM_GCC_541\Debug\UART_LOG_PM.o .\CortexM3\ARM_GCC_541\Debug\UART_LOG_INT.o .\CortexM3\ARM_GCC_541\Debug\UART_LOG_BOOT.o .\CortexM3\ARM_GCC_541\Debug\UART_LOG_IntClock.o .\CortexM3\ARM_GCC_541\Debug\isr_BUTTON.o .\CortexM3\ARM_GCC_541\Debug\BUTTON_2.o .\CortexM3\ARM_GCC_541\Debug\BUTTON_1.o .\CortexM3\ARM_GCC_541\Debug\S7D_SegmentA.o .\CortexM3\ARM_GCC_541\Debug\S7D_SegmentB.o .\CortexM3\ARM_GCC_541\Debug\S7D_SegmentC.o .\CortexM3\ARM_GCC_541\Debug\S7D_SegmentD.o .\CortexM3\ARM_GCC_541\Debug\S7D_SegmentE.o .\CortexM3\ARM_GCC_541\Debug\S7D_SegmentF.o .\CortexM3\ARM_GCC_541\Debug\S7D_SegmentG.o .\CortexM3\ARM_GCC_541\Debug\S7D_Select.o .\CortexM3\ARM_GCC_541\Debug\S7D_Display.o .\CortexM3\ARM_GCC_541\Debug\S7D_ControlReg.o .\CortexM3\ARM_GCC_541\Debug\S7D_ControlReg_PM.o .\CortexM3\ARM_GCC_541\Debug\ErikaOS_ee_gnu_change_context_isr.o .\CortexM3\ARM_GCC_541\Debug\ErikaOS_ee_gnu_irq_stack.o .\CortexM3\ARM_GCC_541\Debug\ErikaOS_ee_gnu_multi_context.o .\CortexM3\ARM_GCC_541\Debug\ErikaOS_ee_gnu_oo.o .\CortexM3\ARM_GCC_541\Debug\CyBootAsmGnu.o
arm-none-eabi-ar.exe: creating .\CortexM3\ARM_GCC_541\Debug\ReactionGame.a
arm-none-eabi-gcc.exe -Wl,--start-group -o "D:\HDA\1_sem\Embedded System Design\Lab\Assignment_1\ReactionGame_OS\ReactionGame.cydsn\CortexM3\ARM_GCC_541\Debug\ReactionGame.elf" .\CortexM3\ARM_GCC_541\Debug\main.o .\CortexM3\ARM_GCC_541\Debug\tsk_Timer.o .\CortexM3\ARM_GCC_541\Debug\tsk_Init.o .\CortexM3\ARM_GCC_541\Debug\tsk_ReactionGame.o .\CortexM3\ARM_GCC_541\Debug\signal_handler.o .\CortexM3\ARM_GCC_541\Debug\console.o .\CortexM3\ARM_GCC_541\Debug\button.o .\CortexM3\ARM_GCC_541\Debug\seven.o .\CortexM3\ARM_GCC_541\Debug\cyfitter_cfg.o .\CortexM3\ARM_GCC_541\Debug\cymetadata.o .\CortexM3\ARM_GCC_541\Debug\Cm3Start.o .\CortexM3\ARM_GCC_541\Debug\ReactionGame.a "D:\Installations\Cypress\PSoC Creator\4.2\PSoC Creator\psoc\content\cycomponentlibrary\CyComponentLibrary.cylib\CortexM3\ARM_GCC_541\Debug\CyComponentLibrary.a" -mcpu=cortex-m3 -mthumb -L Generated_Source\PSoC5 -Wl,-Map,.\CortexM3\ARM_GCC_541\Debug/ReactionGame.map -T Generated_Source\PSoC5\cm3gcc.ld -specs=nano.specs -Wl,--gc-sections -g -ffunction-sections -Og -ffat-lto-objects -Wl,--end-group
cyelftool.exe -C "D:\HDA\1_sem\Embedded System Design\Lab\Assignment_1\ReactionGame_OS\ReactionGame.cydsn\CortexM3\ARM_GCC_541\Debug\ReactionGame.elf" --flash_row_size 256 --flash_size 262144 --flash_offset 0x00000000
No ELF section .cychecksum found, creating one
Application checksum calculated and stored in ELF section .cychecksum
Checksum calculated and stored in ELF section .cymeta
cyelftool.exe -S "D:\HDA\1_sem\Embedded System Design\Lab\Assignment_1\ReactionGame_OS\ReactionGame.cydsn\CortexM3\ARM_GCC_541\Debug\ReactionGame.elf"
Flash used: 9048 of 262144 bytes (3.5%).
SRAM used: 3817 of 65536 bytes (5.8%). Stack: 2048 bytes. Heap: 128 bytes.
--------------- Rebuild Succeeded: 11/25/2018 01:53:56 ---------------
