ARM GAS  C:\Users\rbhar\AppData\Local\Temp\ccHriI6b.s 			page 1


   1              		.syntax unified
   2              		.cpu cortex-m3
   3              		.fpu softvfp
   4              		.eabi_attribute 20, 1
   5              		.eabi_attribute 21, 1
   6              		.eabi_attribute 23, 3
   7              		.eabi_attribute 24, 1
   8              		.eabi_attribute 25, 1
   9              		.eabi_attribute 26, 1
  10              		.eabi_attribute 30, 1
  11              		.eabi_attribute 34, 1
  12              		.eabi_attribute 18, 4
  13              		.thumb
  14              		.syntax unified
  15              		.file	"ISR_2.c"
  16              		.text
  17              	.Ltext0:
  18              		.cfi_sections	.debug_frame
  19              		.section	.text.ISR_2_Interrupt,"ax",%progbits
  20              		.align	2
  21              		.global	ISR_2_Interrupt
  22              		.thumb
  23              		.thumb_func
  24              		.type	ISR_2_Interrupt, %function
  25              	ISR_2_Interrupt:
  26              	.LFB3:
  27              		.file 1 "Generated_Source\\PSoC5\\ISR_2.c"
   1:Generated_Source\PSoC5/ISR_2.c **** /*******************************************************************************
   2:Generated_Source\PSoC5/ISR_2.c **** * File Name: ISR_2.c  
   3:Generated_Source\PSoC5/ISR_2.c **** * Version 1.70
   4:Generated_Source\PSoC5/ISR_2.c **** *
   5:Generated_Source\PSoC5/ISR_2.c **** *  Description:
   6:Generated_Source\PSoC5/ISR_2.c **** *   API for controlling the state of an interrupt.
   7:Generated_Source\PSoC5/ISR_2.c **** *
   8:Generated_Source\PSoC5/ISR_2.c **** *
   9:Generated_Source\PSoC5/ISR_2.c **** *  Note:
  10:Generated_Source\PSoC5/ISR_2.c **** *
  11:Generated_Source\PSoC5/ISR_2.c **** ********************************************************************************
  12:Generated_Source\PSoC5/ISR_2.c **** * Copyright 2008-2015, Cypress Semiconductor Corporation.  All rights reserved.
  13:Generated_Source\PSoC5/ISR_2.c **** * You may use this file only in accordance with the license, terms, conditions, 
  14:Generated_Source\PSoC5/ISR_2.c **** * disclaimers, and limitations in the end user license agreement accompanying 
  15:Generated_Source\PSoC5/ISR_2.c **** * the software package with which this file was provided.
  16:Generated_Source\PSoC5/ISR_2.c **** *******************************************************************************/
  17:Generated_Source\PSoC5/ISR_2.c **** 
  18:Generated_Source\PSoC5/ISR_2.c **** 
  19:Generated_Source\PSoC5/ISR_2.c **** #include <cydevice_trm.h>
  20:Generated_Source\PSoC5/ISR_2.c **** #include <CyLib.h>
  21:Generated_Source\PSoC5/ISR_2.c **** #include <ISR_2.h>
  22:Generated_Source\PSoC5/ISR_2.c **** #include "cyapicallbacks.h"
  23:Generated_Source\PSoC5/ISR_2.c **** 
  24:Generated_Source\PSoC5/ISR_2.c **** #if !defined(ISR_2__REMOVED) /* Check for removal by optimization */
  25:Generated_Source\PSoC5/ISR_2.c **** 
  26:Generated_Source\PSoC5/ISR_2.c **** /*******************************************************************************
  27:Generated_Source\PSoC5/ISR_2.c **** *  Place your includes, defines and code here 
  28:Generated_Source\PSoC5/ISR_2.c **** ********************************************************************************/
  29:Generated_Source\PSoC5/ISR_2.c **** /* `#START ISR_2_intc` */
  30:Generated_Source\PSoC5/ISR_2.c **** 
ARM GAS  C:\Users\rbhar\AppData\Local\Temp\ccHriI6b.s 			page 2


  31:Generated_Source\PSoC5/ISR_2.c **** /* `#END` */
  32:Generated_Source\PSoC5/ISR_2.c **** 
  33:Generated_Source\PSoC5/ISR_2.c **** #ifndef CYINT_IRQ_BASE
  34:Generated_Source\PSoC5/ISR_2.c **** #define CYINT_IRQ_BASE      16
  35:Generated_Source\PSoC5/ISR_2.c **** #endif /* CYINT_IRQ_BASE */
  36:Generated_Source\PSoC5/ISR_2.c **** #ifndef CYINT_VECT_TABLE
  37:Generated_Source\PSoC5/ISR_2.c **** #define CYINT_VECT_TABLE    ((cyisraddress **) CYREG_NVIC_VECT_OFFSET)
  38:Generated_Source\PSoC5/ISR_2.c **** #endif /* CYINT_VECT_TABLE */
  39:Generated_Source\PSoC5/ISR_2.c **** 
  40:Generated_Source\PSoC5/ISR_2.c **** /* Declared in startup, used to set unused interrupts to. */
  41:Generated_Source\PSoC5/ISR_2.c **** CY_ISR_PROTO(IntDefaultHandler);
  42:Generated_Source\PSoC5/ISR_2.c **** 
  43:Generated_Source\PSoC5/ISR_2.c **** extern void ISR2_Callback(void);
  44:Generated_Source\PSoC5/ISR_2.c **** /*******************************************************************************
  45:Generated_Source\PSoC5/ISR_2.c **** * Function Name: ISR_2_Start
  46:Generated_Source\PSoC5/ISR_2.c **** ********************************************************************************
  47:Generated_Source\PSoC5/ISR_2.c **** *
  48:Generated_Source\PSoC5/ISR_2.c **** * Summary:
  49:Generated_Source\PSoC5/ISR_2.c **** *  Set up the interrupt and enable it. This function disables the interrupt, 
  50:Generated_Source\PSoC5/ISR_2.c **** *  sets the default interrupt vector, sets the priority from the value in the
  51:Generated_Source\PSoC5/ISR_2.c **** *  Design Wide Resources Interrupt Editor, then enables the interrupt to the 
  52:Generated_Source\PSoC5/ISR_2.c **** *  interrupt controller.
  53:Generated_Source\PSoC5/ISR_2.c **** *
  54:Generated_Source\PSoC5/ISR_2.c **** * Parameters:  
  55:Generated_Source\PSoC5/ISR_2.c **** *   None
  56:Generated_Source\PSoC5/ISR_2.c **** *
  57:Generated_Source\PSoC5/ISR_2.c **** * Return:
  58:Generated_Source\PSoC5/ISR_2.c **** *   None
  59:Generated_Source\PSoC5/ISR_2.c **** *
  60:Generated_Source\PSoC5/ISR_2.c **** *******************************************************************************/
  61:Generated_Source\PSoC5/ISR_2.c **** void ISR_2_Start(void)
  62:Generated_Source\PSoC5/ISR_2.c **** {
  63:Generated_Source\PSoC5/ISR_2.c ****     /* For all we know the interrupt is active. */
  64:Generated_Source\PSoC5/ISR_2.c ****     ISR_2_Disable();
  65:Generated_Source\PSoC5/ISR_2.c **** 
  66:Generated_Source\PSoC5/ISR_2.c ****     /* Set the ISR to point to the ISR_2 Interrupt. */
  67:Generated_Source\PSoC5/ISR_2.c ****     ISR_2_SetVector(&ISR_2_Interrupt);
  68:Generated_Source\PSoC5/ISR_2.c **** 
  69:Generated_Source\PSoC5/ISR_2.c ****     /* Set the priority. */
  70:Generated_Source\PSoC5/ISR_2.c ****     ISR_2_SetPriority((uint8)ISR_2_INTC_PRIOR_NUMBER);
  71:Generated_Source\PSoC5/ISR_2.c **** 
  72:Generated_Source\PSoC5/ISR_2.c ****     /* Enable it. */
  73:Generated_Source\PSoC5/ISR_2.c ****     ISR_2_Enable();
  74:Generated_Source\PSoC5/ISR_2.c **** }
  75:Generated_Source\PSoC5/ISR_2.c **** 
  76:Generated_Source\PSoC5/ISR_2.c **** 
  77:Generated_Source\PSoC5/ISR_2.c **** /*******************************************************************************
  78:Generated_Source\PSoC5/ISR_2.c **** * Function Name: ISR_2_StartEx
  79:Generated_Source\PSoC5/ISR_2.c **** ********************************************************************************
  80:Generated_Source\PSoC5/ISR_2.c **** *
  81:Generated_Source\PSoC5/ISR_2.c **** * Summary:
  82:Generated_Source\PSoC5/ISR_2.c **** *  Sets up the interrupt and enables it. This function disables the interrupt,
  83:Generated_Source\PSoC5/ISR_2.c **** *  sets the interrupt vector based on the address passed in, sets the priority 
  84:Generated_Source\PSoC5/ISR_2.c **** *  from the value in the Design Wide Resources Interrupt Editor, then enables 
  85:Generated_Source\PSoC5/ISR_2.c **** *  the interrupt to the interrupt controller.
  86:Generated_Source\PSoC5/ISR_2.c **** *  
  87:Generated_Source\PSoC5/ISR_2.c **** *  When defining ISR functions, the CY_ISR and CY_ISR_PROTO macros should be 
ARM GAS  C:\Users\rbhar\AppData\Local\Temp\ccHriI6b.s 			page 3


  88:Generated_Source\PSoC5/ISR_2.c **** *  used to provide consistent definition across compilers:
  89:Generated_Source\PSoC5/ISR_2.c **** *  
  90:Generated_Source\PSoC5/ISR_2.c **** *  Function definition example:
  91:Generated_Source\PSoC5/ISR_2.c **** *   CY_ISR(MyISR)
  92:Generated_Source\PSoC5/ISR_2.c **** *   {
  93:Generated_Source\PSoC5/ISR_2.c **** *   }
  94:Generated_Source\PSoC5/ISR_2.c **** *   Function prototype example:
  95:Generated_Source\PSoC5/ISR_2.c **** *   CY_ISR_PROTO(MyISR);
  96:Generated_Source\PSoC5/ISR_2.c **** *
  97:Generated_Source\PSoC5/ISR_2.c **** * Parameters:  
  98:Generated_Source\PSoC5/ISR_2.c **** *   address: Address of the ISR to set in the interrupt vector table.
  99:Generated_Source\PSoC5/ISR_2.c **** *
 100:Generated_Source\PSoC5/ISR_2.c **** * Return:
 101:Generated_Source\PSoC5/ISR_2.c **** *   None
 102:Generated_Source\PSoC5/ISR_2.c **** *
 103:Generated_Source\PSoC5/ISR_2.c **** *******************************************************************************/
 104:Generated_Source\PSoC5/ISR_2.c **** void ISR_2_StartEx(cyisraddress address)
 105:Generated_Source\PSoC5/ISR_2.c **** {
 106:Generated_Source\PSoC5/ISR_2.c ****     /* For all we know the interrupt is active. */
 107:Generated_Source\PSoC5/ISR_2.c ****     ISR_2_Disable();
 108:Generated_Source\PSoC5/ISR_2.c **** 
 109:Generated_Source\PSoC5/ISR_2.c ****     /* Set the ISR to point to the ISR_2 Interrupt. */
 110:Generated_Source\PSoC5/ISR_2.c ****     ISR_2_SetVector(address);
 111:Generated_Source\PSoC5/ISR_2.c **** 
 112:Generated_Source\PSoC5/ISR_2.c ****     /* Set the priority. */
 113:Generated_Source\PSoC5/ISR_2.c ****     ISR_2_SetPriority((uint8)ISR_2_INTC_PRIOR_NUMBER);
 114:Generated_Source\PSoC5/ISR_2.c **** 
 115:Generated_Source\PSoC5/ISR_2.c ****     /* Enable it. */
 116:Generated_Source\PSoC5/ISR_2.c ****     ISR_2_Enable();
 117:Generated_Source\PSoC5/ISR_2.c **** }
 118:Generated_Source\PSoC5/ISR_2.c **** 
 119:Generated_Source\PSoC5/ISR_2.c **** 
 120:Generated_Source\PSoC5/ISR_2.c **** /*******************************************************************************
 121:Generated_Source\PSoC5/ISR_2.c **** * Function Name: ISR_2_Stop
 122:Generated_Source\PSoC5/ISR_2.c **** ********************************************************************************
 123:Generated_Source\PSoC5/ISR_2.c **** *
 124:Generated_Source\PSoC5/ISR_2.c **** * Summary:
 125:Generated_Source\PSoC5/ISR_2.c **** *   Disables and removes the interrupt.
 126:Generated_Source\PSoC5/ISR_2.c **** *
 127:Generated_Source\PSoC5/ISR_2.c **** * Parameters:  
 128:Generated_Source\PSoC5/ISR_2.c **** *   None
 129:Generated_Source\PSoC5/ISR_2.c **** *
 130:Generated_Source\PSoC5/ISR_2.c **** * Return:
 131:Generated_Source\PSoC5/ISR_2.c **** *   None
 132:Generated_Source\PSoC5/ISR_2.c **** *
 133:Generated_Source\PSoC5/ISR_2.c **** *******************************************************************************/
 134:Generated_Source\PSoC5/ISR_2.c **** void ISR_2_Stop(void)
 135:Generated_Source\PSoC5/ISR_2.c **** {
 136:Generated_Source\PSoC5/ISR_2.c ****     /* Disable this interrupt. */
 137:Generated_Source\PSoC5/ISR_2.c ****     ISR_2_Disable();
 138:Generated_Source\PSoC5/ISR_2.c **** 
 139:Generated_Source\PSoC5/ISR_2.c ****     /* Set the ISR to point to the passive one. */
 140:Generated_Source\PSoC5/ISR_2.c ****     ISR_2_SetVector(&IntDefaultHandler);
 141:Generated_Source\PSoC5/ISR_2.c **** }
 142:Generated_Source\PSoC5/ISR_2.c **** 
 143:Generated_Source\PSoC5/ISR_2.c **** 
 144:Generated_Source\PSoC5/ISR_2.c **** /*******************************************************************************
ARM GAS  C:\Users\rbhar\AppData\Local\Temp\ccHriI6b.s 			page 4


 145:Generated_Source\PSoC5/ISR_2.c **** * Function Name: ISR_2_Interrupt
 146:Generated_Source\PSoC5/ISR_2.c **** ********************************************************************************
 147:Generated_Source\PSoC5/ISR_2.c **** *
 148:Generated_Source\PSoC5/ISR_2.c **** * Summary:
 149:Generated_Source\PSoC5/ISR_2.c **** *   The default Interrupt Service Routine for ISR_2.
 150:Generated_Source\PSoC5/ISR_2.c **** *
 151:Generated_Source\PSoC5/ISR_2.c **** *   Add custom code between the coments to keep the next version of this file
 152:Generated_Source\PSoC5/ISR_2.c **** *   from over writting your code.
 153:Generated_Source\PSoC5/ISR_2.c **** *
 154:Generated_Source\PSoC5/ISR_2.c **** * Parameters:  
 155:Generated_Source\PSoC5/ISR_2.c **** *
 156:Generated_Source\PSoC5/ISR_2.c **** * Return:
 157:Generated_Source\PSoC5/ISR_2.c **** *   None
 158:Generated_Source\PSoC5/ISR_2.c **** *
 159:Generated_Source\PSoC5/ISR_2.c **** *******************************************************************************/
 160:Generated_Source\PSoC5/ISR_2.c **** CY_ISR(ISR_2_Interrupt)
 161:Generated_Source\PSoC5/ISR_2.c **** {
  28              		.loc 1 161 0
  29              		.cfi_startproc
  30              		@ args = 0, pretend = 0, frame = 0
  31              		@ frame_needed = 0, uses_anonymous_args = 0
  32 0000 08B5     		push	{r3, lr}
  33              		.cfi_def_cfa_offset 8
  34              		.cfi_offset 3, -8
  35              		.cfi_offset 14, -4
 162:Generated_Source\PSoC5/ISR_2.c ****     #ifdef ISR_2_INTERRUPT_INTERRUPT_CALLBACK
 163:Generated_Source\PSoC5/ISR_2.c ****         ISR_2_Interrupt_InterruptCallback();
 164:Generated_Source\PSoC5/ISR_2.c ****     #endif /* ISR_2_INTERRUPT_INTERRUPT_CALLBACK */ 
 165:Generated_Source\PSoC5/ISR_2.c **** 
 166:Generated_Source\PSoC5/ISR_2.c ****     /*  Place your Interrupt code here. */
 167:Generated_Source\PSoC5/ISR_2.c ****     /* `#START ISR_2_Interrupt` */
 168:Generated_Source\PSoC5/ISR_2.c ****     ISR2_Callback();
  36              		.loc 1 168 0
  37 0002 FFF7FEFF 		bl	ISR2_Callback
  38              	.LVL0:
  39 0006 08BD     		pop	{r3, pc}
  40              		.cfi_endproc
  41              	.LFE3:
  42              		.size	ISR_2_Interrupt, .-ISR_2_Interrupt
  43              		.section	.text.ISR_2_SetVector,"ax",%progbits
  44              		.align	2
  45              		.global	ISR_2_SetVector
  46              		.thumb
  47              		.thumb_func
  48              		.type	ISR_2_SetVector, %function
  49              	ISR_2_SetVector:
  50              	.LFB4:
 169:Generated_Source\PSoC5/ISR_2.c ****     /* `#END` */
 170:Generated_Source\PSoC5/ISR_2.c **** }
 171:Generated_Source\PSoC5/ISR_2.c **** 
 172:Generated_Source\PSoC5/ISR_2.c **** 
 173:Generated_Source\PSoC5/ISR_2.c **** /*******************************************************************************
 174:Generated_Source\PSoC5/ISR_2.c **** * Function Name: ISR_2_SetVector
 175:Generated_Source\PSoC5/ISR_2.c **** ********************************************************************************
 176:Generated_Source\PSoC5/ISR_2.c **** *
 177:Generated_Source\PSoC5/ISR_2.c **** * Summary:
 178:Generated_Source\PSoC5/ISR_2.c **** *   Change the ISR vector for the Interrupt. Note calling ISR_2_Start
ARM GAS  C:\Users\rbhar\AppData\Local\Temp\ccHriI6b.s 			page 5


 179:Generated_Source\PSoC5/ISR_2.c **** *   will override any effect this method would have had. To set the vector 
 180:Generated_Source\PSoC5/ISR_2.c **** *   before the component has been started use ISR_2_StartEx instead.
 181:Generated_Source\PSoC5/ISR_2.c **** * 
 182:Generated_Source\PSoC5/ISR_2.c **** *   When defining ISR functions, the CY_ISR and CY_ISR_PROTO macros should be 
 183:Generated_Source\PSoC5/ISR_2.c **** *   used to provide consistent definition across compilers:
 184:Generated_Source\PSoC5/ISR_2.c **** *
 185:Generated_Source\PSoC5/ISR_2.c **** *   Function definition example:
 186:Generated_Source\PSoC5/ISR_2.c **** *   CY_ISR(MyISR)
 187:Generated_Source\PSoC5/ISR_2.c **** *   {
 188:Generated_Source\PSoC5/ISR_2.c **** *   }
 189:Generated_Source\PSoC5/ISR_2.c **** *
 190:Generated_Source\PSoC5/ISR_2.c **** *   Function prototype example:
 191:Generated_Source\PSoC5/ISR_2.c **** *     CY_ISR_PROTO(MyISR);
 192:Generated_Source\PSoC5/ISR_2.c **** *
 193:Generated_Source\PSoC5/ISR_2.c **** * Parameters:
 194:Generated_Source\PSoC5/ISR_2.c **** *   address: Address of the ISR to set in the interrupt vector table.
 195:Generated_Source\PSoC5/ISR_2.c **** *
 196:Generated_Source\PSoC5/ISR_2.c **** * Return:
 197:Generated_Source\PSoC5/ISR_2.c **** *   None
 198:Generated_Source\PSoC5/ISR_2.c **** *
 199:Generated_Source\PSoC5/ISR_2.c **** *******************************************************************************/
 200:Generated_Source\PSoC5/ISR_2.c **** void ISR_2_SetVector(cyisraddress address)
 201:Generated_Source\PSoC5/ISR_2.c **** {
  51              		.loc 1 201 0
  52              		.cfi_startproc
  53              		@ args = 0, pretend = 0, frame = 0
  54              		@ frame_needed = 0, uses_anonymous_args = 0
  55              		@ link register save eliminated.
  56              	.LVL1:
 202:Generated_Source\PSoC5/ISR_2.c ****     cyisraddress * ramVectorTable;
 203:Generated_Source\PSoC5/ISR_2.c **** 
 204:Generated_Source\PSoC5/ISR_2.c ****     ramVectorTable = (cyisraddress *) *CYINT_VECT_TABLE;
  57              		.loc 1 204 0
  58 0000 014B     		ldr	r3, .L4
  59 0002 1B68     		ldr	r3, [r3]
  60              	.LVL2:
 205:Generated_Source\PSoC5/ISR_2.c **** 
 206:Generated_Source\PSoC5/ISR_2.c ****     ramVectorTable[CYINT_IRQ_BASE + (uint32)ISR_2__INTC_NUMBER] = address;
  61              		.loc 1 206 0
  62 0004 5864     		str	r0, [r3, #68]
  63 0006 7047     		bx	lr
  64              	.L5:
  65              		.align	2
  66              	.L4:
  67 0008 08ED00E0 		.word	-536810232
  68              		.cfi_endproc
  69              	.LFE4:
  70              		.size	ISR_2_SetVector, .-ISR_2_SetVector
  71              		.section	.text.ISR_2_GetVector,"ax",%progbits
  72              		.align	2
  73              		.global	ISR_2_GetVector
  74              		.thumb
  75              		.thumb_func
  76              		.type	ISR_2_GetVector, %function
  77              	ISR_2_GetVector:
  78              	.LFB5:
 207:Generated_Source\PSoC5/ISR_2.c **** }
ARM GAS  C:\Users\rbhar\AppData\Local\Temp\ccHriI6b.s 			page 6


 208:Generated_Source\PSoC5/ISR_2.c **** 
 209:Generated_Source\PSoC5/ISR_2.c **** 
 210:Generated_Source\PSoC5/ISR_2.c **** /*******************************************************************************
 211:Generated_Source\PSoC5/ISR_2.c **** * Function Name: ISR_2_GetVector
 212:Generated_Source\PSoC5/ISR_2.c **** ********************************************************************************
 213:Generated_Source\PSoC5/ISR_2.c **** *
 214:Generated_Source\PSoC5/ISR_2.c **** * Summary:
 215:Generated_Source\PSoC5/ISR_2.c **** *   Gets the "address" of the current ISR vector for the Interrupt.
 216:Generated_Source\PSoC5/ISR_2.c **** *
 217:Generated_Source\PSoC5/ISR_2.c **** * Parameters:
 218:Generated_Source\PSoC5/ISR_2.c **** *   None
 219:Generated_Source\PSoC5/ISR_2.c **** *
 220:Generated_Source\PSoC5/ISR_2.c **** * Return:
 221:Generated_Source\PSoC5/ISR_2.c **** *   Address of the ISR in the interrupt vector table.
 222:Generated_Source\PSoC5/ISR_2.c **** *
 223:Generated_Source\PSoC5/ISR_2.c **** *******************************************************************************/
 224:Generated_Source\PSoC5/ISR_2.c **** cyisraddress ISR_2_GetVector(void)
 225:Generated_Source\PSoC5/ISR_2.c **** {
  79              		.loc 1 225 0
  80              		.cfi_startproc
  81              		@ args = 0, pretend = 0, frame = 0
  82              		@ frame_needed = 0, uses_anonymous_args = 0
  83              		@ link register save eliminated.
 226:Generated_Source\PSoC5/ISR_2.c ****     cyisraddress * ramVectorTable;
 227:Generated_Source\PSoC5/ISR_2.c **** 
 228:Generated_Source\PSoC5/ISR_2.c ****     ramVectorTable = (cyisraddress *) *CYINT_VECT_TABLE;
  84              		.loc 1 228 0
  85 0000 014B     		ldr	r3, .L7
  86 0002 1B68     		ldr	r3, [r3]
  87              	.LVL3:
 229:Generated_Source\PSoC5/ISR_2.c **** 
 230:Generated_Source\PSoC5/ISR_2.c ****     return ramVectorTable[CYINT_IRQ_BASE + (uint32)ISR_2__INTC_NUMBER];
 231:Generated_Source\PSoC5/ISR_2.c **** }
  88              		.loc 1 231 0
  89 0004 586C     		ldr	r0, [r3, #68]
  90 0006 7047     		bx	lr
  91              	.L8:
  92              		.align	2
  93              	.L7:
  94 0008 08ED00E0 		.word	-536810232
  95              		.cfi_endproc
  96              	.LFE5:
  97              		.size	ISR_2_GetVector, .-ISR_2_GetVector
  98              		.section	.text.ISR_2_SetPriority,"ax",%progbits
  99              		.align	2
 100              		.global	ISR_2_SetPriority
 101              		.thumb
 102              		.thumb_func
 103              		.type	ISR_2_SetPriority, %function
 104              	ISR_2_SetPriority:
 105              	.LFB6:
 232:Generated_Source\PSoC5/ISR_2.c **** 
 233:Generated_Source\PSoC5/ISR_2.c **** 
 234:Generated_Source\PSoC5/ISR_2.c **** /*******************************************************************************
 235:Generated_Source\PSoC5/ISR_2.c **** * Function Name: ISR_2_SetPriority
 236:Generated_Source\PSoC5/ISR_2.c **** ********************************************************************************
 237:Generated_Source\PSoC5/ISR_2.c **** *
ARM GAS  C:\Users\rbhar\AppData\Local\Temp\ccHriI6b.s 			page 7


 238:Generated_Source\PSoC5/ISR_2.c **** * Summary:
 239:Generated_Source\PSoC5/ISR_2.c **** *   Sets the Priority of the Interrupt. 
 240:Generated_Source\PSoC5/ISR_2.c **** *
 241:Generated_Source\PSoC5/ISR_2.c **** *   Note calling ISR_2_Start or ISR_2_StartEx will 
 242:Generated_Source\PSoC5/ISR_2.c **** *   override any effect this API would have had. This API should only be called
 243:Generated_Source\PSoC5/ISR_2.c **** *   after ISR_2_Start or ISR_2_StartEx has been called. 
 244:Generated_Source\PSoC5/ISR_2.c **** *   To set the initial priority for the component, use the Design-Wide Resources
 245:Generated_Source\PSoC5/ISR_2.c **** *   Interrupt Editor.
 246:Generated_Source\PSoC5/ISR_2.c **** *
 247:Generated_Source\PSoC5/ISR_2.c **** *   Note This API has no effect on Non-maskable interrupt NMI).
 248:Generated_Source\PSoC5/ISR_2.c **** *
 249:Generated_Source\PSoC5/ISR_2.c **** * Parameters:
 250:Generated_Source\PSoC5/ISR_2.c **** *   priority: Priority of the interrupt, 0 being the highest priority
 251:Generated_Source\PSoC5/ISR_2.c **** *             PSoC 3 and PSoC 5LP: Priority is from 0 to 7.
 252:Generated_Source\PSoC5/ISR_2.c **** *             PSoC 4: Priority is from 0 to 3.
 253:Generated_Source\PSoC5/ISR_2.c **** *
 254:Generated_Source\PSoC5/ISR_2.c **** * Return:
 255:Generated_Source\PSoC5/ISR_2.c **** *   None
 256:Generated_Source\PSoC5/ISR_2.c **** *
 257:Generated_Source\PSoC5/ISR_2.c **** *******************************************************************************/
 258:Generated_Source\PSoC5/ISR_2.c **** void ISR_2_SetPriority(uint8 priority)
 259:Generated_Source\PSoC5/ISR_2.c **** {
 106              		.loc 1 259 0
 107              		.cfi_startproc
 108              		@ args = 0, pretend = 0, frame = 0
 109              		@ frame_needed = 0, uses_anonymous_args = 0
 110              		@ link register save eliminated.
 111              	.LVL4:
 260:Generated_Source\PSoC5/ISR_2.c ****     *ISR_2_INTC_PRIOR = priority << 5;
 112              		.loc 1 260 0
 113 0000 4001     		lsls	r0, r0, #5
 114              	.LVL5:
 115 0002 C0B2     		uxtb	r0, r0
 116 0004 014B     		ldr	r3, .L10
 117 0006 1870     		strb	r0, [r3]
 118 0008 7047     		bx	lr
 119              	.L11:
 120 000a 00BF     		.align	2
 121              	.L10:
 122 000c 01E400E0 		.word	-536812543
 123              		.cfi_endproc
 124              	.LFE6:
 125              		.size	ISR_2_SetPriority, .-ISR_2_SetPriority
 126              		.section	.text.ISR_2_GetPriority,"ax",%progbits
 127              		.align	2
 128              		.global	ISR_2_GetPriority
 129              		.thumb
 130              		.thumb_func
 131              		.type	ISR_2_GetPriority, %function
 132              	ISR_2_GetPriority:
 133              	.LFB7:
 261:Generated_Source\PSoC5/ISR_2.c **** }
 262:Generated_Source\PSoC5/ISR_2.c **** 
 263:Generated_Source\PSoC5/ISR_2.c **** 
 264:Generated_Source\PSoC5/ISR_2.c **** /*******************************************************************************
 265:Generated_Source\PSoC5/ISR_2.c **** * Function Name: ISR_2_GetPriority
 266:Generated_Source\PSoC5/ISR_2.c **** ********************************************************************************
ARM GAS  C:\Users\rbhar\AppData\Local\Temp\ccHriI6b.s 			page 8


 267:Generated_Source\PSoC5/ISR_2.c **** *
 268:Generated_Source\PSoC5/ISR_2.c **** * Summary:
 269:Generated_Source\PSoC5/ISR_2.c **** *   Gets the Priority of the Interrupt.
 270:Generated_Source\PSoC5/ISR_2.c **** *
 271:Generated_Source\PSoC5/ISR_2.c **** * Parameters:
 272:Generated_Source\PSoC5/ISR_2.c **** *   None
 273:Generated_Source\PSoC5/ISR_2.c **** *
 274:Generated_Source\PSoC5/ISR_2.c **** * Return:
 275:Generated_Source\PSoC5/ISR_2.c **** *   Priority of the interrupt, 0 being the highest priority
 276:Generated_Source\PSoC5/ISR_2.c **** *    PSoC 3 and PSoC 5LP: Priority is from 0 to 7.
 277:Generated_Source\PSoC5/ISR_2.c **** *    PSoC 4: Priority is from 0 to 3.
 278:Generated_Source\PSoC5/ISR_2.c **** *
 279:Generated_Source\PSoC5/ISR_2.c **** *******************************************************************************/
 280:Generated_Source\PSoC5/ISR_2.c **** uint8 ISR_2_GetPriority(void)
 281:Generated_Source\PSoC5/ISR_2.c **** {
 134              		.loc 1 281 0
 135              		.cfi_startproc
 136              		@ args = 0, pretend = 0, frame = 0
 137              		@ frame_needed = 0, uses_anonymous_args = 0
 138              		@ link register save eliminated.
 282:Generated_Source\PSoC5/ISR_2.c ****     uint8 priority;
 283:Generated_Source\PSoC5/ISR_2.c **** 
 284:Generated_Source\PSoC5/ISR_2.c **** 
 285:Generated_Source\PSoC5/ISR_2.c ****     priority = *ISR_2_INTC_PRIOR >> 5;
 139              		.loc 1 285 0
 140 0000 014B     		ldr	r3, .L13
 141 0002 1878     		ldrb	r0, [r3]	@ zero_extendqisi2
 142              	.LVL6:
 286:Generated_Source\PSoC5/ISR_2.c **** 
 287:Generated_Source\PSoC5/ISR_2.c ****     return priority;
 288:Generated_Source\PSoC5/ISR_2.c **** }
 143              		.loc 1 288 0
 144 0004 4009     		lsrs	r0, r0, #5
 145              	.LVL7:
 146 0006 7047     		bx	lr
 147              	.L14:
 148              		.align	2
 149              	.L13:
 150 0008 01E400E0 		.word	-536812543
 151              		.cfi_endproc
 152              	.LFE7:
 153              		.size	ISR_2_GetPriority, .-ISR_2_GetPriority
 154              		.section	.text.ISR_2_Enable,"ax",%progbits
 155              		.align	2
 156              		.global	ISR_2_Enable
 157              		.thumb
 158              		.thumb_func
 159              		.type	ISR_2_Enable, %function
 160              	ISR_2_Enable:
 161              	.LFB8:
 289:Generated_Source\PSoC5/ISR_2.c **** 
 290:Generated_Source\PSoC5/ISR_2.c **** 
 291:Generated_Source\PSoC5/ISR_2.c **** /*******************************************************************************
 292:Generated_Source\PSoC5/ISR_2.c **** * Function Name: ISR_2_Enable
 293:Generated_Source\PSoC5/ISR_2.c **** ********************************************************************************
 294:Generated_Source\PSoC5/ISR_2.c **** *
 295:Generated_Source\PSoC5/ISR_2.c **** * Summary:
ARM GAS  C:\Users\rbhar\AppData\Local\Temp\ccHriI6b.s 			page 9


 296:Generated_Source\PSoC5/ISR_2.c **** *   Enables the interrupt to the interrupt controller. Do not call this function
 297:Generated_Source\PSoC5/ISR_2.c **** *   unless ISR_Start() has been called or the functionality of the ISR_Start() 
 298:Generated_Source\PSoC5/ISR_2.c **** *   function, which sets the vector and the priority, has been called.
 299:Generated_Source\PSoC5/ISR_2.c **** *
 300:Generated_Source\PSoC5/ISR_2.c **** * Parameters:
 301:Generated_Source\PSoC5/ISR_2.c **** *   None
 302:Generated_Source\PSoC5/ISR_2.c **** *
 303:Generated_Source\PSoC5/ISR_2.c **** * Return:
 304:Generated_Source\PSoC5/ISR_2.c **** *   None
 305:Generated_Source\PSoC5/ISR_2.c **** *
 306:Generated_Source\PSoC5/ISR_2.c **** *******************************************************************************/
 307:Generated_Source\PSoC5/ISR_2.c **** void ISR_2_Enable(void)
 308:Generated_Source\PSoC5/ISR_2.c **** {
 162              		.loc 1 308 0
 163              		.cfi_startproc
 164              		@ args = 0, pretend = 0, frame = 0
 165              		@ frame_needed = 0, uses_anonymous_args = 0
 166              		@ link register save eliminated.
 309:Generated_Source\PSoC5/ISR_2.c ****     /* Enable the general interrupt. */
 310:Generated_Source\PSoC5/ISR_2.c ****     *ISR_2_INTC_SET_EN = ISR_2__INTC_MASK;
 167              		.loc 1 310 0
 168 0000 0222     		movs	r2, #2
 169 0002 014B     		ldr	r3, .L16
 170 0004 1A60     		str	r2, [r3]
 171 0006 7047     		bx	lr
 172              	.L17:
 173              		.align	2
 174              	.L16:
 175 0008 00E100E0 		.word	-536813312
 176              		.cfi_endproc
 177              	.LFE8:
 178              		.size	ISR_2_Enable, .-ISR_2_Enable
 179              		.section	.text.ISR_2_GetState,"ax",%progbits
 180              		.align	2
 181              		.global	ISR_2_GetState
 182              		.thumb
 183              		.thumb_func
 184              		.type	ISR_2_GetState, %function
 185              	ISR_2_GetState:
 186              	.LFB9:
 311:Generated_Source\PSoC5/ISR_2.c **** }
 312:Generated_Source\PSoC5/ISR_2.c **** 
 313:Generated_Source\PSoC5/ISR_2.c **** 
 314:Generated_Source\PSoC5/ISR_2.c **** /*******************************************************************************
 315:Generated_Source\PSoC5/ISR_2.c **** * Function Name: ISR_2_GetState
 316:Generated_Source\PSoC5/ISR_2.c **** ********************************************************************************
 317:Generated_Source\PSoC5/ISR_2.c **** *
 318:Generated_Source\PSoC5/ISR_2.c **** * Summary:
 319:Generated_Source\PSoC5/ISR_2.c **** *   Gets the state (enabled, disabled) of the Interrupt.
 320:Generated_Source\PSoC5/ISR_2.c **** *
 321:Generated_Source\PSoC5/ISR_2.c **** * Parameters:
 322:Generated_Source\PSoC5/ISR_2.c **** *   None
 323:Generated_Source\PSoC5/ISR_2.c **** *
 324:Generated_Source\PSoC5/ISR_2.c **** * Return:
 325:Generated_Source\PSoC5/ISR_2.c **** *   1 if enabled, 0 if disabled.
 326:Generated_Source\PSoC5/ISR_2.c **** *
 327:Generated_Source\PSoC5/ISR_2.c **** *******************************************************************************/
ARM GAS  C:\Users\rbhar\AppData\Local\Temp\ccHriI6b.s 			page 10


 328:Generated_Source\PSoC5/ISR_2.c **** uint8 ISR_2_GetState(void)
 329:Generated_Source\PSoC5/ISR_2.c **** {
 187              		.loc 1 329 0
 188              		.cfi_startproc
 189              		@ args = 0, pretend = 0, frame = 0
 190              		@ frame_needed = 0, uses_anonymous_args = 0
 191              		@ link register save eliminated.
 330:Generated_Source\PSoC5/ISR_2.c ****     /* Get the state of the general interrupt. */
 331:Generated_Source\PSoC5/ISR_2.c ****     return ((*ISR_2_INTC_SET_EN & (uint32)ISR_2__INTC_MASK) != 0u) ? 1u:0u;
 192              		.loc 1 331 0
 193 0000 044B     		ldr	r3, .L21
 194 0002 1B68     		ldr	r3, [r3]
 195 0004 13F0020F 		tst	r3, #2
 196 0008 01D0     		beq	.L20
 197 000a 0120     		movs	r0, #1
 198 000c 7047     		bx	lr
 199              	.L20:
 200 000e 0020     		movs	r0, #0
 332:Generated_Source\PSoC5/ISR_2.c **** }
 201              		.loc 1 332 0
 202 0010 7047     		bx	lr
 203              	.L22:
 204 0012 00BF     		.align	2
 205              	.L21:
 206 0014 00E100E0 		.word	-536813312
 207              		.cfi_endproc
 208              	.LFE9:
 209              		.size	ISR_2_GetState, .-ISR_2_GetState
 210              		.section	.text.ISR_2_Disable,"ax",%progbits
 211              		.align	2
 212              		.global	ISR_2_Disable
 213              		.thumb
 214              		.thumb_func
 215              		.type	ISR_2_Disable, %function
 216              	ISR_2_Disable:
 217              	.LFB10:
 333:Generated_Source\PSoC5/ISR_2.c **** 
 334:Generated_Source\PSoC5/ISR_2.c **** 
 335:Generated_Source\PSoC5/ISR_2.c **** /*******************************************************************************
 336:Generated_Source\PSoC5/ISR_2.c **** * Function Name: ISR_2_Disable
 337:Generated_Source\PSoC5/ISR_2.c **** ********************************************************************************
 338:Generated_Source\PSoC5/ISR_2.c **** *
 339:Generated_Source\PSoC5/ISR_2.c **** * Summary:
 340:Generated_Source\PSoC5/ISR_2.c **** *   Disables the Interrupt in the interrupt controller.
 341:Generated_Source\PSoC5/ISR_2.c **** *
 342:Generated_Source\PSoC5/ISR_2.c **** * Parameters:
 343:Generated_Source\PSoC5/ISR_2.c **** *   None
 344:Generated_Source\PSoC5/ISR_2.c **** *
 345:Generated_Source\PSoC5/ISR_2.c **** * Return:
 346:Generated_Source\PSoC5/ISR_2.c **** *   None
 347:Generated_Source\PSoC5/ISR_2.c **** *
 348:Generated_Source\PSoC5/ISR_2.c **** *******************************************************************************/
 349:Generated_Source\PSoC5/ISR_2.c **** void ISR_2_Disable(void)
 350:Generated_Source\PSoC5/ISR_2.c **** {
 218              		.loc 1 350 0
 219              		.cfi_startproc
 220              		@ args = 0, pretend = 0, frame = 0
ARM GAS  C:\Users\rbhar\AppData\Local\Temp\ccHriI6b.s 			page 11


 221              		@ frame_needed = 0, uses_anonymous_args = 0
 222              		@ link register save eliminated.
 351:Generated_Source\PSoC5/ISR_2.c ****     /* Disable the general interrupt. */
 352:Generated_Source\PSoC5/ISR_2.c ****     *ISR_2_INTC_CLR_EN = ISR_2__INTC_MASK;
 223              		.loc 1 352 0
 224 0000 0222     		movs	r2, #2
 225 0002 014B     		ldr	r3, .L24
 226 0004 1A60     		str	r2, [r3]
 227 0006 7047     		bx	lr
 228              	.L25:
 229              		.align	2
 230              	.L24:
 231 0008 80E100E0 		.word	-536813184
 232              		.cfi_endproc
 233              	.LFE10:
 234              		.size	ISR_2_Disable, .-ISR_2_Disable
 235              		.section	.text.ISR_2_Start,"ax",%progbits
 236              		.align	2
 237              		.global	ISR_2_Start
 238              		.thumb
 239              		.thumb_func
 240              		.type	ISR_2_Start, %function
 241              	ISR_2_Start:
 242              	.LFB0:
  62:Generated_Source\PSoC5/ISR_2.c ****     /* For all we know the interrupt is active. */
 243              		.loc 1 62 0
 244              		.cfi_startproc
 245              		@ args = 0, pretend = 0, frame = 0
 246              		@ frame_needed = 0, uses_anonymous_args = 0
 247 0000 08B5     		push	{r3, lr}
 248              		.cfi_def_cfa_offset 8
 249              		.cfi_offset 3, -8
 250              		.cfi_offset 14, -4
  64:Generated_Source\PSoC5/ISR_2.c **** 
 251              		.loc 1 64 0
 252 0002 FFF7FEFF 		bl	ISR_2_Disable
 253              	.LVL8:
  67:Generated_Source\PSoC5/ISR_2.c **** 
 254              		.loc 1 67 0
 255 0006 0448     		ldr	r0, .L28
 256 0008 FFF7FEFF 		bl	ISR_2_SetVector
 257              	.LVL9:
  70:Generated_Source\PSoC5/ISR_2.c **** 
 258              		.loc 1 70 0
 259 000c 0420     		movs	r0, #4
 260 000e FFF7FEFF 		bl	ISR_2_SetPriority
 261              	.LVL10:
  73:Generated_Source\PSoC5/ISR_2.c **** }
 262              		.loc 1 73 0
 263 0012 FFF7FEFF 		bl	ISR_2_Enable
 264              	.LVL11:
 265 0016 08BD     		pop	{r3, pc}
 266              	.L29:
 267              		.align	2
 268              	.L28:
 269 0018 00000000 		.word	ISR_2_Interrupt
 270              		.cfi_endproc
ARM GAS  C:\Users\rbhar\AppData\Local\Temp\ccHriI6b.s 			page 12


 271              	.LFE0:
 272              		.size	ISR_2_Start, .-ISR_2_Start
 273              		.section	.text.ISR_2_StartEx,"ax",%progbits
 274              		.align	2
 275              		.global	ISR_2_StartEx
 276              		.thumb
 277              		.thumb_func
 278              		.type	ISR_2_StartEx, %function
 279              	ISR_2_StartEx:
 280              	.LFB1:
 105:Generated_Source\PSoC5/ISR_2.c ****     /* For all we know the interrupt is active. */
 281              		.loc 1 105 0
 282              		.cfi_startproc
 283              		@ args = 0, pretend = 0, frame = 0
 284              		@ frame_needed = 0, uses_anonymous_args = 0
 285              	.LVL12:
 286 0000 10B5     		push	{r4, lr}
 287              		.cfi_def_cfa_offset 8
 288              		.cfi_offset 4, -8
 289              		.cfi_offset 14, -4
 290 0002 0446     		mov	r4, r0
 107:Generated_Source\PSoC5/ISR_2.c **** 
 291              		.loc 1 107 0
 292 0004 FFF7FEFF 		bl	ISR_2_Disable
 293              	.LVL13:
 110:Generated_Source\PSoC5/ISR_2.c **** 
 294              		.loc 1 110 0
 295 0008 2046     		mov	r0, r4
 296 000a FFF7FEFF 		bl	ISR_2_SetVector
 297              	.LVL14:
 113:Generated_Source\PSoC5/ISR_2.c **** 
 298              		.loc 1 113 0
 299 000e 0420     		movs	r0, #4
 300 0010 FFF7FEFF 		bl	ISR_2_SetPriority
 301              	.LVL15:
 116:Generated_Source\PSoC5/ISR_2.c **** }
 302              		.loc 1 116 0
 303 0014 FFF7FEFF 		bl	ISR_2_Enable
 304              	.LVL16:
 305 0018 10BD     		pop	{r4, pc}
 306              		.cfi_endproc
 307              	.LFE1:
 308              		.size	ISR_2_StartEx, .-ISR_2_StartEx
 309 001a 00BF     		.section	.text.ISR_2_Stop,"ax",%progbits
 310              		.align	2
 311              		.global	ISR_2_Stop
 312              		.thumb
 313              		.thumb_func
 314              		.type	ISR_2_Stop, %function
 315              	ISR_2_Stop:
 316              	.LFB2:
 135:Generated_Source\PSoC5/ISR_2.c ****     /* Disable this interrupt. */
 317              		.loc 1 135 0
 318              		.cfi_startproc
 319              		@ args = 0, pretend = 0, frame = 0
 320              		@ frame_needed = 0, uses_anonymous_args = 0
 321 0000 08B5     		push	{r3, lr}
ARM GAS  C:\Users\rbhar\AppData\Local\Temp\ccHriI6b.s 			page 13


 322              		.cfi_def_cfa_offset 8
 323              		.cfi_offset 3, -8
 324              		.cfi_offset 14, -4
 137:Generated_Source\PSoC5/ISR_2.c **** 
 325              		.loc 1 137 0
 326 0002 FFF7FEFF 		bl	ISR_2_Disable
 327              	.LVL17:
 140:Generated_Source\PSoC5/ISR_2.c **** }
 328              		.loc 1 140 0
 329 0006 0248     		ldr	r0, .L34
 330 0008 FFF7FEFF 		bl	ISR_2_SetVector
 331              	.LVL18:
 332 000c 08BD     		pop	{r3, pc}
 333              	.L35:
 334 000e 00BF     		.align	2
 335              	.L34:
 336 0010 00000000 		.word	IntDefaultHandler
 337              		.cfi_endproc
 338              	.LFE2:
 339              		.size	ISR_2_Stop, .-ISR_2_Stop
 340              		.section	.text.ISR_2_SetPending,"ax",%progbits
 341              		.align	2
 342              		.global	ISR_2_SetPending
 343              		.thumb
 344              		.thumb_func
 345              		.type	ISR_2_SetPending, %function
 346              	ISR_2_SetPending:
 347              	.LFB11:
 353:Generated_Source\PSoC5/ISR_2.c **** }
 354:Generated_Source\PSoC5/ISR_2.c **** 
 355:Generated_Source\PSoC5/ISR_2.c **** 
 356:Generated_Source\PSoC5/ISR_2.c **** /*******************************************************************************
 357:Generated_Source\PSoC5/ISR_2.c **** * Function Name: ISR_2_SetPending
 358:Generated_Source\PSoC5/ISR_2.c **** ********************************************************************************
 359:Generated_Source\PSoC5/ISR_2.c **** *
 360:Generated_Source\PSoC5/ISR_2.c **** * Summary:
 361:Generated_Source\PSoC5/ISR_2.c **** *   Causes the Interrupt to enter the pending state, a software method of
 362:Generated_Source\PSoC5/ISR_2.c **** *   generating the interrupt.
 363:Generated_Source\PSoC5/ISR_2.c **** *
 364:Generated_Source\PSoC5/ISR_2.c **** * Parameters:
 365:Generated_Source\PSoC5/ISR_2.c **** *   None
 366:Generated_Source\PSoC5/ISR_2.c **** *
 367:Generated_Source\PSoC5/ISR_2.c **** * Return:
 368:Generated_Source\PSoC5/ISR_2.c **** *   None
 369:Generated_Source\PSoC5/ISR_2.c **** *
 370:Generated_Source\PSoC5/ISR_2.c **** * Side Effects:
 371:Generated_Source\PSoC5/ISR_2.c **** *   If interrupts are enabled and the interrupt is set up properly, the ISR is
 372:Generated_Source\PSoC5/ISR_2.c **** *   entered (depending on the priority of this interrupt and other pending 
 373:Generated_Source\PSoC5/ISR_2.c **** *   interrupts).
 374:Generated_Source\PSoC5/ISR_2.c **** *
 375:Generated_Source\PSoC5/ISR_2.c **** *******************************************************************************/
 376:Generated_Source\PSoC5/ISR_2.c **** void ISR_2_SetPending(void)
 377:Generated_Source\PSoC5/ISR_2.c **** {
 348              		.loc 1 377 0
 349              		.cfi_startproc
 350              		@ args = 0, pretend = 0, frame = 0
 351              		@ frame_needed = 0, uses_anonymous_args = 0
ARM GAS  C:\Users\rbhar\AppData\Local\Temp\ccHriI6b.s 			page 14


 352              		@ link register save eliminated.
 378:Generated_Source\PSoC5/ISR_2.c ****     *ISR_2_INTC_SET_PD = ISR_2__INTC_MASK;
 353              		.loc 1 378 0
 354 0000 0222     		movs	r2, #2
 355 0002 014B     		ldr	r3, .L37
 356 0004 1A60     		str	r2, [r3]
 357 0006 7047     		bx	lr
 358              	.L38:
 359              		.align	2
 360              	.L37:
 361 0008 00E200E0 		.word	-536813056
 362              		.cfi_endproc
 363              	.LFE11:
 364              		.size	ISR_2_SetPending, .-ISR_2_SetPending
 365              		.section	.text.ISR_2_ClearPending,"ax",%progbits
 366              		.align	2
 367              		.global	ISR_2_ClearPending
 368              		.thumb
 369              		.thumb_func
 370              		.type	ISR_2_ClearPending, %function
 371              	ISR_2_ClearPending:
 372              	.LFB12:
 379:Generated_Source\PSoC5/ISR_2.c **** }
 380:Generated_Source\PSoC5/ISR_2.c **** 
 381:Generated_Source\PSoC5/ISR_2.c **** 
 382:Generated_Source\PSoC5/ISR_2.c **** /*******************************************************************************
 383:Generated_Source\PSoC5/ISR_2.c **** * Function Name: ISR_2_ClearPending
 384:Generated_Source\PSoC5/ISR_2.c **** ********************************************************************************
 385:Generated_Source\PSoC5/ISR_2.c **** *
 386:Generated_Source\PSoC5/ISR_2.c **** * Summary:
 387:Generated_Source\PSoC5/ISR_2.c **** *   Clears a pending interrupt in the interrupt controller.
 388:Generated_Source\PSoC5/ISR_2.c **** *
 389:Generated_Source\PSoC5/ISR_2.c **** *   Note Some interrupt sources are clear-on-read and require the block 
 390:Generated_Source\PSoC5/ISR_2.c **** *   interrupt/status register to be read/cleared with the appropriate block API 
 391:Generated_Source\PSoC5/ISR_2.c **** *   (GPIO, UART, and so on). Otherwise the ISR will continue to remain in 
 392:Generated_Source\PSoC5/ISR_2.c **** *   pending state even though the interrupt itself is cleared using this API.
 393:Generated_Source\PSoC5/ISR_2.c **** *
 394:Generated_Source\PSoC5/ISR_2.c **** * Parameters:
 395:Generated_Source\PSoC5/ISR_2.c **** *   None
 396:Generated_Source\PSoC5/ISR_2.c **** *
 397:Generated_Source\PSoC5/ISR_2.c **** * Return:
 398:Generated_Source\PSoC5/ISR_2.c **** *   None
 399:Generated_Source\PSoC5/ISR_2.c **** *
 400:Generated_Source\PSoC5/ISR_2.c **** *******************************************************************************/
 401:Generated_Source\PSoC5/ISR_2.c **** void ISR_2_ClearPending(void)
 402:Generated_Source\PSoC5/ISR_2.c **** {
 373              		.loc 1 402 0
 374              		.cfi_startproc
 375              		@ args = 0, pretend = 0, frame = 0
 376              		@ frame_needed = 0, uses_anonymous_args = 0
 377              		@ link register save eliminated.
 403:Generated_Source\PSoC5/ISR_2.c ****     *ISR_2_INTC_CLR_PD = ISR_2__INTC_MASK;
 378              		.loc 1 403 0
 379 0000 0222     		movs	r2, #2
 380 0002 014B     		ldr	r3, .L40
 381 0004 1A60     		str	r2, [r3]
 382 0006 7047     		bx	lr
ARM GAS  C:\Users\rbhar\AppData\Local\Temp\ccHriI6b.s 			page 15


 383              	.L41:
 384              		.align	2
 385              	.L40:
 386 0008 80E200E0 		.word	-536812928
 387              		.cfi_endproc
 388              	.LFE12:
 389              		.size	ISR_2_ClearPending, .-ISR_2_ClearPending
 390              		.text
 391              	.Letext0:
 392              		.file 2 "Generated_Source\\PSoC5/cytypes.h"
 393              		.section	.debug_info,"",%progbits
 394              	.Ldebug_info0:
 395 0000 E7020000 		.4byte	0x2e7
 396 0004 0400     		.2byte	0x4
 397 0006 00000000 		.4byte	.Ldebug_abbrev0
 398 000a 04       		.byte	0x4
 399 000b 01       		.uleb128 0x1
 400 000c D9000000 		.4byte	.LASF34
 401 0010 0C       		.byte	0xc
 402 0011 7F010000 		.4byte	.LASF35
 403 0015 06000000 		.4byte	.LASF36
 404 0019 00000000 		.4byte	.Ldebug_ranges0+0
 405 001d 00000000 		.4byte	0
 406 0021 00000000 		.4byte	.Ldebug_line0
 407 0025 02       		.uleb128 0x2
 408 0026 04       		.byte	0x4
 409 0027 05       		.byte	0x5
 410 0028 696E7400 		.ascii	"int\000"
 411 002c 03       		.uleb128 0x3
 412 002d 04       		.byte	0x4
 413 002e 07       		.byte	0x7
 414 002f 0D020000 		.4byte	.LASF0
 415 0033 03       		.uleb128 0x3
 416 0034 08       		.byte	0x8
 417 0035 05       		.byte	0x5
 418 0036 4F020000 		.4byte	.LASF1
 419 003a 03       		.uleb128 0x3
 420 003b 08       		.byte	0x8
 421 003c 04       		.byte	0x4
 422 003d AF020000 		.4byte	.LASF2
 423 0041 03       		.uleb128 0x3
 424 0042 01       		.byte	0x1
 425 0043 06       		.byte	0x6
 426 0044 BB020000 		.4byte	.LASF3
 427 0048 03       		.uleb128 0x3
 428 0049 01       		.byte	0x1
 429 004a 08       		.byte	0x8
 430 004b CB000000 		.4byte	.LASF4
 431 004f 03       		.uleb128 0x3
 432 0050 02       		.byte	0x2
 433 0051 05       		.byte	0x5
 434 0052 97020000 		.4byte	.LASF5
 435 0056 03       		.uleb128 0x3
 436 0057 02       		.byte	0x2
 437 0058 07       		.byte	0x7
 438 0059 89000000 		.4byte	.LASF6
 439 005d 03       		.uleb128 0x3
ARM GAS  C:\Users\rbhar\AppData\Local\Temp\ccHriI6b.s 			page 16


 440 005e 04       		.byte	0x4
 441 005f 05       		.byte	0x5
 442 0060 A1020000 		.4byte	.LASF7
 443 0064 03       		.uleb128 0x3
 444 0065 04       		.byte	0x4
 445 0066 07       		.byte	0x7
 446 0067 B0010000 		.4byte	.LASF8
 447 006b 03       		.uleb128 0x3
 448 006c 08       		.byte	0x8
 449 006d 07       		.byte	0x7
 450 006e 22020000 		.4byte	.LASF9
 451 0072 03       		.uleb128 0x3
 452 0073 04       		.byte	0x4
 453 0074 07       		.byte	0x7
 454 0075 46020000 		.4byte	.LASF10
 455 0079 03       		.uleb128 0x3
 456 007a 01       		.byte	0x1
 457 007b 08       		.byte	0x8
 458 007c AA020000 		.4byte	.LASF11
 459 0080 04       		.uleb128 0x4
 460 0081 04       		.byte	0x4
 461 0082 86000000 		.4byte	0x86
 462 0086 05       		.uleb128 0x5
 463 0087 06       		.uleb128 0x6
 464 0088 C2010000 		.4byte	.LASF12
 465 008c 02       		.byte	0x2
 466 008d E401     		.2byte	0x1e4
 467 008f 48000000 		.4byte	0x48
 468 0093 06       		.uleb128 0x6
 469 0094 06020000 		.4byte	.LASF13
 470 0098 02       		.byte	0x2
 471 0099 E601     		.2byte	0x1e6
 472 009b 64000000 		.4byte	0x64
 473 009f 03       		.uleb128 0x3
 474 00a0 04       		.byte	0x4
 475 00a1 04       		.byte	0x4
 476 00a2 C5000000 		.4byte	.LASF14
 477 00a6 03       		.uleb128 0x3
 478 00a7 08       		.byte	0x8
 479 00a8 04       		.byte	0x4
 480 00a9 DF010000 		.4byte	.LASF15
 481 00ad 06       		.uleb128 0x6
 482 00ae 7A010000 		.4byte	.LASF16
 483 00b2 02       		.byte	0x2
 484 00b3 8E02     		.2byte	0x28e
 485 00b5 B9000000 		.4byte	0xb9
 486 00b9 07       		.uleb128 0x7
 487 00ba 87000000 		.4byte	0x87
 488 00be 06       		.uleb128 0x6
 489 00bf 00000000 		.4byte	.LASF17
 490 00c3 02       		.byte	0x2
 491 00c4 9002     		.2byte	0x290
 492 00c6 CA000000 		.4byte	0xca
 493 00ca 07       		.uleb128 0x7
 494 00cb 93000000 		.4byte	0x93
 495 00cf 06       		.uleb128 0x6
 496 00d0 39020000 		.4byte	.LASF18
ARM GAS  C:\Users\rbhar\AppData\Local\Temp\ccHriI6b.s 			page 17


 497 00d4 02       		.byte	0x2
 498 00d5 A002     		.2byte	0x2a0
 499 00d7 80000000 		.4byte	0x80
 500 00db 08       		.uleb128 0x8
 501 00dc F6010000 		.4byte	.LASF19
 502 00e0 01       		.byte	0x1
 503 00e1 A0       		.byte	0xa0
 504 00e2 00000000 		.4byte	.LFB3
 505 00e6 08000000 		.4byte	.LFE3-.LFB3
 506 00ea 01       		.uleb128 0x1
 507 00eb 9C       		.byte	0x9c
 508 00ec FA000000 		.4byte	0xfa
 509 00f0 09       		.uleb128 0x9
 510 00f1 06000000 		.4byte	.LVL0
 511 00f5 DF020000 		.4byte	0x2df
 512 00f9 00       		.byte	0
 513 00fa 08       		.uleb128 0x8
 514 00fb 79000000 		.4byte	.LASF20
 515 00ff 01       		.byte	0x1
 516 0100 C8       		.byte	0xc8
 517 0101 00000000 		.4byte	.LFB4
 518 0105 0C000000 		.4byte	.LFE4-.LFB4
 519 0109 01       		.uleb128 0x1
 520 010a 9C       		.byte	0x9c
 521 010b 2A010000 		.4byte	0x12a
 522 010f 0A       		.uleb128 0xa
 523 0110 1A020000 		.4byte	.LASF23
 524 0114 01       		.byte	0x1
 525 0115 C8       		.byte	0xc8
 526 0116 CF000000 		.4byte	0xcf
 527 011a 01       		.uleb128 0x1
 528 011b 50       		.byte	0x50
 529 011c 0B       		.uleb128 0xb
 530 011d 77020000 		.4byte	.LASF21
 531 0121 01       		.byte	0x1
 532 0122 CA       		.byte	0xca
 533 0123 2A010000 		.4byte	0x12a
 534 0127 01       		.uleb128 0x1
 535 0128 53       		.byte	0x53
 536 0129 00       		.byte	0
 537 012a 04       		.uleb128 0x4
 538 012b 04       		.byte	0x4
 539 012c CF000000 		.4byte	0xcf
 540 0130 0C       		.uleb128 0xc
 541 0131 E6010000 		.4byte	.LASF25
 542 0135 01       		.byte	0x1
 543 0136 E0       		.byte	0xe0
 544 0137 CF000000 		.4byte	0xcf
 545 013b 00000000 		.4byte	.LFB5
 546 013f 0C000000 		.4byte	.LFE5-.LFB5
 547 0143 01       		.uleb128 0x1
 548 0144 9C       		.byte	0x9c
 549 0145 57010000 		.4byte	0x157
 550 0149 0B       		.uleb128 0xb
 551 014a 77020000 		.4byte	.LASF21
 552 014e 01       		.byte	0x1
 553 014f E2       		.byte	0xe2
ARM GAS  C:\Users\rbhar\AppData\Local\Temp\ccHriI6b.s 			page 18


 554 0150 2A010000 		.4byte	0x12a
 555 0154 01       		.uleb128 0x1
 556 0155 53       		.byte	0x53
 557 0156 00       		.byte	0
 558 0157 0D       		.uleb128 0xd
 559 0158 9E010000 		.4byte	.LASF22
 560 015c 01       		.byte	0x1
 561 015d 0201     		.2byte	0x102
 562 015f 00000000 		.4byte	.LFB6
 563 0163 10000000 		.4byte	.LFE6-.LFB6
 564 0167 01       		.uleb128 0x1
 565 0168 9C       		.byte	0x9c
 566 0169 7E010000 		.4byte	0x17e
 567 016d 0E       		.uleb128 0xe
 568 016e D6010000 		.4byte	.LASF24
 569 0172 01       		.byte	0x1
 570 0173 0201     		.2byte	0x102
 571 0175 87000000 		.4byte	0x87
 572 0179 00000000 		.4byte	.LLST0
 573 017d 00       		.byte	0
 574 017e 0F       		.uleb128 0xf
 575 017f 5B000000 		.4byte	.LASF26
 576 0183 01       		.byte	0x1
 577 0184 1801     		.2byte	0x118
 578 0186 87000000 		.4byte	0x87
 579 018a 00000000 		.4byte	.LFB7
 580 018e 0C000000 		.4byte	.LFE7-.LFB7
 581 0192 01       		.uleb128 0x1
 582 0193 9C       		.byte	0x9c
 583 0194 A9010000 		.4byte	0x1a9
 584 0198 10       		.uleb128 0x10
 585 0199 D6010000 		.4byte	.LASF24
 586 019d 01       		.byte	0x1
 587 019e 1A01     		.2byte	0x11a
 588 01a0 87000000 		.4byte	0x87
 589 01a4 21000000 		.4byte	.LLST1
 590 01a8 00       		.byte	0
 591 01a9 11       		.uleb128 0x11
 592 01aa AA000000 		.4byte	.LASF27
 593 01ae 01       		.byte	0x1
 594 01af 3301     		.2byte	0x133
 595 01b1 00000000 		.4byte	.LFB8
 596 01b5 0C000000 		.4byte	.LFE8-.LFB8
 597 01b9 01       		.uleb128 0x1
 598 01ba 9C       		.byte	0x9c
 599 01bb 12       		.uleb128 0x12
 600 01bc 68020000 		.4byte	.LASF37
 601 01c0 01       		.byte	0x1
 602 01c1 4801     		.2byte	0x148
 603 01c3 87000000 		.4byte	0x87
 604 01c7 00000000 		.4byte	.LFB9
 605 01cb 18000000 		.4byte	.LFE9-.LFB9
 606 01cf 01       		.uleb128 0x1
 607 01d0 9C       		.byte	0x9c
 608 01d1 11       		.uleb128 0x11
 609 01d2 C8010000 		.4byte	.LASF28
 610 01d6 01       		.byte	0x1
ARM GAS  C:\Users\rbhar\AppData\Local\Temp\ccHriI6b.s 			page 19


 611 01d7 5D01     		.2byte	0x15d
 612 01d9 00000000 		.4byte	.LFB10
 613 01dd 0C000000 		.4byte	.LFE10-.LFB10
 614 01e1 01       		.uleb128 0x1
 615 01e2 9C       		.byte	0x9c
 616 01e3 08       		.uleb128 0x8
 617 01e4 6D000000 		.4byte	.LASF29
 618 01e8 01       		.byte	0x1
 619 01e9 3D       		.byte	0x3d
 620 01ea 00000000 		.4byte	.LFB0
 621 01ee 1C000000 		.4byte	.LFE0-.LFB0
 622 01f2 01       		.uleb128 0x1
 623 01f3 9C       		.byte	0x9c
 624 01f4 35020000 		.4byte	0x235
 625 01f8 09       		.uleb128 0x9
 626 01f9 06000000 		.4byte	.LVL8
 627 01fd D1010000 		.4byte	0x1d1
 628 0201 13       		.uleb128 0x13
 629 0202 0C000000 		.4byte	.LVL9
 630 0206 FA000000 		.4byte	0xfa
 631 020a 18020000 		.4byte	0x218
 632 020e 14       		.uleb128 0x14
 633 020f 01       		.uleb128 0x1
 634 0210 50       		.byte	0x50
 635 0211 05       		.uleb128 0x5
 636 0212 03       		.byte	0x3
 637 0213 00000000 		.4byte	ISR_2_Interrupt
 638 0217 00       		.byte	0
 639 0218 13       		.uleb128 0x13
 640 0219 12000000 		.4byte	.LVL10
 641 021d 57010000 		.4byte	0x157
 642 0221 2B020000 		.4byte	0x22b
 643 0225 14       		.uleb128 0x14
 644 0226 01       		.uleb128 0x1
 645 0227 50       		.byte	0x50
 646 0228 01       		.uleb128 0x1
 647 0229 34       		.byte	0x34
 648 022a 00       		.byte	0
 649 022b 09       		.uleb128 0x9
 650 022c 16000000 		.4byte	.LVL11
 651 0230 A9010000 		.4byte	0x1a9
 652 0234 00       		.byte	0
 653 0235 08       		.uleb128 0x8
 654 0236 B7000000 		.4byte	.LASF30
 655 023a 01       		.byte	0x1
 656 023b 68       		.byte	0x68
 657 023c 00000000 		.4byte	.LFB1
 658 0240 1A000000 		.4byte	.LFE1-.LFB1
 659 0244 01       		.uleb128 0x1
 660 0245 9C       		.byte	0x9c
 661 0246 93020000 		.4byte	0x293
 662 024a 15       		.uleb128 0x15
 663 024b 1A020000 		.4byte	.LASF23
 664 024f 01       		.byte	0x1
 665 0250 68       		.byte	0x68
 666 0251 CF000000 		.4byte	0xcf
 667 0255 38000000 		.4byte	.LLST2
ARM GAS  C:\Users\rbhar\AppData\Local\Temp\ccHriI6b.s 			page 20


 668 0259 09       		.uleb128 0x9
 669 025a 08000000 		.4byte	.LVL13
 670 025e D1010000 		.4byte	0x1d1
 671 0262 13       		.uleb128 0x13
 672 0263 0E000000 		.4byte	.LVL14
 673 0267 FA000000 		.4byte	0xfa
 674 026b 76020000 		.4byte	0x276
 675 026f 14       		.uleb128 0x14
 676 0270 01       		.uleb128 0x1
 677 0271 50       		.byte	0x50
 678 0272 02       		.uleb128 0x2
 679 0273 74       		.byte	0x74
 680 0274 00       		.sleb128 0
 681 0275 00       		.byte	0
 682 0276 13       		.uleb128 0x13
 683 0277 14000000 		.4byte	.LVL15
 684 027b 57010000 		.4byte	0x157
 685 027f 89020000 		.4byte	0x289
 686 0283 14       		.uleb128 0x14
 687 0284 01       		.uleb128 0x1
 688 0285 50       		.byte	0x50
 689 0286 01       		.uleb128 0x1
 690 0287 34       		.byte	0x34
 691 0288 00       		.byte	0
 692 0289 09       		.uleb128 0x9
 693 028a 18000000 		.4byte	.LVL16
 694 028e A9010000 		.4byte	0x1a9
 695 0292 00       		.byte	0
 696 0293 08       		.uleb128 0x8
 697 0294 5D020000 		.4byte	.LASF31
 698 0298 01       		.byte	0x1
 699 0299 86       		.byte	0x86
 700 029a 00000000 		.4byte	.LFB2
 701 029e 14000000 		.4byte	.LFE2-.LFB2
 702 02a2 01       		.uleb128 0x1
 703 02a3 9C       		.byte	0x9c
 704 02a4 BB020000 		.4byte	0x2bb
 705 02a8 09       		.uleb128 0x9
 706 02a9 06000000 		.4byte	.LVL17
 707 02ad D1010000 		.4byte	0x1d1
 708 02b1 09       		.uleb128 0x9
 709 02b2 0C000000 		.4byte	.LVL18
 710 02b6 FA000000 		.4byte	0xfa
 711 02ba 00       		.byte	0
 712 02bb 11       		.uleb128 0x11
 713 02bc 86020000 		.4byte	.LASF32
 714 02c0 01       		.byte	0x1
 715 02c1 7801     		.2byte	0x178
 716 02c3 00000000 		.4byte	.LFB11
 717 02c7 0C000000 		.4byte	.LFE11-.LFB11
 718 02cb 01       		.uleb128 0x1
 719 02cc 9C       		.byte	0x9c
 720 02cd 11       		.uleb128 0x11
 721 02ce 67010000 		.4byte	.LASF33
 722 02d2 01       		.byte	0x1
 723 02d3 9101     		.2byte	0x191
 724 02d5 00000000 		.4byte	.LFB12
ARM GAS  C:\Users\rbhar\AppData\Local\Temp\ccHriI6b.s 			page 21


 725 02d9 0C000000 		.4byte	.LFE12-.LFB12
 726 02dd 01       		.uleb128 0x1
 727 02de 9C       		.byte	0x9c
 728 02df 16       		.uleb128 0x16
 729 02e0 9C000000 		.4byte	.LASF38
 730 02e4 9C000000 		.4byte	.LASF38
 731 02e8 01       		.byte	0x1
 732 02e9 2B       		.byte	0x2b
 733 02ea 00       		.byte	0
 734              		.section	.debug_abbrev,"",%progbits
 735              	.Ldebug_abbrev0:
 736 0000 01       		.uleb128 0x1
 737 0001 11       		.uleb128 0x11
 738 0002 01       		.byte	0x1
 739 0003 25       		.uleb128 0x25
 740 0004 0E       		.uleb128 0xe
 741 0005 13       		.uleb128 0x13
 742 0006 0B       		.uleb128 0xb
 743 0007 03       		.uleb128 0x3
 744 0008 0E       		.uleb128 0xe
 745 0009 1B       		.uleb128 0x1b
 746 000a 0E       		.uleb128 0xe
 747 000b 55       		.uleb128 0x55
 748 000c 17       		.uleb128 0x17
 749 000d 11       		.uleb128 0x11
 750 000e 01       		.uleb128 0x1
 751 000f 10       		.uleb128 0x10
 752 0010 17       		.uleb128 0x17
 753 0011 00       		.byte	0
 754 0012 00       		.byte	0
 755 0013 02       		.uleb128 0x2
 756 0014 24       		.uleb128 0x24
 757 0015 00       		.byte	0
 758 0016 0B       		.uleb128 0xb
 759 0017 0B       		.uleb128 0xb
 760 0018 3E       		.uleb128 0x3e
 761 0019 0B       		.uleb128 0xb
 762 001a 03       		.uleb128 0x3
 763 001b 08       		.uleb128 0x8
 764 001c 00       		.byte	0
 765 001d 00       		.byte	0
 766 001e 03       		.uleb128 0x3
 767 001f 24       		.uleb128 0x24
 768 0020 00       		.byte	0
 769 0021 0B       		.uleb128 0xb
 770 0022 0B       		.uleb128 0xb
 771 0023 3E       		.uleb128 0x3e
 772 0024 0B       		.uleb128 0xb
 773 0025 03       		.uleb128 0x3
 774 0026 0E       		.uleb128 0xe
 775 0027 00       		.byte	0
 776 0028 00       		.byte	0
 777 0029 04       		.uleb128 0x4
 778 002a 0F       		.uleb128 0xf
 779 002b 00       		.byte	0
 780 002c 0B       		.uleb128 0xb
 781 002d 0B       		.uleb128 0xb
ARM GAS  C:\Users\rbhar\AppData\Local\Temp\ccHriI6b.s 			page 22


 782 002e 49       		.uleb128 0x49
 783 002f 13       		.uleb128 0x13
 784 0030 00       		.byte	0
 785 0031 00       		.byte	0
 786 0032 05       		.uleb128 0x5
 787 0033 15       		.uleb128 0x15
 788 0034 00       		.byte	0
 789 0035 27       		.uleb128 0x27
 790 0036 19       		.uleb128 0x19
 791 0037 00       		.byte	0
 792 0038 00       		.byte	0
 793 0039 06       		.uleb128 0x6
 794 003a 16       		.uleb128 0x16
 795 003b 00       		.byte	0
 796 003c 03       		.uleb128 0x3
 797 003d 0E       		.uleb128 0xe
 798 003e 3A       		.uleb128 0x3a
 799 003f 0B       		.uleb128 0xb
 800 0040 3B       		.uleb128 0x3b
 801 0041 05       		.uleb128 0x5
 802 0042 49       		.uleb128 0x49
 803 0043 13       		.uleb128 0x13
 804 0044 00       		.byte	0
 805 0045 00       		.byte	0
 806 0046 07       		.uleb128 0x7
 807 0047 35       		.uleb128 0x35
 808 0048 00       		.byte	0
 809 0049 49       		.uleb128 0x49
 810 004a 13       		.uleb128 0x13
 811 004b 00       		.byte	0
 812 004c 00       		.byte	0
 813 004d 08       		.uleb128 0x8
 814 004e 2E       		.uleb128 0x2e
 815 004f 01       		.byte	0x1
 816 0050 3F       		.uleb128 0x3f
 817 0051 19       		.uleb128 0x19
 818 0052 03       		.uleb128 0x3
 819 0053 0E       		.uleb128 0xe
 820 0054 3A       		.uleb128 0x3a
 821 0055 0B       		.uleb128 0xb
 822 0056 3B       		.uleb128 0x3b
 823 0057 0B       		.uleb128 0xb
 824 0058 27       		.uleb128 0x27
 825 0059 19       		.uleb128 0x19
 826 005a 11       		.uleb128 0x11
 827 005b 01       		.uleb128 0x1
 828 005c 12       		.uleb128 0x12
 829 005d 06       		.uleb128 0x6
 830 005e 40       		.uleb128 0x40
 831 005f 18       		.uleb128 0x18
 832 0060 9742     		.uleb128 0x2117
 833 0062 19       		.uleb128 0x19
 834 0063 01       		.uleb128 0x1
 835 0064 13       		.uleb128 0x13
 836 0065 00       		.byte	0
 837 0066 00       		.byte	0
 838 0067 09       		.uleb128 0x9
ARM GAS  C:\Users\rbhar\AppData\Local\Temp\ccHriI6b.s 			page 23


 839 0068 898201   		.uleb128 0x4109
 840 006b 00       		.byte	0
 841 006c 11       		.uleb128 0x11
 842 006d 01       		.uleb128 0x1
 843 006e 31       		.uleb128 0x31
 844 006f 13       		.uleb128 0x13
 845 0070 00       		.byte	0
 846 0071 00       		.byte	0
 847 0072 0A       		.uleb128 0xa
 848 0073 05       		.uleb128 0x5
 849 0074 00       		.byte	0
 850 0075 03       		.uleb128 0x3
 851 0076 0E       		.uleb128 0xe
 852 0077 3A       		.uleb128 0x3a
 853 0078 0B       		.uleb128 0xb
 854 0079 3B       		.uleb128 0x3b
 855 007a 0B       		.uleb128 0xb
 856 007b 49       		.uleb128 0x49
 857 007c 13       		.uleb128 0x13
 858 007d 02       		.uleb128 0x2
 859 007e 18       		.uleb128 0x18
 860 007f 00       		.byte	0
 861 0080 00       		.byte	0
 862 0081 0B       		.uleb128 0xb
 863 0082 34       		.uleb128 0x34
 864 0083 00       		.byte	0
 865 0084 03       		.uleb128 0x3
 866 0085 0E       		.uleb128 0xe
 867 0086 3A       		.uleb128 0x3a
 868 0087 0B       		.uleb128 0xb
 869 0088 3B       		.uleb128 0x3b
 870 0089 0B       		.uleb128 0xb
 871 008a 49       		.uleb128 0x49
 872 008b 13       		.uleb128 0x13
 873 008c 02       		.uleb128 0x2
 874 008d 18       		.uleb128 0x18
 875 008e 00       		.byte	0
 876 008f 00       		.byte	0
 877 0090 0C       		.uleb128 0xc
 878 0091 2E       		.uleb128 0x2e
 879 0092 01       		.byte	0x1
 880 0093 3F       		.uleb128 0x3f
 881 0094 19       		.uleb128 0x19
 882 0095 03       		.uleb128 0x3
 883 0096 0E       		.uleb128 0xe
 884 0097 3A       		.uleb128 0x3a
 885 0098 0B       		.uleb128 0xb
 886 0099 3B       		.uleb128 0x3b
 887 009a 0B       		.uleb128 0xb
 888 009b 27       		.uleb128 0x27
 889 009c 19       		.uleb128 0x19
 890 009d 49       		.uleb128 0x49
 891 009e 13       		.uleb128 0x13
 892 009f 11       		.uleb128 0x11
 893 00a0 01       		.uleb128 0x1
 894 00a1 12       		.uleb128 0x12
 895 00a2 06       		.uleb128 0x6
ARM GAS  C:\Users\rbhar\AppData\Local\Temp\ccHriI6b.s 			page 24


 896 00a3 40       		.uleb128 0x40
 897 00a4 18       		.uleb128 0x18
 898 00a5 9742     		.uleb128 0x2117
 899 00a7 19       		.uleb128 0x19
 900 00a8 01       		.uleb128 0x1
 901 00a9 13       		.uleb128 0x13
 902 00aa 00       		.byte	0
 903 00ab 00       		.byte	0
 904 00ac 0D       		.uleb128 0xd
 905 00ad 2E       		.uleb128 0x2e
 906 00ae 01       		.byte	0x1
 907 00af 3F       		.uleb128 0x3f
 908 00b0 19       		.uleb128 0x19
 909 00b1 03       		.uleb128 0x3
 910 00b2 0E       		.uleb128 0xe
 911 00b3 3A       		.uleb128 0x3a
 912 00b4 0B       		.uleb128 0xb
 913 00b5 3B       		.uleb128 0x3b
 914 00b6 05       		.uleb128 0x5
 915 00b7 27       		.uleb128 0x27
 916 00b8 19       		.uleb128 0x19
 917 00b9 11       		.uleb128 0x11
 918 00ba 01       		.uleb128 0x1
 919 00bb 12       		.uleb128 0x12
 920 00bc 06       		.uleb128 0x6
 921 00bd 40       		.uleb128 0x40
 922 00be 18       		.uleb128 0x18
 923 00bf 9742     		.uleb128 0x2117
 924 00c1 19       		.uleb128 0x19
 925 00c2 01       		.uleb128 0x1
 926 00c3 13       		.uleb128 0x13
 927 00c4 00       		.byte	0
 928 00c5 00       		.byte	0
 929 00c6 0E       		.uleb128 0xe
 930 00c7 05       		.uleb128 0x5
 931 00c8 00       		.byte	0
 932 00c9 03       		.uleb128 0x3
 933 00ca 0E       		.uleb128 0xe
 934 00cb 3A       		.uleb128 0x3a
 935 00cc 0B       		.uleb128 0xb
 936 00cd 3B       		.uleb128 0x3b
 937 00ce 05       		.uleb128 0x5
 938 00cf 49       		.uleb128 0x49
 939 00d0 13       		.uleb128 0x13
 940 00d1 02       		.uleb128 0x2
 941 00d2 17       		.uleb128 0x17
 942 00d3 00       		.byte	0
 943 00d4 00       		.byte	0
 944 00d5 0F       		.uleb128 0xf
 945 00d6 2E       		.uleb128 0x2e
 946 00d7 01       		.byte	0x1
 947 00d8 3F       		.uleb128 0x3f
 948 00d9 19       		.uleb128 0x19
 949 00da 03       		.uleb128 0x3
 950 00db 0E       		.uleb128 0xe
 951 00dc 3A       		.uleb128 0x3a
 952 00dd 0B       		.uleb128 0xb
ARM GAS  C:\Users\rbhar\AppData\Local\Temp\ccHriI6b.s 			page 25


 953 00de 3B       		.uleb128 0x3b
 954 00df 05       		.uleb128 0x5
 955 00e0 27       		.uleb128 0x27
 956 00e1 19       		.uleb128 0x19
 957 00e2 49       		.uleb128 0x49
 958 00e3 13       		.uleb128 0x13
 959 00e4 11       		.uleb128 0x11
 960 00e5 01       		.uleb128 0x1
 961 00e6 12       		.uleb128 0x12
 962 00e7 06       		.uleb128 0x6
 963 00e8 40       		.uleb128 0x40
 964 00e9 18       		.uleb128 0x18
 965 00ea 9742     		.uleb128 0x2117
 966 00ec 19       		.uleb128 0x19
 967 00ed 01       		.uleb128 0x1
 968 00ee 13       		.uleb128 0x13
 969 00ef 00       		.byte	0
 970 00f0 00       		.byte	0
 971 00f1 10       		.uleb128 0x10
 972 00f2 34       		.uleb128 0x34
 973 00f3 00       		.byte	0
 974 00f4 03       		.uleb128 0x3
 975 00f5 0E       		.uleb128 0xe
 976 00f6 3A       		.uleb128 0x3a
 977 00f7 0B       		.uleb128 0xb
 978 00f8 3B       		.uleb128 0x3b
 979 00f9 05       		.uleb128 0x5
 980 00fa 49       		.uleb128 0x49
 981 00fb 13       		.uleb128 0x13
 982 00fc 02       		.uleb128 0x2
 983 00fd 17       		.uleb128 0x17
 984 00fe 00       		.byte	0
 985 00ff 00       		.byte	0
 986 0100 11       		.uleb128 0x11
 987 0101 2E       		.uleb128 0x2e
 988 0102 00       		.byte	0
 989 0103 3F       		.uleb128 0x3f
 990 0104 19       		.uleb128 0x19
 991 0105 03       		.uleb128 0x3
 992 0106 0E       		.uleb128 0xe
 993 0107 3A       		.uleb128 0x3a
 994 0108 0B       		.uleb128 0xb
 995 0109 3B       		.uleb128 0x3b
 996 010a 05       		.uleb128 0x5
 997 010b 27       		.uleb128 0x27
 998 010c 19       		.uleb128 0x19
 999 010d 11       		.uleb128 0x11
 1000 010e 01       		.uleb128 0x1
 1001 010f 12       		.uleb128 0x12
 1002 0110 06       		.uleb128 0x6
 1003 0111 40       		.uleb128 0x40
 1004 0112 18       		.uleb128 0x18
 1005 0113 9742     		.uleb128 0x2117
 1006 0115 19       		.uleb128 0x19
 1007 0116 00       		.byte	0
 1008 0117 00       		.byte	0
 1009 0118 12       		.uleb128 0x12
ARM GAS  C:\Users\rbhar\AppData\Local\Temp\ccHriI6b.s 			page 26


 1010 0119 2E       		.uleb128 0x2e
 1011 011a 00       		.byte	0
 1012 011b 3F       		.uleb128 0x3f
 1013 011c 19       		.uleb128 0x19
 1014 011d 03       		.uleb128 0x3
 1015 011e 0E       		.uleb128 0xe
 1016 011f 3A       		.uleb128 0x3a
 1017 0120 0B       		.uleb128 0xb
 1018 0121 3B       		.uleb128 0x3b
 1019 0122 05       		.uleb128 0x5
 1020 0123 27       		.uleb128 0x27
 1021 0124 19       		.uleb128 0x19
 1022 0125 49       		.uleb128 0x49
 1023 0126 13       		.uleb128 0x13
 1024 0127 11       		.uleb128 0x11
 1025 0128 01       		.uleb128 0x1
 1026 0129 12       		.uleb128 0x12
 1027 012a 06       		.uleb128 0x6
 1028 012b 40       		.uleb128 0x40
 1029 012c 18       		.uleb128 0x18
 1030 012d 9742     		.uleb128 0x2117
 1031 012f 19       		.uleb128 0x19
 1032 0130 00       		.byte	0
 1033 0131 00       		.byte	0
 1034 0132 13       		.uleb128 0x13
 1035 0133 898201   		.uleb128 0x4109
 1036 0136 01       		.byte	0x1
 1037 0137 11       		.uleb128 0x11
 1038 0138 01       		.uleb128 0x1
 1039 0139 31       		.uleb128 0x31
 1040 013a 13       		.uleb128 0x13
 1041 013b 01       		.uleb128 0x1
 1042 013c 13       		.uleb128 0x13
 1043 013d 00       		.byte	0
 1044 013e 00       		.byte	0
 1045 013f 14       		.uleb128 0x14
 1046 0140 8A8201   		.uleb128 0x410a
 1047 0143 00       		.byte	0
 1048 0144 02       		.uleb128 0x2
 1049 0145 18       		.uleb128 0x18
 1050 0146 9142     		.uleb128 0x2111
 1051 0148 18       		.uleb128 0x18
 1052 0149 00       		.byte	0
 1053 014a 00       		.byte	0
 1054 014b 15       		.uleb128 0x15
 1055 014c 05       		.uleb128 0x5
 1056 014d 00       		.byte	0
 1057 014e 03       		.uleb128 0x3
 1058 014f 0E       		.uleb128 0xe
 1059 0150 3A       		.uleb128 0x3a
 1060 0151 0B       		.uleb128 0xb
 1061 0152 3B       		.uleb128 0x3b
 1062 0153 0B       		.uleb128 0xb
 1063 0154 49       		.uleb128 0x49
 1064 0155 13       		.uleb128 0x13
 1065 0156 02       		.uleb128 0x2
 1066 0157 17       		.uleb128 0x17
ARM GAS  C:\Users\rbhar\AppData\Local\Temp\ccHriI6b.s 			page 27


 1067 0158 00       		.byte	0
 1068 0159 00       		.byte	0
 1069 015a 16       		.uleb128 0x16
 1070 015b 2E       		.uleb128 0x2e
 1071 015c 00       		.byte	0
 1072 015d 3F       		.uleb128 0x3f
 1073 015e 19       		.uleb128 0x19
 1074 015f 3C       		.uleb128 0x3c
 1075 0160 19       		.uleb128 0x19
 1076 0161 6E       		.uleb128 0x6e
 1077 0162 0E       		.uleb128 0xe
 1078 0163 03       		.uleb128 0x3
 1079 0164 0E       		.uleb128 0xe
 1080 0165 3A       		.uleb128 0x3a
 1081 0166 0B       		.uleb128 0xb
 1082 0167 3B       		.uleb128 0x3b
 1083 0168 0B       		.uleb128 0xb
 1084 0169 00       		.byte	0
 1085 016a 00       		.byte	0
 1086 016b 00       		.byte	0
 1087              		.section	.debug_loc,"",%progbits
 1088              	.Ldebug_loc0:
 1089              	.LLST0:
 1090 0000 00000000 		.4byte	.LVL4
 1091 0004 02000000 		.4byte	.LVL5
 1092 0008 0100     		.2byte	0x1
 1093 000a 50       		.byte	0x50
 1094 000b 02000000 		.4byte	.LVL5
 1095 000f 10000000 		.4byte	.LFE6
 1096 0013 0400     		.2byte	0x4
 1097 0015 F3       		.byte	0xf3
 1098 0016 01       		.uleb128 0x1
 1099 0017 50       		.byte	0x50
 1100 0018 9F       		.byte	0x9f
 1101 0019 00000000 		.4byte	0
 1102 001d 00000000 		.4byte	0
 1103              	.LLST1:
 1104 0021 04000000 		.4byte	.LVL6
 1105 0025 06000000 		.4byte	.LVL7
 1106 0029 0500     		.2byte	0x5
 1107 002b 70       		.byte	0x70
 1108 002c 00       		.sleb128 0
 1109 002d 35       		.byte	0x35
 1110 002e 25       		.byte	0x25
 1111 002f 9F       		.byte	0x9f
 1112 0030 00000000 		.4byte	0
 1113 0034 00000000 		.4byte	0
 1114              	.LLST2:
 1115 0038 00000000 		.4byte	.LVL12
 1116 003c 07000000 		.4byte	.LVL13-1
 1117 0040 0100     		.2byte	0x1
 1118 0042 50       		.byte	0x50
 1119 0043 07000000 		.4byte	.LVL13-1
 1120 0047 1A000000 		.4byte	.LFE1
 1121 004b 0100     		.2byte	0x1
 1122 004d 54       		.byte	0x54
 1123 004e 00000000 		.4byte	0
ARM GAS  C:\Users\rbhar\AppData\Local\Temp\ccHriI6b.s 			page 28


 1124 0052 00000000 		.4byte	0
 1125              		.section	.debug_aranges,"",%progbits
 1126 0000 7C000000 		.4byte	0x7c
 1127 0004 0200     		.2byte	0x2
 1128 0006 00000000 		.4byte	.Ldebug_info0
 1129 000a 04       		.byte	0x4
 1130 000b 00       		.byte	0
 1131 000c 0000     		.2byte	0
 1132 000e 0000     		.2byte	0
 1133 0010 00000000 		.4byte	.LFB3
 1134 0014 08000000 		.4byte	.LFE3-.LFB3
 1135 0018 00000000 		.4byte	.LFB4
 1136 001c 0C000000 		.4byte	.LFE4-.LFB4
 1137 0020 00000000 		.4byte	.LFB5
 1138 0024 0C000000 		.4byte	.LFE5-.LFB5
 1139 0028 00000000 		.4byte	.LFB6
 1140 002c 10000000 		.4byte	.LFE6-.LFB6
 1141 0030 00000000 		.4byte	.LFB7
 1142 0034 0C000000 		.4byte	.LFE7-.LFB7
 1143 0038 00000000 		.4byte	.LFB8
 1144 003c 0C000000 		.4byte	.LFE8-.LFB8
 1145 0040 00000000 		.4byte	.LFB9
 1146 0044 18000000 		.4byte	.LFE9-.LFB9
 1147 0048 00000000 		.4byte	.LFB10
 1148 004c 0C000000 		.4byte	.LFE10-.LFB10
 1149 0050 00000000 		.4byte	.LFB0
 1150 0054 1C000000 		.4byte	.LFE0-.LFB0
 1151 0058 00000000 		.4byte	.LFB1
 1152 005c 1A000000 		.4byte	.LFE1-.LFB1
 1153 0060 00000000 		.4byte	.LFB2
 1154 0064 14000000 		.4byte	.LFE2-.LFB2
 1155 0068 00000000 		.4byte	.LFB11
 1156 006c 0C000000 		.4byte	.LFE11-.LFB11
 1157 0070 00000000 		.4byte	.LFB12
 1158 0074 0C000000 		.4byte	.LFE12-.LFB12
 1159 0078 00000000 		.4byte	0
 1160 007c 00000000 		.4byte	0
 1161              		.section	.debug_ranges,"",%progbits
 1162              	.Ldebug_ranges0:
 1163 0000 00000000 		.4byte	.LFB3
 1164 0004 08000000 		.4byte	.LFE3
 1165 0008 00000000 		.4byte	.LFB4
 1166 000c 0C000000 		.4byte	.LFE4
 1167 0010 00000000 		.4byte	.LFB5
 1168 0014 0C000000 		.4byte	.LFE5
 1169 0018 00000000 		.4byte	.LFB6
 1170 001c 10000000 		.4byte	.LFE6
 1171 0020 00000000 		.4byte	.LFB7
 1172 0024 0C000000 		.4byte	.LFE7
 1173 0028 00000000 		.4byte	.LFB8
 1174 002c 0C000000 		.4byte	.LFE8
 1175 0030 00000000 		.4byte	.LFB9
 1176 0034 18000000 		.4byte	.LFE9
 1177 0038 00000000 		.4byte	.LFB10
 1178 003c 0C000000 		.4byte	.LFE10
 1179 0040 00000000 		.4byte	.LFB0
 1180 0044 1C000000 		.4byte	.LFE0
ARM GAS  C:\Users\rbhar\AppData\Local\Temp\ccHriI6b.s 			page 29


 1181 0048 00000000 		.4byte	.LFB1
 1182 004c 1A000000 		.4byte	.LFE1
 1183 0050 00000000 		.4byte	.LFB2
 1184 0054 14000000 		.4byte	.LFE2
 1185 0058 00000000 		.4byte	.LFB11
 1186 005c 0C000000 		.4byte	.LFE11
 1187 0060 00000000 		.4byte	.LFB12
 1188 0064 0C000000 		.4byte	.LFE12
 1189 0068 00000000 		.4byte	0
 1190 006c 00000000 		.4byte	0
 1191              		.section	.debug_line,"",%progbits
 1192              	.Ldebug_line0:
 1193 0000 2F010000 		.section	.debug_str,"MS",%progbits,1
 1193      02004200 
 1193      00000201 
 1193      FB0E0D00 
 1193      01010101 
 1194              	.LASF17:
 1195 0000 72656733 		.ascii	"reg32\000"
 1195      3200
 1196              	.LASF36:
 1197 0006 443A5C48 		.ascii	"D:\\HDA\\Pre-Semester\\2_Microcontroller\\LabWorksp"
 1197      44415C50 
 1197      72652D53 
 1197      656D6573 
 1197      7465725C 
 1198 0035 6163655C 		.ascii	"ace\\LabMicrocontroller\\day1_led.cydsn\000"
 1198      4C61624D 
 1198      6963726F 
 1198      636F6E74 
 1198      726F6C6C 
 1199              	.LASF26:
 1200 005b 4953525F 		.ascii	"ISR_2_GetPriority\000"
 1200      325F4765 
 1200      74507269 
 1200      6F726974 
 1200      7900
 1201              	.LASF29:
 1202 006d 4953525F 		.ascii	"ISR_2_Start\000"
 1202      325F5374 
 1202      61727400 
 1203              	.LASF20:
 1204 0079 4953525F 		.ascii	"ISR_2_SetVector\000"
 1204      325F5365 
 1204      74566563 
 1204      746F7200 
 1205              	.LASF6:
 1206 0089 73686F72 		.ascii	"short unsigned int\000"
 1206      7420756E 
 1206      7369676E 
 1206      65642069 
 1206      6E7400
 1207              	.LASF38:
 1208 009c 49535232 		.ascii	"ISR2_Callback\000"
 1208      5F43616C 
 1208      6C626163 
 1208      6B00
ARM GAS  C:\Users\rbhar\AppData\Local\Temp\ccHriI6b.s 			page 30


 1209              	.LASF27:
 1210 00aa 4953525F 		.ascii	"ISR_2_Enable\000"
 1210      325F456E 
 1210      61626C65 
 1210      00
 1211              	.LASF30:
 1212 00b7 4953525F 		.ascii	"ISR_2_StartEx\000"
 1212      325F5374 
 1212      61727445 
 1212      7800
 1213              	.LASF14:
 1214 00c5 666C6F61 		.ascii	"float\000"
 1214      7400
 1215              	.LASF4:
 1216 00cb 756E7369 		.ascii	"unsigned char\000"
 1216      676E6564 
 1216      20636861 
 1216      7200
 1217              	.LASF34:
 1218 00d9 474E5520 		.ascii	"GNU C11 5.4.1 20160609 (release) [ARM/embedded-5-br"
 1218      43313120 
 1218      352E342E 
 1218      31203230 
 1218      31363036 
 1219 010c 616E6368 		.ascii	"anch revision 237715] -mcpu=cortex-m3 -mthumb -g -O"
 1219      20726576 
 1219      6973696F 
 1219      6E203233 
 1219      37373135 
 1220 013f 67202D66 		.ascii	"g -ffunction-sections -ffat-lto-objects\000"
 1220      66756E63 
 1220      74696F6E 
 1220      2D736563 
 1220      74696F6E 
 1221              	.LASF33:
 1222 0167 4953525F 		.ascii	"ISR_2_ClearPending\000"
 1222      325F436C 
 1222      65617250 
 1222      656E6469 
 1222      6E6700
 1223              	.LASF16:
 1224 017a 72656738 		.ascii	"reg8\000"
 1224      00
 1225              	.LASF35:
 1226 017f 47656E65 		.ascii	"Generated_Source\\PSoC5\\ISR_2.c\000"
 1226      72617465 
 1226      645F536F 
 1226      75726365 
 1226      5C50536F 
 1227              	.LASF22:
 1228 019e 4953525F 		.ascii	"ISR_2_SetPriority\000"
 1228      325F5365 
 1228      74507269 
 1228      6F726974 
 1228      7900
 1229              	.LASF8:
 1230 01b0 6C6F6E67 		.ascii	"long unsigned int\000"
ARM GAS  C:\Users\rbhar\AppData\Local\Temp\ccHriI6b.s 			page 31


 1230      20756E73 
 1230      69676E65 
 1230      6420696E 
 1230      7400
 1231              	.LASF12:
 1232 01c2 75696E74 		.ascii	"uint8\000"
 1232      3800
 1233              	.LASF28:
 1234 01c8 4953525F 		.ascii	"ISR_2_Disable\000"
 1234      325F4469 
 1234      7361626C 
 1234      6500
 1235              	.LASF24:
 1236 01d6 7072696F 		.ascii	"priority\000"
 1236      72697479 
 1236      00
 1237              	.LASF15:
 1238 01df 646F7562 		.ascii	"double\000"
 1238      6C6500
 1239              	.LASF25:
 1240 01e6 4953525F 		.ascii	"ISR_2_GetVector\000"
 1240      325F4765 
 1240      74566563 
 1240      746F7200 
 1241              	.LASF19:
 1242 01f6 4953525F 		.ascii	"ISR_2_Interrupt\000"
 1242      325F496E 
 1242      74657272 
 1242      75707400 
 1243              	.LASF13:
 1244 0206 75696E74 		.ascii	"uint32\000"
 1244      333200
 1245              	.LASF0:
 1246 020d 756E7369 		.ascii	"unsigned int\000"
 1246      676E6564 
 1246      20696E74 
 1246      00
 1247              	.LASF23:
 1248 021a 61646472 		.ascii	"address\000"
 1248      65737300 
 1249              	.LASF9:
 1250 0222 6C6F6E67 		.ascii	"long long unsigned int\000"
 1250      206C6F6E 
 1250      6720756E 
 1250      7369676E 
 1250      65642069 
 1251              	.LASF18:
 1252 0239 63796973 		.ascii	"cyisraddress\000"
 1252      72616464 
 1252      72657373 
 1252      00
 1253              	.LASF10:
 1254 0246 73697A65 		.ascii	"sizetype\000"
 1254      74797065 
 1254      00
 1255              	.LASF1:
 1256 024f 6C6F6E67 		.ascii	"long long int\000"
ARM GAS  C:\Users\rbhar\AppData\Local\Temp\ccHriI6b.s 			page 32


 1256      206C6F6E 
 1256      6720696E 
 1256      7400
 1257              	.LASF31:
 1258 025d 4953525F 		.ascii	"ISR_2_Stop\000"
 1258      325F5374 
 1258      6F7000
 1259              	.LASF37:
 1260 0268 4953525F 		.ascii	"ISR_2_GetState\000"
 1260      325F4765 
 1260      74537461 
 1260      746500
 1261              	.LASF21:
 1262 0277 72616D56 		.ascii	"ramVectorTable\000"
 1262      6563746F 
 1262      72546162 
 1262      6C6500
 1263              	.LASF32:
 1264 0286 4953525F 		.ascii	"ISR_2_SetPending\000"
 1264      325F5365 
 1264      7450656E 
 1264      64696E67 
 1264      00
 1265              	.LASF5:
 1266 0297 73686F72 		.ascii	"short int\000"
 1266      7420696E 
 1266      7400
 1267              	.LASF7:
 1268 02a1 6C6F6E67 		.ascii	"long int\000"
 1268      20696E74 
 1268      00
 1269              	.LASF11:
 1270 02aa 63686172 		.ascii	"char\000"
 1270      00
 1271              	.LASF2:
 1272 02af 6C6F6E67 		.ascii	"long double\000"
 1272      20646F75 
 1272      626C6500 
 1273              	.LASF3:
 1274 02bb 7369676E 		.ascii	"signed char\000"
 1274      65642063 
 1274      68617200 
 1275              		.ident	"GCC: (GNU Tools for ARM Embedded Processors) 5.4.1 20160609 (release) [ARM/embedded-5-bran
