ARM GAS  C:\Users\rbhar\AppData\Local\Temp\ccId1BRv.s 			page 1


   1              		.syntax unified
   2              		.cpu cortex-m3
   3              		.fpu softvfp
   4              		.eabi_attribute 20, 1
   5              		.eabi_attribute 21, 1
   6              		.eabi_attribute 23, 3
   7              		.eabi_attribute 24, 1
   8              		.eabi_attribute 25, 1
   9              		.eabi_attribute 26, 1
  10              		.eabi_attribute 30, 1
  11              		.eabi_attribute 34, 1
  12              		.eabi_attribute 18, 4
  13              		.thumb
  14              		.syntax unified
  15              		.file	"ISR_1.c"
  16              		.text
  17              	.Ltext0:
  18              		.cfi_sections	.debug_frame
  19              		.section	.text.ISR_1_Interrupt,"ax",%progbits
  20              		.align	2
  21              		.global	ISR_1_Interrupt
  22              		.thumb
  23              		.thumb_func
  24              		.type	ISR_1_Interrupt, %function
  25              	ISR_1_Interrupt:
  26              	.LFB3:
  27              		.file 1 "Generated_Source\\PSoC5\\ISR_1.c"
   1:Generated_Source\PSoC5/ISR_1.c **** /*******************************************************************************
   2:Generated_Source\PSoC5/ISR_1.c **** * File Name: ISR_1.c  
   3:Generated_Source\PSoC5/ISR_1.c **** * Version 1.70
   4:Generated_Source\PSoC5/ISR_1.c **** *
   5:Generated_Source\PSoC5/ISR_1.c **** *  Description:
   6:Generated_Source\PSoC5/ISR_1.c **** *   API for controlling the state of an interrupt.
   7:Generated_Source\PSoC5/ISR_1.c **** *
   8:Generated_Source\PSoC5/ISR_1.c **** *
   9:Generated_Source\PSoC5/ISR_1.c **** *  Note:
  10:Generated_Source\PSoC5/ISR_1.c **** *
  11:Generated_Source\PSoC5/ISR_1.c **** ********************************************************************************
  12:Generated_Source\PSoC5/ISR_1.c **** * Copyright 2008-2015, Cypress Semiconductor Corporation.  All rights reserved.
  13:Generated_Source\PSoC5/ISR_1.c **** * You may use this file only in accordance with the license, terms, conditions, 
  14:Generated_Source\PSoC5/ISR_1.c **** * disclaimers, and limitations in the end user license agreement accompanying 
  15:Generated_Source\PSoC5/ISR_1.c **** * the software package with which this file was provided.
  16:Generated_Source\PSoC5/ISR_1.c **** *******************************************************************************/
  17:Generated_Source\PSoC5/ISR_1.c **** 
  18:Generated_Source\PSoC5/ISR_1.c **** 
  19:Generated_Source\PSoC5/ISR_1.c **** #include <cydevice_trm.h>
  20:Generated_Source\PSoC5/ISR_1.c **** #include <CyLib.h>
  21:Generated_Source\PSoC5/ISR_1.c **** #include <ISR_1.h>
  22:Generated_Source\PSoC5/ISR_1.c **** #include "cyapicallbacks.h"
  23:Generated_Source\PSoC5/ISR_1.c **** 
  24:Generated_Source\PSoC5/ISR_1.c **** #if !defined(ISR_1__REMOVED) /* Check for removal by optimization */
  25:Generated_Source\PSoC5/ISR_1.c **** 
  26:Generated_Source\PSoC5/ISR_1.c **** /*******************************************************************************
  27:Generated_Source\PSoC5/ISR_1.c **** *  Place your includes, defines and code here 
  28:Generated_Source\PSoC5/ISR_1.c **** ********************************************************************************/
  29:Generated_Source\PSoC5/ISR_1.c **** /* `#START ISR_1_intc` */
  30:Generated_Source\PSoC5/ISR_1.c **** 
ARM GAS  C:\Users\rbhar\AppData\Local\Temp\ccId1BRv.s 			page 2


  31:Generated_Source\PSoC5/ISR_1.c **** /* `#END` */
  32:Generated_Source\PSoC5/ISR_1.c **** 
  33:Generated_Source\PSoC5/ISR_1.c **** #ifndef CYINT_IRQ_BASE
  34:Generated_Source\PSoC5/ISR_1.c **** #define CYINT_IRQ_BASE      16
  35:Generated_Source\PSoC5/ISR_1.c **** #endif /* CYINT_IRQ_BASE */
  36:Generated_Source\PSoC5/ISR_1.c **** #ifndef CYINT_VECT_TABLE
  37:Generated_Source\PSoC5/ISR_1.c **** #define CYINT_VECT_TABLE    ((cyisraddress **) CYREG_NVIC_VECT_OFFSET)
  38:Generated_Source\PSoC5/ISR_1.c **** #endif /* CYINT_VECT_TABLE */
  39:Generated_Source\PSoC5/ISR_1.c **** 
  40:Generated_Source\PSoC5/ISR_1.c **** /* Declared in startup, used to set unused interrupts to. */
  41:Generated_Source\PSoC5/ISR_1.c **** CY_ISR_PROTO(IntDefaultHandler);
  42:Generated_Source\PSoC5/ISR_1.c **** 
  43:Generated_Source\PSoC5/ISR_1.c **** extern void ISR1_Callback(void);
  44:Generated_Source\PSoC5/ISR_1.c **** /*******************************************************************************
  45:Generated_Source\PSoC5/ISR_1.c **** * Function Name: ISR_1_Start
  46:Generated_Source\PSoC5/ISR_1.c **** ********************************************************************************
  47:Generated_Source\PSoC5/ISR_1.c **** *
  48:Generated_Source\PSoC5/ISR_1.c **** * Summary:
  49:Generated_Source\PSoC5/ISR_1.c **** *  Set up the interrupt and enable it. This function disables the interrupt, 
  50:Generated_Source\PSoC5/ISR_1.c **** *  sets the default interrupt vector, sets the priority from the value in the
  51:Generated_Source\PSoC5/ISR_1.c **** *  Design Wide Resources Interrupt Editor, then enables the interrupt to the 
  52:Generated_Source\PSoC5/ISR_1.c **** *  interrupt controller.
  53:Generated_Source\PSoC5/ISR_1.c **** *
  54:Generated_Source\PSoC5/ISR_1.c **** * Parameters:  
  55:Generated_Source\PSoC5/ISR_1.c **** *   None
  56:Generated_Source\PSoC5/ISR_1.c **** *
  57:Generated_Source\PSoC5/ISR_1.c **** * Return:
  58:Generated_Source\PSoC5/ISR_1.c **** *   None
  59:Generated_Source\PSoC5/ISR_1.c **** *
  60:Generated_Source\PSoC5/ISR_1.c **** *******************************************************************************/
  61:Generated_Source\PSoC5/ISR_1.c **** void ISR_1_Start(void)
  62:Generated_Source\PSoC5/ISR_1.c **** {
  63:Generated_Source\PSoC5/ISR_1.c ****     /* For all we know the interrupt is active. */
  64:Generated_Source\PSoC5/ISR_1.c ****     ISR_1_Disable();
  65:Generated_Source\PSoC5/ISR_1.c **** 
  66:Generated_Source\PSoC5/ISR_1.c ****     /* Set the ISR to point to the ISR_1 Interrupt. */
  67:Generated_Source\PSoC5/ISR_1.c ****     ISR_1_SetVector(&ISR_1_Interrupt);
  68:Generated_Source\PSoC5/ISR_1.c **** 
  69:Generated_Source\PSoC5/ISR_1.c ****     /* Set the priority. */
  70:Generated_Source\PSoC5/ISR_1.c ****     ISR_1_SetPriority((uint8)ISR_1_INTC_PRIOR_NUMBER);
  71:Generated_Source\PSoC5/ISR_1.c **** 
  72:Generated_Source\PSoC5/ISR_1.c ****     /* Enable it. */
  73:Generated_Source\PSoC5/ISR_1.c ****     ISR_1_Enable();
  74:Generated_Source\PSoC5/ISR_1.c **** }
  75:Generated_Source\PSoC5/ISR_1.c **** 
  76:Generated_Source\PSoC5/ISR_1.c **** 
  77:Generated_Source\PSoC5/ISR_1.c **** /*******************************************************************************
  78:Generated_Source\PSoC5/ISR_1.c **** * Function Name: ISR_1_StartEx
  79:Generated_Source\PSoC5/ISR_1.c **** ********************************************************************************
  80:Generated_Source\PSoC5/ISR_1.c **** *
  81:Generated_Source\PSoC5/ISR_1.c **** * Summary:
  82:Generated_Source\PSoC5/ISR_1.c **** *  Sets up the interrupt and enables it. This function disables the interrupt,
  83:Generated_Source\PSoC5/ISR_1.c **** *  sets the interrupt vector based on the address passed in, sets the priority 
  84:Generated_Source\PSoC5/ISR_1.c **** *  from the value in the Design Wide Resources Interrupt Editor, then enables 
  85:Generated_Source\PSoC5/ISR_1.c **** *  the interrupt to the interrupt controller.
  86:Generated_Source\PSoC5/ISR_1.c **** *  
  87:Generated_Source\PSoC5/ISR_1.c **** *  When defining ISR functions, the CY_ISR and CY_ISR_PROTO macros should be 
ARM GAS  C:\Users\rbhar\AppData\Local\Temp\ccId1BRv.s 			page 3


  88:Generated_Source\PSoC5/ISR_1.c **** *  used to provide consistent definition across compilers:
  89:Generated_Source\PSoC5/ISR_1.c **** *  
  90:Generated_Source\PSoC5/ISR_1.c **** *  Function definition example:
  91:Generated_Source\PSoC5/ISR_1.c **** *   CY_ISR(MyISR)
  92:Generated_Source\PSoC5/ISR_1.c **** *   {
  93:Generated_Source\PSoC5/ISR_1.c **** *   }
  94:Generated_Source\PSoC5/ISR_1.c **** *   Function prototype example:
  95:Generated_Source\PSoC5/ISR_1.c **** *   CY_ISR_PROTO(MyISR);
  96:Generated_Source\PSoC5/ISR_1.c **** *
  97:Generated_Source\PSoC5/ISR_1.c **** * Parameters:  
  98:Generated_Source\PSoC5/ISR_1.c **** *   address: Address of the ISR to set in the interrupt vector table.
  99:Generated_Source\PSoC5/ISR_1.c **** *
 100:Generated_Source\PSoC5/ISR_1.c **** * Return:
 101:Generated_Source\PSoC5/ISR_1.c **** *   None
 102:Generated_Source\PSoC5/ISR_1.c **** *
 103:Generated_Source\PSoC5/ISR_1.c **** *******************************************************************************/
 104:Generated_Source\PSoC5/ISR_1.c **** void ISR_1_StartEx(cyisraddress address)
 105:Generated_Source\PSoC5/ISR_1.c **** {
 106:Generated_Source\PSoC5/ISR_1.c ****     /* For all we know the interrupt is active. */
 107:Generated_Source\PSoC5/ISR_1.c ****     ISR_1_Disable();
 108:Generated_Source\PSoC5/ISR_1.c **** 
 109:Generated_Source\PSoC5/ISR_1.c ****     /* Set the ISR to point to the ISR_1 Interrupt. */
 110:Generated_Source\PSoC5/ISR_1.c ****     ISR_1_SetVector(address);
 111:Generated_Source\PSoC5/ISR_1.c **** 
 112:Generated_Source\PSoC5/ISR_1.c ****     /* Set the priority. */
 113:Generated_Source\PSoC5/ISR_1.c ****     ISR_1_SetPriority((uint8)ISR_1_INTC_PRIOR_NUMBER);
 114:Generated_Source\PSoC5/ISR_1.c **** 
 115:Generated_Source\PSoC5/ISR_1.c ****     /* Enable it. */
 116:Generated_Source\PSoC5/ISR_1.c ****     ISR_1_Enable();
 117:Generated_Source\PSoC5/ISR_1.c **** }
 118:Generated_Source\PSoC5/ISR_1.c **** 
 119:Generated_Source\PSoC5/ISR_1.c **** 
 120:Generated_Source\PSoC5/ISR_1.c **** /*******************************************************************************
 121:Generated_Source\PSoC5/ISR_1.c **** * Function Name: ISR_1_Stop
 122:Generated_Source\PSoC5/ISR_1.c **** ********************************************************************************
 123:Generated_Source\PSoC5/ISR_1.c **** *
 124:Generated_Source\PSoC5/ISR_1.c **** * Summary:
 125:Generated_Source\PSoC5/ISR_1.c **** *   Disables and removes the interrupt.
 126:Generated_Source\PSoC5/ISR_1.c **** *
 127:Generated_Source\PSoC5/ISR_1.c **** * Parameters:  
 128:Generated_Source\PSoC5/ISR_1.c **** *   None
 129:Generated_Source\PSoC5/ISR_1.c **** *
 130:Generated_Source\PSoC5/ISR_1.c **** * Return:
 131:Generated_Source\PSoC5/ISR_1.c **** *   None
 132:Generated_Source\PSoC5/ISR_1.c **** *
 133:Generated_Source\PSoC5/ISR_1.c **** *******************************************************************************/
 134:Generated_Source\PSoC5/ISR_1.c **** void ISR_1_Stop(void)
 135:Generated_Source\PSoC5/ISR_1.c **** {
 136:Generated_Source\PSoC5/ISR_1.c ****     /* Disable this interrupt. */
 137:Generated_Source\PSoC5/ISR_1.c ****     ISR_1_Disable();
 138:Generated_Source\PSoC5/ISR_1.c **** 
 139:Generated_Source\PSoC5/ISR_1.c ****     /* Set the ISR to point to the passive one. */
 140:Generated_Source\PSoC5/ISR_1.c ****     ISR_1_SetVector(&IntDefaultHandler);
 141:Generated_Source\PSoC5/ISR_1.c **** }
 142:Generated_Source\PSoC5/ISR_1.c **** 
 143:Generated_Source\PSoC5/ISR_1.c **** 
 144:Generated_Source\PSoC5/ISR_1.c **** /*******************************************************************************
ARM GAS  C:\Users\rbhar\AppData\Local\Temp\ccId1BRv.s 			page 4


 145:Generated_Source\PSoC5/ISR_1.c **** * Function Name: ISR_1_Interrupt
 146:Generated_Source\PSoC5/ISR_1.c **** ********************************************************************************
 147:Generated_Source\PSoC5/ISR_1.c **** *
 148:Generated_Source\PSoC5/ISR_1.c **** * Summary:
 149:Generated_Source\PSoC5/ISR_1.c **** *   The default Interrupt Service Routine for ISR_1.
 150:Generated_Source\PSoC5/ISR_1.c **** *
 151:Generated_Source\PSoC5/ISR_1.c **** *   Add custom code between the coments to keep the next version of this file
 152:Generated_Source\PSoC5/ISR_1.c **** *   from over writting your code.
 153:Generated_Source\PSoC5/ISR_1.c **** *
 154:Generated_Source\PSoC5/ISR_1.c **** * Parameters:  
 155:Generated_Source\PSoC5/ISR_1.c **** *
 156:Generated_Source\PSoC5/ISR_1.c **** * Return:
 157:Generated_Source\PSoC5/ISR_1.c **** *   None
 158:Generated_Source\PSoC5/ISR_1.c **** *
 159:Generated_Source\PSoC5/ISR_1.c **** *******************************************************************************/
 160:Generated_Source\PSoC5/ISR_1.c **** CY_ISR(ISR_1_Interrupt)
 161:Generated_Source\PSoC5/ISR_1.c **** {
  28              		.loc 1 161 0
  29              		.cfi_startproc
  30              		@ args = 0, pretend = 0, frame = 0
  31              		@ frame_needed = 0, uses_anonymous_args = 0
  32 0000 08B5     		push	{r3, lr}
  33              		.cfi_def_cfa_offset 8
  34              		.cfi_offset 3, -8
  35              		.cfi_offset 14, -4
 162:Generated_Source\PSoC5/ISR_1.c ****     #ifdef ISR_1_INTERRUPT_INTERRUPT_CALLBACK
 163:Generated_Source\PSoC5/ISR_1.c ****         ISR_1_Interrupt_InterruptCallback();
 164:Generated_Source\PSoC5/ISR_1.c ****     #endif /* ISR_1_INTERRUPT_INTERRUPT_CALLBACK */ 
 165:Generated_Source\PSoC5/ISR_1.c **** 
 166:Generated_Source\PSoC5/ISR_1.c ****     /*  Place your Interrupt code here. */
 167:Generated_Source\PSoC5/ISR_1.c ****     /* `#START ISR_1_Interrupt` */
 168:Generated_Source\PSoC5/ISR_1.c ****     ISR1_Callback();
  36              		.loc 1 168 0
  37 0002 FFF7FEFF 		bl	ISR1_Callback
  38              	.LVL0:
  39 0006 08BD     		pop	{r3, pc}
  40              		.cfi_endproc
  41              	.LFE3:
  42              		.size	ISR_1_Interrupt, .-ISR_1_Interrupt
  43              		.section	.text.ISR_1_SetVector,"ax",%progbits
  44              		.align	2
  45              		.global	ISR_1_SetVector
  46              		.thumb
  47              		.thumb_func
  48              		.type	ISR_1_SetVector, %function
  49              	ISR_1_SetVector:
  50              	.LFB4:
 169:Generated_Source\PSoC5/ISR_1.c ****     /* `#END` */
 170:Generated_Source\PSoC5/ISR_1.c **** }
 171:Generated_Source\PSoC5/ISR_1.c **** 
 172:Generated_Source\PSoC5/ISR_1.c **** 
 173:Generated_Source\PSoC5/ISR_1.c **** /*******************************************************************************
 174:Generated_Source\PSoC5/ISR_1.c **** * Function Name: ISR_1_SetVector
 175:Generated_Source\PSoC5/ISR_1.c **** ********************************************************************************
 176:Generated_Source\PSoC5/ISR_1.c **** *
 177:Generated_Source\PSoC5/ISR_1.c **** * Summary:
 178:Generated_Source\PSoC5/ISR_1.c **** *   Change the ISR vector for the Interrupt. Note calling ISR_1_Start
ARM GAS  C:\Users\rbhar\AppData\Local\Temp\ccId1BRv.s 			page 5


 179:Generated_Source\PSoC5/ISR_1.c **** *   will override any effect this method would have had. To set the vector 
 180:Generated_Source\PSoC5/ISR_1.c **** *   before the component has been started use ISR_1_StartEx instead.
 181:Generated_Source\PSoC5/ISR_1.c **** * 
 182:Generated_Source\PSoC5/ISR_1.c **** *   When defining ISR functions, the CY_ISR and CY_ISR_PROTO macros should be 
 183:Generated_Source\PSoC5/ISR_1.c **** *   used to provide consistent definition across compilers:
 184:Generated_Source\PSoC5/ISR_1.c **** *
 185:Generated_Source\PSoC5/ISR_1.c **** *   Function definition example:
 186:Generated_Source\PSoC5/ISR_1.c **** *   CY_ISR(MyISR)
 187:Generated_Source\PSoC5/ISR_1.c **** *   {
 188:Generated_Source\PSoC5/ISR_1.c **** *   }
 189:Generated_Source\PSoC5/ISR_1.c **** *
 190:Generated_Source\PSoC5/ISR_1.c **** *   Function prototype example:
 191:Generated_Source\PSoC5/ISR_1.c **** *     CY_ISR_PROTO(MyISR);
 192:Generated_Source\PSoC5/ISR_1.c **** *
 193:Generated_Source\PSoC5/ISR_1.c **** * Parameters:
 194:Generated_Source\PSoC5/ISR_1.c **** *   address: Address of the ISR to set in the interrupt vector table.
 195:Generated_Source\PSoC5/ISR_1.c **** *
 196:Generated_Source\PSoC5/ISR_1.c **** * Return:
 197:Generated_Source\PSoC5/ISR_1.c **** *   None
 198:Generated_Source\PSoC5/ISR_1.c **** *
 199:Generated_Source\PSoC5/ISR_1.c **** *******************************************************************************/
 200:Generated_Source\PSoC5/ISR_1.c **** void ISR_1_SetVector(cyisraddress address)
 201:Generated_Source\PSoC5/ISR_1.c **** {
  51              		.loc 1 201 0
  52              		.cfi_startproc
  53              		@ args = 0, pretend = 0, frame = 0
  54              		@ frame_needed = 0, uses_anonymous_args = 0
  55              		@ link register save eliminated.
  56              	.LVL1:
 202:Generated_Source\PSoC5/ISR_1.c ****     cyisraddress * ramVectorTable;
 203:Generated_Source\PSoC5/ISR_1.c **** 
 204:Generated_Source\PSoC5/ISR_1.c ****     ramVectorTable = (cyisraddress *) *CYINT_VECT_TABLE;
  57              		.loc 1 204 0
  58 0000 014B     		ldr	r3, .L4
  59 0002 1B68     		ldr	r3, [r3]
  60              	.LVL2:
 205:Generated_Source\PSoC5/ISR_1.c **** 
 206:Generated_Source\PSoC5/ISR_1.c ****     ramVectorTable[CYINT_IRQ_BASE + (uint32)ISR_1__INTC_NUMBER] = address;
  61              		.loc 1 206 0
  62 0004 1864     		str	r0, [r3, #64]
  63 0006 7047     		bx	lr
  64              	.L5:
  65              		.align	2
  66              	.L4:
  67 0008 08ED00E0 		.word	-536810232
  68              		.cfi_endproc
  69              	.LFE4:
  70              		.size	ISR_1_SetVector, .-ISR_1_SetVector
  71              		.section	.text.ISR_1_GetVector,"ax",%progbits
  72              		.align	2
  73              		.global	ISR_1_GetVector
  74              		.thumb
  75              		.thumb_func
  76              		.type	ISR_1_GetVector, %function
  77              	ISR_1_GetVector:
  78              	.LFB5:
 207:Generated_Source\PSoC5/ISR_1.c **** }
ARM GAS  C:\Users\rbhar\AppData\Local\Temp\ccId1BRv.s 			page 6


 208:Generated_Source\PSoC5/ISR_1.c **** 
 209:Generated_Source\PSoC5/ISR_1.c **** 
 210:Generated_Source\PSoC5/ISR_1.c **** /*******************************************************************************
 211:Generated_Source\PSoC5/ISR_1.c **** * Function Name: ISR_1_GetVector
 212:Generated_Source\PSoC5/ISR_1.c **** ********************************************************************************
 213:Generated_Source\PSoC5/ISR_1.c **** *
 214:Generated_Source\PSoC5/ISR_1.c **** * Summary:
 215:Generated_Source\PSoC5/ISR_1.c **** *   Gets the "address" of the current ISR vector for the Interrupt.
 216:Generated_Source\PSoC5/ISR_1.c **** *
 217:Generated_Source\PSoC5/ISR_1.c **** * Parameters:
 218:Generated_Source\PSoC5/ISR_1.c **** *   None
 219:Generated_Source\PSoC5/ISR_1.c **** *
 220:Generated_Source\PSoC5/ISR_1.c **** * Return:
 221:Generated_Source\PSoC5/ISR_1.c **** *   Address of the ISR in the interrupt vector table.
 222:Generated_Source\PSoC5/ISR_1.c **** *
 223:Generated_Source\PSoC5/ISR_1.c **** *******************************************************************************/
 224:Generated_Source\PSoC5/ISR_1.c **** cyisraddress ISR_1_GetVector(void)
 225:Generated_Source\PSoC5/ISR_1.c **** {
  79              		.loc 1 225 0
  80              		.cfi_startproc
  81              		@ args = 0, pretend = 0, frame = 0
  82              		@ frame_needed = 0, uses_anonymous_args = 0
  83              		@ link register save eliminated.
 226:Generated_Source\PSoC5/ISR_1.c ****     cyisraddress * ramVectorTable;
 227:Generated_Source\PSoC5/ISR_1.c **** 
 228:Generated_Source\PSoC5/ISR_1.c ****     ramVectorTable = (cyisraddress *) *CYINT_VECT_TABLE;
  84              		.loc 1 228 0
  85 0000 014B     		ldr	r3, .L7
  86 0002 1B68     		ldr	r3, [r3]
  87              	.LVL3:
 229:Generated_Source\PSoC5/ISR_1.c **** 
 230:Generated_Source\PSoC5/ISR_1.c ****     return ramVectorTable[CYINT_IRQ_BASE + (uint32)ISR_1__INTC_NUMBER];
 231:Generated_Source\PSoC5/ISR_1.c **** }
  88              		.loc 1 231 0
  89 0004 186C     		ldr	r0, [r3, #64]
  90 0006 7047     		bx	lr
  91              	.L8:
  92              		.align	2
  93              	.L7:
  94 0008 08ED00E0 		.word	-536810232
  95              		.cfi_endproc
  96              	.LFE5:
  97              		.size	ISR_1_GetVector, .-ISR_1_GetVector
  98              		.section	.text.ISR_1_SetPriority,"ax",%progbits
  99              		.align	2
 100              		.global	ISR_1_SetPriority
 101              		.thumb
 102              		.thumb_func
 103              		.type	ISR_1_SetPriority, %function
 104              	ISR_1_SetPriority:
 105              	.LFB6:
 232:Generated_Source\PSoC5/ISR_1.c **** 
 233:Generated_Source\PSoC5/ISR_1.c **** 
 234:Generated_Source\PSoC5/ISR_1.c **** /*******************************************************************************
 235:Generated_Source\PSoC5/ISR_1.c **** * Function Name: ISR_1_SetPriority
 236:Generated_Source\PSoC5/ISR_1.c **** ********************************************************************************
 237:Generated_Source\PSoC5/ISR_1.c **** *
ARM GAS  C:\Users\rbhar\AppData\Local\Temp\ccId1BRv.s 			page 7


 238:Generated_Source\PSoC5/ISR_1.c **** * Summary:
 239:Generated_Source\PSoC5/ISR_1.c **** *   Sets the Priority of the Interrupt. 
 240:Generated_Source\PSoC5/ISR_1.c **** *
 241:Generated_Source\PSoC5/ISR_1.c **** *   Note calling ISR_1_Start or ISR_1_StartEx will 
 242:Generated_Source\PSoC5/ISR_1.c **** *   override any effect this API would have had. This API should only be called
 243:Generated_Source\PSoC5/ISR_1.c **** *   after ISR_1_Start or ISR_1_StartEx has been called. 
 244:Generated_Source\PSoC5/ISR_1.c **** *   To set the initial priority for the component, use the Design-Wide Resources
 245:Generated_Source\PSoC5/ISR_1.c **** *   Interrupt Editor.
 246:Generated_Source\PSoC5/ISR_1.c **** *
 247:Generated_Source\PSoC5/ISR_1.c **** *   Note This API has no effect on Non-maskable interrupt NMI).
 248:Generated_Source\PSoC5/ISR_1.c **** *
 249:Generated_Source\PSoC5/ISR_1.c **** * Parameters:
 250:Generated_Source\PSoC5/ISR_1.c **** *   priority: Priority of the interrupt, 0 being the highest priority
 251:Generated_Source\PSoC5/ISR_1.c **** *             PSoC 3 and PSoC 5LP: Priority is from 0 to 7.
 252:Generated_Source\PSoC5/ISR_1.c **** *             PSoC 4: Priority is from 0 to 3.
 253:Generated_Source\PSoC5/ISR_1.c **** *
 254:Generated_Source\PSoC5/ISR_1.c **** * Return:
 255:Generated_Source\PSoC5/ISR_1.c **** *   None
 256:Generated_Source\PSoC5/ISR_1.c **** *
 257:Generated_Source\PSoC5/ISR_1.c **** *******************************************************************************/
 258:Generated_Source\PSoC5/ISR_1.c **** void ISR_1_SetPriority(uint8 priority)
 259:Generated_Source\PSoC5/ISR_1.c **** {
 106              		.loc 1 259 0
 107              		.cfi_startproc
 108              		@ args = 0, pretend = 0, frame = 0
 109              		@ frame_needed = 0, uses_anonymous_args = 0
 110              		@ link register save eliminated.
 111              	.LVL4:
 260:Generated_Source\PSoC5/ISR_1.c ****     *ISR_1_INTC_PRIOR = priority << 5;
 112              		.loc 1 260 0
 113 0000 4001     		lsls	r0, r0, #5
 114              	.LVL5:
 115 0002 C0B2     		uxtb	r0, r0
 116 0004 014B     		ldr	r3, .L10
 117 0006 1870     		strb	r0, [r3]
 118 0008 7047     		bx	lr
 119              	.L11:
 120 000a 00BF     		.align	2
 121              	.L10:
 122 000c 00E400E0 		.word	-536812544
 123              		.cfi_endproc
 124              	.LFE6:
 125              		.size	ISR_1_SetPriority, .-ISR_1_SetPriority
 126              		.section	.text.ISR_1_GetPriority,"ax",%progbits
 127              		.align	2
 128              		.global	ISR_1_GetPriority
 129              		.thumb
 130              		.thumb_func
 131              		.type	ISR_1_GetPriority, %function
 132              	ISR_1_GetPriority:
 133              	.LFB7:
 261:Generated_Source\PSoC5/ISR_1.c **** }
 262:Generated_Source\PSoC5/ISR_1.c **** 
 263:Generated_Source\PSoC5/ISR_1.c **** 
 264:Generated_Source\PSoC5/ISR_1.c **** /*******************************************************************************
 265:Generated_Source\PSoC5/ISR_1.c **** * Function Name: ISR_1_GetPriority
 266:Generated_Source\PSoC5/ISR_1.c **** ********************************************************************************
ARM GAS  C:\Users\rbhar\AppData\Local\Temp\ccId1BRv.s 			page 8


 267:Generated_Source\PSoC5/ISR_1.c **** *
 268:Generated_Source\PSoC5/ISR_1.c **** * Summary:
 269:Generated_Source\PSoC5/ISR_1.c **** *   Gets the Priority of the Interrupt.
 270:Generated_Source\PSoC5/ISR_1.c **** *
 271:Generated_Source\PSoC5/ISR_1.c **** * Parameters:
 272:Generated_Source\PSoC5/ISR_1.c **** *   None
 273:Generated_Source\PSoC5/ISR_1.c **** *
 274:Generated_Source\PSoC5/ISR_1.c **** * Return:
 275:Generated_Source\PSoC5/ISR_1.c **** *   Priority of the interrupt, 0 being the highest priority
 276:Generated_Source\PSoC5/ISR_1.c **** *    PSoC 3 and PSoC 5LP: Priority is from 0 to 7.
 277:Generated_Source\PSoC5/ISR_1.c **** *    PSoC 4: Priority is from 0 to 3.
 278:Generated_Source\PSoC5/ISR_1.c **** *
 279:Generated_Source\PSoC5/ISR_1.c **** *******************************************************************************/
 280:Generated_Source\PSoC5/ISR_1.c **** uint8 ISR_1_GetPriority(void)
 281:Generated_Source\PSoC5/ISR_1.c **** {
 134              		.loc 1 281 0
 135              		.cfi_startproc
 136              		@ args = 0, pretend = 0, frame = 0
 137              		@ frame_needed = 0, uses_anonymous_args = 0
 138              		@ link register save eliminated.
 282:Generated_Source\PSoC5/ISR_1.c ****     uint8 priority;
 283:Generated_Source\PSoC5/ISR_1.c **** 
 284:Generated_Source\PSoC5/ISR_1.c **** 
 285:Generated_Source\PSoC5/ISR_1.c ****     priority = *ISR_1_INTC_PRIOR >> 5;
 139              		.loc 1 285 0
 140 0000 014B     		ldr	r3, .L13
 141 0002 1878     		ldrb	r0, [r3]	@ zero_extendqisi2
 142              	.LVL6:
 286:Generated_Source\PSoC5/ISR_1.c **** 
 287:Generated_Source\PSoC5/ISR_1.c ****     return priority;
 288:Generated_Source\PSoC5/ISR_1.c **** }
 143              		.loc 1 288 0
 144 0004 4009     		lsrs	r0, r0, #5
 145              	.LVL7:
 146 0006 7047     		bx	lr
 147              	.L14:
 148              		.align	2
 149              	.L13:
 150 0008 00E400E0 		.word	-536812544
 151              		.cfi_endproc
 152              	.LFE7:
 153              		.size	ISR_1_GetPriority, .-ISR_1_GetPriority
 154              		.section	.text.ISR_1_Enable,"ax",%progbits
 155              		.align	2
 156              		.global	ISR_1_Enable
 157              		.thumb
 158              		.thumb_func
 159              		.type	ISR_1_Enable, %function
 160              	ISR_1_Enable:
 161              	.LFB8:
 289:Generated_Source\PSoC5/ISR_1.c **** 
 290:Generated_Source\PSoC5/ISR_1.c **** 
 291:Generated_Source\PSoC5/ISR_1.c **** /*******************************************************************************
 292:Generated_Source\PSoC5/ISR_1.c **** * Function Name: ISR_1_Enable
 293:Generated_Source\PSoC5/ISR_1.c **** ********************************************************************************
 294:Generated_Source\PSoC5/ISR_1.c **** *
 295:Generated_Source\PSoC5/ISR_1.c **** * Summary:
ARM GAS  C:\Users\rbhar\AppData\Local\Temp\ccId1BRv.s 			page 9


 296:Generated_Source\PSoC5/ISR_1.c **** *   Enables the interrupt to the interrupt controller. Do not call this function
 297:Generated_Source\PSoC5/ISR_1.c **** *   unless ISR_Start() has been called or the functionality of the ISR_Start() 
 298:Generated_Source\PSoC5/ISR_1.c **** *   function, which sets the vector and the priority, has been called.
 299:Generated_Source\PSoC5/ISR_1.c **** *
 300:Generated_Source\PSoC5/ISR_1.c **** * Parameters:
 301:Generated_Source\PSoC5/ISR_1.c **** *   None
 302:Generated_Source\PSoC5/ISR_1.c **** *
 303:Generated_Source\PSoC5/ISR_1.c **** * Return:
 304:Generated_Source\PSoC5/ISR_1.c **** *   None
 305:Generated_Source\PSoC5/ISR_1.c **** *
 306:Generated_Source\PSoC5/ISR_1.c **** *******************************************************************************/
 307:Generated_Source\PSoC5/ISR_1.c **** void ISR_1_Enable(void)
 308:Generated_Source\PSoC5/ISR_1.c **** {
 162              		.loc 1 308 0
 163              		.cfi_startproc
 164              		@ args = 0, pretend = 0, frame = 0
 165              		@ frame_needed = 0, uses_anonymous_args = 0
 166              		@ link register save eliminated.
 309:Generated_Source\PSoC5/ISR_1.c ****     /* Enable the general interrupt. */
 310:Generated_Source\PSoC5/ISR_1.c ****     *ISR_1_INTC_SET_EN = ISR_1__INTC_MASK;
 167              		.loc 1 310 0
 168 0000 0122     		movs	r2, #1
 169 0002 014B     		ldr	r3, .L16
 170 0004 1A60     		str	r2, [r3]
 171 0006 7047     		bx	lr
 172              	.L17:
 173              		.align	2
 174              	.L16:
 175 0008 00E100E0 		.word	-536813312
 176              		.cfi_endproc
 177              	.LFE8:
 178              		.size	ISR_1_Enable, .-ISR_1_Enable
 179              		.section	.text.ISR_1_GetState,"ax",%progbits
 180              		.align	2
 181              		.global	ISR_1_GetState
 182              		.thumb
 183              		.thumb_func
 184              		.type	ISR_1_GetState, %function
 185              	ISR_1_GetState:
 186              	.LFB9:
 311:Generated_Source\PSoC5/ISR_1.c **** }
 312:Generated_Source\PSoC5/ISR_1.c **** 
 313:Generated_Source\PSoC5/ISR_1.c **** 
 314:Generated_Source\PSoC5/ISR_1.c **** /*******************************************************************************
 315:Generated_Source\PSoC5/ISR_1.c **** * Function Name: ISR_1_GetState
 316:Generated_Source\PSoC5/ISR_1.c **** ********************************************************************************
 317:Generated_Source\PSoC5/ISR_1.c **** *
 318:Generated_Source\PSoC5/ISR_1.c **** * Summary:
 319:Generated_Source\PSoC5/ISR_1.c **** *   Gets the state (enabled, disabled) of the Interrupt.
 320:Generated_Source\PSoC5/ISR_1.c **** *
 321:Generated_Source\PSoC5/ISR_1.c **** * Parameters:
 322:Generated_Source\PSoC5/ISR_1.c **** *   None
 323:Generated_Source\PSoC5/ISR_1.c **** *
 324:Generated_Source\PSoC5/ISR_1.c **** * Return:
 325:Generated_Source\PSoC5/ISR_1.c **** *   1 if enabled, 0 if disabled.
 326:Generated_Source\PSoC5/ISR_1.c **** *
 327:Generated_Source\PSoC5/ISR_1.c **** *******************************************************************************/
ARM GAS  C:\Users\rbhar\AppData\Local\Temp\ccId1BRv.s 			page 10


 328:Generated_Source\PSoC5/ISR_1.c **** uint8 ISR_1_GetState(void)
 329:Generated_Source\PSoC5/ISR_1.c **** {
 187              		.loc 1 329 0
 188              		.cfi_startproc
 189              		@ args = 0, pretend = 0, frame = 0
 190              		@ frame_needed = 0, uses_anonymous_args = 0
 191              		@ link register save eliminated.
 330:Generated_Source\PSoC5/ISR_1.c ****     /* Get the state of the general interrupt. */
 331:Generated_Source\PSoC5/ISR_1.c ****     return ((*ISR_1_INTC_SET_EN & (uint32)ISR_1__INTC_MASK) != 0u) ? 1u:0u;
 192              		.loc 1 331 0
 193 0000 024B     		ldr	r3, .L19
 194 0002 1868     		ldr	r0, [r3]
 332:Generated_Source\PSoC5/ISR_1.c **** }
 195              		.loc 1 332 0
 196 0004 00F00100 		and	r0, r0, #1
 197 0008 7047     		bx	lr
 198              	.L20:
 199 000a 00BF     		.align	2
 200              	.L19:
 201 000c 00E100E0 		.word	-536813312
 202              		.cfi_endproc
 203              	.LFE9:
 204              		.size	ISR_1_GetState, .-ISR_1_GetState
 205              		.section	.text.ISR_1_Disable,"ax",%progbits
 206              		.align	2
 207              		.global	ISR_1_Disable
 208              		.thumb
 209              		.thumb_func
 210              		.type	ISR_1_Disable, %function
 211              	ISR_1_Disable:
 212              	.LFB10:
 333:Generated_Source\PSoC5/ISR_1.c **** 
 334:Generated_Source\PSoC5/ISR_1.c **** 
 335:Generated_Source\PSoC5/ISR_1.c **** /*******************************************************************************
 336:Generated_Source\PSoC5/ISR_1.c **** * Function Name: ISR_1_Disable
 337:Generated_Source\PSoC5/ISR_1.c **** ********************************************************************************
 338:Generated_Source\PSoC5/ISR_1.c **** *
 339:Generated_Source\PSoC5/ISR_1.c **** * Summary:
 340:Generated_Source\PSoC5/ISR_1.c **** *   Disables the Interrupt in the interrupt controller.
 341:Generated_Source\PSoC5/ISR_1.c **** *
 342:Generated_Source\PSoC5/ISR_1.c **** * Parameters:
 343:Generated_Source\PSoC5/ISR_1.c **** *   None
 344:Generated_Source\PSoC5/ISR_1.c **** *
 345:Generated_Source\PSoC5/ISR_1.c **** * Return:
 346:Generated_Source\PSoC5/ISR_1.c **** *   None
 347:Generated_Source\PSoC5/ISR_1.c **** *
 348:Generated_Source\PSoC5/ISR_1.c **** *******************************************************************************/
 349:Generated_Source\PSoC5/ISR_1.c **** void ISR_1_Disable(void)
 350:Generated_Source\PSoC5/ISR_1.c **** {
 213              		.loc 1 350 0
 214              		.cfi_startproc
 215              		@ args = 0, pretend = 0, frame = 0
 216              		@ frame_needed = 0, uses_anonymous_args = 0
 217              		@ link register save eliminated.
 351:Generated_Source\PSoC5/ISR_1.c ****     /* Disable the general interrupt. */
 352:Generated_Source\PSoC5/ISR_1.c ****     *ISR_1_INTC_CLR_EN = ISR_1__INTC_MASK;
 218              		.loc 1 352 0
ARM GAS  C:\Users\rbhar\AppData\Local\Temp\ccId1BRv.s 			page 11


 219 0000 0122     		movs	r2, #1
 220 0002 014B     		ldr	r3, .L22
 221 0004 1A60     		str	r2, [r3]
 222 0006 7047     		bx	lr
 223              	.L23:
 224              		.align	2
 225              	.L22:
 226 0008 80E100E0 		.word	-536813184
 227              		.cfi_endproc
 228              	.LFE10:
 229              		.size	ISR_1_Disable, .-ISR_1_Disable
 230              		.section	.text.ISR_1_Start,"ax",%progbits
 231              		.align	2
 232              		.global	ISR_1_Start
 233              		.thumb
 234              		.thumb_func
 235              		.type	ISR_1_Start, %function
 236              	ISR_1_Start:
 237              	.LFB0:
  62:Generated_Source\PSoC5/ISR_1.c ****     /* For all we know the interrupt is active. */
 238              		.loc 1 62 0
 239              		.cfi_startproc
 240              		@ args = 0, pretend = 0, frame = 0
 241              		@ frame_needed = 0, uses_anonymous_args = 0
 242 0000 08B5     		push	{r3, lr}
 243              		.cfi_def_cfa_offset 8
 244              		.cfi_offset 3, -8
 245              		.cfi_offset 14, -4
  64:Generated_Source\PSoC5/ISR_1.c **** 
 246              		.loc 1 64 0
 247 0002 FFF7FEFF 		bl	ISR_1_Disable
 248              	.LVL8:
  67:Generated_Source\PSoC5/ISR_1.c **** 
 249              		.loc 1 67 0
 250 0006 0448     		ldr	r0, .L26
 251 0008 FFF7FEFF 		bl	ISR_1_SetVector
 252              	.LVL9:
  70:Generated_Source\PSoC5/ISR_1.c **** 
 253              		.loc 1 70 0
 254 000c 0320     		movs	r0, #3
 255 000e FFF7FEFF 		bl	ISR_1_SetPriority
 256              	.LVL10:
  73:Generated_Source\PSoC5/ISR_1.c **** }
 257              		.loc 1 73 0
 258 0012 FFF7FEFF 		bl	ISR_1_Enable
 259              	.LVL11:
 260 0016 08BD     		pop	{r3, pc}
 261              	.L27:
 262              		.align	2
 263              	.L26:
 264 0018 00000000 		.word	ISR_1_Interrupt
 265              		.cfi_endproc
 266              	.LFE0:
 267              		.size	ISR_1_Start, .-ISR_1_Start
 268              		.section	.text.ISR_1_StartEx,"ax",%progbits
 269              		.align	2
 270              		.global	ISR_1_StartEx
ARM GAS  C:\Users\rbhar\AppData\Local\Temp\ccId1BRv.s 			page 12


 271              		.thumb
 272              		.thumb_func
 273              		.type	ISR_1_StartEx, %function
 274              	ISR_1_StartEx:
 275              	.LFB1:
 105:Generated_Source\PSoC5/ISR_1.c ****     /* For all we know the interrupt is active. */
 276              		.loc 1 105 0
 277              		.cfi_startproc
 278              		@ args = 0, pretend = 0, frame = 0
 279              		@ frame_needed = 0, uses_anonymous_args = 0
 280              	.LVL12:
 281 0000 10B5     		push	{r4, lr}
 282              		.cfi_def_cfa_offset 8
 283              		.cfi_offset 4, -8
 284              		.cfi_offset 14, -4
 285 0002 0446     		mov	r4, r0
 107:Generated_Source\PSoC5/ISR_1.c **** 
 286              		.loc 1 107 0
 287 0004 FFF7FEFF 		bl	ISR_1_Disable
 288              	.LVL13:
 110:Generated_Source\PSoC5/ISR_1.c **** 
 289              		.loc 1 110 0
 290 0008 2046     		mov	r0, r4
 291 000a FFF7FEFF 		bl	ISR_1_SetVector
 292              	.LVL14:
 113:Generated_Source\PSoC5/ISR_1.c **** 
 293              		.loc 1 113 0
 294 000e 0320     		movs	r0, #3
 295 0010 FFF7FEFF 		bl	ISR_1_SetPriority
 296              	.LVL15:
 116:Generated_Source\PSoC5/ISR_1.c **** }
 297              		.loc 1 116 0
 298 0014 FFF7FEFF 		bl	ISR_1_Enable
 299              	.LVL16:
 300 0018 10BD     		pop	{r4, pc}
 301              		.cfi_endproc
 302              	.LFE1:
 303              		.size	ISR_1_StartEx, .-ISR_1_StartEx
 304 001a 00BF     		.section	.text.ISR_1_Stop,"ax",%progbits
 305              		.align	2
 306              		.global	ISR_1_Stop
 307              		.thumb
 308              		.thumb_func
 309              		.type	ISR_1_Stop, %function
 310              	ISR_1_Stop:
 311              	.LFB2:
 135:Generated_Source\PSoC5/ISR_1.c ****     /* Disable this interrupt. */
 312              		.loc 1 135 0
 313              		.cfi_startproc
 314              		@ args = 0, pretend = 0, frame = 0
 315              		@ frame_needed = 0, uses_anonymous_args = 0
 316 0000 08B5     		push	{r3, lr}
 317              		.cfi_def_cfa_offset 8
 318              		.cfi_offset 3, -8
 319              		.cfi_offset 14, -4
 137:Generated_Source\PSoC5/ISR_1.c **** 
 320              		.loc 1 137 0
ARM GAS  C:\Users\rbhar\AppData\Local\Temp\ccId1BRv.s 			page 13


 321 0002 FFF7FEFF 		bl	ISR_1_Disable
 322              	.LVL17:
 140:Generated_Source\PSoC5/ISR_1.c **** }
 323              		.loc 1 140 0
 324 0006 0248     		ldr	r0, .L32
 325 0008 FFF7FEFF 		bl	ISR_1_SetVector
 326              	.LVL18:
 327 000c 08BD     		pop	{r3, pc}
 328              	.L33:
 329 000e 00BF     		.align	2
 330              	.L32:
 331 0010 00000000 		.word	IntDefaultHandler
 332              		.cfi_endproc
 333              	.LFE2:
 334              		.size	ISR_1_Stop, .-ISR_1_Stop
 335              		.section	.text.ISR_1_SetPending,"ax",%progbits
 336              		.align	2
 337              		.global	ISR_1_SetPending
 338              		.thumb
 339              		.thumb_func
 340              		.type	ISR_1_SetPending, %function
 341              	ISR_1_SetPending:
 342              	.LFB11:
 353:Generated_Source\PSoC5/ISR_1.c **** }
 354:Generated_Source\PSoC5/ISR_1.c **** 
 355:Generated_Source\PSoC5/ISR_1.c **** 
 356:Generated_Source\PSoC5/ISR_1.c **** /*******************************************************************************
 357:Generated_Source\PSoC5/ISR_1.c **** * Function Name: ISR_1_SetPending
 358:Generated_Source\PSoC5/ISR_1.c **** ********************************************************************************
 359:Generated_Source\PSoC5/ISR_1.c **** *
 360:Generated_Source\PSoC5/ISR_1.c **** * Summary:
 361:Generated_Source\PSoC5/ISR_1.c **** *   Causes the Interrupt to enter the pending state, a software method of
 362:Generated_Source\PSoC5/ISR_1.c **** *   generating the interrupt.
 363:Generated_Source\PSoC5/ISR_1.c **** *
 364:Generated_Source\PSoC5/ISR_1.c **** * Parameters:
 365:Generated_Source\PSoC5/ISR_1.c **** *   None
 366:Generated_Source\PSoC5/ISR_1.c **** *
 367:Generated_Source\PSoC5/ISR_1.c **** * Return:
 368:Generated_Source\PSoC5/ISR_1.c **** *   None
 369:Generated_Source\PSoC5/ISR_1.c **** *
 370:Generated_Source\PSoC5/ISR_1.c **** * Side Effects:
 371:Generated_Source\PSoC5/ISR_1.c **** *   If interrupts are enabled and the interrupt is set up properly, the ISR is
 372:Generated_Source\PSoC5/ISR_1.c **** *   entered (depending on the priority of this interrupt and other pending 
 373:Generated_Source\PSoC5/ISR_1.c **** *   interrupts).
 374:Generated_Source\PSoC5/ISR_1.c **** *
 375:Generated_Source\PSoC5/ISR_1.c **** *******************************************************************************/
 376:Generated_Source\PSoC5/ISR_1.c **** void ISR_1_SetPending(void)
 377:Generated_Source\PSoC5/ISR_1.c **** {
 343              		.loc 1 377 0
 344              		.cfi_startproc
 345              		@ args = 0, pretend = 0, frame = 0
 346              		@ frame_needed = 0, uses_anonymous_args = 0
 347              		@ link register save eliminated.
 378:Generated_Source\PSoC5/ISR_1.c ****     *ISR_1_INTC_SET_PD = ISR_1__INTC_MASK;
 348              		.loc 1 378 0
 349 0000 0122     		movs	r2, #1
 350 0002 014B     		ldr	r3, .L35
ARM GAS  C:\Users\rbhar\AppData\Local\Temp\ccId1BRv.s 			page 14


 351 0004 1A60     		str	r2, [r3]
 352 0006 7047     		bx	lr
 353              	.L36:
 354              		.align	2
 355              	.L35:
 356 0008 00E200E0 		.word	-536813056
 357              		.cfi_endproc
 358              	.LFE11:
 359              		.size	ISR_1_SetPending, .-ISR_1_SetPending
 360              		.section	.text.ISR_1_ClearPending,"ax",%progbits
 361              		.align	2
 362              		.global	ISR_1_ClearPending
 363              		.thumb
 364              		.thumb_func
 365              		.type	ISR_1_ClearPending, %function
 366              	ISR_1_ClearPending:
 367              	.LFB12:
 379:Generated_Source\PSoC5/ISR_1.c **** }
 380:Generated_Source\PSoC5/ISR_1.c **** 
 381:Generated_Source\PSoC5/ISR_1.c **** 
 382:Generated_Source\PSoC5/ISR_1.c **** /*******************************************************************************
 383:Generated_Source\PSoC5/ISR_1.c **** * Function Name: ISR_1_ClearPending
 384:Generated_Source\PSoC5/ISR_1.c **** ********************************************************************************
 385:Generated_Source\PSoC5/ISR_1.c **** *
 386:Generated_Source\PSoC5/ISR_1.c **** * Summary:
 387:Generated_Source\PSoC5/ISR_1.c **** *   Clears a pending interrupt in the interrupt controller.
 388:Generated_Source\PSoC5/ISR_1.c **** *
 389:Generated_Source\PSoC5/ISR_1.c **** *   Note Some interrupt sources are clear-on-read and require the block 
 390:Generated_Source\PSoC5/ISR_1.c **** *   interrupt/status register to be read/cleared with the appropriate block API 
 391:Generated_Source\PSoC5/ISR_1.c **** *   (GPIO, UART, and so on). Otherwise the ISR will continue to remain in 
 392:Generated_Source\PSoC5/ISR_1.c **** *   pending state even though the interrupt itself is cleared using this API.
 393:Generated_Source\PSoC5/ISR_1.c **** *
 394:Generated_Source\PSoC5/ISR_1.c **** * Parameters:
 395:Generated_Source\PSoC5/ISR_1.c **** *   None
 396:Generated_Source\PSoC5/ISR_1.c **** *
 397:Generated_Source\PSoC5/ISR_1.c **** * Return:
 398:Generated_Source\PSoC5/ISR_1.c **** *   None
 399:Generated_Source\PSoC5/ISR_1.c **** *
 400:Generated_Source\PSoC5/ISR_1.c **** *******************************************************************************/
 401:Generated_Source\PSoC5/ISR_1.c **** void ISR_1_ClearPending(void)
 402:Generated_Source\PSoC5/ISR_1.c **** {
 368              		.loc 1 402 0
 369              		.cfi_startproc
 370              		@ args = 0, pretend = 0, frame = 0
 371              		@ frame_needed = 0, uses_anonymous_args = 0
 372              		@ link register save eliminated.
 403:Generated_Source\PSoC5/ISR_1.c ****     *ISR_1_INTC_CLR_PD = ISR_1__INTC_MASK;
 373              		.loc 1 403 0
 374 0000 0122     		movs	r2, #1
 375 0002 014B     		ldr	r3, .L38
 376 0004 1A60     		str	r2, [r3]
 377 0006 7047     		bx	lr
 378              	.L39:
 379              		.align	2
 380              	.L38:
 381 0008 80E200E0 		.word	-536812928
 382              		.cfi_endproc
ARM GAS  C:\Users\rbhar\AppData\Local\Temp\ccId1BRv.s 			page 15


 383              	.LFE12:
 384              		.size	ISR_1_ClearPending, .-ISR_1_ClearPending
 385              		.text
 386              	.Letext0:
 387              		.file 2 "Generated_Source\\PSoC5/cytypes.h"
 388              		.section	.debug_info,"",%progbits
 389              	.Ldebug_info0:
 390 0000 E7020000 		.4byte	0x2e7
 391 0004 0400     		.2byte	0x4
 392 0006 00000000 		.4byte	.Ldebug_abbrev0
 393 000a 04       		.byte	0x4
 394 000b 01       		.uleb128 0x1
 395 000c 9C000000 		.4byte	.LASF34
 396 0010 0C       		.byte	0xc
 397 0011 A8020000 		.4byte	.LASF35
 398 0015 14000000 		.4byte	.LASF36
 399 0019 00000000 		.4byte	.Ldebug_ranges0+0
 400 001d 00000000 		.4byte	0
 401 0021 00000000 		.4byte	.Ldebug_line0
 402 0025 02       		.uleb128 0x2
 403 0026 04       		.byte	0x4
 404 0027 05       		.byte	0x5
 405 0028 696E7400 		.ascii	"int\000"
 406 002c 03       		.uleb128 0x3
 407 002d 04       		.byte	0x4
 408 002e 07       		.byte	0x7
 409 002f A9010000 		.4byte	.LASF0
 410 0033 03       		.uleb128 0x3
 411 0034 08       		.byte	0x8
 412 0035 05       		.byte	0x5
 413 0036 EB010000 		.4byte	.LASF1
 414 003a 03       		.uleb128 0x3
 415 003b 08       		.byte	0x8
 416 003c 04       		.byte	0x4
 417 003d 7E020000 		.4byte	.LASF2
 418 0041 03       		.uleb128 0x3
 419 0042 01       		.byte	0x1
 420 0043 06       		.byte	0x6
 421 0044 8A020000 		.4byte	.LASF3
 422 0048 03       		.uleb128 0x3
 423 0049 01       		.byte	0x1
 424 004a 08       		.byte	0x8
 425 004b 8E000000 		.4byte	.LASF4
 426 004f 03       		.uleb128 0x3
 427 0050 02       		.byte	0x2
 428 0051 05       		.byte	0x5
 429 0052 3C020000 		.4byte	.LASF5
 430 0056 03       		.uleb128 0x3
 431 0057 02       		.byte	0x2
 432 0058 07       		.byte	0x7
 433 0059 75000000 		.4byte	.LASF6
 434 005d 03       		.uleb128 0x3
 435 005e 04       		.byte	0x4
 436 005f 05       		.byte	0x5
 437 0060 75020000 		.4byte	.LASF7
 438 0064 03       		.uleb128 0x3
 439 0065 04       		.byte	0x4
ARM GAS  C:\Users\rbhar\AppData\Local\Temp\ccId1BRv.s 			page 16


 440 0066 07       		.byte	0x7
 441 0067 40010000 		.4byte	.LASF8
 442 006b 03       		.uleb128 0x3
 443 006c 08       		.byte	0x8
 444 006d 07       		.byte	0x7
 445 006e BE010000 		.4byte	.LASF9
 446 0072 03       		.uleb128 0x3
 447 0073 04       		.byte	0x4
 448 0074 07       		.byte	0x7
 449 0075 E2010000 		.4byte	.LASF10
 450 0079 03       		.uleb128 0x3
 451 007a 01       		.byte	0x1
 452 007b 08       		.byte	0x8
 453 007c F9010000 		.4byte	.LASF11
 454 0080 04       		.uleb128 0x4
 455 0081 04       		.byte	0x4
 456 0082 86000000 		.4byte	0x86
 457 0086 05       		.uleb128 0x5
 458 0087 06       		.uleb128 0x6
 459 0088 52010000 		.4byte	.LASF12
 460 008c 02       		.byte	0x2
 461 008d E401     		.2byte	0x1e4
 462 008f 48000000 		.4byte	0x48
 463 0093 06       		.uleb128 0x6
 464 0094 A2010000 		.4byte	.LASF13
 465 0098 02       		.byte	0x2
 466 0099 E601     		.2byte	0x1e6
 467 009b 64000000 		.4byte	0x64
 468 009f 03       		.uleb128 0x3
 469 00a0 04       		.byte	0x4
 470 00a1 04       		.byte	0x4
 471 00a2 88000000 		.4byte	.LASF14
 472 00a6 03       		.uleb128 0x3
 473 00a7 08       		.byte	0x8
 474 00a8 04       		.byte	0x4
 475 00a9 7C010000 		.4byte	.LASF15
 476 00ad 06       		.uleb128 0x6
 477 00ae 2A010000 		.4byte	.LASF16
 478 00b2 02       		.byte	0x2
 479 00b3 8E02     		.2byte	0x28e
 480 00b5 B9000000 		.4byte	0xb9
 481 00b9 07       		.uleb128 0x7
 482 00ba 87000000 		.4byte	0x87
 483 00be 06       		.uleb128 0x6
 484 00bf 0E000000 		.4byte	.LASF17
 485 00c3 02       		.byte	0x2
 486 00c4 9002     		.2byte	0x290
 487 00c6 CA000000 		.4byte	0xca
 488 00ca 07       		.uleb128 0x7
 489 00cb 93000000 		.4byte	0x93
 490 00cf 06       		.uleb128 0x6
 491 00d0 D5010000 		.4byte	.LASF18
 492 00d4 02       		.byte	0x2
 493 00d5 A002     		.2byte	0x2a0
 494 00d7 80000000 		.4byte	0x80
 495 00db 08       		.uleb128 0x8
 496 00dc 2C020000 		.4byte	.LASF19
ARM GAS  C:\Users\rbhar\AppData\Local\Temp\ccId1BRv.s 			page 17


 497 00e0 01       		.byte	0x1
 498 00e1 A0       		.byte	0xa0
 499 00e2 00000000 		.4byte	.LFB3
 500 00e6 08000000 		.4byte	.LFE3-.LFB3
 501 00ea 01       		.uleb128 0x1
 502 00eb 9C       		.byte	0x9c
 503 00ec FA000000 		.4byte	0xfa
 504 00f0 09       		.uleb128 0x9
 505 00f1 06000000 		.4byte	.LVL0
 506 00f5 DF020000 		.4byte	0x2df
 507 00f9 00       		.byte	0
 508 00fa 08       		.uleb128 0x8
 509 00fb 63010000 		.4byte	.LASF20
 510 00ff 01       		.byte	0x1
 511 0100 C8       		.byte	0xc8
 512 0101 00000000 		.4byte	.LFB4
 513 0105 0C000000 		.4byte	.LFE4-.LFB4
 514 0109 01       		.uleb128 0x1
 515 010a 9C       		.byte	0x9c
 516 010b 2A010000 		.4byte	0x12a
 517 010f 0A       		.uleb128 0xa
 518 0110 B6010000 		.4byte	.LASF23
 519 0114 01       		.byte	0x1
 520 0115 C8       		.byte	0xc8
 521 0116 CF000000 		.4byte	0xcf
 522 011a 01       		.uleb128 0x1
 523 011b 50       		.byte	0x50
 524 011c 0B       		.uleb128 0xb
 525 011d FE010000 		.4byte	.LASF21
 526 0121 01       		.byte	0x1
 527 0122 CA       		.byte	0xca
 528 0123 2A010000 		.4byte	0x12a
 529 0127 01       		.uleb128 0x1
 530 0128 53       		.byte	0x53
 531 0129 00       		.byte	0
 532 012a 04       		.uleb128 0x4
 533 012b 04       		.byte	0x4
 534 012c CF000000 		.4byte	0xcf
 535 0130 0C       		.uleb128 0xc
 536 0131 0D020000 		.4byte	.LASF25
 537 0135 01       		.byte	0x1
 538 0136 E0       		.byte	0xe0
 539 0137 CF000000 		.4byte	0xcf
 540 013b 00000000 		.4byte	.LFB5
 541 013f 0C000000 		.4byte	.LFE5-.LFB5
 542 0143 01       		.uleb128 0x1
 543 0144 9C       		.byte	0x9c
 544 0145 57010000 		.4byte	0x157
 545 0149 0B       		.uleb128 0xb
 546 014a FE010000 		.4byte	.LASF21
 547 014e 01       		.byte	0x1
 548 014f E2       		.byte	0xe2
 549 0150 2A010000 		.4byte	0x12a
 550 0154 01       		.uleb128 0x1
 551 0155 53       		.byte	0x53
 552 0156 00       		.byte	0
 553 0157 0D       		.uleb128 0xd
ARM GAS  C:\Users\rbhar\AppData\Local\Temp\ccId1BRv.s 			page 18


 554 0158 96020000 		.4byte	.LASF22
 555 015c 01       		.byte	0x1
 556 015d 0201     		.2byte	0x102
 557 015f 00000000 		.4byte	.LFB6
 558 0163 10000000 		.4byte	.LFE6-.LFB6
 559 0167 01       		.uleb128 0x1
 560 0168 9C       		.byte	0x9c
 561 0169 7E010000 		.4byte	0x17e
 562 016d 0E       		.uleb128 0xe
 563 016e 73010000 		.4byte	.LASF24
 564 0172 01       		.byte	0x1
 565 0173 0201     		.2byte	0x102
 566 0175 87000000 		.4byte	0x87
 567 0179 00000000 		.4byte	.LLST0
 568 017d 00       		.byte	0
 569 017e 0F       		.uleb128 0xf
 570 017f 83010000 		.4byte	.LASF26
 571 0183 01       		.byte	0x1
 572 0184 1801     		.2byte	0x118
 573 0186 87000000 		.4byte	0x87
 574 018a 00000000 		.4byte	.LFB7
 575 018e 0C000000 		.4byte	.LFE7-.LFB7
 576 0192 01       		.uleb128 0x1
 577 0193 9C       		.byte	0x9c
 578 0194 A9010000 		.4byte	0x1a9
 579 0198 10       		.uleb128 0x10
 580 0199 73010000 		.4byte	.LASF24
 581 019d 01       		.byte	0x1
 582 019e 1A01     		.2byte	0x11a
 583 01a0 87000000 		.4byte	0x87
 584 01a4 21000000 		.4byte	.LLST1
 585 01a8 00       		.byte	0
 586 01a9 11       		.uleb128 0x11
 587 01aa 95010000 		.4byte	.LASF27
 588 01ae 01       		.byte	0x1
 589 01af 3301     		.2byte	0x133
 590 01b1 00000000 		.4byte	.LFB8
 591 01b5 0C000000 		.4byte	.LFE8-.LFB8
 592 01b9 01       		.uleb128 0x1
 593 01ba 9C       		.byte	0x9c
 594 01bb 12       		.uleb128 0x12
 595 01bc 1D020000 		.4byte	.LASF37
 596 01c0 01       		.byte	0x1
 597 01c1 4801     		.2byte	0x148
 598 01c3 87000000 		.4byte	0x87
 599 01c7 00000000 		.4byte	.LFB9
 600 01cb 10000000 		.4byte	.LFE9-.LFB9
 601 01cf 01       		.uleb128 0x1
 602 01d0 9C       		.byte	0x9c
 603 01d1 11       		.uleb128 0x11
 604 01d2 00000000 		.4byte	.LASF28
 605 01d6 01       		.byte	0x1
 606 01d7 5D01     		.2byte	0x15d
 607 01d9 00000000 		.4byte	.LFB10
 608 01dd 0C000000 		.4byte	.LFE10-.LFB10
 609 01e1 01       		.uleb128 0x1
 610 01e2 9C       		.byte	0x9c
ARM GAS  C:\Users\rbhar\AppData\Local\Temp\ccId1BRv.s 			page 19


 611 01e3 08       		.uleb128 0x8
 612 01e4 69000000 		.4byte	.LASF29
 613 01e8 01       		.byte	0x1
 614 01e9 3D       		.byte	0x3d
 615 01ea 00000000 		.4byte	.LFB0
 616 01ee 1C000000 		.4byte	.LFE0-.LFB0
 617 01f2 01       		.uleb128 0x1
 618 01f3 9C       		.byte	0x9c
 619 01f4 35020000 		.4byte	0x235
 620 01f8 09       		.uleb128 0x9
 621 01f9 06000000 		.4byte	.LVL8
 622 01fd D1010000 		.4byte	0x1d1
 623 0201 13       		.uleb128 0x13
 624 0202 0C000000 		.4byte	.LVL9
 625 0206 FA000000 		.4byte	0xfa
 626 020a 18020000 		.4byte	0x218
 627 020e 14       		.uleb128 0x14
 628 020f 01       		.uleb128 0x1
 629 0210 50       		.byte	0x50
 630 0211 05       		.uleb128 0x5
 631 0212 03       		.byte	0x3
 632 0213 00000000 		.4byte	ISR_1_Interrupt
 633 0217 00       		.byte	0
 634 0218 13       		.uleb128 0x13
 635 0219 12000000 		.4byte	.LVL10
 636 021d 57010000 		.4byte	0x157
 637 0221 2B020000 		.4byte	0x22b
 638 0225 14       		.uleb128 0x14
 639 0226 01       		.uleb128 0x1
 640 0227 50       		.byte	0x50
 641 0228 01       		.uleb128 0x1
 642 0229 33       		.byte	0x33
 643 022a 00       		.byte	0
 644 022b 09       		.uleb128 0x9
 645 022c 16000000 		.4byte	.LVL11
 646 0230 A9010000 		.4byte	0x1a9
 647 0234 00       		.byte	0
 648 0235 08       		.uleb128 0x8
 649 0236 59020000 		.4byte	.LASF30
 650 023a 01       		.byte	0x1
 651 023b 68       		.byte	0x68
 652 023c 00000000 		.4byte	.LFB1
 653 0240 1A000000 		.4byte	.LFE1-.LFB1
 654 0244 01       		.uleb128 0x1
 655 0245 9C       		.byte	0x9c
 656 0246 93020000 		.4byte	0x293
 657 024a 15       		.uleb128 0x15
 658 024b B6010000 		.4byte	.LASF23
 659 024f 01       		.byte	0x1
 660 0250 68       		.byte	0x68
 661 0251 CF000000 		.4byte	0xcf
 662 0255 38000000 		.4byte	.LLST2
 663 0259 09       		.uleb128 0x9
 664 025a 08000000 		.4byte	.LVL13
 665 025e D1010000 		.4byte	0x1d1
 666 0262 13       		.uleb128 0x13
 667 0263 0E000000 		.4byte	.LVL14
ARM GAS  C:\Users\rbhar\AppData\Local\Temp\ccId1BRv.s 			page 20


 668 0267 FA000000 		.4byte	0xfa
 669 026b 76020000 		.4byte	0x276
 670 026f 14       		.uleb128 0x14
 671 0270 01       		.uleb128 0x1
 672 0271 50       		.byte	0x50
 673 0272 02       		.uleb128 0x2
 674 0273 74       		.byte	0x74
 675 0274 00       		.sleb128 0
 676 0275 00       		.byte	0
 677 0276 13       		.uleb128 0x13
 678 0277 14000000 		.4byte	.LVL15
 679 027b 57010000 		.4byte	0x157
 680 027f 89020000 		.4byte	0x289
 681 0283 14       		.uleb128 0x14
 682 0284 01       		.uleb128 0x1
 683 0285 50       		.byte	0x50
 684 0286 01       		.uleb128 0x1
 685 0287 33       		.byte	0x33
 686 0288 00       		.byte	0
 687 0289 09       		.uleb128 0x9
 688 028a 18000000 		.4byte	.LVL16
 689 028e A9010000 		.4byte	0x1a9
 690 0292 00       		.byte	0
 691 0293 08       		.uleb128 0x8
 692 0294 58010000 		.4byte	.LASF31
 693 0298 01       		.byte	0x1
 694 0299 86       		.byte	0x86
 695 029a 00000000 		.4byte	.LFB2
 696 029e 14000000 		.4byte	.LFE2-.LFB2
 697 02a2 01       		.uleb128 0x1
 698 02a3 9C       		.byte	0x9c
 699 02a4 BB020000 		.4byte	0x2bb
 700 02a8 09       		.uleb128 0x9
 701 02a9 06000000 		.4byte	.LVL17
 702 02ad D1010000 		.4byte	0x1d1
 703 02b1 09       		.uleb128 0x9
 704 02b2 0C000000 		.4byte	.LVL18
 705 02b6 FA000000 		.4byte	0xfa
 706 02ba 00       		.byte	0
 707 02bb 11       		.uleb128 0x11
 708 02bc 2F010000 		.4byte	.LASF32
 709 02c0 01       		.byte	0x1
 710 02c1 7801     		.2byte	0x178
 711 02c3 00000000 		.4byte	.LFB11
 712 02c7 0C000000 		.4byte	.LFE11-.LFB11
 713 02cb 01       		.uleb128 0x1
 714 02cc 9C       		.byte	0x9c
 715 02cd 11       		.uleb128 0x11
 716 02ce 46020000 		.4byte	.LASF33
 717 02d2 01       		.byte	0x1
 718 02d3 9101     		.2byte	0x191
 719 02d5 00000000 		.4byte	.LFB12
 720 02d9 0C000000 		.4byte	.LFE12-.LFB12
 721 02dd 01       		.uleb128 0x1
 722 02de 9C       		.byte	0x9c
 723 02df 16       		.uleb128 0x16
 724 02e0 67020000 		.4byte	.LASF38
ARM GAS  C:\Users\rbhar\AppData\Local\Temp\ccId1BRv.s 			page 21


 725 02e4 67020000 		.4byte	.LASF38
 726 02e8 01       		.byte	0x1
 727 02e9 2B       		.byte	0x2b
 728 02ea 00       		.byte	0
 729              		.section	.debug_abbrev,"",%progbits
 730              	.Ldebug_abbrev0:
 731 0000 01       		.uleb128 0x1
 732 0001 11       		.uleb128 0x11
 733 0002 01       		.byte	0x1
 734 0003 25       		.uleb128 0x25
 735 0004 0E       		.uleb128 0xe
 736 0005 13       		.uleb128 0x13
 737 0006 0B       		.uleb128 0xb
 738 0007 03       		.uleb128 0x3
 739 0008 0E       		.uleb128 0xe
 740 0009 1B       		.uleb128 0x1b
 741 000a 0E       		.uleb128 0xe
 742 000b 55       		.uleb128 0x55
 743 000c 17       		.uleb128 0x17
 744 000d 11       		.uleb128 0x11
 745 000e 01       		.uleb128 0x1
 746 000f 10       		.uleb128 0x10
 747 0010 17       		.uleb128 0x17
 748 0011 00       		.byte	0
 749 0012 00       		.byte	0
 750 0013 02       		.uleb128 0x2
 751 0014 24       		.uleb128 0x24
 752 0015 00       		.byte	0
 753 0016 0B       		.uleb128 0xb
 754 0017 0B       		.uleb128 0xb
 755 0018 3E       		.uleb128 0x3e
 756 0019 0B       		.uleb128 0xb
 757 001a 03       		.uleb128 0x3
 758 001b 08       		.uleb128 0x8
 759 001c 00       		.byte	0
 760 001d 00       		.byte	0
 761 001e 03       		.uleb128 0x3
 762 001f 24       		.uleb128 0x24
 763 0020 00       		.byte	0
 764 0021 0B       		.uleb128 0xb
 765 0022 0B       		.uleb128 0xb
 766 0023 3E       		.uleb128 0x3e
 767 0024 0B       		.uleb128 0xb
 768 0025 03       		.uleb128 0x3
 769 0026 0E       		.uleb128 0xe
 770 0027 00       		.byte	0
 771 0028 00       		.byte	0
 772 0029 04       		.uleb128 0x4
 773 002a 0F       		.uleb128 0xf
 774 002b 00       		.byte	0
 775 002c 0B       		.uleb128 0xb
 776 002d 0B       		.uleb128 0xb
 777 002e 49       		.uleb128 0x49
 778 002f 13       		.uleb128 0x13
 779 0030 00       		.byte	0
 780 0031 00       		.byte	0
 781 0032 05       		.uleb128 0x5
ARM GAS  C:\Users\rbhar\AppData\Local\Temp\ccId1BRv.s 			page 22


 782 0033 15       		.uleb128 0x15
 783 0034 00       		.byte	0
 784 0035 27       		.uleb128 0x27
 785 0036 19       		.uleb128 0x19
 786 0037 00       		.byte	0
 787 0038 00       		.byte	0
 788 0039 06       		.uleb128 0x6
 789 003a 16       		.uleb128 0x16
 790 003b 00       		.byte	0
 791 003c 03       		.uleb128 0x3
 792 003d 0E       		.uleb128 0xe
 793 003e 3A       		.uleb128 0x3a
 794 003f 0B       		.uleb128 0xb
 795 0040 3B       		.uleb128 0x3b
 796 0041 05       		.uleb128 0x5
 797 0042 49       		.uleb128 0x49
 798 0043 13       		.uleb128 0x13
 799 0044 00       		.byte	0
 800 0045 00       		.byte	0
 801 0046 07       		.uleb128 0x7
 802 0047 35       		.uleb128 0x35
 803 0048 00       		.byte	0
 804 0049 49       		.uleb128 0x49
 805 004a 13       		.uleb128 0x13
 806 004b 00       		.byte	0
 807 004c 00       		.byte	0
 808 004d 08       		.uleb128 0x8
 809 004e 2E       		.uleb128 0x2e
 810 004f 01       		.byte	0x1
 811 0050 3F       		.uleb128 0x3f
 812 0051 19       		.uleb128 0x19
 813 0052 03       		.uleb128 0x3
 814 0053 0E       		.uleb128 0xe
 815 0054 3A       		.uleb128 0x3a
 816 0055 0B       		.uleb128 0xb
 817 0056 3B       		.uleb128 0x3b
 818 0057 0B       		.uleb128 0xb
 819 0058 27       		.uleb128 0x27
 820 0059 19       		.uleb128 0x19
 821 005a 11       		.uleb128 0x11
 822 005b 01       		.uleb128 0x1
 823 005c 12       		.uleb128 0x12
 824 005d 06       		.uleb128 0x6
 825 005e 40       		.uleb128 0x40
 826 005f 18       		.uleb128 0x18
 827 0060 9742     		.uleb128 0x2117
 828 0062 19       		.uleb128 0x19
 829 0063 01       		.uleb128 0x1
 830 0064 13       		.uleb128 0x13
 831 0065 00       		.byte	0
 832 0066 00       		.byte	0
 833 0067 09       		.uleb128 0x9
 834 0068 898201   		.uleb128 0x4109
 835 006b 00       		.byte	0
 836 006c 11       		.uleb128 0x11
 837 006d 01       		.uleb128 0x1
 838 006e 31       		.uleb128 0x31
ARM GAS  C:\Users\rbhar\AppData\Local\Temp\ccId1BRv.s 			page 23


 839 006f 13       		.uleb128 0x13
 840 0070 00       		.byte	0
 841 0071 00       		.byte	0
 842 0072 0A       		.uleb128 0xa
 843 0073 05       		.uleb128 0x5
 844 0074 00       		.byte	0
 845 0075 03       		.uleb128 0x3
 846 0076 0E       		.uleb128 0xe
 847 0077 3A       		.uleb128 0x3a
 848 0078 0B       		.uleb128 0xb
 849 0079 3B       		.uleb128 0x3b
 850 007a 0B       		.uleb128 0xb
 851 007b 49       		.uleb128 0x49
 852 007c 13       		.uleb128 0x13
 853 007d 02       		.uleb128 0x2
 854 007e 18       		.uleb128 0x18
 855 007f 00       		.byte	0
 856 0080 00       		.byte	0
 857 0081 0B       		.uleb128 0xb
 858 0082 34       		.uleb128 0x34
 859 0083 00       		.byte	0
 860 0084 03       		.uleb128 0x3
 861 0085 0E       		.uleb128 0xe
 862 0086 3A       		.uleb128 0x3a
 863 0087 0B       		.uleb128 0xb
 864 0088 3B       		.uleb128 0x3b
 865 0089 0B       		.uleb128 0xb
 866 008a 49       		.uleb128 0x49
 867 008b 13       		.uleb128 0x13
 868 008c 02       		.uleb128 0x2
 869 008d 18       		.uleb128 0x18
 870 008e 00       		.byte	0
 871 008f 00       		.byte	0
 872 0090 0C       		.uleb128 0xc
 873 0091 2E       		.uleb128 0x2e
 874 0092 01       		.byte	0x1
 875 0093 3F       		.uleb128 0x3f
 876 0094 19       		.uleb128 0x19
 877 0095 03       		.uleb128 0x3
 878 0096 0E       		.uleb128 0xe
 879 0097 3A       		.uleb128 0x3a
 880 0098 0B       		.uleb128 0xb
 881 0099 3B       		.uleb128 0x3b
 882 009a 0B       		.uleb128 0xb
 883 009b 27       		.uleb128 0x27
 884 009c 19       		.uleb128 0x19
 885 009d 49       		.uleb128 0x49
 886 009e 13       		.uleb128 0x13
 887 009f 11       		.uleb128 0x11
 888 00a0 01       		.uleb128 0x1
 889 00a1 12       		.uleb128 0x12
 890 00a2 06       		.uleb128 0x6
 891 00a3 40       		.uleb128 0x40
 892 00a4 18       		.uleb128 0x18
 893 00a5 9742     		.uleb128 0x2117
 894 00a7 19       		.uleb128 0x19
 895 00a8 01       		.uleb128 0x1
ARM GAS  C:\Users\rbhar\AppData\Local\Temp\ccId1BRv.s 			page 24


 896 00a9 13       		.uleb128 0x13
 897 00aa 00       		.byte	0
 898 00ab 00       		.byte	0
 899 00ac 0D       		.uleb128 0xd
 900 00ad 2E       		.uleb128 0x2e
 901 00ae 01       		.byte	0x1
 902 00af 3F       		.uleb128 0x3f
 903 00b0 19       		.uleb128 0x19
 904 00b1 03       		.uleb128 0x3
 905 00b2 0E       		.uleb128 0xe
 906 00b3 3A       		.uleb128 0x3a
 907 00b4 0B       		.uleb128 0xb
 908 00b5 3B       		.uleb128 0x3b
 909 00b6 05       		.uleb128 0x5
 910 00b7 27       		.uleb128 0x27
 911 00b8 19       		.uleb128 0x19
 912 00b9 11       		.uleb128 0x11
 913 00ba 01       		.uleb128 0x1
 914 00bb 12       		.uleb128 0x12
 915 00bc 06       		.uleb128 0x6
 916 00bd 40       		.uleb128 0x40
 917 00be 18       		.uleb128 0x18
 918 00bf 9742     		.uleb128 0x2117
 919 00c1 19       		.uleb128 0x19
 920 00c2 01       		.uleb128 0x1
 921 00c3 13       		.uleb128 0x13
 922 00c4 00       		.byte	0
 923 00c5 00       		.byte	0
 924 00c6 0E       		.uleb128 0xe
 925 00c7 05       		.uleb128 0x5
 926 00c8 00       		.byte	0
 927 00c9 03       		.uleb128 0x3
 928 00ca 0E       		.uleb128 0xe
 929 00cb 3A       		.uleb128 0x3a
 930 00cc 0B       		.uleb128 0xb
 931 00cd 3B       		.uleb128 0x3b
 932 00ce 05       		.uleb128 0x5
 933 00cf 49       		.uleb128 0x49
 934 00d0 13       		.uleb128 0x13
 935 00d1 02       		.uleb128 0x2
 936 00d2 17       		.uleb128 0x17
 937 00d3 00       		.byte	0
 938 00d4 00       		.byte	0
 939 00d5 0F       		.uleb128 0xf
 940 00d6 2E       		.uleb128 0x2e
 941 00d7 01       		.byte	0x1
 942 00d8 3F       		.uleb128 0x3f
 943 00d9 19       		.uleb128 0x19
 944 00da 03       		.uleb128 0x3
 945 00db 0E       		.uleb128 0xe
 946 00dc 3A       		.uleb128 0x3a
 947 00dd 0B       		.uleb128 0xb
 948 00de 3B       		.uleb128 0x3b
 949 00df 05       		.uleb128 0x5
 950 00e0 27       		.uleb128 0x27
 951 00e1 19       		.uleb128 0x19
 952 00e2 49       		.uleb128 0x49
ARM GAS  C:\Users\rbhar\AppData\Local\Temp\ccId1BRv.s 			page 25


 953 00e3 13       		.uleb128 0x13
 954 00e4 11       		.uleb128 0x11
 955 00e5 01       		.uleb128 0x1
 956 00e6 12       		.uleb128 0x12
 957 00e7 06       		.uleb128 0x6
 958 00e8 40       		.uleb128 0x40
 959 00e9 18       		.uleb128 0x18
 960 00ea 9742     		.uleb128 0x2117
 961 00ec 19       		.uleb128 0x19
 962 00ed 01       		.uleb128 0x1
 963 00ee 13       		.uleb128 0x13
 964 00ef 00       		.byte	0
 965 00f0 00       		.byte	0
 966 00f1 10       		.uleb128 0x10
 967 00f2 34       		.uleb128 0x34
 968 00f3 00       		.byte	0
 969 00f4 03       		.uleb128 0x3
 970 00f5 0E       		.uleb128 0xe
 971 00f6 3A       		.uleb128 0x3a
 972 00f7 0B       		.uleb128 0xb
 973 00f8 3B       		.uleb128 0x3b
 974 00f9 05       		.uleb128 0x5
 975 00fa 49       		.uleb128 0x49
 976 00fb 13       		.uleb128 0x13
 977 00fc 02       		.uleb128 0x2
 978 00fd 17       		.uleb128 0x17
 979 00fe 00       		.byte	0
 980 00ff 00       		.byte	0
 981 0100 11       		.uleb128 0x11
 982 0101 2E       		.uleb128 0x2e
 983 0102 00       		.byte	0
 984 0103 3F       		.uleb128 0x3f
 985 0104 19       		.uleb128 0x19
 986 0105 03       		.uleb128 0x3
 987 0106 0E       		.uleb128 0xe
 988 0107 3A       		.uleb128 0x3a
 989 0108 0B       		.uleb128 0xb
 990 0109 3B       		.uleb128 0x3b
 991 010a 05       		.uleb128 0x5
 992 010b 27       		.uleb128 0x27
 993 010c 19       		.uleb128 0x19
 994 010d 11       		.uleb128 0x11
 995 010e 01       		.uleb128 0x1
 996 010f 12       		.uleb128 0x12
 997 0110 06       		.uleb128 0x6
 998 0111 40       		.uleb128 0x40
 999 0112 18       		.uleb128 0x18
 1000 0113 9742     		.uleb128 0x2117
 1001 0115 19       		.uleb128 0x19
 1002 0116 00       		.byte	0
 1003 0117 00       		.byte	0
 1004 0118 12       		.uleb128 0x12
 1005 0119 2E       		.uleb128 0x2e
 1006 011a 00       		.byte	0
 1007 011b 3F       		.uleb128 0x3f
 1008 011c 19       		.uleb128 0x19
 1009 011d 03       		.uleb128 0x3
ARM GAS  C:\Users\rbhar\AppData\Local\Temp\ccId1BRv.s 			page 26


 1010 011e 0E       		.uleb128 0xe
 1011 011f 3A       		.uleb128 0x3a
 1012 0120 0B       		.uleb128 0xb
 1013 0121 3B       		.uleb128 0x3b
 1014 0122 05       		.uleb128 0x5
 1015 0123 27       		.uleb128 0x27
 1016 0124 19       		.uleb128 0x19
 1017 0125 49       		.uleb128 0x49
 1018 0126 13       		.uleb128 0x13
 1019 0127 11       		.uleb128 0x11
 1020 0128 01       		.uleb128 0x1
 1021 0129 12       		.uleb128 0x12
 1022 012a 06       		.uleb128 0x6
 1023 012b 40       		.uleb128 0x40
 1024 012c 18       		.uleb128 0x18
 1025 012d 9742     		.uleb128 0x2117
 1026 012f 19       		.uleb128 0x19
 1027 0130 00       		.byte	0
 1028 0131 00       		.byte	0
 1029 0132 13       		.uleb128 0x13
 1030 0133 898201   		.uleb128 0x4109
 1031 0136 01       		.byte	0x1
 1032 0137 11       		.uleb128 0x11
 1033 0138 01       		.uleb128 0x1
 1034 0139 31       		.uleb128 0x31
 1035 013a 13       		.uleb128 0x13
 1036 013b 01       		.uleb128 0x1
 1037 013c 13       		.uleb128 0x13
 1038 013d 00       		.byte	0
 1039 013e 00       		.byte	0
 1040 013f 14       		.uleb128 0x14
 1041 0140 8A8201   		.uleb128 0x410a
 1042 0143 00       		.byte	0
 1043 0144 02       		.uleb128 0x2
 1044 0145 18       		.uleb128 0x18
 1045 0146 9142     		.uleb128 0x2111
 1046 0148 18       		.uleb128 0x18
 1047 0149 00       		.byte	0
 1048 014a 00       		.byte	0
 1049 014b 15       		.uleb128 0x15
 1050 014c 05       		.uleb128 0x5
 1051 014d 00       		.byte	0
 1052 014e 03       		.uleb128 0x3
 1053 014f 0E       		.uleb128 0xe
 1054 0150 3A       		.uleb128 0x3a
 1055 0151 0B       		.uleb128 0xb
 1056 0152 3B       		.uleb128 0x3b
 1057 0153 0B       		.uleb128 0xb
 1058 0154 49       		.uleb128 0x49
 1059 0155 13       		.uleb128 0x13
 1060 0156 02       		.uleb128 0x2
 1061 0157 17       		.uleb128 0x17
 1062 0158 00       		.byte	0
 1063 0159 00       		.byte	0
 1064 015a 16       		.uleb128 0x16
 1065 015b 2E       		.uleb128 0x2e
 1066 015c 00       		.byte	0
ARM GAS  C:\Users\rbhar\AppData\Local\Temp\ccId1BRv.s 			page 27


 1067 015d 3F       		.uleb128 0x3f
 1068 015e 19       		.uleb128 0x19
 1069 015f 3C       		.uleb128 0x3c
 1070 0160 19       		.uleb128 0x19
 1071 0161 6E       		.uleb128 0x6e
 1072 0162 0E       		.uleb128 0xe
 1073 0163 03       		.uleb128 0x3
 1074 0164 0E       		.uleb128 0xe
 1075 0165 3A       		.uleb128 0x3a
 1076 0166 0B       		.uleb128 0xb
 1077 0167 3B       		.uleb128 0x3b
 1078 0168 0B       		.uleb128 0xb
 1079 0169 00       		.byte	0
 1080 016a 00       		.byte	0
 1081 016b 00       		.byte	0
 1082              		.section	.debug_loc,"",%progbits
 1083              	.Ldebug_loc0:
 1084              	.LLST0:
 1085 0000 00000000 		.4byte	.LVL4
 1086 0004 02000000 		.4byte	.LVL5
 1087 0008 0100     		.2byte	0x1
 1088 000a 50       		.byte	0x50
 1089 000b 02000000 		.4byte	.LVL5
 1090 000f 10000000 		.4byte	.LFE6
 1091 0013 0400     		.2byte	0x4
 1092 0015 F3       		.byte	0xf3
 1093 0016 01       		.uleb128 0x1
 1094 0017 50       		.byte	0x50
 1095 0018 9F       		.byte	0x9f
 1096 0019 00000000 		.4byte	0
 1097 001d 00000000 		.4byte	0
 1098              	.LLST1:
 1099 0021 04000000 		.4byte	.LVL6
 1100 0025 06000000 		.4byte	.LVL7
 1101 0029 0500     		.2byte	0x5
 1102 002b 70       		.byte	0x70
 1103 002c 00       		.sleb128 0
 1104 002d 35       		.byte	0x35
 1105 002e 25       		.byte	0x25
 1106 002f 9F       		.byte	0x9f
 1107 0030 00000000 		.4byte	0
 1108 0034 00000000 		.4byte	0
 1109              	.LLST2:
 1110 0038 00000000 		.4byte	.LVL12
 1111 003c 07000000 		.4byte	.LVL13-1
 1112 0040 0100     		.2byte	0x1
 1113 0042 50       		.byte	0x50
 1114 0043 07000000 		.4byte	.LVL13-1
 1115 0047 1A000000 		.4byte	.LFE1
 1116 004b 0100     		.2byte	0x1
 1117 004d 54       		.byte	0x54
 1118 004e 00000000 		.4byte	0
 1119 0052 00000000 		.4byte	0
 1120              		.section	.debug_aranges,"",%progbits
 1121 0000 7C000000 		.4byte	0x7c
 1122 0004 0200     		.2byte	0x2
 1123 0006 00000000 		.4byte	.Ldebug_info0
ARM GAS  C:\Users\rbhar\AppData\Local\Temp\ccId1BRv.s 			page 28


 1124 000a 04       		.byte	0x4
 1125 000b 00       		.byte	0
 1126 000c 0000     		.2byte	0
 1127 000e 0000     		.2byte	0
 1128 0010 00000000 		.4byte	.LFB3
 1129 0014 08000000 		.4byte	.LFE3-.LFB3
 1130 0018 00000000 		.4byte	.LFB4
 1131 001c 0C000000 		.4byte	.LFE4-.LFB4
 1132 0020 00000000 		.4byte	.LFB5
 1133 0024 0C000000 		.4byte	.LFE5-.LFB5
 1134 0028 00000000 		.4byte	.LFB6
 1135 002c 10000000 		.4byte	.LFE6-.LFB6
 1136 0030 00000000 		.4byte	.LFB7
 1137 0034 0C000000 		.4byte	.LFE7-.LFB7
 1138 0038 00000000 		.4byte	.LFB8
 1139 003c 0C000000 		.4byte	.LFE8-.LFB8
 1140 0040 00000000 		.4byte	.LFB9
 1141 0044 10000000 		.4byte	.LFE9-.LFB9
 1142 0048 00000000 		.4byte	.LFB10
 1143 004c 0C000000 		.4byte	.LFE10-.LFB10
 1144 0050 00000000 		.4byte	.LFB0
 1145 0054 1C000000 		.4byte	.LFE0-.LFB0
 1146 0058 00000000 		.4byte	.LFB1
 1147 005c 1A000000 		.4byte	.LFE1-.LFB1
 1148 0060 00000000 		.4byte	.LFB2
 1149 0064 14000000 		.4byte	.LFE2-.LFB2
 1150 0068 00000000 		.4byte	.LFB11
 1151 006c 0C000000 		.4byte	.LFE11-.LFB11
 1152 0070 00000000 		.4byte	.LFB12
 1153 0074 0C000000 		.4byte	.LFE12-.LFB12
 1154 0078 00000000 		.4byte	0
 1155 007c 00000000 		.4byte	0
 1156              		.section	.debug_ranges,"",%progbits
 1157              	.Ldebug_ranges0:
 1158 0000 00000000 		.4byte	.LFB3
 1159 0004 08000000 		.4byte	.LFE3
 1160 0008 00000000 		.4byte	.LFB4
 1161 000c 0C000000 		.4byte	.LFE4
 1162 0010 00000000 		.4byte	.LFB5
 1163 0014 0C000000 		.4byte	.LFE5
 1164 0018 00000000 		.4byte	.LFB6
 1165 001c 10000000 		.4byte	.LFE6
 1166 0020 00000000 		.4byte	.LFB7
 1167 0024 0C000000 		.4byte	.LFE7
 1168 0028 00000000 		.4byte	.LFB8
 1169 002c 0C000000 		.4byte	.LFE8
 1170 0030 00000000 		.4byte	.LFB9
 1171 0034 10000000 		.4byte	.LFE9
 1172 0038 00000000 		.4byte	.LFB10
 1173 003c 0C000000 		.4byte	.LFE10
 1174 0040 00000000 		.4byte	.LFB0
 1175 0044 1C000000 		.4byte	.LFE0
 1176 0048 00000000 		.4byte	.LFB1
 1177 004c 1A000000 		.4byte	.LFE1
 1178 0050 00000000 		.4byte	.LFB2
 1179 0054 14000000 		.4byte	.LFE2
 1180 0058 00000000 		.4byte	.LFB11
ARM GAS  C:\Users\rbhar\AppData\Local\Temp\ccId1BRv.s 			page 29


 1181 005c 0C000000 		.4byte	.LFE11
 1182 0060 00000000 		.4byte	.LFB12
 1183 0064 0C000000 		.4byte	.LFE12
 1184 0068 00000000 		.4byte	0
 1185 006c 00000000 		.4byte	0
 1186              		.section	.debug_line,"",%progbits
 1187              	.Ldebug_line0:
 1188 0000 2F010000 		.section	.debug_str,"MS",%progbits,1
 1188      02004200 
 1188      00000201 
 1188      FB0E0D00 
 1188      01010101 
 1189              	.LASF28:
 1190 0000 4953525F 		.ascii	"ISR_1_Disable\000"
 1190      315F4469 
 1190      7361626C 
 1190      6500
 1191              	.LASF17:
 1192 000e 72656733 		.ascii	"reg32\000"
 1192      3200
 1193              	.LASF36:
 1194 0014 443A5C48 		.ascii	"D:\\HDA\\Pre-Semester\\2_Microcontroller\\LabWorksp"
 1194      44415C50 
 1194      72652D53 
 1194      656D6573 
 1194      7465725C 
 1195 0043 6163655C 		.ascii	"ace\\LabMicrocontroller\\day1_led.cydsn\000"
 1195      4C61624D 
 1195      6963726F 
 1195      636F6E74 
 1195      726F6C6C 
 1196              	.LASF29:
 1197 0069 4953525F 		.ascii	"ISR_1_Start\000"
 1197      315F5374 
 1197      61727400 
 1198              	.LASF6:
 1199 0075 73686F72 		.ascii	"short unsigned int\000"
 1199      7420756E 
 1199      7369676E 
 1199      65642069 
 1199      6E7400
 1200              	.LASF14:
 1201 0088 666C6F61 		.ascii	"float\000"
 1201      7400
 1202              	.LASF4:
 1203 008e 756E7369 		.ascii	"unsigned char\000"
 1203      676E6564 
 1203      20636861 
 1203      7200
 1204              	.LASF34:
 1205 009c 474E5520 		.ascii	"GNU C11 5.4.1 20160609 (release) [ARM/embedded-5-br"
 1205      43313120 
 1205      352E342E 
 1205      31203230 
 1205      31363036 
 1206 00cf 616E6368 		.ascii	"anch revision 237715] -mcpu=cortex-m3 -mthumb -g -O"
 1206      20726576 
ARM GAS  C:\Users\rbhar\AppData\Local\Temp\ccId1BRv.s 			page 30


 1206      6973696F 
 1206      6E203233 
 1206      37373135 
 1207 0102 67202D66 		.ascii	"g -ffunction-sections -ffat-lto-objects\000"
 1207      66756E63 
 1207      74696F6E 
 1207      2D736563 
 1207      74696F6E 
 1208              	.LASF16:
 1209 012a 72656738 		.ascii	"reg8\000"
 1209      00
 1210              	.LASF32:
 1211 012f 4953525F 		.ascii	"ISR_1_SetPending\000"
 1211      315F5365 
 1211      7450656E 
 1211      64696E67 
 1211      00
 1212              	.LASF8:
 1213 0140 6C6F6E67 		.ascii	"long unsigned int\000"
 1213      20756E73 
 1213      69676E65 
 1213      6420696E 
 1213      7400
 1214              	.LASF12:
 1215 0152 75696E74 		.ascii	"uint8\000"
 1215      3800
 1216              	.LASF31:
 1217 0158 4953525F 		.ascii	"ISR_1_Stop\000"
 1217      315F5374 
 1217      6F7000
 1218              	.LASF20:
 1219 0163 4953525F 		.ascii	"ISR_1_SetVector\000"
 1219      315F5365 
 1219      74566563 
 1219      746F7200 
 1220              	.LASF24:
 1221 0173 7072696F 		.ascii	"priority\000"
 1221      72697479 
 1221      00
 1222              	.LASF15:
 1223 017c 646F7562 		.ascii	"double\000"
 1223      6C6500
 1224              	.LASF26:
 1225 0183 4953525F 		.ascii	"ISR_1_GetPriority\000"
 1225      315F4765 
 1225      74507269 
 1225      6F726974 
 1225      7900
 1226              	.LASF27:
 1227 0195 4953525F 		.ascii	"ISR_1_Enable\000"
 1227      315F456E 
 1227      61626C65 
 1227      00
 1228              	.LASF13:
 1229 01a2 75696E74 		.ascii	"uint32\000"
 1229      333200
 1230              	.LASF0:
ARM GAS  C:\Users\rbhar\AppData\Local\Temp\ccId1BRv.s 			page 31


 1231 01a9 756E7369 		.ascii	"unsigned int\000"
 1231      676E6564 
 1231      20696E74 
 1231      00
 1232              	.LASF23:
 1233 01b6 61646472 		.ascii	"address\000"
 1233      65737300 
 1234              	.LASF9:
 1235 01be 6C6F6E67 		.ascii	"long long unsigned int\000"
 1235      206C6F6E 
 1235      6720756E 
 1235      7369676E 
 1235      65642069 
 1236              	.LASF18:
 1237 01d5 63796973 		.ascii	"cyisraddress\000"
 1237      72616464 
 1237      72657373 
 1237      00
 1238              	.LASF10:
 1239 01e2 73697A65 		.ascii	"sizetype\000"
 1239      74797065 
 1239      00
 1240              	.LASF1:
 1241 01eb 6C6F6E67 		.ascii	"long long int\000"
 1241      206C6F6E 
 1241      6720696E 
 1241      7400
 1242              	.LASF11:
 1243 01f9 63686172 		.ascii	"char\000"
 1243      00
 1244              	.LASF21:
 1245 01fe 72616D56 		.ascii	"ramVectorTable\000"
 1245      6563746F 
 1245      72546162 
 1245      6C6500
 1246              	.LASF25:
 1247 020d 4953525F 		.ascii	"ISR_1_GetVector\000"
 1247      315F4765 
 1247      74566563 
 1247      746F7200 
 1248              	.LASF37:
 1249 021d 4953525F 		.ascii	"ISR_1_GetState\000"
 1249      315F4765 
 1249      74537461 
 1249      746500
 1250              	.LASF19:
 1251 022c 4953525F 		.ascii	"ISR_1_Interrupt\000"
 1251      315F496E 
 1251      74657272 
 1251      75707400 
 1252              	.LASF5:
 1253 023c 73686F72 		.ascii	"short int\000"
 1253      7420696E 
 1253      7400
 1254              	.LASF33:
 1255 0246 4953525F 		.ascii	"ISR_1_ClearPending\000"
 1255      315F436C 
ARM GAS  C:\Users\rbhar\AppData\Local\Temp\ccId1BRv.s 			page 32


 1255      65617250 
 1255      656E6469 
 1255      6E6700
 1256              	.LASF30:
 1257 0259 4953525F 		.ascii	"ISR_1_StartEx\000"
 1257      315F5374 
 1257      61727445 
 1257      7800
 1258              	.LASF38:
 1259 0267 49535231 		.ascii	"ISR1_Callback\000"
 1259      5F43616C 
 1259      6C626163 
 1259      6B00
 1260              	.LASF7:
 1261 0275 6C6F6E67 		.ascii	"long int\000"
 1261      20696E74 
 1261      00
 1262              	.LASF2:
 1263 027e 6C6F6E67 		.ascii	"long double\000"
 1263      20646F75 
 1263      626C6500 
 1264              	.LASF3:
 1265 028a 7369676E 		.ascii	"signed char\000"
 1265      65642063 
 1265      68617200 
 1266              	.LASF22:
 1267 0296 4953525F 		.ascii	"ISR_1_SetPriority\000"
 1267      315F5365 
 1267      74507269 
 1267      6F726974 
 1267      7900
 1268              	.LASF35:
 1269 02a8 47656E65 		.ascii	"Generated_Source\\PSoC5\\ISR_1.c\000"
 1269      72617465 
 1269      645F536F 
 1269      75726365 
 1269      5C50536F 
 1270              		.ident	"GCC: (GNU Tools for ARM Embedded Processors) 5.4.1 20160609 (release) [ARM/embedded-5-bran
