ARM GAS  C:\Users\rbhar\AppData\Local\Temp\cctu8Dx4.s 			page 1


   1              		.syntax unified
   2              		.cpu cortex-m3
   3              		.fpu softvfp
   4              		.eabi_attribute 20, 1
   5              		.eabi_attribute 21, 1
   6              		.eabi_attribute 23, 3
   7              		.eabi_attribute 24, 1
   8              		.eabi_attribute 25, 1
   9              		.eabi_attribute 26, 1
  10              		.eabi_attribute 30, 1
  11              		.eabi_attribute 34, 1
  12              		.eabi_attribute 18, 4
  13              		.thumb
  14              		.syntax unified
  15              		.file	"main.c"
  16              		.text
  17              	.Ltext0:
  18              		.cfi_sections	.debug_frame
  19              		.section	.text.LedStateChange,"ax",%progbits
  20              		.align	2
  21              		.thumb
  22              		.thumb_func
  23              		.type	LedStateChange, %function
  24              	LedStateChange:
  25              	.LFB63:
  26              		.file 1 "main.c"
   1:main.c        **** /* ========================================
   2:main.c        ****  *
   3:main.c        ****  * Copyright YOUR COMPANY, THE YEAR
   4:main.c        ****  * All Rights Reserved
   5:main.c        ****  * UNPUBLISHED, LICENSED SOFTWARE.
   6:main.c        ****  *
   7:main.c        ****  * CONFIDENTIAL AND PROPRIETARY INFORMATION
   8:main.c        ****  * WHICH IS THE PROPERTY OF your company.
   9:main.c        ****  *
  10:main.c        ****  * ========================================
  11:main.c        **** */
  12:main.c        **** #include "project.h"
  13:main.c        **** #include <ISR_1.h>
  14:main.c        **** #include <ISR_2.h>
  15:main.c        **** 
  16:main.c        **** typedef enum
  17:main.c        **** {
  18:main.c        ****     RED,
  19:main.c        ****     GREEN,
  20:main.c        ****     YELLOW,
  21:main.c        **** } LED_e;
  22:main.c        **** 
  23:main.c        **** 
  24:main.c        **** static void LedStateChange(LED_e Pin, int Value)
  25:main.c        **** {
  27              		.loc 1 25 0
  28              		.cfi_startproc
  29              		@ args = 0, pretend = 0, frame = 0
  30              		@ frame_needed = 0, uses_anonymous_args = 0
  31              	.LVL0:
  32 0000 08B5     		push	{r3, lr}
ARM GAS  C:\Users\rbhar\AppData\Local\Temp\cctu8Dx4.s 			page 2


  33              		.cfi_def_cfa_offset 8
  34              		.cfi_offset 3, -8
  35              		.cfi_offset 14, -4
  26:main.c        ****     switch (Pin)
  36              		.loc 1 26 0
  37 0002 0128     		cmp	r0, #1
  38 0004 07D0     		beq	.L3
  39 0006 10B1     		cbz	r0, .L4
  40 0008 0228     		cmp	r0, #2
  41 000a 08D0     		beq	.L5
  42 000c 08BD     		pop	{r3, pc}
  43              	.L4:
  27:main.c        ****     {
  28:main.c        ****         case RED:
  29:main.c        ****             Pin_LedRed_Write(Value);
  44              		.loc 1 29 0
  45 000e C8B2     		uxtb	r0, r1
  46              	.LVL1:
  47 0010 FFF7FEFF 		bl	Pin_LedRed_Write
  48              	.LVL2:
  30:main.c        ****         break;
  49              		.loc 1 30 0
  50 0014 08BD     		pop	{r3, pc}
  51              	.LVL3:
  52              	.L3:
  31:main.c        ****         
  32:main.c        ****         case GREEN:
  33:main.c        ****             Pin_LedGreen_Write(Value);
  53              		.loc 1 33 0
  54 0016 C8B2     		uxtb	r0, r1
  55              	.LVL4:
  56 0018 FFF7FEFF 		bl	Pin_LedGreen_Write
  57              	.LVL5:
  34:main.c        ****         break;
  58              		.loc 1 34 0
  59 001c 08BD     		pop	{r3, pc}
  60              	.LVL6:
  61              	.L5:
  35:main.c        ****         
  36:main.c        ****         case YELLOW:
  37:main.c        ****             Pin_LedYellow_Write(Value);
  62              		.loc 1 37 0
  63 001e C8B2     		uxtb	r0, r1
  64              	.LVL7:
  65 0020 FFF7FEFF 		bl	Pin_LedYellow_Write
  66              	.LVL8:
  67 0024 08BD     		pop	{r3, pc}
  68              		.cfi_endproc
  69              	.LFE63:
  70              		.size	LedStateChange, .-LedStateChange
  71 0026 00BF     		.section	.text.CheckToToggleYellow,"ax",%progbits
  72              		.align	2
  73              		.thumb
  74              		.thumb_func
  75              		.type	CheckToToggleYellow, %function
  76              	CheckToToggleYellow:
  77              	.LFB66:
ARM GAS  C:\Users\rbhar\AppData\Local\Temp\cctu8Dx4.s 			page 3


  38:main.c        ****         break;
  39:main.c        ****         
  40:main.c        ****         default:
  41:main.c        ****         break;
  42:main.c        ****         
  43:main.c        ****     }
  44:main.c        **** }
  45:main.c        **** 
  46:main.c        **** void ISR1_Callback(void)
  47:main.c        **** {
  48:main.c        ****     LedStateChange(RED, 1);
  49:main.c        **** }
  50:main.c        **** 
  51:main.c        **** void ISR2_Callback(void)
  52:main.c        **** {
  53:main.c        ****     LedStateChange(RED, 0);
  54:main.c        **** }
  55:main.c        **** 
  56:main.c        **** static void CheckToToggleYellow(void)
  57:main.c        **** {
  78              		.loc 1 57 0
  79              		.cfi_startproc
  80              		@ args = 0, pretend = 0, frame = 0
  81              		@ frame_needed = 0, uses_anonymous_args = 0
  82 0000 08B5     		push	{r3, lr}
  83              		.cfi_def_cfa_offset 8
  84              		.cfi_offset 3, -8
  85              		.cfi_offset 14, -4
  58:main.c        ****     static int Flag = 0;
  59:main.c        ****     while (Pin_Button2_Read())
  86              		.loc 1 59 0
  87 0002 03E0     		b	.L8
  88              	.L9:
  60:main.c        ****     {
  61:main.c        ****         Flag = ~Flag;
  89              		.loc 1 61 0
  90 0004 064A     		ldr	r2, .L11
  91 0006 1368     		ldr	r3, [r2]
  92 0008 DB43     		mvns	r3, r3
  93 000a 1360     		str	r3, [r2]
  94              	.L8:
  59:main.c        ****     {
  95              		.loc 1 59 0
  96 000c FFF7FEFF 		bl	Pin_Button2_Read
  97              	.LVL9:
  98 0010 0028     		cmp	r0, #0
  99 0012 F7D1     		bne	.L9
  62:main.c        ****     }
  63:main.c        ****     
  64:main.c        ****     Pin_LedYellow_Write(Flag);
 100              		.loc 1 64 0
 101 0014 024B     		ldr	r3, .L11
 102 0016 1878     		ldrb	r0, [r3]	@ zero_extendqisi2
 103 0018 FFF7FEFF 		bl	Pin_LedYellow_Write
 104              	.LVL10:
 105 001c 08BD     		pop	{r3, pc}
 106              	.L12:
ARM GAS  C:\Users\rbhar\AppData\Local\Temp\cctu8Dx4.s 			page 4


 107 001e 00BF     		.align	2
 108              	.L11:
 109 0020 00000000 		.word	.LANCHOR0
 110              		.cfi_endproc
 111              	.LFE66:
 112              		.size	CheckToToggleYellow, .-CheckToToggleYellow
 113              		.section	.text.ISR1_Callback,"ax",%progbits
 114              		.align	2
 115              		.global	ISR1_Callback
 116              		.thumb
 117              		.thumb_func
 118              		.type	ISR1_Callback, %function
 119              	ISR1_Callback:
 120              	.LFB64:
  47:main.c        ****     LedStateChange(RED, 1);
 121              		.loc 1 47 0
 122              		.cfi_startproc
 123              		@ args = 0, pretend = 0, frame = 0
 124              		@ frame_needed = 0, uses_anonymous_args = 0
 125 0000 08B5     		push	{r3, lr}
 126              		.cfi_def_cfa_offset 8
 127              		.cfi_offset 3, -8
 128              		.cfi_offset 14, -4
  48:main.c        **** }
 129              		.loc 1 48 0
 130 0002 0121     		movs	r1, #1
 131 0004 0020     		movs	r0, #0
 132 0006 FFF7FEFF 		bl	LedStateChange
 133              	.LVL11:
 134 000a 08BD     		pop	{r3, pc}
 135              		.cfi_endproc
 136              	.LFE64:
 137              		.size	ISR1_Callback, .-ISR1_Callback
 138              		.section	.text.ISR2_Callback,"ax",%progbits
 139              		.align	2
 140              		.global	ISR2_Callback
 141              		.thumb
 142              		.thumb_func
 143              		.type	ISR2_Callback, %function
 144              	ISR2_Callback:
 145              	.LFB65:
  52:main.c        ****     LedStateChange(RED, 0);
 146              		.loc 1 52 0
 147              		.cfi_startproc
 148              		@ args = 0, pretend = 0, frame = 0
 149              		@ frame_needed = 0, uses_anonymous_args = 0
 150 0000 08B5     		push	{r3, lr}
 151              		.cfi_def_cfa_offset 8
 152              		.cfi_offset 3, -8
 153              		.cfi_offset 14, -4
  53:main.c        **** }
 154              		.loc 1 53 0
 155 0002 0021     		movs	r1, #0
 156 0004 0846     		mov	r0, r1
 157 0006 FFF7FEFF 		bl	LedStateChange
 158              	.LVL12:
 159 000a 08BD     		pop	{r3, pc}
ARM GAS  C:\Users\rbhar\AppData\Local\Temp\cctu8Dx4.s 			page 5


 160              		.cfi_endproc
 161              	.LFE65:
 162              		.size	ISR2_Callback, .-ISR2_Callback
 163              		.section	.text.main,"ax",%progbits
 164              		.align	2
 165              		.global	main
 166              		.thumb
 167              		.thumb_func
 168              		.type	main, %function
 169              	main:
 170              	.LFB67:
  65:main.c        ****     
  66:main.c        ****     return;
  67:main.c        **** }
  68:main.c        **** 
  69:main.c        **** 
  70:main.c        **** int main(void)
  71:main.c        **** {
 171              		.loc 1 71 0
 172              		.cfi_startproc
 173              		@ Volatile: function does not return.
 174              		@ args = 0, pretend = 0, frame = 0
 175              		@ frame_needed = 0, uses_anonymous_args = 0
 176 0000 08B5     		push	{r3, lr}
 177              		.cfi_def_cfa_offset 8
 178              		.cfi_offset 3, -8
 179              		.cfi_offset 14, -4
  72:main.c        ****     CyGlobalIntEnable; /* Enable global interrupts. */
 180              		.loc 1 72 0
 181              		.syntax unified
 182              	@ 72 "main.c" 1
 183 0002 62B6     		CPSIE   i
 184              	@ 0 "" 2
  73:main.c        **** 
  74:main.c        ****     /* Place your initialization/startup code here (e.g. MyInst_Start()) */
  75:main.c        ****     ISR_1_Start();
 185              		.loc 1 75 0
 186              		.thumb
 187              		.syntax unified
 188 0004 FFF7FEFF 		bl	ISR_1_Start
 189              	.LVL13:
  76:main.c        ****     ISR_2_Start();
 190              		.loc 1 76 0
 191 0008 FFF7FEFF 		bl	ISR_2_Start
 192              	.LVL14:
 193              	.L20:
  77:main.c        **** 
  78:main.c        ****     for(;;)
  79:main.c        ****     {
  80:main.c        ****         /* Place your application code here. */
  81:main.c        ****         if (Pin_Button1_Read())
 194              		.loc 1 81 0
 195 000c FFF7FEFF 		bl	Pin_Button1_Read
 196              	.LVL15:
 197 0010 18B1     		cbz	r0, .L18
  82:main.c        ****         {
  83:main.c        ****             Pin_LedGreen_Write(1);
ARM GAS  C:\Users\rbhar\AppData\Local\Temp\cctu8Dx4.s 			page 6


 198              		.loc 1 83 0
 199 0012 0120     		movs	r0, #1
 200 0014 FFF7FEFF 		bl	Pin_LedGreen_Write
 201              	.LVL16:
 202 0018 02E0     		b	.L19
 203              	.L18:
  84:main.c        ****         }
  85:main.c        ****         else
  86:main.c        ****         {
  87:main.c        ****             Pin_LedGreen_Write(0);
 204              		.loc 1 87 0
 205 001a 0020     		movs	r0, #0
 206 001c FFF7FEFF 		bl	Pin_LedGreen_Write
 207              	.LVL17:
 208              	.L19:
  88:main.c        ****         }
  89:main.c        ****         
  90:main.c        ****         CheckToToggleYellow();
 209              		.loc 1 90 0
 210 0020 FFF7FEFF 		bl	CheckToToggleYellow
 211              	.LVL18:
  91:main.c        ****     }
 212              		.loc 1 91 0
 213 0024 F2E7     		b	.L20
 214              		.cfi_endproc
 215              	.LFE67:
 216              		.size	main, .-main
 217 0026 00BF     		.bss
 218              		.align	2
 219              		.set	.LANCHOR0,. + 0
 220              		.type	Flag.5672, %object
 221              		.size	Flag.5672, 4
 222              	Flag.5672:
 223 0000 00000000 		.space	4
 224              		.text
 225              	.Letext0:
 226              		.file 2 "c:\\program files (x86)\\cypress\\psoc creator\\4.2\\psoc creator\\import\\gnu\\arm\\5.4.
 227              		.file 3 "c:\\program files (x86)\\cypress\\psoc creator\\4.2\\psoc creator\\import\\gnu\\arm\\5.4.
 228              		.file 4 "Generated_Source\\PSoC5/Pin_LedRed.h"
 229              		.file 5 "Generated_Source\\PSoC5/Pin_LedGreen.h"
 230              		.file 6 "Generated_Source\\PSoC5/Pin_LedYellow.h"
 231              		.file 7 "Generated_Source\\PSoC5/Pin_Button2.h"
 232              		.file 8 "Generated_Source\\PSoC5/ISR_1.h"
 233              		.file 9 "Generated_Source\\PSoC5/ISR_2.h"
 234              		.file 10 "Generated_Source\\PSoC5/Pin_Button1.h"
 235              		.file 11 "Generated_Source\\PSoC5/core_cm3.h"
 236              		.section	.debug_info,"",%progbits
 237              	.Ldebug_info0:
 238 0000 69020000 		.4byte	0x269
 239 0004 0400     		.2byte	0x4
 240 0006 00000000 		.4byte	.Ldebug_abbrev0
 241 000a 04       		.byte	0x4
 242 000b 01       		.uleb128 0x1
 243 000c A0000000 		.4byte	.LASF31
 244 0010 0C       		.byte	0xc
 245 0011 3B020000 		.4byte	.LASF32
 246 0015 0C000000 		.4byte	.LASF33
ARM GAS  C:\Users\rbhar\AppData\Local\Temp\cctu8Dx4.s 			page 7


 247 0019 00000000 		.4byte	.Ldebug_ranges0+0
 248 001d 00000000 		.4byte	0
 249 0021 00000000 		.4byte	.Ldebug_line0
 250 0025 02       		.uleb128 0x2
 251 0026 01       		.byte	0x1
 252 0027 06       		.byte	0x6
 253 0028 75020000 		.4byte	.LASF0
 254 002c 02       		.uleb128 0x2
 255 002d 01       		.byte	0x1
 256 002e 08       		.byte	0x8
 257 002f 92000000 		.4byte	.LASF1
 258 0033 02       		.uleb128 0x2
 259 0034 02       		.byte	0x2
 260 0035 05       		.byte	0x5
 261 0036 56020000 		.4byte	.LASF2
 262 003a 02       		.uleb128 0x2
 263 003b 02       		.byte	0x2
 264 003c 07       		.byte	0x7
 265 003d 42010000 		.4byte	.LASF3
 266 0041 03       		.uleb128 0x3
 267 0042 61000000 		.4byte	.LASF9
 268 0046 02       		.byte	0x2
 269 0047 3F       		.byte	0x3f
 270 0048 4C000000 		.4byte	0x4c
 271 004c 02       		.uleb128 0x2
 272 004d 04       		.byte	0x4
 273 004e 05       		.byte	0x5
 274 004f 60020000 		.4byte	.LASF4
 275 0053 02       		.uleb128 0x2
 276 0054 04       		.byte	0x4
 277 0055 07       		.byte	0x7
 278 0056 F9010000 		.4byte	.LASF5
 279 005a 02       		.uleb128 0x2
 280 005b 08       		.byte	0x8
 281 005c 05       		.byte	0x5
 282 005d 2D020000 		.4byte	.LASF6
 283 0061 02       		.uleb128 0x2
 284 0062 08       		.byte	0x8
 285 0063 07       		.byte	0x7
 286 0064 E2010000 		.4byte	.LASF7
 287 0068 04       		.uleb128 0x4
 288 0069 04       		.byte	0x4
 289 006a 05       		.byte	0x5
 290 006b 696E7400 		.ascii	"int\000"
 291 006f 02       		.uleb128 0x2
 292 0070 04       		.byte	0x4
 293 0071 07       		.byte	0x7
 294 0072 D5010000 		.4byte	.LASF8
 295 0076 03       		.uleb128 0x3
 296 0077 0B020000 		.4byte	.LASF10
 297 007b 03       		.byte	0x3
 298 007c 2C       		.byte	0x2c
 299 007d 41000000 		.4byte	0x41
 300 0081 02       		.uleb128 0x2
 301 0082 04       		.byte	0x4
 302 0083 04       		.byte	0x4
 303 0084 8C000000 		.4byte	.LASF11
ARM GAS  C:\Users\rbhar\AppData\Local\Temp\cctu8Dx4.s 			page 8


 304 0088 02       		.uleb128 0x2
 305 0089 08       		.byte	0x8
 306 008a 04       		.byte	0x4
 307 008b 77000000 		.4byte	.LASF12
 308 008f 02       		.uleb128 0x2
 309 0090 01       		.byte	0x1
 310 0091 08       		.byte	0x8
 311 0092 42020000 		.4byte	.LASF13
 312 0096 02       		.uleb128 0x2
 313 0097 04       		.byte	0x4
 314 0098 07       		.byte	0x7
 315 0099 13020000 		.4byte	.LASF14
 316 009d 02       		.uleb128 0x2
 317 009e 08       		.byte	0x8
 318 009f 04       		.byte	0x4
 319 00a0 69020000 		.4byte	.LASF15
 320 00a4 05       		.uleb128 0x5
 321 00a5 01       		.byte	0x1
 322 00a6 2C000000 		.4byte	0x2c
 323 00aa 01       		.byte	0x1
 324 00ab 11       		.byte	0x11
 325 00ac C3000000 		.4byte	0xc3
 326 00b0 06       		.uleb128 0x6
 327 00b1 52454400 		.ascii	"RED\000"
 328 00b5 00       		.byte	0
 329 00b6 07       		.uleb128 0x7
 330 00b7 C9010000 		.4byte	.LASF16
 331 00bb 01       		.byte	0x1
 332 00bc 07       		.uleb128 0x7
 333 00bd 81020000 		.4byte	.LASF17
 334 00c1 02       		.byte	0x2
 335 00c2 00       		.byte	0
 336 00c3 03       		.uleb128 0x3
 337 00c4 CF010000 		.4byte	.LASF18
 338 00c8 01       		.byte	0x1
 339 00c9 15       		.byte	0x15
 340 00ca A4000000 		.4byte	0xa4
 341 00ce 08       		.uleb128 0x8
 342 00cf 47020000 		.4byte	.LASF20
 343 00d3 01       		.byte	0x1
 344 00d4 18       		.byte	0x18
 345 00d5 00000000 		.4byte	.LFB63
 346 00d9 26000000 		.4byte	.LFE63-.LFB63
 347 00dd 01       		.uleb128 0x1
 348 00de 9C       		.byte	0x9c
 349 00df 1D010000 		.4byte	0x11d
 350 00e3 09       		.uleb128 0x9
 351 00e4 50696E00 		.ascii	"Pin\000"
 352 00e8 01       		.byte	0x1
 353 00e9 18       		.byte	0x18
 354 00ea C3000000 		.4byte	0xc3
 355 00ee 00000000 		.4byte	.LLST0
 356 00f2 0A       		.uleb128 0xa
 357 00f3 8F010000 		.4byte	.LASF19
 358 00f7 01       		.byte	0x1
 359 00f8 18       		.byte	0x18
 360 00f9 68000000 		.4byte	0x68
ARM GAS  C:\Users\rbhar\AppData\Local\Temp\cctu8Dx4.s 			page 9


 361 00fd 53000000 		.4byte	.LLST1
 362 0101 0B       		.uleb128 0xb
 363 0102 14000000 		.4byte	.LVL2
 364 0106 1F020000 		.4byte	0x21f
 365 010a 0B       		.uleb128 0xb
 366 010b 1C000000 		.4byte	.LVL5
 367 010f 2A020000 		.4byte	0x22a
 368 0113 0B       		.uleb128 0xb
 369 0114 24000000 		.4byte	.LVL8
 370 0118 35020000 		.4byte	0x235
 371 011c 00       		.byte	0
 372 011d 08       		.uleb128 0x8
 373 011e 76010000 		.4byte	.LASF21
 374 0122 01       		.byte	0x1
 375 0123 38       		.byte	0x38
 376 0124 00000000 		.4byte	.LFB66
 377 0128 24000000 		.4byte	.LFE66-.LFB66
 378 012c 01       		.uleb128 0x1
 379 012d 9C       		.byte	0x9c
 380 012e 56010000 		.4byte	0x156
 381 0132 0C       		.uleb128 0xc
 382 0133 8A010000 		.4byte	.LASF34
 383 0137 01       		.byte	0x1
 384 0138 3A       		.byte	0x3a
 385 0139 68000000 		.4byte	0x68
 386 013d 05       		.uleb128 0x5
 387 013e 03       		.byte	0x3
 388 013f 00000000 		.4byte	Flag.5672
 389 0143 0B       		.uleb128 0xb
 390 0144 10000000 		.4byte	.LVL9
 391 0148 40020000 		.4byte	0x240
 392 014c 0B       		.uleb128 0xb
 393 014d 1C000000 		.4byte	.LVL10
 394 0151 35020000 		.4byte	0x235
 395 0155 00       		.byte	0
 396 0156 0D       		.uleb128 0xd
 397 0157 55010000 		.4byte	.LASF22
 398 015b 01       		.byte	0x1
 399 015c 2E       		.byte	0x2e
 400 015d 00000000 		.4byte	.LFB64
 401 0161 0C000000 		.4byte	.LFE64-.LFB64
 402 0165 01       		.uleb128 0x1
 403 0166 9C       		.byte	0x9c
 404 0167 80010000 		.4byte	0x180
 405 016b 0E       		.uleb128 0xe
 406 016c 0A000000 		.4byte	.LVL11
 407 0170 CE000000 		.4byte	0xce
 408 0174 0F       		.uleb128 0xf
 409 0175 01       		.uleb128 0x1
 410 0176 50       		.byte	0x50
 411 0177 01       		.uleb128 0x1
 412 0178 30       		.byte	0x30
 413 0179 0F       		.uleb128 0xf
 414 017a 01       		.uleb128 0x1
 415 017b 51       		.byte	0x51
 416 017c 01       		.uleb128 0x1
 417 017d 31       		.byte	0x31
ARM GAS  C:\Users\rbhar\AppData\Local\Temp\cctu8Dx4.s 			page 10


 418 017e 00       		.byte	0
 419 017f 00       		.byte	0
 420 0180 0D       		.uleb128 0xd
 421 0181 7E000000 		.4byte	.LASF23
 422 0185 01       		.byte	0x1
 423 0186 33       		.byte	0x33
 424 0187 00000000 		.4byte	.LFB65
 425 018b 0C000000 		.4byte	.LFE65-.LFB65
 426 018f 01       		.uleb128 0x1
 427 0190 9C       		.byte	0x9c
 428 0191 AA010000 		.4byte	0x1aa
 429 0195 0E       		.uleb128 0xe
 430 0196 0A000000 		.4byte	.LVL12
 431 019a CE000000 		.4byte	0xce
 432 019e 0F       		.uleb128 0xf
 433 019f 01       		.uleb128 0x1
 434 01a0 50       		.byte	0x50
 435 01a1 01       		.uleb128 0x1
 436 01a2 30       		.byte	0x30
 437 01a3 0F       		.uleb128 0xf
 438 01a4 01       		.uleb128 0x1
 439 01a5 51       		.byte	0x51
 440 01a6 01       		.uleb128 0x1
 441 01a7 30       		.byte	0x30
 442 01a8 00       		.byte	0
 443 01a9 00       		.byte	0
 444 01aa 10       		.uleb128 0x10
 445 01ab A6010000 		.4byte	.LASF35
 446 01af 01       		.byte	0x1
 447 01b0 46       		.byte	0x46
 448 01b1 68000000 		.4byte	0x68
 449 01b5 00000000 		.4byte	.LFB67
 450 01b9 26000000 		.4byte	.LFE67-.LFB67
 451 01bd 01       		.uleb128 0x1
 452 01be 9C       		.byte	0x9c
 453 01bf 0E020000 		.4byte	0x20e
 454 01c3 0B       		.uleb128 0xb
 455 01c4 08000000 		.4byte	.LVL13
 456 01c8 4B020000 		.4byte	0x24b
 457 01cc 0B       		.uleb128 0xb
 458 01cd 0C000000 		.4byte	.LVL14
 459 01d1 56020000 		.4byte	0x256
 460 01d5 0B       		.uleb128 0xb
 461 01d6 10000000 		.4byte	.LVL15
 462 01da 61020000 		.4byte	0x261
 463 01de 11       		.uleb128 0x11
 464 01df 18000000 		.4byte	.LVL16
 465 01e3 2A020000 		.4byte	0x22a
 466 01e7 F1010000 		.4byte	0x1f1
 467 01eb 0F       		.uleb128 0xf
 468 01ec 01       		.uleb128 0x1
 469 01ed 50       		.byte	0x50
 470 01ee 01       		.uleb128 0x1
 471 01ef 31       		.byte	0x31
 472 01f0 00       		.byte	0
 473 01f1 11       		.uleb128 0x11
 474 01f2 20000000 		.4byte	.LVL17
ARM GAS  C:\Users\rbhar\AppData\Local\Temp\cctu8Dx4.s 			page 11


 475 01f6 2A020000 		.4byte	0x22a
 476 01fa 04020000 		.4byte	0x204
 477 01fe 0F       		.uleb128 0xf
 478 01ff 01       		.uleb128 0x1
 479 0200 50       		.byte	0x50
 480 0201 01       		.uleb128 0x1
 481 0202 30       		.byte	0x30
 482 0203 00       		.byte	0
 483 0204 0B       		.uleb128 0xb
 484 0205 24000000 		.4byte	.LVL18
 485 0209 1D010000 		.4byte	0x11d
 486 020d 00       		.byte	0
 487 020e 12       		.uleb128 0x12
 488 020f BC010000 		.4byte	.LASF36
 489 0213 0B       		.byte	0xb
 490 0214 1207     		.2byte	0x712
 491 0216 1A020000 		.4byte	0x21a
 492 021a 13       		.uleb128 0x13
 493 021b 76000000 		.4byte	0x76
 494 021f 14       		.uleb128 0x14
 495 0220 1C020000 		.4byte	.LASF24
 496 0224 1C020000 		.4byte	.LASF24
 497 0228 04       		.byte	0x4
 498 0229 26       		.byte	0x26
 499 022a 14       		.uleb128 0x14
 500 022b 63010000 		.4byte	.LASF25
 501 022f 63010000 		.4byte	.LASF25
 502 0233 05       		.byte	0x5
 503 0234 26       		.byte	0x26
 504 0235 14       		.uleb128 0x14
 505 0236 2E010000 		.4byte	.LASF26
 506 023a 2E010000 		.4byte	.LASF26
 507 023e 06       		.byte	0x6
 508 023f 26       		.byte	0x26
 509 0240 14       		.uleb128 0x14
 510 0241 95010000 		.4byte	.LASF27
 511 0245 95010000 		.4byte	.LASF27
 512 0249 07       		.byte	0x7
 513 024a 29       		.byte	0x29
 514 024b 14       		.uleb128 0x14
 515 024c 00000000 		.4byte	.LASF28
 516 0250 00000000 		.4byte	.LASF28
 517 0254 08       		.byte	0x8
 518 0255 17       		.byte	0x17
 519 0256 14       		.uleb128 0x14
 520 0257 6B000000 		.4byte	.LASF29
 521 025b 6B000000 		.4byte	.LASF29
 522 025f 09       		.byte	0x9
 523 0260 17       		.byte	0x17
 524 0261 14       		.uleb128 0x14
 525 0262 AB010000 		.4byte	.LASF30
 526 0266 AB010000 		.4byte	.LASF30
 527 026a 0A       		.byte	0xa
 528 026b 29       		.byte	0x29
 529 026c 00       		.byte	0
 530              		.section	.debug_abbrev,"",%progbits
 531              	.Ldebug_abbrev0:
ARM GAS  C:\Users\rbhar\AppData\Local\Temp\cctu8Dx4.s 			page 12


 532 0000 01       		.uleb128 0x1
 533 0001 11       		.uleb128 0x11
 534 0002 01       		.byte	0x1
 535 0003 25       		.uleb128 0x25
 536 0004 0E       		.uleb128 0xe
 537 0005 13       		.uleb128 0x13
 538 0006 0B       		.uleb128 0xb
 539 0007 03       		.uleb128 0x3
 540 0008 0E       		.uleb128 0xe
 541 0009 1B       		.uleb128 0x1b
 542 000a 0E       		.uleb128 0xe
 543 000b 55       		.uleb128 0x55
 544 000c 17       		.uleb128 0x17
 545 000d 11       		.uleb128 0x11
 546 000e 01       		.uleb128 0x1
 547 000f 10       		.uleb128 0x10
 548 0010 17       		.uleb128 0x17
 549 0011 00       		.byte	0
 550 0012 00       		.byte	0
 551 0013 02       		.uleb128 0x2
 552 0014 24       		.uleb128 0x24
 553 0015 00       		.byte	0
 554 0016 0B       		.uleb128 0xb
 555 0017 0B       		.uleb128 0xb
 556 0018 3E       		.uleb128 0x3e
 557 0019 0B       		.uleb128 0xb
 558 001a 03       		.uleb128 0x3
 559 001b 0E       		.uleb128 0xe
 560 001c 00       		.byte	0
 561 001d 00       		.byte	0
 562 001e 03       		.uleb128 0x3
 563 001f 16       		.uleb128 0x16
 564 0020 00       		.byte	0
 565 0021 03       		.uleb128 0x3
 566 0022 0E       		.uleb128 0xe
 567 0023 3A       		.uleb128 0x3a
 568 0024 0B       		.uleb128 0xb
 569 0025 3B       		.uleb128 0x3b
 570 0026 0B       		.uleb128 0xb
 571 0027 49       		.uleb128 0x49
 572 0028 13       		.uleb128 0x13
 573 0029 00       		.byte	0
 574 002a 00       		.byte	0
 575 002b 04       		.uleb128 0x4
 576 002c 24       		.uleb128 0x24
 577 002d 00       		.byte	0
 578 002e 0B       		.uleb128 0xb
 579 002f 0B       		.uleb128 0xb
 580 0030 3E       		.uleb128 0x3e
 581 0031 0B       		.uleb128 0xb
 582 0032 03       		.uleb128 0x3
 583 0033 08       		.uleb128 0x8
 584 0034 00       		.byte	0
 585 0035 00       		.byte	0
 586 0036 05       		.uleb128 0x5
 587 0037 04       		.uleb128 0x4
 588 0038 01       		.byte	0x1
ARM GAS  C:\Users\rbhar\AppData\Local\Temp\cctu8Dx4.s 			page 13


 589 0039 0B       		.uleb128 0xb
 590 003a 0B       		.uleb128 0xb
 591 003b 49       		.uleb128 0x49
 592 003c 13       		.uleb128 0x13
 593 003d 3A       		.uleb128 0x3a
 594 003e 0B       		.uleb128 0xb
 595 003f 3B       		.uleb128 0x3b
 596 0040 0B       		.uleb128 0xb
 597 0041 01       		.uleb128 0x1
 598 0042 13       		.uleb128 0x13
 599 0043 00       		.byte	0
 600 0044 00       		.byte	0
 601 0045 06       		.uleb128 0x6
 602 0046 28       		.uleb128 0x28
 603 0047 00       		.byte	0
 604 0048 03       		.uleb128 0x3
 605 0049 08       		.uleb128 0x8
 606 004a 1C       		.uleb128 0x1c
 607 004b 0B       		.uleb128 0xb
 608 004c 00       		.byte	0
 609 004d 00       		.byte	0
 610 004e 07       		.uleb128 0x7
 611 004f 28       		.uleb128 0x28
 612 0050 00       		.byte	0
 613 0051 03       		.uleb128 0x3
 614 0052 0E       		.uleb128 0xe
 615 0053 1C       		.uleb128 0x1c
 616 0054 0B       		.uleb128 0xb
 617 0055 00       		.byte	0
 618 0056 00       		.byte	0
 619 0057 08       		.uleb128 0x8
 620 0058 2E       		.uleb128 0x2e
 621 0059 01       		.byte	0x1
 622 005a 03       		.uleb128 0x3
 623 005b 0E       		.uleb128 0xe
 624 005c 3A       		.uleb128 0x3a
 625 005d 0B       		.uleb128 0xb
 626 005e 3B       		.uleb128 0x3b
 627 005f 0B       		.uleb128 0xb
 628 0060 27       		.uleb128 0x27
 629 0061 19       		.uleb128 0x19
 630 0062 11       		.uleb128 0x11
 631 0063 01       		.uleb128 0x1
 632 0064 12       		.uleb128 0x12
 633 0065 06       		.uleb128 0x6
 634 0066 40       		.uleb128 0x40
 635 0067 18       		.uleb128 0x18
 636 0068 9742     		.uleb128 0x2117
 637 006a 19       		.uleb128 0x19
 638 006b 01       		.uleb128 0x1
 639 006c 13       		.uleb128 0x13
 640 006d 00       		.byte	0
 641 006e 00       		.byte	0
 642 006f 09       		.uleb128 0x9
 643 0070 05       		.uleb128 0x5
 644 0071 00       		.byte	0
 645 0072 03       		.uleb128 0x3
ARM GAS  C:\Users\rbhar\AppData\Local\Temp\cctu8Dx4.s 			page 14


 646 0073 08       		.uleb128 0x8
 647 0074 3A       		.uleb128 0x3a
 648 0075 0B       		.uleb128 0xb
 649 0076 3B       		.uleb128 0x3b
 650 0077 0B       		.uleb128 0xb
 651 0078 49       		.uleb128 0x49
 652 0079 13       		.uleb128 0x13
 653 007a 02       		.uleb128 0x2
 654 007b 17       		.uleb128 0x17
 655 007c 00       		.byte	0
 656 007d 00       		.byte	0
 657 007e 0A       		.uleb128 0xa
 658 007f 05       		.uleb128 0x5
 659 0080 00       		.byte	0
 660 0081 03       		.uleb128 0x3
 661 0082 0E       		.uleb128 0xe
 662 0083 3A       		.uleb128 0x3a
 663 0084 0B       		.uleb128 0xb
 664 0085 3B       		.uleb128 0x3b
 665 0086 0B       		.uleb128 0xb
 666 0087 49       		.uleb128 0x49
 667 0088 13       		.uleb128 0x13
 668 0089 02       		.uleb128 0x2
 669 008a 17       		.uleb128 0x17
 670 008b 00       		.byte	0
 671 008c 00       		.byte	0
 672 008d 0B       		.uleb128 0xb
 673 008e 898201   		.uleb128 0x4109
 674 0091 00       		.byte	0
 675 0092 11       		.uleb128 0x11
 676 0093 01       		.uleb128 0x1
 677 0094 31       		.uleb128 0x31
 678 0095 13       		.uleb128 0x13
 679 0096 00       		.byte	0
 680 0097 00       		.byte	0
 681 0098 0C       		.uleb128 0xc
 682 0099 34       		.uleb128 0x34
 683 009a 00       		.byte	0
 684 009b 03       		.uleb128 0x3
 685 009c 0E       		.uleb128 0xe
 686 009d 3A       		.uleb128 0x3a
 687 009e 0B       		.uleb128 0xb
 688 009f 3B       		.uleb128 0x3b
 689 00a0 0B       		.uleb128 0xb
 690 00a1 49       		.uleb128 0x49
 691 00a2 13       		.uleb128 0x13
 692 00a3 02       		.uleb128 0x2
 693 00a4 18       		.uleb128 0x18
 694 00a5 00       		.byte	0
 695 00a6 00       		.byte	0
 696 00a7 0D       		.uleb128 0xd
 697 00a8 2E       		.uleb128 0x2e
 698 00a9 01       		.byte	0x1
 699 00aa 3F       		.uleb128 0x3f
 700 00ab 19       		.uleb128 0x19
 701 00ac 03       		.uleb128 0x3
 702 00ad 0E       		.uleb128 0xe
ARM GAS  C:\Users\rbhar\AppData\Local\Temp\cctu8Dx4.s 			page 15


 703 00ae 3A       		.uleb128 0x3a
 704 00af 0B       		.uleb128 0xb
 705 00b0 3B       		.uleb128 0x3b
 706 00b1 0B       		.uleb128 0xb
 707 00b2 27       		.uleb128 0x27
 708 00b3 19       		.uleb128 0x19
 709 00b4 11       		.uleb128 0x11
 710 00b5 01       		.uleb128 0x1
 711 00b6 12       		.uleb128 0x12
 712 00b7 06       		.uleb128 0x6
 713 00b8 40       		.uleb128 0x40
 714 00b9 18       		.uleb128 0x18
 715 00ba 9742     		.uleb128 0x2117
 716 00bc 19       		.uleb128 0x19
 717 00bd 01       		.uleb128 0x1
 718 00be 13       		.uleb128 0x13
 719 00bf 00       		.byte	0
 720 00c0 00       		.byte	0
 721 00c1 0E       		.uleb128 0xe
 722 00c2 898201   		.uleb128 0x4109
 723 00c5 01       		.byte	0x1
 724 00c6 11       		.uleb128 0x11
 725 00c7 01       		.uleb128 0x1
 726 00c8 31       		.uleb128 0x31
 727 00c9 13       		.uleb128 0x13
 728 00ca 00       		.byte	0
 729 00cb 00       		.byte	0
 730 00cc 0F       		.uleb128 0xf
 731 00cd 8A8201   		.uleb128 0x410a
 732 00d0 00       		.byte	0
 733 00d1 02       		.uleb128 0x2
 734 00d2 18       		.uleb128 0x18
 735 00d3 9142     		.uleb128 0x2111
 736 00d5 18       		.uleb128 0x18
 737 00d6 00       		.byte	0
 738 00d7 00       		.byte	0
 739 00d8 10       		.uleb128 0x10
 740 00d9 2E       		.uleb128 0x2e
 741 00da 01       		.byte	0x1
 742 00db 3F       		.uleb128 0x3f
 743 00dc 19       		.uleb128 0x19
 744 00dd 03       		.uleb128 0x3
 745 00de 0E       		.uleb128 0xe
 746 00df 3A       		.uleb128 0x3a
 747 00e0 0B       		.uleb128 0xb
 748 00e1 3B       		.uleb128 0x3b
 749 00e2 0B       		.uleb128 0xb
 750 00e3 27       		.uleb128 0x27
 751 00e4 19       		.uleb128 0x19
 752 00e5 49       		.uleb128 0x49
 753 00e6 13       		.uleb128 0x13
 754 00e7 8701     		.uleb128 0x87
 755 00e9 19       		.uleb128 0x19
 756 00ea 11       		.uleb128 0x11
 757 00eb 01       		.uleb128 0x1
 758 00ec 12       		.uleb128 0x12
 759 00ed 06       		.uleb128 0x6
ARM GAS  C:\Users\rbhar\AppData\Local\Temp\cctu8Dx4.s 			page 16


 760 00ee 40       		.uleb128 0x40
 761 00ef 18       		.uleb128 0x18
 762 00f0 9742     		.uleb128 0x2117
 763 00f2 19       		.uleb128 0x19
 764 00f3 01       		.uleb128 0x1
 765 00f4 13       		.uleb128 0x13
 766 00f5 00       		.byte	0
 767 00f6 00       		.byte	0
 768 00f7 11       		.uleb128 0x11
 769 00f8 898201   		.uleb128 0x4109
 770 00fb 01       		.byte	0x1
 771 00fc 11       		.uleb128 0x11
 772 00fd 01       		.uleb128 0x1
 773 00fe 31       		.uleb128 0x31
 774 00ff 13       		.uleb128 0x13
 775 0100 01       		.uleb128 0x1
 776 0101 13       		.uleb128 0x13
 777 0102 00       		.byte	0
 778 0103 00       		.byte	0
 779 0104 12       		.uleb128 0x12
 780 0105 34       		.uleb128 0x34
 781 0106 00       		.byte	0
 782 0107 03       		.uleb128 0x3
 783 0108 0E       		.uleb128 0xe
 784 0109 3A       		.uleb128 0x3a
 785 010a 0B       		.uleb128 0xb
 786 010b 3B       		.uleb128 0x3b
 787 010c 05       		.uleb128 0x5
 788 010d 49       		.uleb128 0x49
 789 010e 13       		.uleb128 0x13
 790 010f 3F       		.uleb128 0x3f
 791 0110 19       		.uleb128 0x19
 792 0111 3C       		.uleb128 0x3c
 793 0112 19       		.uleb128 0x19
 794 0113 00       		.byte	0
 795 0114 00       		.byte	0
 796 0115 13       		.uleb128 0x13
 797 0116 35       		.uleb128 0x35
 798 0117 00       		.byte	0
 799 0118 49       		.uleb128 0x49
 800 0119 13       		.uleb128 0x13
 801 011a 00       		.byte	0
 802 011b 00       		.byte	0
 803 011c 14       		.uleb128 0x14
 804 011d 2E       		.uleb128 0x2e
 805 011e 00       		.byte	0
 806 011f 3F       		.uleb128 0x3f
 807 0120 19       		.uleb128 0x19
 808 0121 3C       		.uleb128 0x3c
 809 0122 19       		.uleb128 0x19
 810 0123 6E       		.uleb128 0x6e
 811 0124 0E       		.uleb128 0xe
 812 0125 03       		.uleb128 0x3
 813 0126 0E       		.uleb128 0xe
 814 0127 3A       		.uleb128 0x3a
 815 0128 0B       		.uleb128 0xb
 816 0129 3B       		.uleb128 0x3b
ARM GAS  C:\Users\rbhar\AppData\Local\Temp\cctu8Dx4.s 			page 17


 817 012a 0B       		.uleb128 0xb
 818 012b 00       		.byte	0
 819 012c 00       		.byte	0
 820 012d 00       		.byte	0
 821              		.section	.debug_loc,"",%progbits
 822              	.Ldebug_loc0:
 823              	.LLST0:
 824 0000 00000000 		.4byte	.LVL0
 825 0004 10000000 		.4byte	.LVL1
 826 0008 0100     		.2byte	0x1
 827 000a 50       		.byte	0x50
 828 000b 10000000 		.4byte	.LVL1
 829 000f 16000000 		.4byte	.LVL3
 830 0013 0400     		.2byte	0x4
 831 0015 F3       		.byte	0xf3
 832 0016 01       		.uleb128 0x1
 833 0017 50       		.byte	0x50
 834 0018 9F       		.byte	0x9f
 835 0019 16000000 		.4byte	.LVL3
 836 001d 18000000 		.4byte	.LVL4
 837 0021 0100     		.2byte	0x1
 838 0023 50       		.byte	0x50
 839 0024 18000000 		.4byte	.LVL4
 840 0028 1E000000 		.4byte	.LVL6
 841 002c 0400     		.2byte	0x4
 842 002e F3       		.byte	0xf3
 843 002f 01       		.uleb128 0x1
 844 0030 50       		.byte	0x50
 845 0031 9F       		.byte	0x9f
 846 0032 1E000000 		.4byte	.LVL6
 847 0036 20000000 		.4byte	.LVL7
 848 003a 0100     		.2byte	0x1
 849 003c 50       		.byte	0x50
 850 003d 20000000 		.4byte	.LVL7
 851 0041 26000000 		.4byte	.LFE63
 852 0045 0400     		.2byte	0x4
 853 0047 F3       		.byte	0xf3
 854 0048 01       		.uleb128 0x1
 855 0049 50       		.byte	0x50
 856 004a 9F       		.byte	0x9f
 857 004b 00000000 		.4byte	0
 858 004f 00000000 		.4byte	0
 859              	.LLST1:
 860 0053 00000000 		.4byte	.LVL0
 861 0057 13000000 		.4byte	.LVL2-1
 862 005b 0100     		.2byte	0x1
 863 005d 51       		.byte	0x51
 864 005e 13000000 		.4byte	.LVL2-1
 865 0062 16000000 		.4byte	.LVL3
 866 0066 0400     		.2byte	0x4
 867 0068 F3       		.byte	0xf3
 868 0069 01       		.uleb128 0x1
 869 006a 51       		.byte	0x51
 870 006b 9F       		.byte	0x9f
 871 006c 16000000 		.4byte	.LVL3
 872 0070 1B000000 		.4byte	.LVL5-1
 873 0074 0100     		.2byte	0x1
ARM GAS  C:\Users\rbhar\AppData\Local\Temp\cctu8Dx4.s 			page 18


 874 0076 51       		.byte	0x51
 875 0077 1B000000 		.4byte	.LVL5-1
 876 007b 1E000000 		.4byte	.LVL6
 877 007f 0400     		.2byte	0x4
 878 0081 F3       		.byte	0xf3
 879 0082 01       		.uleb128 0x1
 880 0083 51       		.byte	0x51
 881 0084 9F       		.byte	0x9f
 882 0085 1E000000 		.4byte	.LVL6
 883 0089 23000000 		.4byte	.LVL8-1
 884 008d 0100     		.2byte	0x1
 885 008f 51       		.byte	0x51
 886 0090 23000000 		.4byte	.LVL8-1
 887 0094 26000000 		.4byte	.LFE63
 888 0098 0400     		.2byte	0x4
 889 009a F3       		.byte	0xf3
 890 009b 01       		.uleb128 0x1
 891 009c 51       		.byte	0x51
 892 009d 9F       		.byte	0x9f
 893 009e 00000000 		.4byte	0
 894 00a2 00000000 		.4byte	0
 895              		.section	.debug_aranges,"",%progbits
 896 0000 3C000000 		.4byte	0x3c
 897 0004 0200     		.2byte	0x2
 898 0006 00000000 		.4byte	.Ldebug_info0
 899 000a 04       		.byte	0x4
 900 000b 00       		.byte	0
 901 000c 0000     		.2byte	0
 902 000e 0000     		.2byte	0
 903 0010 00000000 		.4byte	.LFB63
 904 0014 26000000 		.4byte	.LFE63-.LFB63
 905 0018 00000000 		.4byte	.LFB66
 906 001c 24000000 		.4byte	.LFE66-.LFB66
 907 0020 00000000 		.4byte	.LFB64
 908 0024 0C000000 		.4byte	.LFE64-.LFB64
 909 0028 00000000 		.4byte	.LFB65
 910 002c 0C000000 		.4byte	.LFE65-.LFB65
 911 0030 00000000 		.4byte	.LFB67
 912 0034 26000000 		.4byte	.LFE67-.LFB67
 913 0038 00000000 		.4byte	0
 914 003c 00000000 		.4byte	0
 915              		.section	.debug_ranges,"",%progbits
 916              	.Ldebug_ranges0:
 917 0000 00000000 		.4byte	.LFB63
 918 0004 26000000 		.4byte	.LFE63
 919 0008 00000000 		.4byte	.LFB66
 920 000c 24000000 		.4byte	.LFE66
 921 0010 00000000 		.4byte	.LFB64
 922 0014 0C000000 		.4byte	.LFE64
 923 0018 00000000 		.4byte	.LFB65
 924 001c 0C000000 		.4byte	.LFE65
 925 0020 00000000 		.4byte	.LFB67
 926 0024 26000000 		.4byte	.LFE67
 927 0028 00000000 		.4byte	0
 928 002c 00000000 		.4byte	0
 929              		.section	.debug_line,"",%progbits
 930              	.Ldebug_line0:
ARM GAS  C:\Users\rbhar\AppData\Local\Temp\cctu8Dx4.s 			page 19


 931 0000 12020000 		.section	.debug_str,"MS",%progbits,1
 931      0200AC01 
 931      00000201 
 931      FB0E0D00 
 931      01010101 
 932              	.LASF28:
 933 0000 4953525F 		.ascii	"ISR_1_Start\000"
 933      315F5374 
 933      61727400 
 934              	.LASF33:
 935 000c 443A5C48 		.ascii	"D:\\HDA\\Pre-Semester\\2_Microcontroller\\LabWorksp"
 935      44415C50 
 935      72652D53 
 935      656D6573 
 935      7465725C 
 936 003b 6163655C 		.ascii	"ace\\LabMicrocontroller\\day1_led.cydsn\000"
 936      4C61624D 
 936      6963726F 
 936      636F6E74 
 936      726F6C6C 
 937              	.LASF9:
 938 0061 5F5F696E 		.ascii	"__int32_t\000"
 938      7433325F 
 938      7400
 939              	.LASF29:
 940 006b 4953525F 		.ascii	"ISR_2_Start\000"
 940      325F5374 
 940      61727400 
 941              	.LASF12:
 942 0077 646F7562 		.ascii	"double\000"
 942      6C6500
 943              	.LASF23:
 944 007e 49535232 		.ascii	"ISR2_Callback\000"
 944      5F43616C 
 944      6C626163 
 944      6B00
 945              	.LASF11:
 946 008c 666C6F61 		.ascii	"float\000"
 946      7400
 947              	.LASF1:
 948 0092 756E7369 		.ascii	"unsigned char\000"
 948      676E6564 
 948      20636861 
 948      7200
 949              	.LASF31:
 950 00a0 474E5520 		.ascii	"GNU C11 5.4.1 20160609 (release) [ARM/embedded-5-br"
 950      43313120 
 950      352E342E 
 950      31203230 
 950      31363036 
 951 00d3 616E6368 		.ascii	"anch revision 237715] -mcpu=cortex-m3 -mthumb -g -O"
 951      20726576 
 951      6973696F 
 951      6E203233 
 951      37373135 
 952 0106 67202D66 		.ascii	"g -ffunction-sections -ffat-lto-objects\000"
 952      66756E63 
ARM GAS  C:\Users\rbhar\AppData\Local\Temp\cctu8Dx4.s 			page 20


 952      74696F6E 
 952      2D736563 
 952      74696F6E 
 953              	.LASF26:
 954 012e 50696E5F 		.ascii	"Pin_LedYellow_Write\000"
 954      4C656459 
 954      656C6C6F 
 954      775F5772 
 954      69746500 
 955              	.LASF3:
 956 0142 73686F72 		.ascii	"short unsigned int\000"
 956      7420756E 
 956      7369676E 
 956      65642069 
 956      6E7400
 957              	.LASF22:
 958 0155 49535231 		.ascii	"ISR1_Callback\000"
 958      5F43616C 
 958      6C626163 
 958      6B00
 959              	.LASF25:
 960 0163 50696E5F 		.ascii	"Pin_LedGreen_Write\000"
 960      4C656447 
 960      7265656E 
 960      5F577269 
 960      746500
 961              	.LASF21:
 962 0176 43686563 		.ascii	"CheckToToggleYellow\000"
 962      6B546F54 
 962      6F67676C 
 962      6559656C 
 962      6C6F7700 
 963              	.LASF34:
 964 018a 466C6167 		.ascii	"Flag\000"
 964      00
 965              	.LASF19:
 966 018f 56616C75 		.ascii	"Value\000"
 966      6500
 967              	.LASF27:
 968 0195 50696E5F 		.ascii	"Pin_Button2_Read\000"
 968      42757474 
 968      6F6E325F 
 968      52656164 
 968      00
 969              	.LASF35:
 970 01a6 6D61696E 		.ascii	"main\000"
 970      00
 971              	.LASF30:
 972 01ab 50696E5F 		.ascii	"Pin_Button1_Read\000"
 972      42757474 
 972      6F6E315F 
 972      52656164 
 972      00
 973              	.LASF36:
 974 01bc 49544D5F 		.ascii	"ITM_RxBuffer\000"
 974      52784275 
 974      66666572 
ARM GAS  C:\Users\rbhar\AppData\Local\Temp\cctu8Dx4.s 			page 21


 974      00
 975              	.LASF16:
 976 01c9 47524545 		.ascii	"GREEN\000"
 976      4E00
 977              	.LASF18:
 978 01cf 4C45445F 		.ascii	"LED_e\000"
 978      6500
 979              	.LASF8:
 980 01d5 756E7369 		.ascii	"unsigned int\000"
 980      676E6564 
 980      20696E74 
 980      00
 981              	.LASF7:
 982 01e2 6C6F6E67 		.ascii	"long long unsigned int\000"
 982      206C6F6E 
 982      6720756E 
 982      7369676E 
 982      65642069 
 983              	.LASF5:
 984 01f9 6C6F6E67 		.ascii	"long unsigned int\000"
 984      20756E73 
 984      69676E65 
 984      6420696E 
 984      7400
 985              	.LASF10:
 986 020b 696E7433 		.ascii	"int32_t\000"
 986      325F7400 
 987              	.LASF14:
 988 0213 73697A65 		.ascii	"sizetype\000"
 988      74797065 
 988      00
 989              	.LASF24:
 990 021c 50696E5F 		.ascii	"Pin_LedRed_Write\000"
 990      4C656452 
 990      65645F57 
 990      72697465 
 990      00
 991              	.LASF6:
 992 022d 6C6F6E67 		.ascii	"long long int\000"
 992      206C6F6E 
 992      6720696E 
 992      7400
 993              	.LASF32:
 994 023b 6D61696E 		.ascii	"main.c\000"
 994      2E6300
 995              	.LASF13:
 996 0242 63686172 		.ascii	"char\000"
 996      00
 997              	.LASF20:
 998 0247 4C656453 		.ascii	"LedStateChange\000"
 998      74617465 
 998      4368616E 
 998      676500
 999              	.LASF2:
 1000 0256 73686F72 		.ascii	"short int\000"
 1000      7420696E 
 1000      7400
ARM GAS  C:\Users\rbhar\AppData\Local\Temp\cctu8Dx4.s 			page 22


 1001              	.LASF4:
 1002 0260 6C6F6E67 		.ascii	"long int\000"
 1002      20696E74 
 1002      00
 1003              	.LASF15:
 1004 0269 6C6F6E67 		.ascii	"long double\000"
 1004      20646F75 
 1004      626C6500 
 1005              	.LASF0:
 1006 0275 7369676E 		.ascii	"signed char\000"
 1006      65642063 
 1006      68617200 
 1007              	.LASF17:
 1008 0281 59454C4C 		.ascii	"YELLOW\000"
 1008      4F5700
 1009              		.ident	"GCC: (GNU Tools for ARM Embedded Processors) 5.4.1 20160609 (release) [ARM/embedded-5-bran
