ARM GAS  C:\Users\rbhar\AppData\Local\Temp\cceAiZsY.s 			page 1


   1              		.syntax unified
   2              		.cpu cortex-m3
   3              		.fpu softvfp
   4              		.eabi_attribute 20, 1
   5              		.eabi_attribute 21, 1
   6              		.eabi_attribute 23, 3
   7              		.eabi_attribute 24, 1
   8              		.eabi_attribute 25, 1
   9              		.eabi_attribute 26, 1
  10              		.eabi_attribute 30, 1
  11              		.eabi_attribute 34, 1
  12              		.eabi_attribute 18, 4
  13              		.thumb
  14              		.syntax unified
  15              		.file	"Button.c"
  16              		.text
  17              	.Ltext0:
  18              		.cfi_sections	.debug_frame
  19              		.section	.text.ISR_Button1_Callback,"ax",%progbits
  20              		.align	2
  21              		.global	ISR_Button1_Callback
  22              		.thumb
  23              		.thumb_func
  24              		.type	ISR_Button1_Callback, %function
  25              	ISR_Button1_Callback:
  26              	.LFB63:
  27              		.file 1 "source\\bsw\\Button.c"
   1:source\bsw/Button.c **** /**
   2:source\bsw/Button.c **** * \file <ISR_Handler.c>
   3:source\bsw/Button.c **** * \author <Bharath Ramachandraiah>
   4:source\bsw/Button.c **** * \date <25/09/2018>
   5:source\bsw/Button.c **** *
   6:source\bsw/Button.c **** * \brief <Symbolic File name>
   7:source\bsw/Button.c **** *
   8:source\bsw/Button.c **** * \copyright Copyright ©2016
   9:source\bsw/Button.c **** * Department of electrical engineering and information technology, Hochschule Darmstadt - Universit
  10:source\bsw/Button.c **** * Permission to use, copy, modify, and distribute this software and its documentation for education
  11:source\bsw/Button.c **** * (unless permitted by h_da) and official h_da projects, is hereby granted for enrolled students of
  12:source\bsw/Button.c **** * this paragraph and the following paragraph appear in all copies, modifications, and distributions
  13:source\bsw/Button.c **** * Contact Prof.Dr.-Ing. Peter Fromm, peter.fromm@h-da.de, Birkenweg 8 64295 Darmstadt - GERMANY for
  14:source\bsw/Button.c **** *
  15:source\bsw/Button.c **** * \warning This software is a PROTOTYPE version and is not designed or intended for use in producti
  16:source\bsw/Button.c **** * The user represents and warrants that it will NOT use or redistribute the Software for such purpo
  17:source\bsw/Button.c **** * This prototype is for research purposes only. This software is provided "AS IS," without a warran
  18:source\bsw/Button.c **** */
  19:source\bsw/Button.c **** 
  20:source\bsw/Button.c **** /*****************************************************************************/
  21:source\bsw/Button.c **** /* Include files                                                             */
  22:source\bsw/Button.c **** /*****************************************************************************/
  23:source\bsw/Button.c **** #include "global.h"
  24:source\bsw/Button.c **** #include "Button.h"
  25:source\bsw/Button.c **** #include "seven.h"
  26:source\bsw/Button.c **** #include "led.h"
  27:source\bsw/Button.c **** /*****************************************************************************/
  28:source\bsw/Button.c **** /* Local pre-processor symbols/macros ('#define')                            */
  29:source\bsw/Button.c **** /*****************************************************************************/
  30:source\bsw/Button.c **** 
ARM GAS  C:\Users\rbhar\AppData\Local\Temp\cceAiZsY.s 			page 2


  31:source\bsw/Button.c **** /*****************************************************************************/
  32:source\bsw/Button.c **** /* Global variable definitions (declared in header file with 'extern')       */
  33:source\bsw/Button.c **** /*****************************************************************************/
  34:source\bsw/Button.c **** 
  35:source\bsw/Button.c **** /*****************************************************************************/
  36:source\bsw/Button.c **** /* Local type definitions ('typedef')                                        */
  37:source\bsw/Button.c **** /*****************************************************************************/
  38:source\bsw/Button.c **** 
  39:source\bsw/Button.c **** /*****************************************************************************/
  40:source\bsw/Button.c **** /* Local variable definitions ('static')                                     */
  41:source\bsw/Button.c **** /*****************************************************************************/
  42:source\bsw/Button.c **** static uint8 ButtonClickCounter = 0;
  43:source\bsw/Button.c **** 
  44:source\bsw/Button.c **** 
  45:source\bsw/Button.c **** /*****************************************************************************/
  46:source\bsw/Button.c **** /* Local function prototypes ('static')                                      */
  47:source\bsw/Button.c **** /*****************************************************************************/
  48:source\bsw/Button.c **** 
  49:source\bsw/Button.c **** 
  50:source\bsw/Button.c **** /*****************************************************************************/
  51:source\bsw/Button.c **** /* Function implementation - global ('extern') and local ('static')          */
  52:source\bsw/Button.c **** /*****************************************************************************/
  53:source\bsw/Button.c **** 
  54:source\bsw/Button.c **** /**
  55:source\bsw/Button.c ****  * This is a callback function for Button 1 press. The process of the ISR is
  56:source\bsw/Button.c ****  * done here.
  57:source\bsw/Button.c ****  * @param void
  58:source\bsw/Button.c ****  * @return void
  59:source\bsw/Button.c ****  */
  60:source\bsw/Button.c **** void ISR_Button1_Callback(void)
  61:source\bsw/Button.c **** {
  28              		.loc 1 61 0
  29              		.cfi_startproc
  30              		@ args = 0, pretend = 0, frame = 0
  31              		@ frame_needed = 0, uses_anonymous_args = 0
  32 0000 08B5     		push	{r3, lr}
  33              		.cfi_def_cfa_offset 8
  34              		.cfi_offset 3, -8
  35              		.cfi_offset 14, -4
  62:source\bsw/Button.c ****     LEDStateChange(LED_GREEN, LED_ON);
  36              		.loc 1 62 0
  37 0002 0121     		movs	r1, #1
  38 0004 0846     		mov	r0, r1
  39 0006 FFF7FEFF 		bl	LEDStateChange
  40              	.LVL0:
  41 000a 08BD     		pop	{r3, pc}
  42              		.cfi_endproc
  43              	.LFE63:
  44              		.size	ISR_Button1_Callback, .-ISR_Button1_Callback
  45              		.section	.text.ISR_Button2_Callback,"ax",%progbits
  46              		.align	2
  47              		.global	ISR_Button2_Callback
  48              		.thumb
  49              		.thumb_func
  50              		.type	ISR_Button2_Callback, %function
  51              	ISR_Button2_Callback:
  52              	.LFB64:
ARM GAS  C:\Users\rbhar\AppData\Local\Temp\cceAiZsY.s 			page 3


  63:source\bsw/Button.c ****     return;
  64:source\bsw/Button.c **** }
  65:source\bsw/Button.c **** 
  66:source\bsw/Button.c **** /**
  67:source\bsw/Button.c ****  * This is a callback function for Button 2 press. The process of the ISR is
  68:source\bsw/Button.c ****  * done here.
  69:source\bsw/Button.c ****  * @param void
  70:source\bsw/Button.c ****  * @return void
  71:source\bsw/Button.c ****  */
  72:source\bsw/Button.c **** void ISR_Button2_Callback(void)
  73:source\bsw/Button.c **** {
  53              		.loc 1 73 0
  54              		.cfi_startproc
  55              		@ args = 0, pretend = 0, frame = 0
  56              		@ frame_needed = 0, uses_anonymous_args = 0
  57 0000 08B5     		push	{r3, lr}
  58              		.cfi_def_cfa_offset 8
  59              		.cfi_offset 3, -8
  60              		.cfi_offset 14, -4
  74:source\bsw/Button.c ****     LEDStateChange(LED_YELLOW, LED_ON);
  61              		.loc 1 74 0
  62 0002 0121     		movs	r1, #1
  63 0004 0220     		movs	r0, #2
  64 0006 FFF7FEFF 		bl	LEDStateChange
  65              	.LVL1:
  66 000a 08BD     		pop	{r3, pc}
  67              		.cfi_endproc
  68              	.LFE64:
  69              		.size	ISR_Button2_Callback, .-ISR_Button2_Callback
  70              		.section	.text.ISR_Button3_Callback,"ax",%progbits
  71              		.align	2
  72              		.global	ISR_Button3_Callback
  73              		.thumb
  74              		.thumb_func
  75              		.type	ISR_Button3_Callback, %function
  76              	ISR_Button3_Callback:
  77              	.LFB65:
  75:source\bsw/Button.c ****     return;
  76:source\bsw/Button.c **** }
  77:source\bsw/Button.c **** 
  78:source\bsw/Button.c **** /**
  79:source\bsw/Button.c ****  * This is a callback function for Button 3 press. The process of the ISR is
  80:source\bsw/Button.c ****  * done here.
  81:source\bsw/Button.c ****  * @param void
  82:source\bsw/Button.c ****  * @return void
  83:source\bsw/Button.c ****  */
  84:source\bsw/Button.c **** void ISR_Button3_Callback(void)
  85:source\bsw/Button.c **** {
  78              		.loc 1 85 0
  79              		.cfi_startproc
  80              		@ args = 0, pretend = 0, frame = 0
  81              		@ frame_needed = 0, uses_anonymous_args = 0
  82 0000 08B5     		push	{r3, lr}
  83              		.cfi_def_cfa_offset 8
  84              		.cfi_offset 3, -8
  85              		.cfi_offset 14, -4
  86:source\bsw/Button.c ****     LEDStateChange(LED_RED, LED_ON);
ARM GAS  C:\Users\rbhar\AppData\Local\Temp\cceAiZsY.s 			page 4


  86              		.loc 1 86 0
  87 0002 0121     		movs	r1, #1
  88 0004 0020     		movs	r0, #0
  89 0006 FFF7FEFF 		bl	LEDStateChange
  90              	.LVL2:
  87:source\bsw/Button.c ****     
  88:source\bsw/Button.c ****     if (ButtonClickCounter++ == 0xFF)
  91              		.loc 1 88 0
  92 000a 074A     		ldr	r2, .L8
  93 000c 1378     		ldrb	r3, [r2]	@ zero_extendqisi2
  94 000e 591C     		adds	r1, r3, #1
  95 0010 1170     		strb	r1, [r2]
  96 0012 FF2B     		cmp	r3, #255
  97 0014 02D1     		bne	.L6
  89:source\bsw/Button.c ****         ButtonClickCounter = 0;
  98              		.loc 1 89 0
  99 0016 0022     		movs	r2, #0
 100 0018 034B     		ldr	r3, .L8
 101 001a 1A70     		strb	r2, [r3]
 102              	.L6:
  90:source\bsw/Button.c ****     
  91:source\bsw/Button.c ****     SEVEN_Write(ButtonClickCounter);
 103              		.loc 1 91 0
 104 001c 024B     		ldr	r3, .L8
 105 001e 1878     		ldrb	r0, [r3]	@ zero_extendqisi2
 106 0020 FFF7FEFF 		bl	SEVEN_Write
 107              	.LVL3:
 108 0024 08BD     		pop	{r3, pc}
 109              	.L9:
 110 0026 00BF     		.align	2
 111              	.L8:
 112 0028 00000000 		.word	.LANCHOR0
 113              		.cfi_endproc
 114              	.LFE65:
 115              		.size	ISR_Button3_Callback, .-ISR_Button3_Callback
 116              		.section	.text.ISR_Button4_Callback,"ax",%progbits
 117              		.align	2
 118              		.global	ISR_Button4_Callback
 119              		.thumb
 120              		.thumb_func
 121              		.type	ISR_Button4_Callback, %function
 122              	ISR_Button4_Callback:
 123              	.LFB66:
  92:source\bsw/Button.c ****     
  93:source\bsw/Button.c ****     return;
  94:source\bsw/Button.c **** }
  95:source\bsw/Button.c **** 
  96:source\bsw/Button.c **** /**
  97:source\bsw/Button.c ****  * This is a callback function for Button 4 press. The process of the ISR is
  98:source\bsw/Button.c ****  * done here.
  99:source\bsw/Button.c ****  * @param void
 100:source\bsw/Button.c ****  * @return void
 101:source\bsw/Button.c ****  */
 102:source\bsw/Button.c **** void ISR_Button4_Callback(void)
 103:source\bsw/Button.c **** {
 124              		.loc 1 103 0
 125              		.cfi_startproc
ARM GAS  C:\Users\rbhar\AppData\Local\Temp\cceAiZsY.s 			page 5


 126              		@ args = 0, pretend = 0, frame = 0
 127              		@ frame_needed = 0, uses_anonymous_args = 0
 128 0000 08B5     		push	{r3, lr}
 129              		.cfi_def_cfa_offset 8
 130              		.cfi_offset 3, -8
 131              		.cfi_offset 14, -4
 104:source\bsw/Button.c ****     LEDStateChange(LED_GREEN, LED_OFF);
 132              		.loc 1 104 0
 133 0002 0021     		movs	r1, #0
 134 0004 0120     		movs	r0, #1
 135 0006 FFF7FEFF 		bl	LEDStateChange
 136              	.LVL4:
 105:source\bsw/Button.c ****     LEDStateChange(LED_YELLOW, LED_OFF);
 137              		.loc 1 105 0
 138 000a 0021     		movs	r1, #0
 139 000c 0220     		movs	r0, #2
 140 000e FFF7FEFF 		bl	LEDStateChange
 141              	.LVL5:
 106:source\bsw/Button.c ****     LEDStateChange(LED_RED, LED_OFF);
 142              		.loc 1 106 0
 143 0012 0021     		movs	r1, #0
 144 0014 0846     		mov	r0, r1
 145 0016 FFF7FEFF 		bl	LEDStateChange
 146              	.LVL6:
 107:source\bsw/Button.c ****     
 108:source\bsw/Button.c ****     if (ButtonClickCounter-- == 0x00)
 147              		.loc 1 108 0
 148 001a 064A     		ldr	r2, .L13
 149 001c 1378     		ldrb	r3, [r2]	@ zero_extendqisi2
 150 001e 591E     		subs	r1, r3, #1
 151 0020 1170     		strb	r1, [r2]
 152 0022 13B9     		cbnz	r3, .L11
 109:source\bsw/Button.c ****         ButtonClickCounter = 0;
 153              		.loc 1 109 0
 154 0024 0022     		movs	r2, #0
 155 0026 034B     		ldr	r3, .L13
 156 0028 1A70     		strb	r2, [r3]
 157              	.L11:
 110:source\bsw/Button.c ****     
 111:source\bsw/Button.c ****     SEVEN_Write(ButtonClickCounter);
 158              		.loc 1 111 0
 159 002a 024B     		ldr	r3, .L13
 160 002c 1878     		ldrb	r0, [r3]	@ zero_extendqisi2
 161 002e FFF7FEFF 		bl	SEVEN_Write
 162              	.LVL7:
 163 0032 08BD     		pop	{r3, pc}
 164              	.L14:
 165              		.align	2
 166              	.L13:
 167 0034 00000000 		.word	.LANCHOR0
 168              		.cfi_endproc
 169              	.LFE66:
 170              		.size	ISR_Button4_Callback, .-ISR_Button4_Callback
 171              		.bss
 172              		.set	.LANCHOR0,. + 0
 173              		.type	ButtonClickCounter, %object
 174              		.size	ButtonClickCounter, 1
ARM GAS  C:\Users\rbhar\AppData\Local\Temp\cceAiZsY.s 			page 6


 175              	ButtonClickCounter:
 176 0000 00       		.space	1
 177              		.text
 178              	.Letext0:
 179              		.file 2 "c:\\program files (x86)\\cypress\\psoc creator\\4.2\\psoc creator\\import\\gnu\\arm\\5.4.
 180              		.file 3 "c:\\program files (x86)\\cypress\\psoc creator\\4.2\\psoc creator\\import\\gnu\\arm\\5.4.
 181              		.file 4 "Generated_Source\\PSoC5/cytypes.h"
 182              		.file 5 "source\\bsw\\led.h"
 183              		.file 6 "source\\bsw\\seven.h"
 184              		.file 7 "Generated_Source\\PSoC5/core_cm3.h"
 185              		.section	.debug_info,"",%progbits
 186              	.Ldebug_info0:
 187 0000 1D020000 		.4byte	0x21d
 188 0004 0400     		.2byte	0x4
 189 0006 00000000 		.4byte	.Ldebug_abbrev0
 190 000a 04       		.byte	0x4
 191 000b 01       		.uleb128 0x1
 192 000c 6C000000 		.4byte	.LASF31
 193 0010 0C       		.byte	0xc
 194 0011 41010000 		.4byte	.LASF32
 195 0015 96010000 		.4byte	.LASF33
 196 0019 00000000 		.4byte	.Ldebug_ranges0+0
 197 001d 00000000 		.4byte	0
 198 0021 00000000 		.4byte	.Ldebug_line0
 199 0025 02       		.uleb128 0x2
 200 0026 01       		.byte	0x1
 201 0027 06       		.byte	0x6
 202 0028 80020000 		.4byte	.LASF0
 203 002c 02       		.uleb128 0x2
 204 002d 01       		.byte	0x1
 205 002e 08       		.byte	0x8
 206 002f 5E000000 		.4byte	.LASF1
 207 0033 02       		.uleb128 0x2
 208 0034 02       		.byte	0x2
 209 0035 05       		.byte	0x5
 210 0036 68010000 		.4byte	.LASF2
 211 003a 02       		.uleb128 0x2
 212 003b 02       		.byte	0x2
 213 003c 07       		.byte	0x7
 214 003d 21010000 		.4byte	.LASF3
 215 0041 03       		.uleb128 0x3
 216 0042 2A000000 		.4byte	.LASF9
 217 0046 02       		.byte	0x2
 218 0047 3F       		.byte	0x3f
 219 0048 4C000000 		.4byte	0x4c
 220 004c 02       		.uleb128 0x2
 221 004d 04       		.byte	0x4
 222 004e 05       		.byte	0x5
 223 004f 49020000 		.4byte	.LASF4
 224 0053 02       		.uleb128 0x2
 225 0054 04       		.byte	0x4
 226 0055 07       		.byte	0x7
 227 0056 0F010000 		.4byte	.LASF5
 228 005a 02       		.uleb128 0x2
 229 005b 08       		.byte	0x8
 230 005c 05       		.byte	0x5
 231 005d 15020000 		.4byte	.LASF6
ARM GAS  C:\Users\rbhar\AppData\Local\Temp\cceAiZsY.s 			page 7


 232 0061 02       		.uleb128 0x2
 233 0062 08       		.byte	0x8
 234 0063 07       		.byte	0x7
 235 0064 7F010000 		.4byte	.LASF7
 236 0068 04       		.uleb128 0x4
 237 0069 04       		.byte	0x4
 238 006a 05       		.byte	0x5
 239 006b 696E7400 		.ascii	"int\000"
 240 006f 02       		.uleb128 0x2
 241 0070 04       		.byte	0x4
 242 0071 07       		.byte	0x7
 243 0072 72010000 		.4byte	.LASF8
 244 0076 03       		.uleb128 0x3
 245 0077 50000000 		.4byte	.LASF10
 246 007b 03       		.byte	0x3
 247 007c 2C       		.byte	0x2c
 248 007d 41000000 		.4byte	0x41
 249 0081 05       		.uleb128 0x5
 250 0082 43020000 		.4byte	.LASF11
 251 0086 04       		.byte	0x4
 252 0087 E401     		.2byte	0x1e4
 253 0089 2C000000 		.4byte	0x2c
 254 008d 02       		.uleb128 0x2
 255 008e 04       		.byte	0x4
 256 008f 04       		.byte	0x4
 257 0090 58000000 		.4byte	.LASF12
 258 0094 02       		.uleb128 0x2
 259 0095 08       		.byte	0x8
 260 0096 04       		.byte	0x4
 261 0097 34000000 		.4byte	.LASF13
 262 009b 02       		.uleb128 0x2
 263 009c 01       		.byte	0x1
 264 009d 08       		.byte	0x8
 265 009e 23020000 		.4byte	.LASF14
 266 00a2 02       		.uleb128 0x2
 267 00a3 08       		.byte	0x8
 268 00a4 04       		.byte	0x4
 269 00a5 00020000 		.4byte	.LASF15
 270 00a9 02       		.uleb128 0x2
 271 00aa 04       		.byte	0x4
 272 00ab 07       		.byte	0x7
 273 00ac 0C020000 		.4byte	.LASF16
 274 00b0 06       		.uleb128 0x6
 275 00b1 00000000 		.4byte	.LASF21
 276 00b5 01       		.byte	0x1
 277 00b6 2C000000 		.4byte	0x2c
 278 00ba 05       		.byte	0x5
 279 00bb 56       		.byte	0x56
 280 00bc D9000000 		.4byte	0xd9
 281 00c0 07       		.uleb128 0x7
 282 00c1 8C020000 		.4byte	.LASF17
 283 00c5 00       		.byte	0
 284 00c6 07       		.uleb128 0x7
 285 00c7 76020000 		.4byte	.LASF18
 286 00cb 01       		.byte	0x1
 287 00cc 07       		.uleb128 0x7
 288 00cd 1F000000 		.4byte	.LASF19
ARM GAS  C:\Users\rbhar\AppData\Local\Temp\cceAiZsY.s 			page 8


 289 00d1 02       		.byte	0x2
 290 00d2 07       		.uleb128 0x7
 291 00d3 28020000 		.4byte	.LASF20
 292 00d7 03       		.byte	0x3
 293 00d8 00       		.byte	0
 294 00d9 06       		.uleb128 0x6
 295 00da 5D010000 		.4byte	.LASF22
 296 00de 01       		.byte	0x1
 297 00df 2C000000 		.4byte	0x2c
 298 00e3 05       		.byte	0x5
 299 00e4 5F       		.byte	0x5f
 300 00e5 F6000000 		.4byte	0xf6
 301 00e9 07       		.uleb128 0x7
 302 00ea 55010000 		.4byte	.LASF23
 303 00ee 00       		.byte	0
 304 00ef 07       		.uleb128 0x7
 305 00f0 F9010000 		.4byte	.LASF24
 306 00f4 01       		.byte	0x1
 307 00f5 00       		.byte	0
 308 00f6 08       		.uleb128 0x8
 309 00f7 FA000000 		.4byte	.LASF25
 310 00fb 01       		.byte	0x1
 311 00fc 3C       		.byte	0x3c
 312 00fd 00000000 		.4byte	.LFB63
 313 0101 0C000000 		.4byte	.LFE63-.LFB63
 314 0105 01       		.uleb128 0x1
 315 0106 9C       		.byte	0x9c
 316 0107 20010000 		.4byte	0x120
 317 010b 09       		.uleb128 0x9
 318 010c 0A000000 		.4byte	.LVL0
 319 0110 0A020000 		.4byte	0x20a
 320 0114 0A       		.uleb128 0xa
 321 0115 01       		.uleb128 0x1
 322 0116 50       		.byte	0x50
 323 0117 01       		.uleb128 0x1
 324 0118 31       		.byte	0x31
 325 0119 0A       		.uleb128 0xa
 326 011a 01       		.uleb128 0x1
 327 011b 51       		.byte	0x51
 328 011c 01       		.uleb128 0x1
 329 011d 31       		.byte	0x31
 330 011e 00       		.byte	0
 331 011f 00       		.byte	0
 332 0120 08       		.uleb128 0x8
 333 0121 3B000000 		.4byte	.LASF26
 334 0125 01       		.byte	0x1
 335 0126 48       		.byte	0x48
 336 0127 00000000 		.4byte	.LFB64
 337 012b 0C000000 		.4byte	.LFE64-.LFB64
 338 012f 01       		.uleb128 0x1
 339 0130 9C       		.byte	0x9c
 340 0131 4A010000 		.4byte	0x14a
 341 0135 09       		.uleb128 0x9
 342 0136 0A000000 		.4byte	.LVL1
 343 013a 0A020000 		.4byte	0x20a
 344 013e 0A       		.uleb128 0xa
 345 013f 01       		.uleb128 0x1
ARM GAS  C:\Users\rbhar\AppData\Local\Temp\cceAiZsY.s 			page 9


 346 0140 50       		.byte	0x50
 347 0141 01       		.uleb128 0x1
 348 0142 32       		.byte	0x32
 349 0143 0A       		.uleb128 0xa
 350 0144 01       		.uleb128 0x1
 351 0145 51       		.byte	0x51
 352 0146 01       		.uleb128 0x1
 353 0147 31       		.byte	0x31
 354 0148 00       		.byte	0
 355 0149 00       		.byte	0
 356 014a 08       		.uleb128 0x8
 357 014b 0A000000 		.4byte	.LASF27
 358 014f 01       		.byte	0x1
 359 0150 54       		.byte	0x54
 360 0151 00000000 		.4byte	.LFB65
 361 0155 2C000000 		.4byte	.LFE65-.LFB65
 362 0159 01       		.uleb128 0x1
 363 015a 9C       		.byte	0x9c
 364 015b 81010000 		.4byte	0x181
 365 015f 0B       		.uleb128 0xb
 366 0160 0A000000 		.4byte	.LVL2
 367 0164 0A020000 		.4byte	0x20a
 368 0168 77010000 		.4byte	0x177
 369 016c 0A       		.uleb128 0xa
 370 016d 01       		.uleb128 0x1
 371 016e 50       		.byte	0x50
 372 016f 01       		.uleb128 0x1
 373 0170 30       		.byte	0x30
 374 0171 0A       		.uleb128 0xa
 375 0172 01       		.uleb128 0x1
 376 0173 51       		.byte	0x51
 377 0174 01       		.uleb128 0x1
 378 0175 31       		.byte	0x31
 379 0176 00       		.byte	0
 380 0177 0C       		.uleb128 0xc
 381 0178 24000000 		.4byte	.LVL3
 382 017c 15020000 		.4byte	0x215
 383 0180 00       		.byte	0
 384 0181 08       		.uleb128 0x8
 385 0182 61020000 		.4byte	.LASF28
 386 0186 01       		.byte	0x1
 387 0187 66       		.byte	0x66
 388 0188 00000000 		.4byte	.LFB66
 389 018c 38000000 		.4byte	.LFE66-.LFB66
 390 0190 01       		.uleb128 0x1
 391 0191 9C       		.byte	0x9c
 392 0192 E8010000 		.4byte	0x1e8
 393 0196 0B       		.uleb128 0xb
 394 0197 0A000000 		.4byte	.LVL4
 395 019b 0A020000 		.4byte	0x20a
 396 019f AE010000 		.4byte	0x1ae
 397 01a3 0A       		.uleb128 0xa
 398 01a4 01       		.uleb128 0x1
 399 01a5 50       		.byte	0x50
 400 01a6 01       		.uleb128 0x1
 401 01a7 31       		.byte	0x31
 402 01a8 0A       		.uleb128 0xa
ARM GAS  C:\Users\rbhar\AppData\Local\Temp\cceAiZsY.s 			page 10


 403 01a9 01       		.uleb128 0x1
 404 01aa 51       		.byte	0x51
 405 01ab 01       		.uleb128 0x1
 406 01ac 30       		.byte	0x30
 407 01ad 00       		.byte	0
 408 01ae 0B       		.uleb128 0xb
 409 01af 12000000 		.4byte	.LVL5
 410 01b3 0A020000 		.4byte	0x20a
 411 01b7 C6010000 		.4byte	0x1c6
 412 01bb 0A       		.uleb128 0xa
 413 01bc 01       		.uleb128 0x1
 414 01bd 50       		.byte	0x50
 415 01be 01       		.uleb128 0x1
 416 01bf 32       		.byte	0x32
 417 01c0 0A       		.uleb128 0xa
 418 01c1 01       		.uleb128 0x1
 419 01c2 51       		.byte	0x51
 420 01c3 01       		.uleb128 0x1
 421 01c4 30       		.byte	0x30
 422 01c5 00       		.byte	0
 423 01c6 0B       		.uleb128 0xb
 424 01c7 1A000000 		.4byte	.LVL6
 425 01cb 0A020000 		.4byte	0x20a
 426 01cf DE010000 		.4byte	0x1de
 427 01d3 0A       		.uleb128 0xa
 428 01d4 01       		.uleb128 0x1
 429 01d5 50       		.byte	0x50
 430 01d6 01       		.uleb128 0x1
 431 01d7 30       		.byte	0x30
 432 01d8 0A       		.uleb128 0xa
 433 01d9 01       		.uleb128 0x1
 434 01da 51       		.byte	0x51
 435 01db 01       		.uleb128 0x1
 436 01dc 30       		.byte	0x30
 437 01dd 00       		.byte	0
 438 01de 0C       		.uleb128 0xc
 439 01df 32000000 		.4byte	.LVL7
 440 01e3 15020000 		.4byte	0x215
 441 01e7 00       		.byte	0
 442 01e8 0D       		.uleb128 0xd
 443 01e9 30020000 		.4byte	.LASF34
 444 01ed 01       		.byte	0x1
 445 01ee 2A       		.byte	0x2a
 446 01ef 81000000 		.4byte	0x81
 447 01f3 05       		.uleb128 0x5
 448 01f4 03       		.byte	0x3
 449 01f5 00000000 		.4byte	ButtonClickCounter
 450 01f9 0E       		.uleb128 0xe
 451 01fa 34010000 		.4byte	.LASF35
 452 01fe 07       		.byte	0x7
 453 01ff 1207     		.2byte	0x712
 454 0201 05020000 		.4byte	0x205
 455 0205 0F       		.uleb128 0xf
 456 0206 76000000 		.4byte	0x76
 457 020a 10       		.uleb128 0x10
 458 020b 52020000 		.4byte	.LASF29
 459 020f 52020000 		.4byte	.LASF29
ARM GAS  C:\Users\rbhar\AppData\Local\Temp\cceAiZsY.s 			page 11


 460 0213 05       		.byte	0x5
 461 0214 7F       		.byte	0x7f
 462 0215 10       		.uleb128 0x10
 463 0216 ED010000 		.4byte	.LASF30
 464 021a ED010000 		.4byte	.LASF30
 465 021e 06       		.byte	0x6
 466 021f 8E       		.byte	0x8e
 467 0220 00       		.byte	0
 468              		.section	.debug_abbrev,"",%progbits
 469              	.Ldebug_abbrev0:
 470 0000 01       		.uleb128 0x1
 471 0001 11       		.uleb128 0x11
 472 0002 01       		.byte	0x1
 473 0003 25       		.uleb128 0x25
 474 0004 0E       		.uleb128 0xe
 475 0005 13       		.uleb128 0x13
 476 0006 0B       		.uleb128 0xb
 477 0007 03       		.uleb128 0x3
 478 0008 0E       		.uleb128 0xe
 479 0009 1B       		.uleb128 0x1b
 480 000a 0E       		.uleb128 0xe
 481 000b 55       		.uleb128 0x55
 482 000c 17       		.uleb128 0x17
 483 000d 11       		.uleb128 0x11
 484 000e 01       		.uleb128 0x1
 485 000f 10       		.uleb128 0x10
 486 0010 17       		.uleb128 0x17
 487 0011 00       		.byte	0
 488 0012 00       		.byte	0
 489 0013 02       		.uleb128 0x2
 490 0014 24       		.uleb128 0x24
 491 0015 00       		.byte	0
 492 0016 0B       		.uleb128 0xb
 493 0017 0B       		.uleb128 0xb
 494 0018 3E       		.uleb128 0x3e
 495 0019 0B       		.uleb128 0xb
 496 001a 03       		.uleb128 0x3
 497 001b 0E       		.uleb128 0xe
 498 001c 00       		.byte	0
 499 001d 00       		.byte	0
 500 001e 03       		.uleb128 0x3
 501 001f 16       		.uleb128 0x16
 502 0020 00       		.byte	0
 503 0021 03       		.uleb128 0x3
 504 0022 0E       		.uleb128 0xe
 505 0023 3A       		.uleb128 0x3a
 506 0024 0B       		.uleb128 0xb
 507 0025 3B       		.uleb128 0x3b
 508 0026 0B       		.uleb128 0xb
 509 0027 49       		.uleb128 0x49
 510 0028 13       		.uleb128 0x13
 511 0029 00       		.byte	0
 512 002a 00       		.byte	0
 513 002b 04       		.uleb128 0x4
 514 002c 24       		.uleb128 0x24
 515 002d 00       		.byte	0
 516 002e 0B       		.uleb128 0xb
ARM GAS  C:\Users\rbhar\AppData\Local\Temp\cceAiZsY.s 			page 12


 517 002f 0B       		.uleb128 0xb
 518 0030 3E       		.uleb128 0x3e
 519 0031 0B       		.uleb128 0xb
 520 0032 03       		.uleb128 0x3
 521 0033 08       		.uleb128 0x8
 522 0034 00       		.byte	0
 523 0035 00       		.byte	0
 524 0036 05       		.uleb128 0x5
 525 0037 16       		.uleb128 0x16
 526 0038 00       		.byte	0
 527 0039 03       		.uleb128 0x3
 528 003a 0E       		.uleb128 0xe
 529 003b 3A       		.uleb128 0x3a
 530 003c 0B       		.uleb128 0xb
 531 003d 3B       		.uleb128 0x3b
 532 003e 05       		.uleb128 0x5
 533 003f 49       		.uleb128 0x49
 534 0040 13       		.uleb128 0x13
 535 0041 00       		.byte	0
 536 0042 00       		.byte	0
 537 0043 06       		.uleb128 0x6
 538 0044 04       		.uleb128 0x4
 539 0045 01       		.byte	0x1
 540 0046 03       		.uleb128 0x3
 541 0047 0E       		.uleb128 0xe
 542 0048 0B       		.uleb128 0xb
 543 0049 0B       		.uleb128 0xb
 544 004a 49       		.uleb128 0x49
 545 004b 13       		.uleb128 0x13
 546 004c 3A       		.uleb128 0x3a
 547 004d 0B       		.uleb128 0xb
 548 004e 3B       		.uleb128 0x3b
 549 004f 0B       		.uleb128 0xb
 550 0050 01       		.uleb128 0x1
 551 0051 13       		.uleb128 0x13
 552 0052 00       		.byte	0
 553 0053 00       		.byte	0
 554 0054 07       		.uleb128 0x7
 555 0055 28       		.uleb128 0x28
 556 0056 00       		.byte	0
 557 0057 03       		.uleb128 0x3
 558 0058 0E       		.uleb128 0xe
 559 0059 1C       		.uleb128 0x1c
 560 005a 0B       		.uleb128 0xb
 561 005b 00       		.byte	0
 562 005c 00       		.byte	0
 563 005d 08       		.uleb128 0x8
 564 005e 2E       		.uleb128 0x2e
 565 005f 01       		.byte	0x1
 566 0060 3F       		.uleb128 0x3f
 567 0061 19       		.uleb128 0x19
 568 0062 03       		.uleb128 0x3
 569 0063 0E       		.uleb128 0xe
 570 0064 3A       		.uleb128 0x3a
 571 0065 0B       		.uleb128 0xb
 572 0066 3B       		.uleb128 0x3b
 573 0067 0B       		.uleb128 0xb
ARM GAS  C:\Users\rbhar\AppData\Local\Temp\cceAiZsY.s 			page 13


 574 0068 27       		.uleb128 0x27
 575 0069 19       		.uleb128 0x19
 576 006a 11       		.uleb128 0x11
 577 006b 01       		.uleb128 0x1
 578 006c 12       		.uleb128 0x12
 579 006d 06       		.uleb128 0x6
 580 006e 40       		.uleb128 0x40
 581 006f 18       		.uleb128 0x18
 582 0070 9742     		.uleb128 0x2117
 583 0072 19       		.uleb128 0x19
 584 0073 01       		.uleb128 0x1
 585 0074 13       		.uleb128 0x13
 586 0075 00       		.byte	0
 587 0076 00       		.byte	0
 588 0077 09       		.uleb128 0x9
 589 0078 898201   		.uleb128 0x4109
 590 007b 01       		.byte	0x1
 591 007c 11       		.uleb128 0x11
 592 007d 01       		.uleb128 0x1
 593 007e 31       		.uleb128 0x31
 594 007f 13       		.uleb128 0x13
 595 0080 00       		.byte	0
 596 0081 00       		.byte	0
 597 0082 0A       		.uleb128 0xa
 598 0083 8A8201   		.uleb128 0x410a
 599 0086 00       		.byte	0
 600 0087 02       		.uleb128 0x2
 601 0088 18       		.uleb128 0x18
 602 0089 9142     		.uleb128 0x2111
 603 008b 18       		.uleb128 0x18
 604 008c 00       		.byte	0
 605 008d 00       		.byte	0
 606 008e 0B       		.uleb128 0xb
 607 008f 898201   		.uleb128 0x4109
 608 0092 01       		.byte	0x1
 609 0093 11       		.uleb128 0x11
 610 0094 01       		.uleb128 0x1
 611 0095 31       		.uleb128 0x31
 612 0096 13       		.uleb128 0x13
 613 0097 01       		.uleb128 0x1
 614 0098 13       		.uleb128 0x13
 615 0099 00       		.byte	0
 616 009a 00       		.byte	0
 617 009b 0C       		.uleb128 0xc
 618 009c 898201   		.uleb128 0x4109
 619 009f 00       		.byte	0
 620 00a0 11       		.uleb128 0x11
 621 00a1 01       		.uleb128 0x1
 622 00a2 31       		.uleb128 0x31
 623 00a3 13       		.uleb128 0x13
 624 00a4 00       		.byte	0
 625 00a5 00       		.byte	0
 626 00a6 0D       		.uleb128 0xd
 627 00a7 34       		.uleb128 0x34
 628 00a8 00       		.byte	0
 629 00a9 03       		.uleb128 0x3
 630 00aa 0E       		.uleb128 0xe
ARM GAS  C:\Users\rbhar\AppData\Local\Temp\cceAiZsY.s 			page 14


 631 00ab 3A       		.uleb128 0x3a
 632 00ac 0B       		.uleb128 0xb
 633 00ad 3B       		.uleb128 0x3b
 634 00ae 0B       		.uleb128 0xb
 635 00af 49       		.uleb128 0x49
 636 00b0 13       		.uleb128 0x13
 637 00b1 02       		.uleb128 0x2
 638 00b2 18       		.uleb128 0x18
 639 00b3 00       		.byte	0
 640 00b4 00       		.byte	0
 641 00b5 0E       		.uleb128 0xe
 642 00b6 34       		.uleb128 0x34
 643 00b7 00       		.byte	0
 644 00b8 03       		.uleb128 0x3
 645 00b9 0E       		.uleb128 0xe
 646 00ba 3A       		.uleb128 0x3a
 647 00bb 0B       		.uleb128 0xb
 648 00bc 3B       		.uleb128 0x3b
 649 00bd 05       		.uleb128 0x5
 650 00be 49       		.uleb128 0x49
 651 00bf 13       		.uleb128 0x13
 652 00c0 3F       		.uleb128 0x3f
 653 00c1 19       		.uleb128 0x19
 654 00c2 3C       		.uleb128 0x3c
 655 00c3 19       		.uleb128 0x19
 656 00c4 00       		.byte	0
 657 00c5 00       		.byte	0
 658 00c6 0F       		.uleb128 0xf
 659 00c7 35       		.uleb128 0x35
 660 00c8 00       		.byte	0
 661 00c9 49       		.uleb128 0x49
 662 00ca 13       		.uleb128 0x13
 663 00cb 00       		.byte	0
 664 00cc 00       		.byte	0
 665 00cd 10       		.uleb128 0x10
 666 00ce 2E       		.uleb128 0x2e
 667 00cf 00       		.byte	0
 668 00d0 3F       		.uleb128 0x3f
 669 00d1 19       		.uleb128 0x19
 670 00d2 3C       		.uleb128 0x3c
 671 00d3 19       		.uleb128 0x19
 672 00d4 6E       		.uleb128 0x6e
 673 00d5 0E       		.uleb128 0xe
 674 00d6 03       		.uleb128 0x3
 675 00d7 0E       		.uleb128 0xe
 676 00d8 3A       		.uleb128 0x3a
 677 00d9 0B       		.uleb128 0xb
 678 00da 3B       		.uleb128 0x3b
 679 00db 0B       		.uleb128 0xb
 680 00dc 00       		.byte	0
 681 00dd 00       		.byte	0
 682 00de 00       		.byte	0
 683              		.section	.debug_aranges,"",%progbits
 684 0000 34000000 		.4byte	0x34
 685 0004 0200     		.2byte	0x2
 686 0006 00000000 		.4byte	.Ldebug_info0
 687 000a 04       		.byte	0x4
ARM GAS  C:\Users\rbhar\AppData\Local\Temp\cceAiZsY.s 			page 15


 688 000b 00       		.byte	0
 689 000c 0000     		.2byte	0
 690 000e 0000     		.2byte	0
 691 0010 00000000 		.4byte	.LFB63
 692 0014 0C000000 		.4byte	.LFE63-.LFB63
 693 0018 00000000 		.4byte	.LFB64
 694 001c 0C000000 		.4byte	.LFE64-.LFB64
 695 0020 00000000 		.4byte	.LFB65
 696 0024 2C000000 		.4byte	.LFE65-.LFB65
 697 0028 00000000 		.4byte	.LFB66
 698 002c 38000000 		.4byte	.LFE66-.LFB66
 699 0030 00000000 		.4byte	0
 700 0034 00000000 		.4byte	0
 701              		.section	.debug_ranges,"",%progbits
 702              	.Ldebug_ranges0:
 703 0000 00000000 		.4byte	.LFB63
 704 0004 0C000000 		.4byte	.LFE63
 705 0008 00000000 		.4byte	.LFB64
 706 000c 0C000000 		.4byte	.LFE64
 707 0010 00000000 		.4byte	.LFB65
 708 0014 2C000000 		.4byte	.LFE65
 709 0018 00000000 		.4byte	.LFB66
 710 001c 38000000 		.4byte	.LFE66
 711 0020 00000000 		.4byte	0
 712 0024 00000000 		.4byte	0
 713              		.section	.debug_line,"",%progbits
 714              	.Ldebug_line0:
 715 0000 BE010000 		.section	.debug_str,"MS",%progbits,1
 715      02006D01 
 715      00000201 
 715      FB0E0D00 
 715      01010101 
 716              	.LASF21:
 717 0000 654C4544 		.ascii	"eLEDTypes\000"
 717      54797065 
 717      7300
 718              	.LASF27:
 719 000a 4953525F 		.ascii	"ISR_Button3_Callback\000"
 719      42757474 
 719      6F6E335F 
 719      43616C6C 
 719      6261636B 
 720              	.LASF19:
 721 001f 4C45445F 		.ascii	"LED_YELLOW\000"
 721      59454C4C 
 721      4F5700
 722              	.LASF9:
 723 002a 5F5F696E 		.ascii	"__int32_t\000"
 723      7433325F 
 723      7400
 724              	.LASF13:
 725 0034 646F7562 		.ascii	"double\000"
 725      6C6500
 726              	.LASF26:
 727 003b 4953525F 		.ascii	"ISR_Button2_Callback\000"
 727      42757474 
 727      6F6E325F 
ARM GAS  C:\Users\rbhar\AppData\Local\Temp\cceAiZsY.s 			page 16


 727      43616C6C 
 727      6261636B 
 728              	.LASF10:
 729 0050 696E7433 		.ascii	"int32_t\000"
 729      325F7400 
 730              	.LASF12:
 731 0058 666C6F61 		.ascii	"float\000"
 731      7400
 732              	.LASF1:
 733 005e 756E7369 		.ascii	"unsigned char\000"
 733      676E6564 
 733      20636861 
 733      7200
 734              	.LASF31:
 735 006c 474E5520 		.ascii	"GNU C11 5.4.1 20160609 (release) [ARM/embedded-5-br"
 735      43313120 
 735      352E342E 
 735      31203230 
 735      31363036 
 736 009f 616E6368 		.ascii	"anch revision 237715] -mcpu=cortex-m3 -mthumb -g -O"
 736      20726576 
 736      6973696F 
 736      6E203233 
 736      37373135 
 737 00d2 67202D66 		.ascii	"g -ffunction-sections -ffat-lto-objects\000"
 737      66756E63 
 737      74696F6E 
 737      2D736563 
 737      74696F6E 
 738              	.LASF25:
 739 00fa 4953525F 		.ascii	"ISR_Button1_Callback\000"
 739      42757474 
 739      6F6E315F 
 739      43616C6C 
 739      6261636B 
 740              	.LASF5:
 741 010f 6C6F6E67 		.ascii	"long unsigned int\000"
 741      20756E73 
 741      69676E65 
 741      6420696E 
 741      7400
 742              	.LASF3:
 743 0121 73686F72 		.ascii	"short unsigned int\000"
 743      7420756E 
 743      7369676E 
 743      65642069 
 743      6E7400
 744              	.LASF35:
 745 0134 49544D5F 		.ascii	"ITM_RxBuffer\000"
 745      52784275 
 745      66666572 
 745      00
 746              	.LASF32:
 747 0141 736F7572 		.ascii	"source\\bsw\\Button.c\000"
 747      63655C62 
 747      73775C42 
 747      7574746F 
ARM GAS  C:\Users\rbhar\AppData\Local\Temp\cceAiZsY.s 			page 17


 747      6E2E6300 
 748              	.LASF23:
 749 0155 4C45445F 		.ascii	"LED_OFF\000"
 749      4F464600 
 750              	.LASF22:
 751 015d 654C4544 		.ascii	"eLEDStates\000"
 751      53746174 
 751      657300
 752              	.LASF2:
 753 0168 73686F72 		.ascii	"short int\000"
 753      7420696E 
 753      7400
 754              	.LASF8:
 755 0172 756E7369 		.ascii	"unsigned int\000"
 755      676E6564 
 755      20696E74 
 755      00
 756              	.LASF7:
 757 017f 6C6F6E67 		.ascii	"long long unsigned int\000"
 757      206C6F6E 
 757      6720756E 
 757      7369676E 
 757      65642069 
 758              	.LASF33:
 759 0196 443A5C48 		.ascii	"D:\\HDA\\Pre-Semester\\2_Microcontroller\\LabWorksp"
 759      44415C50 
 759      72652D53 
 759      656D6573 
 759      7465725C 
 760 01c5 6163655C 		.ascii	"ace\\LabMicrocontroller\\day2_seven.cydsn\000"
 760      4C61624D 
 760      6963726F 
 760      636F6E74 
 760      726F6C6C 
 761              	.LASF30:
 762 01ed 53455645 		.ascii	"SEVEN_Write\000"
 762      4E5F5772 
 762      69746500 
 763              	.LASF24:
 764 01f9 4C45445F 		.ascii	"LED_ON\000"
 764      4F4E00
 765              	.LASF15:
 766 0200 6C6F6E67 		.ascii	"long double\000"
 766      20646F75 
 766      626C6500 
 767              	.LASF16:
 768 020c 73697A65 		.ascii	"sizetype\000"
 768      74797065 
 768      00
 769              	.LASF6:
 770 0215 6C6F6E67 		.ascii	"long long int\000"
 770      206C6F6E 
 770      6720696E 
 770      7400
 771              	.LASF14:
 772 0223 63686172 		.ascii	"char\000"
 772      00
ARM GAS  C:\Users\rbhar\AppData\Local\Temp\cceAiZsY.s 			page 18


 773              	.LASF20:
 774 0228 4C45445F 		.ascii	"LED_ALL\000"
 774      414C4C00 
 775              	.LASF34:
 776 0230 42757474 		.ascii	"ButtonClickCounter\000"
 776      6F6E436C 
 776      69636B43 
 776      6F756E74 
 776      657200
 777              	.LASF11:
 778 0243 75696E74 		.ascii	"uint8\000"
 778      3800
 779              	.LASF4:
 780 0249 6C6F6E67 		.ascii	"long int\000"
 780      20696E74 
 780      00
 781              	.LASF29:
 782 0252 4C454453 		.ascii	"LEDStateChange\000"
 782      74617465 
 782      4368616E 
 782      676500
 783              	.LASF28:
 784 0261 4953525F 		.ascii	"ISR_Button4_Callback\000"
 784      42757474 
 784      6F6E345F 
 784      43616C6C 
 784      6261636B 
 785              	.LASF18:
 786 0276 4C45445F 		.ascii	"LED_GREEN\000"
 786      47524545 
 786      4E00
 787              	.LASF0:
 788 0280 7369676E 		.ascii	"signed char\000"
 788      65642063 
 788      68617200 
 789              	.LASF17:
 790 028c 4C45445F 		.ascii	"LED_RED\000"
 790      52454400 
 791              		.ident	"GCC: (GNU Tools for ARM Embedded Processors) 5.4.1 20160609 (release) [ARM/embedded-5-bran
