ARM GAS  C:\Users\rbhar\AppData\Local\Temp\ccv8QF0J.s 			page 1


   1              		.syntax unified
   2              		.cpu cortex-m3
   3              		.fpu softvfp
   4              		.eabi_attribute 20, 1
   5              		.eabi_attribute 21, 1
   6              		.eabi_attribute 23, 3
   7              		.eabi_attribute 24, 1
   8              		.eabi_attribute 25, 1
   9              		.eabi_attribute 26, 1
  10              		.eabi_attribute 30, 1
  11              		.eabi_attribute 34, 1
  12              		.eabi_attribute 18, 4
  13              		.thumb
  14              		.syntax unified
  15              		.file	"cymetadata.c"
  16              		.text
  17              	.Ltext0:
  18              		.cfi_sections	.debug_frame
  19              		.global	cy_metadata
  20              		.global	cy_meta_flashprotect
  21              		.global	cy_meta_wonvl
  22              		.global	cy_meta_custnvl
  23              		.global	cy_meta_configecc
  24              		.section	.cyconfigecc,"a",%progbits
  25              		.align	2
  26              		.type	cy_meta_configecc, %object
  27              		.size	cy_meta_configecc, 996
  28              	cy_meta_configecc:
  29 0000 01       		.byte	1
  30 0001 64       		.byte	100
  31 0002 00       		.byte	0
  32 0003 40       		.byte	64
  33 0004 02       		.byte	2
  34 0005 65       		.byte	101
  35 0006 00       		.byte	0
  36 0007 40       		.byte	64
  37 0008 5F       		.byte	95
  38 0009 08       		.byte	8
  39 000a 01       		.byte	1
  40 000b 40       		.byte	64
  41 000c 35       		.byte	53
  42 000d 09       		.byte	9
  43 000e 01       		.byte	1
  44 000f 40       		.byte	64
  45 0010 48       		.byte	72
  46 0011 18       		.byte	24
  47 0012 01       		.byte	1
  48 0013 40       		.byte	64
  49 0014 38       		.byte	56
  50 0015 19       		.byte	25
  51 0016 01       		.byte	1
  52 0017 40       		.byte	64
  53 0018 41       		.byte	65
  54 0019 1A       		.byte	26
  55 001a 01       		.byte	1
  56 001b 40       		.byte	64
  57 001c 3D       		.byte	61
ARM GAS  C:\Users\rbhar\AppData\Local\Temp\ccv8QF0J.s 			page 2


  58 001d 1B       		.byte	27
  59 001e 01       		.byte	1
  60 001f 40       		.byte	64
  61 0020 04       		.byte	4
  62 0021 40       		.byte	64
  63 0022 01       		.byte	1
  64 0023 40       		.byte	64
  65 0024 09       		.byte	9
  66 0025 41       		.byte	65
  67 0026 01       		.byte	1
  68 0027 40       		.byte	64
  69 0028 03       		.byte	3
  70 0029 42       		.byte	66
  71 002a 01       		.byte	1
  72 002b 40       		.byte	64
  73 002c 01       		.byte	1
  74 002d 43       		.byte	67
  75 002e 01       		.byte	1
  76 002f 40       		.byte	64
  77 0030 01       		.byte	1
  78 0031 48       		.byte	72
  79 0032 01       		.byte	1
  80 0033 40       		.byte	64
  81 0034 03       		.byte	3
  82 0035 49       		.byte	73
  83 0036 01       		.byte	1
  84 0037 40       		.byte	64
  85 0038 07       		.byte	7
  86 0039 4D       		.byte	77
  87 003a 01       		.byte	1
  88 003b 40       		.byte	64
  89 003c 04       		.byte	4
  90 003d 50       		.byte	80
  91 003e 01       		.byte	1
  92 003f 40       		.byte	64
  93 0040 01       		.byte	1
  94 0041 51       		.byte	81
  95 0042 01       		.byte	1
  96 0043 40       		.byte	64
  97 0044 88       		.byte	-120
  98 0045 0F       		.byte	15
  99 0046 88       		.byte	-120
 100 0047 38       		.byte	56
 101 0048 89       		.byte	-119
 102 0049 72       		.byte	114
 103 004a 00       		.byte	0
 104 004b 13       		.byte	19
 105 004c 01       		.byte	1
 106 004d 02       		.byte	2
 107 004e 02       		.byte	2
 108 004f 04       		.byte	4
 109 0050 06       		.byte	6
 110 0051 15       		.byte	21
 111 0052 07       		.byte	7
 112 0053 01       		.byte	1
 113 0054 0C       		.byte	12
 114 0055 13       		.byte	19
ARM GAS  C:\Users\rbhar\AppData\Local\Temp\ccv8QF0J.s 			page 3


 115 0056 0E       		.byte	14
 116 0057 0C       		.byte	12
 117 0058 11       		.byte	17
 118 0059 40       		.byte	64
 119 005a 13       		.byte	19
 120 005b 30       		.byte	48
 121 005c 14       		.byte	20
 122 005d 0A       		.byte	10
 123 005e 15       		.byte	21
 124 005f 70       		.byte	112
 125 0060 16       		.byte	22
 126 0061 14       		.byte	20
 127 0062 17       		.byte	23
 128 0063 08       		.byte	8
 129 0064 18       		.byte	24
 130 0065 03       		.byte	3
 131 0066 19       		.byte	25
 132 0067 24       		.byte	36
 133 0068 1A       		.byte	26
 134 0069 14       		.byte	20
 135 006a 1B       		.byte	27
 136 006b 40       		.byte	64
 137 006c 1F       		.byte	31
 138 006d 0C       		.byte	12
 139 006e 21       		.byte	33
 140 006f 40       		.byte	64
 141 0070 27       		.byte	39
 142 0071 01       		.byte	1
 143 0072 29       		.byte	41
 144 0073 50       		.byte	80
 145 0074 2A       		.byte	42
 146 0075 08       		.byte	8
 147 0076 2D       		.byte	45
 148 0077 30       		.byte	48
 149 0078 2F       		.byte	47
 150 0079 44       		.byte	68
 151 007a 30       		.byte	48
 152 007b 10       		.byte	16
 153 007c 31       		.byte	49
 154 007d 7C       		.byte	124
 155 007e 35       		.byte	53
 156 007f 02       		.byte	2
 157 0080 36       		.byte	54
 158 0081 0F       		.byte	15
 159 0082 37       		.byte	55
 160 0083 01       		.byte	1
 161 0084 3A       		.byte	58
 162 0085 80       		.byte	-128
 163 0086 3E       		.byte	62
 164 0087 01       		.byte	1
 165 0088 3F       		.byte	63
 166 0089 50       		.byte	80
 167 008a 40       		.byte	64
 168 008b 16       		.byte	22
 169 008c 41       		.byte	65
 170 008d 04       		.byte	4
 171 008e 45       		.byte	69
ARM GAS  C:\Users\rbhar\AppData\Local\Temp\ccv8QF0J.s 			page 4


 172 008f 0C       		.byte	12
 173 0090 47       		.byte	71
 174 0091 EB       		.byte	-21
 175 0092 48       		.byte	72
 176 0093 31       		.byte	49
 177 0094 49       		.byte	73
 178 0095 FF       		.byte	-1
 179 0096 4A       		.byte	74
 180 0097 FF       		.byte	-1
 181 0098 4B       		.byte	75
 182 0099 FF       		.byte	-1
 183 009a 4E       		.byte	78
 184 009b F0       		.byte	-16
 185 009c 4F       		.byte	79
 186 009d 44       		.byte	68
 187 009e 50       		.byte	80
 188 009f 0C       		.byte	12
 189 00a0 54       		.byte	84
 190 00a1 01       		.byte	1
 191 00a2 58       		.byte	88
 192 00a3 04       		.byte	4
 193 00a4 59       		.byte	89
 194 00a5 04       		.byte	4
 195 00a6 5A       		.byte	90
 196 00a7 04       		.byte	4
 197 00a8 5B       		.byte	91
 198 00a9 04       		.byte	4
 199 00aa 5F       		.byte	95
 200 00ab 01       		.byte	1
 201 00ac 66       		.byte	102
 202 00ad C0       		.byte	-64
 203 00ae 6A       		.byte	106
 204 00af 40       		.byte	64
 205 00b0 6B       		.byte	107
 206 00b1 02       		.byte	2
 207 00b2 85       		.byte	-123
 208 00b3 80       		.byte	-128
 209 00b4 87       		.byte	-121
 210 00b5 13       		.byte	19
 211 00b6 8A       		.byte	-118
 212 00b7 01       		.byte	1
 213 00b8 8E       		.byte	-114
 214 00b9 03       		.byte	3
 215 00ba 95       		.byte	-107
 216 00bb 2C       		.byte	44
 217 00bc 97       		.byte	-105
 218 00bd 43       		.byte	67
 219 00be 9B       		.byte	-101
 220 00bf 0C       		.byte	12
 221 00c0 9E       		.byte	-98
 222 00c1 05       		.byte	5
 223 00c2 9F       		.byte	-97
 224 00c3 08       		.byte	8
 225 00c4 A1       		.byte	-95
 226 00c5 71       		.byte	113
 227 00c6 A2       		.byte	-94
 228 00c7 02       		.byte	2
ARM GAS  C:\Users\rbhar\AppData\Local\Temp\ccv8QF0J.s 			page 5


 229 00c8 A3       		.byte	-93
 230 00c9 0E       		.byte	14
 231 00ca A6       		.byte	-90
 232 00cb 06       		.byte	6
 233 00cc A8       		.byte	-88
 234 00cd 06       		.byte	6
 235 00ce AA       		.byte	-86
 236 00cf 01       		.byte	1
 237 00d0 AD       		.byte	-83
 238 00d1 71       		.byte	113
 239 00d2 AF       		.byte	-81
 240 00d3 06       		.byte	6
 241 00d4 B0       		.byte	-80
 242 00d5 07       		.byte	7
 243 00d6 B1       		.byte	-79
 244 00d7 30       		.byte	48
 245 00d8 B3       		.byte	-77
 246 00d9 0F       		.byte	15
 247 00da B5       		.byte	-75
 248 00db C0       		.byte	-64
 249 00dc B9       		.byte	-71
 250 00dd 22       		.byte	34
 251 00de BA       		.byte	-70
 252 00df 02       		.byte	2
 253 00e0 BB       		.byte	-69
 254 00e1 08       		.byte	8
 255 00e2 BF       		.byte	-65
 256 00e3 01       		.byte	1
 257 00e4 C0       		.byte	-64
 258 00e5 04       		.byte	4
 259 00e6 C5       		.byte	-59
 260 00e7 40       		.byte	64
 261 00e8 C9       		.byte	-55
 262 00e9 FF       		.byte	-1
 263 00ea CA       		.byte	-54
 264 00eb 07       		.byte	7
 265 00ec CB       		.byte	-53
 266 00ed FF       		.byte	-1
 267 00ee CC       		.byte	-52
 268 00ef 40       		.byte	64
 269 00f0 CD       		.byte	-51
 270 00f1 20       		.byte	32
 271 00f2 CE       		.byte	-50
 272 00f3 F0       		.byte	-16
 273 00f4 CF       		.byte	-49
 274 00f5 05       		.byte	5
 275 00f6 D0       		.byte	-48
 276 00f7 08       		.byte	8
 277 00f8 D8       		.byte	-40
 278 00f9 04       		.byte	4
 279 00fa D9       		.byte	-39
 280 00fb 04       		.byte	4
 281 00fc DA       		.byte	-38
 282 00fd 04       		.byte	4
 283 00fe DF       		.byte	-33
 284 00ff 01       		.byte	1
 285 0100 E0       		.byte	-32
ARM GAS  C:\Users\rbhar\AppData\Local\Temp\ccv8QF0J.s 			page 6


 286 0101 40       		.byte	64
 287 0102 E1       		.byte	-31
 288 0103 A8       		.byte	-88
 289 0104 E2       		.byte	-30
 290 0105 40       		.byte	64
 291 0106 E3       		.byte	-29
 292 0107 20       		.byte	32
 293 0108 02       		.byte	2
 294 0109 04       		.byte	4
 295 010a 03       		.byte	3
 296 010b 02       		.byte	2
 297 010c 04       		.byte	4
 298 010d 08       		.byte	8
 299 010e 05       		.byte	5
 300 010f 41       		.byte	65
 301 0110 09       		.byte	9
 302 0111 80       		.byte	-128
 303 0112 0D       		.byte	13
 304 0113 08       		.byte	8
 305 0114 0F       		.byte	15
 306 0115 08       		.byte	8
 307 0116 10       		.byte	16
 308 0117 80       		.byte	-128
 309 0118 12       		.byte	18
 310 0119 28       		.byte	40
 311 011a 15       		.byte	21
 312 011b 20       		.byte	32
 313 011c 16       		.byte	22
 314 011d 80       		.byte	-128
 315 011e 17       		.byte	23
 316 011f 01       		.byte	1
 317 0120 19       		.byte	25
 318 0121 01       		.byte	1
 319 0122 1B       		.byte	27
 320 0123 02       		.byte	2
 321 0124 1D       		.byte	29
 322 0125 C0       		.byte	-64
 323 0126 1E       		.byte	30
 324 0127 42       		.byte	66
 325 0128 21       		.byte	33
 326 0129 19       		.byte	25
 327 012a 22       		.byte	34
 328 012b 28       		.byte	40
 329 012c 24       		.byte	36
 330 012d 40       		.byte	64
 331 012e 27       		.byte	39
 332 012f 89       		.byte	-119
 333 0130 28       		.byte	40
 334 0131 80       		.byte	-128
 335 0132 29       		.byte	41
 336 0133 41       		.byte	65
 337 0134 2C       		.byte	44
 338 0135 80       		.byte	-128
 339 0136 2F       		.byte	47
 340 0137 2A       		.byte	42
 341 0138 30       		.byte	48
 342 0139 80       		.byte	-128
ARM GAS  C:\Users\rbhar\AppData\Local\Temp\ccv8QF0J.s 			page 7


 343 013a 31       		.byte	49
 344 013b 08       		.byte	8
 345 013c 32       		.byte	50
 346 013d 20       		.byte	32
 347 013e 36       		.byte	54
 348 013f 29       		.byte	41
 349 0140 37       		.byte	55
 350 0141 80       		.byte	-128
 351 0142 38       		.byte	56
 352 0143 08       		.byte	8
 353 0144 3C       		.byte	60
 354 0145 05       		.byte	5
 355 0146 3F       		.byte	63
 356 0147 02       		.byte	2
 357 0148 41       		.byte	65
 358 0149 01       		.byte	1
 359 014a 44       		.byte	68
 360 014b 80       		.byte	-128
 361 014c 45       		.byte	69
 362 014d 80       		.byte	-128
 363 014e 48       		.byte	72
 364 014f 80       		.byte	-128
 365 0150 4C       		.byte	76
 366 0151 04       		.byte	4
 367 0152 4F       		.byte	79
 368 0153 08       		.byte	8
 369 0154 50       		.byte	80
 370 0155 04       		.byte	4
 371 0156 52       		.byte	82
 372 0157 04       		.byte	4
 373 0158 57       		.byte	87
 374 0159 09       		.byte	9
 375 015a 5C       		.byte	92
 376 015b 21       		.byte	33
 377 015c 5E       		.byte	94
 378 015d 40       		.byte	64
 379 015e 5F       		.byte	95
 380 015f 08       		.byte	8
 381 0160 C0       		.byte	-64
 382 0161 B3       		.byte	-77
 383 0162 C2       		.byte	-62
 384 0163 61       		.byte	97
 385 0164 C4       		.byte	-60
 386 0165 4E       		.byte	78
 387 0166 CA       		.byte	-54
 388 0167 F9       		.byte	-7
 389 0168 CC       		.byte	-52
 390 0169 FE       		.byte	-2
 391 016a CE       		.byte	-50
 392 016b C2       		.byte	-62
 393 016c D0       		.byte	-48
 394 016d 91       		.byte	-111
 395 016e D2       		.byte	-46
 396 016f 20       		.byte	32
 397 0170 D6       		.byte	-42
 398 0171 F0       		.byte	-16
 399 0172 02       		.byte	2
ARM GAS  C:\Users\rbhar\AppData\Local\Temp\ccv8QF0J.s 			page 8


 400 0173 01       		.byte	1
 401 0174 04       		.byte	4
 402 0175 06       		.byte	6
 403 0176 05       		.byte	5
 404 0177 1F       		.byte	31
 405 0178 06       		.byte	6
 406 0179 01       		.byte	1
 407 017a 08       		.byte	8
 408 017b 07       		.byte	7
 409 017c 09       		.byte	9
 410 017d 1F       		.byte	31
 411 017e 10       		.byte	16
 412 017f 01       		.byte	1
 413 0180 12       		.byte	18
 414 0181 06       		.byte	6
 415 0182 14       		.byte	20
 416 0183 07       		.byte	7
 417 0184 15       		.byte	21
 418 0185 08       		.byte	8
 419 0186 17       		.byte	23
 420 0187 54       		.byte	84
 421 0188 19       		.byte	25
 422 0189 12       		.byte	18
 423 018a 1A       		.byte	26
 424 018b 08       		.byte	8
 425 018c 1B       		.byte	27
 426 018d 29       		.byte	41
 427 018e 1C       		.byte	28
 428 018f 04       		.byte	4
 429 0190 22       		.byte	34
 430 0191 08       		.byte	8
 431 0192 24       		.byte	36
 432 0193 02       		.byte	2
 433 0194 28       		.byte	40
 434 0195 06       		.byte	6
 435 0196 2D       		.byte	45
 436 0197 05       		.byte	5
 437 0198 2F       		.byte	47
 438 0199 2A       		.byte	42
 439 019a 31       		.byte	49
 440 019b 60       		.byte	96
 441 019c 32       		.byte	50
 442 019d 08       		.byte	8
 443 019e 33       		.byte	51
 444 019f 1C       		.byte	28
 445 01a0 34       		.byte	52
 446 01a1 07       		.byte	7
 447 01a2 35       		.byte	53
 448 01a3 03       		.byte	3
 449 01a4 3E       		.byte	62
 450 01a5 04       		.byte	4
 451 01a6 3F       		.byte	63
 452 01a7 01       		.byte	1
 453 01a8 40       		.byte	64
 454 01a9 54       		.byte	84
 455 01aa 41       		.byte	65
 456 01ab 03       		.byte	3
ARM GAS  C:\Users\rbhar\AppData\Local\Temp\ccv8QF0J.s 			page 9


 457 01ac 42       		.byte	66
 458 01ad 02       		.byte	2
 459 01ae 44       		.byte	68
 460 01af 01       		.byte	1
 461 01b0 45       		.byte	69
 462 01b1 0E       		.byte	14
 463 01b2 46       		.byte	70
 464 01b3 C0       		.byte	-64
 465 01b4 48       		.byte	72
 466 01b5 09       		.byte	9
 467 01b6 49       		.byte	73
 468 01b7 FF       		.byte	-1
 469 01b8 4A       		.byte	74
 470 01b9 FF       		.byte	-1
 471 01ba 4B       		.byte	75
 472 01bb FF       		.byte	-1
 473 01bc 4C       		.byte	76
 474 01bd 62       		.byte	98
 475 01be 4D       		.byte	77
 476 01bf A0       		.byte	-96
 477 01c0 4E       		.byte	78
 478 01c1 F0       		.byte	-16
 479 01c2 4F       		.byte	79
 480 01c3 41       		.byte	65
 481 01c4 50       		.byte	80
 482 01c5 0C       		.byte	12
 483 01c6 54       		.byte	84
 484 01c7 18       		.byte	24
 485 01c8 58       		.byte	88
 486 01c9 04       		.byte	4
 487 01ca 59       		.byte	89
 488 01cb 04       		.byte	4
 489 01cc 5A       		.byte	90
 490 01cd 04       		.byte	4
 491 01ce 5B       		.byte	91
 492 01cf 04       		.byte	4
 493 01d0 5F       		.byte	95
 494 01d1 01       		.byte	1
 495 01d2 66       		.byte	102
 496 01d3 40       		.byte	64
 497 01d4 67       		.byte	103
 498 01d5 02       		.byte	2
 499 01d6 69       		.byte	105
 500 01d7 10       		.byte	16
 501 01d8 6A       		.byte	106
 502 01d9 30       		.byte	48
 503 01da 6B       		.byte	107
 504 01db 10       		.byte	16
 505 01dc 6D       		.byte	109
 506 01dd 10       		.byte	16
 507 01de 6E       		.byte	110
 508 01df 10       		.byte	16
 509 01e0 6F       		.byte	111
 510 01e1 12       		.byte	18
 511 01e2 84       		.byte	-124
 512 01e3 01       		.byte	1
 513 01e4 85       		.byte	-123
ARM GAS  C:\Users\rbhar\AppData\Local\Temp\ccv8QF0J.s 			page 10


 514 01e5 01       		.byte	1
 515 01e6 88       		.byte	-120
 516 01e7 01       		.byte	1
 517 01e8 89       		.byte	-119
 518 01e9 01       		.byte	1
 519 01ea 90       		.byte	-112
 520 01eb 01       		.byte	1
 521 01ec 91       		.byte	-111
 522 01ed 01       		.byte	1
 523 01ee 94       		.byte	-108
 524 01ef 01       		.byte	1
 525 01f0 B0       		.byte	-80
 526 01f1 01       		.byte	1
 527 01f2 B1       		.byte	-79
 528 01f3 01       		.byte	1
 529 01f4 BE       		.byte	-66
 530 01f5 01       		.byte	1
 531 01f6 D6       		.byte	-42
 532 01f7 02       		.byte	2
 533 01f8 D7       		.byte	-41
 534 01f9 13       		.byte	19
 535 01fa D8       		.byte	-40
 536 01fb 04       		.byte	4
 537 01fc D9       		.byte	-39
 538 01fd 04       		.byte	4
 539 01fe DB       		.byte	-37
 540 01ff 04       		.byte	4
 541 0200 DF       		.byte	-33
 542 0201 01       		.byte	1
 543 0202 00       		.byte	0
 544 0203 08       		.byte	8
 545 0204 01       		.byte	1
 546 0205 20       		.byte	32
 547 0206 03       		.byte	3
 548 0207 10       		.byte	16
 549 0208 05       		.byte	5
 550 0209 20       		.byte	32
 551 020a 06       		.byte	6
 552 020b 40       		.byte	64
 553 020c 07       		.byte	7
 554 020d 10       		.byte	16
 555 020e 09       		.byte	9
 556 020f 08       		.byte	8
 557 0210 0B       		.byte	11
 558 0211 C0       		.byte	-64
 559 0212 0D       		.byte	13
 560 0213 08       		.byte	8
 561 0214 0E       		.byte	14
 562 0215 01       		.byte	1
 563 0216 0F       		.byte	15
 564 0217 48       		.byte	72
 565 0218 17       		.byte	23
 566 0219 29       		.byte	41
 567 021a 19       		.byte	25
 568 021b 01       		.byte	1
 569 021c 1C       		.byte	28
 570 021d 04       		.byte	4
ARM GAS  C:\Users\rbhar\AppData\Local\Temp\ccv8QF0J.s 			page 11


 571 021e 1D       		.byte	29
 572 021f 20       		.byte	32
 573 0220 1F       		.byte	31
 574 0221 04       		.byte	4
 575 0222 21       		.byte	33
 576 0223 02       		.byte	2
 577 0224 26       		.byte	38
 578 0225 14       		.byte	20
 579 0226 27       		.byte	39
 580 0227 40       		.byte	64
 581 0228 2D       		.byte	45
 582 0229 80       		.byte	-128
 583 022a 30       		.byte	48
 584 022b 02       		.byte	2
 585 022c 35       		.byte	53
 586 022d 08       		.byte	8
 587 022e 36       		.byte	54
 588 022f 14       		.byte	20
 589 0230 39       		.byte	57
 590 0231 14       		.byte	20
 591 0232 3E       		.byte	62
 592 0233 14       		.byte	20
 593 0234 45       		.byte	69
 594 0235 2A       		.byte	42
 595 0236 46       		.byte	70
 596 0237 40       		.byte	64
 597 0238 47       		.byte	71
 598 0239 40       		.byte	64
 599 023a 4F       		.byte	79
 600 023b 48       		.byte	72
 601 023c 57       		.byte	87
 602 023d 20       		.byte	32
 603 023e 59       		.byte	89
 604 023f 01       		.byte	1
 605 0240 5E       		.byte	94
 606 0241 02       		.byte	2
 607 0242 66       		.byte	102
 608 0243 80       		.byte	-128
 609 0244 67       		.byte	103
 610 0245 08       		.byte	8
 611 0246 68       		.byte	104
 612 0247 02       		.byte	2
 613 0248 69       		.byte	105
 614 0249 14       		.byte	20
 615 024a 6A       		.byte	106
 616 024b 14       		.byte	20
 617 024c 70       		.byte	112
 618 024d 04       		.byte	4
 619 024e 72       		.byte	114
 620 024f 01       		.byte	1
 621 0250 73       		.byte	115
 622 0251 2C       		.byte	44
 623 0252 90       		.byte	-112
 624 0253 40       		.byte	64
 625 0254 94       		.byte	-108
 626 0255 04       		.byte	4
 627 0256 9A       		.byte	-102
ARM GAS  C:\Users\rbhar\AppData\Local\Temp\ccv8QF0J.s 			page 12


 628 0257 80       		.byte	-128
 629 0258 A7       		.byte	-89
 630 0259 20       		.byte	32
 631 025a A8       		.byte	-88
 632 025b 20       		.byte	32
 633 025c AB       		.byte	-85
 634 025d 04       		.byte	4
 635 025e C0       		.byte	-64
 636 025f 76       		.byte	118
 637 0260 C2       		.byte	-62
 638 0261 FC       		.byte	-4
 639 0262 C4       		.byte	-60
 640 0263 70       		.byte	112
 641 0264 CA       		.byte	-54
 642 0265 10       		.byte	16
 643 0266 CC       		.byte	-52
 644 0267 61       		.byte	97
 645 0268 CE       		.byte	-50
 646 0269 66       		.byte	102
 647 026a D0       		.byte	-48
 648 026b F0       		.byte	-16
 649 026c D2       		.byte	-46
 650 026d 10       		.byte	16
 651 026e D6       		.byte	-42
 652 026f 81       		.byte	-127
 653 0270 D8       		.byte	-40
 654 0271 30       		.byte	48
 655 0272 02       		.byte	2
 656 0273 0C       		.byte	12
 657 0274 04       		.byte	4
 658 0275 32       		.byte	50
 659 0276 05       		.byte	5
 660 0277 06       		.byte	6
 661 0278 06       		.byte	6
 662 0279 08       		.byte	8
 663 027a 0A       		.byte	10
 664 027b 02       		.byte	2
 665 027c 0C       		.byte	12
 666 027d 02       		.byte	2
 667 027e 0D       		.byte	13
 668 027f 08       		.byte	8
 669 0280 0E       		.byte	14
 670 0281 01       		.byte	1
 671 0282 10       		.byte	16
 672 0283 0E       		.byte	14
 673 0284 12       		.byte	18
 674 0285 30       		.byte	48
 675 0286 14       		.byte	20
 676 0287 3E       		.byte	62
 677 0288 15       		.byte	21
 678 0289 07       		.byte	7
 679 028a 18       		.byte	24
 680 028b 32       		.byte	50
 681 028c 19       		.byte	25
 682 028d 06       		.byte	6
 683 028e 1A       		.byte	26
 684 028f 04       		.byte	4
ARM GAS  C:\Users\rbhar\AppData\Local\Temp\ccv8QF0J.s 			page 13


 685 0290 1B       		.byte	27
 686 0291 01       		.byte	1
 687 0292 1C       		.byte	28
 688 0293 20       		.byte	32
 689 0294 1D       		.byte	29
 690 0295 04       		.byte	4
 691 0296 23       		.byte	35
 692 0297 01       		.byte	1
 693 0298 24       		.byte	36
 694 0299 10       		.byte	16
 695 029a 25       		.byte	37
 696 029b 02       		.byte	2
 697 029c 28       		.byte	40
 698 029d 30       		.byte	48
 699 029e 29       		.byte	41
 700 029f 06       		.byte	6
 701 02a0 2B       		.byte	43
 702 02a1 01       		.byte	1
 703 02a2 2D       		.byte	45
 704 02a3 01       		.byte	1
 705 02a4 2F       		.byte	47
 706 02a5 06       		.byte	6
 707 02a6 31       		.byte	49
 708 02a7 08       		.byte	8
 709 02a8 32       		.byte	50
 710 02a9 01       		.byte	1
 711 02aa 34       		.byte	52
 712 02ab 3E       		.byte	62
 713 02ac 35       		.byte	53
 714 02ad 07       		.byte	7
 715 02ae 3A       		.byte	58
 716 02af 20       		.byte	32
 717 02b0 3B       		.byte	59
 718 02b1 28       		.byte	40
 719 02b2 3F       		.byte	63
 720 02b3 01       		.byte	1
 721 02b4 58       		.byte	88
 722 02b5 04       		.byte	4
 723 02b6 59       		.byte	89
 724 02b7 04       		.byte	4
 725 02b8 5F       		.byte	95
 726 02b9 01       		.byte	1
 727 02ba 82       		.byte	-126
 728 02bb 03       		.byte	3
 729 02bc 84       		.byte	-124
 730 02bd 0C       		.byte	12
 731 02be 87       		.byte	-121
 732 02bf 07       		.byte	7
 733 02c0 88       		.byte	-120
 734 02c1 0C       		.byte	12
 735 02c2 8A       		.byte	-118
 736 02c3 03       		.byte	3
 737 02c4 8C       		.byte	-116
 738 02c5 01       		.byte	1
 739 02c6 90       		.byte	-112
 740 02c7 03       		.byte	3
 741 02c8 92       		.byte	-110
ARM GAS  C:\Users\rbhar\AppData\Local\Temp\ccv8QF0J.s 			page 14


 742 02c9 0C       		.byte	12
 743 02ca 94       		.byte	-108
 744 02cb 02       		.byte	2
 745 02cc 95       		.byte	-107
 746 02cd 07       		.byte	7
 747 02ce 98       		.byte	-104
 748 02cf 04       		.byte	4
 749 02d0 99       		.byte	-103
 750 02d1 02       		.byte	2
 751 02d2 9C       		.byte	-100
 752 02d3 08       		.byte	8
 753 02d4 9D       		.byte	-99
 754 02d5 01       		.byte	1
 755 02d6 A1       		.byte	-95
 756 02d7 07       		.byte	7
 757 02d8 A4       		.byte	-92
 758 02d9 0F       		.byte	15
 759 02da A5       		.byte	-91
 760 02db 03       		.byte	3
 761 02dc A8       		.byte	-88
 762 02dd 0F       		.byte	15
 763 02de AB       		.byte	-85
 764 02df 07       		.byte	7
 765 02e0 AC       		.byte	-84
 766 02e1 03       		.byte	3
 767 02e2 AF       		.byte	-81
 768 02e3 03       		.byte	3
 769 02e4 B1       		.byte	-79
 770 02e5 03       		.byte	3
 771 02e6 B6       		.byte	-74
 772 02e7 0F       		.byte	15
 773 02e8 B7       		.byte	-73
 774 02e9 04       		.byte	4
 775 02ea B9       		.byte	-71
 776 02eb 80       		.byte	-128
 777 02ec BA       		.byte	-70
 778 02ed 80       		.byte	-128
 779 02ee D8       		.byte	-40
 780 02ef 04       		.byte	4
 781 02f0 D9       		.byte	-39
 782 02f1 04       		.byte	4
 783 02f2 DF       		.byte	-33
 784 02f3 01       		.byte	1
 785 02f4 01       		.byte	1
 786 02f5 80       		.byte	-128
 787 02f6 02       		.byte	2
 788 02f7 40       		.byte	64
 789 02f8 03       		.byte	3
 790 02f9 28       		.byte	40
 791 02fa 04       		.byte	4
 792 02fb 08       		.byte	8
 793 02fc 05       		.byte	5
 794 02fd A1       		.byte	-95
 795 02fe 06       		.byte	6
 796 02ff C0       		.byte	-64
 797 0300 09       		.byte	9
 798 0301 08       		.byte	8
ARM GAS  C:\Users\rbhar\AppData\Local\Temp\ccv8QF0J.s 			page 15


 799 0302 0A       		.byte	10
 800 0303 05       		.byte	5
 801 0304 0B       		.byte	11
 802 0305 C0       		.byte	-64
 803 0306 0C       		.byte	12
 804 0307 40       		.byte	64
 805 0308 0E       		.byte	14
 806 0309 21       		.byte	33
 807 030a 0F       		.byte	15
 808 030b 44       		.byte	68
 809 030c 10       		.byte	16
 810 030d 10       		.byte	16
 811 030e 12       		.byte	18
 812 030f 04       		.byte	4
 813 0310 13       		.byte	19
 814 0311 04       		.byte	4
 815 0312 15       		.byte	21
 816 0313 68       		.byte	104
 817 0314 19       		.byte	25
 818 0315 20       		.byte	32
 819 0316 1B       		.byte	27
 820 0317 28       		.byte	40
 821 0318 1D       		.byte	29
 822 0319 40       		.byte	64
 823 031a 1F       		.byte	31
 824 031b 40       		.byte	64
 825 031c 20       		.byte	32
 826 031d 08       		.byte	8
 827 031e 21       		.byte	33
 828 031f 1C       		.byte	28
 829 0320 22       		.byte	34
 830 0321 19       		.byte	25
 831 0322 26       		.byte	38
 832 0323 01       		.byte	1
 833 0324 27       		.byte	39
 834 0325 01       		.byte	1
 835 0326 28       		.byte	40
 836 0327 10       		.byte	16
 837 0328 29       		.byte	41
 838 0329 61       		.byte	97
 839 032a 2D       		.byte	45
 840 032b 28       		.byte	40
 841 032c 2E       		.byte	46
 842 032d 80       		.byte	-128
 843 032e 2F       		.byte	47
 844 032f 40       		.byte	64
 845 0330 30       		.byte	48
 846 0331 40       		.byte	64
 847 0332 31       		.byte	49
 848 0333 08       		.byte	8
 849 0334 32       		.byte	50
 850 0335 10       		.byte	16
 851 0336 35       		.byte	53
 852 0337 80       		.byte	-128
 853 0338 36       		.byte	54
 854 0339 18       		.byte	24
 855 033a 38       		.byte	56
ARM GAS  C:\Users\rbhar\AppData\Local\Temp\ccv8QF0J.s 			page 16


 856 033b 48       		.byte	72
 857 033c 3A       		.byte	58
 858 033d 04       		.byte	4
 859 033e 3C       		.byte	60
 860 033f 08       		.byte	8
 861 0340 3E       		.byte	62
 862 0341 04       		.byte	4
 863 0342 86       		.byte	-122
 864 0343 01       		.byte	1
 865 0344 89       		.byte	-119
 866 0345 80       		.byte	-128
 867 0346 8D       		.byte	-115
 868 0347 48       		.byte	72
 869 0348 90       		.byte	-112
 870 0349 48       		.byte	72
 871 034a 92       		.byte	-110
 872 034b 01       		.byte	1
 873 034c 93       		.byte	-109
 874 034d 04       		.byte	4
 875 034e 97       		.byte	-105
 876 034f 80       		.byte	-128
 877 0350 99       		.byte	-103
 878 0351 08       		.byte	8
 879 0352 9A       		.byte	-102
 880 0353 40       		.byte	64
 881 0354 9D       		.byte	-99
 882 0355 A0       		.byte	-96
 883 0356 9F       		.byte	-97
 884 0357 01       		.byte	1
 885 0358 A2       		.byte	-94
 886 0359 10       		.byte	16
 887 035a A4       		.byte	-92
 888 035b 04       		.byte	4
 889 035c A5       		.byte	-91
 890 035d 08       		.byte	8
 891 035e A6       		.byte	-90
 892 035f 01       		.byte	1
 893 0360 C0       		.byte	-64
 894 0361 FF       		.byte	-1
 895 0362 C2       		.byte	-62
 896 0363 FF       		.byte	-1
 897 0364 C4       		.byte	-60
 898 0365 E6       		.byte	-26
 899 0366 CA       		.byte	-54
 900 0367 FF       		.byte	-1
 901 0368 CC       		.byte	-52
 902 0369 7E       		.byte	126
 903 036a CE       		.byte	-50
 904 036b 4A       		.byte	74
 905 036c E4       		.byte	-28
 906 036d 02       		.byte	2
 907 036e 31       		.byte	49
 908 036f 48       		.byte	72
 909 0370 36       		.byte	54
 910 0371 40       		.byte	64
 911 0372 37       		.byte	55
 912 0373 04       		.byte	4
ARM GAS  C:\Users\rbhar\AppData\Local\Temp\ccv8QF0J.s 			page 17


 913 0374 CC       		.byte	-52
 914 0375 F0       		.byte	-16
 915 0376 05       		.byte	5
 916 0377 40       		.byte	64
 917 0378 0B       		.byte	11
 918 0379 20       		.byte	32
 919 037a 0D       		.byte	13
 920 037b 08       		.byte	8
 921 037c 9D       		.byte	-99
 922 037d 40       		.byte	64
 923 037e 9F       		.byte	-97
 924 037f 04       		.byte	4
 925 0380 A5       		.byte	-91
 926 0381 08       		.byte	8
 927 0382 A6       		.byte	-90
 928 0383 40       		.byte	64
 929 0384 C0       		.byte	-64
 930 0385 80       		.byte	-128
 931 0386 C2       		.byte	-62
 932 0387 30       		.byte	48
 933 0388 9F       		.byte	-97
 934 0389 04       		.byte	4
 935 038a AE       		.byte	-82
 936 038b 40       		.byte	64
 937 038c AF       		.byte	-81
 938 038d 10       		.byte	16
 939 038e 9F       		.byte	-97
 940 038f 04       		.byte	4
 941 0390 9F       		.byte	-97
 942 0391 04       		.byte	4
 943 0392 03       		.byte	3
 944 0393 04       		.byte	4
 945 0394 9F       		.byte	-97
 946 0395 04       		.byte	4
 947 0396 C0       		.byte	-64
 948 0397 40       		.byte	64
 949 0398 11       		.byte	17
 950 0399 01       		.byte	1
 951 039a 74       		.byte	116
 952 039b 04       		.byte	4
 953 039c 84       		.byte	-124
 954 039d 04       		.byte	4
 955 039e 89       		.byte	-119
 956 039f 01       		.byte	1
 957 03a0 C4       		.byte	-60
 958 03a1 08       		.byte	8
 959 03a2 DE       		.byte	-34
 960 03a3 04       		.byte	4
 961 03a4 E6       		.byte	-26
 962 03a5 01       		.byte	1
 963 03a6 00       		.byte	0
 964 03a7 01       		.byte	1
 965 03a8 0C       		.byte	12
 966 03a9 01       		.byte	1
 967 03aa 10       		.byte	16
 968 03ab 01       		.byte	1
 969 03ac 1C       		.byte	28
ARM GAS  C:\Users\rbhar\AppData\Local\Temp\ccv8QF0J.s 			page 18


 970 03ad 01       		.byte	1
 971 03ae 00       		.byte	0
 972 03af FF       		.byte	-1
 973 03b0 80       		.byte	-128
 974 03b1 80       		.byte	-128
 975 03b2 00       		.byte	0
 976 03b3 00       		.byte	0
 977 03b4 40       		.byte	64
 978 03b5 00       		.byte	0
 979 03b6 00       		.byte	0
 980 03b7 00       		.byte	0
 981 03b8 38       		.byte	56
 982 03b9 C0       		.byte	-64
 983 03ba C0       		.byte	-64
 984 03bb 00       		.byte	0
 985 03bc 00       		.byte	0
 986 03bd 00       		.byte	0
 987 03be 00       		.byte	0
 988 03bf 00       		.byte	0
 989 03c0 80       		.byte	-128
 990 03c1 00       		.byte	0
 991 03c2 40       		.byte	64
 992 03c3 80       		.byte	-128
 993 03c4 80       		.byte	-128
 994 03c5 00       		.byte	0
 995 03c6 80       		.byte	-128
 996 03c7 00       		.byte	0
 997 03c8 00       		.byte	0
 998 03c9 00       		.byte	0
 999 03ca 00       		.byte	0
 1000 03cb 00       		.byte	0
 1001 03cc 00       		.byte	0
 1002 03cd FF       		.byte	-1
 1003 03ce FF       		.byte	-1
 1004 03cf 00       		.byte	0
 1005 03d0 00       		.byte	0
 1006 03d1 00       		.byte	0
 1007 03d2 00       		.byte	0
 1008 03d3 00       		.byte	0
 1009 03d4 00       		.byte	0
 1010 03d5 01       		.byte	1
 1011 03d6 01       		.byte	1
 1012 03d7 00       		.byte	0
 1013 03d8 00       		.byte	0
 1014 03d9 00       		.byte	0
 1015 03da 00       		.byte	0
 1016 03db 00       		.byte	0
 1017 03dc 04       		.byte	4
 1018 03dd 20       		.byte	32
 1019 03de 20       		.byte	32
 1020 03df 00       		.byte	0
 1021 03e0 00       		.byte	0
 1022 03e1 00       		.byte	0
 1023 03e2 00       		.byte	0
 1024 03e3 00       		.byte	0
 1025              		.section	.cywolatch,"a",%progbits
 1026              		.align	2
ARM GAS  C:\Users\rbhar\AppData\Local\Temp\ccv8QF0J.s 			page 19


 1027              		.type	cy_meta_wonvl, %object
 1028              		.size	cy_meta_wonvl, 4
 1029              	cy_meta_wonvl:
 1030 0000 BC       		.byte	-68
 1031 0001 90       		.byte	-112
 1032 0002 AC       		.byte	-84
 1033 0003 AF       		.byte	-81
 1034              		.section	.cycustnvl,"a",%progbits
 1035              		.align	2
 1036              		.type	cy_meta_custnvl, %object
 1037              		.size	cy_meta_custnvl, 4
 1038              	cy_meta_custnvl:
 1039 0000 00       		.byte	0
 1040 0001 00       		.byte	0
 1041 0002 40       		.byte	64
 1042 0003 07       		.byte	7
 1043              		.section	.cymeta,"a",%progbits
 1044              		.align	2
 1045              		.type	cy_metadata, %object
 1046              		.size	cy_metadata, 12
 1047              	cy_metadata:
 1048 0000 00       		.byte	0
 1049 0001 01       		.byte	1
 1050 0002 2E       		.byte	46
 1051 0003 16       		.byte	22
 1052 0004 10       		.byte	16
 1053 0005 69       		.byte	105
 1054 0006 00       		.byte	0
 1055 0007 01       		.byte	1
 1056 0008 00       		.byte	0
 1057 0009 00       		.byte	0
 1058 000a 00       		.byte	0
 1059 000b 00       		.byte	0
 1060              		.section	.cyflashprotect,"a",%progbits
 1061              		.align	2
 1062              		.type	cy_meta_flashprotect, %object
 1063              		.size	cy_meta_flashprotect, 256
 1064              	cy_meta_flashprotect:
 1065 0000 00000000 		.space	256
 1065      00000000 
 1065      00000000 
 1065      00000000 
 1065      00000000 
 1066              		.text
 1067              	.Letext0:
 1068              		.file 1 "c:\\program files (x86)\\cypress\\psoc creator\\4.2\\psoc creator\\import\\gnu\\arm\\5.4.
 1069              		.file 2 "c:\\program files (x86)\\cypress\\psoc creator\\4.2\\psoc creator\\import\\gnu\\arm\\5.4.
 1070              		.file 3 "Generated_Source\\PSoC5\\cymetadata.c"
 1071              		.section	.debug_info,"",%progbits
 1072              	.Ldebug_info0:
 1073 0000 31010000 		.4byte	0x131
 1074 0004 0400     		.2byte	0x4
 1075 0006 00000000 		.4byte	.Ldebug_abbrev0
 1076 000a 04       		.byte	0x4
 1077 000b 01       		.uleb128 0x1
 1078 000c 24000000 		.4byte	.LASF17
 1079 0010 0C       		.byte	0xc
ARM GAS  C:\Users\rbhar\AppData\Local\Temp\ccv8QF0J.s 			page 20


 1080 0011 D5010000 		.4byte	.LASF18
 1081 0015 25010000 		.4byte	.LASF19
 1082 0019 00000000 		.4byte	.Ldebug_line0
 1083 001d 02       		.uleb128 0x2
 1084 001e 01       		.byte	0x1
 1085 001f 06       		.byte	0x6
 1086 0020 C9010000 		.4byte	.LASF0
 1087 0024 03       		.uleb128 0x3
 1088 0025 00000000 		.4byte	.LASF9
 1089 0029 01       		.byte	0x1
 1090 002a 1D       		.byte	0x1d
 1091 002b 2F000000 		.4byte	0x2f
 1092 002f 02       		.uleb128 0x2
 1093 0030 01       		.byte	0x1
 1094 0031 08       		.byte	0x8
 1095 0032 16000000 		.4byte	.LASF1
 1096 0036 02       		.uleb128 0x2
 1097 0037 02       		.byte	0x2
 1098 0038 05       		.byte	0x5
 1099 0039 B6010000 		.4byte	.LASF2
 1100 003d 02       		.uleb128 0x2
 1101 003e 02       		.byte	0x2
 1102 003f 07       		.byte	0x7
 1103 0040 C4000000 		.4byte	.LASF3
 1104 0044 02       		.uleb128 0x2
 1105 0045 04       		.byte	0x4
 1106 0046 05       		.byte	0x5
 1107 0047 C0010000 		.4byte	.LASF4
 1108 004b 02       		.uleb128 0x2
 1109 004c 04       		.byte	0x4
 1110 004d 07       		.byte	0x7
 1111 004e B2000000 		.4byte	.LASF5
 1112 0052 02       		.uleb128 0x2
 1113 0053 08       		.byte	0x8
 1114 0054 05       		.byte	0x5
 1115 0055 A8010000 		.4byte	.LASF6
 1116 0059 02       		.uleb128 0x2
 1117 005a 08       		.byte	0x8
 1118 005b 07       		.byte	0x7
 1119 005c 06010000 		.4byte	.LASF7
 1120 0060 04       		.uleb128 0x4
 1121 0061 04       		.byte	0x4
 1122 0062 05       		.byte	0x5
 1123 0063 696E7400 		.ascii	"int\000"
 1124 0067 02       		.uleb128 0x2
 1125 0068 04       		.byte	0x4
 1126 0069 07       		.byte	0x7
 1127 006a F9000000 		.4byte	.LASF8
 1128 006e 03       		.uleb128 0x3
 1129 006f 1D010000 		.4byte	.LASF10
 1130 0073 02       		.byte	0x2
 1131 0074 18       		.byte	0x18
 1132 0075 24000000 		.4byte	0x24
 1133 0079 05       		.uleb128 0x5
 1134 007a 91000000 		.4byte	0x91
 1135 007e 8A000000 		.4byte	0x8a
 1136 0082 06       		.uleb128 0x6
ARM GAS  C:\Users\rbhar\AppData\Local\Temp\ccv8QF0J.s 			page 21


 1137 0083 8A000000 		.4byte	0x8a
 1138 0087 E303     		.2byte	0x3e3
 1139 0089 00       		.byte	0
 1140 008a 02       		.uleb128 0x2
 1141 008b 04       		.byte	0x4
 1142 008c 07       		.byte	0x7
 1143 008d 9F010000 		.4byte	.LASF11
 1144 0091 07       		.uleb128 0x7
 1145 0092 6E000000 		.4byte	0x6e
 1146 0096 08       		.uleb128 0x8
 1147 0097 E7000000 		.4byte	.LASF12
 1148 009b 03       		.byte	0x3
 1149 009c 1F       		.byte	0x1f
 1150 009d A7000000 		.4byte	0xa7
 1151 00a1 05       		.uleb128 0x5
 1152 00a2 03       		.byte	0x3
 1153 00a3 00000000 		.4byte	cy_meta_configecc
 1154 00a7 07       		.uleb128 0x7
 1155 00a8 79000000 		.4byte	0x79
 1156 00ac 05       		.uleb128 0x5
 1157 00ad 91000000 		.4byte	0x91
 1158 00b1 BC000000 		.4byte	0xbc
 1159 00b5 09       		.uleb128 0x9
 1160 00b6 8A000000 		.4byte	0x8a
 1161 00ba 03       		.byte	0x3
 1162 00bb 00       		.byte	0
 1163 00bc 08       		.uleb128 0x8
 1164 00bd D7000000 		.4byte	.LASF13
 1165 00c1 03       		.byte	0x3
 1166 00c2 A9       		.byte	0xa9
 1167 00c3 CD000000 		.4byte	0xcd
 1168 00c7 05       		.uleb128 0x5
 1169 00c8 03       		.byte	0x3
 1170 00c9 00000000 		.4byte	cy_meta_custnvl
 1171 00cd 07       		.uleb128 0x7
 1172 00ce AC000000 		.4byte	0xac
 1173 00d2 08       		.uleb128 0x8
 1174 00d3 91010000 		.4byte	.LASF14
 1175 00d7 03       		.byte	0x3
 1176 00d8 B7       		.byte	0xb7
 1177 00d9 E3000000 		.4byte	0xe3
 1178 00dd 05       		.uleb128 0x5
 1179 00de 03       		.byte	0x3
 1180 00df 00000000 		.4byte	cy_meta_wonvl
 1181 00e3 07       		.uleb128 0x7
 1182 00e4 AC000000 		.4byte	0xac
 1183 00e8 05       		.uleb128 0x5
 1184 00e9 91000000 		.4byte	0x91
 1185 00ed F8000000 		.4byte	0xf8
 1186 00f1 09       		.uleb128 0x9
 1187 00f2 8A000000 		.4byte	0x8a
 1188 00f6 FF       		.byte	0xff
 1189 00f7 00       		.byte	0
 1190 00f8 08       		.uleb128 0x8
 1191 00f9 7C010000 		.4byte	.LASF15
 1192 00fd 03       		.byte	0x3
 1193 00fe C5       		.byte	0xc5
ARM GAS  C:\Users\rbhar\AppData\Local\Temp\ccv8QF0J.s 			page 22


 1194 00ff 09010000 		.4byte	0x109
 1195 0103 05       		.uleb128 0x5
 1196 0104 03       		.byte	0x3
 1197 0105 00000000 		.4byte	cy_meta_flashprotect
 1198 0109 07       		.uleb128 0x7
 1199 010a E8000000 		.4byte	0xe8
 1200 010e 05       		.uleb128 0x5
 1201 010f 91000000 		.4byte	0x91
 1202 0113 1E010000 		.4byte	0x11e
 1203 0117 09       		.uleb128 0x9
 1204 0118 8A000000 		.4byte	0x8a
 1205 011c 0B       		.byte	0xb
 1206 011d 00       		.byte	0
 1207 011e 08       		.uleb128 0x8
 1208 011f 0A000000 		.4byte	.LASF16
 1209 0123 03       		.byte	0x3
 1210 0124 F2       		.byte	0xf2
 1211 0125 2F010000 		.4byte	0x12f
 1212 0129 05       		.uleb128 0x5
 1213 012a 03       		.byte	0x3
 1214 012b 00000000 		.4byte	cy_metadata
 1215 012f 07       		.uleb128 0x7
 1216 0130 0E010000 		.4byte	0x10e
 1217 0134 00       		.byte	0
 1218              		.section	.debug_abbrev,"",%progbits
 1219              	.Ldebug_abbrev0:
 1220 0000 01       		.uleb128 0x1
 1221 0001 11       		.uleb128 0x11
 1222 0002 01       		.byte	0x1
 1223 0003 25       		.uleb128 0x25
 1224 0004 0E       		.uleb128 0xe
 1225 0005 13       		.uleb128 0x13
 1226 0006 0B       		.uleb128 0xb
 1227 0007 03       		.uleb128 0x3
 1228 0008 0E       		.uleb128 0xe
 1229 0009 1B       		.uleb128 0x1b
 1230 000a 0E       		.uleb128 0xe
 1231 000b 10       		.uleb128 0x10
 1232 000c 17       		.uleb128 0x17
 1233 000d 00       		.byte	0
 1234 000e 00       		.byte	0
 1235 000f 02       		.uleb128 0x2
 1236 0010 24       		.uleb128 0x24
 1237 0011 00       		.byte	0
 1238 0012 0B       		.uleb128 0xb
 1239 0013 0B       		.uleb128 0xb
 1240 0014 3E       		.uleb128 0x3e
 1241 0015 0B       		.uleb128 0xb
 1242 0016 03       		.uleb128 0x3
 1243 0017 0E       		.uleb128 0xe
 1244 0018 00       		.byte	0
 1245 0019 00       		.byte	0
 1246 001a 03       		.uleb128 0x3
 1247 001b 16       		.uleb128 0x16
 1248 001c 00       		.byte	0
 1249 001d 03       		.uleb128 0x3
 1250 001e 0E       		.uleb128 0xe
ARM GAS  C:\Users\rbhar\AppData\Local\Temp\ccv8QF0J.s 			page 23


 1251 001f 3A       		.uleb128 0x3a
 1252 0020 0B       		.uleb128 0xb
 1253 0021 3B       		.uleb128 0x3b
 1254 0022 0B       		.uleb128 0xb
 1255 0023 49       		.uleb128 0x49
 1256 0024 13       		.uleb128 0x13
 1257 0025 00       		.byte	0
 1258 0026 00       		.byte	0
 1259 0027 04       		.uleb128 0x4
 1260 0028 24       		.uleb128 0x24
 1261 0029 00       		.byte	0
 1262 002a 0B       		.uleb128 0xb
 1263 002b 0B       		.uleb128 0xb
 1264 002c 3E       		.uleb128 0x3e
 1265 002d 0B       		.uleb128 0xb
 1266 002e 03       		.uleb128 0x3
 1267 002f 08       		.uleb128 0x8
 1268 0030 00       		.byte	0
 1269 0031 00       		.byte	0
 1270 0032 05       		.uleb128 0x5
 1271 0033 01       		.uleb128 0x1
 1272 0034 01       		.byte	0x1
 1273 0035 49       		.uleb128 0x49
 1274 0036 13       		.uleb128 0x13
 1275 0037 01       		.uleb128 0x1
 1276 0038 13       		.uleb128 0x13
 1277 0039 00       		.byte	0
 1278 003a 00       		.byte	0
 1279 003b 06       		.uleb128 0x6
 1280 003c 21       		.uleb128 0x21
 1281 003d 00       		.byte	0
 1282 003e 49       		.uleb128 0x49
 1283 003f 13       		.uleb128 0x13
 1284 0040 2F       		.uleb128 0x2f
 1285 0041 05       		.uleb128 0x5
 1286 0042 00       		.byte	0
 1287 0043 00       		.byte	0
 1288 0044 07       		.uleb128 0x7
 1289 0045 26       		.uleb128 0x26
 1290 0046 00       		.byte	0
 1291 0047 49       		.uleb128 0x49
 1292 0048 13       		.uleb128 0x13
 1293 0049 00       		.byte	0
 1294 004a 00       		.byte	0
 1295 004b 08       		.uleb128 0x8
 1296 004c 34       		.uleb128 0x34
 1297 004d 00       		.byte	0
 1298 004e 03       		.uleb128 0x3
 1299 004f 0E       		.uleb128 0xe
 1300 0050 3A       		.uleb128 0x3a
 1301 0051 0B       		.uleb128 0xb
 1302 0052 3B       		.uleb128 0x3b
 1303 0053 0B       		.uleb128 0xb
 1304 0054 49       		.uleb128 0x49
 1305 0055 13       		.uleb128 0x13
 1306 0056 3F       		.uleb128 0x3f
 1307 0057 19       		.uleb128 0x19
ARM GAS  C:\Users\rbhar\AppData\Local\Temp\ccv8QF0J.s 			page 24


 1308 0058 02       		.uleb128 0x2
 1309 0059 18       		.uleb128 0x18
 1310 005a 00       		.byte	0
 1311 005b 00       		.byte	0
 1312 005c 09       		.uleb128 0x9
 1313 005d 21       		.uleb128 0x21
 1314 005e 00       		.byte	0
 1315 005f 49       		.uleb128 0x49
 1316 0060 13       		.uleb128 0x13
 1317 0061 2F       		.uleb128 0x2f
 1318 0062 0B       		.uleb128 0xb
 1319 0063 00       		.byte	0
 1320 0064 00       		.byte	0
 1321 0065 00       		.byte	0
 1322              		.section	.debug_aranges,"",%progbits
 1323 0000 14000000 		.4byte	0x14
 1324 0004 0200     		.2byte	0x2
 1325 0006 00000000 		.4byte	.Ldebug_info0
 1326 000a 04       		.byte	0x4
 1327 000b 00       		.byte	0
 1328 000c 0000     		.2byte	0
 1329 000e 0000     		.2byte	0
 1330 0010 00000000 		.4byte	0
 1331 0014 00000000 		.4byte	0
 1332              		.section	.debug_line,"",%progbits
 1333              	.Ldebug_line0:
 1334 0000 3D010000 		.section	.debug_str,"MS",%progbits,1
 1334      02003701 
 1334      00000201 
 1334      FB0E0D00 
 1334      01010101 
 1335              	.LASF9:
 1336 0000 5F5F7569 		.ascii	"__uint8_t\000"
 1336      6E74385F 
 1336      7400
 1337              	.LASF16:
 1338 000a 63795F6D 		.ascii	"cy_metadata\000"
 1338      65746164 
 1338      61746100 
 1339              	.LASF1:
 1340 0016 756E7369 		.ascii	"unsigned char\000"
 1340      676E6564 
 1340      20636861 
 1340      7200
 1341              	.LASF17:
 1342 0024 474E5520 		.ascii	"GNU C11 5.4.1 20160609 (release) [ARM/embedded-5-br"
 1342      43313120 
 1342      352E342E 
 1342      31203230 
 1342      31363036 
 1343 0057 616E6368 		.ascii	"anch revision 237715] -mcpu=cortex-m3 -mthumb -g -O"
 1343      20726576 
 1343      6973696F 
 1343      6E203233 
 1343      37373135 
 1344 008a 67202D66 		.ascii	"g -ffunction-sections -ffat-lto-objects\000"
 1344      66756E63 
ARM GAS  C:\Users\rbhar\AppData\Local\Temp\ccv8QF0J.s 			page 25


 1344      74696F6E 
 1344      2D736563 
 1344      74696F6E 
 1345              	.LASF5:
 1346 00b2 6C6F6E67 		.ascii	"long unsigned int\000"
 1346      20756E73 
 1346      69676E65 
 1346      6420696E 
 1346      7400
 1347              	.LASF3:
 1348 00c4 73686F72 		.ascii	"short unsigned int\000"
 1348      7420756E 
 1348      7369676E 
 1348      65642069 
 1348      6E7400
 1349              	.LASF13:
 1350 00d7 63795F6D 		.ascii	"cy_meta_custnvl\000"
 1350      6574615F 
 1350      63757374 
 1350      6E766C00 
 1351              	.LASF12:
 1352 00e7 63795F6D 		.ascii	"cy_meta_configecc\000"
 1352      6574615F 
 1352      636F6E66 
 1352      69676563 
 1352      6300
 1353              	.LASF8:
 1354 00f9 756E7369 		.ascii	"unsigned int\000"
 1354      676E6564 
 1354      20696E74 
 1354      00
 1355              	.LASF7:
 1356 0106 6C6F6E67 		.ascii	"long long unsigned int\000"
 1356      206C6F6E 
 1356      6720756E 
 1356      7369676E 
 1356      65642069 
 1357              	.LASF10:
 1358 011d 75696E74 		.ascii	"uint8_t\000"
 1358      385F7400 
 1359              	.LASF19:
 1360 0125 443A5C48 		.ascii	"D:\\HDA\\Pre-Semester\\2_Microcontroller\\LabWorksp"
 1360      44415C50 
 1360      72652D53 
 1360      656D6573 
 1360      7465725C 
 1361 0154 6163655C 		.ascii	"ace\\LabMicrocontroller\\day2_seven.cydsn\000"
 1361      4C61624D 
 1361      6963726F 
 1361      636F6E74 
 1361      726F6C6C 
 1362              	.LASF15:
 1363 017c 63795F6D 		.ascii	"cy_meta_flashprotect\000"
 1363      6574615F 
 1363      666C6173 
 1363      6870726F 
 1363      74656374 
ARM GAS  C:\Users\rbhar\AppData\Local\Temp\ccv8QF0J.s 			page 26


 1364              	.LASF14:
 1365 0191 63795F6D 		.ascii	"cy_meta_wonvl\000"
 1365      6574615F 
 1365      776F6E76 
 1365      6C00
 1366              	.LASF11:
 1367 019f 73697A65 		.ascii	"sizetype\000"
 1367      74797065 
 1367      00
 1368              	.LASF6:
 1369 01a8 6C6F6E67 		.ascii	"long long int\000"
 1369      206C6F6E 
 1369      6720696E 
 1369      7400
 1370              	.LASF2:
 1371 01b6 73686F72 		.ascii	"short int\000"
 1371      7420696E 
 1371      7400
 1372              	.LASF4:
 1373 01c0 6C6F6E67 		.ascii	"long int\000"
 1373      20696E74 
 1373      00
 1374              	.LASF0:
 1375 01c9 7369676E 		.ascii	"signed char\000"
 1375      65642063 
 1375      68617200 
 1376              	.LASF18:
 1377 01d5 47656E65 		.ascii	"Generated_Source\\PSoC5\\cymetadata.c\000"
 1377      72617465 
 1377      645F536F 
 1377      75726365 
 1377      5C50536F 
 1378              		.ident	"GCC: (GNU Tools for ARM Embedded Processors) 5.4.1 20160609 (release) [ARM/embedded-5-bran
