ARM GAS  C:\Users\rbhar\AppData\Local\Temp\cchQ2fuJ.s 			page 1


   1              		.syntax unified
   2              		.cpu cortex-m3
   3              		.fpu softvfp
   4              		.eabi_attribute 20, 1
   5              		.eabi_attribute 21, 1
   6              		.eabi_attribute 23, 3
   7              		.eabi_attribute 24, 1
   8              		.eabi_attribute 25, 1
   9              		.eabi_attribute 26, 1
  10              		.eabi_attribute 30, 1
  11              		.eabi_attribute 34, 1
  12              		.eabi_attribute 18, 4
  13              		.thumb
  14              		.syntax unified
  15              		.file	"ISR_Handler.c"
  16              		.text
  17              	.Ltext0:
  18              		.cfi_sections	.debug_frame
  19              		.section	.text.ISR_Button1_Callback,"ax",%progbits
  20              		.align	2
  21              		.global	ISR_Button1_Callback
  22              		.thumb
  23              		.thumb_func
  24              		.type	ISR_Button1_Callback, %function
  25              	ISR_Button1_Callback:
  26              	.LFB0:
  27              		.file 1 "source\\bsw\\ISR_Handler.c"
   1:source\bsw/ISR_Handler.c **** /**
   2:source\bsw/ISR_Handler.c **** * \file <ISR_Handler.c>
   3:source\bsw/ISR_Handler.c **** * \author <Bharath Ramachandraiah>
   4:source\bsw/ISR_Handler.c **** * \date <25/09/2018>
   5:source\bsw/ISR_Handler.c **** *
   6:source\bsw/ISR_Handler.c **** * \brief <Symbolic File name>
   7:source\bsw/ISR_Handler.c **** *
   8:source\bsw/ISR_Handler.c **** * \copyright Copyright ©2016
   9:source\bsw/ISR_Handler.c **** * Department of electrical engineering and information technology, Hochschule Darmstadt - Universit
  10:source\bsw/ISR_Handler.c **** * Permission to use, copy, modify, and distribute this software and its documentation for education
  11:source\bsw/ISR_Handler.c **** * (unless permitted by h_da) and official h_da projects, is hereby granted for enrolled students of
  12:source\bsw/ISR_Handler.c **** * this paragraph and the following paragraph appear in all copies, modifications, and distributions
  13:source\bsw/ISR_Handler.c **** * Contact Prof.Dr.-Ing. Peter Fromm, peter.fromm@h-da.de, Birkenweg 8 64295 Darmstadt - GERMANY for
  14:source\bsw/ISR_Handler.c **** *
  15:source\bsw/ISR_Handler.c **** * \warning This software is a PROTOTYPE version and is not designed or intended for use in producti
  16:source\bsw/ISR_Handler.c **** * The user represents and warrants that it will NOT use or redistribute the Software for such purpo
  17:source\bsw/ISR_Handler.c **** * This prototype is for research purposes only. This software is provided "AS IS," without a warran
  18:source\bsw/ISR_Handler.c **** */
  19:source\bsw/ISR_Handler.c **** 
  20:source\bsw/ISR_Handler.c **** /*****************************************************************************/
  21:source\bsw/ISR_Handler.c **** /* Include files                                                             */
  22:source\bsw/ISR_Handler.c **** /*****************************************************************************/
  23:source\bsw/ISR_Handler.c **** #include "ISR_Handler.h"
  24:source\bsw/ISR_Handler.c **** /*****************************************************************************/
  25:source\bsw/ISR_Handler.c **** /* Local pre-processor symbols/macros ('#define')                            */
  26:source\bsw/ISR_Handler.c **** /*****************************************************************************/
  27:source\bsw/ISR_Handler.c **** 
  28:source\bsw/ISR_Handler.c **** /*****************************************************************************/
  29:source\bsw/ISR_Handler.c **** /* Global variable definitions (declared in header file with 'extern')       */
  30:source\bsw/ISR_Handler.c **** /*****************************************************************************/
ARM GAS  C:\Users\rbhar\AppData\Local\Temp\cchQ2fuJ.s 			page 2


  31:source\bsw/ISR_Handler.c **** 
  32:source\bsw/ISR_Handler.c **** /*****************************************************************************/
  33:source\bsw/ISR_Handler.c **** /* Local type definitions ('typedef')                                        */
  34:source\bsw/ISR_Handler.c **** /*****************************************************************************/
  35:source\bsw/ISR_Handler.c **** 
  36:source\bsw/ISR_Handler.c **** /*****************************************************************************/
  37:source\bsw/ISR_Handler.c **** /* Local variable definitions ('static')                                     */
  38:source\bsw/ISR_Handler.c **** /*****************************************************************************/
  39:source\bsw/ISR_Handler.c **** 
  40:source\bsw/ISR_Handler.c **** 
  41:source\bsw/ISR_Handler.c **** 
  42:source\bsw/ISR_Handler.c **** /*****************************************************************************/
  43:source\bsw/ISR_Handler.c **** /* Local function prototypes ('static')                                      */
  44:source\bsw/ISR_Handler.c **** /*****************************************************************************/
  45:source\bsw/ISR_Handler.c **** 
  46:source\bsw/ISR_Handler.c **** 
  47:source\bsw/ISR_Handler.c **** /*****************************************************************************/
  48:source\bsw/ISR_Handler.c **** /* Function implementation - global ('extern') and local ('static')          */
  49:source\bsw/ISR_Handler.c **** /*****************************************************************************/
  50:source\bsw/ISR_Handler.c **** 
  51:source\bsw/ISR_Handler.c **** /**
  52:source\bsw/ISR_Handler.c ****  * This is a callback function for Button 1 press. The process of the ISR is
  53:source\bsw/ISR_Handler.c ****  * done here.
  54:source\bsw/ISR_Handler.c ****  * @param void
  55:source\bsw/ISR_Handler.c ****  * @return void
  56:source\bsw/ISR_Handler.c ****  */
  57:source\bsw/ISR_Handler.c **** void ISR_Button1_Callback(void)
  58:source\bsw/ISR_Handler.c **** {
  28              		.loc 1 58 0
  29              		.cfi_startproc
  30              		@ args = 0, pretend = 0, frame = 0
  31              		@ frame_needed = 0, uses_anonymous_args = 0
  32              		@ link register save eliminated.
  33 0000 7047     		bx	lr
  34              		.cfi_endproc
  35              	.LFE0:
  36              		.size	ISR_Button1_Callback, .-ISR_Button1_Callback
  37 0002 00BF     		.section	.text.ISR_Button2_Callback,"ax",%progbits
  38              		.align	2
  39              		.global	ISR_Button2_Callback
  40              		.thumb
  41              		.thumb_func
  42              		.type	ISR_Button2_Callback, %function
  43              	ISR_Button2_Callback:
  44              	.LFB1:
  59:source\bsw/ISR_Handler.c ****     return;
  60:source\bsw/ISR_Handler.c **** }
  61:source\bsw/ISR_Handler.c **** 
  62:source\bsw/ISR_Handler.c **** /**
  63:source\bsw/ISR_Handler.c ****  * This is a callback function for Button 2 press. The process of the ISR is
  64:source\bsw/ISR_Handler.c ****  * done here.
  65:source\bsw/ISR_Handler.c ****  * @param void
  66:source\bsw/ISR_Handler.c ****  * @return void
  67:source\bsw/ISR_Handler.c ****  */
  68:source\bsw/ISR_Handler.c **** void ISR_Button2_Callback(void)
  69:source\bsw/ISR_Handler.c **** {
  45              		.loc 1 69 0
ARM GAS  C:\Users\rbhar\AppData\Local\Temp\cchQ2fuJ.s 			page 3


  46              		.cfi_startproc
  47              		@ args = 0, pretend = 0, frame = 0
  48              		@ frame_needed = 0, uses_anonymous_args = 0
  49              		@ link register save eliminated.
  50 0000 7047     		bx	lr
  51              		.cfi_endproc
  52              	.LFE1:
  53              		.size	ISR_Button2_Callback, .-ISR_Button2_Callback
  54 0002 00BF     		.section	.text.ISR_Button3_Callback,"ax",%progbits
  55              		.align	2
  56              		.global	ISR_Button3_Callback
  57              		.thumb
  58              		.thumb_func
  59              		.type	ISR_Button3_Callback, %function
  60              	ISR_Button3_Callback:
  61              	.LFB2:
  70:source\bsw/ISR_Handler.c ****     return;
  71:source\bsw/ISR_Handler.c **** }
  72:source\bsw/ISR_Handler.c **** 
  73:source\bsw/ISR_Handler.c **** /**
  74:source\bsw/ISR_Handler.c ****  * This is a callback function for Button 3 press. The process of the ISR is
  75:source\bsw/ISR_Handler.c ****  * done here.
  76:source\bsw/ISR_Handler.c ****  * @param void
  77:source\bsw/ISR_Handler.c ****  * @return void
  78:source\bsw/ISR_Handler.c ****  */
  79:source\bsw/ISR_Handler.c **** void ISR_Button3_Callback(void)
  80:source\bsw/ISR_Handler.c **** {
  62              		.loc 1 80 0
  63              		.cfi_startproc
  64              		@ args = 0, pretend = 0, frame = 0
  65              		@ frame_needed = 0, uses_anonymous_args = 0
  66              		@ link register save eliminated.
  67 0000 7047     		bx	lr
  68              		.cfi_endproc
  69              	.LFE2:
  70              		.size	ISR_Button3_Callback, .-ISR_Button3_Callback
  71 0002 00BF     		.section	.text.ISR_Button4_Callback,"ax",%progbits
  72              		.align	2
  73              		.global	ISR_Button4_Callback
  74              		.thumb
  75              		.thumb_func
  76              		.type	ISR_Button4_Callback, %function
  77              	ISR_Button4_Callback:
  78              	.LFB3:
  81:source\bsw/ISR_Handler.c ****     return;
  82:source\bsw/ISR_Handler.c **** }
  83:source\bsw/ISR_Handler.c **** 
  84:source\bsw/ISR_Handler.c **** /**
  85:source\bsw/ISR_Handler.c ****  * This is a callback function for Button 4 press. The process of the ISR is
  86:source\bsw/ISR_Handler.c ****  * done here.
  87:source\bsw/ISR_Handler.c ****  * @param void
  88:source\bsw/ISR_Handler.c ****  * @return void
  89:source\bsw/ISR_Handler.c ****  */
  90:source\bsw/ISR_Handler.c **** void ISR_Button4_Callback(void)
  91:source\bsw/ISR_Handler.c **** {
  79              		.loc 1 91 0
  80              		.cfi_startproc
ARM GAS  C:\Users\rbhar\AppData\Local\Temp\cchQ2fuJ.s 			page 4


  81              		@ args = 0, pretend = 0, frame = 0
  82              		@ frame_needed = 0, uses_anonymous_args = 0
  83              		@ link register save eliminated.
  84 0000 7047     		bx	lr
  85              		.cfi_endproc
  86              	.LFE3:
  87              		.size	ISR_Button4_Callback, .-ISR_Button4_Callback
  88 0002 00BF     		.text
  89              	.Letext0:
  90              		.section	.debug_info,"",%progbits
  91              	.Ldebug_info0:
  92 0000 66000000 		.4byte	0x66
  93 0004 0400     		.2byte	0x4
  94 0006 00000000 		.4byte	.Ldebug_abbrev0
  95 000a 04       		.byte	0x4
  96 000b 01       		.uleb128 0x1
  97 000c 43000000 		.4byte	.LASF4
  98 0010 0C       		.byte	0xc
  99 0011 00000000 		.4byte	.LASF5
 100 0015 E6000000 		.4byte	.LASF6
 101 0019 00000000 		.4byte	.Ldebug_ranges0+0
 102 001d 00000000 		.4byte	0
 103 0021 00000000 		.4byte	.Ldebug_line0
 104 0025 02       		.uleb128 0x2
 105 0026 D1000000 		.4byte	.LASF0
 106 002a 01       		.byte	0x1
 107 002b 39       		.byte	0x39
 108 002c 00000000 		.4byte	.LFB0
 109 0030 02000000 		.4byte	.LFE0-.LFB0
 110 0034 01       		.uleb128 0x1
 111 0035 9C       		.byte	0x9c
 112 0036 02       		.uleb128 0x2
 113 0037 3D010000 		.4byte	.LASF1
 114 003b 01       		.byte	0x1
 115 003c 44       		.byte	0x44
 116 003d 00000000 		.4byte	.LFB1
 117 0041 02000000 		.4byte	.LFE1-.LFB1
 118 0045 01       		.uleb128 0x1
 119 0046 9C       		.byte	0x9c
 120 0047 02       		.uleb128 0x2
 121 0048 2E000000 		.4byte	.LASF2
 122 004c 01       		.byte	0x1
 123 004d 4F       		.byte	0x4f
 124 004e 00000000 		.4byte	.LFB2
 125 0052 02000000 		.4byte	.LFE2-.LFB2
 126 0056 01       		.uleb128 0x1
 127 0057 9C       		.byte	0x9c
 128 0058 02       		.uleb128 0x2
 129 0059 19000000 		.4byte	.LASF3
 130 005d 01       		.byte	0x1
 131 005e 5A       		.byte	0x5a
 132 005f 00000000 		.4byte	.LFB3
 133 0063 02000000 		.4byte	.LFE3-.LFB3
 134 0067 01       		.uleb128 0x1
 135 0068 9C       		.byte	0x9c
 136 0069 00       		.byte	0
 137              		.section	.debug_abbrev,"",%progbits
ARM GAS  C:\Users\rbhar\AppData\Local\Temp\cchQ2fuJ.s 			page 5


 138              	.Ldebug_abbrev0:
 139 0000 01       		.uleb128 0x1
 140 0001 11       		.uleb128 0x11
 141 0002 01       		.byte	0x1
 142 0003 25       		.uleb128 0x25
 143 0004 0E       		.uleb128 0xe
 144 0005 13       		.uleb128 0x13
 145 0006 0B       		.uleb128 0xb
 146 0007 03       		.uleb128 0x3
 147 0008 0E       		.uleb128 0xe
 148 0009 1B       		.uleb128 0x1b
 149 000a 0E       		.uleb128 0xe
 150 000b 55       		.uleb128 0x55
 151 000c 17       		.uleb128 0x17
 152 000d 11       		.uleb128 0x11
 153 000e 01       		.uleb128 0x1
 154 000f 10       		.uleb128 0x10
 155 0010 17       		.uleb128 0x17
 156 0011 00       		.byte	0
 157 0012 00       		.byte	0
 158 0013 02       		.uleb128 0x2
 159 0014 2E       		.uleb128 0x2e
 160 0015 00       		.byte	0
 161 0016 3F       		.uleb128 0x3f
 162 0017 19       		.uleb128 0x19
 163 0018 03       		.uleb128 0x3
 164 0019 0E       		.uleb128 0xe
 165 001a 3A       		.uleb128 0x3a
 166 001b 0B       		.uleb128 0xb
 167 001c 3B       		.uleb128 0x3b
 168 001d 0B       		.uleb128 0xb
 169 001e 27       		.uleb128 0x27
 170 001f 19       		.uleb128 0x19
 171 0020 11       		.uleb128 0x11
 172 0021 01       		.uleb128 0x1
 173 0022 12       		.uleb128 0x12
 174 0023 06       		.uleb128 0x6
 175 0024 40       		.uleb128 0x40
 176 0025 18       		.uleb128 0x18
 177 0026 9742     		.uleb128 0x2117
 178 0028 19       		.uleb128 0x19
 179 0029 00       		.byte	0
 180 002a 00       		.byte	0
 181 002b 00       		.byte	0
 182              		.section	.debug_aranges,"",%progbits
 183 0000 34000000 		.4byte	0x34
 184 0004 0200     		.2byte	0x2
 185 0006 00000000 		.4byte	.Ldebug_info0
 186 000a 04       		.byte	0x4
 187 000b 00       		.byte	0
 188 000c 0000     		.2byte	0
 189 000e 0000     		.2byte	0
 190 0010 00000000 		.4byte	.LFB0
 191 0014 02000000 		.4byte	.LFE0-.LFB0
 192 0018 00000000 		.4byte	.LFB1
 193 001c 02000000 		.4byte	.LFE1-.LFB1
 194 0020 00000000 		.4byte	.LFB2
ARM GAS  C:\Users\rbhar\AppData\Local\Temp\cchQ2fuJ.s 			page 6


 195 0024 02000000 		.4byte	.LFE2-.LFB2
 196 0028 00000000 		.4byte	.LFB3
 197 002c 02000000 		.4byte	.LFE3-.LFB3
 198 0030 00000000 		.4byte	0
 199 0034 00000000 		.4byte	0
 200              		.section	.debug_ranges,"",%progbits
 201              	.Ldebug_ranges0:
 202 0000 00000000 		.4byte	.LFB0
 203 0004 02000000 		.4byte	.LFE0
 204 0008 00000000 		.4byte	.LFB1
 205 000c 02000000 		.4byte	.LFE1
 206 0010 00000000 		.4byte	.LFB2
 207 0014 02000000 		.4byte	.LFE2
 208 0018 00000000 		.4byte	.LFB3
 209 001c 02000000 		.4byte	.LFE3
 210 0020 00000000 		.4byte	0
 211 0024 00000000 		.4byte	0
 212              		.section	.debug_line,"",%progbits
 213              	.Ldebug_line0:
 214 0000 74000000 		.section	.debug_str,"MS",%progbits,1
 214      02002F00 
 214      00000201 
 214      FB0E0D00 
 214      01010101 
 215              	.LASF5:
 216 0000 736F7572 		.ascii	"source\\bsw\\ISR_Handler.c\000"
 216      63655C62 
 216      73775C49 
 216      53525F48 
 216      616E646C 
 217              	.LASF3:
 218 0019 4953525F 		.ascii	"ISR_Button4_Callback\000"
 218      42757474 
 218      6F6E345F 
 218      43616C6C 
 218      6261636B 
 219              	.LASF2:
 220 002e 4953525F 		.ascii	"ISR_Button3_Callback\000"
 220      42757474 
 220      6F6E335F 
 220      43616C6C 
 220      6261636B 
 221              	.LASF4:
 222 0043 474E5520 		.ascii	"GNU C11 5.4.1 20160609 (release) [ARM/embedded-5-br"
 222      43313120 
 222      352E342E 
 222      31203230 
 222      31363036 
 223 0076 616E6368 		.ascii	"anch revision 237715] -mcpu=cortex-m3 -mthumb -g -O"
 223      20726576 
 223      6973696F 
 223      6E203233 
 223      37373135 
 224 00a9 67202D66 		.ascii	"g -ffunction-sections -ffat-lto-objects\000"
 224      66756E63 
 224      74696F6E 
 224      2D736563 
ARM GAS  C:\Users\rbhar\AppData\Local\Temp\cchQ2fuJ.s 			page 7


 224      74696F6E 
 225              	.LASF0:
 226 00d1 4953525F 		.ascii	"ISR_Button1_Callback\000"
 226      42757474 
 226      6F6E315F 
 226      43616C6C 
 226      6261636B 
 227              	.LASF6:
 228 00e6 443A5C48 		.ascii	"D:\\HDA\\Pre-Semester\\2_Microcontroller\\LabWorksp"
 228      44415C50 
 228      72652D53 
 228      656D6573 
 228      7465725C 
 229 0115 6163655C 		.ascii	"ace\\LabMicrocontroller\\day2_seven.cydsn\000"
 229      4C61624D 
 229      6963726F 
 229      636F6E74 
 229      726F6C6C 
 230              	.LASF1:
 231 013d 4953525F 		.ascii	"ISR_Button2_Callback\000"
 231      42757474 
 231      6F6E325F 
 231      43616C6C 
 231      6261636B 
 232              		.ident	"GCC: (GNU Tools for ARM Embedded Processors) 5.4.1 20160609 (release) [ARM/embedded-5-bran
