ARM GAS  C:\Users\rbhar\AppData\Local\Temp\cc5br3Vr.s 			page 1


   1              		.syntax unified
   2              		.cpu cortex-m3
   3              		.fpu softvfp
   4              		.eabi_attribute 20, 1
   5              		.eabi_attribute 21, 1
   6              		.eabi_attribute 23, 3
   7              		.eabi_attribute 24, 1
   8              		.eabi_attribute 25, 1
   9              		.eabi_attribute 26, 1
  10              		.eabi_attribute 30, 1
  11              		.eabi_attribute 34, 1
  12              		.eabi_attribute 18, 4
  13              		.thumb
  14              		.syntax unified
  15              		.file	"led.c"
  16              		.text
  17              	.Ltext0:
  18              		.cfi_sections	.debug_frame
  19              		.section	.text.LEDStateChange,"ax",%progbits
  20              		.align	2
  21              		.global	LEDStateChange
  22              		.thumb
  23              		.thumb_func
  24              		.type	LEDStateChange, %function
  25              	LEDStateChange:
  26              	.LFB63:
  27              		.file 1 "source\\bsw\\led.c"
   1:source\bsw/led.c **** /**
   2:source\bsw/led.c **** * \file <led.c>
   3:source\bsw/led.c **** * \author <Bharath Ramachandraiah>
   4:source\bsw/led.c **** * \date <25/09/2018>
   5:source\bsw/led.c **** *
   6:source\bsw/led.c **** * \brief <Symbolic File name>
   7:source\bsw/led.c **** *
   8:source\bsw/led.c **** * \copyright Copyright ©2016
   9:source\bsw/led.c **** * Department of electrical engineering and information technology, Hochschule Darmstadt - Universit
  10:source\bsw/led.c **** * Permission to use, copy, modify, and distribute this software and its documentation for education
  11:source\bsw/led.c **** * (unless permitted by h_da) and official h_da projects, is hereby granted for enrolled students of
  12:source\bsw/led.c **** * this paragraph and the following paragraph appear in all copies, modifications, and distributions
  13:source\bsw/led.c **** * Contact Prof.Dr.-Ing. Peter Fromm, peter.fromm@h-da.de, Birkenweg 8 64295 Darmstadt - GERMANY for
  14:source\bsw/led.c **** *
  15:source\bsw/led.c **** * \warning This software is a PROTOTYPE version and is not designed or intended for use in producti
  16:source\bsw/led.c **** * The user represents and warrants that it will NOT use or redistribute the Software for such purpo
  17:source\bsw/led.c **** * This prototype is for research purposes only. This software is provided "AS IS," without a warran
  18:source\bsw/led.c **** */
  19:source\bsw/led.c **** 
  20:source\bsw/led.c **** /*****************************************************************************/
  21:source\bsw/led.c **** /* Include files                                                             */
  22:source\bsw/led.c **** /*****************************************************************************/
  23:source\bsw/led.c **** #include "global.h"
  24:source\bsw/led.c **** #include "Pin_LedRed.h"
  25:source\bsw/led.c **** #include "Pin_LedGreen.h"
  26:source\bsw/led.c **** #include "Pin_LedYellow.h"
  27:source\bsw/led.c **** #include "led.h"
  28:source\bsw/led.c **** 
  29:source\bsw/led.c **** /*****************************************************************************/
  30:source\bsw/led.c **** /* Local pre-processor symbols/macros ('#define')                            */
ARM GAS  C:\Users\rbhar\AppData\Local\Temp\cc5br3Vr.s 			page 2


  31:source\bsw/led.c **** /*****************************************************************************/
  32:source\bsw/led.c **** 
  33:source\bsw/led.c **** /*****************************************************************************/
  34:source\bsw/led.c **** /* Global variable definitions (declared in header file with 'extern')       */
  35:source\bsw/led.c **** /*****************************************************************************/
  36:source\bsw/led.c **** 
  37:source\bsw/led.c **** /*****************************************************************************/
  38:source\bsw/led.c **** /* Local type definitions ('typedef')                                        */
  39:source\bsw/led.c **** /*****************************************************************************/
  40:source\bsw/led.c **** 
  41:source\bsw/led.c **** /*****************************************************************************/
  42:source\bsw/led.c **** /* Local variable definitions ('static')                                     */
  43:source\bsw/led.c **** /*****************************************************************************/
  44:source\bsw/led.c **** 
  45:source\bsw/led.c **** 
  46:source\bsw/led.c **** 
  47:source\bsw/led.c **** /*****************************************************************************/
  48:source\bsw/led.c **** /* Local function prototypes ('static')                                      */
  49:source\bsw/led.c **** /*****************************************************************************/
  50:source\bsw/led.c **** 
  51:source\bsw/led.c **** 
  52:source\bsw/led.c **** /*****************************************************************************/
  53:source\bsw/led.c **** /* Function implementation - global ('extern') and local ('static')          */
  54:source\bsw/led.c **** /*****************************************************************************/
  55:source\bsw/led.c **** 
  56:source\bsw/led.c **** /**
  57:source\bsw/led.c ****  * A Generic function which changes the state of an led between ON and OFF.
  58:source\bsw/led.c ****  * @param eLEDTypes_t Pin       : IN Led Type (Red, Yellow, Green or all)
  59:source\bsw/led.c ****  * @param int Value             : IN ON or OFF
  60:source\bsw/led.c ****  * @return the changed state of the requested LED/s.
  61:source\bsw/led.c ****  */
  62:source\bsw/led.c **** void LEDStateChange(eLEDTypes_t Pin, uint8 Value)
  63:source\bsw/led.c **** {
  28              		.loc 1 63 0
  29              		.cfi_startproc
  30              		@ args = 0, pretend = 0, frame = 0
  31              		@ frame_needed = 0, uses_anonymous_args = 0
  32              	.LVL0:
  33 0000 10B5     		push	{r4, lr}
  34              		.cfi_def_cfa_offset 8
  35              		.cfi_offset 4, -8
  36              		.cfi_offset 14, -4
  64:source\bsw/led.c ****     /* If the Value is non-zero turn ON else OFF*/
  65:source\bsw/led.c ****     Value = Value ? 1 : 0;
  37              		.loc 1 65 0
  38 0002 0C1C     		adds	r4, r1, #0
  39 0004 18BF     		it	ne
  40 0006 0124     		movne	r4, #1
  41              	.LVL1:
  66:source\bsw/led.c ****     
  67:source\bsw/led.c ****     switch (Pin)
  42              		.loc 1 67 0
  43 0008 0328     		cmp	r0, #3
  44 000a 18D8     		bhi	.L1
  45 000c DFE800F0 		tbb	[pc, r0]
  46              	.L4:
  47 0010 02       		.byte	(.L3-.L4)/2
ARM GAS  C:\Users\rbhar\AppData\Local\Temp\cc5br3Vr.s 			page 3


  48 0011 06       		.byte	(.L5-.L4)/2
  49 0012 0A       		.byte	(.L6-.L4)/2
  50 0013 0E       		.byte	(.L7-.L4)/2
  51              		.p2align 1
  52              	.L3:
  68:source\bsw/led.c ****     {
  69:source\bsw/led.c ****         case LED_RED:
  70:source\bsw/led.c ****             Pin_LedRed_Write(Value);
  53              		.loc 1 70 0
  54 0014 2046     		mov	r0, r4
  55              	.LVL2:
  56 0016 FFF7FEFF 		bl	Pin_LedRed_Write
  57              	.LVL3:
  71:source\bsw/led.c ****         break;
  58              		.loc 1 71 0
  59 001a 10BD     		pop	{r4, pc}
  60              	.LVL4:
  61              	.L5:
  72:source\bsw/led.c ****         
  73:source\bsw/led.c ****         case LED_GREEN:
  74:source\bsw/led.c ****             Pin_LedGreen_Write(Value);
  62              		.loc 1 74 0
  63 001c 2046     		mov	r0, r4
  64              	.LVL5:
  65 001e FFF7FEFF 		bl	Pin_LedGreen_Write
  66              	.LVL6:
  75:source\bsw/led.c ****         break;
  67              		.loc 1 75 0
  68 0022 10BD     		pop	{r4, pc}
  69              	.LVL7:
  70              	.L6:
  76:source\bsw/led.c ****         
  77:source\bsw/led.c ****         case LED_YELLOW:
  78:source\bsw/led.c ****             Pin_LedYellow_Write(Value);
  71              		.loc 1 78 0
  72 0024 2046     		mov	r0, r4
  73              	.LVL8:
  74 0026 FFF7FEFF 		bl	Pin_LedYellow_Write
  75              	.LVL9:
  79:source\bsw/led.c ****         break;
  76              		.loc 1 79 0
  77 002a 10BD     		pop	{r4, pc}
  78              	.LVL10:
  79              	.L7:
  80:source\bsw/led.c ****         
  81:source\bsw/led.c ****         case LED_ALL:
  82:source\bsw/led.c ****             Pin_LedRed_Write(Value);
  80              		.loc 1 82 0
  81 002c 2046     		mov	r0, r4
  82              	.LVL11:
  83 002e FFF7FEFF 		bl	Pin_LedRed_Write
  84              	.LVL12:
  83:source\bsw/led.c ****             Pin_LedGreen_Write(Value);
  85              		.loc 1 83 0
  86 0032 2046     		mov	r0, r4
  87 0034 FFF7FEFF 		bl	Pin_LedGreen_Write
  88              	.LVL13:
ARM GAS  C:\Users\rbhar\AppData\Local\Temp\cc5br3Vr.s 			page 4


  84:source\bsw/led.c ****             Pin_LedYellow_Write(Value);
  89              		.loc 1 84 0
  90 0038 2046     		mov	r0, r4
  91 003a FFF7FEFF 		bl	Pin_LedYellow_Write
  92              	.LVL14:
  93              	.L1:
  94 003e 10BD     		pop	{r4, pc}
  95              		.cfi_endproc
  96              	.LFE63:
  97              		.size	LEDStateChange, .-LEDStateChange
  98              		.text
  99              	.Letext0:
 100              		.file 2 "c:\\program files (x86)\\cypress\\psoc creator\\4.2\\psoc creator\\import\\gnu\\arm\\5.4.
 101              		.file 3 "c:\\program files (x86)\\cypress\\psoc creator\\4.2\\psoc creator\\import\\gnu\\arm\\5.4.
 102              		.file 4 "Generated_Source\\PSoC5/cytypes.h"
 103              		.file 5 "source\\bsw\\led.h"
 104              		.file 6 "Generated_Source\\PSoC5/Pin_LedRed.h"
 105              		.file 7 "Generated_Source\\PSoC5/Pin_LedGreen.h"
 106              		.file 8 "Generated_Source\\PSoC5/Pin_LedYellow.h"
 107              		.file 9 "Generated_Source\\PSoC5/core_cm3.h"
 108              		.section	.debug_info,"",%progbits
 109              	.Ldebug_info0:
 110 0000 BB010000 		.4byte	0x1bb
 111 0004 0400     		.2byte	0x4
 112 0006 00000000 		.4byte	.Ldebug_abbrev0
 113 000a 04       		.byte	0x4
 114 000b 01       		.uleb128 0x1
 115 000c 3A000000 		.4byte	.LASF26
 116 0010 0C       		.byte	0xc
 117 0011 E1010000 		.4byte	.LASF27
 118 0015 55010000 		.4byte	.LASF28
 119 0019 00000000 		.4byte	.Ldebug_ranges0+0
 120 001d 00000000 		.4byte	0
 121 0021 00000000 		.4byte	.Ldebug_line0
 122 0025 02       		.uleb128 0x2
 123 0026 01       		.byte	0x1
 124 0027 06       		.byte	0x6
 125 0028 3A020000 		.4byte	.LASF0
 126 002c 02       		.uleb128 0x2
 127 002d 01       		.byte	0x1
 128 002e 08       		.byte	0x8
 129 002f 2C000000 		.4byte	.LASF1
 130 0033 02       		.uleb128 0x2
 131 0034 02       		.byte	0x2
 132 0035 05       		.byte	0x5
 133 0036 27010000 		.4byte	.LASF2
 134 003a 02       		.uleb128 0x2
 135 003b 02       		.byte	0x2
 136 003c 07       		.byte	0x7
 137 003d DC000000 		.4byte	.LASF3
 138 0041 03       		.uleb128 0x3
 139 0042 15000000 		.4byte	.LASF9
 140 0046 02       		.byte	0x2
 141 0047 3F       		.byte	0x3f
 142 0048 4C000000 		.4byte	0x4c
 143 004c 02       		.uleb128 0x2
 144 004d 04       		.byte	0x4
ARM GAS  C:\Users\rbhar\AppData\Local\Temp\cc5br3Vr.s 			page 5


 145 004e 05       		.byte	0x5
 146 004f 0C020000 		.4byte	.LASF4
 147 0053 02       		.uleb128 0x2
 148 0054 04       		.byte	0x4
 149 0055 07       		.byte	0x7
 150 0056 15010000 		.4byte	.LASF5
 151 005a 02       		.uleb128 0x2
 152 005b 08       		.byte	0x8
 153 005c 05       		.byte	0x5
 154 005d CE010000 		.4byte	.LASF6
 155 0061 02       		.uleb128 0x2
 156 0062 08       		.byte	0x8
 157 0063 07       		.byte	0x7
 158 0064 3E010000 		.4byte	.LASF7
 159 0068 04       		.uleb128 0x4
 160 0069 04       		.byte	0x4
 161 006a 05       		.byte	0x5
 162 006b 696E7400 		.ascii	"int\000"
 163 006f 02       		.uleb128 0x2
 164 0070 04       		.byte	0x4
 165 0071 07       		.byte	0x7
 166 0072 31010000 		.4byte	.LASF8
 167 0076 03       		.uleb128 0x3
 168 0077 AC010000 		.4byte	.LASF10
 169 007b 03       		.byte	0x3
 170 007c 2C       		.byte	0x2c
 171 007d 41000000 		.4byte	0x41
 172 0081 05       		.uleb128 0x5
 173 0082 FA010000 		.4byte	.LASF11
 174 0086 04       		.byte	0x4
 175 0087 E401     		.2byte	0x1e4
 176 0089 2C000000 		.4byte	0x2c
 177 008d 02       		.uleb128 0x2
 178 008e 04       		.byte	0x4
 179 008f 04       		.byte	0x4
 180 0090 26000000 		.4byte	.LASF12
 181 0094 02       		.uleb128 0x2
 182 0095 08       		.byte	0x8
 183 0096 04       		.byte	0x4
 184 0097 1F000000 		.4byte	.LASF13
 185 009b 02       		.uleb128 0x2
 186 009c 01       		.byte	0x1
 187 009d 08       		.byte	0x8
 188 009e DC010000 		.4byte	.LASF14
 189 00a2 02       		.uleb128 0x2
 190 00a3 08       		.byte	0x8
 191 00a4 04       		.byte	0x4
 192 00a5 24020000 		.4byte	.LASF15
 193 00a9 02       		.uleb128 0x2
 194 00aa 04       		.byte	0x4
 195 00ab 07       		.byte	0x7
 196 00ac B4010000 		.4byte	.LASF16
 197 00b0 06       		.uleb128 0x6
 198 00b1 00000000 		.4byte	.LASF29
 199 00b5 01       		.byte	0x1
 200 00b6 2C000000 		.4byte	0x2c
 201 00ba 05       		.byte	0x5
ARM GAS  C:\Users\rbhar\AppData\Local\Temp\cc5br3Vr.s 			page 6


 202 00bb 56       		.byte	0x56
 203 00bc D9000000 		.4byte	0xd9
 204 00c0 07       		.uleb128 0x7
 205 00c1 46020000 		.4byte	.LASF17
 206 00c5 00       		.byte	0
 207 00c6 07       		.uleb128 0x7
 208 00c7 30020000 		.4byte	.LASF18
 209 00cb 01       		.byte	0x1
 210 00cc 07       		.uleb128 0x7
 211 00cd 0A000000 		.4byte	.LASF19
 212 00d1 02       		.byte	0x2
 213 00d2 07       		.uleb128 0x7
 214 00d3 F2010000 		.4byte	.LASF20
 215 00d7 03       		.byte	0x3
 216 00d8 00       		.byte	0
 217 00d9 03       		.uleb128 0x3
 218 00da 00020000 		.4byte	.LASF21
 219 00de 05       		.byte	0x5
 220 00df 5D       		.byte	0x5d
 221 00e0 B0000000 		.4byte	0xb0
 222 00e4 08       		.uleb128 0x8
 223 00e5 15020000 		.4byte	.LASF30
 224 00e9 01       		.byte	0x1
 225 00ea 3E       		.byte	0x3e
 226 00eb 00000000 		.4byte	.LFB63
 227 00ef 40000000 		.4byte	.LFE63-.LFB63
 228 00f3 01       		.uleb128 0x1
 229 00f4 9C       		.byte	0x9c
 230 00f5 8C010000 		.4byte	0x18c
 231 00f9 09       		.uleb128 0x9
 232 00fa 50696E00 		.ascii	"Pin\000"
 233 00fe 01       		.byte	0x1
 234 00ff 3E       		.byte	0x3e
 235 0100 D9000000 		.4byte	0xd9
 236 0104 00000000 		.4byte	.LLST0
 237 0108 0A       		.uleb128 0xa
 238 0109 0F010000 		.4byte	.LASF22
 239 010d 01       		.byte	0x1
 240 010e 3E       		.byte	0x3e
 241 010f 81000000 		.4byte	0x81
 242 0113 6C000000 		.4byte	.LLST1
 243 0117 0B       		.uleb128 0xb
 244 0118 1A000000 		.4byte	.LVL3
 245 011c 9D010000 		.4byte	0x19d
 246 0120 2B010000 		.4byte	0x12b
 247 0124 0C       		.uleb128 0xc
 248 0125 01       		.uleb128 0x1
 249 0126 50       		.byte	0x50
 250 0127 02       		.uleb128 0x2
 251 0128 74       		.byte	0x74
 252 0129 00       		.sleb128 0
 253 012a 00       		.byte	0
 254 012b 0B       		.uleb128 0xb
 255 012c 22000000 		.4byte	.LVL6
 256 0130 A8010000 		.4byte	0x1a8
 257 0134 3F010000 		.4byte	0x13f
 258 0138 0C       		.uleb128 0xc
ARM GAS  C:\Users\rbhar\AppData\Local\Temp\cc5br3Vr.s 			page 7


 259 0139 01       		.uleb128 0x1
 260 013a 50       		.byte	0x50
 261 013b 02       		.uleb128 0x2
 262 013c 74       		.byte	0x74
 263 013d 00       		.sleb128 0
 264 013e 00       		.byte	0
 265 013f 0B       		.uleb128 0xb
 266 0140 2A000000 		.4byte	.LVL9
 267 0144 B3010000 		.4byte	0x1b3
 268 0148 53010000 		.4byte	0x153
 269 014c 0C       		.uleb128 0xc
 270 014d 01       		.uleb128 0x1
 271 014e 50       		.byte	0x50
 272 014f 02       		.uleb128 0x2
 273 0150 74       		.byte	0x74
 274 0151 00       		.sleb128 0
 275 0152 00       		.byte	0
 276 0153 0B       		.uleb128 0xb
 277 0154 32000000 		.4byte	.LVL12
 278 0158 9D010000 		.4byte	0x19d
 279 015c 67010000 		.4byte	0x167
 280 0160 0C       		.uleb128 0xc
 281 0161 01       		.uleb128 0x1
 282 0162 50       		.byte	0x50
 283 0163 02       		.uleb128 0x2
 284 0164 74       		.byte	0x74
 285 0165 00       		.sleb128 0
 286 0166 00       		.byte	0
 287 0167 0B       		.uleb128 0xb
 288 0168 38000000 		.4byte	.LVL13
 289 016c A8010000 		.4byte	0x1a8
 290 0170 7B010000 		.4byte	0x17b
 291 0174 0C       		.uleb128 0xc
 292 0175 01       		.uleb128 0x1
 293 0176 50       		.byte	0x50
 294 0177 02       		.uleb128 0x2
 295 0178 74       		.byte	0x74
 296 0179 00       		.sleb128 0
 297 017a 00       		.byte	0
 298 017b 0D       		.uleb128 0xd
 299 017c 3E000000 		.4byte	.LVL14
 300 0180 B3010000 		.4byte	0x1b3
 301 0184 0C       		.uleb128 0xc
 302 0185 01       		.uleb128 0x1
 303 0186 50       		.byte	0x50
 304 0187 02       		.uleb128 0x2
 305 0188 74       		.byte	0x74
 306 0189 00       		.sleb128 0
 307 018a 00       		.byte	0
 308 018b 00       		.byte	0
 309 018c 0E       		.uleb128 0xe
 310 018d 02010000 		.4byte	.LASF31
 311 0191 09       		.byte	0x9
 312 0192 1207     		.2byte	0x712
 313 0194 98010000 		.4byte	0x198
 314 0198 0F       		.uleb128 0xf
 315 0199 76000000 		.4byte	0x76
ARM GAS  C:\Users\rbhar\AppData\Local\Temp\cc5br3Vr.s 			page 8


 316 019d 10       		.uleb128 0x10
 317 019e BD010000 		.4byte	.LASF23
 318 01a2 BD010000 		.4byte	.LASF23
 319 01a6 06       		.byte	0x6
 320 01a7 26       		.byte	0x26
 321 01a8 10       		.uleb128 0x10
 322 01a9 EF000000 		.4byte	.LASF24
 323 01ad EF000000 		.4byte	.LASF24
 324 01b1 07       		.byte	0x7
 325 01b2 26       		.byte	0x26
 326 01b3 10       		.uleb128 0x10
 327 01b4 C8000000 		.4byte	.LASF25
 328 01b8 C8000000 		.4byte	.LASF25
 329 01bc 08       		.byte	0x8
 330 01bd 26       		.byte	0x26
 331 01be 00       		.byte	0
 332              		.section	.debug_abbrev,"",%progbits
 333              	.Ldebug_abbrev0:
 334 0000 01       		.uleb128 0x1
 335 0001 11       		.uleb128 0x11
 336 0002 01       		.byte	0x1
 337 0003 25       		.uleb128 0x25
 338 0004 0E       		.uleb128 0xe
 339 0005 13       		.uleb128 0x13
 340 0006 0B       		.uleb128 0xb
 341 0007 03       		.uleb128 0x3
 342 0008 0E       		.uleb128 0xe
 343 0009 1B       		.uleb128 0x1b
 344 000a 0E       		.uleb128 0xe
 345 000b 55       		.uleb128 0x55
 346 000c 17       		.uleb128 0x17
 347 000d 11       		.uleb128 0x11
 348 000e 01       		.uleb128 0x1
 349 000f 10       		.uleb128 0x10
 350 0010 17       		.uleb128 0x17
 351 0011 00       		.byte	0
 352 0012 00       		.byte	0
 353 0013 02       		.uleb128 0x2
 354 0014 24       		.uleb128 0x24
 355 0015 00       		.byte	0
 356 0016 0B       		.uleb128 0xb
 357 0017 0B       		.uleb128 0xb
 358 0018 3E       		.uleb128 0x3e
 359 0019 0B       		.uleb128 0xb
 360 001a 03       		.uleb128 0x3
 361 001b 0E       		.uleb128 0xe
 362 001c 00       		.byte	0
 363 001d 00       		.byte	0
 364 001e 03       		.uleb128 0x3
 365 001f 16       		.uleb128 0x16
 366 0020 00       		.byte	0
 367 0021 03       		.uleb128 0x3
 368 0022 0E       		.uleb128 0xe
 369 0023 3A       		.uleb128 0x3a
 370 0024 0B       		.uleb128 0xb
 371 0025 3B       		.uleb128 0x3b
 372 0026 0B       		.uleb128 0xb
ARM GAS  C:\Users\rbhar\AppData\Local\Temp\cc5br3Vr.s 			page 9


 373 0027 49       		.uleb128 0x49
 374 0028 13       		.uleb128 0x13
 375 0029 00       		.byte	0
 376 002a 00       		.byte	0
 377 002b 04       		.uleb128 0x4
 378 002c 24       		.uleb128 0x24
 379 002d 00       		.byte	0
 380 002e 0B       		.uleb128 0xb
 381 002f 0B       		.uleb128 0xb
 382 0030 3E       		.uleb128 0x3e
 383 0031 0B       		.uleb128 0xb
 384 0032 03       		.uleb128 0x3
 385 0033 08       		.uleb128 0x8
 386 0034 00       		.byte	0
 387 0035 00       		.byte	0
 388 0036 05       		.uleb128 0x5
 389 0037 16       		.uleb128 0x16
 390 0038 00       		.byte	0
 391 0039 03       		.uleb128 0x3
 392 003a 0E       		.uleb128 0xe
 393 003b 3A       		.uleb128 0x3a
 394 003c 0B       		.uleb128 0xb
 395 003d 3B       		.uleb128 0x3b
 396 003e 05       		.uleb128 0x5
 397 003f 49       		.uleb128 0x49
 398 0040 13       		.uleb128 0x13
 399 0041 00       		.byte	0
 400 0042 00       		.byte	0
 401 0043 06       		.uleb128 0x6
 402 0044 04       		.uleb128 0x4
 403 0045 01       		.byte	0x1
 404 0046 03       		.uleb128 0x3
 405 0047 0E       		.uleb128 0xe
 406 0048 0B       		.uleb128 0xb
 407 0049 0B       		.uleb128 0xb
 408 004a 49       		.uleb128 0x49
 409 004b 13       		.uleb128 0x13
 410 004c 3A       		.uleb128 0x3a
 411 004d 0B       		.uleb128 0xb
 412 004e 3B       		.uleb128 0x3b
 413 004f 0B       		.uleb128 0xb
 414 0050 01       		.uleb128 0x1
 415 0051 13       		.uleb128 0x13
 416 0052 00       		.byte	0
 417 0053 00       		.byte	0
 418 0054 07       		.uleb128 0x7
 419 0055 28       		.uleb128 0x28
 420 0056 00       		.byte	0
 421 0057 03       		.uleb128 0x3
 422 0058 0E       		.uleb128 0xe
 423 0059 1C       		.uleb128 0x1c
 424 005a 0B       		.uleb128 0xb
 425 005b 00       		.byte	0
 426 005c 00       		.byte	0
 427 005d 08       		.uleb128 0x8
 428 005e 2E       		.uleb128 0x2e
 429 005f 01       		.byte	0x1
ARM GAS  C:\Users\rbhar\AppData\Local\Temp\cc5br3Vr.s 			page 10


 430 0060 3F       		.uleb128 0x3f
 431 0061 19       		.uleb128 0x19
 432 0062 03       		.uleb128 0x3
 433 0063 0E       		.uleb128 0xe
 434 0064 3A       		.uleb128 0x3a
 435 0065 0B       		.uleb128 0xb
 436 0066 3B       		.uleb128 0x3b
 437 0067 0B       		.uleb128 0xb
 438 0068 27       		.uleb128 0x27
 439 0069 19       		.uleb128 0x19
 440 006a 11       		.uleb128 0x11
 441 006b 01       		.uleb128 0x1
 442 006c 12       		.uleb128 0x12
 443 006d 06       		.uleb128 0x6
 444 006e 40       		.uleb128 0x40
 445 006f 18       		.uleb128 0x18
 446 0070 9742     		.uleb128 0x2117
 447 0072 19       		.uleb128 0x19
 448 0073 01       		.uleb128 0x1
 449 0074 13       		.uleb128 0x13
 450 0075 00       		.byte	0
 451 0076 00       		.byte	0
 452 0077 09       		.uleb128 0x9
 453 0078 05       		.uleb128 0x5
 454 0079 00       		.byte	0
 455 007a 03       		.uleb128 0x3
 456 007b 08       		.uleb128 0x8
 457 007c 3A       		.uleb128 0x3a
 458 007d 0B       		.uleb128 0xb
 459 007e 3B       		.uleb128 0x3b
 460 007f 0B       		.uleb128 0xb
 461 0080 49       		.uleb128 0x49
 462 0081 13       		.uleb128 0x13
 463 0082 02       		.uleb128 0x2
 464 0083 17       		.uleb128 0x17
 465 0084 00       		.byte	0
 466 0085 00       		.byte	0
 467 0086 0A       		.uleb128 0xa
 468 0087 05       		.uleb128 0x5
 469 0088 00       		.byte	0
 470 0089 03       		.uleb128 0x3
 471 008a 0E       		.uleb128 0xe
 472 008b 3A       		.uleb128 0x3a
 473 008c 0B       		.uleb128 0xb
 474 008d 3B       		.uleb128 0x3b
 475 008e 0B       		.uleb128 0xb
 476 008f 49       		.uleb128 0x49
 477 0090 13       		.uleb128 0x13
 478 0091 02       		.uleb128 0x2
 479 0092 17       		.uleb128 0x17
 480 0093 00       		.byte	0
 481 0094 00       		.byte	0
 482 0095 0B       		.uleb128 0xb
 483 0096 898201   		.uleb128 0x4109
 484 0099 01       		.byte	0x1
 485 009a 11       		.uleb128 0x11
 486 009b 01       		.uleb128 0x1
ARM GAS  C:\Users\rbhar\AppData\Local\Temp\cc5br3Vr.s 			page 11


 487 009c 31       		.uleb128 0x31
 488 009d 13       		.uleb128 0x13
 489 009e 01       		.uleb128 0x1
 490 009f 13       		.uleb128 0x13
 491 00a0 00       		.byte	0
 492 00a1 00       		.byte	0
 493 00a2 0C       		.uleb128 0xc
 494 00a3 8A8201   		.uleb128 0x410a
 495 00a6 00       		.byte	0
 496 00a7 02       		.uleb128 0x2
 497 00a8 18       		.uleb128 0x18
 498 00a9 9142     		.uleb128 0x2111
 499 00ab 18       		.uleb128 0x18
 500 00ac 00       		.byte	0
 501 00ad 00       		.byte	0
 502 00ae 0D       		.uleb128 0xd
 503 00af 898201   		.uleb128 0x4109
 504 00b2 01       		.byte	0x1
 505 00b3 11       		.uleb128 0x11
 506 00b4 01       		.uleb128 0x1
 507 00b5 31       		.uleb128 0x31
 508 00b6 13       		.uleb128 0x13
 509 00b7 00       		.byte	0
 510 00b8 00       		.byte	0
 511 00b9 0E       		.uleb128 0xe
 512 00ba 34       		.uleb128 0x34
 513 00bb 00       		.byte	0
 514 00bc 03       		.uleb128 0x3
 515 00bd 0E       		.uleb128 0xe
 516 00be 3A       		.uleb128 0x3a
 517 00bf 0B       		.uleb128 0xb
 518 00c0 3B       		.uleb128 0x3b
 519 00c1 05       		.uleb128 0x5
 520 00c2 49       		.uleb128 0x49
 521 00c3 13       		.uleb128 0x13
 522 00c4 3F       		.uleb128 0x3f
 523 00c5 19       		.uleb128 0x19
 524 00c6 3C       		.uleb128 0x3c
 525 00c7 19       		.uleb128 0x19
 526 00c8 00       		.byte	0
 527 00c9 00       		.byte	0
 528 00ca 0F       		.uleb128 0xf
 529 00cb 35       		.uleb128 0x35
 530 00cc 00       		.byte	0
 531 00cd 49       		.uleb128 0x49
 532 00ce 13       		.uleb128 0x13
 533 00cf 00       		.byte	0
 534 00d0 00       		.byte	0
 535 00d1 10       		.uleb128 0x10
 536 00d2 2E       		.uleb128 0x2e
 537 00d3 00       		.byte	0
 538 00d4 3F       		.uleb128 0x3f
 539 00d5 19       		.uleb128 0x19
 540 00d6 3C       		.uleb128 0x3c
 541 00d7 19       		.uleb128 0x19
 542 00d8 6E       		.uleb128 0x6e
 543 00d9 0E       		.uleb128 0xe
ARM GAS  C:\Users\rbhar\AppData\Local\Temp\cc5br3Vr.s 			page 12


 544 00da 03       		.uleb128 0x3
 545 00db 0E       		.uleb128 0xe
 546 00dc 3A       		.uleb128 0x3a
 547 00dd 0B       		.uleb128 0xb
 548 00de 3B       		.uleb128 0x3b
 549 00df 0B       		.uleb128 0xb
 550 00e0 00       		.byte	0
 551 00e1 00       		.byte	0
 552 00e2 00       		.byte	0
 553              		.section	.debug_loc,"",%progbits
 554              	.Ldebug_loc0:
 555              	.LLST0:
 556 0000 00000000 		.4byte	.LVL0
 557 0004 16000000 		.4byte	.LVL2
 558 0008 0100     		.2byte	0x1
 559 000a 50       		.byte	0x50
 560 000b 16000000 		.4byte	.LVL2
 561 000f 1C000000 		.4byte	.LVL4
 562 0013 0400     		.2byte	0x4
 563 0015 F3       		.byte	0xf3
 564 0016 01       		.uleb128 0x1
 565 0017 50       		.byte	0x50
 566 0018 9F       		.byte	0x9f
 567 0019 1C000000 		.4byte	.LVL4
 568 001d 1E000000 		.4byte	.LVL5
 569 0021 0100     		.2byte	0x1
 570 0023 50       		.byte	0x50
 571 0024 1E000000 		.4byte	.LVL5
 572 0028 24000000 		.4byte	.LVL7
 573 002c 0400     		.2byte	0x4
 574 002e F3       		.byte	0xf3
 575 002f 01       		.uleb128 0x1
 576 0030 50       		.byte	0x50
 577 0031 9F       		.byte	0x9f
 578 0032 24000000 		.4byte	.LVL7
 579 0036 26000000 		.4byte	.LVL8
 580 003a 0100     		.2byte	0x1
 581 003c 50       		.byte	0x50
 582 003d 26000000 		.4byte	.LVL8
 583 0041 2C000000 		.4byte	.LVL10
 584 0045 0400     		.2byte	0x4
 585 0047 F3       		.byte	0xf3
 586 0048 01       		.uleb128 0x1
 587 0049 50       		.byte	0x50
 588 004a 9F       		.byte	0x9f
 589 004b 2C000000 		.4byte	.LVL10
 590 004f 2E000000 		.4byte	.LVL11
 591 0053 0100     		.2byte	0x1
 592 0055 50       		.byte	0x50
 593 0056 2E000000 		.4byte	.LVL11
 594 005a 40000000 		.4byte	.LFE63
 595 005e 0400     		.2byte	0x4
 596 0060 F3       		.byte	0xf3
 597 0061 01       		.uleb128 0x1
 598 0062 50       		.byte	0x50
 599 0063 9F       		.byte	0x9f
 600 0064 00000000 		.4byte	0
ARM GAS  C:\Users\rbhar\AppData\Local\Temp\cc5br3Vr.s 			page 13


 601 0068 00000000 		.4byte	0
 602              	.LLST1:
 603 006c 00000000 		.4byte	.LVL0
 604 0070 08000000 		.4byte	.LVL1
 605 0074 0100     		.2byte	0x1
 606 0076 51       		.byte	0x51
 607 0077 08000000 		.4byte	.LVL1
 608 007b 40000000 		.4byte	.LFE63
 609 007f 0100     		.2byte	0x1
 610 0081 54       		.byte	0x54
 611 0082 00000000 		.4byte	0
 612 0086 00000000 		.4byte	0
 613              		.section	.debug_aranges,"",%progbits
 614 0000 1C000000 		.4byte	0x1c
 615 0004 0200     		.2byte	0x2
 616 0006 00000000 		.4byte	.Ldebug_info0
 617 000a 04       		.byte	0x4
 618 000b 00       		.byte	0
 619 000c 0000     		.2byte	0
 620 000e 0000     		.2byte	0
 621 0010 00000000 		.4byte	.LFB63
 622 0014 40000000 		.4byte	.LFE63-.LFB63
 623 0018 00000000 		.4byte	0
 624 001c 00000000 		.4byte	0
 625              		.section	.debug_ranges,"",%progbits
 626              	.Ldebug_ranges0:
 627 0000 00000000 		.4byte	.LFB63
 628 0004 40000000 		.4byte	.LFE63
 629 0008 00000000 		.4byte	0
 630 000c 00000000 		.4byte	0
 631              		.section	.debug_line,"",%progbits
 632              	.Ldebug_line0:
 633 0000 B4010000 		.section	.debug_str,"MS",%progbits,1
 633      02009401 
 633      00000201 
 633      FB0E0D00 
 633      01010101 
 634              	.LASF29:
 635 0000 654C4544 		.ascii	"eLEDTypes\000"
 635      54797065 
 635      7300
 636              	.LASF19:
 637 000a 4C45445F 		.ascii	"LED_YELLOW\000"
 637      59454C4C 
 637      4F5700
 638              	.LASF9:
 639 0015 5F5F696E 		.ascii	"__int32_t\000"
 639      7433325F 
 639      7400
 640              	.LASF13:
 641 001f 646F7562 		.ascii	"double\000"
 641      6C6500
 642              	.LASF12:
 643 0026 666C6F61 		.ascii	"float\000"
 643      7400
 644              	.LASF1:
 645 002c 756E7369 		.ascii	"unsigned char\000"
ARM GAS  C:\Users\rbhar\AppData\Local\Temp\cc5br3Vr.s 			page 14


 645      676E6564 
 645      20636861 
 645      7200
 646              	.LASF26:
 647 003a 474E5520 		.ascii	"GNU C11 5.4.1 20160609 (release) [ARM/embedded-5-br"
 647      43313120 
 647      352E342E 
 647      31203230 
 647      31363036 
 648 006d 616E6368 		.ascii	"anch revision 237715] -mcpu=cortex-m3 -mthumb -g -O"
 648      20726576 
 648      6973696F 
 648      6E203233 
 648      37373135 
 649 00a0 67202D66 		.ascii	"g -ffunction-sections -ffat-lto-objects\000"
 649      66756E63 
 649      74696F6E 
 649      2D736563 
 649      74696F6E 
 650              	.LASF25:
 651 00c8 50696E5F 		.ascii	"Pin_LedYellow_Write\000"
 651      4C656459 
 651      656C6C6F 
 651      775F5772 
 651      69746500 
 652              	.LASF3:
 653 00dc 73686F72 		.ascii	"short unsigned int\000"
 653      7420756E 
 653      7369676E 
 653      65642069 
 653      6E7400
 654              	.LASF24:
 655 00ef 50696E5F 		.ascii	"Pin_LedGreen_Write\000"
 655      4C656447 
 655      7265656E 
 655      5F577269 
 655      746500
 656              	.LASF31:
 657 0102 49544D5F 		.ascii	"ITM_RxBuffer\000"
 657      52784275 
 657      66666572 
 657      00
 658              	.LASF22:
 659 010f 56616C75 		.ascii	"Value\000"
 659      6500
 660              	.LASF5:
 661 0115 6C6F6E67 		.ascii	"long unsigned int\000"
 661      20756E73 
 661      69676E65 
 661      6420696E 
 661      7400
 662              	.LASF2:
 663 0127 73686F72 		.ascii	"short int\000"
 663      7420696E 
 663      7400
 664              	.LASF8:
 665 0131 756E7369 		.ascii	"unsigned int\000"
ARM GAS  C:\Users\rbhar\AppData\Local\Temp\cc5br3Vr.s 			page 15


 665      676E6564 
 665      20696E74 
 665      00
 666              	.LASF7:
 667 013e 6C6F6E67 		.ascii	"long long unsigned int\000"
 667      206C6F6E 
 667      6720756E 
 667      7369676E 
 667      65642069 
 668              	.LASF28:
 669 0155 443A5C48 		.ascii	"D:\\HDA\\Pre-Semester\\2_Microcontroller\\LabWorksp"
 669      44415C50 
 669      72652D53 
 669      656D6573 
 669      7465725C 
 670 0184 6163655C 		.ascii	"ace\\LabMicrocontroller\\day2_seven.cydsn\000"
 670      4C61624D 
 670      6963726F 
 670      636F6E74 
 670      726F6C6C 
 671              	.LASF10:
 672 01ac 696E7433 		.ascii	"int32_t\000"
 672      325F7400 
 673              	.LASF16:
 674 01b4 73697A65 		.ascii	"sizetype\000"
 674      74797065 
 674      00
 675              	.LASF23:
 676 01bd 50696E5F 		.ascii	"Pin_LedRed_Write\000"
 676      4C656452 
 676      65645F57 
 676      72697465 
 676      00
 677              	.LASF6:
 678 01ce 6C6F6E67 		.ascii	"long long int\000"
 678      206C6F6E 
 678      6720696E 
 678      7400
 679              	.LASF14:
 680 01dc 63686172 		.ascii	"char\000"
 680      00
 681              	.LASF27:
 682 01e1 736F7572 		.ascii	"source\\bsw\\led.c\000"
 682      63655C62 
 682      73775C6C 
 682      65642E63 
 682      00
 683              	.LASF20:
 684 01f2 4C45445F 		.ascii	"LED_ALL\000"
 684      414C4C00 
 685              	.LASF11:
 686 01fa 75696E74 		.ascii	"uint8\000"
 686      3800
 687              	.LASF21:
 688 0200 654C4544 		.ascii	"eLEDTypes_t\000"
 688      54797065 
 688      735F7400 
ARM GAS  C:\Users\rbhar\AppData\Local\Temp\cc5br3Vr.s 			page 16


 689              	.LASF4:
 690 020c 6C6F6E67 		.ascii	"long int\000"
 690      20696E74 
 690      00
 691              	.LASF30:
 692 0215 4C454453 		.ascii	"LEDStateChange\000"
 692      74617465 
 692      4368616E 
 692      676500
 693              	.LASF15:
 694 0224 6C6F6E67 		.ascii	"long double\000"
 694      20646F75 
 694      626C6500 
 695              	.LASF18:
 696 0230 4C45445F 		.ascii	"LED_GREEN\000"
 696      47524545 
 696      4E00
 697              	.LASF0:
 698 023a 7369676E 		.ascii	"signed char\000"
 698      65642063 
 698      68617200 
 699              	.LASF17:
 700 0246 4C45445F 		.ascii	"LED_RED\000"
 700      52454400 
 701              		.ident	"GCC: (GNU Tools for ARM Embedded Processors) 5.4.1 20160609 (release) [ARM/embedded-5-bran
