ARM GAS  C:\Users\rbhar\AppData\Local\Temp\ccQnl20z.s 			page 1


   1              		.syntax unified
   2              		.cpu cortex-m3
   3              		.fpu softvfp
   4              		.eabi_attribute 20, 1
   5              		.eabi_attribute 21, 1
   6              		.eabi_attribute 23, 3
   7              		.eabi_attribute 24, 1
   8              		.eabi_attribute 25, 1
   9              		.eabi_attribute 26, 1
  10              		.eabi_attribute 30, 1
  11              		.eabi_attribute 34, 1
  12              		.eabi_attribute 18, 4
  13              		.thumb
  14              		.syntax unified
  15              		.file	"main.c"
  16              		.text
  17              	.Ltext0:
  18              		.cfi_sections	.debug_frame
  19              		.section	.text.main,"ax",%progbits
  20              		.align	2
  21              		.global	main
  22              		.thumb
  23              		.thumb_func
  24              		.type	main, %function
  25              	main:
  26              	.LFB63:
  27              		.file 1 "source\\asw\\main.c"
   1:source\asw/main.c **** /* ========================================
   2:source\asw/main.c ****  *
   3:source\asw/main.c ****  * Copyright YOUR COMPANY, THE YEAR
   4:source\asw/main.c ****  * All Rights Reserved
   5:source\asw/main.c ****  * UNPUBLISHED, LICENSED SOFTWARE.
   6:source\asw/main.c ****  *
   7:source\asw/main.c ****  * CONFIDENTIAL AND PROPRIETARY INFORMATION
   8:source\asw/main.c ****  * WHICH IS THE PROPERTY OF your company.
   9:source\asw/main.c ****  *
  10:source\asw/main.c ****  * ========================================
  11:source\asw/main.c **** */
  12:source\asw/main.c **** #include "project.h"
  13:source\asw/main.c **** #include "global.h"
  14:source\asw/main.c **** #include "ISR_Button1.h"
  15:source\asw/main.c **** #include "ISR_Button2.h"
  16:source\asw/main.c **** #include "ISR_Button3.h"
  17:source\asw/main.c **** #include "ISR_Button4.h"
  18:source\asw/main.c **** #include "seven.h"
  19:source\asw/main.c **** #include "UART_1.h"
  20:source\asw/main.c **** 
  21:source\asw/main.c **** int main(void)
  22:source\asw/main.c **** {
  28              		.loc 1 22 0
  29              		.cfi_startproc
  30              		@ args = 0, pretend = 0, frame = 0
  31              		@ frame_needed = 0, uses_anonymous_args = 0
  32 0000 08B5     		push	{r3, lr}
  33              		.cfi_def_cfa_offset 8
  34              		.cfi_offset 3, -8
  35              		.cfi_offset 14, -4
ARM GAS  C:\Users\rbhar\AppData\Local\Temp\ccQnl20z.s 			page 2


  23:source\asw/main.c ****     CyGlobalIntEnable; /* Enable global interrupts. */
  36              		.loc 1 23 0
  37              		.syntax unified
  38              	@ 23 "source\asw\main.c" 1
  39 0002 62B6     		CPSIE   i
  40              	@ 0 "" 2
  24:source\asw/main.c **** 
  25:source\asw/main.c ****     /* Place your initialization/startup code here (e.g. MyInst_Start()) */
  26:source\asw/main.c ****     ISR_Button1_Start();
  41              		.loc 1 26 0
  42              		.thumb
  43              		.syntax unified
  44 0004 FFF7FEFF 		bl	ISR_Button1_Start
  45              	.LVL0:
  27:source\asw/main.c ****     ISR_Button2_Start();
  46              		.loc 1 27 0
  47 0008 FFF7FEFF 		bl	ISR_Button2_Start
  48              	.LVL1:
  28:source\asw/main.c ****     ISR_Button3_Start();
  49              		.loc 1 28 0
  50 000c FFF7FEFF 		bl	ISR_Button3_Start
  51              	.LVL2:
  29:source\asw/main.c ****     ISR_Button4_Start();
  52              		.loc 1 29 0
  53 0010 FFF7FEFF 		bl	ISR_Button4_Start
  54              	.LVL3:
  30:source\asw/main.c ****     SEVEN_init();
  55              		.loc 1 30 0
  56 0014 FFF7FEFF 		bl	SEVEN_init
  57              	.LVL4:
  31:source\asw/main.c ****     UART_1_Start();
  58              		.loc 1 31 0
  59 0018 FFF7FEFF 		bl	UART_1_Start
  60              	.LVL5:
  61              	.L2:
  32:source\asw/main.c ****     
  33:source\asw/main.c ****     for(;;)
  34:source\asw/main.c ****     {
  35:source\asw/main.c ****         /* Place your application code here. */
  36:source\asw/main.c ****         if (UART_1_ReadRxStatus())
  62              		.loc 1 36 0
  63 001c FFF7FEFF 		bl	UART_1_ReadRxStatus
  64              	.LVL6:
  65 0020 0028     		cmp	r0, #0
  66 0022 FBD0     		beq	.L2
  67              	.LVL7:
  68              	.LBB2:
  37:source\asw/main.c ****         {
  38:source\asw/main.c ****             uint8 data = 0;
  39:source\asw/main.c ****             
  40:source\asw/main.c ****             data = UART_1_ReadRxData();
  69              		.loc 1 40 0
  70 0024 FFF7FEFF 		bl	UART_1_ReadRxData
  71              	.LVL8:
  41:source\asw/main.c ****             
  42:source\asw/main.c ****             UART_1_WriteTxData(data);
  72              		.loc 1 42 0
ARM GAS  C:\Users\rbhar\AppData\Local\Temp\ccQnl20z.s 			page 3


  73 0028 FFF7FEFF 		bl	UART_1_WriteTxData
  74              	.LVL9:
  75 002c F6E7     		b	.L2
  76              	.LBE2:
  77              		.cfi_endproc
  78              	.LFE63:
  79              		.size	main, .-main
  80 002e 00BF     		.text
  81              	.Letext0:
  82              		.file 2 "c:\\program files (x86)\\cypress\\psoc creator\\4.2\\psoc creator\\import\\gnu\\arm\\5.4.
  83              		.file 3 "c:\\program files (x86)\\cypress\\psoc creator\\4.2\\psoc creator\\import\\gnu\\arm\\5.4.
  84              		.file 4 "Generated_Source\\PSoC5/cytypes.h"
  85              		.file 5 "Generated_Source\\PSoC5/UART_1.h"
  86              		.file 6 "Generated_Source\\PSoC5/ISR_Button1.h"
  87              		.file 7 "Generated_Source\\PSoC5/ISR_Button2.h"
  88              		.file 8 "Generated_Source\\PSoC5/ISR_Button3.h"
  89              		.file 9 "Generated_Source\\PSoC5/ISR_Button4.h"
  90              		.file 10 ".\\source\\bsw/seven.h"
  91              		.file 11 "Generated_Source\\PSoC5/core_cm3.h"
  92              		.section	.debug_info,"",%progbits
  93              	.Ldebug_info0:
  94 0000 A9010000 		.4byte	0x1a9
  95 0004 0400     		.2byte	0x4
  96 0006 00000000 		.4byte	.Ldebug_abbrev0
  97 000a 04       		.byte	0x4
  98 000b 01       		.uleb128 0x1
  99 000c 5F000000 		.4byte	.LASF26
 100 0010 0C       		.byte	0xc
 101 0011 0E020000 		.4byte	.LASF27
 102 0015 98010000 		.4byte	.LASF28
 103 0019 00000000 		.4byte	.Ldebug_ranges0+0
 104 001d 00000000 		.4byte	0
 105 0021 00000000 		.4byte	.Ldebug_line0
 106 0025 02       		.uleb128 0x2
 107 0026 01       		.byte	0x1
 108 0027 06       		.byte	0x6
 109 0028 4A020000 		.4byte	.LASF0
 110 002c 02       		.uleb128 0x2
 111 002d 01       		.byte	0x1
 112 002e 08       		.byte	0x8
 113 002f 51000000 		.4byte	.LASF1
 114 0033 02       		.uleb128 0x2
 115 0034 02       		.byte	0x2
 116 0035 05       		.byte	0x5
 117 0036 25020000 		.4byte	.LASF2
 118 003a 02       		.uleb128 0x2
 119 003b 02       		.byte	0x2
 120 003c 07       		.byte	0x7
 121 003d 11010000 		.4byte	.LASF3
 122 0041 03       		.uleb128 0x3
 123 0042 0D000000 		.4byte	.LASF9
 124 0046 02       		.byte	0x2
 125 0047 3F       		.byte	0x3f
 126 0048 4C000000 		.4byte	0x4c
 127 004c 02       		.uleb128 0x2
 128 004d 04       		.byte	0x4
 129 004e 05       		.byte	0x5
ARM GAS  C:\Users\rbhar\AppData\Local\Temp\ccQnl20z.s 			page 4


 130 004f 35020000 		.4byte	.LASF4
 131 0053 02       		.uleb128 0x2
 132 0054 04       		.byte	0x4
 133 0055 07       		.byte	0x7
 134 0056 ED000000 		.4byte	.LASF5
 135 005a 02       		.uleb128 0x2
 136 005b 08       		.byte	0x8
 137 005c 05       		.byte	0x5
 138 005d 00020000 		.4byte	.LASF6
 139 0061 02       		.uleb128 0x2
 140 0062 08       		.byte	0x8
 141 0063 07       		.byte	0x7
 142 0064 81010000 		.4byte	.LASF7
 143 0068 04       		.uleb128 0x4
 144 0069 04       		.byte	0x4
 145 006a 05       		.byte	0x5
 146 006b 696E7400 		.ascii	"int\000"
 147 006f 02       		.uleb128 0x2
 148 0070 04       		.byte	0x4
 149 0071 07       		.byte	0x7
 150 0072 74010000 		.4byte	.LASF8
 151 0076 03       		.uleb128 0x3
 152 0077 EF010000 		.4byte	.LASF10
 153 007b 03       		.byte	0x3
 154 007c 2C       		.byte	0x2c
 155 007d 41000000 		.4byte	0x41
 156 0081 05       		.uleb128 0x5
 157 0082 2F020000 		.4byte	.LASF11
 158 0086 04       		.byte	0x4
 159 0087 E401     		.2byte	0x1e4
 160 0089 2C000000 		.4byte	0x2c
 161 008d 02       		.uleb128 0x2
 162 008e 04       		.byte	0x4
 163 008f 04       		.byte	0x4
 164 0090 34000000 		.4byte	.LASF12
 165 0094 02       		.uleb128 0x2
 166 0095 08       		.byte	0x8
 167 0096 04       		.byte	0x4
 168 0097 56010000 		.4byte	.LASF13
 169 009b 02       		.uleb128 0x2
 170 009c 01       		.byte	0x1
 171 009d 08       		.byte	0x8
 172 009e 20020000 		.4byte	.LASF14
 173 00a2 02       		.uleb128 0x2
 174 00a3 08       		.byte	0x8
 175 00a4 04       		.byte	0x4
 176 00a5 3E020000 		.4byte	.LASF15
 177 00a9 02       		.uleb128 0x2
 178 00aa 04       		.byte	0x4
 179 00ab 07       		.byte	0x7
 180 00ac F7010000 		.4byte	.LASF16
 181 00b0 06       		.uleb128 0x6
 182 00b1 6F010000 		.4byte	.LASF29
 183 00b5 01       		.byte	0x1
 184 00b6 15       		.byte	0x15
 185 00b7 68000000 		.4byte	0x68
 186 00bb 00000000 		.4byte	.LFB63
ARM GAS  C:\Users\rbhar\AppData\Local\Temp\ccQnl20z.s 			page 5


 187 00bf 2E000000 		.4byte	.LFE63-.LFB63
 188 00c3 01       		.uleb128 0x1
 189 00c4 9C       		.byte	0x9c
 190 00c5 38010000 		.4byte	0x138
 191 00c9 07       		.uleb128 0x7
 192 00ca 24000000 		.4byte	.LBB2
 193 00ce 0A000000 		.4byte	.LBE2-.LBB2
 194 00d2 F8000000 		.4byte	0xf8
 195 00d6 08       		.uleb128 0x8
 196 00d7 3A000000 		.4byte	.LASF30
 197 00db 01       		.byte	0x1
 198 00dc 26       		.byte	0x26
 199 00dd 81000000 		.4byte	0x81
 200 00e1 00000000 		.4byte	.LLST0
 201 00e5 09       		.uleb128 0x9
 202 00e6 28000000 		.4byte	.LVL8
 203 00ea 49010000 		.4byte	0x149
 204 00ee 09       		.uleb128 0x9
 205 00ef 2C000000 		.4byte	.LVL9
 206 00f3 54010000 		.4byte	0x154
 207 00f7 00       		.byte	0
 208 00f8 09       		.uleb128 0x9
 209 00f9 08000000 		.4byte	.LVL0
 210 00fd 5F010000 		.4byte	0x15f
 211 0101 09       		.uleb128 0x9
 212 0102 0C000000 		.4byte	.LVL1
 213 0106 6A010000 		.4byte	0x16a
 214 010a 09       		.uleb128 0x9
 215 010b 10000000 		.4byte	.LVL2
 216 010f 75010000 		.4byte	0x175
 217 0113 09       		.uleb128 0x9
 218 0114 14000000 		.4byte	.LVL3
 219 0118 80010000 		.4byte	0x180
 220 011c 09       		.uleb128 0x9
 221 011d 18000000 		.4byte	.LVL4
 222 0121 8B010000 		.4byte	0x18b
 223 0125 09       		.uleb128 0x9
 224 0126 1C000000 		.4byte	.LVL5
 225 012a 96010000 		.4byte	0x196
 226 012e 09       		.uleb128 0x9
 227 012f 20000000 		.4byte	.LVL6
 228 0133 A1010000 		.4byte	0x1a1
 229 0137 00       		.byte	0
 230 0138 0A       		.uleb128 0xa
 231 0139 36010000 		.4byte	.LASF31
 232 013d 0B       		.byte	0xb
 233 013e 1207     		.2byte	0x712
 234 0140 44010000 		.4byte	0x144
 235 0144 0B       		.uleb128 0xb
 236 0145 76000000 		.4byte	0x76
 237 0149 0C       		.uleb128 0xc
 238 014a FF000000 		.4byte	.LASF17
 239 014e FF000000 		.4byte	.LASF17
 240 0152 05       		.byte	0x5
 241 0153 6F       		.byte	0x6f
 242 0154 0C       		.uleb128 0xc
 243 0155 43010000 		.4byte	.LASF18
ARM GAS  C:\Users\rbhar\AppData\Local\Temp\ccQnl20z.s 			page 6


 244 0159 43010000 		.4byte	.LASF18
 245 015d 05       		.byte	0x5
 246 015e 88       		.byte	0x88
 247 015f 0C       		.uleb128 0xc
 248 0160 22000000 		.4byte	.LASF19
 249 0164 22000000 		.4byte	.LASF19
 250 0168 06       		.byte	0x6
 251 0169 17       		.byte	0x17
 252 016a 0C       		.uleb128 0xc
 253 016b 3F000000 		.4byte	.LASF20
 254 016f 3F000000 		.4byte	.LASF20
 255 0173 07       		.byte	0x7
 256 0174 17       		.byte	0x17
 257 0175 0C       		.uleb128 0xc
 258 0176 24010000 		.4byte	.LASF21
 259 017a 24010000 		.4byte	.LASF21
 260 017e 08       		.byte	0x8
 261 017f 17       		.byte	0x17
 262 0180 0C       		.uleb128 0xc
 263 0181 5D010000 		.4byte	.LASF22
 264 0185 5D010000 		.4byte	.LASF22
 265 0189 09       		.byte	0x9
 266 018a 17       		.byte	0x17
 267 018b 0C       		.uleb128 0xc
 268 018c 17000000 		.4byte	.LASF23
 269 0190 17000000 		.4byte	.LASF23
 270 0194 0A       		.byte	0xa
 271 0195 80       		.byte	0x80
 272 0196 0C       		.uleb128 0xc
 273 0197 00000000 		.4byte	.LASF24
 274 019b 00000000 		.4byte	.LASF24
 275 019f 05       		.byte	0x5
 276 01a0 54       		.byte	0x54
 277 01a1 0C       		.uleb128 0xc
 278 01a2 56020000 		.4byte	.LASF25
 279 01a6 56020000 		.4byte	.LASF25
 280 01aa 05       		.byte	0x5
 281 01ab 70       		.byte	0x70
 282 01ac 00       		.byte	0
 283              		.section	.debug_abbrev,"",%progbits
 284              	.Ldebug_abbrev0:
 285 0000 01       		.uleb128 0x1
 286 0001 11       		.uleb128 0x11
 287 0002 01       		.byte	0x1
 288 0003 25       		.uleb128 0x25
 289 0004 0E       		.uleb128 0xe
 290 0005 13       		.uleb128 0x13
 291 0006 0B       		.uleb128 0xb
 292 0007 03       		.uleb128 0x3
 293 0008 0E       		.uleb128 0xe
 294 0009 1B       		.uleb128 0x1b
 295 000a 0E       		.uleb128 0xe
 296 000b 55       		.uleb128 0x55
 297 000c 17       		.uleb128 0x17
 298 000d 11       		.uleb128 0x11
 299 000e 01       		.uleb128 0x1
 300 000f 10       		.uleb128 0x10
ARM GAS  C:\Users\rbhar\AppData\Local\Temp\ccQnl20z.s 			page 7


 301 0010 17       		.uleb128 0x17
 302 0011 00       		.byte	0
 303 0012 00       		.byte	0
 304 0013 02       		.uleb128 0x2
 305 0014 24       		.uleb128 0x24
 306 0015 00       		.byte	0
 307 0016 0B       		.uleb128 0xb
 308 0017 0B       		.uleb128 0xb
 309 0018 3E       		.uleb128 0x3e
 310 0019 0B       		.uleb128 0xb
 311 001a 03       		.uleb128 0x3
 312 001b 0E       		.uleb128 0xe
 313 001c 00       		.byte	0
 314 001d 00       		.byte	0
 315 001e 03       		.uleb128 0x3
 316 001f 16       		.uleb128 0x16
 317 0020 00       		.byte	0
 318 0021 03       		.uleb128 0x3
 319 0022 0E       		.uleb128 0xe
 320 0023 3A       		.uleb128 0x3a
 321 0024 0B       		.uleb128 0xb
 322 0025 3B       		.uleb128 0x3b
 323 0026 0B       		.uleb128 0xb
 324 0027 49       		.uleb128 0x49
 325 0028 13       		.uleb128 0x13
 326 0029 00       		.byte	0
 327 002a 00       		.byte	0
 328 002b 04       		.uleb128 0x4
 329 002c 24       		.uleb128 0x24
 330 002d 00       		.byte	0
 331 002e 0B       		.uleb128 0xb
 332 002f 0B       		.uleb128 0xb
 333 0030 3E       		.uleb128 0x3e
 334 0031 0B       		.uleb128 0xb
 335 0032 03       		.uleb128 0x3
 336 0033 08       		.uleb128 0x8
 337 0034 00       		.byte	0
 338 0035 00       		.byte	0
 339 0036 05       		.uleb128 0x5
 340 0037 16       		.uleb128 0x16
 341 0038 00       		.byte	0
 342 0039 03       		.uleb128 0x3
 343 003a 0E       		.uleb128 0xe
 344 003b 3A       		.uleb128 0x3a
 345 003c 0B       		.uleb128 0xb
 346 003d 3B       		.uleb128 0x3b
 347 003e 05       		.uleb128 0x5
 348 003f 49       		.uleb128 0x49
 349 0040 13       		.uleb128 0x13
 350 0041 00       		.byte	0
 351 0042 00       		.byte	0
 352 0043 06       		.uleb128 0x6
 353 0044 2E       		.uleb128 0x2e
 354 0045 01       		.byte	0x1
 355 0046 3F       		.uleb128 0x3f
 356 0047 19       		.uleb128 0x19
 357 0048 03       		.uleb128 0x3
ARM GAS  C:\Users\rbhar\AppData\Local\Temp\ccQnl20z.s 			page 8


 358 0049 0E       		.uleb128 0xe
 359 004a 3A       		.uleb128 0x3a
 360 004b 0B       		.uleb128 0xb
 361 004c 3B       		.uleb128 0x3b
 362 004d 0B       		.uleb128 0xb
 363 004e 27       		.uleb128 0x27
 364 004f 19       		.uleb128 0x19
 365 0050 49       		.uleb128 0x49
 366 0051 13       		.uleb128 0x13
 367 0052 8701     		.uleb128 0x87
 368 0054 19       		.uleb128 0x19
 369 0055 11       		.uleb128 0x11
 370 0056 01       		.uleb128 0x1
 371 0057 12       		.uleb128 0x12
 372 0058 06       		.uleb128 0x6
 373 0059 40       		.uleb128 0x40
 374 005a 18       		.uleb128 0x18
 375 005b 9742     		.uleb128 0x2117
 376 005d 19       		.uleb128 0x19
 377 005e 01       		.uleb128 0x1
 378 005f 13       		.uleb128 0x13
 379 0060 00       		.byte	0
 380 0061 00       		.byte	0
 381 0062 07       		.uleb128 0x7
 382 0063 0B       		.uleb128 0xb
 383 0064 01       		.byte	0x1
 384 0065 11       		.uleb128 0x11
 385 0066 01       		.uleb128 0x1
 386 0067 12       		.uleb128 0x12
 387 0068 06       		.uleb128 0x6
 388 0069 01       		.uleb128 0x1
 389 006a 13       		.uleb128 0x13
 390 006b 00       		.byte	0
 391 006c 00       		.byte	0
 392 006d 08       		.uleb128 0x8
 393 006e 34       		.uleb128 0x34
 394 006f 00       		.byte	0
 395 0070 03       		.uleb128 0x3
 396 0071 0E       		.uleb128 0xe
 397 0072 3A       		.uleb128 0x3a
 398 0073 0B       		.uleb128 0xb
 399 0074 3B       		.uleb128 0x3b
 400 0075 0B       		.uleb128 0xb
 401 0076 49       		.uleb128 0x49
 402 0077 13       		.uleb128 0x13
 403 0078 02       		.uleb128 0x2
 404 0079 17       		.uleb128 0x17
 405 007a 00       		.byte	0
 406 007b 00       		.byte	0
 407 007c 09       		.uleb128 0x9
 408 007d 898201   		.uleb128 0x4109
 409 0080 00       		.byte	0
 410 0081 11       		.uleb128 0x11
 411 0082 01       		.uleb128 0x1
 412 0083 31       		.uleb128 0x31
 413 0084 13       		.uleb128 0x13
 414 0085 00       		.byte	0
ARM GAS  C:\Users\rbhar\AppData\Local\Temp\ccQnl20z.s 			page 9


 415 0086 00       		.byte	0
 416 0087 0A       		.uleb128 0xa
 417 0088 34       		.uleb128 0x34
 418 0089 00       		.byte	0
 419 008a 03       		.uleb128 0x3
 420 008b 0E       		.uleb128 0xe
 421 008c 3A       		.uleb128 0x3a
 422 008d 0B       		.uleb128 0xb
 423 008e 3B       		.uleb128 0x3b
 424 008f 05       		.uleb128 0x5
 425 0090 49       		.uleb128 0x49
 426 0091 13       		.uleb128 0x13
 427 0092 3F       		.uleb128 0x3f
 428 0093 19       		.uleb128 0x19
 429 0094 3C       		.uleb128 0x3c
 430 0095 19       		.uleb128 0x19
 431 0096 00       		.byte	0
 432 0097 00       		.byte	0
 433 0098 0B       		.uleb128 0xb
 434 0099 35       		.uleb128 0x35
 435 009a 00       		.byte	0
 436 009b 49       		.uleb128 0x49
 437 009c 13       		.uleb128 0x13
 438 009d 00       		.byte	0
 439 009e 00       		.byte	0
 440 009f 0C       		.uleb128 0xc
 441 00a0 2E       		.uleb128 0x2e
 442 00a1 00       		.byte	0
 443 00a2 3F       		.uleb128 0x3f
 444 00a3 19       		.uleb128 0x19
 445 00a4 3C       		.uleb128 0x3c
 446 00a5 19       		.uleb128 0x19
 447 00a6 6E       		.uleb128 0x6e
 448 00a7 0E       		.uleb128 0xe
 449 00a8 03       		.uleb128 0x3
 450 00a9 0E       		.uleb128 0xe
 451 00aa 3A       		.uleb128 0x3a
 452 00ab 0B       		.uleb128 0xb
 453 00ac 3B       		.uleb128 0x3b
 454 00ad 0B       		.uleb128 0xb
 455 00ae 00       		.byte	0
 456 00af 00       		.byte	0
 457 00b0 00       		.byte	0
 458              		.section	.debug_loc,"",%progbits
 459              	.Ldebug_loc0:
 460              	.LLST0:
 461 0000 24000000 		.4byte	.LVL7
 462 0004 28000000 		.4byte	.LVL8
 463 0008 0200     		.2byte	0x2
 464 000a 30       		.byte	0x30
 465 000b 9F       		.byte	0x9f
 466 000c 28000000 		.4byte	.LVL8
 467 0010 2B000000 		.4byte	.LVL9-1
 468 0014 0100     		.2byte	0x1
 469 0016 50       		.byte	0x50
 470 0017 00000000 		.4byte	0
 471 001b 00000000 		.4byte	0
ARM GAS  C:\Users\rbhar\AppData\Local\Temp\ccQnl20z.s 			page 10


 472              		.section	.debug_aranges,"",%progbits
 473 0000 1C000000 		.4byte	0x1c
 474 0004 0200     		.2byte	0x2
 475 0006 00000000 		.4byte	.Ldebug_info0
 476 000a 04       		.byte	0x4
 477 000b 00       		.byte	0
 478 000c 0000     		.2byte	0
 479 000e 0000     		.2byte	0
 480 0010 00000000 		.4byte	.LFB63
 481 0014 2E000000 		.4byte	.LFE63-.LFB63
 482 0018 00000000 		.4byte	0
 483 001c 00000000 		.4byte	0
 484              		.section	.debug_ranges,"",%progbits
 485              	.Ldebug_ranges0:
 486 0000 00000000 		.4byte	.LFB63
 487 0004 2E000000 		.4byte	.LFE63
 488 0008 00000000 		.4byte	0
 489 000c 00000000 		.4byte	0
 490              		.section	.debug_line,"",%progbits
 491              	.Ldebug_line0:
 492 0000 DE010000 		.section	.debug_str,"MS",%progbits,1
 492      0200BF01 
 492      00000201 
 492      FB0E0D00 
 492      01010101 
 493              	.LASF24:
 494 0000 55415254 		.ascii	"UART_1_Start\000"
 494      5F315F53 
 494      74617274 
 494      00
 495              	.LASF9:
 496 000d 5F5F696E 		.ascii	"__int32_t\000"
 496      7433325F 
 496      7400
 497              	.LASF23:
 498 0017 53455645 		.ascii	"SEVEN_init\000"
 498      4E5F696E 
 498      697400
 499              	.LASF19:
 500 0022 4953525F 		.ascii	"ISR_Button1_Start\000"
 500      42757474 
 500      6F6E315F 
 500      53746172 
 500      7400
 501              	.LASF12:
 502 0034 666C6F61 		.ascii	"float\000"
 502      7400
 503              	.LASF30:
 504 003a 64617461 		.ascii	"data\000"
 504      00
 505              	.LASF20:
 506 003f 4953525F 		.ascii	"ISR_Button2_Start\000"
 506      42757474 
 506      6F6E325F 
 506      53746172 
 506      7400
 507              	.LASF1:
ARM GAS  C:\Users\rbhar\AppData\Local\Temp\ccQnl20z.s 			page 11


 508 0051 756E7369 		.ascii	"unsigned char\000"
 508      676E6564 
 508      20636861 
 508      7200
 509              	.LASF26:
 510 005f 474E5520 		.ascii	"GNU C11 5.4.1 20160609 (release) [ARM/embedded-5-br"
 510      43313120 
 510      352E342E 
 510      31203230 
 510      31363036 
 511 0092 616E6368 		.ascii	"anch revision 237715] -mcpu=cortex-m3 -mthumb -g -O"
 511      20726576 
 511      6973696F 
 511      6E203233 
 511      37373135 
 512 00c5 67202D66 		.ascii	"g -ffunction-sections -ffat-lto-objects\000"
 512      66756E63 
 512      74696F6E 
 512      2D736563 
 512      74696F6E 
 513              	.LASF5:
 514 00ed 6C6F6E67 		.ascii	"long unsigned int\000"
 514      20756E73 
 514      69676E65 
 514      6420696E 
 514      7400
 515              	.LASF17:
 516 00ff 55415254 		.ascii	"UART_1_ReadRxData\000"
 516      5F315F52 
 516      65616452 
 516      78446174 
 516      6100
 517              	.LASF3:
 518 0111 73686F72 		.ascii	"short unsigned int\000"
 518      7420756E 
 518      7369676E 
 518      65642069 
 518      6E7400
 519              	.LASF21:
 520 0124 4953525F 		.ascii	"ISR_Button3_Start\000"
 520      42757474 
 520      6F6E335F 
 520      53746172 
 520      7400
 521              	.LASF31:
 522 0136 49544D5F 		.ascii	"ITM_RxBuffer\000"
 522      52784275 
 522      66666572 
 522      00
 523              	.LASF18:
 524 0143 55415254 		.ascii	"UART_1_WriteTxData\000"
 524      5F315F57 
 524      72697465 
 524      54784461 
 524      746100
 525              	.LASF13:
 526 0156 646F7562 		.ascii	"double\000"
ARM GAS  C:\Users\rbhar\AppData\Local\Temp\ccQnl20z.s 			page 12


 526      6C6500
 527              	.LASF22:
 528 015d 4953525F 		.ascii	"ISR_Button4_Start\000"
 528      42757474 
 528      6F6E345F 
 528      53746172 
 528      7400
 529              	.LASF29:
 530 016f 6D61696E 		.ascii	"main\000"
 530      00
 531              	.LASF8:
 532 0174 756E7369 		.ascii	"unsigned int\000"
 532      676E6564 
 532      20696E74 
 532      00
 533              	.LASF7:
 534 0181 6C6F6E67 		.ascii	"long long unsigned int\000"
 534      206C6F6E 
 534      6720756E 
 534      7369676E 
 534      65642069 
 535              	.LASF28:
 536 0198 443A5C48 		.ascii	"D:\\HDA\\Pre-Semester\\2_Microcontroller\\LabWorksp"
 536      44415C50 
 536      72652D53 
 536      656D6573 
 536      7465725C 
 537 01c7 6163655C 		.ascii	"ace\\LabMicrocontroller\\day2_seven.cydsn\000"
 537      4C61624D 
 537      6963726F 
 537      636F6E74 
 537      726F6C6C 
 538              	.LASF10:
 539 01ef 696E7433 		.ascii	"int32_t\000"
 539      325F7400 
 540              	.LASF16:
 541 01f7 73697A65 		.ascii	"sizetype\000"
 541      74797065 
 541      00
 542              	.LASF6:
 543 0200 6C6F6E67 		.ascii	"long long int\000"
 543      206C6F6E 
 543      6720696E 
 543      7400
 544              	.LASF27:
 545 020e 736F7572 		.ascii	"source\\asw\\main.c\000"
 545      63655C61 
 545      73775C6D 
 545      61696E2E 
 545      6300
 546              	.LASF14:
 547 0220 63686172 		.ascii	"char\000"
 547      00
 548              	.LASF2:
 549 0225 73686F72 		.ascii	"short int\000"
 549      7420696E 
 549      7400
ARM GAS  C:\Users\rbhar\AppData\Local\Temp\ccQnl20z.s 			page 13


 550              	.LASF11:
 551 022f 75696E74 		.ascii	"uint8\000"
 551      3800
 552              	.LASF4:
 553 0235 6C6F6E67 		.ascii	"long int\000"
 553      20696E74 
 553      00
 554              	.LASF15:
 555 023e 6C6F6E67 		.ascii	"long double\000"
 555      20646F75 
 555      626C6500 
 556              	.LASF0:
 557 024a 7369676E 		.ascii	"signed char\000"
 557      65642063 
 557      68617200 
 558              	.LASF25:
 559 0256 55415254 		.ascii	"UART_1_ReadRxStatus\000"
 559      5F315F52 
 559      65616452 
 559      78537461 
 559      74757300 
 560              		.ident	"GCC: (GNU Tools for ARM Embedded Processors) 5.4.1 20160609 (release) [ARM/embedded-5-bran
