ARM GAS  C:\Users\rbhar\AppData\Local\Temp\ccxuw7Ij.s 			page 1


   1              		.syntax unified
   2              		.cpu cortex-m3
   3              		.fpu softvfp
   4              		.eabi_attribute 20, 1
   5              		.eabi_attribute 21, 1
   6              		.eabi_attribute 23, 3
   7              		.eabi_attribute 24, 1
   8              		.eabi_attribute 25, 1
   9              		.eabi_attribute 26, 1
  10              		.eabi_attribute 30, 1
  11              		.eabi_attribute 34, 1
  12              		.eabi_attribute 18, 4
  13              		.thumb
  14              		.syntax unified
  15              		.file	"seven.c"
  16              		.text
  17              	.Ltext0:
  18              		.cfi_sections	.debug_frame
  19              		.section	.text.SEVEN_Set,"ax",%progbits
  20              		.align	2
  21              		.thumb
  22              		.thumb_func
  23              		.type	SEVEN_Set, %function
  24              	SEVEN_Set:
  25              	.LFB65:
  26              		.file 1 "source\\bsw\\seven.c"
   1:source\bsw/seven.c **** /**
   2:source\bsw/seven.c **** * \file <seven.c>
   3:source\bsw/seven.c **** * \author <Bharath Ramachandraiah>
   4:source\bsw/seven.c **** * \date <25/09/2018>
   5:source\bsw/seven.c **** *
   6:source\bsw/seven.c **** * \brief <Symbolic File name>
   7:source\bsw/seven.c **** *
   8:source\bsw/seven.c **** * \copyright Copyright ©2016
   9:source\bsw/seven.c **** * Department of electrical engineering and information technology, Hochschule Darmstadt - Universit
  10:source\bsw/seven.c **** * Permission to use, copy, modify, and distribute this software and its documentation for education
  11:source\bsw/seven.c **** * (unless permitted by h_da) and official h_da projects, is hereby granted for enrolled students of
  12:source\bsw/seven.c **** * this paragraph and the following paragraph appear in all copies, modifications, and distributions
  13:source\bsw/seven.c **** * Contact Prof.Dr.-Ing. Peter Fromm, peter.fromm@h-da.de, Birkenweg 8 64295 Darmstadt - GERMANY for
  14:source\bsw/seven.c **** *
  15:source\bsw/seven.c **** * \warning This software is a PROTOTYPE version and is not designed or intended for use in producti
  16:source\bsw/seven.c **** * The user represents and warrants that it will NOT use or redistribute the Software for such purpo
  17:source\bsw/seven.c **** * This prototype is for research purposes only. This software is provided "AS IS," without a warran
  18:source\bsw/seven.c **** */
  19:source\bsw/seven.c **** 
  20:source\bsw/seven.c **** /*****************************************************************************/
  21:source\bsw/seven.c **** /* Include files                                                             */
  22:source\bsw/seven.c **** /*****************************************************************************/
  23:source\bsw/seven.c **** #include "global.h"
  24:source\bsw/seven.c **** #include "Pin_Seg1_A.h"
  25:source\bsw/seven.c **** #include "Pin_Seg1_B.h"
  26:source\bsw/seven.c **** #include "Pin_Seg1_C.h"
  27:source\bsw/seven.c **** #include "Pin_Seg1_D.h"
  28:source\bsw/seven.c **** #include "Pin_Seg1_E.h"
  29:source\bsw/seven.c **** #include "Pin_Seg1_F.h"
  30:source\bsw/seven.c **** #include "Pin_Seg1_G.h"
  31:source\bsw/seven.c **** #include "Pin_Display.h"
ARM GAS  C:\Users\rbhar\AppData\Local\Temp\ccxuw7Ij.s 			page 2


  32:source\bsw/seven.c **** #include "Pin_Select.h"
  33:source\bsw/seven.c **** #include "seven.h"
  34:source\bsw/seven.c **** 
  35:source\bsw/seven.c **** /*****************************************************************************/
  36:source\bsw/seven.c **** /* Local pre-processor symbols/macros ('#define')                            */
  37:source\bsw/seven.c **** /*****************************************************************************/
  38:source\bsw/seven.c **** #define SEVEN_NO_DISPLAYS_MAX       2
  39:source\bsw/seven.c **** #define SEVEN_NO_OF_SEGMENTS        7
  40:source\bsw/seven.c **** 
  41:source\bsw/seven.c **** /*****************************************************************************/
  42:source\bsw/seven.c **** /* Global variable definitions (declared in header file with 'extern')       */
  43:source\bsw/seven.c **** /*****************************************************************************/
  44:source\bsw/seven.c **** 
  45:source\bsw/seven.c **** /*****************************************************************************/
  46:source\bsw/seven.c **** /* Local type definitions ('typedef')                                        */
  47:source\bsw/seven.c **** /*****************************************************************************/
  48:source\bsw/seven.c **** 
  49:source\bsw/seven.c **** /*****************************************************************************/
  50:source\bsw/seven.c **** /* Local variable definitions ('static')                                     */
  51:source\bsw/seven.c **** /*****************************************************************************/
  52:source\bsw/seven.c **** static const FunctionPtr pFunSevenSegement[] = 
  53:source\bsw/seven.c **** {
  54:source\bsw/seven.c ****     Pin_Seg1_A_Write,
  55:source\bsw/seven.c ****     Pin_Seg1_B_Write,
  56:source\bsw/seven.c ****     Pin_Seg1_C_Write,
  57:source\bsw/seven.c ****     Pin_Seg1_D_Write,
  58:source\bsw/seven.c ****     Pin_Seg1_E_Write,
  59:source\bsw/seven.c ****     Pin_Seg1_F_Write,
  60:source\bsw/seven.c ****     Pin_Seg1_G_Write,
  61:source\bsw/seven.c **** };
  62:source\bsw/seven.c **** 
  63:source\bsw/seven.c **** static const uint8 LookUpForDisplay[] = 
  64:source\bsw/seven.c **** {
  65:source\bsw/seven.c ****     0x3F,
  66:source\bsw/seven.c ****     0x06,
  67:source\bsw/seven.c ****     0x5b,
  68:source\bsw/seven.c ****     0x4f,
  69:source\bsw/seven.c ****     0x66,
  70:source\bsw/seven.c ****     0x6d,
  71:source\bsw/seven.c ****     0x7d,
  72:source\bsw/seven.c ****     0x07,
  73:source\bsw/seven.c ****     0x7f,
  74:source\bsw/seven.c ****     0x6f,
  75:source\bsw/seven.c ****     0x77,
  76:source\bsw/seven.c ****     0x7c,
  77:source\bsw/seven.c ****     0x39,
  78:source\bsw/seven.c ****     0x5e,
  79:source\bsw/seven.c ****     0x79,
  80:source\bsw/seven.c ****     0x71,
  81:source\bsw/seven.c **** };
  82:source\bsw/seven.c **** 
  83:source\bsw/seven.c **** /*****************************************************************************/
  84:source\bsw/seven.c **** /* Local function prototypes ('static')                                      */
  85:source\bsw/seven.c **** /*****************************************************************************/
  86:source\bsw/seven.c **** 
  87:source\bsw/seven.c **** 
  88:source\bsw/seven.c **** /*****************************************************************************/
ARM GAS  C:\Users\rbhar\AppData\Local\Temp\ccxuw7Ij.s 			page 3


  89:source\bsw/seven.c **** /* Function implementation - global ('extern') and local ('static')          */
  90:source\bsw/seven.c **** /*****************************************************************************/
  91:source\bsw/seven.c **** 
  92:source\bsw/seven.c **** /**
  93:source\bsw/seven.c ****  * The function initializes the display to default settings.
  94:source\bsw/seven.c ****  * @param void
  95:source\bsw/seven.c ****  * @return the displays are reset.
  96:source\bsw/seven.c ****  */
  97:source\bsw/seven.c **** RC_t SEVEN_init(void)
  98:source\bsw/seven.c **** {
  99:source\bsw/seven.c ****     Pin_Display_Write(SEGMENT_ON);
 100:source\bsw/seven.c ****     
 101:source\bsw/seven.c ****     /* Select 0th Display */
 102:source\bsw/seven.c ****     Pin_Select_Write(SEGMENT_OFF);
 103:source\bsw/seven.c ****     SEVEN_Write(0);
 104:source\bsw/seven.c ****     
 105:source\bsw/seven.c ****     /* Select 1st Display */
 106:source\bsw/seven.c ****     Pin_Select_Write(SEGMENT_ON);
 107:source\bsw/seven.c ****     SEVEN_Write(0);
 108:source\bsw/seven.c ****     
 109:source\bsw/seven.c ****     return RC_SUCCESS;
 110:source\bsw/seven.c **** }
 111:source\bsw/seven.c **** 
 112:source\bsw/seven.c **** 
 113:source\bsw/seven.c **** /**
 114:source\bsw/seven.c ****  * The function clears the displays.
 115:source\bsw/seven.c ****  * @param void
 116:source\bsw/seven.c ****  * @return the displays are reset.
 117:source\bsw/seven.c ****  */
 118:source\bsw/seven.c **** RC_t SEVEN_clear(void)
 119:source\bsw/seven.c **** {   
 120:source\bsw/seven.c ****     return (SEVEN_init());
 121:source\bsw/seven.c **** }
 122:source\bsw/seven.c **** 
 123:source\bsw/seven.c **** /**
 124:source\bsw/seven.c ****  * The function takes the number as an input and updates on to the display.
 125:source\bsw/seven.c ****  * @param uint8 Value       : IN 0 - 0xF
 126:source\bsw/seven.c ****  * @return Updates the seven segment display with the values.
 127:source\bsw/seven.c ****  */
 128:source\bsw/seven.c **** static RC_t SEVEN_Set(eSegments_t DisplayNo, uint8 Value)
 129:source\bsw/seven.c **** {
  27              		.loc 1 129 0
  28              		.cfi_startproc
  29              		@ args = 0, pretend = 0, frame = 0
  30              		@ frame_needed = 0, uses_anonymous_args = 0
  31              	.LVL0:
  32 0000 38B5     		push	{r3, r4, r5, lr}
  33              		.cfi_def_cfa_offset 16
  34              		.cfi_offset 3, -16
  35              		.cfi_offset 4, -12
  36              		.cfi_offset 5, -8
  37              		.cfi_offset 14, -4
  38 0002 0C46     		mov	r4, r1
  39              	.LVL1:
 130:source\bsw/seven.c ****     uint8 NoToDisplay = 0, LoopCounter = 0;
 131:source\bsw/seven.c ****     /* Select the Display */
 132:source\bsw/seven.c ****     Pin_Select_Write(DisplayNo);
ARM GAS  C:\Users\rbhar\AppData\Local\Temp\ccxuw7Ij.s 			page 4


  40              		.loc 1 132 0
  41 0004 FFF7FEFF 		bl	Pin_Select_Write
  42              	.LVL2:
 133:source\bsw/seven.c ****     
 134:source\bsw/seven.c ****     NoToDisplay = LookUpForDisplay[Value & MASK_MSB_UINT8];
  43              		.loc 1 134 0
  44 0008 04F00F04 		and	r4, r4, #15
  45 000c 094B     		ldr	r3, .L5
  46 000e 1D5D     		ldrb	r5, [r3, r4]	@ zero_extendqisi2
  47              	.LVL3:
 135:source\bsw/seven.c ****     
 136:source\bsw/seven.c ****     for (LoopCounter = 0; LoopCounter < SEVEN_NO_OF_SEGMENTS; LoopCounter++)
  48              		.loc 1 136 0
  49 0010 0024     		movs	r4, #0
  50 0012 0AE0     		b	.L2
  51              	.LVL4:
  52              	.L3:
 137:source\bsw/seven.c ****     {
 138:source\bsw/seven.c ****         pFunSevenSegement[LoopCounter]((NoToDisplay >> LoopCounter) & BIT_MASK);
  53              		.loc 1 138 0 discriminator 3
  54 0014 074B     		ldr	r3, .L5
  55 0016 03EB8403 		add	r3, r3, r4, lsl #2
  56 001a 1B69     		ldr	r3, [r3, #16]
  57 001c 45FA04F0 		asr	r0, r5, r4
  58 0020 00F00100 		and	r0, r0, #1
  59 0024 9847     		blx	r3
  60              	.LVL5:
 136:source\bsw/seven.c ****     {
  61              		.loc 1 136 0 discriminator 3
  62 0026 0134     		adds	r4, r4, #1
  63              	.LVL6:
  64 0028 E4B2     		uxtb	r4, r4
  65              	.LVL7:
  66              	.L2:
 136:source\bsw/seven.c ****     {
  67              		.loc 1 136 0 is_stmt 0 discriminator 1
  68 002a 062C     		cmp	r4, #6
  69 002c F2D9     		bls	.L3
 139:source\bsw/seven.c ****     }
 140:source\bsw/seven.c ****     
 141:source\bsw/seven.c ****     return RC_SUCCESS;
 142:source\bsw/seven.c **** }
  70              		.loc 1 142 0 is_stmt 1
  71 002e 0020     		movs	r0, #0
  72 0030 38BD     		pop	{r3, r4, r5, pc}
  73              	.LVL8:
  74              	.L6:
  75 0032 00BF     		.align	2
  76              	.L5:
  77 0034 00000000 		.word	.LANCHOR0
  78              		.cfi_endproc
  79              	.LFE65:
  80              		.size	SEVEN_Set, .-SEVEN_Set
  81              		.section	.text.SEVEN_Write,"ax",%progbits
  82              		.align	2
  83              		.global	SEVEN_Write
  84              		.thumb
ARM GAS  C:\Users\rbhar\AppData\Local\Temp\ccxuw7Ij.s 			page 5


  85              		.thumb_func
  86              		.type	SEVEN_Write, %function
  87              	SEVEN_Write:
  88              	.LFB66:
 143:source\bsw/seven.c **** 
 144:source\bsw/seven.c **** /**
 145:source\bsw/seven.c ****  * The function takes the number as an input and updates on to the displays.
 146:source\bsw/seven.c ****  * @param uint8 Value       : IN 0 - 0xFF
 147:source\bsw/seven.c ****  * @return Updates the seven segment display with the values.
 148:source\bsw/seven.c ****  */
 149:source\bsw/seven.c **** RC_t SEVEN_Write(uint8 Value)
 150:source\bsw/seven.c **** {
  89              		.loc 1 150 0
  90              		.cfi_startproc
  91              		@ args = 0, pretend = 0, frame = 0
  92              		@ frame_needed = 0, uses_anonymous_args = 0
  93              	.LVL9:
  94 0000 10B5     		push	{r4, lr}
  95              		.cfi_def_cfa_offset 8
  96              		.cfi_offset 4, -8
  97              		.cfi_offset 14, -4
  98 0002 0446     		mov	r4, r0
 151:source\bsw/seven.c ****     /* Update 0th display */
 152:source\bsw/seven.c ****     SEVEN_Set(SEVEN_DISPLAY0, Value & MASK_MSB_UINT8);
  99              		.loc 1 152 0
 100 0004 00F00F01 		and	r1, r0, #15
 101 0008 0020     		movs	r0, #0
 102              	.LVL10:
 103 000a FFF7FEFF 		bl	SEVEN_Set
 104              	.LVL11:
 153:source\bsw/seven.c ****     
 154:source\bsw/seven.c ****     /* Update 1st display */
 155:source\bsw/seven.c ****     SEVEN_Set(SEVEN_DISPLAY1, (Value & MASK_LSB_UINT8) >> SHIFT_NIBBLE);
 105              		.loc 1 155 0
 106 000e 2109     		lsrs	r1, r4, #4
 107 0010 0120     		movs	r0, #1
 108 0012 FFF7FEFF 		bl	SEVEN_Set
 109              	.LVL12:
 156:source\bsw/seven.c ****     
 157:source\bsw/seven.c ****     return RC_SUCCESS;
 158:source\bsw/seven.c **** }...
 110              		.loc 1 158 0
 111 0016 0020     		movs	r0, #0
 112 0018 10BD     		pop	{r4, pc}
 113              		.cfi_endproc
 114              	.LFE66:
 115              		.size	SEVEN_Write, .-SEVEN_Write
 116 001a 00BF     		.section	.text.SEVEN_init,"ax",%progbits
 117              		.align	2
 118              		.global	SEVEN_init
 119              		.thumb
 120              		.thumb_func
 121              		.type	SEVEN_init, %function
 122              	SEVEN_init:
 123              	.LFB63:
  98:source\bsw/seven.c **** {
 124              		.loc 1 98 0
ARM GAS  C:\Users\rbhar\AppData\Local\Temp\ccxuw7Ij.s 			page 6


 125              		.cfi_startproc
 126              		@ args = 0, pretend = 0, frame = 0
 127              		@ frame_needed = 0, uses_anonymous_args = 0
 128 0000 08B5     		push	{r3, lr}
 129              		.cfi_def_cfa_offset 8
 130              		.cfi_offset 3, -8
 131              		.cfi_offset 14, -4
  99:source\bsw/seven.c ****     Pin_Display_Write(SEGMENT_ON);
 132              		.loc 1 99 0
 133 0002 0120     		movs	r0, #1
 134 0004 FFF7FEFF 		bl	Pin_Display_Write
 135              	.LVL13:
 102:source\bsw/seven.c ****     Pin_Select_Write(SEGMENT_OFF);
 136              		.loc 1 102 0
 137 0008 0020     		movs	r0, #0
 138 000a FFF7FEFF 		bl	Pin_Select_Write
 139              	.LVL14:
 103:source\bsw/seven.c ****     SEVEN_Write(0);
 140              		.loc 1 103 0
 141 000e 0020     		movs	r0, #0
 142 0010 FFF7FEFF 		bl	SEVEN_Write
 143              	.LVL15:
 106:source\bsw/seven.c ****     Pin_Select_Write(SEGMENT_ON);
 144              		.loc 1 106 0
 145 0014 0120     		movs	r0, #1
 146 0016 FFF7FEFF 		bl	Pin_Select_Write
 147              	.LVL16:
 107:source\bsw/seven.c ****     SEVEN_Write(0);
 148              		.loc 1 107 0
 149 001a 0020     		movs	r0, #0
 150 001c FFF7FEFF 		bl	SEVEN_Write
 151              	.LVL17:
 110:source\bsw/seven.c **** }
 152              		.loc 1 110 0
 153 0020 0020     		movs	r0, #0
 154 0022 08BD     		pop	{r3, pc}
 155              		.cfi_endproc
 156              	.LFE63:
 157              		.size	SEVEN_init, .-SEVEN_init
 158              		.section	.text.SEVEN_clear,"ax",%progbits
 159              		.align	2
 160              		.global	SEVEN_clear
 161              		.thumb
 162              		.thumb_func
 163              		.type	SEVEN_clear, %function
 164              	SEVEN_clear:
 165              	.LFB64:
 119:source\bsw/seven.c **** {   
 166              		.loc 1 119 0
 167              		.cfi_startproc
 168              		@ args = 0, pretend = 0, frame = 0
 169              		@ frame_needed = 0, uses_anonymous_args = 0
 170 0000 08B5     		push	{r3, lr}
 171              		.cfi_def_cfa_offset 8
 172              		.cfi_offset 3, -8
 173              		.cfi_offset 14, -4
 120:source\bsw/seven.c ****     return (SEVEN_init());
ARM GAS  C:\Users\rbhar\AppData\Local\Temp\ccxuw7Ij.s 			page 7


 174              		.loc 1 120 0
 175 0002 FFF7FEFF 		bl	SEVEN_init
 176              	.LVL18:
 121:source\bsw/seven.c **** }
 177              		.loc 1 121 0
 178 0006 08BD     		pop	{r3, pc}
 179              		.cfi_endproc
 180              	.LFE64:
 181              		.size	SEVEN_clear, .-SEVEN_clear
 182              		.section	.rodata
 183              		.align	2
 184              		.set	.LANCHOR0,. + 0
 185              		.type	LookUpForDisplay, %object
 186              		.size	LookUpForDisplay, 16
 187              	LookUpForDisplay:
 188 0000 3F       		.byte	63
 189 0001 06       		.byte	6
 190 0002 5B       		.byte	91
 191 0003 4F       		.byte	79
 192 0004 66       		.byte	102
 193 0005 6D       		.byte	109
 194 0006 7D       		.byte	125
 195 0007 07       		.byte	7
 196 0008 7F       		.byte	127
 197 0009 6F       		.byte	111
 198 000a 77       		.byte	119
 199 000b 7C       		.byte	124
 200 000c 39       		.byte	57
 201 000d 5E       		.byte	94
 202 000e 79       		.byte	121
 203 000f 71       		.byte	113
 204              		.type	pFunSevenSegement, %object
 205              		.size	pFunSevenSegement, 28
 206              	pFunSevenSegement:
 207 0010 00000000 		.word	Pin_Seg1_A_Write
 208 0014 00000000 		.word	Pin_Seg1_B_Write
 209 0018 00000000 		.word	Pin_Seg1_C_Write
 210 001c 00000000 		.word	Pin_Seg1_D_Write
 211 0020 00000000 		.word	Pin_Seg1_E_Write
 212 0024 00000000 		.word	Pin_Seg1_F_Write
 213 0028 00000000 		.word	Pin_Seg1_G_Write
 214              		.text
 215              	.Letext0:
 216              		.file 2 "c:\\program files (x86)\\cypress\\psoc creator\\4.2\\psoc creator\\import\\gnu\\arm\\5.4.
 217              		.file 3 "c:\\program files (x86)\\cypress\\psoc creator\\4.2\\psoc creator\\import\\gnu\\arm\\5.4.
 218              		.file 4 "Generated_Source\\PSoC5/cytypes.h"
 219              		.file 5 "source\\bsw\\global.h"
 220              		.file 6 "source\\bsw\\seven.h"
 221              		.file 7 "Generated_Source\\PSoC5/Pin_Select.h"
 222              		.file 8 "Generated_Source\\PSoC5/Pin_Display.h"
 223              		.file 9 "Generated_Source\\PSoC5/core_cm3.h"
 224              		.section	.debug_info,"",%progbits
 225              	.Ldebug_info0:
 226 0000 AC030000 		.4byte	0x3ac
 227 0004 0400     		.2byte	0x4
 228 0006 00000000 		.4byte	.Ldebug_abbrev0
 229 000a 04       		.byte	0x4
ARM GAS  C:\Users\rbhar\AppData\Local\Temp\ccxuw7Ij.s 			page 8


 230 000b 01       		.uleb128 0x1
 231 000c 85020000 		.4byte	.LASF62
 232 0010 0C       		.byte	0xc
 233 0011 E2010000 		.4byte	.LASF63
 234 0015 57030000 		.4byte	.LASF64
 235 0019 00000000 		.4byte	.Ldebug_ranges0+0
 236 001d 00000000 		.4byte	0
 237 0021 00000000 		.4byte	.Ldebug_line0
 238 0025 02       		.uleb128 0x2
 239 0026 01       		.byte	0x1
 240 0027 06       		.byte	0x6
 241 0028 F5010000 		.4byte	.LASF0
 242 002c 02       		.uleb128 0x2
 243 002d 01       		.byte	0x1
 244 002e 08       		.byte	0x8
 245 002f D4010000 		.4byte	.LASF1
 246 0033 02       		.uleb128 0x2
 247 0034 02       		.byte	0x2
 248 0035 05       		.byte	0x5
 249 0036 51000000 		.4byte	.LASF2
 250 003a 02       		.uleb128 0x2
 251 003b 02       		.byte	0x2
 252 003c 07       		.byte	0x7
 253 003d 72020000 		.4byte	.LASF3
 254 0041 03       		.uleb128 0x3
 255 0042 F0030000 		.4byte	.LASF9
 256 0046 02       		.byte	0x2
 257 0047 3F       		.byte	0x3f
 258 0048 4C000000 		.4byte	0x4c
 259 004c 02       		.uleb128 0x2
 260 004d 04       		.byte	0x4
 261 004e 05       		.byte	0x5
 262 004f 4E010000 		.4byte	.LASF4
 263 0053 02       		.uleb128 0x2
 264 0054 04       		.byte	0x4
 265 0055 07       		.byte	0x7
 266 0056 C0030000 		.4byte	.LASF5
 267 005a 02       		.uleb128 0x2
 268 005b 08       		.byte	0x8
 269 005c 05       		.byte	0x5
 270 005d 10010000 		.4byte	.LASF6
 271 0061 02       		.uleb128 0x2
 272 0062 08       		.byte	0x8
 273 0063 07       		.byte	0x7
 274 0064 10020000 		.4byte	.LASF7
 275 0068 04       		.uleb128 0x4
 276 0069 04       		.byte	0x4
 277 006a 05       		.byte	0x5
 278 006b 696E7400 		.ascii	"int\000"
 279 006f 02       		.uleb128 0x2
 280 0070 04       		.byte	0x4
 281 0071 07       		.byte	0x7
 282 0072 27020000 		.4byte	.LASF8
 283 0076 03       		.uleb128 0x3
 284 0077 24030000 		.4byte	.LASF10
 285 007b 03       		.byte	0x3
 286 007c 2C       		.byte	0x2c
ARM GAS  C:\Users\rbhar\AppData\Local\Temp\ccxuw7Ij.s 			page 9


 287 007d 41000000 		.4byte	0x41
 288 0081 05       		.uleb128 0x5
 289 0082 C3000000 		.4byte	.LASF11
 290 0086 04       		.byte	0x4
 291 0087 E401     		.2byte	0x1e4
 292 0089 2C000000 		.4byte	0x2c
 293 008d 02       		.uleb128 0x2
 294 008e 04       		.byte	0x4
 295 008f 04       		.byte	0x4
 296 0090 F8000000 		.4byte	.LASF12
 297 0094 02       		.uleb128 0x2
 298 0095 08       		.byte	0x8
 299 0096 04       		.byte	0x4
 300 0097 1D040000 		.4byte	.LASF13
 301 009b 02       		.uleb128 0x2
 302 009c 01       		.byte	0x1
 303 009d 08       		.byte	0x8
 304 009e 13030000 		.4byte	.LASF14
 305 00a2 02       		.uleb128 0x2
 306 00a3 08       		.byte	0x8
 307 00a4 04       		.byte	0x4
 308 00a5 C2010000 		.4byte	.LASF15
 309 00a9 02       		.uleb128 0x2
 310 00aa 04       		.byte	0x4
 311 00ab 07       		.byte	0x7
 312 00ac 81000000 		.4byte	.LASF16
 313 00b0 06       		.uleb128 0x6
 314 00b1 65524300 		.ascii	"eRC\000"
 315 00b5 01       		.byte	0x1
 316 00b6 25000000 		.4byte	0x25
 317 00ba 05       		.byte	0x5
 318 00bb AC       		.byte	0xac
 319 00bc 57010000 		.4byte	0x157
 320 00c0 07       		.uleb128 0x7
 321 00c1 28000000 		.4byte	.LASF17
 322 00c5 00       		.byte	0
 323 00c6 08       		.uleb128 0x8
 324 00c7 42040000 		.4byte	.LASF18
 325 00cb 7F       		.sleb128 -1
 326 00cc 08       		.uleb128 0x8
 327 00cd 42020000 		.4byte	.LASF19
 328 00d1 7E       		.sleb128 -2
 329 00d2 08       		.uleb128 0x8
 330 00d3 8A000000 		.4byte	.LASF20
 331 00d7 7D       		.sleb128 -3
 332 00d8 08       		.uleb128 0x8
 333 00d9 4B040000 		.4byte	.LASF21
 334 00dd 7C       		.sleb128 -4
 335 00de 08       		.uleb128 0x8
 336 00df DE000000 		.4byte	.LASF22
 337 00e3 7B       		.sleb128 -5
 338 00e4 08       		.uleb128 0x8
 339 00e5 5B000000 		.4byte	.LASF23
 340 00e9 7A       		.sleb128 -6
 341 00ea 08       		.uleb128 0x8
 342 00eb 57010000 		.4byte	.LASF24
 343 00ef 79       		.sleb128 -7
ARM GAS  C:\Users\rbhar\AppData\Local\Temp\ccxuw7Ij.s 			page 10


 344 00f0 08       		.uleb128 0x8
 345 00f1 00000000 		.4byte	.LASF25
 346 00f5 78       		.sleb128 -8
 347 00f6 08       		.uleb128 0x8
 348 00f7 50020000 		.4byte	.LASF26
 349 00fb 77       		.sleb128 -9
 350 00fc 08       		.uleb128 0x8
 351 00fd 78010000 		.4byte	.LASF27
 352 0101 76       		.sleb128 -10
 353 0102 08       		.uleb128 0x8
 354 0103 6C040000 		.4byte	.LASF28
 355 0107 75       		.sleb128 -11
 356 0108 08       		.uleb128 0x8
 357 0109 34020000 		.4byte	.LASF29
 358 010d 74       		.sleb128 -12
 359 010e 08       		.uleb128 0x8
 360 010f DE030000 		.4byte	.LASF30
 361 0113 73       		.sleb128 -13
 362 0114 08       		.uleb128 0x8
 363 0115 15000000 		.4byte	.LASF31
 364 0119 72       		.sleb128 -14
 365 011a 08       		.uleb128 0x8
 366 011b 3D000000 		.4byte	.LASF32
 367 011f 71       		.sleb128 -15
 368 0120 08       		.uleb128 0x8
 369 0121 86010000 		.4byte	.LASF33
 370 0125 70       		.sleb128 -16
 371 0126 08       		.uleb128 0x8
 372 0127 98000000 		.4byte	.LASF34
 373 012b 6F       		.sleb128 -17
 374 012c 08       		.uleb128 0x8
 375 012d 6C000000 		.4byte	.LASF35
 376 0131 6E       		.sleb128 -18
 377 0132 08       		.uleb128 0x8
 378 0133 2A010000 		.4byte	.LASF36
 379 0137 6D       		.sleb128 -19
 380 0138 08       		.uleb128 0x8
 381 0139 44030000 		.4byte	.LASF37
 382 013d 6C       		.sleb128 -20
 383 013e 08       		.uleb128 0x8
 384 013f A6010000 		.4byte	.LASF38
 385 0143 6B       		.sleb128 -21
 386 0144 08       		.uleb128 0x8
 387 0145 0B040000 		.4byte	.LASF39
 388 0149 6A       		.sleb128 -22
 389 014a 08       		.uleb128 0x8
 390 014b AC000000 		.4byte	.LASF40
 391 014f 69       		.sleb128 -23
 392 0150 08       		.uleb128 0x8
 393 0151 3D010000 		.4byte	.LASF41
 394 0155 68       		.sleb128 -24
 395 0156 00       		.byte	0
 396 0157 03       		.uleb128 0x3
 397 0158 5B040000 		.4byte	.LASF42
 398 015c 05       		.byte	0x5
 399 015d C8       		.byte	0xc8
 400 015e B0000000 		.4byte	0xb0
ARM GAS  C:\Users\rbhar\AppData\Local\Temp\ccxuw7Ij.s 			page 11


 401 0162 09       		.uleb128 0x9
 402 0163 97010000 		.4byte	.LASF43
 403 0167 01       		.byte	0x1
 404 0168 2C000000 		.4byte	0x2c
 405 016c 06       		.byte	0x6
 406 016d 5A       		.byte	0x5a
 407 016e 7F010000 		.4byte	0x17f
 408 0172 07       		.uleb128 0x7
 409 0173 2C030000 		.4byte	.LASF44
 410 0177 00       		.byte	0
 411 0178 07       		.uleb128 0x7
 412 0179 C9000000 		.4byte	.LASF45
 413 017d 01       		.byte	0x1
 414 017e 00       		.byte	0
 415 017f 09       		.uleb128 0x9
 416 0180 B8010000 		.4byte	.LASF46
 417 0184 01       		.byte	0x1
 418 0185 2C000000 		.4byte	0x2c
 419 0189 06       		.byte	0x6
 420 018a 61       		.byte	0x61
 421 018b 9C010000 		.4byte	0x19c
 422 018f 07       		.uleb128 0x7
 423 0190 01020000 		.4byte	.LASF47
 424 0194 00       		.byte	0
 425 0195 07       		.uleb128 0x7
 426 0196 69010000 		.4byte	.LASF48
 427 019a 01       		.byte	0x1
 428 019b 00       		.byte	0
 429 019c 03       		.uleb128 0x3
 430 019d 1E010000 		.4byte	.LASF49
 431 01a1 06       		.byte	0x6
 432 01a2 66       		.byte	0x66
 433 01a3 7F010000 		.4byte	0x17f
 434 01a7 03       		.uleb128 0x3
 435 01a8 18030000 		.4byte	.LASF50
 436 01ac 06       		.byte	0x6
 437 01ad 6A       		.byte	0x6a
 438 01ae B2010000 		.4byte	0x1b2
 439 01b2 0A       		.uleb128 0xa
 440 01b3 04       		.byte	0x4
 441 01b4 B8010000 		.4byte	0x1b8
 442 01b8 0B       		.uleb128 0xb
 443 01b9 C3010000 		.4byte	0x1c3
 444 01bd 0C       		.uleb128 0xc
 445 01be 81000000 		.4byte	0x81
 446 01c2 00       		.byte	0
 447 01c3 0D       		.uleb128 0xd
 448 01c4 D4000000 		.4byte	.LASF65
 449 01c8 01       		.byte	0x1
 450 01c9 80       		.byte	0x80
 451 01ca 57010000 		.4byte	0x157
 452 01ce 00000000 		.4byte	.LFB65
 453 01d2 38000000 		.4byte	.LFE65-.LFB65
 454 01d6 01       		.uleb128 0x1
 455 01d7 9C       		.byte	0x9c
 456 01d8 3F020000 		.4byte	0x23f
 457 01dc 0E       		.uleb128 0xe
ARM GAS  C:\Users\rbhar\AppData\Local\Temp\ccxuw7Ij.s 			page 12


 458 01dd 33000000 		.4byte	.LASF51
 459 01e1 01       		.byte	0x1
 460 01e2 80       		.byte	0x80
 461 01e3 9C010000 		.4byte	0x19c
 462 01e7 00000000 		.4byte	.LLST0
 463 01eb 0E       		.uleb128 0xe
 464 01ec CE010000 		.4byte	.LASF52
 465 01f0 01       		.byte	0x1
 466 01f1 80       		.byte	0x80
 467 01f2 81000000 		.4byte	0x81
 468 01f6 21000000 		.4byte	.LLST1
 469 01fa 0F       		.uleb128 0xf
 470 01fb D2030000 		.4byte	.LASF53
 471 01ff 01       		.byte	0x1
 472 0200 82       		.byte	0x82
 473 0201 81000000 		.4byte	0x81
 474 0205 42000000 		.4byte	.LLST2
 475 0209 0F       		.uleb128 0xf
 476 020a 60040000 		.4byte	.LASF54
 477 020e 01       		.byte	0x1
 478 020f 82       		.byte	0x82
 479 0210 81000000 		.4byte	0x81
 480 0214 61000000 		.4byte	.LLST3
 481 0218 10       		.uleb128 0x10
 482 0219 08000000 		.4byte	.LVL2
 483 021d 99030000 		.4byte	0x399
 484 0221 11       		.uleb128 0x11
 485 0222 26000000 		.4byte	.LVL5
 486 0226 0B       		.uleb128 0xb
 487 0227 74       		.byte	0x74
 488 0228 00       		.sleb128 0
 489 0229 32       		.byte	0x32
 490 022a 24       		.byte	0x24
 491 022b 03       		.byte	0x3
 492 022c 10000000 		.4byte	.LANCHOR0+16
 493 0230 22       		.byte	0x22
 494 0231 06       		.byte	0x6
 495 0232 12       		.uleb128 0x12
 496 0233 01       		.uleb128 0x1
 497 0234 50       		.byte	0x50
 498 0235 07       		.uleb128 0x7
 499 0236 75       		.byte	0x75
 500 0237 00       		.sleb128 0
 501 0238 74       		.byte	0x74
 502 0239 00       		.sleb128 0
 503 023a 26       		.byte	0x26
 504 023b 31       		.byte	0x31
 505 023c 1A       		.byte	0x1a
 506 023d 00       		.byte	0
 507 023e 00       		.byte	0
 508 023f 13       		.uleb128 0x13
 509 0240 66020000 		.4byte	.LASF55
 510 0244 01       		.byte	0x1
 511 0245 95       		.byte	0x95
 512 0246 57010000 		.4byte	0x157
 513 024a 00000000 		.4byte	.LFB66
 514 024e 1A000000 		.4byte	.LFE66-.LFB66
ARM GAS  C:\Users\rbhar\AppData\Local\Temp\ccxuw7Ij.s 			page 13


 515 0252 01       		.uleb128 0x1
 516 0253 9C       		.byte	0x9c
 517 0254 9A020000 		.4byte	0x29a
 518 0258 0E       		.uleb128 0xe
 519 0259 CE010000 		.4byte	.LASF52
 520 025d 01       		.byte	0x1
 521 025e 95       		.byte	0x95
 522 025f 81000000 		.4byte	0x81
 523 0263 8B000000 		.4byte	.LLST4
 524 0267 14       		.uleb128 0x14
 525 0268 0E000000 		.4byte	.LVL11
 526 026c C3010000 		.4byte	0x1c3
 527 0270 82020000 		.4byte	0x282
 528 0274 12       		.uleb128 0x12
 529 0275 01       		.uleb128 0x1
 530 0276 50       		.byte	0x50
 531 0277 01       		.uleb128 0x1
 532 0278 30       		.byte	0x30
 533 0279 12       		.uleb128 0x12
 534 027a 01       		.uleb128 0x1
 535 027b 51       		.byte	0x51
 536 027c 04       		.uleb128 0x4
 537 027d 74       		.byte	0x74
 538 027e 00       		.sleb128 0
 539 027f 3F       		.byte	0x3f
 540 0280 1A       		.byte	0x1a
 541 0281 00       		.byte	0
 542 0282 15       		.uleb128 0x15
 543 0283 16000000 		.4byte	.LVL12
 544 0287 C3010000 		.4byte	0x1c3
 545 028b 12       		.uleb128 0x12
 546 028c 01       		.uleb128 0x1
 547 028d 50       		.byte	0x50
 548 028e 01       		.uleb128 0x1
 549 028f 31       		.byte	0x31
 550 0290 12       		.uleb128 0x12
 551 0291 01       		.uleb128 0x1
 552 0292 51       		.byte	0x51
 553 0293 04       		.uleb128 0x4
 554 0294 74       		.byte	0x74
 555 0295 00       		.sleb128 0
 556 0296 34       		.byte	0x34
 557 0297 25       		.byte	0x25
 558 0298 00       		.byte	0
 559 0299 00       		.byte	0
 560 029a 13       		.uleb128 0x13
 561 029b ED000000 		.4byte	.LASF56
 562 029f 01       		.byte	0x1
 563 02a0 61       		.byte	0x61
 564 02a1 57010000 		.4byte	0x157
 565 02a5 00000000 		.4byte	.LFB63
 566 02a9 24000000 		.4byte	.LFE63-.LFB63
 567 02ad 01       		.uleb128 0x1
 568 02ae 9C       		.byte	0x9c
 569 02af 0F030000 		.4byte	0x30f
 570 02b3 14       		.uleb128 0x14
 571 02b4 08000000 		.4byte	.LVL13
ARM GAS  C:\Users\rbhar\AppData\Local\Temp\ccxuw7Ij.s 			page 14


 572 02b8 A4030000 		.4byte	0x3a4
 573 02bc C6020000 		.4byte	0x2c6
 574 02c0 12       		.uleb128 0x12
 575 02c1 01       		.uleb128 0x1
 576 02c2 50       		.byte	0x50
 577 02c3 01       		.uleb128 0x1
 578 02c4 31       		.byte	0x31
 579 02c5 00       		.byte	0
 580 02c6 14       		.uleb128 0x14
 581 02c7 0E000000 		.4byte	.LVL14
 582 02cb 99030000 		.4byte	0x399
 583 02cf D9020000 		.4byte	0x2d9
 584 02d3 12       		.uleb128 0x12
 585 02d4 01       		.uleb128 0x1
 586 02d5 50       		.byte	0x50
 587 02d6 01       		.uleb128 0x1
 588 02d7 30       		.byte	0x30
 589 02d8 00       		.byte	0
 590 02d9 14       		.uleb128 0x14
 591 02da 14000000 		.4byte	.LVL15
 592 02de 3F020000 		.4byte	0x23f
 593 02e2 EC020000 		.4byte	0x2ec
 594 02e6 12       		.uleb128 0x12
 595 02e7 01       		.uleb128 0x1
 596 02e8 50       		.byte	0x50
 597 02e9 01       		.uleb128 0x1
 598 02ea 30       		.byte	0x30
 599 02eb 00       		.byte	0
 600 02ec 14       		.uleb128 0x14
 601 02ed 1A000000 		.4byte	.LVL16
 602 02f1 99030000 		.4byte	0x399
 603 02f5 FF020000 		.4byte	0x2ff
 604 02f9 12       		.uleb128 0x12
 605 02fa 01       		.uleb128 0x1
 606 02fb 50       		.byte	0x50
 607 02fc 01       		.uleb128 0x1
 608 02fd 31       		.byte	0x31
 609 02fe 00       		.byte	0
 610 02ff 15       		.uleb128 0x15
 611 0300 20000000 		.4byte	.LVL17
 612 0304 3F020000 		.4byte	0x23f
 613 0308 12       		.uleb128 0x12
 614 0309 01       		.uleb128 0x1
 615 030a 50       		.byte	0x50
 616 030b 01       		.uleb128 0x1
 617 030c 30       		.byte	0x30
 618 030d 00       		.byte	0
 619 030e 00       		.byte	0
 620 030f 13       		.uleb128 0x13
 621 0310 38030000 		.4byte	.LASF57
 622 0314 01       		.byte	0x1
 623 0315 76       		.byte	0x76
 624 0316 57010000 		.4byte	0x157
 625 031a 00000000 		.4byte	.LFB64
 626 031e 08000000 		.4byte	.LFE64-.LFB64
 627 0322 01       		.uleb128 0x1
 628 0323 9C       		.byte	0x9c
ARM GAS  C:\Users\rbhar\AppData\Local\Temp\ccxuw7Ij.s 			page 15


 629 0324 32030000 		.4byte	0x332
 630 0328 10       		.uleb128 0x10
 631 0329 06000000 		.4byte	.LVL18
 632 032d 9A020000 		.4byte	0x29a
 633 0331 00       		.byte	0
 634 0332 16       		.uleb128 0x16
 635 0333 42030000 		.4byte	0x342
 636 0337 42030000 		.4byte	0x342
 637 033b 17       		.uleb128 0x17
 638 033c A9000000 		.4byte	0xa9
 639 0340 06       		.byte	0x6
 640 0341 00       		.byte	0
 641 0342 18       		.uleb128 0x18
 642 0343 A7010000 		.4byte	0x1a7
 643 0347 19       		.uleb128 0x19
 644 0348 FE000000 		.4byte	.LASF58
 645 034c 01       		.byte	0x1
 646 034d 34       		.byte	0x34
 647 034e 58030000 		.4byte	0x358
 648 0352 05       		.uleb128 0x5
 649 0353 03       		.byte	0x3
 650 0354 10000000 		.4byte	pFunSevenSegement
 651 0358 18       		.uleb128 0x18
 652 0359 32030000 		.4byte	0x332
 653 035d 16       		.uleb128 0x16
 654 035e 6D030000 		.4byte	0x36d
 655 0362 6D030000 		.4byte	0x36d
 656 0366 17       		.uleb128 0x17
 657 0367 A9000000 		.4byte	0xa9
 658 036b 0F       		.byte	0xf
 659 036c 00       		.byte	0
 660 036d 18       		.uleb128 0x18
 661 036e 81000000 		.4byte	0x81
 662 0372 19       		.uleb128 0x19
 663 0373 24040000 		.4byte	.LASF59
 664 0377 01       		.byte	0x1
 665 0378 3F       		.byte	0x3f
 666 0379 83030000 		.4byte	0x383
 667 037d 05       		.uleb128 0x5
 668 037e 03       		.byte	0x3
 669 037f 00000000 		.4byte	LookUpForDisplay
 670 0383 18       		.uleb128 0x18
 671 0384 5D030000 		.4byte	0x35d
 672 0388 1A       		.uleb128 0x1a
 673 0389 35040000 		.4byte	.LASF66
 674 038d 09       		.byte	0x9
 675 038e 1207     		.2byte	0x712
 676 0390 94030000 		.4byte	0x394
 677 0394 1B       		.uleb128 0x1b
 678 0395 76000000 		.4byte	0x76
 679 0399 1C       		.uleb128 0x1c
 680 039a FA030000 		.4byte	.LASF60
 681 039e FA030000 		.4byte	.LASF60
 682 03a2 07       		.byte	0x7
 683 03a3 26       		.byte	0x26
 684 03a4 1C       		.uleb128 0x1c
 685 03a5 AE030000 		.4byte	.LASF61
ARM GAS  C:\Users\rbhar\AppData\Local\Temp\ccxuw7Ij.s 			page 16


 686 03a9 AE030000 		.4byte	.LASF61
 687 03ad 08       		.byte	0x8
 688 03ae 26       		.byte	0x26
 689 03af 00       		.byte	0
 690              		.section	.debug_abbrev,"",%progbits
 691              	.Ldebug_abbrev0:
 692 0000 01       		.uleb128 0x1
 693 0001 11       		.uleb128 0x11
 694 0002 01       		.byte	0x1
 695 0003 25       		.uleb128 0x25
 696 0004 0E       		.uleb128 0xe
 697 0005 13       		.uleb128 0x13
 698 0006 0B       		.uleb128 0xb
 699 0007 03       		.uleb128 0x3
 700 0008 0E       		.uleb128 0xe
 701 0009 1B       		.uleb128 0x1b
 702 000a 0E       		.uleb128 0xe
 703 000b 55       		.uleb128 0x55
 704 000c 17       		.uleb128 0x17
 705 000d 11       		.uleb128 0x11
 706 000e 01       		.uleb128 0x1
 707 000f 10       		.uleb128 0x10
 708 0010 17       		.uleb128 0x17
 709 0011 00       		.byte	0
 710 0012 00       		.byte	0
 711 0013 02       		.uleb128 0x2
 712 0014 24       		.uleb128 0x24
 713 0015 00       		.byte	0
 714 0016 0B       		.uleb128 0xb
 715 0017 0B       		.uleb128 0xb
 716 0018 3E       		.uleb128 0x3e
 717 0019 0B       		.uleb128 0xb
 718 001a 03       		.uleb128 0x3
 719 001b 0E       		.uleb128 0xe
 720 001c 00       		.byte	0
 721 001d 00       		.byte	0
 722 001e 03       		.uleb128 0x3
 723 001f 16       		.uleb128 0x16
 724 0020 00       		.byte	0
 725 0021 03       		.uleb128 0x3
 726 0022 0E       		.uleb128 0xe
 727 0023 3A       		.uleb128 0x3a
 728 0024 0B       		.uleb128 0xb
 729 0025 3B       		.uleb128 0x3b
 730 0026 0B       		.uleb128 0xb
 731 0027 49       		.uleb128 0x49
 732 0028 13       		.uleb128 0x13
 733 0029 00       		.byte	0
 734 002a 00       		.byte	0
 735 002b 04       		.uleb128 0x4
 736 002c 24       		.uleb128 0x24
 737 002d 00       		.byte	0
 738 002e 0B       		.uleb128 0xb
 739 002f 0B       		.uleb128 0xb
 740 0030 3E       		.uleb128 0x3e
 741 0031 0B       		.uleb128 0xb
 742 0032 03       		.uleb128 0x3
ARM GAS  C:\Users\rbhar\AppData\Local\Temp\ccxuw7Ij.s 			page 17


 743 0033 08       		.uleb128 0x8
 744 0034 00       		.byte	0
 745 0035 00       		.byte	0
 746 0036 05       		.uleb128 0x5
 747 0037 16       		.uleb128 0x16
 748 0038 00       		.byte	0
 749 0039 03       		.uleb128 0x3
 750 003a 0E       		.uleb128 0xe
 751 003b 3A       		.uleb128 0x3a
 752 003c 0B       		.uleb128 0xb
 753 003d 3B       		.uleb128 0x3b
 754 003e 05       		.uleb128 0x5
 755 003f 49       		.uleb128 0x49
 756 0040 13       		.uleb128 0x13
 757 0041 00       		.byte	0
 758 0042 00       		.byte	0
 759 0043 06       		.uleb128 0x6
 760 0044 04       		.uleb128 0x4
 761 0045 01       		.byte	0x1
 762 0046 03       		.uleb128 0x3
 763 0047 08       		.uleb128 0x8
 764 0048 0B       		.uleb128 0xb
 765 0049 0B       		.uleb128 0xb
 766 004a 49       		.uleb128 0x49
 767 004b 13       		.uleb128 0x13
 768 004c 3A       		.uleb128 0x3a
 769 004d 0B       		.uleb128 0xb
 770 004e 3B       		.uleb128 0x3b
 771 004f 0B       		.uleb128 0xb
 772 0050 01       		.uleb128 0x1
 773 0051 13       		.uleb128 0x13
 774 0052 00       		.byte	0
 775 0053 00       		.byte	0
 776 0054 07       		.uleb128 0x7
 777 0055 28       		.uleb128 0x28
 778 0056 00       		.byte	0
 779 0057 03       		.uleb128 0x3
 780 0058 0E       		.uleb128 0xe
 781 0059 1C       		.uleb128 0x1c
 782 005a 0B       		.uleb128 0xb
 783 005b 00       		.byte	0
 784 005c 00       		.byte	0
 785 005d 08       		.uleb128 0x8
 786 005e 28       		.uleb128 0x28
 787 005f 00       		.byte	0
 788 0060 03       		.uleb128 0x3
 789 0061 0E       		.uleb128 0xe
 790 0062 1C       		.uleb128 0x1c
 791 0063 0D       		.uleb128 0xd
 792 0064 00       		.byte	0
 793 0065 00       		.byte	0
 794 0066 09       		.uleb128 0x9
 795 0067 04       		.uleb128 0x4
 796 0068 01       		.byte	0x1
 797 0069 03       		.uleb128 0x3
 798 006a 0E       		.uleb128 0xe
 799 006b 0B       		.uleb128 0xb
ARM GAS  C:\Users\rbhar\AppData\Local\Temp\ccxuw7Ij.s 			page 18


 800 006c 0B       		.uleb128 0xb
 801 006d 49       		.uleb128 0x49
 802 006e 13       		.uleb128 0x13
 803 006f 3A       		.uleb128 0x3a
 804 0070 0B       		.uleb128 0xb
 805 0071 3B       		.uleb128 0x3b
 806 0072 0B       		.uleb128 0xb
 807 0073 01       		.uleb128 0x1
 808 0074 13       		.uleb128 0x13
 809 0075 00       		.byte	0
 810 0076 00       		.byte	0
 811 0077 0A       		.uleb128 0xa
 812 0078 0F       		.uleb128 0xf
 813 0079 00       		.byte	0
 814 007a 0B       		.uleb128 0xb
 815 007b 0B       		.uleb128 0xb
 816 007c 49       		.uleb128 0x49
 817 007d 13       		.uleb128 0x13
 818 007e 00       		.byte	0
 819 007f 00       		.byte	0
 820 0080 0B       		.uleb128 0xb
 821 0081 15       		.uleb128 0x15
 822 0082 01       		.byte	0x1
 823 0083 27       		.uleb128 0x27
 824 0084 19       		.uleb128 0x19
 825 0085 01       		.uleb128 0x1
 826 0086 13       		.uleb128 0x13
 827 0087 00       		.byte	0
 828 0088 00       		.byte	0
 829 0089 0C       		.uleb128 0xc
 830 008a 05       		.uleb128 0x5
 831 008b 00       		.byte	0
 832 008c 49       		.uleb128 0x49
 833 008d 13       		.uleb128 0x13
 834 008e 00       		.byte	0
 835 008f 00       		.byte	0
 836 0090 0D       		.uleb128 0xd
 837 0091 2E       		.uleb128 0x2e
 838 0092 01       		.byte	0x1
 839 0093 03       		.uleb128 0x3
 840 0094 0E       		.uleb128 0xe
 841 0095 3A       		.uleb128 0x3a
 842 0096 0B       		.uleb128 0xb
 843 0097 3B       		.uleb128 0x3b
 844 0098 0B       		.uleb128 0xb
 845 0099 27       		.uleb128 0x27
 846 009a 19       		.uleb128 0x19
 847 009b 49       		.uleb128 0x49
 848 009c 13       		.uleb128 0x13
 849 009d 11       		.uleb128 0x11
 850 009e 01       		.uleb128 0x1
 851 009f 12       		.uleb128 0x12
 852 00a0 06       		.uleb128 0x6
 853 00a1 40       		.uleb128 0x40
 854 00a2 18       		.uleb128 0x18
 855 00a3 9742     		.uleb128 0x2117
 856 00a5 19       		.uleb128 0x19
ARM GAS  C:\Users\rbhar\AppData\Local\Temp\ccxuw7Ij.s 			page 19


 857 00a6 01       		.uleb128 0x1
 858 00a7 13       		.uleb128 0x13
 859 00a8 00       		.byte	0
 860 00a9 00       		.byte	0
 861 00aa 0E       		.uleb128 0xe
 862 00ab 05       		.uleb128 0x5
 863 00ac 00       		.byte	0
 864 00ad 03       		.uleb128 0x3
 865 00ae 0E       		.uleb128 0xe
 866 00af 3A       		.uleb128 0x3a
 867 00b0 0B       		.uleb128 0xb
 868 00b1 3B       		.uleb128 0x3b
 869 00b2 0B       		.uleb128 0xb
 870 00b3 49       		.uleb128 0x49
 871 00b4 13       		.uleb128 0x13
 872 00b5 02       		.uleb128 0x2
 873 00b6 17       		.uleb128 0x17
 874 00b7 00       		.byte	0
 875 00b8 00       		.byte	0
 876 00b9 0F       		.uleb128 0xf
 877 00ba 34       		.uleb128 0x34
 878 00bb 00       		.byte	0
 879 00bc 03       		.uleb128 0x3
 880 00bd 0E       		.uleb128 0xe
 881 00be 3A       		.uleb128 0x3a
 882 00bf 0B       		.uleb128 0xb
 883 00c0 3B       		.uleb128 0x3b
 884 00c1 0B       		.uleb128 0xb
 885 00c2 49       		.uleb128 0x49
 886 00c3 13       		.uleb128 0x13
 887 00c4 02       		.uleb128 0x2
 888 00c5 17       		.uleb128 0x17
 889 00c6 00       		.byte	0
 890 00c7 00       		.byte	0
 891 00c8 10       		.uleb128 0x10
 892 00c9 898201   		.uleb128 0x4109
 893 00cc 00       		.byte	0
 894 00cd 11       		.uleb128 0x11
 895 00ce 01       		.uleb128 0x1
 896 00cf 31       		.uleb128 0x31
 897 00d0 13       		.uleb128 0x13
 898 00d1 00       		.byte	0
 899 00d2 00       		.byte	0
 900 00d3 11       		.uleb128 0x11
 901 00d4 898201   		.uleb128 0x4109
 902 00d7 01       		.byte	0x1
 903 00d8 11       		.uleb128 0x11
 904 00d9 01       		.uleb128 0x1
 905 00da 9342     		.uleb128 0x2113
 906 00dc 18       		.uleb128 0x18
 907 00dd 00       		.byte	0
 908 00de 00       		.byte	0
 909 00df 12       		.uleb128 0x12
 910 00e0 8A8201   		.uleb128 0x410a
 911 00e3 00       		.byte	0
 912 00e4 02       		.uleb128 0x2
 913 00e5 18       		.uleb128 0x18
ARM GAS  C:\Users\rbhar\AppData\Local\Temp\ccxuw7Ij.s 			page 20


 914 00e6 9142     		.uleb128 0x2111
 915 00e8 18       		.uleb128 0x18
 916 00e9 00       		.byte	0
 917 00ea 00       		.byte	0
 918 00eb 13       		.uleb128 0x13
 919 00ec 2E       		.uleb128 0x2e
 920 00ed 01       		.byte	0x1
 921 00ee 3F       		.uleb128 0x3f
 922 00ef 19       		.uleb128 0x19
 923 00f0 03       		.uleb128 0x3
 924 00f1 0E       		.uleb128 0xe
 925 00f2 3A       		.uleb128 0x3a
 926 00f3 0B       		.uleb128 0xb
 927 00f4 3B       		.uleb128 0x3b
 928 00f5 0B       		.uleb128 0xb
 929 00f6 27       		.uleb128 0x27
 930 00f7 19       		.uleb128 0x19
 931 00f8 49       		.uleb128 0x49
 932 00f9 13       		.uleb128 0x13
 933 00fa 11       		.uleb128 0x11
 934 00fb 01       		.uleb128 0x1
 935 00fc 12       		.uleb128 0x12
 936 00fd 06       		.uleb128 0x6
 937 00fe 40       		.uleb128 0x40
 938 00ff 18       		.uleb128 0x18
 939 0100 9742     		.uleb128 0x2117
 940 0102 19       		.uleb128 0x19
 941 0103 01       		.uleb128 0x1
 942 0104 13       		.uleb128 0x13
 943 0105 00       		.byte	0
 944 0106 00       		.byte	0
 945 0107 14       		.uleb128 0x14
 946 0108 898201   		.uleb128 0x4109
 947 010b 01       		.byte	0x1
 948 010c 11       		.uleb128 0x11
 949 010d 01       		.uleb128 0x1
 950 010e 31       		.uleb128 0x31
 951 010f 13       		.uleb128 0x13
 952 0110 01       		.uleb128 0x1
 953 0111 13       		.uleb128 0x13
 954 0112 00       		.byte	0
 955 0113 00       		.byte	0
 956 0114 15       		.uleb128 0x15
 957 0115 898201   		.uleb128 0x4109
 958 0118 01       		.byte	0x1
 959 0119 11       		.uleb128 0x11
 960 011a 01       		.uleb128 0x1
 961 011b 31       		.uleb128 0x31
 962 011c 13       		.uleb128 0x13
 963 011d 00       		.byte	0
 964 011e 00       		.byte	0
 965 011f 16       		.uleb128 0x16
 966 0120 01       		.uleb128 0x1
 967 0121 01       		.byte	0x1
 968 0122 49       		.uleb128 0x49
 969 0123 13       		.uleb128 0x13
 970 0124 01       		.uleb128 0x1
ARM GAS  C:\Users\rbhar\AppData\Local\Temp\ccxuw7Ij.s 			page 21


 971 0125 13       		.uleb128 0x13
 972 0126 00       		.byte	0
 973 0127 00       		.byte	0
 974 0128 17       		.uleb128 0x17
 975 0129 21       		.uleb128 0x21
 976 012a 00       		.byte	0
 977 012b 49       		.uleb128 0x49
 978 012c 13       		.uleb128 0x13
 979 012d 2F       		.uleb128 0x2f
 980 012e 0B       		.uleb128 0xb
 981 012f 00       		.byte	0
 982 0130 00       		.byte	0
 983 0131 18       		.uleb128 0x18
 984 0132 26       		.uleb128 0x26
 985 0133 00       		.byte	0
 986 0134 49       		.uleb128 0x49
 987 0135 13       		.uleb128 0x13
 988 0136 00       		.byte	0
 989 0137 00       		.byte	0
 990 0138 19       		.uleb128 0x19
 991 0139 34       		.uleb128 0x34
 992 013a 00       		.byte	0
 993 013b 03       		.uleb128 0x3
 994 013c 0E       		.uleb128 0xe
 995 013d 3A       		.uleb128 0x3a
 996 013e 0B       		.uleb128 0xb
 997 013f 3B       		.uleb128 0x3b
 998 0140 0B       		.uleb128 0xb
 999 0141 49       		.uleb128 0x49
 1000 0142 13       		.uleb128 0x13
 1001 0143 02       		.uleb128 0x2
 1002 0144 18       		.uleb128 0x18
 1003 0145 00       		.byte	0
 1004 0146 00       		.byte	0
 1005 0147 1A       		.uleb128 0x1a
 1006 0148 34       		.uleb128 0x34
 1007 0149 00       		.byte	0
 1008 014a 03       		.uleb128 0x3
 1009 014b 0E       		.uleb128 0xe
 1010 014c 3A       		.uleb128 0x3a
 1011 014d 0B       		.uleb128 0xb
 1012 014e 3B       		.uleb128 0x3b
 1013 014f 05       		.uleb128 0x5
 1014 0150 49       		.uleb128 0x49
 1015 0151 13       		.uleb128 0x13
 1016 0152 3F       		.uleb128 0x3f
 1017 0153 19       		.uleb128 0x19
 1018 0154 3C       		.uleb128 0x3c
 1019 0155 19       		.uleb128 0x19
 1020 0156 00       		.byte	0
 1021 0157 00       		.byte	0
 1022 0158 1B       		.uleb128 0x1b
 1023 0159 35       		.uleb128 0x35
 1024 015a 00       		.byte	0
 1025 015b 49       		.uleb128 0x49
 1026 015c 13       		.uleb128 0x13
 1027 015d 00       		.byte	0
ARM GAS  C:\Users\rbhar\AppData\Local\Temp\ccxuw7Ij.s 			page 22


 1028 015e 00       		.byte	0
 1029 015f 1C       		.uleb128 0x1c
 1030 0160 2E       		.uleb128 0x2e
 1031 0161 00       		.byte	0
 1032 0162 3F       		.uleb128 0x3f
 1033 0163 19       		.uleb128 0x19
 1034 0164 3C       		.uleb128 0x3c
 1035 0165 19       		.uleb128 0x19
 1036 0166 6E       		.uleb128 0x6e
 1037 0167 0E       		.uleb128 0xe
 1038 0168 03       		.uleb128 0x3
 1039 0169 0E       		.uleb128 0xe
 1040 016a 3A       		.uleb128 0x3a
 1041 016b 0B       		.uleb128 0xb
 1042 016c 3B       		.uleb128 0x3b
 1043 016d 0B       		.uleb128 0xb
 1044 016e 00       		.byte	0
 1045 016f 00       		.byte	0
 1046 0170 00       		.byte	0
 1047              		.section	.debug_loc,"",%progbits
 1048              	.Ldebug_loc0:
 1049              	.LLST0:
 1050 0000 00000000 		.4byte	.LVL0
 1051 0004 07000000 		.4byte	.LVL2-1
 1052 0008 0100     		.2byte	0x1
 1053 000a 50       		.byte	0x50
 1054 000b 07000000 		.4byte	.LVL2-1
 1055 000f 38000000 		.4byte	.LFE65
 1056 0013 0400     		.2byte	0x4
 1057 0015 F3       		.byte	0xf3
 1058 0016 01       		.uleb128 0x1
 1059 0017 50       		.byte	0x50
 1060 0018 9F       		.byte	0x9f
 1061 0019 00000000 		.4byte	0
 1062 001d 00000000 		.4byte	0
 1063              	.LLST1:
 1064 0021 00000000 		.4byte	.LVL0
 1065 0025 07000000 		.4byte	.LVL2-1
 1066 0029 0100     		.2byte	0x1
 1067 002b 51       		.byte	0x51
 1068 002c 07000000 		.4byte	.LVL2-1
 1069 0030 38000000 		.4byte	.LFE65
 1070 0034 0400     		.2byte	0x4
 1071 0036 F3       		.byte	0xf3
 1072 0037 01       		.uleb128 0x1
 1073 0038 51       		.byte	0x51
 1074 0039 9F       		.byte	0x9f
 1075 003a 00000000 		.4byte	0
 1076 003e 00000000 		.4byte	0
 1077              	.LLST2:
 1078 0042 04000000 		.4byte	.LVL1
 1079 0046 10000000 		.4byte	.LVL3
 1080 004a 0200     		.2byte	0x2
 1081 004c 30       		.byte	0x30
 1082 004d 9F       		.byte	0x9f
 1083 004e 10000000 		.4byte	.LVL3
 1084 0052 32000000 		.4byte	.LVL8
ARM GAS  C:\Users\rbhar\AppData\Local\Temp\ccxuw7Ij.s 			page 23


 1085 0056 0100     		.2byte	0x1
 1086 0058 55       		.byte	0x55
 1087 0059 00000000 		.4byte	0
 1088 005d 00000000 		.4byte	0
 1089              	.LLST3:
 1090 0061 04000000 		.4byte	.LVL1
 1091 0065 14000000 		.4byte	.LVL4
 1092 0069 0200     		.2byte	0x2
 1093 006b 30       		.byte	0x30
 1094 006c 9F       		.byte	0x9f
 1095 006d 14000000 		.4byte	.LVL4
 1096 0071 28000000 		.4byte	.LVL6
 1097 0075 0100     		.2byte	0x1
 1098 0077 54       		.byte	0x54
 1099 0078 2A000000 		.4byte	.LVL7
 1100 007c 32000000 		.4byte	.LVL8
 1101 0080 0100     		.2byte	0x1
 1102 0082 54       		.byte	0x54
 1103 0083 00000000 		.4byte	0
 1104 0087 00000000 		.4byte	0
 1105              	.LLST4:
 1106 008b 00000000 		.4byte	.LVL9
 1107 008f 0A000000 		.4byte	.LVL10
 1108 0093 0100     		.2byte	0x1
 1109 0095 50       		.byte	0x50
 1110 0096 0A000000 		.4byte	.LVL10
 1111 009a 1A000000 		.4byte	.LFE66
 1112 009e 0400     		.2byte	0x4
 1113 00a0 F3       		.byte	0xf3
 1114 00a1 01       		.uleb128 0x1
 1115 00a2 50       		.byte	0x50
 1116 00a3 9F       		.byte	0x9f
 1117 00a4 00000000 		.4byte	0
 1118 00a8 00000000 		.4byte	0
 1119              		.section	.debug_aranges,"",%progbits
 1120 0000 34000000 		.4byte	0x34
 1121 0004 0200     		.2byte	0x2
 1122 0006 00000000 		.4byte	.Ldebug_info0
 1123 000a 04       		.byte	0x4
 1124 000b 00       		.byte	0
 1125 000c 0000     		.2byte	0
 1126 000e 0000     		.2byte	0
 1127 0010 00000000 		.4byte	.LFB65
 1128 0014 38000000 		.4byte	.LFE65-.LFB65
 1129 0018 00000000 		.4byte	.LFB66
 1130 001c 1A000000 		.4byte	.LFE66-.LFB66
 1131 0020 00000000 		.4byte	.LFB63
 1132 0024 24000000 		.4byte	.LFE63-.LFB63
 1133 0028 00000000 		.4byte	.LFB64
 1134 002c 08000000 		.4byte	.LFE64-.LFB64
 1135 0030 00000000 		.4byte	0
 1136 0034 00000000 		.4byte	0
 1137              		.section	.debug_ranges,"",%progbits
 1138              	.Ldebug_ranges0:
 1139 0000 00000000 		.4byte	.LFB65
 1140 0004 38000000 		.4byte	.LFE65
 1141 0008 00000000 		.4byte	.LFB66
ARM GAS  C:\Users\rbhar\AppData\Local\Temp\ccxuw7Ij.s 			page 24


 1142 000c 1A000000 		.4byte	.LFE66
 1143 0010 00000000 		.4byte	.LFB63
 1144 0014 24000000 		.4byte	.LFE63
 1145 0018 00000000 		.4byte	.LFB64
 1146 001c 08000000 		.4byte	.LFE64
 1147 0020 00000000 		.4byte	0
 1148 0024 00000000 		.4byte	0
 1149              		.section	.debug_line,"",%progbits
 1150              	.Ldebug_line0:
 1151 0000 F6010000 		.section	.debug_str,"MS",%progbits,1
 1151      02009001 
 1151      00000201 
 1151      FB0E0D00 
 1151      01010101 
 1152              	.LASF25:
 1153 0000 52435F45 		.ascii	"RC_ERROR_BUFFER_FULL\000"
 1153      52524F52 
 1153      5F425546 
 1153      4645525F 
 1153      46554C4C 
 1154              	.LASF31:
 1155 0015 52435F45 		.ascii	"RC_ERROR_READ_ONLY\000"
 1155      52524F52 
 1155      5F524541 
 1155      445F4F4E 
 1155      4C5900
 1156              	.LASF17:
 1157 0028 52435F53 		.ascii	"RC_SUCCESS\000"
 1157      55434345 
 1157      535300
 1158              	.LASF51:
 1159 0033 44697370 		.ascii	"DisplayNo\000"
 1159      6C61794E 
 1159      6F00
 1160              	.LASF32:
 1161 003d 52435F45 		.ascii	"RC_ERROR_WRITE_ONLY\000"
 1161      52524F52 
 1161      5F575249 
 1161      54455F4F 
 1161      4E4C5900 
 1162              	.LASF2:
 1163 0051 73686F72 		.ascii	"short int\000"
 1163      7420696E 
 1163      7400
 1164              	.LASF23:
 1165 005b 52435F45 		.ascii	"RC_ERROR_OVERRUN\000"
 1165      52524F52 
 1165      5F4F5645 
 1165      5252554E 
 1165      00
 1166              	.LASF35:
 1167 006c 52435F45 		.ascii	"RC_ERROR_WRITE_FAILS\000"
 1167      52524F52 
 1167      5F575249 
 1167      54455F46 
 1167      41494C53 
 1168              	.LASF16:
ARM GAS  C:\Users\rbhar\AppData\Local\Temp\ccxuw7Ij.s 			page 25


 1169 0081 73697A65 		.ascii	"sizetype\000"
 1169      74797065 
 1169      00
 1170              	.LASF20:
 1171 008a 52435F45 		.ascii	"RC_ERROR_ZERO\000"
 1171      52524F52 
 1171      5F5A4552 
 1171      4F00
 1172              	.LASF34:
 1173 0098 52435F45 		.ascii	"RC_ERROR_READ_FAILS\000"
 1173      52524F52 
 1173      5F524541 
 1173      445F4641 
 1173      494C5300 
 1174              	.LASF40:
 1175 00ac 52435F45 		.ascii	"RC_ERROR_INVALID_STATE\000"
 1175      52524F52 
 1175      5F494E56 
 1175      414C4944 
 1175      5F535441 
 1176              	.LASF11:
 1177 00c3 75696E74 		.ascii	"uint8\000"
 1177      3800
 1178              	.LASF45:
 1179 00c9 5345474D 		.ascii	"SEGMENT_ON\000"
 1179      454E545F 
 1179      4F4E00
 1180              	.LASF65:
 1181 00d4 53455645 		.ascii	"SEVEN_Set\000"
 1181      4E5F5365 
 1181      7400
 1182              	.LASF22:
 1183 00de 52435F45 		.ascii	"RC_ERROR_RANGE\000"
 1183      52524F52 
 1183      5F52414E 
 1183      474500
 1184              	.LASF56:
 1185 00ed 53455645 		.ascii	"SEVEN_init\000"
 1185      4E5F696E 
 1185      697400
 1186              	.LASF12:
 1187 00f8 666C6F61 		.ascii	"float\000"
 1187      7400
 1188              	.LASF58:
 1189 00fe 7046756E 		.ascii	"pFunSevenSegement\000"
 1189      53657665 
 1189      6E536567 
 1189      656D656E 
 1189      7400
 1190              	.LASF6:
 1191 0110 6C6F6E67 		.ascii	"long long int\000"
 1191      206C6F6E 
 1191      6720696E 
 1191      7400
 1192              	.LASF49:
 1193 011e 65536567 		.ascii	"eSegments_t\000"
 1193      6D656E74 
ARM GAS  C:\Users\rbhar\AppData\Local\Temp\ccxuw7Ij.s 			page 26


 1193      735F7400 
 1194              	.LASF36:
 1195 012a 52435F45 		.ascii	"RC_ERROR_NOT_MATCH\000"
 1195      52524F52 
 1195      5F4E4F54 
 1195      5F4D4154 
 1195      434800
 1196              	.LASF41:
 1197 013d 52435F45 		.ascii	"RC_ERROR_UNKNOWN\000"
 1197      52524F52 
 1197      5F554E4B 
 1197      4E4F574E 
 1197      00
 1198              	.LASF4:
 1199 014e 6C6F6E67 		.ascii	"long int\000"
 1199      20696E74 
 1199      00
 1200              	.LASF24:
 1201 0157 52435F45 		.ascii	"RC_ERROR_UNDERRUN\000"
 1201      52524F52 
 1201      5F554E44 
 1201      45525255 
 1201      4E00
 1202              	.LASF48:
 1203 0169 53455645 		.ascii	"SEVEN_DISPLAY1\000"
 1203      4E5F4449 
 1203      53504C41 
 1203      593100
 1204              	.LASF27:
 1205 0178 52435F45 		.ascii	"RC_ERROR_BUSY\000"
 1205      52524F52 
 1205      5F425553 
 1205      5900
 1206              	.LASF33:
 1207 0186 52435F45 		.ascii	"RC_ERROR_INVALID\000"
 1207      52524F52 
 1207      5F494E56 
 1207      414C4944 
 1207      00
 1208              	.LASF43:
 1209 0197 65536567 		.ascii	"eSegmentStates\000"
 1209      6D656E74 
 1209      53746174 
 1209      657300
 1210              	.LASF38:
 1211 01a6 52435F45 		.ascii	"RC_ERROR_BAD_DATA\000"
 1211      52524F52 
 1211      5F424144 
 1211      5F444154 
 1211      4100
 1212              	.LASF46:
 1213 01b8 65536567 		.ascii	"eSegments\000"
 1213      6D656E74 
 1213      7300
 1214              	.LASF15:
 1215 01c2 6C6F6E67 		.ascii	"long double\000"
 1215      20646F75 
ARM GAS  C:\Users\rbhar\AppData\Local\Temp\ccxuw7Ij.s 			page 27


 1215      626C6500 
 1216              	.LASF52:
 1217 01ce 56616C75 		.ascii	"Value\000"
 1217      6500
 1218              	.LASF1:
 1219 01d4 756E7369 		.ascii	"unsigned char\000"
 1219      676E6564 
 1219      20636861 
 1219      7200
 1220              	.LASF63:
 1221 01e2 736F7572 		.ascii	"source\\bsw\\seven.c\000"
 1221      63655C62 
 1221      73775C73 
 1221      6576656E 
 1221      2E6300
 1222              	.LASF0:
 1223 01f5 7369676E 		.ascii	"signed char\000"
 1223      65642063 
 1223      68617200 
 1224              	.LASF47:
 1225 0201 53455645 		.ascii	"SEVEN_DISPLAY0\000"
 1225      4E5F4449 
 1225      53504C41 
 1225      593000
 1226              	.LASF7:
 1227 0210 6C6F6E67 		.ascii	"long long unsigned int\000"
 1227      206C6F6E 
 1227      6720756E 
 1227      7369676E 
 1227      65642069 
 1228              	.LASF8:
 1229 0227 756E7369 		.ascii	"unsigned int\000"
 1229      676E6564 
 1229      20696E74 
 1229      00
 1230              	.LASF29:
 1231 0234 52435F45 		.ascii	"RC_ERROR_OPEN\000"
 1231      52524F52 
 1231      5F4F5045 
 1231      4E00
 1232              	.LASF19:
 1233 0242 52435F45 		.ascii	"RC_ERROR_NULL\000"
 1233      52524F52 
 1233      5F4E554C 
 1233      4C00
 1234              	.LASF26:
 1235 0250 52435F45 		.ascii	"RC_ERROR_BUFFER_EMTPY\000"
 1235      52524F52 
 1235      5F425546 
 1235      4645525F 
 1235      454D5450 
 1236              	.LASF55:
 1237 0266 53455645 		.ascii	"SEVEN_Write\000"
 1237      4E5F5772 
 1237      69746500 
 1238              	.LASF3:
 1239 0272 73686F72 		.ascii	"short unsigned int\000"
ARM GAS  C:\Users\rbhar\AppData\Local\Temp\ccxuw7Ij.s 			page 28


 1239      7420756E 
 1239      7369676E 
 1239      65642069 
 1239      6E7400
 1240              	.LASF62:
 1241 0285 474E5520 		.ascii	"GNU C11 5.4.1 20160609 (release) [ARM/embedded-5-br"
 1241      43313120 
 1241      352E342E 
 1241      31203230 
 1241      31363036 
 1242 02b8 616E6368 		.ascii	"anch revision 237715] -mcpu=cortex-m3 -mthumb -g -O"
 1242      20726576 
 1242      6973696F 
 1242      6E203233 
 1242      37373135 
 1243 02eb 67202D66 		.ascii	"g -ffunction-sections -ffat-lto-objects\000"
 1243      66756E63 
 1243      74696F6E 
 1243      2D736563 
 1243      74696F6E 
 1244              	.LASF14:
 1245 0313 63686172 		.ascii	"char\000"
 1245      00
 1246              	.LASF50:
 1247 0318 46756E63 		.ascii	"FunctionPtr\000"
 1247      74696F6E 
 1247      50747200 
 1248              	.LASF10:
 1249 0324 696E7433 		.ascii	"int32_t\000"
 1249      325F7400 
 1250              	.LASF44:
 1251 032c 5345474D 		.ascii	"SEGMENT_OFF\000"
 1251      454E545F 
 1251      4F464600 
 1252              	.LASF57:
 1253 0338 53455645 		.ascii	"SEVEN_clear\000"
 1253      4E5F636C 
 1253      65617200 
 1254              	.LASF37:
 1255 0344 52435F45 		.ascii	"RC_ERROR_BAD_PARAM\000"
 1255      52524F52 
 1255      5F424144 
 1255      5F504152 
 1255      414D00
 1256              	.LASF64:
 1257 0357 443A5C48 		.ascii	"D:\\HDA\\Pre-Semester\\2_Microcontroller\\LabWorksp"
 1257      44415C50 
 1257      72652D53 
 1257      656D6573 
 1257      7465725C 
 1258 0386 6163655C 		.ascii	"ace\\LabMicrocontroller\\day2_seven.cydsn\000"
 1258      4C61624D 
 1258      6963726F 
 1258      636F6E74 
 1258      726F6C6C 
 1259              	.LASF61:
 1260 03ae 50696E5F 		.ascii	"Pin_Display_Write\000"
ARM GAS  C:\Users\rbhar\AppData\Local\Temp\ccxuw7Ij.s 			page 29


 1260      44697370 
 1260      6C61795F 
 1260      57726974 
 1260      6500
 1261              	.LASF5:
 1262 03c0 6C6F6E67 		.ascii	"long unsigned int\000"
 1262      20756E73 
 1262      69676E65 
 1262      6420696E 
 1262      7400
 1263              	.LASF53:
 1264 03d2 4E6F546F 		.ascii	"NoToDisplay\000"
 1264      44697370 
 1264      6C617900 
 1265              	.LASF30:
 1266 03de 52435F45 		.ascii	"RC_ERROR_CHECKSUM\000"
 1266      52524F52 
 1266      5F434845 
 1266      434B5355 
 1266      4D00
 1267              	.LASF9:
 1268 03f0 5F5F696E 		.ascii	"__int32_t\000"
 1268      7433325F 
 1268      7400
 1269              	.LASF60:
 1270 03fa 50696E5F 		.ascii	"Pin_Select_Write\000"
 1270      53656C65 
 1270      63745F57 
 1270      72697465 
 1270      00
 1271              	.LASF39:
 1272 040b 52435F45 		.ascii	"RC_ERROR_CANCELED\000"
 1272      52524F52 
 1272      5F43414E 
 1272      43454C45 
 1272      4400
 1273              	.LASF13:
 1274 041d 646F7562 		.ascii	"double\000"
 1274      6C6500
 1275              	.LASF59:
 1276 0424 4C6F6F6B 		.ascii	"LookUpForDisplay\000"
 1276      5570466F 
 1276      72446973 
 1276      706C6179 
 1276      00
 1277              	.LASF66:
 1278 0435 49544D5F 		.ascii	"ITM_RxBuffer\000"
 1278      52784275 
 1278      66666572 
 1278      00
 1279              	.LASF18:
 1280 0442 52435F45 		.ascii	"RC_ERROR\000"
 1280      52524F52 
 1280      00
 1281              	.LASF21:
 1282 044b 52435F45 		.ascii	"RC_ERROR_MEMORY\000"
 1282      52524F52 
ARM GAS  C:\Users\rbhar\AppData\Local\Temp\ccxuw7Ij.s 			page 30


 1282      5F4D454D 
 1282      4F525900 
 1283              	.LASF42:
 1284 045b 52435F74 		.ascii	"RC_t\000"
 1284      00
 1285              	.LASF54:
 1286 0460 4C6F6F70 		.ascii	"LoopCounter\000"
 1286      436F756E 
 1286      74657200 
 1287              	.LASF28:
 1288 046c 52435F45 		.ascii	"RC_ERROR_TIME_OUT\000"
 1288      52524F52 
 1288      5F54494D 
 1288      455F4F55 
 1288      5400
 1289              		.ident	"GCC: (GNU Tools for ARM Embedded Processors) 5.4.1 20160609 (release) [ARM/embedded-5-bran
