--------------- Clean Started: 09/26/2018 17:01:43 Project: ReactionGame, Configuration: ARM GCC 5.4-2016-q2-update Debug ---------------
Deleting file ".\CortexM3\ARM_GCC_541\Debug\main.o"
Deleting file ".\CortexM3\ARM_GCC_541\Debug\Button.o"
Deleting file ".\CortexM3\ARM_GCC_541\Debug\led.o"
Deleting file ".\CortexM3\ARM_GCC_541\Debug\seven.o"
Deleting file ".\CortexM3\ARM_GCC_541\Debug\uart.o"
Deleting file ".\CortexM3\ARM_GCC_541\Debug\cyfitter_cfg.o"
Deleting file ".\CortexM3\ARM_GCC_541\Debug\cymetadata.o"
Deleting file ".\CortexM3\ARM_GCC_541\Debug\Pin_LedRed.o"
Deleting file ".\CortexM3\ARM_GCC_541\Debug\Pin_LedGreen.o"
Deleting file ".\CortexM3\ARM_GCC_541\Debug\Pin_LedYellow.o"
Deleting file ".\CortexM3\ARM_GCC_541\Debug\Pin_Button1.o"
Deleting file ".\CortexM3\ARM_GCC_541\Debug\Pin_Button2.o"
Deleting file ".\CortexM3\ARM_GCC_541\Debug\Pin_Button3.o"
Deleting file ".\CortexM3\ARM_GCC_541\Debug\Pin_Button4.o"
Deleting file ".\CortexM3\ARM_GCC_541\Debug\ISR_Button1.o"
Deleting file ".\CortexM3\ARM_GCC_541\Debug\ISR_Button2.o"
Deleting file ".\CortexM3\ARM_GCC_541\Debug\ISR_Button3.o"
Deleting file ".\CortexM3\ARM_GCC_541\Debug\ISR_Button4.o"
Deleting file ".\CortexM3\ARM_GCC_541\Debug\Pin_Seg1_A.o"
Deleting file ".\CortexM3\ARM_GCC_541\Debug\Pin_Seg1_B.o"
Deleting file ".\CortexM3\ARM_GCC_541\Debug\Pin_Seg1_C.o"
Deleting file ".\CortexM3\ARM_GCC_541\Debug\Pin_Seg1_D.o"
Deleting file ".\CortexM3\ARM_GCC_541\Debug\Pin_Seg1_E.o"
Deleting file ".\CortexM3\ARM_GCC_541\Debug\Pin_Seg1_F.o"
Deleting file ".\CortexM3\ARM_GCC_541\Debug\Pin_Seg1_G.o"
Deleting file ".\CortexM3\ARM_GCC_541\Debug\Pin_Select.o"
Deleting file ".\CortexM3\ARM_GCC_541\Debug\Pin_Display.o"
Deleting file ".\CortexM3\ARM_GCC_541\Debug\UART_1.o"
Deleting file ".\CortexM3\ARM_GCC_541\Debug\UART_1_PM.o"
Deleting file ".\CortexM3\ARM_GCC_541\Debug\UART_1_INT.o"
Deleting file ".\CortexM3\ARM_GCC_541\Debug\UART_1_BOOT.o"
Deleting file ".\CortexM3\ARM_GCC_541\Debug\UART_1_IntClock.o"
Deleting file ".\CortexM3\ARM_GCC_541\Debug\Cm3Start.o"
Deleting file ".\CortexM3\ARM_GCC_541\Debug\CyBootAsmGnu.o"
Deleting file ".\CortexM3\ARM_GCC_541\Debug\CyDmac.o"
Deleting file ".\CortexM3\ARM_GCC_541\Debug\CyFlash.o"
Deleting file ".\CortexM3\ARM_GCC_541\Debug\CyLib.o"
Deleting file ".\CortexM3\ARM_GCC_541\Debug\cyPm.o"
Deleting file ".\CortexM3\ARM_GCC_541\Debug\CySpc.o"
Deleting file ".\CortexM3\ARM_GCC_541\Debug\cyutils.o"
Deleting file ".\CortexM3\ARM_GCC_541\Debug\cy_em_eeprom.o"
Deleting file ".\CortexM3\ARM_GCC_541\Debug\Control_Reg_SevenSegmentLED.o"
Deleting file ".\CortexM3\ARM_GCC_541\Debug\Control_Reg_SevenSegmentLED_PM.o"
Deleting file ".\CortexM3\ARM_GCC_541\Debug\ReactionGame.elf"
Deleting file ".\CortexM3\ARM_GCC_541\Debug\ReactionGame.map"
Deleting file ".\ReactionGame.cycdx"
Deleting file ".\ReactionGame.svd"
Deleting file ".\ReactionGame.rpt"
Deleting file ".\ReactionGame_timing.html"
Deleting file ".\CortexM3\ARM_GCC_541\Debug\.deps\SOURCE_C__ARM_GCC_GENERIC.P"
Deleting file ".\CortexM3\ARM_GCC_541\Debug\.deps\SOURCE_ASM__ARM_GCC_GENERIC.P"
--------------- Clean Succeeded: 09/26/2018 17:01:43 ---------------
