ARM GAS  C:\Users\rbhar\AppData\Local\Temp\ccQtuKOz.s 			page 1


   1              		.syntax unified
   2              		.cpu cortex-m3
   3              		.fpu softvfp
   4              		.eabi_attribute 20, 1
   5              		.eabi_attribute 21, 1
   6              		.eabi_attribute 23, 3
   7              		.eabi_attribute 24, 1
   8              		.eabi_attribute 25, 1
   9              		.eabi_attribute 26, 1
  10              		.eabi_attribute 30, 1
  11              		.eabi_attribute 34, 1
  12              		.eabi_attribute 18, 4
  13              		.thumb
  14              		.syntax unified
  15              		.file	"Button.c"
  16              		.text
  17              	.Ltext0:
  18              		.cfi_sections	.debug_frame
  19              		.section	.text.ISR_Button1_Callback,"ax",%progbits
  20              		.align	2
  21              		.global	ISR_Button1_Callback
  22              		.thumb
  23              		.thumb_func
  24              		.type	ISR_Button1_Callback, %function
  25              	ISR_Button1_Callback:
  26              	.LFB63:
  27              		.file 1 "source\\bsw\\Button.c"
   1:source\bsw/Button.c **** /**
   2:source\bsw/Button.c **** * \file <ISR_Handler.c>
   3:source\bsw/Button.c **** * \author <Bharath Ramachandraiah>
   4:source\bsw/Button.c **** * \date <25/09/2018>
   5:source\bsw/Button.c **** *
   6:source\bsw/Button.c **** * \brief <Symbolic File name>
   7:source\bsw/Button.c **** *
   8:source\bsw/Button.c **** * \copyright Copyright ©2016
   9:source\bsw/Button.c **** * Department of electrical engineering and information technology, Hochschule Darmstadt - Universit
  10:source\bsw/Button.c **** * Permission to use, copy, modify, and distribute this software and its documentation for education
  11:source\bsw/Button.c **** * (unless permitted by h_da) and official h_da projects, is hereby granted for enrolled students of
  12:source\bsw/Button.c **** * this paragraph and the following paragraph appear in all copies, modifications, and distributions
  13:source\bsw/Button.c **** * Contact Prof.Dr.-Ing. Peter Fromm, peter.fromm@h-da.de, Birkenweg 8 64295 Darmstadt - GERMANY for
  14:source\bsw/Button.c **** *
  15:source\bsw/Button.c **** * \warning This software is a PROTOTYPE version and is not designed or intended for use in producti
  16:source\bsw/Button.c **** * The user represents and warrants that it will NOT use or redistribute the Software for such purpo
  17:source\bsw/Button.c **** * This prototype is for research purposes only. This software is provided "AS IS," without a warran
  18:source\bsw/Button.c **** */
  19:source\bsw/Button.c **** 
  20:source\bsw/Button.c **** /*****************************************************************************/
  21:source\bsw/Button.c **** /* Include files                                                             */
  22:source\bsw/Button.c **** /*****************************************************************************/
  23:source\bsw/Button.c **** #include "global.h"
  24:source\bsw/Button.c **** #include "Button.h"
  25:source\bsw/Button.c **** #include "seven.h"
  26:source\bsw/Button.c **** #include "led.h"
  27:source\bsw/Button.c **** #include "Timer.h"
  28:source\bsw/Button.c **** /*****************************************************************************/
  29:source\bsw/Button.c **** /* Local pre-processor symbols/macros ('#define')                            */
  30:source\bsw/Button.c **** /*****************************************************************************/
ARM GAS  C:\Users\rbhar\AppData\Local\Temp\ccQtuKOz.s 			page 2


  31:source\bsw/Button.c **** 
  32:source\bsw/Button.c **** /*****************************************************************************/
  33:source\bsw/Button.c **** /* Global variable definitions (declared in header file with 'extern')       */
  34:source\bsw/Button.c **** /*****************************************************************************/
  35:source\bsw/Button.c **** 
  36:source\bsw/Button.c **** /*****************************************************************************/
  37:source\bsw/Button.c **** /* Local type definitions ('typedef')                                        */
  38:source\bsw/Button.c **** /*****************************************************************************/
  39:source\bsw/Button.c **** 
  40:source\bsw/Button.c **** /*****************************************************************************/
  41:source\bsw/Button.c **** /* Local variable definitions ('static')                                     */
  42:source\bsw/Button.c **** /*****************************************************************************/
  43:source\bsw/Button.c **** static eButtonPressStates_t CurrentButtonState = BUTTON_UNPRESSED;
  44:source\bsw/Button.c **** 
  45:source\bsw/Button.c **** 
  46:source\bsw/Button.c **** /*****************************************************************************/
  47:source\bsw/Button.c **** /* Local function prototypes ('static')                                      */
  48:source\bsw/Button.c **** /*****************************************************************************/
  49:source\bsw/Button.c **** 
  50:source\bsw/Button.c **** 
  51:source\bsw/Button.c **** /*****************************************************************************/
  52:source\bsw/Button.c **** /* Function implementation - global ('extern') and local ('static')          */
  53:source\bsw/Button.c **** /*****************************************************************************/
  54:source\bsw/Button.c **** 
  55:source\bsw/Button.c **** /**
  56:source\bsw/Button.c ****  * This is a callback function for Button 1 press. The process of the ISR is
  57:source\bsw/Button.c ****  * done here.
  58:source\bsw/Button.c ****  * @param void
  59:source\bsw/Button.c ****  * @return void
  60:source\bsw/Button.c ****  */
  61:source\bsw/Button.c **** void ISR_Button1_Callback(void)
  62:source\bsw/Button.c **** {
  28              		.loc 1 62 0
  29              		.cfi_startproc
  30              		@ args = 0, pretend = 0, frame = 0
  31              		@ frame_needed = 0, uses_anonymous_args = 0
  32 0000 08B5     		push	{r3, lr}
  33              		.cfi_def_cfa_offset 8
  34              		.cfi_offset 3, -8
  35              		.cfi_offset 14, -4
  63:source\bsw/Button.c ****     StopTimerMeasurement();
  36              		.loc 1 63 0
  37 0002 FFF7FEFF 		bl	StopTimerMeasurement
  38              	.LVL0:
  64:source\bsw/Button.c ****     
  65:source\bsw/Button.c ****     if (CurrentButtonState == BUTTON_UNPRESSED)
  39              		.loc 1 65 0
  40 0006 034B     		ldr	r3, .L4
  41 0008 1B78     		ldrb	r3, [r3]	@ zero_extendqisi2
  42 000a 13B9     		cbnz	r3, .L1
  66:source\bsw/Button.c ****     {
  67:source\bsw/Button.c ****         CurrentButtonState = BUTTON_PRESSED_1;
  43              		.loc 1 67 0
  44 000c 0122     		movs	r2, #1
  45 000e 014B     		ldr	r3, .L4
  46 0010 1A70     		strb	r2, [r3]
  47              	.L1:
ARM GAS  C:\Users\rbhar\AppData\Local\Temp\ccQtuKOz.s 			page 3


  48 0012 08BD     		pop	{r3, pc}
  49              	.L5:
  50              		.align	2
  51              	.L4:
  52 0014 00000000 		.word	.LANCHOR0
  53              		.cfi_endproc
  54              	.LFE63:
  55              		.size	ISR_Button1_Callback, .-ISR_Button1_Callback
  56              		.section	.text.ISR_Button2_Callback,"ax",%progbits
  57              		.align	2
  58              		.global	ISR_Button2_Callback
  59              		.thumb
  60              		.thumb_func
  61              		.type	ISR_Button2_Callback, %function
  62              	ISR_Button2_Callback:
  63              	.LFB64:
  68:source\bsw/Button.c ****     }
  69:source\bsw/Button.c ****     return;
  70:source\bsw/Button.c **** }
  71:source\bsw/Button.c **** 
  72:source\bsw/Button.c **** /**
  73:source\bsw/Button.c ****  * This is a callback function for Button 2 press. The process of the ISR is
  74:source\bsw/Button.c ****  * done here.
  75:source\bsw/Button.c ****  * @param void
  76:source\bsw/Button.c ****  * @return void
  77:source\bsw/Button.c ****  */
  78:source\bsw/Button.c **** void ISR_Button2_Callback(void)
  79:source\bsw/Button.c **** {
  64              		.loc 1 79 0
  65              		.cfi_startproc
  66              		@ args = 0, pretend = 0, frame = 0
  67              		@ frame_needed = 0, uses_anonymous_args = 0
  68 0000 08B5     		push	{r3, lr}
  69              		.cfi_def_cfa_offset 8
  70              		.cfi_offset 3, -8
  71              		.cfi_offset 14, -4
  80:source\bsw/Button.c ****     StopTimerMeasurement();
  72              		.loc 1 80 0
  73 0002 FFF7FEFF 		bl	StopTimerMeasurement
  74              	.LVL1:
  81:source\bsw/Button.c ****     
  82:source\bsw/Button.c ****     if (CurrentButtonState == BUTTON_UNPRESSED)
  75              		.loc 1 82 0
  76 0006 034B     		ldr	r3, .L9
  77 0008 1B78     		ldrb	r3, [r3]	@ zero_extendqisi2
  78 000a 13B9     		cbnz	r3, .L6
  83:source\bsw/Button.c ****     {
  84:source\bsw/Button.c ****         CurrentButtonState = BUTTON_PRESSED_2;
  79              		.loc 1 84 0
  80 000c 0222     		movs	r2, #2
  81 000e 014B     		ldr	r3, .L9
  82 0010 1A70     		strb	r2, [r3]
  83              	.L6:
  84 0012 08BD     		pop	{r3, pc}
  85              	.L10:
  86              		.align	2
  87              	.L9:
ARM GAS  C:\Users\rbhar\AppData\Local\Temp\ccQtuKOz.s 			page 4


  88 0014 00000000 		.word	.LANCHOR0
  89              		.cfi_endproc
  90              	.LFE64:
  91              		.size	ISR_Button2_Callback, .-ISR_Button2_Callback
  92              		.section	.text.ISR_Button3_Callback,"ax",%progbits
  93              		.align	2
  94              		.global	ISR_Button3_Callback
  95              		.thumb
  96              		.thumb_func
  97              		.type	ISR_Button3_Callback, %function
  98              	ISR_Button3_Callback:
  99              	.LFB65:
  85:source\bsw/Button.c ****     }
  86:source\bsw/Button.c ****     return;
  87:source\bsw/Button.c **** }
  88:source\bsw/Button.c **** 
  89:source\bsw/Button.c **** /**
  90:source\bsw/Button.c ****  * This is a callback function for Button 3 press. The process of the ISR is
  91:source\bsw/Button.c ****  * done here.
  92:source\bsw/Button.c ****  * @param void
  93:source\bsw/Button.c ****  * @return void
  94:source\bsw/Button.c ****  */
  95:source\bsw/Button.c **** void ISR_Button3_Callback(void)
  96:source\bsw/Button.c **** {
 100              		.loc 1 96 0
 101              		.cfi_startproc
 102              		@ args = 0, pretend = 0, frame = 0
 103              		@ frame_needed = 0, uses_anonymous_args = 0
 104              		@ link register save eliminated.
 105 0000 7047     		bx	lr
 106              		.cfi_endproc
 107              	.LFE65:
 108              		.size	ISR_Button3_Callback, .-ISR_Button3_Callback
 109 0002 00BF     		.section	.text.ISR_Button4_Callback,"ax",%progbits
 110              		.align	2
 111              		.global	ISR_Button4_Callback
 112              		.thumb
 113              		.thumb_func
 114              		.type	ISR_Button4_Callback, %function
 115              	ISR_Button4_Callback:
 116              	.LFB66:
  97:source\bsw/Button.c ****     return;
  98:source\bsw/Button.c **** }
  99:source\bsw/Button.c **** 
 100:source\bsw/Button.c **** /**
 101:source\bsw/Button.c ****  * This is a callback function for Button 4 press. The process of the ISR is
 102:source\bsw/Button.c ****  * done here.
 103:source\bsw/Button.c ****  * @param void
 104:source\bsw/Button.c ****  * @return void
 105:source\bsw/Button.c ****  */
 106:source\bsw/Button.c **** void ISR_Button4_Callback(void)
 107:source\bsw/Button.c **** {
 117              		.loc 1 107 0
 118              		.cfi_startproc
 119              		@ args = 0, pretend = 0, frame = 0
 120              		@ frame_needed = 0, uses_anonymous_args = 0
 121              		@ link register save eliminated.
ARM GAS  C:\Users\rbhar\AppData\Local\Temp\ccQtuKOz.s 			page 5


 122 0000 7047     		bx	lr
 123              		.cfi_endproc
 124              	.LFE66:
 125              		.size	ISR_Button4_Callback, .-ISR_Button4_Callback
 126 0002 00BF     		.section	.text.UpdateButtonPressed,"ax",%progbits
 127              		.align	2
 128              		.global	UpdateButtonPressed
 129              		.thumb
 130              		.thumb_func
 131              		.type	UpdateButtonPressed, %function
 132              	UpdateButtonPressed:
 133              	.LFB67:
 108:source\bsw/Button.c ****     return;
 109:source\bsw/Button.c **** }
 110:source\bsw/Button.c **** 
 111:source\bsw/Button.c **** /**
 112:source\bsw/Button.c ****  * The function is called to update the current button pressed by the user.
 113:source\bsw/Button.c ****  * @param eButtonPressStates_t ButtonStat       : IN the button which is pressed
 114:source\bsw/Button.c ****  * @return the button press is saved in the memory
 115:source\bsw/Button.c ****  */
 116:source\bsw/Button.c **** void UpdateButtonPressed(eButtonPressStates_t ButtonState)
 117:source\bsw/Button.c **** {
 134              		.loc 1 117 0
 135              		.cfi_startproc
 136              		@ args = 0, pretend = 0, frame = 0
 137              		@ frame_needed = 0, uses_anonymous_args = 0
 138              		@ link register save eliminated.
 139              	.LVL2:
 118:source\bsw/Button.c ****     CurrentButtonState = ButtonState;
 140              		.loc 1 118 0
 141 0000 014B     		ldr	r3, .L14
 142 0002 1870     		strb	r0, [r3]
 143 0004 7047     		bx	lr
 144              	.L15:
 145 0006 00BF     		.align	2
 146              	.L14:
 147 0008 00000000 		.word	.LANCHOR0
 148              		.cfi_endproc
 149              	.LFE67:
 150              		.size	UpdateButtonPressed, .-UpdateButtonPressed
 151              		.section	.text.ReadCurrentButtonPressed,"ax",%progbits
 152              		.align	2
 153              		.global	ReadCurrentButtonPressed
 154              		.thumb
 155              		.thumb_func
 156              		.type	ReadCurrentButtonPressed, %function
 157              	ReadCurrentButtonPressed:
 158              	.LFB68:
 119:source\bsw/Button.c **** }
 120:source\bsw/Button.c **** 
 121:source\bsw/Button.c **** /**
 122:source\bsw/Button.c ****  * The function is called to read the button pressed which is stored in the memory.
 123:source\bsw/Button.c ****  * @param void
 124:source\bsw/Button.c ****  * @return the button press status from the memory.
 125:source\bsw/Button.c ****  */
 126:source\bsw/Button.c **** eButtonPressStates_t ReadCurrentButtonPressed(void)
 127:source\bsw/Button.c **** {
ARM GAS  C:\Users\rbhar\AppData\Local\Temp\ccQtuKOz.s 			page 6


 159              		.loc 1 127 0
 160              		.cfi_startproc
 161              		@ args = 0, pretend = 0, frame = 0
 162              		@ frame_needed = 0, uses_anonymous_args = 0
 163              		@ link register save eliminated.
 128:source\bsw/Button.c ****     return CurrentButtonState;
 129:source\bsw/Button.c **** }...
 164              		.loc 1 129 0
 165 0000 014B     		ldr	r3, .L17
 166 0002 1878     		ldrb	r0, [r3]	@ zero_extendqisi2
 167 0004 7047     		bx	lr
 168              	.L18:
 169 0006 00BF     		.align	2
 170              	.L17:
 171 0008 00000000 		.word	.LANCHOR0
 172              		.cfi_endproc
 173              	.LFE68:
 174              		.size	ReadCurrentButtonPressed, .-ReadCurrentButtonPressed
 175              		.bss
 176              		.set	.LANCHOR0,. + 0
 177              		.type	CurrentButtonState, %object
 178              		.size	CurrentButtonState, 1
 179              	CurrentButtonState:
 180 0000 00       		.space	1
 181              		.text
 182              	.Letext0:
 183              		.file 2 "c:\\program files (x86)\\cypress\\psoc creator\\4.2\\psoc creator\\import\\gnu\\arm\\5.4.
 184              		.file 3 "c:\\program files (x86)\\cypress\\psoc creator\\4.2\\psoc creator\\import\\gnu\\arm\\5.4.
 185              		.file 4 "source\\bsw\\Button.h"
 186              		.file 5 "Generated_Source\\PSoC5/core_cm3.h"
 187              		.file 6 "source\\bsw\\Timer.h"
 188              		.section	.debug_info,"",%progbits
 189              	.Ldebug_info0:
 190 0000 A6010000 		.4byte	0x1a6
 191 0004 0400     		.2byte	0x4
 192 0006 00000000 		.4byte	.Ldebug_abbrev0
 193 000a 04       		.byte	0x4
 194 000b 01       		.uleb128 0x1
 195 000c DD000000 		.4byte	.LASF28
 196 0010 0C       		.byte	0xc
 197 0011 BC010000 		.4byte	.LASF29
 198 0015 5D000000 		.4byte	.LASF30
 199 0019 00000000 		.4byte	.Ldebug_ranges0+0
 200 001d 00000000 		.4byte	0
 201 0021 00000000 		.4byte	.Ldebug_line0
 202 0025 02       		.uleb128 0x2
 203 0026 01       		.byte	0x1
 204 0027 06       		.byte	0x6
 205 0028 F1020000 		.4byte	.LASF0
 206 002c 02       		.uleb128 0x2
 207 002d 01       		.byte	0x1
 208 002e 08       		.byte	0x8
 209 002f CF000000 		.4byte	.LASF1
 210 0033 02       		.uleb128 0x2
 211 0034 02       		.byte	0x2
 212 0035 05       		.byte	0x5
 213 0036 B6020000 		.4byte	.LASF2
ARM GAS  C:\Users\rbhar\AppData\Local\Temp\ccQtuKOz.s 			page 7


 214 003a 02       		.uleb128 0x2
 215 003b 02       		.byte	0x2
 216 003c 07       		.byte	0x7
 217 003d 92010000 		.4byte	.LASF3
 218 0041 03       		.uleb128 0x3
 219 0042 29000000 		.4byte	.LASF9
 220 0046 02       		.byte	0x2
 221 0047 3F       		.byte	0x3f
 222 0048 4C000000 		.4byte	0x4c
 223 004c 02       		.uleb128 0x2
 224 004d 04       		.byte	0x4
 225 004e 05       		.byte	0x5
 226 004f D3020000 		.4byte	.LASF4
 227 0053 02       		.uleb128 0x2
 228 0054 04       		.byte	0x4
 229 0055 07       		.byte	0x7
 230 0056 80010000 		.4byte	.LASF5
 231 005a 02       		.uleb128 0x2
 232 005b 08       		.byte	0x8
 233 005c 05       		.byte	0x5
 234 005d 9B020000 		.4byte	.LASF6
 235 0061 02       		.uleb128 0x2
 236 0062 08       		.byte	0x8
 237 0063 07       		.byte	0x7
 238 0064 63020000 		.4byte	.LASF7
 239 0068 04       		.uleb128 0x4
 240 0069 04       		.byte	0x4
 241 006a 05       		.byte	0x5
 242 006b 696E7400 		.ascii	"int\000"
 243 006f 02       		.uleb128 0x2
 244 0070 04       		.byte	0x4
 245 0071 07       		.byte	0x7
 246 0072 28020000 		.4byte	.LASF8
 247 0076 03       		.uleb128 0x3
 248 0077 AE020000 		.4byte	.LASF10
 249 007b 03       		.byte	0x3
 250 007c 2C       		.byte	0x2c
 251 007d 41000000 		.4byte	0x41
 252 0081 02       		.uleb128 0x2
 253 0082 04       		.byte	0x4
 254 0083 04       		.byte	0x4
 255 0084 B6000000 		.4byte	.LASF11
 256 0088 02       		.uleb128 0x2
 257 0089 08       		.byte	0x8
 258 008a 04       		.byte	0x4
 259 008b 14020000 		.4byte	.LASF12
 260 008f 02       		.uleb128 0x2
 261 0090 01       		.byte	0x1
 262 0091 08       		.byte	0x8
 263 0092 A9020000 		.4byte	.LASF13
 264 0096 02       		.uleb128 0x2
 265 0097 08       		.byte	0x8
 266 0098 04       		.byte	0x4
 267 0099 86020000 		.4byte	.LASF14
 268 009d 02       		.uleb128 0x2
 269 009e 04       		.byte	0x4
 270 009f 07       		.byte	0x7
ARM GAS  C:\Users\rbhar\AppData\Local\Temp\ccQtuKOz.s 			page 8


 271 00a0 92020000 		.4byte	.LASF15
 272 00a4 05       		.uleb128 0x5
 273 00a5 BC000000 		.4byte	.LASF31
 274 00a9 01       		.byte	0x1
 275 00aa 2C000000 		.4byte	0x2c
 276 00ae 04       		.byte	0x4
 277 00af 56       		.byte	0x56
 278 00b0 D9000000 		.4byte	0xd9
 279 00b4 06       		.uleb128 0x6
 280 00b5 FD020000 		.4byte	.LASF16
 281 00b9 00       		.byte	0
 282 00ba 06       		.uleb128 0x6
 283 00bb D0010000 		.4byte	.LASF17
 284 00bf 01       		.byte	0x1
 285 00c0 06       		.uleb128 0x6
 286 00c1 E1010000 		.4byte	.LASF18
 287 00c5 02       		.byte	0x2
 288 00c6 06       		.uleb128 0x6
 289 00c7 F2010000 		.4byte	.LASF19
 290 00cb 03       		.byte	0x3
 291 00cc 06       		.uleb128 0x6
 292 00cd 03020000 		.4byte	.LASF20
 293 00d1 04       		.byte	0x4
 294 00d2 06       		.uleb128 0x6
 295 00d3 A5010000 		.4byte	.LASF21
 296 00d7 05       		.byte	0x5
 297 00d8 00       		.byte	0
 298 00d9 03       		.uleb128 0x3
 299 00da 33000000 		.4byte	.LASF22
 300 00de 04       		.byte	0x4
 301 00df 60       		.byte	0x60
 302 00e0 A4000000 		.4byte	0xa4
 303 00e4 07       		.uleb128 0x7
 304 00e5 6B010000 		.4byte	.LASF23
 305 00e9 01       		.byte	0x1
 306 00ea 3D       		.byte	0x3d
 307 00eb 00000000 		.4byte	.LFB63
 308 00ef 18000000 		.4byte	.LFE63-.LFB63
 309 00f3 01       		.uleb128 0x1
 310 00f4 9C       		.byte	0x9c
 311 00f5 03010000 		.4byte	0x103
 312 00f9 08       		.uleb128 0x8
 313 00fa 06000000 		.4byte	.LVL0
 314 00fe 9E010000 		.4byte	0x19e
 315 0102 00       		.byte	0
 316 0103 07       		.uleb128 0x7
 317 0104 48000000 		.4byte	.LASF24
 318 0108 01       		.byte	0x1
 319 0109 4E       		.byte	0x4e
 320 010a 00000000 		.4byte	.LFB64
 321 010e 18000000 		.4byte	.LFE64-.LFB64
 322 0112 01       		.uleb128 0x1
 323 0113 9C       		.byte	0x9c
 324 0114 22010000 		.4byte	0x122
 325 0118 08       		.uleb128 0x8
 326 0119 06000000 		.4byte	.LVL1
 327 011d 9E010000 		.4byte	0x19e
ARM GAS  C:\Users\rbhar\AppData\Local\Temp\ccQtuKOz.s 			page 9


 328 0121 00       		.byte	0
 329 0122 09       		.uleb128 0x9
 330 0123 14000000 		.4byte	.LASF25
 331 0127 01       		.byte	0x1
 332 0128 5F       		.byte	0x5f
 333 0129 00000000 		.4byte	.LFB65
 334 012d 02000000 		.4byte	.LFE65-.LFB65
 335 0131 01       		.uleb128 0x1
 336 0132 9C       		.byte	0x9c
 337 0133 09       		.uleb128 0x9
 338 0134 DC020000 		.4byte	.LASF26
 339 0138 01       		.byte	0x1
 340 0139 6A       		.byte	0x6a
 341 013a 00000000 		.4byte	.LFB66
 342 013e 02000000 		.4byte	.LFE66-.LFB66
 343 0142 01       		.uleb128 0x1
 344 0143 9C       		.byte	0x9c
 345 0144 07       		.uleb128 0x7
 346 0145 00000000 		.4byte	.LASF27
 347 0149 01       		.byte	0x1
 348 014a 74       		.byte	0x74
 349 014b 00000000 		.4byte	.LFB67
 350 014f 0C000000 		.4byte	.LFE67-.LFB67
 351 0153 01       		.uleb128 0x1
 352 0154 9C       		.byte	0x9c
 353 0155 67010000 		.4byte	0x167
 354 0159 0A       		.uleb128 0xa
 355 015a 7A020000 		.4byte	.LASF32
 356 015e 01       		.byte	0x1
 357 015f 74       		.byte	0x74
 358 0160 D9000000 		.4byte	0xd9
 359 0164 01       		.uleb128 0x1
 360 0165 50       		.byte	0x50
 361 0166 00       		.byte	0
 362 0167 0B       		.uleb128 0xb
 363 0168 4A020000 		.4byte	.LASF33
 364 016c 01       		.byte	0x1
 365 016d 7E       		.byte	0x7e
 366 016e D9000000 		.4byte	0xd9
 367 0172 00000000 		.4byte	.LFB68
 368 0176 0C000000 		.4byte	.LFE68-.LFB68
 369 017a 01       		.uleb128 0x1
 370 017b 9C       		.byte	0x9c
 371 017c 0C       		.uleb128 0xc
 372 017d C0020000 		.4byte	.LASF34
 373 0181 01       		.byte	0x1
 374 0182 2B       		.byte	0x2b
 375 0183 D9000000 		.4byte	0xd9
 376 0187 05       		.uleb128 0x5
 377 0188 03       		.byte	0x3
 378 0189 00000000 		.4byte	CurrentButtonState
 379 018d 0D       		.uleb128 0xd
 380 018e 1B020000 		.4byte	.LASF35
 381 0192 05       		.byte	0x5
 382 0193 1207     		.2byte	0x712
 383 0195 99010000 		.4byte	0x199
 384 0199 0E       		.uleb128 0xe
ARM GAS  C:\Users\rbhar\AppData\Local\Temp\ccQtuKOz.s 			page 10


 385 019a 76000000 		.4byte	0x76
 386 019e 0F       		.uleb128 0xf
 387 019f 35020000 		.4byte	.LASF36
 388 01a3 35020000 		.4byte	.LASF36
 389 01a7 06       		.byte	0x6
 390 01a8 86       		.byte	0x86
 391 01a9 00       		.byte	0
 392              		.section	.debug_abbrev,"",%progbits
 393              	.Ldebug_abbrev0:
 394 0000 01       		.uleb128 0x1
 395 0001 11       		.uleb128 0x11
 396 0002 01       		.byte	0x1
 397 0003 25       		.uleb128 0x25
 398 0004 0E       		.uleb128 0xe
 399 0005 13       		.uleb128 0x13
 400 0006 0B       		.uleb128 0xb
 401 0007 03       		.uleb128 0x3
 402 0008 0E       		.uleb128 0xe
 403 0009 1B       		.uleb128 0x1b
 404 000a 0E       		.uleb128 0xe
 405 000b 55       		.uleb128 0x55
 406 000c 17       		.uleb128 0x17
 407 000d 11       		.uleb128 0x11
 408 000e 01       		.uleb128 0x1
 409 000f 10       		.uleb128 0x10
 410 0010 17       		.uleb128 0x17
 411 0011 00       		.byte	0
 412 0012 00       		.byte	0
 413 0013 02       		.uleb128 0x2
 414 0014 24       		.uleb128 0x24
 415 0015 00       		.byte	0
 416 0016 0B       		.uleb128 0xb
 417 0017 0B       		.uleb128 0xb
 418 0018 3E       		.uleb128 0x3e
 419 0019 0B       		.uleb128 0xb
 420 001a 03       		.uleb128 0x3
 421 001b 0E       		.uleb128 0xe
 422 001c 00       		.byte	0
 423 001d 00       		.byte	0
 424 001e 03       		.uleb128 0x3
 425 001f 16       		.uleb128 0x16
 426 0020 00       		.byte	0
 427 0021 03       		.uleb128 0x3
 428 0022 0E       		.uleb128 0xe
 429 0023 3A       		.uleb128 0x3a
 430 0024 0B       		.uleb128 0xb
 431 0025 3B       		.uleb128 0x3b
 432 0026 0B       		.uleb128 0xb
 433 0027 49       		.uleb128 0x49
 434 0028 13       		.uleb128 0x13
 435 0029 00       		.byte	0
 436 002a 00       		.byte	0
 437 002b 04       		.uleb128 0x4
 438 002c 24       		.uleb128 0x24
 439 002d 00       		.byte	0
 440 002e 0B       		.uleb128 0xb
 441 002f 0B       		.uleb128 0xb
ARM GAS  C:\Users\rbhar\AppData\Local\Temp\ccQtuKOz.s 			page 11


 442 0030 3E       		.uleb128 0x3e
 443 0031 0B       		.uleb128 0xb
 444 0032 03       		.uleb128 0x3
 445 0033 08       		.uleb128 0x8
 446 0034 00       		.byte	0
 447 0035 00       		.byte	0
 448 0036 05       		.uleb128 0x5
 449 0037 04       		.uleb128 0x4
 450 0038 01       		.byte	0x1
 451 0039 03       		.uleb128 0x3
 452 003a 0E       		.uleb128 0xe
 453 003b 0B       		.uleb128 0xb
 454 003c 0B       		.uleb128 0xb
 455 003d 49       		.uleb128 0x49
 456 003e 13       		.uleb128 0x13
 457 003f 3A       		.uleb128 0x3a
 458 0040 0B       		.uleb128 0xb
 459 0041 3B       		.uleb128 0x3b
 460 0042 0B       		.uleb128 0xb
 461 0043 01       		.uleb128 0x1
 462 0044 13       		.uleb128 0x13
 463 0045 00       		.byte	0
 464 0046 00       		.byte	0
 465 0047 06       		.uleb128 0x6
 466 0048 28       		.uleb128 0x28
 467 0049 00       		.byte	0
 468 004a 03       		.uleb128 0x3
 469 004b 0E       		.uleb128 0xe
 470 004c 1C       		.uleb128 0x1c
 471 004d 0B       		.uleb128 0xb
 472 004e 00       		.byte	0
 473 004f 00       		.byte	0
 474 0050 07       		.uleb128 0x7
 475 0051 2E       		.uleb128 0x2e
 476 0052 01       		.byte	0x1
 477 0053 3F       		.uleb128 0x3f
 478 0054 19       		.uleb128 0x19
 479 0055 03       		.uleb128 0x3
 480 0056 0E       		.uleb128 0xe
 481 0057 3A       		.uleb128 0x3a
 482 0058 0B       		.uleb128 0xb
 483 0059 3B       		.uleb128 0x3b
 484 005a 0B       		.uleb128 0xb
 485 005b 27       		.uleb128 0x27
 486 005c 19       		.uleb128 0x19
 487 005d 11       		.uleb128 0x11
 488 005e 01       		.uleb128 0x1
 489 005f 12       		.uleb128 0x12
 490 0060 06       		.uleb128 0x6
 491 0061 40       		.uleb128 0x40
 492 0062 18       		.uleb128 0x18
 493 0063 9742     		.uleb128 0x2117
 494 0065 19       		.uleb128 0x19
 495 0066 01       		.uleb128 0x1
 496 0067 13       		.uleb128 0x13
 497 0068 00       		.byte	0
 498 0069 00       		.byte	0
ARM GAS  C:\Users\rbhar\AppData\Local\Temp\ccQtuKOz.s 			page 12


 499 006a 08       		.uleb128 0x8
 500 006b 898201   		.uleb128 0x4109
 501 006e 00       		.byte	0
 502 006f 11       		.uleb128 0x11
 503 0070 01       		.uleb128 0x1
 504 0071 31       		.uleb128 0x31
 505 0072 13       		.uleb128 0x13
 506 0073 00       		.byte	0
 507 0074 00       		.byte	0
 508 0075 09       		.uleb128 0x9
 509 0076 2E       		.uleb128 0x2e
 510 0077 00       		.byte	0
 511 0078 3F       		.uleb128 0x3f
 512 0079 19       		.uleb128 0x19
 513 007a 03       		.uleb128 0x3
 514 007b 0E       		.uleb128 0xe
 515 007c 3A       		.uleb128 0x3a
 516 007d 0B       		.uleb128 0xb
 517 007e 3B       		.uleb128 0x3b
 518 007f 0B       		.uleb128 0xb
 519 0080 27       		.uleb128 0x27
 520 0081 19       		.uleb128 0x19
 521 0082 11       		.uleb128 0x11
 522 0083 01       		.uleb128 0x1
 523 0084 12       		.uleb128 0x12
 524 0085 06       		.uleb128 0x6
 525 0086 40       		.uleb128 0x40
 526 0087 18       		.uleb128 0x18
 527 0088 9742     		.uleb128 0x2117
 528 008a 19       		.uleb128 0x19
 529 008b 00       		.byte	0
 530 008c 00       		.byte	0
 531 008d 0A       		.uleb128 0xa
 532 008e 05       		.uleb128 0x5
 533 008f 00       		.byte	0
 534 0090 03       		.uleb128 0x3
 535 0091 0E       		.uleb128 0xe
 536 0092 3A       		.uleb128 0x3a
 537 0093 0B       		.uleb128 0xb
 538 0094 3B       		.uleb128 0x3b
 539 0095 0B       		.uleb128 0xb
 540 0096 49       		.uleb128 0x49
 541 0097 13       		.uleb128 0x13
 542 0098 02       		.uleb128 0x2
 543 0099 18       		.uleb128 0x18
 544 009a 00       		.byte	0
 545 009b 00       		.byte	0
 546 009c 0B       		.uleb128 0xb
 547 009d 2E       		.uleb128 0x2e
 548 009e 00       		.byte	0
 549 009f 3F       		.uleb128 0x3f
 550 00a0 19       		.uleb128 0x19
 551 00a1 03       		.uleb128 0x3
 552 00a2 0E       		.uleb128 0xe
 553 00a3 3A       		.uleb128 0x3a
 554 00a4 0B       		.uleb128 0xb
 555 00a5 3B       		.uleb128 0x3b
ARM GAS  C:\Users\rbhar\AppData\Local\Temp\ccQtuKOz.s 			page 13


 556 00a6 0B       		.uleb128 0xb
 557 00a7 27       		.uleb128 0x27
 558 00a8 19       		.uleb128 0x19
 559 00a9 49       		.uleb128 0x49
 560 00aa 13       		.uleb128 0x13
 561 00ab 11       		.uleb128 0x11
 562 00ac 01       		.uleb128 0x1
 563 00ad 12       		.uleb128 0x12
 564 00ae 06       		.uleb128 0x6
 565 00af 40       		.uleb128 0x40
 566 00b0 18       		.uleb128 0x18
 567 00b1 9742     		.uleb128 0x2117
 568 00b3 19       		.uleb128 0x19
 569 00b4 00       		.byte	0
 570 00b5 00       		.byte	0
 571 00b6 0C       		.uleb128 0xc
 572 00b7 34       		.uleb128 0x34
 573 00b8 00       		.byte	0
 574 00b9 03       		.uleb128 0x3
 575 00ba 0E       		.uleb128 0xe
 576 00bb 3A       		.uleb128 0x3a
 577 00bc 0B       		.uleb128 0xb
 578 00bd 3B       		.uleb128 0x3b
 579 00be 0B       		.uleb128 0xb
 580 00bf 49       		.uleb128 0x49
 581 00c0 13       		.uleb128 0x13
 582 00c1 02       		.uleb128 0x2
 583 00c2 18       		.uleb128 0x18
 584 00c3 00       		.byte	0
 585 00c4 00       		.byte	0
 586 00c5 0D       		.uleb128 0xd
 587 00c6 34       		.uleb128 0x34
 588 00c7 00       		.byte	0
 589 00c8 03       		.uleb128 0x3
 590 00c9 0E       		.uleb128 0xe
 591 00ca 3A       		.uleb128 0x3a
 592 00cb 0B       		.uleb128 0xb
 593 00cc 3B       		.uleb128 0x3b
 594 00cd 05       		.uleb128 0x5
 595 00ce 49       		.uleb128 0x49
 596 00cf 13       		.uleb128 0x13
 597 00d0 3F       		.uleb128 0x3f
 598 00d1 19       		.uleb128 0x19
 599 00d2 3C       		.uleb128 0x3c
 600 00d3 19       		.uleb128 0x19
 601 00d4 00       		.byte	0
 602 00d5 00       		.byte	0
 603 00d6 0E       		.uleb128 0xe
 604 00d7 35       		.uleb128 0x35
 605 00d8 00       		.byte	0
 606 00d9 49       		.uleb128 0x49
 607 00da 13       		.uleb128 0x13
 608 00db 00       		.byte	0
 609 00dc 00       		.byte	0
 610 00dd 0F       		.uleb128 0xf
 611 00de 2E       		.uleb128 0x2e
 612 00df 00       		.byte	0
ARM GAS  C:\Users\rbhar\AppData\Local\Temp\ccQtuKOz.s 			page 14


 613 00e0 3F       		.uleb128 0x3f
 614 00e1 19       		.uleb128 0x19
 615 00e2 3C       		.uleb128 0x3c
 616 00e3 19       		.uleb128 0x19
 617 00e4 6E       		.uleb128 0x6e
 618 00e5 0E       		.uleb128 0xe
 619 00e6 03       		.uleb128 0x3
 620 00e7 0E       		.uleb128 0xe
 621 00e8 3A       		.uleb128 0x3a
 622 00e9 0B       		.uleb128 0xb
 623 00ea 3B       		.uleb128 0x3b
 624 00eb 0B       		.uleb128 0xb
 625 00ec 00       		.byte	0
 626 00ed 00       		.byte	0
 627 00ee 00       		.byte	0
 628              		.section	.debug_aranges,"",%progbits
 629 0000 44000000 		.4byte	0x44
 630 0004 0200     		.2byte	0x2
 631 0006 00000000 		.4byte	.Ldebug_info0
 632 000a 04       		.byte	0x4
 633 000b 00       		.byte	0
 634 000c 0000     		.2byte	0
 635 000e 0000     		.2byte	0
 636 0010 00000000 		.4byte	.LFB63
 637 0014 18000000 		.4byte	.LFE63-.LFB63
 638 0018 00000000 		.4byte	.LFB64
 639 001c 18000000 		.4byte	.LFE64-.LFB64
 640 0020 00000000 		.4byte	.LFB65
 641 0024 02000000 		.4byte	.LFE65-.LFB65
 642 0028 00000000 		.4byte	.LFB66
 643 002c 02000000 		.4byte	.LFE66-.LFB66
 644 0030 00000000 		.4byte	.LFB67
 645 0034 0C000000 		.4byte	.LFE67-.LFB67
 646 0038 00000000 		.4byte	.LFB68
 647 003c 0C000000 		.4byte	.LFE68-.LFB68
 648 0040 00000000 		.4byte	0
 649 0044 00000000 		.4byte	0
 650              		.section	.debug_ranges,"",%progbits
 651              	.Ldebug_ranges0:
 652 0000 00000000 		.4byte	.LFB63
 653 0004 18000000 		.4byte	.LFE63
 654 0008 00000000 		.4byte	.LFB64
 655 000c 18000000 		.4byte	.LFE64
 656 0010 00000000 		.4byte	.LFB65
 657 0014 02000000 		.4byte	.LFE65
 658 0018 00000000 		.4byte	.LFB66
 659 001c 02000000 		.4byte	.LFE66
 660 0020 00000000 		.4byte	.LFB67
 661 0024 0C000000 		.4byte	.LFE67
 662 0028 00000000 		.4byte	.LFB68
 663 002c 0C000000 		.4byte	.LFE68
 664 0030 00000000 		.4byte	0
 665 0034 00000000 		.4byte	0
 666              		.section	.debug_line,"",%progbits
 667              	.Ldebug_line0:
 668 0000 D0010000 		.section	.debug_str,"MS",%progbits,1
 668      02006301 
ARM GAS  C:\Users\rbhar\AppData\Local\Temp\ccQtuKOz.s 			page 15


 668      00000201 
 668      FB0E0D00 
 668      01010101 
 669              	.LASF27:
 670 0000 55706461 		.ascii	"UpdateButtonPressed\000"
 670      74654275 
 670      74746F6E 
 670      50726573 
 670      73656400 
 671              	.LASF25:
 672 0014 4953525F 		.ascii	"ISR_Button3_Callback\000"
 672      42757474 
 672      6F6E335F 
 672      43616C6C 
 672      6261636B 
 673              	.LASF9:
 674 0029 5F5F696E 		.ascii	"__int32_t\000"
 674      7433325F 
 674      7400
 675              	.LASF22:
 676 0033 65427574 		.ascii	"eButtonPressStates_t\000"
 676      746F6E50 
 676      72657373 
 676      53746174 
 676      65735F74 
 677              	.LASF24:
 678 0048 4953525F 		.ascii	"ISR_Button2_Callback\000"
 678      42757474 
 678      6F6E325F 
 678      43616C6C 
 678      6261636B 
 679              	.LASF30:
 680 005d 443A5C48 		.ascii	"D:\\HDA\\Pre-Semester\\2_Microcontroller\\LabWorksp"
 680      44415C50 
 680      72652D53 
 680      656D6573 
 680      7465725C 
 681 008c 6163655C 		.ascii	"ace\\LabMicrocontroller\\ReactionGame.cydsn\000"
 681      4C61624D 
 681      6963726F 
 681      636F6E74 
 681      726F6C6C 
 682              	.LASF11:
 683 00b6 666C6F61 		.ascii	"float\000"
 683      7400
 684              	.LASF31:
 685 00bc 65427574 		.ascii	"eButtonPressStates\000"
 685      746F6E50 
 685      72657373 
 685      53746174 
 685      657300
 686              	.LASF1:
 687 00cf 756E7369 		.ascii	"unsigned char\000"
 687      676E6564 
 687      20636861 
 687      7200
 688              	.LASF28:
ARM GAS  C:\Users\rbhar\AppData\Local\Temp\ccQtuKOz.s 			page 16


 689 00dd 474E5520 		.ascii	"GNU C11 5.4.1 20160609 (release) [ARM/embedded-5-br"
 689      43313120 
 689      352E342E 
 689      31203230 
 689      31363036 
 690 0110 616E6368 		.ascii	"anch revision 237715] -mcpu=cortex-m3 -mthumb -g -O"
 690      20726576 
 690      6973696F 
 690      6E203233 
 690      37373135 
 691 0143 67202D66 		.ascii	"g -ffunction-sections -ffat-lto-objects\000"
 691      66756E63 
 691      74696F6E 
 691      2D736563 
 691      74696F6E 
 692              	.LASF23:
 693 016b 4953525F 		.ascii	"ISR_Button1_Callback\000"
 693      42757474 
 693      6F6E315F 
 693      43616C6C 
 693      6261636B 
 694              	.LASF5:
 695 0180 6C6F6E67 		.ascii	"long unsigned int\000"
 695      20756E73 
 695      69676E65 
 695      6420696E 
 695      7400
 696              	.LASF3:
 697 0192 73686F72 		.ascii	"short unsigned int\000"
 697      7420756E 
 697      7369676E 
 697      65642069 
 697      6E7400
 698              	.LASF21:
 699 01a5 42555454 		.ascii	"BUTTON_ALREADY_PRESSED\000"
 699      4F4E5F41 
 699      4C524541 
 699      44595F50 
 699      52455353 
 700              	.LASF29:
 701 01bc 736F7572 		.ascii	"source\\bsw\\Button.c\000"
 701      63655C62 
 701      73775C42 
 701      7574746F 
 701      6E2E6300 
 702              	.LASF17:
 703 01d0 42555454 		.ascii	"BUTTON_PRESSED_1\000"
 703      4F4E5F50 
 703      52455353 
 703      45445F31 
 703      00
 704              	.LASF18:
 705 01e1 42555454 		.ascii	"BUTTON_PRESSED_2\000"
 705      4F4E5F50 
 705      52455353 
 705      45445F32 
 705      00
ARM GAS  C:\Users\rbhar\AppData\Local\Temp\ccQtuKOz.s 			page 17


 706              	.LASF19:
 707 01f2 42555454 		.ascii	"BUTTON_PRESSED_3\000"
 707      4F4E5F50 
 707      52455353 
 707      45445F33 
 707      00
 708              	.LASF20:
 709 0203 42555454 		.ascii	"BUTTON_PRESSED_4\000"
 709      4F4E5F50 
 709      52455353 
 709      45445F34 
 709      00
 710              	.LASF12:
 711 0214 646F7562 		.ascii	"double\000"
 711      6C6500
 712              	.LASF35:
 713 021b 49544D5F 		.ascii	"ITM_RxBuffer\000"
 713      52784275 
 713      66666572 
 713      00
 714              	.LASF8:
 715 0228 756E7369 		.ascii	"unsigned int\000"
 715      676E6564 
 715      20696E74 
 715      00
 716              	.LASF36:
 717 0235 53746F70 		.ascii	"StopTimerMeasurement\000"
 717      54696D65 
 717      724D6561 
 717      73757265 
 717      6D656E74 
 718              	.LASF33:
 719 024a 52656164 		.ascii	"ReadCurrentButtonPressed\000"
 719      43757272 
 719      656E7442 
 719      7574746F 
 719      6E507265 
 720              	.LASF7:
 721 0263 6C6F6E67 		.ascii	"long long unsigned int\000"
 721      206C6F6E 
 721      6720756E 
 721      7369676E 
 721      65642069 
 722              	.LASF32:
 723 027a 42757474 		.ascii	"ButtonState\000"
 723      6F6E5374 
 723      61746500 
 724              	.LASF14:
 725 0286 6C6F6E67 		.ascii	"long double\000"
 725      20646F75 
 725      626C6500 
 726              	.LASF15:
 727 0292 73697A65 		.ascii	"sizetype\000"
 727      74797065 
 727      00
 728              	.LASF6:
 729 029b 6C6F6E67 		.ascii	"long long int\000"
ARM GAS  C:\Users\rbhar\AppData\Local\Temp\ccQtuKOz.s 			page 18


 729      206C6F6E 
 729      6720696E 
 729      7400
 730              	.LASF13:
 731 02a9 63686172 		.ascii	"char\000"
 731      00
 732              	.LASF10:
 733 02ae 696E7433 		.ascii	"int32_t\000"
 733      325F7400 
 734              	.LASF2:
 735 02b6 73686F72 		.ascii	"short int\000"
 735      7420696E 
 735      7400
 736              	.LASF34:
 737 02c0 43757272 		.ascii	"CurrentButtonState\000"
 737      656E7442 
 737      7574746F 
 737      6E537461 
 737      746500
 738              	.LASF4:
 739 02d3 6C6F6E67 		.ascii	"long int\000"
 739      20696E74 
 739      00
 740              	.LASF26:
 741 02dc 4953525F 		.ascii	"ISR_Button4_Callback\000"
 741      42757474 
 741      6F6E345F 
 741      43616C6C 
 741      6261636B 
 742              	.LASF0:
 743 02f1 7369676E 		.ascii	"signed char\000"
 743      65642063 
 743      68617200 
 744              	.LASF16:
 745 02fd 42555454 		.ascii	"BUTTON_UNPRESSED\000"
 745      4F4E5F55 
 745      4E505245 
 745      53534544 
 745      00
 746              		.ident	"GCC: (GNU Tools for ARM Embedded Processors) 5.4.1 20160609 (release) [ARM/embedded-5-bran
