ARM GAS  C:\Users\rbhar\AppData\Local\Temp\ccWJTOli.s 			page 1


   1              		.syntax unified
   2              		.cpu cortex-m3
   3              		.fpu softvfp
   4              		.eabi_attribute 20, 1
   5              		.eabi_attribute 21, 1
   6              		.eabi_attribute 23, 3
   7              		.eabi_attribute 24, 1
   8              		.eabi_attribute 25, 1
   9              		.eabi_attribute 26, 1
  10              		.eabi_attribute 30, 1
  11              		.eabi_attribute 34, 1
  12              		.eabi_attribute 18, 4
  13              		.thumb
  14              		.syntax unified
  15              		.file	"console.c"
  16              		.text
  17              	.Ltext0:
  18              		.cfi_sections	.debug_frame
  19              		.section	.text.ConsoleWrite,"ax",%progbits
  20              		.align	2
  21              		.thumb
  22              		.thumb_func
  23              		.type	ConsoleWrite, %function
  24              	ConsoleWrite:
  25              	.LFB64:
  26              		.file 1 "source\\bsw\\console.c"
   1:source\bsw/console.c **** /**
   2:source\bsw/console.c **** * \file <console.c>
   3:source\bsw/console.c **** * \author <Bharath Ramachandraiah>
   4:source\bsw/console.c **** * \date <25/09/2018>
   5:source\bsw/console.c **** *
   6:source\bsw/console.c **** * \brief <Symbolic File name>
   7:source\bsw/console.c **** *
   8:source\bsw/console.c **** * \copyright Copyright ©2016
   9:source\bsw/console.c **** * Department of electrical engineering and information technology, Hochschule Darmstadt - Universit
  10:source\bsw/console.c **** * Permission to use, copy, modify, and distribute this software and its documentation for education
  11:source\bsw/console.c **** * (unless permitted by h_da) and official h_da projects, is hereby granted for enrolled students of
  12:source\bsw/console.c **** * this paragraph and the following paragraph appear in all copies, modifications, and distributions
  13:source\bsw/console.c **** * Contact Prof.Dr.-Ing. Peter Fromm, peter.fromm@h-da.de, Birkenweg 8 64295 Darmstadt - GERMANY for
  14:source\bsw/console.c **** *
  15:source\bsw/console.c **** * \warning This software is a PROTOTYPE version and is not designed or intended for use in producti
  16:source\bsw/console.c **** * The user represents and warrants that it will NOT use or redistribute the Software for such purpo
  17:source\bsw/console.c **** * This prototype is for research purposes only. This software is provided "AS IS," without a warran
  18:source\bsw/console.c **** */
  19:source\bsw/console.c **** 
  20:source\bsw/console.c **** /*****************************************************************************/
  21:source\bsw/console.c **** /* Include files                                                             */
  22:source\bsw/console.c **** /*****************************************************************************/
  23:source\bsw/console.c **** #include "global.h"
  24:source\bsw/console.c **** #include "UART_1.h"
  25:source\bsw/console.c **** #include "console.h"
  26:source\bsw/console.c **** #include <stdarg.h>
  27:source\bsw/console.c **** #include <stdio.h>
  28:source\bsw/console.c **** 
  29:source\bsw/console.c **** /*****************************************************************************/
  30:source\bsw/console.c **** /* Local pre-processor symbols/macros ('#define')                            */
  31:source\bsw/console.c **** /*****************************************************************************/
ARM GAS  C:\Users\rbhar\AppData\Local\Temp\ccWJTOli.s 			page 2


  32:source\bsw/console.c **** 
  33:source\bsw/console.c **** /*****************************************************************************/
  34:source\bsw/console.c **** /* Global variable definitions (declared in header file with 'extern')       */
  35:source\bsw/console.c **** /*****************************************************************************/
  36:source\bsw/console.c **** 
  37:source\bsw/console.c **** /*****************************************************************************/
  38:source\bsw/console.c **** /* Local type definitions ('typedef')                                        */
  39:source\bsw/console.c **** /*****************************************************************************/
  40:source\bsw/console.c **** 
  41:source\bsw/console.c **** /*****************************************************************************/
  42:source\bsw/console.c **** /* Local variable definitions ('static')                                     */
  43:source\bsw/console.c **** /*****************************************************************************/
  44:source\bsw/console.c **** 
  45:source\bsw/console.c **** 
  46:source\bsw/console.c **** 
  47:source\bsw/console.c **** /*****************************************************************************/
  48:source\bsw/console.c **** /* Local function prototypes ('static')                                      */
  49:source\bsw/console.c **** /*****************************************************************************/
  50:source\bsw/console.c **** 
  51:source\bsw/console.c **** 
  52:source\bsw/console.c **** /*****************************************************************************/
  53:source\bsw/console.c **** /* Function implementation - global ('extern') and local ('static')          */
  54:source\bsw/console.c **** /*****************************************************************************/
  55:source\bsw/console.c **** 
  56:source\bsw/console.c **** /**
  57:source\bsw/console.c ****  * A function transmits the string characters over serial console.
  58:source\bsw/console.c ****  * @param const sint8_t *pMessaage      : IN String
  59:source\bsw/console.c ****  * @return Transmits the messsage character by character over the UART.
  60:source\bsw/console.c ****  */
  61:source\bsw/console.c **** static void ConsoleWrite(const char *pMessage)
  62:source\bsw/console.c **** {
  27              		.loc 1 62 0
  28              		.cfi_startproc
  29              		@ args = 0, pretend = 0, frame = 0
  30              		@ frame_needed = 0, uses_anonymous_args = 0
  31              	.LVL0:
  32 0000 08B5     		push	{r3, lr}
  33              		.cfi_def_cfa_offset 8
  34              		.cfi_offset 3, -8
  35              		.cfi_offset 14, -4
  63:source\bsw/console.c ****     UART_1_PutString(pMessage);
  36              		.loc 1 63 0
  37 0002 FFF7FEFF 		bl	UART_1_PutString
  38              	.LVL1:
  39 0006 08BD     		pop	{r3, pc}
  40              		.cfi_endproc
  41              	.LFE64:
  42              		.size	ConsoleWrite, .-ConsoleWrite
  43              		.section	.text.PrintOnConsole,"ax",%progbits
  44              		.align	2
  45              		.global	PrintOnConsole
  46              		.thumb
  47              		.thumb_func
  48              		.type	PrintOnConsole, %function
  49              	PrintOnConsole:
  50              	.LFB65:
  64:source\bsw/console.c **** }
ARM GAS  C:\Users\rbhar\AppData\Local\Temp\ccWJTOli.s 			page 3


  65:source\bsw/console.c **** 
  66:source\bsw/console.c **** /**
  67:source\bsw/console.c ****  * A function which takes variable number of args to be printed on console.
  68:source\bsw/console.c ****  * @param eConsoleMsgTypes_t MessageType      : IN Message Type
  69:source\bsw/console.c ****  * @param char *msg                           : IN String to be printed
  70:source\bsw/console.c ****  * @return fomats the string into printable data over console.
  71:source\bsw/console.c ****  */
  72:source\bsw/console.c **** void PrintOnConsole(eConsoleMsgTypes_t MessageType, char *msg, ...)
  73:source\bsw/console.c **** {
  51              		.loc 1 73 0
  52              		.cfi_startproc
  53              		@ args = 4, pretend = 12, frame = 104
  54              		@ frame_needed = 0, uses_anonymous_args = 1
  55              	.LVL2:
  56 0000 0EB4     		push	{r1, r2, r3}
  57              		.cfi_def_cfa_offset 12
  58              		.cfi_offset 1, -12
  59              		.cfi_offset 2, -8
  60              		.cfi_offset 3, -4
  61 0002 30B5     		push	{r4, r5, lr}
  62              		.cfi_def_cfa_offset 24
  63              		.cfi_offset 4, -24
  64              		.cfi_offset 5, -20
  65              		.cfi_offset 14, -16
  66 0004 9AB0     		sub	sp, sp, #104
  67              		.cfi_def_cfa_offset 128
  68 0006 1DAC     		add	r4, sp, #116
  69 0008 54F8045B 		ldr	r5, [r4], #4
  74:source\bsw/console.c ****     char MessageData[100] = {0};
  70              		.loc 1 74 0
  71 000c 6422     		movs	r2, #100
  72 000e 0021     		movs	r1, #0
  73 0010 01A8     		add	r0, sp, #4
  74              	.LVL3:
  75 0012 FFF7FEFF 		bl	memset
  76              	.LVL4:
  75:source\bsw/console.c ****     va_list valist; 
  76:source\bsw/console.c **** 
  77:source\bsw/console.c ****     va_start(valist, msg); 
  77              		.loc 1 77 0
  78 0016 0094     		str	r4, [sp]
  78:source\bsw/console.c ****     vsprintf((char *)MessageData, (const char *)msg, valist); 
  79              		.loc 1 78 0
  80 0018 2246     		mov	r2, r4
  81 001a 2946     		mov	r1, r5
  82 001c 01A8     		add	r0, sp, #4
  83 001e FFF7FEFF 		bl	vsprintf
  84              	.LVL5:
  79:source\bsw/console.c ****   
  80:source\bsw/console.c ****     va_end(valist);
  81:source\bsw/console.c ****     
  82:source\bsw/console.c ****     ConsoleWrite(MessageData);
  85              		.loc 1 82 0
  86 0022 01A8     		add	r0, sp, #4
  87 0024 FFF7FEFF 		bl	ConsoleWrite
  88              	.LVL6:
  83:source\bsw/console.c ****     
ARM GAS  C:\Users\rbhar\AppData\Local\Temp\ccWJTOli.s 			page 4


  84:source\bsw/console.c ****     (void)MessageType;
  85:source\bsw/console.c ****     return;
  86:source\bsw/console.c **** }...
  89              		.loc 1 86 0
  90 0028 1AB0     		add	sp, sp, #104
  91              		.cfi_def_cfa_offset 24
  92              		@ sp needed
  93 002a BDE83040 		pop	{r4, r5, lr}
  94              		.cfi_restore 14
  95              		.cfi_restore 5
  96              		.cfi_restore 4
  97              		.cfi_def_cfa_offset 12
  98 002e 03B0     		add	sp, sp, #12
  99              		.cfi_restore 3
 100              		.cfi_restore 2
 101              		.cfi_restore 1
 102              		.cfi_def_cfa_offset 0
 103 0030 7047     		bx	lr
 104              		.cfi_endproc
 105              	.LFE65:
 106              		.size	PrintOnConsole, .-PrintOnConsole
 107 0032 00BF     		.text
 108              	.Letext0:
 109              		.file 2 "c:\\program files (x86)\\cypress\\psoc creator\\4.2\\psoc creator\\import\\gnu\\arm\\5.4.
 110              		.file 3 "c:\\program files (x86)\\cypress\\psoc creator\\4.2\\psoc creator\\import\\gnu\\arm\\5.4.
 111              		.file 4 "source\\bsw\\console.h"
 112              		.file 5 "c:\\program files (x86)\\cypress\\psoc creator\\4.2\\psoc creator\\import\\gnu\\arm\\5.4.
 113              		.file 6 "Generated_Source\\PSoC5/UART_1.h"
 114              		.file 7 "c:\\program files (x86)\\cypress\\psoc creator\\4.2\\psoc creator\\import\\gnu\\arm\\5.4.
 115              		.file 8 "<built-in>"
 116              		.file 9 "Generated_Source\\PSoC5/core_cm3.h"
 117              		.section	.debug_info,"",%progbits
 118              	.Ldebug_info0:
 119 0000 29020000 		.4byte	0x229
 120 0004 0400     		.2byte	0x4
 121 0006 00000000 		.4byte	.Ldebug_abbrev0
 122 000a 04       		.byte	0x4
 123 000b 01       		.uleb128 0x1
 124 000c D6000000 		.4byte	.LASF28
 125 0010 0C       		.byte	0xc
 126 0011 00000000 		.4byte	.LASF29
 127 0015 4D000000 		.4byte	.LASF30
 128 0019 00000000 		.4byte	.Ldebug_ranges0+0
 129 001d 00000000 		.4byte	0
 130 0021 00000000 		.4byte	.Ldebug_line0
 131 0025 02       		.uleb128 0x2
 132 0026 01       		.byte	0x1
 133 0027 06       		.byte	0x6
 134 0028 6F020000 		.4byte	.LASF0
 135 002c 02       		.uleb128 0x2
 136 002d 01       		.byte	0x1
 137 002e 08       		.byte	0x8
 138 002f C8000000 		.4byte	.LASF1
 139 0033 02       		.uleb128 0x2
 140 0034 02       		.byte	0x2
 141 0035 05       		.byte	0x5
 142 0036 50020000 		.4byte	.LASF2
ARM GAS  C:\Users\rbhar\AppData\Local\Temp\ccWJTOli.s 			page 5


 143 003a 02       		.uleb128 0x2
 144 003b 02       		.byte	0x2
 145 003c 07       		.byte	0x7
 146 003d 83010000 		.4byte	.LASF3
 147 0041 03       		.uleb128 0x3
 148 0042 24000000 		.4byte	.LASF9
 149 0046 02       		.byte	0x2
 150 0047 3F       		.byte	0x3f
 151 0048 4C000000 		.4byte	0x4c
 152 004c 02       		.uleb128 0x2
 153 004d 04       		.byte	0x4
 154 004e 05       		.byte	0x5
 155 004f 5A020000 		.4byte	.LASF4
 156 0053 02       		.uleb128 0x2
 157 0054 04       		.byte	0x4
 158 0055 07       		.byte	0x7
 159 0056 71010000 		.4byte	.LASF5
 160 005a 02       		.uleb128 0x2
 161 005b 08       		.byte	0x8
 162 005c 05       		.byte	0x5
 163 005d 23020000 		.4byte	.LASF6
 164 0061 02       		.uleb128 0x2
 165 0062 08       		.byte	0x8
 166 0063 07       		.byte	0x7
 167 0064 EC010000 		.4byte	.LASF7
 168 0068 04       		.uleb128 0x4
 169 0069 04       		.byte	0x4
 170 006a 05       		.byte	0x5
 171 006b 696E7400 		.ascii	"int\000"
 172 006f 02       		.uleb128 0x2
 173 0070 04       		.byte	0x4
 174 0071 07       		.byte	0x7
 175 0072 DF010000 		.4byte	.LASF8
 176 0076 03       		.uleb128 0x3
 177 0077 08020000 		.4byte	.LASF10
 178 007b 03       		.byte	0x3
 179 007c 2C       		.byte	0x2c
 180 007d 41000000 		.4byte	0x41
 181 0081 02       		.uleb128 0x2
 182 0082 04       		.byte	0x4
 183 0083 04       		.byte	0x4
 184 0084 B3000000 		.4byte	.LASF11
 185 0088 02       		.uleb128 0x2
 186 0089 08       		.byte	0x8
 187 008a 04       		.byte	0x4
 188 008b BF010000 		.4byte	.LASF12
 189 008f 02       		.uleb128 0x2
 190 0090 01       		.byte	0x1
 191 0091 08       		.byte	0x8
 192 0092 31020000 		.4byte	.LASF13
 193 0096 02       		.uleb128 0x2
 194 0097 08       		.byte	0x8
 195 0098 04       		.byte	0x4
 196 0099 63020000 		.4byte	.LASF14
 197 009d 02       		.uleb128 0x2
 198 009e 04       		.byte	0x4
 199 009f 07       		.byte	0x7
ARM GAS  C:\Users\rbhar\AppData\Local\Temp\ccWJTOli.s 			page 6


 200 00a0 10020000 		.4byte	.LASF15
 201 00a4 05       		.uleb128 0x5
 202 00a5 04       		.byte	0x4
 203 00a6 06       		.uleb128 0x6
 204 00a7 04       		.byte	0x4
 205 00a8 8F000000 		.4byte	0x8f
 206 00ac 06       		.uleb128 0x6
 207 00ad 04       		.byte	0x4
 208 00ae B2000000 		.4byte	0xb2
 209 00b2 07       		.uleb128 0x7
 210 00b3 8F000000 		.4byte	0x8f
 211 00b7 08       		.uleb128 0x8
 212 00b8 96010000 		.4byte	.LASF31
 213 00bc 01       		.byte	0x1
 214 00bd 2C000000 		.4byte	0x2c
 215 00c1 04       		.byte	0x4
 216 00c2 56       		.byte	0x56
 217 00c3 DA000000 		.4byte	0xda
 218 00c7 09       		.uleb128 0x9
 219 00c8 41000000 		.4byte	.LASF16
 220 00cc 00       		.byte	0
 221 00cd 09       		.uleb128 0x9
 222 00ce 64010000 		.4byte	.LASF17
 223 00d2 01       		.byte	0x1
 224 00d3 09       		.uleb128 0x9
 225 00d4 42020000 		.4byte	.LASF18
 226 00d8 02       		.byte	0x2
 227 00d9 00       		.byte	0
 228 00da 03       		.uleb128 0x3
 229 00db 2E000000 		.4byte	.LASF19
 230 00df 04       		.byte	0x4
 231 00e0 5D       		.byte	0x5d
 232 00e1 B7000000 		.4byte	0xb7
 233 00e5 03       		.uleb128 0x3
 234 00e6 B9000000 		.4byte	.LASF20
 235 00ea 05       		.byte	0x5
 236 00eb 28       		.byte	0x28
 237 00ec F0000000 		.4byte	0xf0
 238 00f0 0A       		.uleb128 0xa
 239 00f1 19020000 		.4byte	.LASF32
 240 00f5 04       		.byte	0x4
 241 00f6 08       		.byte	0x8
 242 00f7 00       		.byte	0
 243 00f8 07010000 		.4byte	0x107
 244 00fc 0B       		.uleb128 0xb
 245 00fd 03020000 		.4byte	.LASF33
 246 0101 A4000000 		.4byte	0xa4
 247 0105 00       		.byte	0
 248 0106 00       		.byte	0
 249 0107 03       		.uleb128 0x3
 250 0108 B0010000 		.4byte	.LASF21
 251 010c 05       		.byte	0x5
 252 010d 62       		.byte	0x62
 253 010e E5000000 		.4byte	0xe5
 254 0112 0C       		.uleb128 0xc
 255 0113 A6000000 		.4byte	.LASF34
 256 0117 01       		.byte	0x1
ARM GAS  C:\Users\rbhar\AppData\Local\Temp\ccWJTOli.s 			page 7


 257 0118 3D       		.byte	0x3d
 258 0119 00000000 		.4byte	.LFB64
 259 011d 08000000 		.4byte	.LFE64-.LFB64
 260 0121 01       		.uleb128 0x1
 261 0122 9C       		.byte	0x9c
 262 0123 48010000 		.4byte	0x148
 263 0127 0D       		.uleb128 0xd
 264 0128 A7010000 		.4byte	.LASF22
 265 012c 01       		.byte	0x1
 266 012d 3D       		.byte	0x3d
 267 012e AC000000 		.4byte	0xac
 268 0132 00000000 		.4byte	.LLST0
 269 0136 0E       		.uleb128 0xe
 270 0137 06000000 		.4byte	.LVL1
 271 013b 0D020000 		.4byte	0x20d
 272 013f 0F       		.uleb128 0xf
 273 0140 01       		.uleb128 0x1
 274 0141 50       		.byte	0x50
 275 0142 03       		.uleb128 0x3
 276 0143 F3       		.byte	0xf3
 277 0144 01       		.uleb128 0x1
 278 0145 50       		.byte	0x50
 279 0146 00       		.byte	0
 280 0147 00       		.byte	0
 281 0148 10       		.uleb128 0x10
 282 0149 15000000 		.4byte	.LASF35
 283 014d 01       		.byte	0x1
 284 014e 48       		.byte	0x48
 285 014f 00000000 		.4byte	.LFB65
 286 0153 32000000 		.4byte	.LFE65-.LFB65
 287 0157 01       		.uleb128 0x1
 288 0158 9C       		.byte	0x9c
 289 0159 EC010000 		.4byte	0x1ec
 290 015d 0D       		.uleb128 0xd
 291 015e 36020000 		.4byte	.LASF23
 292 0162 01       		.byte	0x1
 293 0163 48       		.byte	0x48
 294 0164 DA000000 		.4byte	0xda
 295 0168 21000000 		.4byte	.LLST1
 296 016c 11       		.uleb128 0x11
 297 016d 6D736700 		.ascii	"msg\000"
 298 0171 01       		.byte	0x1
 299 0172 48       		.byte	0x48
 300 0173 A6000000 		.4byte	0xa6
 301 0177 02       		.uleb128 0x2
 302 0178 91       		.byte	0x91
 303 0179 74       		.sleb128 -12
 304 017a 12       		.uleb128 0x12
 305 017b 13       		.uleb128 0x13
 306 017c D3010000 		.4byte	.LASF24
 307 0180 01       		.byte	0x1
 308 0181 4A       		.byte	0x4a
 309 0182 EC010000 		.4byte	0x1ec
 310 0186 03       		.uleb128 0x3
 311 0187 91       		.byte	0x91
 312 0188 847F     		.sleb128 -124
 313 018a 13       		.uleb128 0x13
ARM GAS  C:\Users\rbhar\AppData\Local\Temp\ccWJTOli.s 			page 8


 314 018b 95020000 		.4byte	.LASF25
 315 018f 01       		.byte	0x1
 316 0190 4B       		.byte	0x4b
 317 0191 07010000 		.4byte	0x107
 318 0195 03       		.uleb128 0x3
 319 0196 91       		.byte	0x91
 320 0197 807F     		.sleb128 -128
 321 0199 14       		.uleb128 0x14
 322 019a 16000000 		.4byte	.LVL4
 323 019e 18020000 		.4byte	0x218
 324 01a2 B9010000 		.4byte	0x1b9
 325 01a6 0F       		.uleb128 0xf
 326 01a7 01       		.uleb128 0x1
 327 01a8 50       		.byte	0x50
 328 01a9 03       		.uleb128 0x3
 329 01aa 91       		.byte	0x91
 330 01ab EC7E     		.sleb128 -148
 331 01ad 0F       		.uleb128 0xf
 332 01ae 01       		.uleb128 0x1
 333 01af 51       		.byte	0x51
 334 01b0 01       		.uleb128 0x1
 335 01b1 30       		.byte	0x30
 336 01b2 0F       		.uleb128 0xf
 337 01b3 01       		.uleb128 0x1
 338 01b4 52       		.byte	0x52
 339 01b5 02       		.uleb128 0x2
 340 01b6 08       		.byte	0x8
 341 01b7 64       		.byte	0x64
 342 01b8 00       		.byte	0
 343 01b9 14       		.uleb128 0x14
 344 01ba 22000000 		.4byte	.LVL5
 345 01be 21020000 		.4byte	0x221
 346 01c2 DA010000 		.4byte	0x1da
 347 01c6 0F       		.uleb128 0xf
 348 01c7 01       		.uleb128 0x1
 349 01c8 50       		.byte	0x50
 350 01c9 03       		.uleb128 0x3
 351 01ca 91       		.byte	0x91
 352 01cb EC7E     		.sleb128 -148
 353 01cd 0F       		.uleb128 0xf
 354 01ce 01       		.uleb128 0x1
 355 01cf 51       		.byte	0x51
 356 01d0 02       		.uleb128 0x2
 357 01d1 75       		.byte	0x75
 358 01d2 00       		.sleb128 0
 359 01d3 0F       		.uleb128 0xf
 360 01d4 01       		.uleb128 0x1
 361 01d5 52       		.byte	0x52
 362 01d6 02       		.uleb128 0x2
 363 01d7 74       		.byte	0x74
 364 01d8 00       		.sleb128 0
 365 01d9 00       		.byte	0
 366 01da 0E       		.uleb128 0xe
 367 01db 28000000 		.4byte	.LVL6
 368 01df 12010000 		.4byte	0x112
 369 01e3 0F       		.uleb128 0xf
 370 01e4 01       		.uleb128 0x1
ARM GAS  C:\Users\rbhar\AppData\Local\Temp\ccWJTOli.s 			page 9


 371 01e5 50       		.byte	0x50
 372 01e6 03       		.uleb128 0x3
 373 01e7 91       		.byte	0x91
 374 01e8 EC7E     		.sleb128 -148
 375 01ea 00       		.byte	0
 376 01eb 00       		.byte	0
 377 01ec 15       		.uleb128 0x15
 378 01ed 8F000000 		.4byte	0x8f
 379 01f1 FC010000 		.4byte	0x1fc
 380 01f5 16       		.uleb128 0x16
 381 01f6 9D000000 		.4byte	0x9d
 382 01fa 63       		.byte	0x63
 383 01fb 00       		.byte	0
 384 01fc 17       		.uleb128 0x17
 385 01fd C6010000 		.4byte	.LASF36
 386 0201 09       		.byte	0x9
 387 0202 1207     		.2byte	0x712
 388 0204 08020000 		.4byte	0x208
 389 0208 18       		.uleb128 0x18
 390 0209 76000000 		.4byte	0x76
 391 020d 19       		.uleb128 0x19
 392 020e 7B020000 		.4byte	.LASF26
 393 0212 7B020000 		.4byte	.LASF26
 394 0216 06       		.byte	0x6
 395 0217 8B       		.byte	0x8b
 396 0218 1A       		.uleb128 0x1a
 397 0219 B8010000 		.4byte	.LASF37
 398 021d B8010000 		.4byte	.LASF37
 399 0221 19       		.uleb128 0x19
 400 0222 8C020000 		.4byte	.LASF27
 401 0226 8C020000 		.4byte	.LASF27
 402 022a 07       		.byte	0x7
 403 022b C5       		.byte	0xc5
 404 022c 00       		.byte	0
 405              		.section	.debug_abbrev,"",%progbits
 406              	.Ldebug_abbrev0:
 407 0000 01       		.uleb128 0x1
 408 0001 11       		.uleb128 0x11
 409 0002 01       		.byte	0x1
 410 0003 25       		.uleb128 0x25
 411 0004 0E       		.uleb128 0xe
 412 0005 13       		.uleb128 0x13
 413 0006 0B       		.uleb128 0xb
 414 0007 03       		.uleb128 0x3
 415 0008 0E       		.uleb128 0xe
 416 0009 1B       		.uleb128 0x1b
 417 000a 0E       		.uleb128 0xe
 418 000b 55       		.uleb128 0x55
 419 000c 17       		.uleb128 0x17
 420 000d 11       		.uleb128 0x11
 421 000e 01       		.uleb128 0x1
 422 000f 10       		.uleb128 0x10
 423 0010 17       		.uleb128 0x17
 424 0011 00       		.byte	0
 425 0012 00       		.byte	0
 426 0013 02       		.uleb128 0x2
 427 0014 24       		.uleb128 0x24
ARM GAS  C:\Users\rbhar\AppData\Local\Temp\ccWJTOli.s 			page 10


 428 0015 00       		.byte	0
 429 0016 0B       		.uleb128 0xb
 430 0017 0B       		.uleb128 0xb
 431 0018 3E       		.uleb128 0x3e
 432 0019 0B       		.uleb128 0xb
 433 001a 03       		.uleb128 0x3
 434 001b 0E       		.uleb128 0xe
 435 001c 00       		.byte	0
 436 001d 00       		.byte	0
 437 001e 03       		.uleb128 0x3
 438 001f 16       		.uleb128 0x16
 439 0020 00       		.byte	0
 440 0021 03       		.uleb128 0x3
 441 0022 0E       		.uleb128 0xe
 442 0023 3A       		.uleb128 0x3a
 443 0024 0B       		.uleb128 0xb
 444 0025 3B       		.uleb128 0x3b
 445 0026 0B       		.uleb128 0xb
 446 0027 49       		.uleb128 0x49
 447 0028 13       		.uleb128 0x13
 448 0029 00       		.byte	0
 449 002a 00       		.byte	0
 450 002b 04       		.uleb128 0x4
 451 002c 24       		.uleb128 0x24
 452 002d 00       		.byte	0
 453 002e 0B       		.uleb128 0xb
 454 002f 0B       		.uleb128 0xb
 455 0030 3E       		.uleb128 0x3e
 456 0031 0B       		.uleb128 0xb
 457 0032 03       		.uleb128 0x3
 458 0033 08       		.uleb128 0x8
 459 0034 00       		.byte	0
 460 0035 00       		.byte	0
 461 0036 05       		.uleb128 0x5
 462 0037 0F       		.uleb128 0xf
 463 0038 00       		.byte	0
 464 0039 0B       		.uleb128 0xb
 465 003a 0B       		.uleb128 0xb
 466 003b 00       		.byte	0
 467 003c 00       		.byte	0
 468 003d 06       		.uleb128 0x6
 469 003e 0F       		.uleb128 0xf
 470 003f 00       		.byte	0
 471 0040 0B       		.uleb128 0xb
 472 0041 0B       		.uleb128 0xb
 473 0042 49       		.uleb128 0x49
 474 0043 13       		.uleb128 0x13
 475 0044 00       		.byte	0
 476 0045 00       		.byte	0
 477 0046 07       		.uleb128 0x7
 478 0047 26       		.uleb128 0x26
 479 0048 00       		.byte	0
 480 0049 49       		.uleb128 0x49
 481 004a 13       		.uleb128 0x13
 482 004b 00       		.byte	0
 483 004c 00       		.byte	0
 484 004d 08       		.uleb128 0x8
ARM GAS  C:\Users\rbhar\AppData\Local\Temp\ccWJTOli.s 			page 11


 485 004e 04       		.uleb128 0x4
 486 004f 01       		.byte	0x1
 487 0050 03       		.uleb128 0x3
 488 0051 0E       		.uleb128 0xe
 489 0052 0B       		.uleb128 0xb
 490 0053 0B       		.uleb128 0xb
 491 0054 49       		.uleb128 0x49
 492 0055 13       		.uleb128 0x13
 493 0056 3A       		.uleb128 0x3a
 494 0057 0B       		.uleb128 0xb
 495 0058 3B       		.uleb128 0x3b
 496 0059 0B       		.uleb128 0xb
 497 005a 01       		.uleb128 0x1
 498 005b 13       		.uleb128 0x13
 499 005c 00       		.byte	0
 500 005d 00       		.byte	0
 501 005e 09       		.uleb128 0x9
 502 005f 28       		.uleb128 0x28
 503 0060 00       		.byte	0
 504 0061 03       		.uleb128 0x3
 505 0062 0E       		.uleb128 0xe
 506 0063 1C       		.uleb128 0x1c
 507 0064 0B       		.uleb128 0xb
 508 0065 00       		.byte	0
 509 0066 00       		.byte	0
 510 0067 0A       		.uleb128 0xa
 511 0068 13       		.uleb128 0x13
 512 0069 01       		.byte	0x1
 513 006a 03       		.uleb128 0x3
 514 006b 0E       		.uleb128 0xe
 515 006c 0B       		.uleb128 0xb
 516 006d 0B       		.uleb128 0xb
 517 006e 3A       		.uleb128 0x3a
 518 006f 0B       		.uleb128 0xb
 519 0070 3B       		.uleb128 0x3b
 520 0071 0B       		.uleb128 0xb
 521 0072 01       		.uleb128 0x1
 522 0073 13       		.uleb128 0x13
 523 0074 00       		.byte	0
 524 0075 00       		.byte	0
 525 0076 0B       		.uleb128 0xb
 526 0077 0D       		.uleb128 0xd
 527 0078 00       		.byte	0
 528 0079 03       		.uleb128 0x3
 529 007a 0E       		.uleb128 0xe
 530 007b 49       		.uleb128 0x49
 531 007c 13       		.uleb128 0x13
 532 007d 38       		.uleb128 0x38
 533 007e 0B       		.uleb128 0xb
 534 007f 34       		.uleb128 0x34
 535 0080 19       		.uleb128 0x19
 536 0081 00       		.byte	0
 537 0082 00       		.byte	0
 538 0083 0C       		.uleb128 0xc
 539 0084 2E       		.uleb128 0x2e
 540 0085 01       		.byte	0x1
 541 0086 03       		.uleb128 0x3
ARM GAS  C:\Users\rbhar\AppData\Local\Temp\ccWJTOli.s 			page 12


 542 0087 0E       		.uleb128 0xe
 543 0088 3A       		.uleb128 0x3a
 544 0089 0B       		.uleb128 0xb
 545 008a 3B       		.uleb128 0x3b
 546 008b 0B       		.uleb128 0xb
 547 008c 27       		.uleb128 0x27
 548 008d 19       		.uleb128 0x19
 549 008e 11       		.uleb128 0x11
 550 008f 01       		.uleb128 0x1
 551 0090 12       		.uleb128 0x12
 552 0091 06       		.uleb128 0x6
 553 0092 40       		.uleb128 0x40
 554 0093 18       		.uleb128 0x18
 555 0094 9742     		.uleb128 0x2117
 556 0096 19       		.uleb128 0x19
 557 0097 01       		.uleb128 0x1
 558 0098 13       		.uleb128 0x13
 559 0099 00       		.byte	0
 560 009a 00       		.byte	0
 561 009b 0D       		.uleb128 0xd
 562 009c 05       		.uleb128 0x5
 563 009d 00       		.byte	0
 564 009e 03       		.uleb128 0x3
 565 009f 0E       		.uleb128 0xe
 566 00a0 3A       		.uleb128 0x3a
 567 00a1 0B       		.uleb128 0xb
 568 00a2 3B       		.uleb128 0x3b
 569 00a3 0B       		.uleb128 0xb
 570 00a4 49       		.uleb128 0x49
 571 00a5 13       		.uleb128 0x13
 572 00a6 02       		.uleb128 0x2
 573 00a7 17       		.uleb128 0x17
 574 00a8 00       		.byte	0
 575 00a9 00       		.byte	0
 576 00aa 0E       		.uleb128 0xe
 577 00ab 898201   		.uleb128 0x4109
 578 00ae 01       		.byte	0x1
 579 00af 11       		.uleb128 0x11
 580 00b0 01       		.uleb128 0x1
 581 00b1 31       		.uleb128 0x31
 582 00b2 13       		.uleb128 0x13
 583 00b3 00       		.byte	0
 584 00b4 00       		.byte	0
 585 00b5 0F       		.uleb128 0xf
 586 00b6 8A8201   		.uleb128 0x410a
 587 00b9 00       		.byte	0
 588 00ba 02       		.uleb128 0x2
 589 00bb 18       		.uleb128 0x18
 590 00bc 9142     		.uleb128 0x2111
 591 00be 18       		.uleb128 0x18
 592 00bf 00       		.byte	0
 593 00c0 00       		.byte	0
 594 00c1 10       		.uleb128 0x10
 595 00c2 2E       		.uleb128 0x2e
 596 00c3 01       		.byte	0x1
 597 00c4 3F       		.uleb128 0x3f
 598 00c5 19       		.uleb128 0x19
ARM GAS  C:\Users\rbhar\AppData\Local\Temp\ccWJTOli.s 			page 13


 599 00c6 03       		.uleb128 0x3
 600 00c7 0E       		.uleb128 0xe
 601 00c8 3A       		.uleb128 0x3a
 602 00c9 0B       		.uleb128 0xb
 603 00ca 3B       		.uleb128 0x3b
 604 00cb 0B       		.uleb128 0xb
 605 00cc 27       		.uleb128 0x27
 606 00cd 19       		.uleb128 0x19
 607 00ce 11       		.uleb128 0x11
 608 00cf 01       		.uleb128 0x1
 609 00d0 12       		.uleb128 0x12
 610 00d1 06       		.uleb128 0x6
 611 00d2 40       		.uleb128 0x40
 612 00d3 18       		.uleb128 0x18
 613 00d4 9742     		.uleb128 0x2117
 614 00d6 19       		.uleb128 0x19
 615 00d7 01       		.uleb128 0x1
 616 00d8 13       		.uleb128 0x13
 617 00d9 00       		.byte	0
 618 00da 00       		.byte	0
 619 00db 11       		.uleb128 0x11
 620 00dc 05       		.uleb128 0x5
 621 00dd 00       		.byte	0
 622 00de 03       		.uleb128 0x3
 623 00df 08       		.uleb128 0x8
 624 00e0 3A       		.uleb128 0x3a
 625 00e1 0B       		.uleb128 0xb
 626 00e2 3B       		.uleb128 0x3b
 627 00e3 0B       		.uleb128 0xb
 628 00e4 49       		.uleb128 0x49
 629 00e5 13       		.uleb128 0x13
 630 00e6 02       		.uleb128 0x2
 631 00e7 18       		.uleb128 0x18
 632 00e8 00       		.byte	0
 633 00e9 00       		.byte	0
 634 00ea 12       		.uleb128 0x12
 635 00eb 18       		.uleb128 0x18
 636 00ec 00       		.byte	0
 637 00ed 00       		.byte	0
 638 00ee 00       		.byte	0
 639 00ef 13       		.uleb128 0x13
 640 00f0 34       		.uleb128 0x34
 641 00f1 00       		.byte	0
 642 00f2 03       		.uleb128 0x3
 643 00f3 0E       		.uleb128 0xe
 644 00f4 3A       		.uleb128 0x3a
 645 00f5 0B       		.uleb128 0xb
 646 00f6 3B       		.uleb128 0x3b
 647 00f7 0B       		.uleb128 0xb
 648 00f8 49       		.uleb128 0x49
 649 00f9 13       		.uleb128 0x13
 650 00fa 02       		.uleb128 0x2
 651 00fb 18       		.uleb128 0x18
 652 00fc 00       		.byte	0
 653 00fd 00       		.byte	0
 654 00fe 14       		.uleb128 0x14
 655 00ff 898201   		.uleb128 0x4109
ARM GAS  C:\Users\rbhar\AppData\Local\Temp\ccWJTOli.s 			page 14


 656 0102 01       		.byte	0x1
 657 0103 11       		.uleb128 0x11
 658 0104 01       		.uleb128 0x1
 659 0105 31       		.uleb128 0x31
 660 0106 13       		.uleb128 0x13
 661 0107 01       		.uleb128 0x1
 662 0108 13       		.uleb128 0x13
 663 0109 00       		.byte	0
 664 010a 00       		.byte	0
 665 010b 15       		.uleb128 0x15
 666 010c 01       		.uleb128 0x1
 667 010d 01       		.byte	0x1
 668 010e 49       		.uleb128 0x49
 669 010f 13       		.uleb128 0x13
 670 0110 01       		.uleb128 0x1
 671 0111 13       		.uleb128 0x13
 672 0112 00       		.byte	0
 673 0113 00       		.byte	0
 674 0114 16       		.uleb128 0x16
 675 0115 21       		.uleb128 0x21
 676 0116 00       		.byte	0
 677 0117 49       		.uleb128 0x49
 678 0118 13       		.uleb128 0x13
 679 0119 2F       		.uleb128 0x2f
 680 011a 0B       		.uleb128 0xb
 681 011b 00       		.byte	0
 682 011c 00       		.byte	0
 683 011d 17       		.uleb128 0x17
 684 011e 34       		.uleb128 0x34
 685 011f 00       		.byte	0
 686 0120 03       		.uleb128 0x3
 687 0121 0E       		.uleb128 0xe
 688 0122 3A       		.uleb128 0x3a
 689 0123 0B       		.uleb128 0xb
 690 0124 3B       		.uleb128 0x3b
 691 0125 05       		.uleb128 0x5
 692 0126 49       		.uleb128 0x49
 693 0127 13       		.uleb128 0x13
 694 0128 3F       		.uleb128 0x3f
 695 0129 19       		.uleb128 0x19
 696 012a 3C       		.uleb128 0x3c
 697 012b 19       		.uleb128 0x19
 698 012c 00       		.byte	0
 699 012d 00       		.byte	0
 700 012e 18       		.uleb128 0x18
 701 012f 35       		.uleb128 0x35
 702 0130 00       		.byte	0
 703 0131 49       		.uleb128 0x49
 704 0132 13       		.uleb128 0x13
 705 0133 00       		.byte	0
 706 0134 00       		.byte	0
 707 0135 19       		.uleb128 0x19
 708 0136 2E       		.uleb128 0x2e
 709 0137 00       		.byte	0
 710 0138 3F       		.uleb128 0x3f
 711 0139 19       		.uleb128 0x19
 712 013a 3C       		.uleb128 0x3c
ARM GAS  C:\Users\rbhar\AppData\Local\Temp\ccWJTOli.s 			page 15


 713 013b 19       		.uleb128 0x19
 714 013c 6E       		.uleb128 0x6e
 715 013d 0E       		.uleb128 0xe
 716 013e 03       		.uleb128 0x3
 717 013f 0E       		.uleb128 0xe
 718 0140 3A       		.uleb128 0x3a
 719 0141 0B       		.uleb128 0xb
 720 0142 3B       		.uleb128 0x3b
 721 0143 0B       		.uleb128 0xb
 722 0144 00       		.byte	0
 723 0145 00       		.byte	0
 724 0146 1A       		.uleb128 0x1a
 725 0147 2E       		.uleb128 0x2e
 726 0148 00       		.byte	0
 727 0149 3F       		.uleb128 0x3f
 728 014a 19       		.uleb128 0x19
 729 014b 3C       		.uleb128 0x3c
 730 014c 19       		.uleb128 0x19
 731 014d 6E       		.uleb128 0x6e
 732 014e 0E       		.uleb128 0xe
 733 014f 03       		.uleb128 0x3
 734 0150 0E       		.uleb128 0xe
 735 0151 00       		.byte	0
 736 0152 00       		.byte	0
 737 0153 00       		.byte	0
 738              		.section	.debug_loc,"",%progbits
 739              	.Ldebug_loc0:
 740              	.LLST0:
 741 0000 00000000 		.4byte	.LVL0
 742 0004 05000000 		.4byte	.LVL1-1
 743 0008 0100     		.2byte	0x1
 744 000a 50       		.byte	0x50
 745 000b 05000000 		.4byte	.LVL1-1
 746 000f 08000000 		.4byte	.LFE64
 747 0013 0400     		.2byte	0x4
 748 0015 F3       		.byte	0xf3
 749 0016 01       		.uleb128 0x1
 750 0017 50       		.byte	0x50
 751 0018 9F       		.byte	0x9f
 752 0019 00000000 		.4byte	0
 753 001d 00000000 		.4byte	0
 754              	.LLST1:
 755 0021 00000000 		.4byte	.LVL2
 756 0025 12000000 		.4byte	.LVL3
 757 0029 0100     		.2byte	0x1
 758 002b 50       		.byte	0x50
 759 002c 12000000 		.4byte	.LVL3
 760 0030 32000000 		.4byte	.LFE65
 761 0034 0400     		.2byte	0x4
 762 0036 F3       		.byte	0xf3
 763 0037 01       		.uleb128 0x1
 764 0038 50       		.byte	0x50
 765 0039 9F       		.byte	0x9f
 766 003a 00000000 		.4byte	0
 767 003e 00000000 		.4byte	0
 768              		.section	.debug_aranges,"",%progbits
 769 0000 24000000 		.4byte	0x24
ARM GAS  C:\Users\rbhar\AppData\Local\Temp\ccWJTOli.s 			page 16


 770 0004 0200     		.2byte	0x2
 771 0006 00000000 		.4byte	.Ldebug_info0
 772 000a 04       		.byte	0x4
 773 000b 00       		.byte	0
 774 000c 0000     		.2byte	0
 775 000e 0000     		.2byte	0
 776 0010 00000000 		.4byte	.LFB64
 777 0014 08000000 		.4byte	.LFE64-.LFB64
 778 0018 00000000 		.4byte	.LFB65
 779 001c 32000000 		.4byte	.LFE65-.LFB65
 780 0020 00000000 		.4byte	0
 781 0024 00000000 		.4byte	0
 782              		.section	.debug_ranges,"",%progbits
 783              	.Ldebug_ranges0:
 784 0000 00000000 		.4byte	.LFB64
 785 0004 08000000 		.4byte	.LFE64
 786 0008 00000000 		.4byte	.LFB65
 787 000c 32000000 		.4byte	.LFE65
 788 0010 00000000 		.4byte	0
 789 0014 00000000 		.4byte	0
 790              		.section	.debug_line,"",%progbits
 791              	.Ldebug_line0:
 792 0000 94020000 		.section	.debug_str,"MS",%progbits,1
 792      02006902 
 792      00000201 
 792      FB0E0D00 
 792      01010101 
 793              	.LASF29:
 794 0000 736F7572 		.ascii	"source\\bsw\\console.c\000"
 794      63655C62 
 794      73775C63 
 794      6F6E736F 
 794      6C652E63 
 795              	.LASF35:
 796 0015 5072696E 		.ascii	"PrintOnConsole\000"
 796      744F6E43 
 796      6F6E736F 
 796      6C6500
 797              	.LASF9:
 798 0024 5F5F696E 		.ascii	"__int32_t\000"
 798      7433325F 
 798      7400
 799              	.LASF19:
 800 002e 65436F6E 		.ascii	"eConsoleMsgTypes_t\000"
 800      736F6C65 
 800      4D736754 
 800      79706573 
 800      5F7400
 801              	.LASF16:
 802 0041 434F4E53 		.ascii	"CONSOLE_MSG\000"
 802      4F4C455F 
 802      4D534700 
 803              	.LASF30:
 804 004d 443A5C48 		.ascii	"D:\\HDA\\Pre-Semester\\2_Microcontroller\\LabWorksp"
 804      44415C50 
 804      72652D53 
 804      656D6573 
ARM GAS  C:\Users\rbhar\AppData\Local\Temp\ccWJTOli.s 			page 17


 804      7465725C 
 805 007c 6163655C 		.ascii	"ace\\LabMicrocontroller\\ReactionGame.cydsn\000"
 805      4C61624D 
 805      6963726F 
 805      636F6E74 
 805      726F6C6C 
 806              	.LASF34:
 807 00a6 436F6E73 		.ascii	"ConsoleWrite\000"
 807      6F6C6557 
 807      72697465 
 807      00
 808              	.LASF11:
 809 00b3 666C6F61 		.ascii	"float\000"
 809      7400
 810              	.LASF20:
 811 00b9 5F5F676E 		.ascii	"__gnuc_va_list\000"
 811      75635F76 
 811      615F6C69 
 811      737400
 812              	.LASF1:
 813 00c8 756E7369 		.ascii	"unsigned char\000"
 813      676E6564 
 813      20636861 
 813      7200
 814              	.LASF28:
 815 00d6 474E5520 		.ascii	"GNU C11 5.4.1 20160609 (release) [ARM/embedded-5-br"
 815      43313120 
 815      352E342E 
 815      31203230 
 815      31363036 
 816 0109 616E6368 		.ascii	"anch revision 237715] -mcpu=cortex-m3 -mthumb -g -O"
 816      20726576 
 816      6973696F 
 816      6E203233 
 816      37373135 
 817 013c 67202D66 		.ascii	"g -ffunction-sections -ffat-lto-objects\000"
 817      66756E63 
 817      74696F6E 
 817      2D736563 
 817      74696F6E 
 818              	.LASF17:
 819 0164 434F4E53 		.ascii	"CONSOLE_LOGS\000"
 819      4F4C455F 
 819      4C4F4753 
 819      00
 820              	.LASF5:
 821 0171 6C6F6E67 		.ascii	"long unsigned int\000"
 821      20756E73 
 821      69676E65 
 821      6420696E 
 821      7400
 822              	.LASF3:
 823 0183 73686F72 		.ascii	"short unsigned int\000"
 823      7420756E 
 823      7369676E 
 823      65642069 
 823      6E7400
ARM GAS  C:\Users\rbhar\AppData\Local\Temp\ccWJTOli.s 			page 18


 824              	.LASF31:
 825 0196 65436F6E 		.ascii	"eConsoleMsgTypes\000"
 825      736F6C65 
 825      4D736754 
 825      79706573 
 825      00
 826              	.LASF22:
 827 01a7 704D6573 		.ascii	"pMessage\000"
 827      73616765 
 827      00
 828              	.LASF21:
 829 01b0 76615F6C 		.ascii	"va_list\000"
 829      69737400 
 830              	.LASF37:
 831 01b8 6D656D73 		.ascii	"memset\000"
 831      657400
 832              	.LASF12:
 833 01bf 646F7562 		.ascii	"double\000"
 833      6C6500
 834              	.LASF36:
 835 01c6 49544D5F 		.ascii	"ITM_RxBuffer\000"
 835      52784275 
 835      66666572 
 835      00
 836              	.LASF24:
 837 01d3 4D657373 		.ascii	"MessageData\000"
 837      61676544 
 837      61746100 
 838              	.LASF8:
 839 01df 756E7369 		.ascii	"unsigned int\000"
 839      676E6564 
 839      20696E74 
 839      00
 840              	.LASF7:
 841 01ec 6C6F6E67 		.ascii	"long long unsigned int\000"
 841      206C6F6E 
 841      6720756E 
 841      7369676E 
 841      65642069 
 842              	.LASF33:
 843 0203 5F5F6170 		.ascii	"__ap\000"
 843      00
 844              	.LASF10:
 845 0208 696E7433 		.ascii	"int32_t\000"
 845      325F7400 
 846              	.LASF15:
 847 0210 73697A65 		.ascii	"sizetype\000"
 847      74797065 
 847      00
 848              	.LASF32:
 849 0219 5F5F7661 		.ascii	"__va_list\000"
 849      5F6C6973 
 849      7400
 850              	.LASF6:
 851 0223 6C6F6E67 		.ascii	"long long int\000"
 851      206C6F6E 
 851      6720696E 
ARM GAS  C:\Users\rbhar\AppData\Local\Temp\ccWJTOli.s 			page 19


 851      7400
 852              	.LASF13:
 853 0231 63686172 		.ascii	"char\000"
 853      00
 854              	.LASF23:
 855 0236 4D657373 		.ascii	"MessageType\000"
 855      61676554 
 855      79706500 
 856              	.LASF18:
 857 0242 434F4E53 		.ascii	"CONSOLE_DEBUG\000"
 857      4F4C455F 
 857      44454255 
 857      4700
 858              	.LASF2:
 859 0250 73686F72 		.ascii	"short int\000"
 859      7420696E 
 859      7400
 860              	.LASF4:
 861 025a 6C6F6E67 		.ascii	"long int\000"
 861      20696E74 
 861      00
 862              	.LASF14:
 863 0263 6C6F6E67 		.ascii	"long double\000"
 863      20646F75 
 863      626C6500 
 864              	.LASF0:
 865 026f 7369676E 		.ascii	"signed char\000"
 865      65642063 
 865      68617200 
 866              	.LASF26:
 867 027b 55415254 		.ascii	"UART_1_PutString\000"
 867      5F315F50 
 867      75745374 
 867      72696E67 
 867      00
 868              	.LASF27:
 869 028c 76737072 		.ascii	"vsprintf\000"
 869      696E7466 
 869      00
 870              	.LASF25:
 871 0295 76616C69 		.ascii	"valist\000"
 871      737400
 872              		.ident	"GCC: (GNU Tools for ARM Embedded Processors) 5.4.1 20160609 (release) [ARM/embedded-5-bran
