ARM GAS  C:\Users\rbhar\AppData\Local\Temp\cc5gAsNj.s 			page 1


   1              		.syntax unified
   2              		.cpu cortex-m3
   3              		.fpu softvfp
   4              		.eabi_attribute 20, 1
   5              		.eabi_attribute 21, 1
   6              		.eabi_attribute 23, 3
   7              		.eabi_attribute 24, 1
   8              		.eabi_attribute 25, 1
   9              		.eabi_attribute 26, 1
  10              		.eabi_attribute 30, 1
  11              		.eabi_attribute 34, 1
  12              		.eabi_attribute 18, 4
  13              		.thumb
  14              		.syntax unified
  15              		.file	"cymetadata.c"
  16              		.text
  17              	.Ltext0:
  18              		.cfi_sections	.debug_frame
  19              		.global	cy_metadata
  20              		.global	cy_meta_flashprotect
  21              		.global	cy_meta_wonvl
  22              		.global	cy_meta_custnvl
  23              		.global	cy_meta_configecc
  24              		.section	.cyconfigecc,"a",%progbits
  25              		.align	2
  26              		.type	cy_meta_configecc, %object
  27              		.size	cy_meta_configecc, 1024
  28              	cy_meta_configecc:
  29 0000 01       		.byte	1
  30 0001 4F       		.byte	79
  31 0002 00       		.byte	0
  32 0003 40       		.byte	64
  33 0004 03       		.byte	3
  34 0005 52       		.byte	82
  35 0006 00       		.byte	0
  36 0007 40       		.byte	64
  37 0008 03       		.byte	3
  38 0009 65       		.byte	101
  39 000a 00       		.byte	0
  40 000b 40       		.byte	64
  41 000c 01       		.byte	1
  42 000d 07       		.byte	7
  43 000e 01       		.byte	1
  44 000f 40       		.byte	64
  45 0010 01       		.byte	1
  46 0011 09       		.byte	9
  47 0012 01       		.byte	1
  48 0013 40       		.byte	64
  49 0014 01       		.byte	1
  50 0015 17       		.byte	23
  51 0016 01       		.byte	1
  52 0017 40       		.byte	64
  53 0018 68       		.byte	104
  54 0019 18       		.byte	24
  55 001a 01       		.byte	1
  56 001b 40       		.byte	64
  57 001c 47       		.byte	71
ARM GAS  C:\Users\rbhar\AppData\Local\Temp\cc5gAsNj.s 			page 2


  58 001d 19       		.byte	25
  59 001e 01       		.byte	1
  60 001f 40       		.byte	64
  61 0020 63       		.byte	99
  62 0021 1A       		.byte	26
  63 0022 01       		.byte	1
  64 0023 40       		.byte	64
  65 0024 4D       		.byte	77
  66 0025 1B       		.byte	27
  67 0026 01       		.byte	1
  68 0027 40       		.byte	64
  69 0028 06       		.byte	6
  70 0029 40       		.byte	64
  71 002a 01       		.byte	1
  72 002b 40       		.byte	64
  73 002c 0C       		.byte	12
  74 002d 41       		.byte	65
  75 002e 01       		.byte	1
  76 002f 40       		.byte	64
  77 0030 0D       		.byte	13
  78 0031 42       		.byte	66
  79 0032 01       		.byte	1
  80 0033 40       		.byte	64
  81 0034 03       		.byte	3
  82 0035 43       		.byte	67
  83 0036 01       		.byte	1
  84 0037 40       		.byte	64
  85 0038 02       		.byte	2
  86 0039 45       		.byte	69
  87 003a 01       		.byte	1
  88 003b 40       		.byte	64
  89 003c 01       		.byte	1
  90 003d 46       		.byte	70
  91 003e 01       		.byte	1
  92 003f 40       		.byte	64
  93 0040 02       		.byte	2
  94 0041 47       		.byte	71
  95 0042 01       		.byte	1
  96 0043 40       		.byte	64
  97 0044 07       		.byte	7
  98 0045 48       		.byte	72
  99 0046 01       		.byte	1
 100 0047 40       		.byte	64
 101 0048 03       		.byte	3
 102 0049 49       		.byte	73
 103 004a 01       		.byte	1
 104 004b 40       		.byte	64
 105 004c 0B       		.byte	11
 106 004d 4C       		.byte	76
 107 004e 01       		.byte	1
 108 004f 40       		.byte	64
 109 0050 0E       		.byte	14
 110 0051 4D       		.byte	77
 111 0052 01       		.byte	1
 112 0053 40       		.byte	64
 113 0054 02       		.byte	2
 114 0055 50       		.byte	80
ARM GAS  C:\Users\rbhar\AppData\Local\Temp\cc5gAsNj.s 			page 3


 115 0056 01       		.byte	1
 116 0057 40       		.byte	64
 117 0058 03       		.byte	3
 118 0059 51       		.byte	81
 119 005a 01       		.byte	1
 120 005b 40       		.byte	64
 121 005c 0A       		.byte	10
 122 005d 36       		.byte	54
 123 005e 00       		.byte	0
 124 005f 40       		.byte	64
 125 0060 08       		.byte	8
 126 0061 C2       		.byte	-62
 127 0062 09       		.byte	9
 128 0063 58       		.byte	88
 129 0064 89       		.byte	-119
 130 0065 0F       		.byte	15
 131 0066 8A       		.byte	-118
 132 0067 38       		.byte	56
 133 0068 8B       		.byte	-117
 134 0069 72       		.byte	114
 135 006a EC       		.byte	-20
 136 006b 10       		.byte	16
 137 006c EC       		.byte	-20
 138 006d 10       		.byte	16
 139 006e E2       		.byte	-30
 140 006f 14       		.byte	20
 141 0070 04       		.byte	4
 142 0071 8C       		.byte	-116
 143 0072 06       		.byte	6
 144 0073 13       		.byte	19
 145 0074 0D       		.byte	13
 146 0075 0A       		.byte	10
 147 0076 0E       		.byte	14
 148 0077 0C       		.byte	12
 149 0078 0F       		.byte	15
 150 0079 11       		.byte	17
 151 007a 11       		.byte	17
 152 007b 14       		.byte	20
 153 007c 13       		.byte	19
 154 007d 09       		.byte	9
 155 007e 15       		.byte	21
 156 007f 01       		.byte	1
 157 0080 17       		.byte	23
 158 0081 06       		.byte	6
 159 0082 1C       		.byte	28
 160 0083 D1       		.byte	-47
 161 0084 1E       		.byte	30
 162 0085 0E       		.byte	14
 163 0086 20       		.byte	32
 164 0087 D1       		.byte	-47
 165 0088 22       		.byte	34
 166 0089 06       		.byte	6
 167 008a 24       		.byte	36
 168 008b 20       		.byte	32
 169 008c 25       		.byte	37
 170 008d 3F       		.byte	63
 171 008e 26       		.byte	38
ARM GAS  C:\Users\rbhar\AppData\Local\Temp\cc5gAsNj.s 			page 4


 172 008f 43       		.byte	67
 173 0090 29       		.byte	41
 174 0091 3F       		.byte	63
 175 0092 2A       		.byte	42
 176 0093 08       		.byte	8
 177 0094 2D       		.byte	45
 178 0095 20       		.byte	32
 179 0096 30       		.byte	48
 180 0097 30       		.byte	48
 181 0098 32       		.byte	50
 182 0099 C0       		.byte	-64
 183 009a 33       		.byte	51
 184 009b 20       		.byte	32
 185 009c 34       		.byte	52
 186 009d 0F       		.byte	15
 187 009e 35       		.byte	53
 188 009f 07       		.byte	7
 189 00a0 37       		.byte	55
 190 00a1 18       		.byte	24
 191 00a2 38       		.byte	56
 192 00a3 8A       		.byte	-118
 193 00a4 3A       		.byte	58
 194 00a5 20       		.byte	32
 195 00a6 3E       		.byte	62
 196 00a7 44       		.byte	68
 197 00a8 40       		.byte	64
 198 00a9 03       		.byte	3
 199 00aa 47       		.byte	71
 200 00ab 04       		.byte	4
 201 00ac 49       		.byte	73
 202 00ad FF       		.byte	-1
 203 00ae 4A       		.byte	74
 204 00af 07       		.byte	7
 205 00b0 4B       		.byte	75
 206 00b1 FF       		.byte	-1
 207 00b2 4C       		.byte	76
 208 00b3 40       		.byte	64
 209 00b4 4D       		.byte	77
 210 00b5 20       		.byte	32
 211 00b6 4E       		.byte	78
 212 00b7 F0       		.byte	-16
 213 00b8 4F       		.byte	79
 214 00b9 05       		.byte	5
 215 00ba 50       		.byte	80
 216 00bb 08       		.byte	8
 217 00bc 58       		.byte	88
 218 00bd 04       		.byte	4
 219 00be 59       		.byte	89
 220 00bf 04       		.byte	4
 221 00c0 5A       		.byte	90
 222 00c1 04       		.byte	4
 223 00c2 5C       		.byte	92
 224 00c3 11       		.byte	17
 225 00c4 5D       		.byte	93
 226 00c5 01       		.byte	1
 227 00c6 5F       		.byte	95
 228 00c7 01       		.byte	1
ARM GAS  C:\Users\rbhar\AppData\Local\Temp\cc5gAsNj.s 			page 5


 229 00c8 60       		.byte	96
 230 00c9 40       		.byte	64
 231 00ca 61       		.byte	97
 232 00cb A8       		.byte	-88
 233 00cc 62       		.byte	98
 234 00cd 40       		.byte	64
 235 00ce 63       		.byte	99
 236 00cf 20       		.byte	32
 237 00d0 80       		.byte	-128
 238 00d1 14       		.byte	20
 239 00d2 84       		.byte	-124
 240 00d3 DC       		.byte	-36
 241 00d4 85       		.byte	-123
 242 00d5 0A       		.byte	10
 243 00d6 86       		.byte	-122
 244 00d7 22       		.byte	34
 245 00d8 87       		.byte	-121
 246 00d9 14       		.byte	20
 247 00da 8B       		.byte	-117
 248 00db 15       		.byte	21
 249 00dc 8C       		.byte	-116
 250 00dd 0C       		.byte	12
 251 00de 8E       		.byte	-114
 252 00df 71       		.byte	113
 253 00e0 8F       		.byte	-113
 254 00e1 08       		.byte	8
 255 00e2 90       		.byte	-112
 256 00e3 10       		.byte	16
 257 00e4 91       		.byte	-111
 258 00e5 13       		.byte	19
 259 00e6 92       		.byte	-110
 260 00e7 AC       		.byte	-84
 261 00e8 93       		.byte	-109
 262 00e9 0C       		.byte	12
 263 00ea 95       		.byte	-107
 264 00eb 03       		.byte	3
 265 00ec 97       		.byte	-105
 266 00ed 14       		.byte	20
 267 00ee 9A       		.byte	-102
 268 00ef 03       		.byte	3
 269 00f0 A1       		.byte	-95
 270 00f1 13       		.byte	19
 271 00f2 A3       		.byte	-93
 272 00f3 04       		.byte	4
 273 00f4 A6       		.byte	-90
 274 00f5 20       		.byte	32
 275 00f6 A8       		.byte	-88
 276 00f7 10       		.byte	16
 277 00f8 A9       		.byte	-87
 278 00f9 20       		.byte	32
 279 00fa AA       		.byte	-86
 280 00fb 40       		.byte	64
 281 00fc AC       		.byte	-84
 282 00fd 09       		.byte	9
 283 00fe AE       		.byte	-82
 284 00ff D0       		.byte	-48
 285 0100 B1       		.byte	-79
ARM GAS  C:\Users\rbhar\AppData\Local\Temp\cc5gAsNj.s 			page 6


 286 0101 0F       		.byte	15
 287 0102 B3       		.byte	-77
 288 0103 20       		.byte	32
 289 0104 B4       		.byte	-76
 290 0105 1F       		.byte	31
 291 0106 B5       		.byte	-75
 292 0107 10       		.byte	16
 293 0108 B6       		.byte	-74
 294 0109 E0       		.byte	-32
 295 010a BA       		.byte	-70
 296 010b 80       		.byte	-128
 297 010c BB       		.byte	-69
 298 010d 02       		.byte	2
 299 010e BF       		.byte	-65
 300 010f 14       		.byte	20
 301 0110 C0       		.byte	-64
 302 0111 43       		.byte	67
 303 0112 C1       		.byte	-63
 304 0113 05       		.byte	5
 305 0114 C5       		.byte	-59
 306 0115 E0       		.byte	-32
 307 0116 C6       		.byte	-58
 308 0117 0B       		.byte	11
 309 0118 C7       		.byte	-57
 310 0119 0C       		.byte	12
 311 011a C8       		.byte	-56
 312 011b 16       		.byte	22
 313 011c C9       		.byte	-55
 314 011d FF       		.byte	-1
 315 011e CA       		.byte	-54
 316 011f FF       		.byte	-1
 317 0120 CB       		.byte	-53
 318 0121 FF       		.byte	-1
 319 0122 CE       		.byte	-50
 320 0123 F0       		.byte	-16
 321 0124 CF       		.byte	-49
 322 0125 44       		.byte	68
 323 0126 D0       		.byte	-48
 324 0127 0C       		.byte	12
 325 0128 D4       		.byte	-44
 326 0129 01       		.byte	1
 327 012a D6       		.byte	-42
 328 012b 04       		.byte	4
 329 012c D8       		.byte	-40
 330 012d 04       		.byte	4
 331 012e D9       		.byte	-39
 332 012f 04       		.byte	4
 333 0130 DA       		.byte	-38
 334 0131 04       		.byte	4
 335 0132 DB       		.byte	-37
 336 0133 04       		.byte	4
 337 0134 DC       		.byte	-36
 338 0135 11       		.byte	17
 339 0136 DD       		.byte	-35
 340 0137 11       		.byte	17
 341 0138 DF       		.byte	-33
 342 0139 01       		.byte	1
ARM GAS  C:\Users\rbhar\AppData\Local\Temp\cc5gAsNj.s 			page 7


 343 013a E6       		.byte	-26
 344 013b C0       		.byte	-64
 345 013c EA       		.byte	-22
 346 013d 40       		.byte	64
 347 013e EB       		.byte	-21
 348 013f 02       		.byte	2
 349 0140 00       		.byte	0
 350 0141 04       		.byte	4
 351 0142 01       		.byte	1
 352 0143 80       		.byte	-128
 353 0144 02       		.byte	2
 354 0145 40       		.byte	64
 355 0146 04       		.byte	4
 356 0147 44       		.byte	68
 357 0148 09       		.byte	9
 358 0149 02       		.byte	2
 359 014a 0A       		.byte	10
 360 014b 04       		.byte	4
 361 014c 0C       		.byte	12
 362 014d 08       		.byte	8
 363 014e 0E       		.byte	14
 364 014f 11       		.byte	17
 365 0150 10       		.byte	16
 366 0151 20       		.byte	32
 367 0152 12       		.byte	18
 368 0153 04       		.byte	4
 369 0154 13       		.byte	19
 370 0155 40       		.byte	64
 371 0156 15       		.byte	21
 372 0157 02       		.byte	2
 373 0158 16       		.byte	22
 374 0159 24       		.byte	36
 375 015a 19       		.byte	25
 376 015b 90       		.byte	-112
 377 015c 1A       		.byte	26
 378 015d 05       		.byte	5
 379 015e 1B       		.byte	27
 380 015f 80       		.byte	-128
 381 0160 1C       		.byte	28
 382 0161 44       		.byte	68
 383 0162 1D       		.byte	29
 384 0163 08       		.byte	8
 385 0164 1E       		.byte	30
 386 0165 02       		.byte	2
 387 0166 20       		.byte	32
 388 0167 08       		.byte	8
 389 0168 21       		.byte	33
 390 0169 03       		.byte	3
 391 016a 22       		.byte	34
 392 016b 08       		.byte	8
 393 016c 24       		.byte	36
 394 016d 02       		.byte	2
 395 016e 26       		.byte	38
 396 016f 04       		.byte	4
 397 0170 27       		.byte	39
 398 0171 05       		.byte	5
 399 0172 29       		.byte	41
ARM GAS  C:\Users\rbhar\AppData\Local\Temp\cc5gAsNj.s 			page 8


 400 0173 10       		.byte	16
 401 0174 2B       		.byte	43
 402 0175 80       		.byte	-128
 403 0176 2E       		.byte	46
 404 0177 40       		.byte	64
 405 0178 2F       		.byte	47
 406 0179 28       		.byte	40
 407 017a 30       		.byte	48
 408 017b 08       		.byte	8
 409 017c 31       		.byte	49
 410 017d 02       		.byte	2
 411 017e 37       		.byte	55
 412 017f 05       		.byte	5
 413 0180 38       		.byte	56
 414 0181 44       		.byte	68
 415 0182 3A       		.byte	58
 416 0183 20       		.byte	32
 417 0184 3B       		.byte	59
 418 0185 40       		.byte	64
 419 0186 3D       		.byte	61
 420 0187 40       		.byte	64
 421 0188 41       		.byte	65
 422 0189 01       		.byte	1
 423 018a 42       		.byte	66
 424 018b 20       		.byte	32
 425 018c 45       		.byte	69
 426 018d 08       		.byte	8
 427 018e 48       		.byte	72
 428 018f 40       		.byte	64
 429 0190 49       		.byte	73
 430 0191 81       		.byte	-127
 431 0192 50       		.byte	80
 432 0193 08       		.byte	8
 433 0194 52       		.byte	82
 434 0195 40       		.byte	64
 435 0196 54       		.byte	84
 436 0197 20       		.byte	32
 437 0198 56       		.byte	86
 438 0199 24       		.byte	36
 439 019a 58       		.byte	88
 440 019b 80       		.byte	-128
 441 019c 59       		.byte	89
 442 019d 09       		.byte	9
 443 019e 5A       		.byte	90
 444 019f 10       		.byte	16
 445 01a0 63       		.byte	99
 446 01a1 80       		.byte	-128
 447 01a2 69       		.byte	105
 448 01a3 20       		.byte	32
 449 01a4 6A       		.byte	106
 450 01a5 80       		.byte	-128
 451 01a6 6B       		.byte	107
 452 01a7 60       		.byte	96
 453 01a8 70       		.byte	112
 454 01a9 04       		.byte	4
 455 01aa 73       		.byte	115
 456 01ab 09       		.byte	9
ARM GAS  C:\Users\rbhar\AppData\Local\Temp\cc5gAsNj.s 			page 9


 457 01ac 82       		.byte	-126
 458 01ad 40       		.byte	64
 459 01ae 83       		.byte	-125
 460 01af 40       		.byte	64
 461 01b0 85       		.byte	-123
 462 01b1 10       		.byte	16
 463 01b2 8E       		.byte	-114
 464 01b3 01       		.byte	1
 465 01b4 C0       		.byte	-64
 466 01b5 AD       		.byte	-83
 467 01b6 C2       		.byte	-62
 468 01b7 8A       		.byte	-118
 469 01b8 C4       		.byte	-60
 470 01b9 77       		.byte	119
 471 01ba CA       		.byte	-54
 472 01bb 75       		.byte	117
 473 01bc CC       		.byte	-52
 474 01bd C3       		.byte	-61
 475 01be CE       		.byte	-50
 476 01bf 1E       		.byte	30
 477 01c0 D0       		.byte	-48
 478 01c1 43       		.byte	67
 479 01c2 D2       		.byte	-46
 480 01c3 08       		.byte	8
 481 01c4 D6       		.byte	-42
 482 01c5 0F       		.byte	15
 483 01c6 D8       		.byte	-40
 484 01c7 01       		.byte	1
 485 01c8 E0       		.byte	-32
 486 01c9 02       		.byte	2
 487 01ca E2       		.byte	-30
 488 01cb 10       		.byte	16
 489 01cc E4       		.byte	-28
 490 01cd 01       		.byte	1
 491 01ce 02       		.byte	2
 492 01cf 01       		.byte	1
 493 01d0 06       		.byte	6
 494 01d1 01       		.byte	1
 495 01d2 08       		.byte	8
 496 01d3 01       		.byte	1
 497 01d4 0C       		.byte	12
 498 01d5 08       		.byte	8
 499 01d6 0F       		.byte	15
 500 01d7 01       		.byte	1
 501 01d8 10       		.byte	16
 502 01d9 01       		.byte	1
 503 01da 1A       		.byte	26
 504 01db 04       		.byte	4
 505 01dc 1E       		.byte	30
 506 01dd 02       		.byte	2
 507 01de 22       		.byte	34
 508 01df 02       		.byte	2
 509 01e0 26       		.byte	38
 510 01e1 04       		.byte	4
 511 01e2 30       		.byte	48
 512 01e3 04       		.byte	4
 513 01e4 32       		.byte	50
ARM GAS  C:\Users\rbhar\AppData\Local\Temp\cc5gAsNj.s 			page 10


 514 01e5 08       		.byte	8
 515 01e6 34       		.byte	52
 516 01e7 02       		.byte	2
 517 01e8 36       		.byte	54
 518 01e9 01       		.byte	1
 519 01ea 37       		.byte	55
 520 01eb 01       		.byte	1
 521 01ec 38       		.byte	56
 522 01ed 80       		.byte	-128
 523 01ee 3B       		.byte	59
 524 01ef 02       		.byte	2
 525 01f0 3E       		.byte	62
 526 01f1 15       		.byte	21
 527 01f2 40       		.byte	64
 528 01f3 36       		.byte	54
 529 01f4 41       		.byte	65
 530 01f5 05       		.byte	5
 531 01f6 42       		.byte	66
 532 01f7 02       		.byte	2
 533 01f8 44       		.byte	68
 534 01f9 04       		.byte	4
 535 01fa 45       		.byte	69
 536 01fb 0C       		.byte	12
 537 01fc 46       		.byte	70
 538 01fd 0E       		.byte	14
 539 01fe 48       		.byte	72
 540 01ff 05       		.byte	5
 541 0200 49       		.byte	73
 542 0201 FF       		.byte	-1
 543 0202 4A       		.byte	74
 544 0203 FF       		.byte	-1
 545 0204 4B       		.byte	75
 546 0205 FF       		.byte	-1
 547 0206 4C       		.byte	76
 548 0207 62       		.byte	98
 549 0208 4D       		.byte	77
 550 0209 A0       		.byte	-96
 551 020a 4E       		.byte	78
 552 020b F0       		.byte	-16
 553 020c 4F       		.byte	79
 554 020d 41       		.byte	65
 555 020e 50       		.byte	80
 556 020f 0C       		.byte	12
 557 0210 54       		.byte	84
 558 0211 18       		.byte	24
 559 0212 58       		.byte	88
 560 0213 04       		.byte	4
 561 0214 59       		.byte	89
 562 0215 04       		.byte	4
 563 0216 5A       		.byte	90
 564 0217 04       		.byte	4
 565 0218 5B       		.byte	91
 566 0219 04       		.byte	4
 567 021a 5C       		.byte	92
 568 021b 11       		.byte	17
 569 021c 5D       		.byte	93
 570 021d 11       		.byte	17
ARM GAS  C:\Users\rbhar\AppData\Local\Temp\cc5gAsNj.s 			page 11


 571 021e 5F       		.byte	95
 572 021f 01       		.byte	1
 573 0220 66       		.byte	102
 574 0221 40       		.byte	64
 575 0222 67       		.byte	103
 576 0223 02       		.byte	2
 577 0224 69       		.byte	105
 578 0225 10       		.byte	16
 579 0226 6A       		.byte	106
 580 0227 30       		.byte	48
 581 0228 6B       		.byte	107
 582 0229 10       		.byte	16
 583 022a 6D       		.byte	109
 584 022b 10       		.byte	16
 585 022c 6E       		.byte	110
 586 022d 10       		.byte	16
 587 022e 6F       		.byte	111
 588 022f 12       		.byte	18
 589 0230 80       		.byte	-128
 590 0231 02       		.byte	2
 591 0232 82       		.byte	-126
 592 0233 80       		.byte	-128
 593 0234 83       		.byte	-125
 594 0235 04       		.byte	4
 595 0236 84       		.byte	-124
 596 0237 0C       		.byte	12
 597 0238 85       		.byte	-123
 598 0239 08       		.byte	8
 599 023a 88       		.byte	-120
 600 023b 04       		.byte	4
 601 023c 89       		.byte	-119
 602 023d 18       		.byte	24
 603 023e 8C       		.byte	-116
 604 023f 08       		.byte	8
 605 0240 8D       		.byte	-115
 606 0241 FF       		.byte	-1
 607 0242 91       		.byte	-111
 608 0243 80       		.byte	-128
 609 0244 94       		.byte	-108
 610 0245 33       		.byte	51
 611 0246 96       		.byte	-106
 612 0247 0C       		.byte	12
 613 0248 97       		.byte	-105
 614 0249 E3       		.byte	-29
 615 024a 99       		.byte	-103
 616 024b 3C       		.byte	60
 617 024c 9A       		.byte	-102
 618 024d 23       		.byte	35
 619 024e 9B       		.byte	-101
 620 024f C2       		.byte	-62
 621 0250 9C       		.byte	-100
 622 0251 1F       		.byte	31
 623 0252 9D       		.byte	-99
 624 0253 1C       		.byte	28
 625 0254 9E       		.byte	-98
 626 0255 20       		.byte	32
 627 0256 9F       		.byte	-97
ARM GAS  C:\Users\rbhar\AppData\Local\Temp\cc5gAsNj.s 			page 12


 628 0257 E1       		.byte	-31
 629 0258 A0       		.byte	-96
 630 0259 3F       		.byte	63
 631 025a A1       		.byte	-95
 632 025b 10       		.byte	16
 633 025c A4       		.byte	-92
 634 025d 03       		.byte	3
 635 025e A5       		.byte	-91
 636 025f C0       		.byte	-64
 637 0260 A6       		.byte	-90
 638 0261 40       		.byte	64
 639 0262 A8       		.byte	-88
 640 0263 1C       		.byte	28
 641 0264 A9       		.byte	-87
 642 0265 E7       		.byte	-25
 643 0266 AA       		.byte	-86
 644 0267 23       		.byte	35
 645 0268 AB       		.byte	-85
 646 0269 18       		.byte	24
 647 026a AC       		.byte	-84
 648 026b 01       		.byte	1
 649 026c AD       		.byte	-83
 650 026d 44       		.byte	68
 651 026e AE       		.byte	-82
 652 026f 80       		.byte	-128
 653 0270 B0       		.byte	-80
 654 0271 C0       		.byte	-64
 655 0272 B2       		.byte	-78
 656 0273 0F       		.byte	15
 657 0274 B3       		.byte	-77
 658 0275 1F       		.byte	31
 659 0276 B4       		.byte	-76
 660 0277 10       		.byte	16
 661 0278 B5       		.byte	-75
 662 0279 38       		.byte	56
 663 027a B6       		.byte	-74
 664 027b 2C       		.byte	44
 665 027c B7       		.byte	-73
 666 027d C0       		.byte	-64
 667 027e BA       		.byte	-70
 668 027f 88       		.byte	-120
 669 0280 BB       		.byte	-69
 670 0281 08       		.byte	8
 671 0282 BE       		.byte	-66
 672 0283 11       		.byte	17
 673 0284 D6       		.byte	-42
 674 0285 02       		.byte	2
 675 0286 D7       		.byte	-41
 676 0287 12       		.byte	18
 677 0288 D8       		.byte	-40
 678 0289 04       		.byte	4
 679 028a D9       		.byte	-39
 680 028b 04       		.byte	4
 681 028c DB       		.byte	-37
 682 028d 04       		.byte	4
 683 028e DC       		.byte	-36
 684 028f 11       		.byte	17
ARM GAS  C:\Users\rbhar\AppData\Local\Temp\cc5gAsNj.s 			page 13


 685 0290 DD       		.byte	-35
 686 0291 10       		.byte	16
 687 0292 DF       		.byte	-33
 688 0293 01       		.byte	1
 689 0294 00       		.byte	0
 690 0295 92       		.byte	-110
 691 0296 03       		.byte	3
 692 0297 10       		.byte	16
 693 0298 04       		.byte	4
 694 0299 02       		.byte	2
 695 029a 05       		.byte	5
 696 029b 81       		.byte	-127
 697 029c 07       		.byte	7
 698 029d 28       		.byte	40
 699 029e 09       		.byte	9
 700 029f 10       		.byte	16
 701 02a0 0A       		.byte	10
 702 02a1 01       		.byte	1
 703 02a2 0B       		.byte	11
 704 02a3 40       		.byte	64
 705 02a4 0E       		.byte	14
 706 02a5 2A       		.byte	42
 707 02a6 10       		.byte	16
 708 02a7 20       		.byte	32
 709 02a8 12       		.byte	18
 710 02a9 40       		.byte	64
 711 02aa 15       		.byte	21
 712 02ab 46       		.byte	70
 713 02ac 17       		.byte	23
 714 02ad 14       		.byte	20
 715 02ae 18       		.byte	24
 716 02af 04       		.byte	4
 717 02b0 19       		.byte	25
 718 02b1 08       		.byte	8
 719 02b2 1A       		.byte	26
 720 02b3 01       		.byte	1
 721 02b4 1B       		.byte	27
 722 02b5 01       		.byte	1
 723 02b6 1C       		.byte	28
 724 02b7 52       		.byte	82
 725 02b8 1D       		.byte	29
 726 02b9 40       		.byte	64
 727 02ba 1E       		.byte	30
 728 02bb 26       		.byte	38
 729 02bc 1F       		.byte	31
 730 02bd 04       		.byte	4
 731 02be 21       		.byte	33
 732 02bf 01       		.byte	1
 733 02c0 23       		.byte	35
 734 02c1 41       		.byte	65
 735 02c2 25       		.byte	37
 736 02c3 30       		.byte	48
 737 02c4 27       		.byte	39
 738 02c5 11       		.byte	17
 739 02c6 2C       		.byte	44
 740 02c7 80       		.byte	-128
 741 02c8 2D       		.byte	45
ARM GAS  C:\Users\rbhar\AppData\Local\Temp\cc5gAsNj.s 			page 14


 742 02c9 44       		.byte	68
 743 02ca 2F       		.byte	47
 744 02cb 04       		.byte	4
 745 02cc 35       		.byte	53
 746 02cd 41       		.byte	65
 747 02ce 36       		.byte	54
 748 02cf 04       		.byte	4
 749 02d0 37       		.byte	55
 750 02d1 10       		.byte	16
 751 02d2 39       		.byte	57
 752 02d3 40       		.byte	64
 753 02d4 3E       		.byte	62
 754 02d5 28       		.byte	40
 755 02d6 3F       		.byte	63
 756 02d7 41       		.byte	65
 757 02d8 40       		.byte	64
 758 02d9 50       		.byte	80
 759 02da 41       		.byte	65
 760 02db 20       		.byte	32
 761 02dc 48       		.byte	72
 762 02dd 20       		.byte	32
 763 02de 4A       		.byte	74
 764 02df 04       		.byte	4
 765 02e0 4B       		.byte	75
 766 02e1 40       		.byte	64
 767 02e2 52       		.byte	82
 768 02e3 40       		.byte	64
 769 02e4 5B       		.byte	91
 770 02e5 01       		.byte	1
 771 02e6 5E       		.byte	94
 772 02e7 04       		.byte	4
 773 02e8 60       		.byte	96
 774 02e9 04       		.byte	4
 775 02ea 63       		.byte	99
 776 02eb 02       		.byte	2
 777 02ec 6E       		.byte	110
 778 02ed 40       		.byte	64
 779 02ee 6F       		.byte	111
 780 02ef 28       		.byte	40
 781 02f0 74       		.byte	116
 782 02f1 80       		.byte	-128
 783 02f2 75       		.byte	117
 784 02f3 80       		.byte	-128
 785 02f4 76       		.byte	118
 786 02f5 28       		.byte	40
 787 02f6 77       		.byte	119
 788 02f7 28       		.byte	40
 789 02f8 8D       		.byte	-115
 790 02f9 40       		.byte	64
 791 02fa 90       		.byte	-112
 792 02fb 02       		.byte	2
 793 02fc 95       		.byte	-107
 794 02fd 40       		.byte	64
 795 02fe 96       		.byte	-106
 796 02ff 40       		.byte	64
 797 0300 9B       		.byte	-101
 798 0301 04       		.byte	4
ARM GAS  C:\Users\rbhar\AppData\Local\Temp\cc5gAsNj.s 			page 15


 799 0302 9D       		.byte	-99
 800 0303 08       		.byte	8
 801 0304 A0       		.byte	-96
 802 0305 40       		.byte	64
 803 0306 A2       		.byte	-94
 804 0307 04       		.byte	4
 805 0308 A7       		.byte	-89
 806 0309 28       		.byte	40
 807 030a AB       		.byte	-85
 808 030b 40       		.byte	64
 809 030c AE       		.byte	-82
 810 030d 08       		.byte	8
 811 030e B0       		.byte	-80
 812 030f 84       		.byte	-124
 813 0310 B3       		.byte	-77
 814 0311 20       		.byte	32
 815 0312 B4       		.byte	-76
 816 0313 04       		.byte	4
 817 0314 B7       		.byte	-73
 818 0315 09       		.byte	9
 819 0316 C0       		.byte	-64
 820 0317 FF       		.byte	-1
 821 0318 C2       		.byte	-62
 822 0319 EB       		.byte	-21
 823 031a C4       		.byte	-60
 824 031b FC       		.byte	-4
 825 031c CA       		.byte	-54
 826 031d F0       		.byte	-16
 827 031e CC       		.byte	-52
 828 031f F0       		.byte	-16
 829 0320 CE       		.byte	-50
 830 0321 F8       		.byte	-8
 831 0322 D0       		.byte	-48
 832 0323 07       		.byte	7
 833 0324 D2       		.byte	-46
 834 0325 0C       		.byte	12
 835 0326 D6       		.byte	-42
 836 0327 41       		.byte	65
 837 0328 D8       		.byte	-40
 838 0329 0C       		.byte	12
 839 032a E8       		.byte	-24
 840 032b 08       		.byte	8
 841 032c EC       		.byte	-20
 842 032d 01       		.byte	1
 843 032e 31       		.byte	49
 844 032f 48       		.byte	72
 845 0330 36       		.byte	54
 846 0331 40       		.byte	64
 847 0332 37       		.byte	55
 848 0333 04       		.byte	4
 849 0334 3A       		.byte	58
 850 0335 20       		.byte	32
 851 0336 CC       		.byte	-52
 852 0337 F0       		.byte	-16
 853 0338 CE       		.byte	-50
 854 0339 10       		.byte	16
 855 033a 05       		.byte	5
ARM GAS  C:\Users\rbhar\AppData\Local\Temp\cc5gAsNj.s 			page 16


 856 033b 40       		.byte	64
 857 033c 0B       		.byte	11
 858 033d 20       		.byte	32
 859 033e 0D       		.byte	13
 860 033f 08       		.byte	8
 861 0340 5F       		.byte	95
 862 0341 08       		.byte	8
 863 0342 9D       		.byte	-99
 864 0343 40       		.byte	64
 865 0344 9E       		.byte	-98
 866 0345 20       		.byte	32
 867 0346 9F       		.byte	-97
 868 0347 04       		.byte	4
 869 0348 A5       		.byte	-91
 870 0349 08       		.byte	8
 871 034a A6       		.byte	-90
 872 034b 40       		.byte	64
 873 034c C0       		.byte	-64
 874 034d 80       		.byte	-128
 875 034e C2       		.byte	-62
 876 034f 30       		.byte	48
 877 0350 D6       		.byte	-42
 878 0351 80       		.byte	-128
 879 0352 13       		.byte	19
 880 0353 08       		.byte	8
 881 0354 18       		.byte	24
 882 0355 80       		.byte	-128
 883 0356 1B       		.byte	27
 884 0357 04       		.byte	4
 885 0358 3F       		.byte	63
 886 0359 08       		.byte	8
 887 035a 5B       		.byte	91
 888 035b 08       		.byte	8
 889 035c 9E       		.byte	-98
 890 035d 20       		.byte	32
 891 035e 9F       		.byte	-97
 892 035f 0C       		.byte	12
 893 0360 AE       		.byte	-82
 894 0361 40       		.byte	64
 895 0362 AF       		.byte	-81
 896 0363 10       		.byte	16
 897 0364 C4       		.byte	-60
 898 0365 10       		.byte	16
 899 0366 C6       		.byte	-58
 900 0367 10       		.byte	16
 901 0368 CE       		.byte	-50
 902 0369 80       		.byte	-128
 903 036a D6       		.byte	-42
 904 036b 40       		.byte	64
 905 036c 9E       		.byte	-98
 906 036d 20       		.byte	32
 907 036e 9F       		.byte	-97
 908 036f 04       		.byte	4
 909 0370 B4       		.byte	-76
 910 0371 40       		.byte	64
 911 0372 50       		.byte	80
 912 0373 20       		.byte	32
ARM GAS  C:\Users\rbhar\AppData\Local\Temp\cc5gAsNj.s 			page 17


 913 0374 D4       		.byte	-44
 914 0375 04       		.byte	4
 915 0376 A4       		.byte	-92
 916 0377 20       		.byte	32
 917 0378 B4       		.byte	-76
 918 0379 20       		.byte	32
 919 037a EC       		.byte	-20
 920 037b 08       		.byte	8
 921 037c 65       		.byte	101
 922 037d 04       		.byte	4
 923 037e 82       		.byte	-126
 924 037f 20       		.byte	32
 925 0380 8D       		.byte	-115
 926 0381 04       		.byte	4
 927 0382 9E       		.byte	-98
 928 0383 20       		.byte	32
 929 0384 9F       		.byte	-97
 930 0385 04       		.byte	4
 931 0386 D8       		.byte	-40
 932 0387 80       		.byte	-128
 933 0388 E2       		.byte	-30
 934 0389 20       		.byte	32
 935 038a 03       		.byte	3
 936 038b 04       		.byte	4
 937 038c 9F       		.byte	-97
 938 038d 04       		.byte	4
 939 038e C0       		.byte	-64
 940 038f 40       		.byte	64
 941 0390 52       		.byte	82
 942 0391 0A       		.byte	10
 943 0392 57       		.byte	87
 944 0393 08       		.byte	8
 945 0394 58       		.byte	88
 946 0395 01       		.byte	1
 947 0396 5E       		.byte	94
 948 0397 02       		.byte	2
 949 0398 63       		.byte	99
 950 0399 20       		.byte	32
 951 039a 66       		.byte	102
 952 039b 10       		.byte	16
 953 039c 82       		.byte	-126
 954 039d 01       		.byte	1
 955 039e 86       		.byte	-122
 956 039f 10       		.byte	16
 957 03a0 D4       		.byte	-44
 958 03a1 07       		.byte	7
 959 03a2 D6       		.byte	-42
 960 03a3 03       		.byte	3
 961 03a4 D8       		.byte	-40
 962 03a5 03       		.byte	3
 963 03a6 12       		.byte	18
 964 03a7 80       		.byte	-128
 965 03a8 76       		.byte	118
 966 03a9 20       		.byte	32
 967 03aa 8E       		.byte	-114
 968 03ab 80       		.byte	-128
 969 03ac 9A       		.byte	-102
ARM GAS  C:\Users\rbhar\AppData\Local\Temp\cc5gAsNj.s 			page 18


 970 03ad 20       		.byte	32
 971 03ae AB       		.byte	-85
 972 03af 10       		.byte	16
 973 03b0 AE       		.byte	-82
 974 03b1 20       		.byte	32
 975 03b2 B0       		.byte	-80
 976 03b3 01       		.byte	1
 977 03b4 B6       		.byte	-74
 978 03b5 0A       		.byte	10
 979 03b6 B7       		.byte	-73
 980 03b7 08       		.byte	8
 981 03b8 C4       		.byte	-60
 982 03b9 08       		.byte	8
 983 03ba DE       		.byte	-34
 984 03bb 04       		.byte	4
 985 03bc E2       		.byte	-30
 986 03bd 02       		.byte	2
 987 03be E8       		.byte	-24
 988 03bf 08       		.byte	8
 989 03c0 EC       		.byte	-20
 990 03c1 0E       		.byte	14
 991 03c2 10       		.byte	16
 992 03c3 02       		.byte	2
 993 03c4 1C       		.byte	28
 994 03c5 02       		.byte	2
 995 03c6 00       		.byte	0
 996 03c7 FF       		.byte	-1
 997 03c8 01       		.byte	1
 998 03c9 03       		.byte	3
 999 03ca 04       		.byte	4
 1000 03cb 0C       		.byte	12
 1001 03cc 80       		.byte	-128
 1002 03cd 80       		.byte	-128
 1003 03ce 00       		.byte	0
 1004 03cf 00       		.byte	0
 1005 03d0 40       		.byte	64
 1006 03d1 00       		.byte	0
 1007 03d2 00       		.byte	0
 1008 03d3 00       		.byte	0
 1009 03d4 38       		.byte	56
 1010 03d5 C0       		.byte	-64
 1011 03d6 C0       		.byte	-64
 1012 03d7 00       		.byte	0
 1013 03d8 40       		.byte	64
 1014 03d9 00       		.byte	0
 1015 03da 00       		.byte	0
 1016 03db 00       		.byte	0
 1017 03dc 80       		.byte	-128
 1018 03dd 00       		.byte	0
 1019 03de 40       		.byte	64
 1020 03df 80       		.byte	-128
 1021 03e0 80       		.byte	-128
 1022 03e1 00       		.byte	0
 1023 03e2 80       		.byte	-128
 1024 03e3 00       		.byte	0
 1025 03e4 00       		.byte	0
 1026 03e5 00       		.byte	0
ARM GAS  C:\Users\rbhar\AppData\Local\Temp\cc5gAsNj.s 			page 19


 1027 03e6 00       		.byte	0
 1028 03e7 00       		.byte	0
 1029 03e8 00       		.byte	0
 1030 03e9 FF       		.byte	-1
 1031 03ea FF       		.byte	-1
 1032 03eb 00       		.byte	0
 1033 03ec FE       		.byte	-2
 1034 03ed 00       		.byte	0
 1035 03ee 00       		.byte	0
 1036 03ef 00       		.byte	0
 1037 03f0 00       		.byte	0
 1038 03f1 01       		.byte	1
 1039 03f2 01       		.byte	1
 1040 03f3 00       		.byte	0
 1041 03f4 01       		.byte	1
 1042 03f5 00       		.byte	0
 1043 03f6 00       		.byte	0
 1044 03f7 00       		.byte	0
 1045 03f8 04       		.byte	4
 1046 03f9 20       		.byte	32
 1047 03fa 20       		.byte	32
 1048 03fb 00       		.byte	0
 1049 03fc 00       		.byte	0
 1050 03fd 00       		.byte	0
 1051 03fe 00       		.byte	0
 1052 03ff 00       		.byte	0
 1053              		.section	.cywolatch,"a",%progbits
 1054              		.align	2
 1055              		.type	cy_meta_wonvl, %object
 1056              		.size	cy_meta_wonvl, 4
 1057              	cy_meta_wonvl:
 1058 0000 BC       		.byte	-68
 1059 0001 90       		.byte	-112
 1060 0002 AC       		.byte	-84
 1061 0003 AF       		.byte	-81
 1062              		.section	.cycustnvl,"a",%progbits
 1063              		.align	2
 1064              		.type	cy_meta_custnvl, %object
 1065              		.size	cy_meta_custnvl, 4
 1066              	cy_meta_custnvl:
 1067 0000 00       		.byte	0
 1068 0001 00       		.byte	0
 1069 0002 40       		.byte	64
 1070 0003 07       		.byte	7
 1071              		.section	.cymeta,"a",%progbits
 1072              		.align	2
 1073              		.type	cy_metadata, %object
 1074              		.size	cy_metadata, 12
 1075              	cy_metadata:
 1076 0000 00       		.byte	0
 1077 0001 01       		.byte	1
 1078 0002 2E       		.byte	46
 1079 0003 16       		.byte	22
 1080 0004 10       		.byte	16
 1081 0005 69       		.byte	105
 1082 0006 00       		.byte	0
 1083 0007 01       		.byte	1
ARM GAS  C:\Users\rbhar\AppData\Local\Temp\cc5gAsNj.s 			page 20


 1084 0008 00       		.byte	0
 1085 0009 00       		.byte	0
 1086 000a 00       		.byte	0
 1087 000b 00       		.byte	0
 1088              		.section	.cyflashprotect,"a",%progbits
 1089              		.align	2
 1090              		.type	cy_meta_flashprotect, %object
 1091              		.size	cy_meta_flashprotect, 256
 1092              	cy_meta_flashprotect:
 1093 0000 00000000 		.space	256
 1093      00000000 
 1093      00000000 
 1093      00000000 
 1093      00000000 
 1094              		.text
 1095              	.Letext0:
 1096              		.file 1 "c:\\program files (x86)\\cypress\\psoc creator\\4.2\\psoc creator\\import\\gnu\\arm\\5.4.
 1097              		.file 2 "c:\\program files (x86)\\cypress\\psoc creator\\4.2\\psoc creator\\import\\gnu\\arm\\5.4.
 1098              		.file 3 "Generated_Source\\PSoC5\\cymetadata.c"
 1099              		.section	.debug_info,"",%progbits
 1100              	.Ldebug_info0:
 1101 0000 31010000 		.4byte	0x131
 1102 0004 0400     		.2byte	0x4
 1103 0006 00000000 		.4byte	.Ldebug_abbrev0
 1104 000a 04       		.byte	0x4
 1105 000b 01       		.uleb128 0x1
 1106 000c 7D000000 		.4byte	.LASF17
 1107 0010 0C       		.byte	0xc
 1108 0011 D7010000 		.4byte	.LASF18
 1109 0015 16000000 		.4byte	.LASF19
 1110 0019 00000000 		.4byte	.Ldebug_line0
 1111 001d 02       		.uleb128 0x2
 1112 001e 01       		.byte	0x1
 1113 001f 06       		.byte	0x6
 1114 0020 CB010000 		.4byte	.LASF0
 1115 0024 03       		.uleb128 0x3
 1116 0025 00000000 		.4byte	.LASF9
 1117 0029 01       		.byte	0x1
 1118 002a 1D       		.byte	0x1d
 1119 002b 2F000000 		.4byte	0x2f
 1120 002f 02       		.uleb128 0x2
 1121 0030 01       		.byte	0x1
 1122 0031 08       		.byte	0x8
 1123 0032 6F000000 		.4byte	.LASF1
 1124 0036 02       		.uleb128 0x2
 1125 0037 02       		.byte	0x2
 1126 0038 05       		.byte	0x5
 1127 0039 B8010000 		.4byte	.LASF2
 1128 003d 02       		.uleb128 0x2
 1129 003e 02       		.byte	0x2
 1130 003f 07       		.byte	0x7
 1131 0040 1D010000 		.4byte	.LASF3
 1132 0044 02       		.uleb128 0x2
 1133 0045 04       		.byte	0x4
 1134 0046 05       		.byte	0x5
 1135 0047 C2010000 		.4byte	.LASF4
 1136 004b 02       		.uleb128 0x2
ARM GAS  C:\Users\rbhar\AppData\Local\Temp\cc5gAsNj.s 			page 21


 1137 004c 04       		.byte	0x4
 1138 004d 07       		.byte	0x7
 1139 004e 0B010000 		.4byte	.LASF5
 1140 0052 02       		.uleb128 0x2
 1141 0053 08       		.byte	0x8
 1142 0054 05       		.byte	0x5
 1143 0055 AA010000 		.4byte	.LASF6
 1144 0059 02       		.uleb128 0x2
 1145 005a 08       		.byte	0x8
 1146 005b 07       		.byte	0x7
 1147 005c 5F010000 		.4byte	.LASF7
 1148 0060 04       		.uleb128 0x4
 1149 0061 04       		.byte	0x4
 1150 0062 05       		.byte	0x5
 1151 0063 696E7400 		.ascii	"int\000"
 1152 0067 02       		.uleb128 0x2
 1153 0068 04       		.byte	0x4
 1154 0069 07       		.byte	0x7
 1155 006a 52010000 		.4byte	.LASF8
 1156 006e 03       		.uleb128 0x3
 1157 006f 76010000 		.4byte	.LASF10
 1158 0073 02       		.byte	0x2
 1159 0074 18       		.byte	0x18
 1160 0075 24000000 		.4byte	0x24
 1161 0079 05       		.uleb128 0x5
 1162 007a 91000000 		.4byte	0x91
 1163 007e 8A000000 		.4byte	0x8a
 1164 0082 06       		.uleb128 0x6
 1165 0083 8A000000 		.4byte	0x8a
 1166 0087 FF03     		.2byte	0x3ff
 1167 0089 00       		.byte	0
 1168 008a 02       		.uleb128 0x2
 1169 008b 04       		.byte	0x4
 1170 008c 07       		.byte	0x7
 1171 008d A1010000 		.4byte	.LASF11
 1172 0091 07       		.uleb128 0x7
 1173 0092 6E000000 		.4byte	0x6e
 1174 0096 08       		.uleb128 0x8
 1175 0097 40010000 		.4byte	.LASF12
 1176 009b 03       		.byte	0x3
 1177 009c 1F       		.byte	0x1f
 1178 009d A7000000 		.4byte	0xa7
 1179 00a1 05       		.uleb128 0x5
 1180 00a2 03       		.byte	0x3
 1181 00a3 00000000 		.4byte	cy_meta_configecc
 1182 00a7 07       		.uleb128 0x7
 1183 00a8 79000000 		.4byte	0x79
 1184 00ac 05       		.uleb128 0x5
 1185 00ad 91000000 		.4byte	0x91
 1186 00b1 BC000000 		.4byte	0xbc
 1187 00b5 09       		.uleb128 0x9
 1188 00b6 8A000000 		.4byte	0x8a
 1189 00ba 03       		.byte	0x3
 1190 00bb 00       		.byte	0
 1191 00bc 08       		.uleb128 0x8
 1192 00bd 30010000 		.4byte	.LASF13
 1193 00c1 03       		.byte	0x3
ARM GAS  C:\Users\rbhar\AppData\Local\Temp\cc5gAsNj.s 			page 22


 1194 00c2 AC       		.byte	0xac
 1195 00c3 CD000000 		.4byte	0xcd
 1196 00c7 05       		.uleb128 0x5
 1197 00c8 03       		.byte	0x3
 1198 00c9 00000000 		.4byte	cy_meta_custnvl
 1199 00cd 07       		.uleb128 0x7
 1200 00ce AC000000 		.4byte	0xac
 1201 00d2 08       		.uleb128 0x8
 1202 00d3 93010000 		.4byte	.LASF14
 1203 00d7 03       		.byte	0x3
 1204 00d8 BA       		.byte	0xba
 1205 00d9 E3000000 		.4byte	0xe3
 1206 00dd 05       		.uleb128 0x5
 1207 00de 03       		.byte	0x3
 1208 00df 00000000 		.4byte	cy_meta_wonvl
 1209 00e3 07       		.uleb128 0x7
 1210 00e4 AC000000 		.4byte	0xac
 1211 00e8 05       		.uleb128 0x5
 1212 00e9 91000000 		.4byte	0x91
 1213 00ed F8000000 		.4byte	0xf8
 1214 00f1 09       		.uleb128 0x9
 1215 00f2 8A000000 		.4byte	0x8a
 1216 00f6 FF       		.byte	0xff
 1217 00f7 00       		.byte	0
 1218 00f8 08       		.uleb128 0x8
 1219 00f9 7E010000 		.4byte	.LASF15
 1220 00fd 03       		.byte	0x3
 1221 00fe C8       		.byte	0xc8
 1222 00ff 09010000 		.4byte	0x109
 1223 0103 05       		.uleb128 0x5
 1224 0104 03       		.byte	0x3
 1225 0105 00000000 		.4byte	cy_meta_flashprotect
 1226 0109 07       		.uleb128 0x7
 1227 010a E8000000 		.4byte	0xe8
 1228 010e 05       		.uleb128 0x5
 1229 010f 91000000 		.4byte	0x91
 1230 0113 1E010000 		.4byte	0x11e
 1231 0117 09       		.uleb128 0x9
 1232 0118 8A000000 		.4byte	0x8a
 1233 011c 0B       		.byte	0xb
 1234 011d 00       		.byte	0
 1235 011e 08       		.uleb128 0x8
 1236 011f 0A000000 		.4byte	.LASF16
 1237 0123 03       		.byte	0x3
 1238 0124 F5       		.byte	0xf5
 1239 0125 2F010000 		.4byte	0x12f
 1240 0129 05       		.uleb128 0x5
 1241 012a 03       		.byte	0x3
 1242 012b 00000000 		.4byte	cy_metadata
 1243 012f 07       		.uleb128 0x7
 1244 0130 0E010000 		.4byte	0x10e
 1245 0134 00       		.byte	0
 1246              		.section	.debug_abbrev,"",%progbits
 1247              	.Ldebug_abbrev0:
 1248 0000 01       		.uleb128 0x1
 1249 0001 11       		.uleb128 0x11
 1250 0002 01       		.byte	0x1
ARM GAS  C:\Users\rbhar\AppData\Local\Temp\cc5gAsNj.s 			page 23


 1251 0003 25       		.uleb128 0x25
 1252 0004 0E       		.uleb128 0xe
 1253 0005 13       		.uleb128 0x13
 1254 0006 0B       		.uleb128 0xb
 1255 0007 03       		.uleb128 0x3
 1256 0008 0E       		.uleb128 0xe
 1257 0009 1B       		.uleb128 0x1b
 1258 000a 0E       		.uleb128 0xe
 1259 000b 10       		.uleb128 0x10
 1260 000c 17       		.uleb128 0x17
 1261 000d 00       		.byte	0
 1262 000e 00       		.byte	0
 1263 000f 02       		.uleb128 0x2
 1264 0010 24       		.uleb128 0x24
 1265 0011 00       		.byte	0
 1266 0012 0B       		.uleb128 0xb
 1267 0013 0B       		.uleb128 0xb
 1268 0014 3E       		.uleb128 0x3e
 1269 0015 0B       		.uleb128 0xb
 1270 0016 03       		.uleb128 0x3
 1271 0017 0E       		.uleb128 0xe
 1272 0018 00       		.byte	0
 1273 0019 00       		.byte	0
 1274 001a 03       		.uleb128 0x3
 1275 001b 16       		.uleb128 0x16
 1276 001c 00       		.byte	0
 1277 001d 03       		.uleb128 0x3
 1278 001e 0E       		.uleb128 0xe
 1279 001f 3A       		.uleb128 0x3a
 1280 0020 0B       		.uleb128 0xb
 1281 0021 3B       		.uleb128 0x3b
 1282 0022 0B       		.uleb128 0xb
 1283 0023 49       		.uleb128 0x49
 1284 0024 13       		.uleb128 0x13
 1285 0025 00       		.byte	0
 1286 0026 00       		.byte	0
 1287 0027 04       		.uleb128 0x4
 1288 0028 24       		.uleb128 0x24
 1289 0029 00       		.byte	0
 1290 002a 0B       		.uleb128 0xb
 1291 002b 0B       		.uleb128 0xb
 1292 002c 3E       		.uleb128 0x3e
 1293 002d 0B       		.uleb128 0xb
 1294 002e 03       		.uleb128 0x3
 1295 002f 08       		.uleb128 0x8
 1296 0030 00       		.byte	0
 1297 0031 00       		.byte	0
 1298 0032 05       		.uleb128 0x5
 1299 0033 01       		.uleb128 0x1
 1300 0034 01       		.byte	0x1
 1301 0035 49       		.uleb128 0x49
 1302 0036 13       		.uleb128 0x13
 1303 0037 01       		.uleb128 0x1
 1304 0038 13       		.uleb128 0x13
 1305 0039 00       		.byte	0
 1306 003a 00       		.byte	0
 1307 003b 06       		.uleb128 0x6
ARM GAS  C:\Users\rbhar\AppData\Local\Temp\cc5gAsNj.s 			page 24


 1308 003c 21       		.uleb128 0x21
 1309 003d 00       		.byte	0
 1310 003e 49       		.uleb128 0x49
 1311 003f 13       		.uleb128 0x13
 1312 0040 2F       		.uleb128 0x2f
 1313 0041 05       		.uleb128 0x5
 1314 0042 00       		.byte	0
 1315 0043 00       		.byte	0
 1316 0044 07       		.uleb128 0x7
 1317 0045 26       		.uleb128 0x26
 1318 0046 00       		.byte	0
 1319 0047 49       		.uleb128 0x49
 1320 0048 13       		.uleb128 0x13
 1321 0049 00       		.byte	0
 1322 004a 00       		.byte	0
 1323 004b 08       		.uleb128 0x8
 1324 004c 34       		.uleb128 0x34
 1325 004d 00       		.byte	0
 1326 004e 03       		.uleb128 0x3
 1327 004f 0E       		.uleb128 0xe
 1328 0050 3A       		.uleb128 0x3a
 1329 0051 0B       		.uleb128 0xb
 1330 0052 3B       		.uleb128 0x3b
 1331 0053 0B       		.uleb128 0xb
 1332 0054 49       		.uleb128 0x49
 1333 0055 13       		.uleb128 0x13
 1334 0056 3F       		.uleb128 0x3f
 1335 0057 19       		.uleb128 0x19
 1336 0058 02       		.uleb128 0x2
 1337 0059 18       		.uleb128 0x18
 1338 005a 00       		.byte	0
 1339 005b 00       		.byte	0
 1340 005c 09       		.uleb128 0x9
 1341 005d 21       		.uleb128 0x21
 1342 005e 00       		.byte	0
 1343 005f 49       		.uleb128 0x49
 1344 0060 13       		.uleb128 0x13
 1345 0061 2F       		.uleb128 0x2f
 1346 0062 0B       		.uleb128 0xb
 1347 0063 00       		.byte	0
 1348 0064 00       		.byte	0
 1349 0065 00       		.byte	0
 1350              		.section	.debug_aranges,"",%progbits
 1351 0000 14000000 		.4byte	0x14
 1352 0004 0200     		.2byte	0x2
 1353 0006 00000000 		.4byte	.Ldebug_info0
 1354 000a 04       		.byte	0x4
 1355 000b 00       		.byte	0
 1356 000c 0000     		.2byte	0
 1357 000e 0000     		.2byte	0
 1358 0010 00000000 		.4byte	0
 1359 0014 00000000 		.4byte	0
 1360              		.section	.debug_line,"",%progbits
 1361              	.Ldebug_line0:
 1362 0000 3D010000 		.section	.debug_str,"MS",%progbits,1
 1362      02003701 
 1362      00000201 
ARM GAS  C:\Users\rbhar\AppData\Local\Temp\cc5gAsNj.s 			page 25


 1362      FB0E0D00 
 1362      01010101 
 1363              	.LASF9:
 1364 0000 5F5F7569 		.ascii	"__uint8_t\000"
 1364      6E74385F 
 1364      7400
 1365              	.LASF16:
 1366 000a 63795F6D 		.ascii	"cy_metadata\000"
 1366      65746164 
 1366      61746100 
 1367              	.LASF19:
 1368 0016 443A5C48 		.ascii	"D:\\HDA\\Pre-Semester\\2_Microcontroller\\LabWorksp"
 1368      44415C50 
 1368      72652D53 
 1368      656D6573 
 1368      7465725C 
 1369 0045 6163655C 		.ascii	"ace\\LabMicrocontroller\\ReactionGame.cydsn\000"
 1369      4C61624D 
 1369      6963726F 
 1369      636F6E74 
 1369      726F6C6C 
 1370              	.LASF1:
 1371 006f 756E7369 		.ascii	"unsigned char\000"
 1371      676E6564 
 1371      20636861 
 1371      7200
 1372              	.LASF17:
 1373 007d 474E5520 		.ascii	"GNU C11 5.4.1 20160609 (release) [ARM/embedded-5-br"
 1373      43313120 
 1373      352E342E 
 1373      31203230 
 1373      31363036 
 1374 00b0 616E6368 		.ascii	"anch revision 237715] -mcpu=cortex-m3 -mthumb -g -O"
 1374      20726576 
 1374      6973696F 
 1374      6E203233 
 1374      37373135 
 1375 00e3 67202D66 		.ascii	"g -ffunction-sections -ffat-lto-objects\000"
 1375      66756E63 
 1375      74696F6E 
 1375      2D736563 
 1375      74696F6E 
 1376              	.LASF5:
 1377 010b 6C6F6E67 		.ascii	"long unsigned int\000"
 1377      20756E73 
 1377      69676E65 
 1377      6420696E 
 1377      7400
 1378              	.LASF3:
 1379 011d 73686F72 		.ascii	"short unsigned int\000"
 1379      7420756E 
 1379      7369676E 
 1379      65642069 
 1379      6E7400
 1380              	.LASF13:
 1381 0130 63795F6D 		.ascii	"cy_meta_custnvl\000"
 1381      6574615F 
ARM GAS  C:\Users\rbhar\AppData\Local\Temp\cc5gAsNj.s 			page 26


 1381      63757374 
 1381      6E766C00 
 1382              	.LASF12:
 1383 0140 63795F6D 		.ascii	"cy_meta_configecc\000"
 1383      6574615F 
 1383      636F6E66 
 1383      69676563 
 1383      6300
 1384              	.LASF8:
 1385 0152 756E7369 		.ascii	"unsigned int\000"
 1385      676E6564 
 1385      20696E74 
 1385      00
 1386              	.LASF7:
 1387 015f 6C6F6E67 		.ascii	"long long unsigned int\000"
 1387      206C6F6E 
 1387      6720756E 
 1387      7369676E 
 1387      65642069 
 1388              	.LASF10:
 1389 0176 75696E74 		.ascii	"uint8_t\000"
 1389      385F7400 
 1390              	.LASF15:
 1391 017e 63795F6D 		.ascii	"cy_meta_flashprotect\000"
 1391      6574615F 
 1391      666C6173 
 1391      6870726F 
 1391      74656374 
 1392              	.LASF14:
 1393 0193 63795F6D 		.ascii	"cy_meta_wonvl\000"
 1393      6574615F 
 1393      776F6E76 
 1393      6C00
 1394              	.LASF11:
 1395 01a1 73697A65 		.ascii	"sizetype\000"
 1395      74797065 
 1395      00
 1396              	.LASF6:
 1397 01aa 6C6F6E67 		.ascii	"long long int\000"
 1397      206C6F6E 
 1397      6720696E 
 1397      7400
 1398              	.LASF2:
 1399 01b8 73686F72 		.ascii	"short int\000"
 1399      7420696E 
 1399      7400
 1400              	.LASF4:
 1401 01c2 6C6F6E67 		.ascii	"long int\000"
 1401      20696E74 
 1401      00
 1402              	.LASF0:
 1403 01cb 7369676E 		.ascii	"signed char\000"
 1403      65642063 
 1403      68617200 
 1404              	.LASF18:
 1405 01d7 47656E65 		.ascii	"Generated_Source\\PSoC5\\cymetadata.c\000"
 1405      72617465 
ARM GAS  C:\Users\rbhar\AppData\Local\Temp\cc5gAsNj.s 			page 27


 1405      645F536F 
 1405      75726365 
 1405      5C50536F 
 1406              		.ident	"GCC: (GNU Tools for ARM Embedded Processors) 5.4.1 20160609 (release) [ARM/embedded-5-bran
