ARM GAS  C:\Users\rbhar\AppData\Local\Temp\ccQFnYNx.s 			page 1


   1              		.syntax unified
   2              		.cpu cortex-m3
   3              		.fpu softvfp
   4              		.eabi_attribute 20, 1
   5              		.eabi_attribute 21, 1
   6              		.eabi_attribute 23, 3
   7              		.eabi_attribute 24, 1
   8              		.eabi_attribute 25, 1
   9              		.eabi_attribute 26, 1
  10              		.eabi_attribute 30, 1
  11              		.eabi_attribute 34, 1
  12              		.eabi_attribute 18, 4
  13              		.thumb
  14              		.syntax unified
  15              		.file	"ISR_Button3.c"
  16              		.text
  17              	.Ltext0:
  18              		.cfi_sections	.debug_frame
  19              		.section	.text.ISR_Button3_Interrupt,"ax",%progbits
  20              		.align	2
  21              		.global	ISR_Button3_Interrupt
  22              		.thumb
  23              		.thumb_func
  24              		.type	ISR_Button3_Interrupt, %function
  25              	ISR_Button3_Interrupt:
  26              	.LFB3:
  27              		.file 1 "Generated_Source\\PSoC5\\ISR_Button3.c"
   1:Generated_Source\PSoC5/ISR_Button3.c **** /*******************************************************************************
   2:Generated_Source\PSoC5/ISR_Button3.c **** * File Name: ISR_Button3.c  
   3:Generated_Source\PSoC5/ISR_Button3.c **** * Version 1.70
   4:Generated_Source\PSoC5/ISR_Button3.c **** *
   5:Generated_Source\PSoC5/ISR_Button3.c **** *  Description:
   6:Generated_Source\PSoC5/ISR_Button3.c **** *   API for controlling the state of an interrupt.
   7:Generated_Source\PSoC5/ISR_Button3.c **** *
   8:Generated_Source\PSoC5/ISR_Button3.c **** *
   9:Generated_Source\PSoC5/ISR_Button3.c **** *  Note:
  10:Generated_Source\PSoC5/ISR_Button3.c **** *
  11:Generated_Source\PSoC5/ISR_Button3.c **** ********************************************************************************
  12:Generated_Source\PSoC5/ISR_Button3.c **** * Copyright 2008-2015, Cypress Semiconductor Corporation.  All rights reserved.
  13:Generated_Source\PSoC5/ISR_Button3.c **** * You may use this file only in accordance with the license, terms, conditions, 
  14:Generated_Source\PSoC5/ISR_Button3.c **** * disclaimers, and limitations in the end user license agreement accompanying 
  15:Generated_Source\PSoC5/ISR_Button3.c **** * the software package with which this file was provided.
  16:Generated_Source\PSoC5/ISR_Button3.c **** *******************************************************************************/
  17:Generated_Source\PSoC5/ISR_Button3.c **** 
  18:Generated_Source\PSoC5/ISR_Button3.c **** 
  19:Generated_Source\PSoC5/ISR_Button3.c **** #include <cydevice_trm.h>
  20:Generated_Source\PSoC5/ISR_Button3.c **** #include <CyLib.h>
  21:Generated_Source\PSoC5/ISR_Button3.c **** #include <ISR_Button3.h>
  22:Generated_Source\PSoC5/ISR_Button3.c **** 
  23:Generated_Source\PSoC5/ISR_Button3.c **** 
  24:Generated_Source\PSoC5/ISR_Button3.c **** #if !defined(ISR_Button3__REMOVED) /* Check for removal by optimization */
  25:Generated_Source\PSoC5/ISR_Button3.c **** 
  26:Generated_Source\PSoC5/ISR_Button3.c **** /*******************************************************************************
  27:Generated_Source\PSoC5/ISR_Button3.c **** *  Place your includes, defines and code here 
  28:Generated_Source\PSoC5/ISR_Button3.c **** ********************************************************************************/
  29:Generated_Source\PSoC5/ISR_Button3.c **** /* `#START ISR_Button3_intc` */
  30:Generated_Source\PSoC5/ISR_Button3.c **** 
ARM GAS  C:\Users\rbhar\AppData\Local\Temp\ccQFnYNx.s 			page 2


  31:Generated_Source\PSoC5/ISR_Button3.c **** /* `#END` */
  32:Generated_Source\PSoC5/ISR_Button3.c **** 
  33:Generated_Source\PSoC5/ISR_Button3.c **** #ifndef CYINT_IRQ_BASE
  34:Generated_Source\PSoC5/ISR_Button3.c **** #define CYINT_IRQ_BASE      16
  35:Generated_Source\PSoC5/ISR_Button3.c **** #endif /* CYINT_IRQ_BASE */
  36:Generated_Source\PSoC5/ISR_Button3.c **** #ifndef CYINT_VECT_TABLE
  37:Generated_Source\PSoC5/ISR_Button3.c **** #define CYINT_VECT_TABLE    ((cyisraddress **) CYREG_NVIC_VECT_OFFSET)
  38:Generated_Source\PSoC5/ISR_Button3.c **** #endif /* CYINT_VECT_TABLE */
  39:Generated_Source\PSoC5/ISR_Button3.c **** 
  40:Generated_Source\PSoC5/ISR_Button3.c **** /* Declared in startup, used to set unused interrupts to. */
  41:Generated_Source\PSoC5/ISR_Button3.c **** CY_ISR_PROTO(IntDefaultHandler);
  42:Generated_Source\PSoC5/ISR_Button3.c **** 
  43:Generated_Source\PSoC5/ISR_Button3.c **** 
  44:Generated_Source\PSoC5/ISR_Button3.c **** /*******************************************************************************
  45:Generated_Source\PSoC5/ISR_Button3.c **** * Function Name: ISR_Button3_Start
  46:Generated_Source\PSoC5/ISR_Button3.c **** ********************************************************************************
  47:Generated_Source\PSoC5/ISR_Button3.c **** *
  48:Generated_Source\PSoC5/ISR_Button3.c **** * Summary:
  49:Generated_Source\PSoC5/ISR_Button3.c **** *  Set up the interrupt and enable it. This function disables the interrupt, 
  50:Generated_Source\PSoC5/ISR_Button3.c **** *  sets the default interrupt vector, sets the priority from the value in the
  51:Generated_Source\PSoC5/ISR_Button3.c **** *  Design Wide Resources Interrupt Editor, then enables the interrupt to the 
  52:Generated_Source\PSoC5/ISR_Button3.c **** *  interrupt controller.
  53:Generated_Source\PSoC5/ISR_Button3.c **** *
  54:Generated_Source\PSoC5/ISR_Button3.c **** * Parameters:  
  55:Generated_Source\PSoC5/ISR_Button3.c **** *   None
  56:Generated_Source\PSoC5/ISR_Button3.c **** *
  57:Generated_Source\PSoC5/ISR_Button3.c **** * Return:
  58:Generated_Source\PSoC5/ISR_Button3.c **** *   None
  59:Generated_Source\PSoC5/ISR_Button3.c **** *
  60:Generated_Source\PSoC5/ISR_Button3.c **** *******************************************************************************/
  61:Generated_Source\PSoC5/ISR_Button3.c **** void ISR_Button3_Start(void)
  62:Generated_Source\PSoC5/ISR_Button3.c **** {
  63:Generated_Source\PSoC5/ISR_Button3.c ****     /* For all we know the interrupt is active. */
  64:Generated_Source\PSoC5/ISR_Button3.c ****     ISR_Button3_Disable();
  65:Generated_Source\PSoC5/ISR_Button3.c **** 
  66:Generated_Source\PSoC5/ISR_Button3.c ****     /* Set the ISR to point to the ISR_Button3 Interrupt. */
  67:Generated_Source\PSoC5/ISR_Button3.c ****     ISR_Button3_SetVector(&ISR_Button3_Interrupt);
  68:Generated_Source\PSoC5/ISR_Button3.c **** 
  69:Generated_Source\PSoC5/ISR_Button3.c ****     /* Set the priority. */
  70:Generated_Source\PSoC5/ISR_Button3.c ****     ISR_Button3_SetPriority((uint8)ISR_Button3_INTC_PRIOR_NUMBER);
  71:Generated_Source\PSoC5/ISR_Button3.c **** 
  72:Generated_Source\PSoC5/ISR_Button3.c ****     /* Enable it. */
  73:Generated_Source\PSoC5/ISR_Button3.c ****     ISR_Button3_Enable();
  74:Generated_Source\PSoC5/ISR_Button3.c **** }
  75:Generated_Source\PSoC5/ISR_Button3.c **** 
  76:Generated_Source\PSoC5/ISR_Button3.c **** 
  77:Generated_Source\PSoC5/ISR_Button3.c **** /*******************************************************************************
  78:Generated_Source\PSoC5/ISR_Button3.c **** * Function Name: ISR_Button3_StartEx
  79:Generated_Source\PSoC5/ISR_Button3.c **** ********************************************************************************
  80:Generated_Source\PSoC5/ISR_Button3.c **** *
  81:Generated_Source\PSoC5/ISR_Button3.c **** * Summary:
  82:Generated_Source\PSoC5/ISR_Button3.c **** *  Sets up the interrupt and enables it. This function disables the interrupt,
  83:Generated_Source\PSoC5/ISR_Button3.c **** *  sets the interrupt vector based on the address passed in, sets the priority 
  84:Generated_Source\PSoC5/ISR_Button3.c **** *  from the value in the Design Wide Resources Interrupt Editor, then enables 
  85:Generated_Source\PSoC5/ISR_Button3.c **** *  the interrupt to the interrupt controller.
  86:Generated_Source\PSoC5/ISR_Button3.c **** *  
  87:Generated_Source\PSoC5/ISR_Button3.c **** *  When defining ISR functions, the CY_ISR and CY_ISR_PROTO macros should be 
ARM GAS  C:\Users\rbhar\AppData\Local\Temp\ccQFnYNx.s 			page 3


  88:Generated_Source\PSoC5/ISR_Button3.c **** *  used to provide consistent definition across compilers:
  89:Generated_Source\PSoC5/ISR_Button3.c **** *  
  90:Generated_Source\PSoC5/ISR_Button3.c **** *  Function definition example:
  91:Generated_Source\PSoC5/ISR_Button3.c **** *   CY_ISR(MyISR)
  92:Generated_Source\PSoC5/ISR_Button3.c **** *   {
  93:Generated_Source\PSoC5/ISR_Button3.c **** *   }
  94:Generated_Source\PSoC5/ISR_Button3.c **** *   Function prototype example:
  95:Generated_Source\PSoC5/ISR_Button3.c **** *   CY_ISR_PROTO(MyISR);
  96:Generated_Source\PSoC5/ISR_Button3.c **** *
  97:Generated_Source\PSoC5/ISR_Button3.c **** * Parameters:  
  98:Generated_Source\PSoC5/ISR_Button3.c **** *   address: Address of the ISR to set in the interrupt vector table.
  99:Generated_Source\PSoC5/ISR_Button3.c **** *
 100:Generated_Source\PSoC5/ISR_Button3.c **** * Return:
 101:Generated_Source\PSoC5/ISR_Button3.c **** *   None
 102:Generated_Source\PSoC5/ISR_Button3.c **** *
 103:Generated_Source\PSoC5/ISR_Button3.c **** *******************************************************************************/
 104:Generated_Source\PSoC5/ISR_Button3.c **** void ISR_Button3_StartEx(cyisraddress address)
 105:Generated_Source\PSoC5/ISR_Button3.c **** {
 106:Generated_Source\PSoC5/ISR_Button3.c ****     /* For all we know the interrupt is active. */
 107:Generated_Source\PSoC5/ISR_Button3.c ****     ISR_Button3_Disable();
 108:Generated_Source\PSoC5/ISR_Button3.c **** 
 109:Generated_Source\PSoC5/ISR_Button3.c ****     /* Set the ISR to point to the ISR_Button3 Interrupt. */
 110:Generated_Source\PSoC5/ISR_Button3.c ****     ISR_Button3_SetVector(address);
 111:Generated_Source\PSoC5/ISR_Button3.c **** 
 112:Generated_Source\PSoC5/ISR_Button3.c ****     /* Set the priority. */
 113:Generated_Source\PSoC5/ISR_Button3.c ****     ISR_Button3_SetPriority((uint8)ISR_Button3_INTC_PRIOR_NUMBER);
 114:Generated_Source\PSoC5/ISR_Button3.c **** 
 115:Generated_Source\PSoC5/ISR_Button3.c ****     /* Enable it. */
 116:Generated_Source\PSoC5/ISR_Button3.c ****     ISR_Button3_Enable();
 117:Generated_Source\PSoC5/ISR_Button3.c **** }
 118:Generated_Source\PSoC5/ISR_Button3.c **** 
 119:Generated_Source\PSoC5/ISR_Button3.c **** 
 120:Generated_Source\PSoC5/ISR_Button3.c **** /*******************************************************************************
 121:Generated_Source\PSoC5/ISR_Button3.c **** * Function Name: ISR_Button3_Stop
 122:Generated_Source\PSoC5/ISR_Button3.c **** ********************************************************************************
 123:Generated_Source\PSoC5/ISR_Button3.c **** *
 124:Generated_Source\PSoC5/ISR_Button3.c **** * Summary:
 125:Generated_Source\PSoC5/ISR_Button3.c **** *   Disables and removes the interrupt.
 126:Generated_Source\PSoC5/ISR_Button3.c **** *
 127:Generated_Source\PSoC5/ISR_Button3.c **** * Parameters:  
 128:Generated_Source\PSoC5/ISR_Button3.c **** *   None
 129:Generated_Source\PSoC5/ISR_Button3.c **** *
 130:Generated_Source\PSoC5/ISR_Button3.c **** * Return:
 131:Generated_Source\PSoC5/ISR_Button3.c **** *   None
 132:Generated_Source\PSoC5/ISR_Button3.c **** *
 133:Generated_Source\PSoC5/ISR_Button3.c **** *******************************************************************************/
 134:Generated_Source\PSoC5/ISR_Button3.c **** void ISR_Button3_Stop(void)
 135:Generated_Source\PSoC5/ISR_Button3.c **** {
 136:Generated_Source\PSoC5/ISR_Button3.c ****     /* Disable this interrupt. */
 137:Generated_Source\PSoC5/ISR_Button3.c ****     ISR_Button3_Disable();
 138:Generated_Source\PSoC5/ISR_Button3.c **** 
 139:Generated_Source\PSoC5/ISR_Button3.c ****     /* Set the ISR to point to the passive one. */
 140:Generated_Source\PSoC5/ISR_Button3.c ****     ISR_Button3_SetVector(&IntDefaultHandler);
 141:Generated_Source\PSoC5/ISR_Button3.c **** }
 142:Generated_Source\PSoC5/ISR_Button3.c **** 
 143:Generated_Source\PSoC5/ISR_Button3.c **** 
 144:Generated_Source\PSoC5/ISR_Button3.c **** /*******************************************************************************
ARM GAS  C:\Users\rbhar\AppData\Local\Temp\ccQFnYNx.s 			page 4


 145:Generated_Source\PSoC5/ISR_Button3.c **** * Function Name: ISR_Button3_Interrupt
 146:Generated_Source\PSoC5/ISR_Button3.c **** ********************************************************************************
 147:Generated_Source\PSoC5/ISR_Button3.c **** *
 148:Generated_Source\PSoC5/ISR_Button3.c **** * Summary:
 149:Generated_Source\PSoC5/ISR_Button3.c **** *   The default Interrupt Service Routine for ISR_Button3.
 150:Generated_Source\PSoC5/ISR_Button3.c **** *
 151:Generated_Source\PSoC5/ISR_Button3.c **** *   Add custom code between the coments to keep the next version of this file
 152:Generated_Source\PSoC5/ISR_Button3.c **** *   from over writting your code.
 153:Generated_Source\PSoC5/ISR_Button3.c **** *
 154:Generated_Source\PSoC5/ISR_Button3.c **** * Parameters:  
 155:Generated_Source\PSoC5/ISR_Button3.c **** *
 156:Generated_Source\PSoC5/ISR_Button3.c **** * Return:
 157:Generated_Source\PSoC5/ISR_Button3.c **** *   None
 158:Generated_Source\PSoC5/ISR_Button3.c **** *
 159:Generated_Source\PSoC5/ISR_Button3.c **** *******************************************************************************/
 160:Generated_Source\PSoC5/ISR_Button3.c **** CY_ISR(ISR_Button3_Interrupt)
 161:Generated_Source\PSoC5/ISR_Button3.c **** {
  28              		.loc 1 161 0
  29              		.cfi_startproc
  30              		@ args = 0, pretend = 0, frame = 0
  31              		@ frame_needed = 0, uses_anonymous_args = 0
  32 0000 08B5     		push	{r3, lr}
  33              		.cfi_def_cfa_offset 8
  34              		.cfi_offset 3, -8
  35              		.cfi_offset 14, -4
 162:Generated_Source\PSoC5/ISR_Button3.c ****     #ifdef ISR_Button3_INTERRUPT_INTERRUPT_CALLBACK
 163:Generated_Source\PSoC5/ISR_Button3.c ****         ISR_Button3_Interrupt_InterruptCallback();
 164:Generated_Source\PSoC5/ISR_Button3.c ****     #endif /* ISR_Button3_INTERRUPT_INTERRUPT_CALLBACK */ 
 165:Generated_Source\PSoC5/ISR_Button3.c **** 
 166:Generated_Source\PSoC5/ISR_Button3.c ****     /*  Place your Interrupt code here. */
 167:Generated_Source\PSoC5/ISR_Button3.c ****     /* `#START ISR_Button3_Interrupt` */
 168:Generated_Source\PSoC5/ISR_Button3.c ****     ISR_Button3_Callback();
  36              		.loc 1 168 0
  37 0002 FFF7FEFF 		bl	ISR_Button3_Callback
  38              	.LVL0:
  39 0006 08BD     		pop	{r3, pc}
  40              		.cfi_endproc
  41              	.LFE3:
  42              		.size	ISR_Button3_Interrupt, .-ISR_Button3_Interrupt
  43              		.section	.text.ISR_Button3_SetVector,"ax",%progbits
  44              		.align	2
  45              		.global	ISR_Button3_SetVector
  46              		.thumb
  47              		.thumb_func
  48              		.type	ISR_Button3_SetVector, %function
  49              	ISR_Button3_SetVector:
  50              	.LFB4:
 169:Generated_Source\PSoC5/ISR_Button3.c ****     /* `#END` */
 170:Generated_Source\PSoC5/ISR_Button3.c **** }
 171:Generated_Source\PSoC5/ISR_Button3.c **** 
 172:Generated_Source\PSoC5/ISR_Button3.c **** 
 173:Generated_Source\PSoC5/ISR_Button3.c **** /*******************************************************************************
 174:Generated_Source\PSoC5/ISR_Button3.c **** * Function Name: ISR_Button3_SetVector
 175:Generated_Source\PSoC5/ISR_Button3.c **** ********************************************************************************
 176:Generated_Source\PSoC5/ISR_Button3.c **** *
 177:Generated_Source\PSoC5/ISR_Button3.c **** * Summary:
 178:Generated_Source\PSoC5/ISR_Button3.c **** *   Change the ISR vector for the Interrupt. Note calling ISR_Button3_Start
ARM GAS  C:\Users\rbhar\AppData\Local\Temp\ccQFnYNx.s 			page 5


 179:Generated_Source\PSoC5/ISR_Button3.c **** *   will override any effect this method would have had. To set the vector 
 180:Generated_Source\PSoC5/ISR_Button3.c **** *   before the component has been started use ISR_Button3_StartEx instead.
 181:Generated_Source\PSoC5/ISR_Button3.c **** * 
 182:Generated_Source\PSoC5/ISR_Button3.c **** *   When defining ISR functions, the CY_ISR and CY_ISR_PROTO macros should be 
 183:Generated_Source\PSoC5/ISR_Button3.c **** *   used to provide consistent definition across compilers:
 184:Generated_Source\PSoC5/ISR_Button3.c **** *
 185:Generated_Source\PSoC5/ISR_Button3.c **** *   Function definition example:
 186:Generated_Source\PSoC5/ISR_Button3.c **** *   CY_ISR(MyISR)
 187:Generated_Source\PSoC5/ISR_Button3.c **** *   {
 188:Generated_Source\PSoC5/ISR_Button3.c **** *   }
 189:Generated_Source\PSoC5/ISR_Button3.c **** *
 190:Generated_Source\PSoC5/ISR_Button3.c **** *   Function prototype example:
 191:Generated_Source\PSoC5/ISR_Button3.c **** *     CY_ISR_PROTO(MyISR);
 192:Generated_Source\PSoC5/ISR_Button3.c **** *
 193:Generated_Source\PSoC5/ISR_Button3.c **** * Parameters:
 194:Generated_Source\PSoC5/ISR_Button3.c **** *   address: Address of the ISR to set in the interrupt vector table.
 195:Generated_Source\PSoC5/ISR_Button3.c **** *
 196:Generated_Source\PSoC5/ISR_Button3.c **** * Return:
 197:Generated_Source\PSoC5/ISR_Button3.c **** *   None
 198:Generated_Source\PSoC5/ISR_Button3.c **** *
 199:Generated_Source\PSoC5/ISR_Button3.c **** *******************************************************************************/
 200:Generated_Source\PSoC5/ISR_Button3.c **** void ISR_Button3_SetVector(cyisraddress address)
 201:Generated_Source\PSoC5/ISR_Button3.c **** {
  51              		.loc 1 201 0
  52              		.cfi_startproc
  53              		@ args = 0, pretend = 0, frame = 0
  54              		@ frame_needed = 0, uses_anonymous_args = 0
  55              		@ link register save eliminated.
  56              	.LVL1:
 202:Generated_Source\PSoC5/ISR_Button3.c ****     cyisraddress * ramVectorTable;
 203:Generated_Source\PSoC5/ISR_Button3.c **** 
 204:Generated_Source\PSoC5/ISR_Button3.c ****     ramVectorTable = (cyisraddress *) *CYINT_VECT_TABLE;
  57              		.loc 1 204 0
  58 0000 014B     		ldr	r3, .L4
  59 0002 1B68     		ldr	r3, [r3]
  60              	.LVL2:
 205:Generated_Source\PSoC5/ISR_Button3.c **** 
 206:Generated_Source\PSoC5/ISR_Button3.c ****     ramVectorTable[CYINT_IRQ_BASE + (uint32)ISR_Button3__INTC_NUMBER] = address;
  61              		.loc 1 206 0
  62 0004 9864     		str	r0, [r3, #72]
  63 0006 7047     		bx	lr
  64              	.L5:
  65              		.align	2
  66              	.L4:
  67 0008 08ED00E0 		.word	-536810232
  68              		.cfi_endproc
  69              	.LFE4:
  70              		.size	ISR_Button3_SetVector, .-ISR_Button3_SetVector
  71              		.section	.text.ISR_Button3_GetVector,"ax",%progbits
  72              		.align	2
  73              		.global	ISR_Button3_GetVector
  74              		.thumb
  75              		.thumb_func
  76              		.type	ISR_Button3_GetVector, %function
  77              	ISR_Button3_GetVector:
  78              	.LFB5:
 207:Generated_Source\PSoC5/ISR_Button3.c **** }
ARM GAS  C:\Users\rbhar\AppData\Local\Temp\ccQFnYNx.s 			page 6


 208:Generated_Source\PSoC5/ISR_Button3.c **** 
 209:Generated_Source\PSoC5/ISR_Button3.c **** 
 210:Generated_Source\PSoC5/ISR_Button3.c **** /*******************************************************************************
 211:Generated_Source\PSoC5/ISR_Button3.c **** * Function Name: ISR_Button3_GetVector
 212:Generated_Source\PSoC5/ISR_Button3.c **** ********************************************************************************
 213:Generated_Source\PSoC5/ISR_Button3.c **** *
 214:Generated_Source\PSoC5/ISR_Button3.c **** * Summary:
 215:Generated_Source\PSoC5/ISR_Button3.c **** *   Gets the "address" of the current ISR vector for the Interrupt.
 216:Generated_Source\PSoC5/ISR_Button3.c **** *
 217:Generated_Source\PSoC5/ISR_Button3.c **** * Parameters:
 218:Generated_Source\PSoC5/ISR_Button3.c **** *   None
 219:Generated_Source\PSoC5/ISR_Button3.c **** *
 220:Generated_Source\PSoC5/ISR_Button3.c **** * Return:
 221:Generated_Source\PSoC5/ISR_Button3.c **** *   Address of the ISR in the interrupt vector table.
 222:Generated_Source\PSoC5/ISR_Button3.c **** *
 223:Generated_Source\PSoC5/ISR_Button3.c **** *******************************************************************************/
 224:Generated_Source\PSoC5/ISR_Button3.c **** cyisraddress ISR_Button3_GetVector(void)
 225:Generated_Source\PSoC5/ISR_Button3.c **** {
  79              		.loc 1 225 0
  80              		.cfi_startproc
  81              		@ args = 0, pretend = 0, frame = 0
  82              		@ frame_needed = 0, uses_anonymous_args = 0
  83              		@ link register save eliminated.
 226:Generated_Source\PSoC5/ISR_Button3.c ****     cyisraddress * ramVectorTable;
 227:Generated_Source\PSoC5/ISR_Button3.c **** 
 228:Generated_Source\PSoC5/ISR_Button3.c ****     ramVectorTable = (cyisraddress *) *CYINT_VECT_TABLE;
  84              		.loc 1 228 0
  85 0000 014B     		ldr	r3, .L7
  86 0002 1B68     		ldr	r3, [r3]
  87              	.LVL3:
 229:Generated_Source\PSoC5/ISR_Button3.c **** 
 230:Generated_Source\PSoC5/ISR_Button3.c ****     return ramVectorTable[CYINT_IRQ_BASE + (uint32)ISR_Button3__INTC_NUMBER];
 231:Generated_Source\PSoC5/ISR_Button3.c **** }
  88              		.loc 1 231 0
  89 0004 986C     		ldr	r0, [r3, #72]
  90 0006 7047     		bx	lr
  91              	.L8:
  92              		.align	2
  93              	.L7:
  94 0008 08ED00E0 		.word	-536810232
  95              		.cfi_endproc
  96              	.LFE5:
  97              		.size	ISR_Button3_GetVector, .-ISR_Button3_GetVector
  98              		.section	.text.ISR_Button3_SetPriority,"ax",%progbits
  99              		.align	2
 100              		.global	ISR_Button3_SetPriority
 101              		.thumb
 102              		.thumb_func
 103              		.type	ISR_Button3_SetPriority, %function
 104              	ISR_Button3_SetPriority:
 105              	.LFB6:
 232:Generated_Source\PSoC5/ISR_Button3.c **** 
 233:Generated_Source\PSoC5/ISR_Button3.c **** 
 234:Generated_Source\PSoC5/ISR_Button3.c **** /*******************************************************************************
 235:Generated_Source\PSoC5/ISR_Button3.c **** * Function Name: ISR_Button3_SetPriority
 236:Generated_Source\PSoC5/ISR_Button3.c **** ********************************************************************************
 237:Generated_Source\PSoC5/ISR_Button3.c **** *
ARM GAS  C:\Users\rbhar\AppData\Local\Temp\ccQFnYNx.s 			page 7


 238:Generated_Source\PSoC5/ISR_Button3.c **** * Summary:
 239:Generated_Source\PSoC5/ISR_Button3.c **** *   Sets the Priority of the Interrupt. 
 240:Generated_Source\PSoC5/ISR_Button3.c **** *
 241:Generated_Source\PSoC5/ISR_Button3.c **** *   Note calling ISR_Button3_Start or ISR_Button3_StartEx will 
 242:Generated_Source\PSoC5/ISR_Button3.c **** *   override any effect this API would have had. This API should only be called
 243:Generated_Source\PSoC5/ISR_Button3.c **** *   after ISR_Button3_Start or ISR_Button3_StartEx has been called. 
 244:Generated_Source\PSoC5/ISR_Button3.c **** *   To set the initial priority for the component, use the Design-Wide Resources
 245:Generated_Source\PSoC5/ISR_Button3.c **** *   Interrupt Editor.
 246:Generated_Source\PSoC5/ISR_Button3.c **** *
 247:Generated_Source\PSoC5/ISR_Button3.c **** *   Note This API has no effect on Non-maskable interrupt NMI).
 248:Generated_Source\PSoC5/ISR_Button3.c **** *
 249:Generated_Source\PSoC5/ISR_Button3.c **** * Parameters:
 250:Generated_Source\PSoC5/ISR_Button3.c **** *   priority: Priority of the interrupt, 0 being the highest priority
 251:Generated_Source\PSoC5/ISR_Button3.c **** *             PSoC 3 and PSoC 5LP: Priority is from 0 to 7.
 252:Generated_Source\PSoC5/ISR_Button3.c **** *             PSoC 4: Priority is from 0 to 3.
 253:Generated_Source\PSoC5/ISR_Button3.c **** *
 254:Generated_Source\PSoC5/ISR_Button3.c **** * Return:
 255:Generated_Source\PSoC5/ISR_Button3.c **** *   None
 256:Generated_Source\PSoC5/ISR_Button3.c **** *
 257:Generated_Source\PSoC5/ISR_Button3.c **** *******************************************************************************/
 258:Generated_Source\PSoC5/ISR_Button3.c **** void ISR_Button3_SetPriority(uint8 priority)
 259:Generated_Source\PSoC5/ISR_Button3.c **** {
 106              		.loc 1 259 0
 107              		.cfi_startproc
 108              		@ args = 0, pretend = 0, frame = 0
 109              		@ frame_needed = 0, uses_anonymous_args = 0
 110              		@ link register save eliminated.
 111              	.LVL4:
 260:Generated_Source\PSoC5/ISR_Button3.c ****     *ISR_Button3_INTC_PRIOR = priority << 5;
 112              		.loc 1 260 0
 113 0000 4001     		lsls	r0, r0, #5
 114              	.LVL5:
 115 0002 C0B2     		uxtb	r0, r0
 116 0004 014B     		ldr	r3, .L10
 117 0006 1870     		strb	r0, [r3]
 118 0008 7047     		bx	lr
 119              	.L11:
 120 000a 00BF     		.align	2
 121              	.L10:
 122 000c 02E400E0 		.word	-536812542
 123              		.cfi_endproc
 124              	.LFE6:
 125              		.size	ISR_Button3_SetPriority, .-ISR_Button3_SetPriority
 126              		.section	.text.ISR_Button3_GetPriority,"ax",%progbits
 127              		.align	2
 128              		.global	ISR_Button3_GetPriority
 129              		.thumb
 130              		.thumb_func
 131              		.type	ISR_Button3_GetPriority, %function
 132              	ISR_Button3_GetPriority:
 133              	.LFB7:
 261:Generated_Source\PSoC5/ISR_Button3.c **** }
 262:Generated_Source\PSoC5/ISR_Button3.c **** 
 263:Generated_Source\PSoC5/ISR_Button3.c **** 
 264:Generated_Source\PSoC5/ISR_Button3.c **** /*******************************************************************************
 265:Generated_Source\PSoC5/ISR_Button3.c **** * Function Name: ISR_Button3_GetPriority
 266:Generated_Source\PSoC5/ISR_Button3.c **** ********************************************************************************
ARM GAS  C:\Users\rbhar\AppData\Local\Temp\ccQFnYNx.s 			page 8


 267:Generated_Source\PSoC5/ISR_Button3.c **** *
 268:Generated_Source\PSoC5/ISR_Button3.c **** * Summary:
 269:Generated_Source\PSoC5/ISR_Button3.c **** *   Gets the Priority of the Interrupt.
 270:Generated_Source\PSoC5/ISR_Button3.c **** *
 271:Generated_Source\PSoC5/ISR_Button3.c **** * Parameters:
 272:Generated_Source\PSoC5/ISR_Button3.c **** *   None
 273:Generated_Source\PSoC5/ISR_Button3.c **** *
 274:Generated_Source\PSoC5/ISR_Button3.c **** * Return:
 275:Generated_Source\PSoC5/ISR_Button3.c **** *   Priority of the interrupt, 0 being the highest priority
 276:Generated_Source\PSoC5/ISR_Button3.c **** *    PSoC 3 and PSoC 5LP: Priority is from 0 to 7.
 277:Generated_Source\PSoC5/ISR_Button3.c **** *    PSoC 4: Priority is from 0 to 3.
 278:Generated_Source\PSoC5/ISR_Button3.c **** *
 279:Generated_Source\PSoC5/ISR_Button3.c **** *******************************************************************************/
 280:Generated_Source\PSoC5/ISR_Button3.c **** uint8 ISR_Button3_GetPriority(void)
 281:Generated_Source\PSoC5/ISR_Button3.c **** {
 134              		.loc 1 281 0
 135              		.cfi_startproc
 136              		@ args = 0, pretend = 0, frame = 0
 137              		@ frame_needed = 0, uses_anonymous_args = 0
 138              		@ link register save eliminated.
 282:Generated_Source\PSoC5/ISR_Button3.c ****     uint8 priority;
 283:Generated_Source\PSoC5/ISR_Button3.c **** 
 284:Generated_Source\PSoC5/ISR_Button3.c **** 
 285:Generated_Source\PSoC5/ISR_Button3.c ****     priority = *ISR_Button3_INTC_PRIOR >> 5;
 139              		.loc 1 285 0
 140 0000 014B     		ldr	r3, .L13
 141 0002 1878     		ldrb	r0, [r3]	@ zero_extendqisi2
 142              	.LVL6:
 286:Generated_Source\PSoC5/ISR_Button3.c **** 
 287:Generated_Source\PSoC5/ISR_Button3.c ****     return priority;
 288:Generated_Source\PSoC5/ISR_Button3.c **** }
 143              		.loc 1 288 0
 144 0004 4009     		lsrs	r0, r0, #5
 145              	.LVL7:
 146 0006 7047     		bx	lr
 147              	.L14:
 148              		.align	2
 149              	.L13:
 150 0008 02E400E0 		.word	-536812542
 151              		.cfi_endproc
 152              	.LFE7:
 153              		.size	ISR_Button3_GetPriority, .-ISR_Button3_GetPriority
 154              		.section	.text.ISR_Button3_Enable,"ax",%progbits
 155              		.align	2
 156              		.global	ISR_Button3_Enable
 157              		.thumb
 158              		.thumb_func
 159              		.type	ISR_Button3_Enable, %function
 160              	ISR_Button3_Enable:
 161              	.LFB8:
 289:Generated_Source\PSoC5/ISR_Button3.c **** 
 290:Generated_Source\PSoC5/ISR_Button3.c **** 
 291:Generated_Source\PSoC5/ISR_Button3.c **** /*******************************************************************************
 292:Generated_Source\PSoC5/ISR_Button3.c **** * Function Name: ISR_Button3_Enable
 293:Generated_Source\PSoC5/ISR_Button3.c **** ********************************************************************************
 294:Generated_Source\PSoC5/ISR_Button3.c **** *
 295:Generated_Source\PSoC5/ISR_Button3.c **** * Summary:
ARM GAS  C:\Users\rbhar\AppData\Local\Temp\ccQFnYNx.s 			page 9


 296:Generated_Source\PSoC5/ISR_Button3.c **** *   Enables the interrupt to the interrupt controller. Do not call this function
 297:Generated_Source\PSoC5/ISR_Button3.c **** *   unless ISR_Start() has been called or the functionality of the ISR_Start() 
 298:Generated_Source\PSoC5/ISR_Button3.c **** *   function, which sets the vector and the priority, has been called.
 299:Generated_Source\PSoC5/ISR_Button3.c **** *
 300:Generated_Source\PSoC5/ISR_Button3.c **** * Parameters:
 301:Generated_Source\PSoC5/ISR_Button3.c **** *   None
 302:Generated_Source\PSoC5/ISR_Button3.c **** *
 303:Generated_Source\PSoC5/ISR_Button3.c **** * Return:
 304:Generated_Source\PSoC5/ISR_Button3.c **** *   None
 305:Generated_Source\PSoC5/ISR_Button3.c **** *
 306:Generated_Source\PSoC5/ISR_Button3.c **** *******************************************************************************/
 307:Generated_Source\PSoC5/ISR_Button3.c **** void ISR_Button3_Enable(void)
 308:Generated_Source\PSoC5/ISR_Button3.c **** {
 162              		.loc 1 308 0
 163              		.cfi_startproc
 164              		@ args = 0, pretend = 0, frame = 0
 165              		@ frame_needed = 0, uses_anonymous_args = 0
 166              		@ link register save eliminated.
 309:Generated_Source\PSoC5/ISR_Button3.c ****     /* Enable the general interrupt. */
 310:Generated_Source\PSoC5/ISR_Button3.c ****     *ISR_Button3_INTC_SET_EN = ISR_Button3__INTC_MASK;
 167              		.loc 1 310 0
 168 0000 0422     		movs	r2, #4
 169 0002 014B     		ldr	r3, .L16
 170 0004 1A60     		str	r2, [r3]
 171 0006 7047     		bx	lr
 172              	.L17:
 173              		.align	2
 174              	.L16:
 175 0008 00E100E0 		.word	-536813312
 176              		.cfi_endproc
 177              	.LFE8:
 178              		.size	ISR_Button3_Enable, .-ISR_Button3_Enable
 179              		.section	.text.ISR_Button3_GetState,"ax",%progbits
 180              		.align	2
 181              		.global	ISR_Button3_GetState
 182              		.thumb
 183              		.thumb_func
 184              		.type	ISR_Button3_GetState, %function
 185              	ISR_Button3_GetState:
 186              	.LFB9:
 311:Generated_Source\PSoC5/ISR_Button3.c **** }
 312:Generated_Source\PSoC5/ISR_Button3.c **** 
 313:Generated_Source\PSoC5/ISR_Button3.c **** 
 314:Generated_Source\PSoC5/ISR_Button3.c **** /*******************************************************************************
 315:Generated_Source\PSoC5/ISR_Button3.c **** * Function Name: ISR_Button3_GetState
 316:Generated_Source\PSoC5/ISR_Button3.c **** ********************************************************************************
 317:Generated_Source\PSoC5/ISR_Button3.c **** *
 318:Generated_Source\PSoC5/ISR_Button3.c **** * Summary:
 319:Generated_Source\PSoC5/ISR_Button3.c **** *   Gets the state (enabled, disabled) of the Interrupt.
 320:Generated_Source\PSoC5/ISR_Button3.c **** *
 321:Generated_Source\PSoC5/ISR_Button3.c **** * Parameters:
 322:Generated_Source\PSoC5/ISR_Button3.c **** *   None
 323:Generated_Source\PSoC5/ISR_Button3.c **** *
 324:Generated_Source\PSoC5/ISR_Button3.c **** * Return:
 325:Generated_Source\PSoC5/ISR_Button3.c **** *   1 if enabled, 0 if disabled.
 326:Generated_Source\PSoC5/ISR_Button3.c **** *
 327:Generated_Source\PSoC5/ISR_Button3.c **** *******************************************************************************/
ARM GAS  C:\Users\rbhar\AppData\Local\Temp\ccQFnYNx.s 			page 10


 328:Generated_Source\PSoC5/ISR_Button3.c **** uint8 ISR_Button3_GetState(void)
 329:Generated_Source\PSoC5/ISR_Button3.c **** {
 187              		.loc 1 329 0
 188              		.cfi_startproc
 189              		@ args = 0, pretend = 0, frame = 0
 190              		@ frame_needed = 0, uses_anonymous_args = 0
 191              		@ link register save eliminated.
 330:Generated_Source\PSoC5/ISR_Button3.c ****     /* Get the state of the general interrupt. */
 331:Generated_Source\PSoC5/ISR_Button3.c ****     return ((*ISR_Button3_INTC_SET_EN & (uint32)ISR_Button3__INTC_MASK) != 0u) ? 1u:0u;
 192              		.loc 1 331 0
 193 0000 044B     		ldr	r3, .L21
 194 0002 1B68     		ldr	r3, [r3]
 195 0004 13F0040F 		tst	r3, #4
 196 0008 01D0     		beq	.L20
 197 000a 0120     		movs	r0, #1
 198 000c 7047     		bx	lr
 199              	.L20:
 200 000e 0020     		movs	r0, #0
 332:Generated_Source\PSoC5/ISR_Button3.c **** }
 201              		.loc 1 332 0
 202 0010 7047     		bx	lr
 203              	.L22:
 204 0012 00BF     		.align	2
 205              	.L21:
 206 0014 00E100E0 		.word	-536813312
 207              		.cfi_endproc
 208              	.LFE9:
 209              		.size	ISR_Button3_GetState, .-ISR_Button3_GetState
 210              		.section	.text.ISR_Button3_Disable,"ax",%progbits
 211              		.align	2
 212              		.global	ISR_Button3_Disable
 213              		.thumb
 214              		.thumb_func
 215              		.type	ISR_Button3_Disable, %function
 216              	ISR_Button3_Disable:
 217              	.LFB10:
 333:Generated_Source\PSoC5/ISR_Button3.c **** 
 334:Generated_Source\PSoC5/ISR_Button3.c **** 
 335:Generated_Source\PSoC5/ISR_Button3.c **** /*******************************************************************************
 336:Generated_Source\PSoC5/ISR_Button3.c **** * Function Name: ISR_Button3_Disable
 337:Generated_Source\PSoC5/ISR_Button3.c **** ********************************************************************************
 338:Generated_Source\PSoC5/ISR_Button3.c **** *
 339:Generated_Source\PSoC5/ISR_Button3.c **** * Summary:
 340:Generated_Source\PSoC5/ISR_Button3.c **** *   Disables the Interrupt in the interrupt controller.
 341:Generated_Source\PSoC5/ISR_Button3.c **** *
 342:Generated_Source\PSoC5/ISR_Button3.c **** * Parameters:
 343:Generated_Source\PSoC5/ISR_Button3.c **** *   None
 344:Generated_Source\PSoC5/ISR_Button3.c **** *
 345:Generated_Source\PSoC5/ISR_Button3.c **** * Return:
 346:Generated_Source\PSoC5/ISR_Button3.c **** *   None
 347:Generated_Source\PSoC5/ISR_Button3.c **** *
 348:Generated_Source\PSoC5/ISR_Button3.c **** *******************************************************************************/
 349:Generated_Source\PSoC5/ISR_Button3.c **** void ISR_Button3_Disable(void)
 350:Generated_Source\PSoC5/ISR_Button3.c **** {
 218              		.loc 1 350 0
 219              		.cfi_startproc
 220              		@ args = 0, pretend = 0, frame = 0
ARM GAS  C:\Users\rbhar\AppData\Local\Temp\ccQFnYNx.s 			page 11


 221              		@ frame_needed = 0, uses_anonymous_args = 0
 222              		@ link register save eliminated.
 351:Generated_Source\PSoC5/ISR_Button3.c ****     /* Disable the general interrupt. */
 352:Generated_Source\PSoC5/ISR_Button3.c ****     *ISR_Button3_INTC_CLR_EN = ISR_Button3__INTC_MASK;
 223              		.loc 1 352 0
 224 0000 0422     		movs	r2, #4
 225 0002 014B     		ldr	r3, .L24
 226 0004 1A60     		str	r2, [r3]
 227 0006 7047     		bx	lr
 228              	.L25:
 229              		.align	2
 230              	.L24:
 231 0008 80E100E0 		.word	-536813184
 232              		.cfi_endproc
 233              	.LFE10:
 234              		.size	ISR_Button3_Disable, .-ISR_Button3_Disable
 235              		.section	.text.ISR_Button3_Start,"ax",%progbits
 236              		.align	2
 237              		.global	ISR_Button3_Start
 238              		.thumb
 239              		.thumb_func
 240              		.type	ISR_Button3_Start, %function
 241              	ISR_Button3_Start:
 242              	.LFB0:
  62:Generated_Source\PSoC5/ISR_Button3.c ****     /* For all we know the interrupt is active. */
 243              		.loc 1 62 0
 244              		.cfi_startproc
 245              		@ args = 0, pretend = 0, frame = 0
 246              		@ frame_needed = 0, uses_anonymous_args = 0
 247 0000 08B5     		push	{r3, lr}
 248              		.cfi_def_cfa_offset 8
 249              		.cfi_offset 3, -8
 250              		.cfi_offset 14, -4
  64:Generated_Source\PSoC5/ISR_Button3.c **** 
 251              		.loc 1 64 0
 252 0002 FFF7FEFF 		bl	ISR_Button3_Disable
 253              	.LVL8:
  67:Generated_Source\PSoC5/ISR_Button3.c **** 
 254              		.loc 1 67 0
 255 0006 0448     		ldr	r0, .L28
 256 0008 FFF7FEFF 		bl	ISR_Button3_SetVector
 257              	.LVL9:
  70:Generated_Source\PSoC5/ISR_Button3.c **** 
 258              		.loc 1 70 0
 259 000c 0720     		movs	r0, #7
 260 000e FFF7FEFF 		bl	ISR_Button3_SetPriority
 261              	.LVL10:
  73:Generated_Source\PSoC5/ISR_Button3.c **** }
 262              		.loc 1 73 0
 263 0012 FFF7FEFF 		bl	ISR_Button3_Enable
 264              	.LVL11:
 265 0016 08BD     		pop	{r3, pc}
 266              	.L29:
 267              		.align	2
 268              	.L28:
 269 0018 00000000 		.word	ISR_Button3_Interrupt
 270              		.cfi_endproc
ARM GAS  C:\Users\rbhar\AppData\Local\Temp\ccQFnYNx.s 			page 12


 271              	.LFE0:
 272              		.size	ISR_Button3_Start, .-ISR_Button3_Start
 273              		.section	.text.ISR_Button3_StartEx,"ax",%progbits
 274              		.align	2
 275              		.global	ISR_Button3_StartEx
 276              		.thumb
 277              		.thumb_func
 278              		.type	ISR_Button3_StartEx, %function
 279              	ISR_Button3_StartEx:
 280              	.LFB1:
 105:Generated_Source\PSoC5/ISR_Button3.c ****     /* For all we know the interrupt is active. */
 281              		.loc 1 105 0
 282              		.cfi_startproc
 283              		@ args = 0, pretend = 0, frame = 0
 284              		@ frame_needed = 0, uses_anonymous_args = 0
 285              	.LVL12:
 286 0000 10B5     		push	{r4, lr}
 287              		.cfi_def_cfa_offset 8
 288              		.cfi_offset 4, -8
 289              		.cfi_offset 14, -4
 290 0002 0446     		mov	r4, r0
 107:Generated_Source\PSoC5/ISR_Button3.c **** 
 291              		.loc 1 107 0
 292 0004 FFF7FEFF 		bl	ISR_Button3_Disable
 293              	.LVL13:
 110:Generated_Source\PSoC5/ISR_Button3.c **** 
 294              		.loc 1 110 0
 295 0008 2046     		mov	r0, r4
 296 000a FFF7FEFF 		bl	ISR_Button3_SetVector
 297              	.LVL14:
 113:Generated_Source\PSoC5/ISR_Button3.c **** 
 298              		.loc 1 113 0
 299 000e 0720     		movs	r0, #7
 300 0010 FFF7FEFF 		bl	ISR_Button3_SetPriority
 301              	.LVL15:
 116:Generated_Source\PSoC5/ISR_Button3.c **** }
 302              		.loc 1 116 0
 303 0014 FFF7FEFF 		bl	ISR_Button3_Enable
 304              	.LVL16:
 305 0018 10BD     		pop	{r4, pc}
 306              		.cfi_endproc
 307              	.LFE1:
 308              		.size	ISR_Button3_StartEx, .-ISR_Button3_StartEx
 309 001a 00BF     		.section	.text.ISR_Button3_Stop,"ax",%progbits
 310              		.align	2
 311              		.global	ISR_Button3_Stop
 312              		.thumb
 313              		.thumb_func
 314              		.type	ISR_Button3_Stop, %function
 315              	ISR_Button3_Stop:
 316              	.LFB2:
 135:Generated_Source\PSoC5/ISR_Button3.c ****     /* Disable this interrupt. */
 317              		.loc 1 135 0
 318              		.cfi_startproc
 319              		@ args = 0, pretend = 0, frame = 0
 320              		@ frame_needed = 0, uses_anonymous_args = 0
 321 0000 08B5     		push	{r3, lr}
ARM GAS  C:\Users\rbhar\AppData\Local\Temp\ccQFnYNx.s 			page 13


 322              		.cfi_def_cfa_offset 8
 323              		.cfi_offset 3, -8
 324              		.cfi_offset 14, -4
 137:Generated_Source\PSoC5/ISR_Button3.c **** 
 325              		.loc 1 137 0
 326 0002 FFF7FEFF 		bl	ISR_Button3_Disable
 327              	.LVL17:
 140:Generated_Source\PSoC5/ISR_Button3.c **** }
 328              		.loc 1 140 0
 329 0006 0248     		ldr	r0, .L34
 330 0008 FFF7FEFF 		bl	ISR_Button3_SetVector
 331              	.LVL18:
 332 000c 08BD     		pop	{r3, pc}
 333              	.L35:
 334 000e 00BF     		.align	2
 335              	.L34:
 336 0010 00000000 		.word	IntDefaultHandler
 337              		.cfi_endproc
 338              	.LFE2:
 339              		.size	ISR_Button3_Stop, .-ISR_Button3_Stop
 340              		.section	.text.ISR_Button3_SetPending,"ax",%progbits
 341              		.align	2
 342              		.global	ISR_Button3_SetPending
 343              		.thumb
 344              		.thumb_func
 345              		.type	ISR_Button3_SetPending, %function
 346              	ISR_Button3_SetPending:
 347              	.LFB11:
 353:Generated_Source\PSoC5/ISR_Button3.c **** }
 354:Generated_Source\PSoC5/ISR_Button3.c **** 
 355:Generated_Source\PSoC5/ISR_Button3.c **** 
 356:Generated_Source\PSoC5/ISR_Button3.c **** /*******************************************************************************
 357:Generated_Source\PSoC5/ISR_Button3.c **** * Function Name: ISR_Button3_SetPending
 358:Generated_Source\PSoC5/ISR_Button3.c **** ********************************************************************************
 359:Generated_Source\PSoC5/ISR_Button3.c **** *
 360:Generated_Source\PSoC5/ISR_Button3.c **** * Summary:
 361:Generated_Source\PSoC5/ISR_Button3.c **** *   Causes the Interrupt to enter the pending state, a software method of
 362:Generated_Source\PSoC5/ISR_Button3.c **** *   generating the interrupt.
 363:Generated_Source\PSoC5/ISR_Button3.c **** *
 364:Generated_Source\PSoC5/ISR_Button3.c **** * Parameters:
 365:Generated_Source\PSoC5/ISR_Button3.c **** *   None
 366:Generated_Source\PSoC5/ISR_Button3.c **** *
 367:Generated_Source\PSoC5/ISR_Button3.c **** * Return:
 368:Generated_Source\PSoC5/ISR_Button3.c **** *   None
 369:Generated_Source\PSoC5/ISR_Button3.c **** *
 370:Generated_Source\PSoC5/ISR_Button3.c **** * Side Effects:
 371:Generated_Source\PSoC5/ISR_Button3.c **** *   If interrupts are enabled and the interrupt is set up properly, the ISR is
 372:Generated_Source\PSoC5/ISR_Button3.c **** *   entered (depending on the priority of this interrupt and other pending 
 373:Generated_Source\PSoC5/ISR_Button3.c **** *   interrupts).
 374:Generated_Source\PSoC5/ISR_Button3.c **** *
 375:Generated_Source\PSoC5/ISR_Button3.c **** *******************************************************************************/
 376:Generated_Source\PSoC5/ISR_Button3.c **** void ISR_Button3_SetPending(void)
 377:Generated_Source\PSoC5/ISR_Button3.c **** {
 348              		.loc 1 377 0
 349              		.cfi_startproc
 350              		@ args = 0, pretend = 0, frame = 0
 351              		@ frame_needed = 0, uses_anonymous_args = 0
ARM GAS  C:\Users\rbhar\AppData\Local\Temp\ccQFnYNx.s 			page 14


 352              		@ link register save eliminated.
 378:Generated_Source\PSoC5/ISR_Button3.c ****     *ISR_Button3_INTC_SET_PD = ISR_Button3__INTC_MASK;
 353              		.loc 1 378 0
 354 0000 0422     		movs	r2, #4
 355 0002 014B     		ldr	r3, .L37
 356 0004 1A60     		str	r2, [r3]
 357 0006 7047     		bx	lr
 358              	.L38:
 359              		.align	2
 360              	.L37:
 361 0008 00E200E0 		.word	-536813056
 362              		.cfi_endproc
 363              	.LFE11:
 364              		.size	ISR_Button3_SetPending, .-ISR_Button3_SetPending
 365              		.section	.text.ISR_Button3_ClearPending,"ax",%progbits
 366              		.align	2
 367              		.global	ISR_Button3_ClearPending
 368              		.thumb
 369              		.thumb_func
 370              		.type	ISR_Button3_ClearPending, %function
 371              	ISR_Button3_ClearPending:
 372              	.LFB12:
 379:Generated_Source\PSoC5/ISR_Button3.c **** }
 380:Generated_Source\PSoC5/ISR_Button3.c **** 
 381:Generated_Source\PSoC5/ISR_Button3.c **** 
 382:Generated_Source\PSoC5/ISR_Button3.c **** /*******************************************************************************
 383:Generated_Source\PSoC5/ISR_Button3.c **** * Function Name: ISR_Button3_ClearPending
 384:Generated_Source\PSoC5/ISR_Button3.c **** ********************************************************************************
 385:Generated_Source\PSoC5/ISR_Button3.c **** *
 386:Generated_Source\PSoC5/ISR_Button3.c **** * Summary:
 387:Generated_Source\PSoC5/ISR_Button3.c **** *   Clears a pending interrupt in the interrupt controller.
 388:Generated_Source\PSoC5/ISR_Button3.c **** *
 389:Generated_Source\PSoC5/ISR_Button3.c **** *   Note Some interrupt sources are clear-on-read and require the block 
 390:Generated_Source\PSoC5/ISR_Button3.c **** *   interrupt/status register to be read/cleared with the appropriate block API 
 391:Generated_Source\PSoC5/ISR_Button3.c **** *   (GPIO, UART, and so on). Otherwise the ISR will continue to remain in 
 392:Generated_Source\PSoC5/ISR_Button3.c **** *   pending state even though the interrupt itself is cleared using this API.
 393:Generated_Source\PSoC5/ISR_Button3.c **** *
 394:Generated_Source\PSoC5/ISR_Button3.c **** * Parameters:
 395:Generated_Source\PSoC5/ISR_Button3.c **** *   None
 396:Generated_Source\PSoC5/ISR_Button3.c **** *
 397:Generated_Source\PSoC5/ISR_Button3.c **** * Return:
 398:Generated_Source\PSoC5/ISR_Button3.c **** *   None
 399:Generated_Source\PSoC5/ISR_Button3.c **** *
 400:Generated_Source\PSoC5/ISR_Button3.c **** *******************************************************************************/
 401:Generated_Source\PSoC5/ISR_Button3.c **** void ISR_Button3_ClearPending(void)
 402:Generated_Source\PSoC5/ISR_Button3.c **** {
 373              		.loc 1 402 0
 374              		.cfi_startproc
 375              		@ args = 0, pretend = 0, frame = 0
 376              		@ frame_needed = 0, uses_anonymous_args = 0
 377              		@ link register save eliminated.
 403:Generated_Source\PSoC5/ISR_Button3.c ****     *ISR_Button3_INTC_CLR_PD = ISR_Button3__INTC_MASK;
 378              		.loc 1 403 0
 379 0000 0422     		movs	r2, #4
 380 0002 014B     		ldr	r3, .L40
 381 0004 1A60     		str	r2, [r3]
 382 0006 7047     		bx	lr
ARM GAS  C:\Users\rbhar\AppData\Local\Temp\ccQFnYNx.s 			page 15


 383              	.L41:
 384              		.align	2
 385              	.L40:
 386 0008 80E200E0 		.word	-536812928
 387              		.cfi_endproc
 388              	.LFE12:
 389              		.size	ISR_Button3_ClearPending, .-ISR_Button3_ClearPending
 390              		.text
 391              	.Letext0:
 392              		.file 2 "Generated_Source\\PSoC5/cytypes.h"
 393              		.section	.debug_info,"",%progbits
 394              	.Ldebug_info0:
 395 0000 F8020000 		.4byte	0x2f8
 396 0004 0400     		.2byte	0x4
 397 0006 00000000 		.4byte	.Ldebug_abbrev0
 398 000a 04       		.byte	0x4
 399 000b 01       		.uleb128 0x1
 400 000c 04010000 		.4byte	.LASF34
 401 0010 0C       		.byte	0xc
 402 0011 00000000 		.4byte	.LASF35
 403 0015 86000000 		.4byte	.LASF36
 404 0019 00000000 		.4byte	.Ldebug_ranges0+0
 405 001d 00000000 		.4byte	0
 406 0021 00000000 		.4byte	.Ldebug_line0
 407 0025 02       		.uleb128 0x2
 408 0026 04       		.byte	0x4
 409 0027 05       		.byte	0x5
 410 0028 696E7400 		.ascii	"int\000"
 411 002c 03       		.uleb128 0x3
 412 002d 04       		.byte	0x4
 413 002e 07       		.byte	0x7
 414 002f 04020000 		.4byte	.LASF0
 415 0033 03       		.uleb128 0x3
 416 0034 08       		.byte	0x8
 417 0035 05       		.byte	0x5
 418 0036 6D020000 		.4byte	.LASF1
 419 003a 03       		.uleb128 0x3
 420 003b 08       		.byte	0x8
 421 003c 04       		.byte	0x4
 422 003d FB020000 		.4byte	.LASF2
 423 0041 03       		.uleb128 0x3
 424 0042 01       		.byte	0x1
 425 0043 06       		.byte	0x6
 426 0044 07030000 		.4byte	.LASF3
 427 0048 03       		.uleb128 0x3
 428 0049 01       		.byte	0x1
 429 004a 08       		.byte	0x8
 430 004b F6000000 		.4byte	.LASF4
 431 004f 03       		.uleb128 0x3
 432 0050 02       		.byte	0x2
 433 0051 05       		.byte	0x5
 434 0052 D3020000 		.4byte	.LASF5
 435 0056 03       		.uleb128 0x3
 436 0057 02       		.byte	0x2
 437 0058 07       		.byte	0x7
 438 0059 13030000 		.4byte	.LASF6
 439 005d 03       		.uleb128 0x3
ARM GAS  C:\Users\rbhar\AppData\Local\Temp\ccQFnYNx.s 			page 16


 440 005e 04       		.byte	0x4
 441 005f 05       		.byte	0x5
 442 0060 F2020000 		.4byte	.LASF7
 443 0064 03       		.uleb128 0x3
 444 0065 04       		.byte	0x4
 445 0066 07       		.byte	0x7
 446 0067 97010000 		.4byte	.LASF8
 447 006b 03       		.uleb128 0x3
 448 006c 08       		.byte	0x8
 449 006d 07       		.byte	0x7
 450 006e 19020000 		.4byte	.LASF9
 451 0072 03       		.uleb128 0x3
 452 0073 04       		.byte	0x4
 453 0074 07       		.byte	0x7
 454 0075 64020000 		.4byte	.LASF10
 455 0079 03       		.uleb128 0x3
 456 007a 01       		.byte	0x1
 457 007b 08       		.byte	0x8
 458 007c 7B020000 		.4byte	.LASF11
 459 0080 04       		.uleb128 0x4
 460 0081 04       		.byte	0x4
 461 0082 86000000 		.4byte	0x86
 462 0086 05       		.uleb128 0x5
 463 0087 06       		.uleb128 0x6
 464 0088 A9010000 		.4byte	.LASF12
 465 008c 02       		.byte	0x2
 466 008d E401     		.2byte	0x1e4
 467 008f 48000000 		.4byte	0x48
 468 0093 06       		.uleb128 0x6
 469 0094 FD010000 		.4byte	.LASF13
 470 0098 02       		.byte	0x2
 471 0099 E601     		.2byte	0x1e6
 472 009b 64000000 		.4byte	0x64
 473 009f 03       		.uleb128 0x3
 474 00a0 04       		.byte	0x4
 475 00a1 04       		.byte	0x4
 476 00a2 DF000000 		.4byte	.LASF14
 477 00a6 03       		.uleb128 0x3
 478 00a7 08       		.byte	0x8
 479 00a8 04       		.byte	0x4
 480 00a9 DE010000 		.4byte	.LASF15
 481 00ad 06       		.uleb128 0x6
 482 00ae 92010000 		.4byte	.LASF16
 483 00b2 02       		.byte	0x2
 484 00b3 8E02     		.2byte	0x28e
 485 00b5 B9000000 		.4byte	0xb9
 486 00b9 07       		.uleb128 0x7
 487 00ba 87000000 		.4byte	0x87
 488 00be 06       		.uleb128 0x6
 489 00bf 25000000 		.4byte	.LASF17
 490 00c3 02       		.byte	0x2
 491 00c4 9002     		.2byte	0x290
 492 00c6 CA000000 		.4byte	0xca
 493 00ca 07       		.uleb128 0x7
 494 00cb 93000000 		.4byte	0x93
 495 00cf 06       		.uleb128 0x6
 496 00d0 44020000 		.4byte	.LASF18
ARM GAS  C:\Users\rbhar\AppData\Local\Temp\ccQFnYNx.s 			page 17


 497 00d4 02       		.byte	0x2
 498 00d5 A002     		.2byte	0x2a0
 499 00d7 80000000 		.4byte	0x80
 500 00db 08       		.uleb128 0x8
 501 00dc 8F020000 		.4byte	.LASF19
 502 00e0 01       		.byte	0x1
 503 00e1 A0       		.byte	0xa0
 504 00e2 00000000 		.4byte	.LFB3
 505 00e6 08000000 		.4byte	.LFE3-.LFB3
 506 00ea 01       		.uleb128 0x1
 507 00eb 9C       		.byte	0x9c
 508 00ec 0B010000 		.4byte	0x10b
 509 00f0 09       		.uleb128 0x9
 510 00f1 2B000000 		.4byte	.LASF37
 511 00f5 01       		.byte	0x1
 512 00f6 A8       		.byte	0xa8
 513 00f7 25000000 		.4byte	0x25
 514 00fb 01010000 		.4byte	0x101
 515 00ff 0A       		.uleb128 0xa
 516 0100 00       		.byte	0
 517 0101 0B       		.uleb128 0xb
 518 0102 06000000 		.4byte	.LVL0
 519 0106 F0020000 		.4byte	0x2f0
 520 010a 00       		.byte	0
 521 010b 08       		.uleb128 0x8
 522 010c 70000000 		.4byte	.LASF20
 523 0110 01       		.byte	0x1
 524 0111 C8       		.byte	0xc8
 525 0112 00000000 		.4byte	.LFB4
 526 0116 0C000000 		.4byte	.LFE4-.LFB4
 527 011a 01       		.uleb128 0x1
 528 011b 9C       		.byte	0x9c
 529 011c 3B010000 		.4byte	0x13b
 530 0120 0C       		.uleb128 0xc
 531 0121 11020000 		.4byte	.LASF23
 532 0125 01       		.byte	0x1
 533 0126 C8       		.byte	0xc8
 534 0127 CF000000 		.4byte	0xcf
 535 012b 01       		.uleb128 0x1
 536 012c 50       		.byte	0x50
 537 012d 0D       		.uleb128 0xd
 538 012e 80020000 		.4byte	.LASF21
 539 0132 01       		.byte	0x1
 540 0133 CA       		.byte	0xca
 541 0134 3B010000 		.4byte	0x13b
 542 0138 01       		.uleb128 0x1
 543 0139 53       		.byte	0x53
 544 013a 00       		.byte	0
 545 013b 04       		.uleb128 0x4
 546 013c 04       		.byte	0x4
 547 013d CF000000 		.4byte	0xcf
 548 0141 0E       		.uleb128 0xe
 549 0142 BD020000 		.4byte	.LASF25
 550 0146 01       		.byte	0x1
 551 0147 E0       		.byte	0xe0
 552 0148 CF000000 		.4byte	0xcf
 553 014c 00000000 		.4byte	.LFB5
ARM GAS  C:\Users\rbhar\AppData\Local\Temp\ccQFnYNx.s 			page 18


 554 0150 0C000000 		.4byte	.LFE5-.LFB5
 555 0154 01       		.uleb128 0x1
 556 0155 9C       		.byte	0x9c
 557 0156 68010000 		.4byte	0x168
 558 015a 0D       		.uleb128 0xd
 559 015b 80020000 		.4byte	.LASF21
 560 015f 01       		.byte	0x1
 561 0160 E2       		.byte	0xe2
 562 0161 3B010000 		.4byte	0x13b
 563 0165 01       		.uleb128 0x1
 564 0166 53       		.byte	0x53
 565 0167 00       		.byte	0
 566 0168 0F       		.uleb128 0xf
 567 0169 A5020000 		.4byte	.LASF22
 568 016d 01       		.byte	0x1
 569 016e 0201     		.2byte	0x102
 570 0170 00000000 		.4byte	.LFB6
 571 0174 10000000 		.4byte	.LFE6-.LFB6
 572 0178 01       		.uleb128 0x1
 573 0179 9C       		.byte	0x9c
 574 017a 8F010000 		.4byte	0x18f
 575 017e 10       		.uleb128 0x10
 576 017f C1010000 		.4byte	.LASF24
 577 0183 01       		.byte	0x1
 578 0184 0201     		.2byte	0x102
 579 0186 87000000 		.4byte	0x87
 580 018a 00000000 		.4byte	.LLST0
 581 018e 00       		.byte	0
 582 018f 11       		.uleb128 0x11
 583 0190 E5010000 		.4byte	.LASF26
 584 0194 01       		.byte	0x1
 585 0195 1801     		.2byte	0x118
 586 0197 87000000 		.4byte	0x87
 587 019b 00000000 		.4byte	.LFB7
 588 019f 0C000000 		.4byte	.LFE7-.LFB7
 589 01a3 01       		.uleb128 0x1
 590 01a4 9C       		.byte	0x9c
 591 01a5 BA010000 		.4byte	0x1ba
 592 01a9 12       		.uleb128 0x12
 593 01aa C1010000 		.4byte	.LASF24
 594 01ae 01       		.byte	0x1
 595 01af 1A01     		.2byte	0x11a
 596 01b1 87000000 		.4byte	0x87
 597 01b5 21000000 		.4byte	.LLST1
 598 01b9 00       		.byte	0
 599 01ba 13       		.uleb128 0x13
 600 01bb 51020000 		.4byte	.LASF27
 601 01bf 01       		.byte	0x1
 602 01c0 3301     		.2byte	0x133
 603 01c2 00000000 		.4byte	.LFB8
 604 01c6 0C000000 		.4byte	.LFE8-.LFB8
 605 01ca 01       		.uleb128 0x1
 606 01cb 9C       		.byte	0x9c
 607 01cc 14       		.uleb128 0x14
 608 01cd DD020000 		.4byte	.LASF38
 609 01d1 01       		.byte	0x1
 610 01d2 4801     		.2byte	0x148
ARM GAS  C:\Users\rbhar\AppData\Local\Temp\ccQFnYNx.s 			page 19


 611 01d4 87000000 		.4byte	0x87
 612 01d8 00000000 		.4byte	.LFB9
 613 01dc 18000000 		.4byte	.LFE9-.LFB9
 614 01e0 01       		.uleb128 0x1
 615 01e1 9C       		.byte	0x9c
 616 01e2 13       		.uleb128 0x13
 617 01e3 30020000 		.4byte	.LASF28
 618 01e7 01       		.byte	0x1
 619 01e8 5D01     		.2byte	0x15d
 620 01ea 00000000 		.4byte	.LFB10
 621 01ee 0C000000 		.4byte	.LFE10-.LFB10
 622 01f2 01       		.uleb128 0x1
 623 01f3 9C       		.byte	0x9c
 624 01f4 08       		.uleb128 0x8
 625 01f5 AF010000 		.4byte	.LASF29
 626 01f9 01       		.byte	0x1
 627 01fa 3D       		.byte	0x3d
 628 01fb 00000000 		.4byte	.LFB0
 629 01ff 1C000000 		.4byte	.LFE0-.LFB0
 630 0203 01       		.uleb128 0x1
 631 0204 9C       		.byte	0x9c
 632 0205 46020000 		.4byte	0x246
 633 0209 0B       		.uleb128 0xb
 634 020a 06000000 		.4byte	.LVL8
 635 020e E2010000 		.4byte	0x1e2
 636 0212 15       		.uleb128 0x15
 637 0213 0C000000 		.4byte	.LVL9
 638 0217 0B010000 		.4byte	0x10b
 639 021b 29020000 		.4byte	0x229
 640 021f 16       		.uleb128 0x16
 641 0220 01       		.uleb128 0x1
 642 0221 50       		.byte	0x50
 643 0222 05       		.uleb128 0x5
 644 0223 03       		.byte	0x3
 645 0224 00000000 		.4byte	ISR_Button3_Interrupt
 646 0228 00       		.byte	0
 647 0229 15       		.uleb128 0x15
 648 022a 12000000 		.4byte	.LVL10
 649 022e 68010000 		.4byte	0x168
 650 0232 3C020000 		.4byte	0x23c
 651 0236 16       		.uleb128 0x16
 652 0237 01       		.uleb128 0x1
 653 0238 50       		.byte	0x50
 654 0239 01       		.uleb128 0x1
 655 023a 37       		.byte	0x37
 656 023b 00       		.byte	0
 657 023c 0B       		.uleb128 0xb
 658 023d 16000000 		.4byte	.LVL11
 659 0241 BA010000 		.4byte	0x1ba
 660 0245 00       		.byte	0
 661 0246 08       		.uleb128 0x8
 662 0247 CA010000 		.4byte	.LASF30
 663 024b 01       		.byte	0x1
 664 024c 68       		.byte	0x68
 665 024d 00000000 		.4byte	.LFB1
 666 0251 1A000000 		.4byte	.LFE1-.LFB1
 667 0255 01       		.uleb128 0x1
ARM GAS  C:\Users\rbhar\AppData\Local\Temp\ccQFnYNx.s 			page 20


 668 0256 9C       		.byte	0x9c
 669 0257 A4020000 		.4byte	0x2a4
 670 025b 17       		.uleb128 0x17
 671 025c 11020000 		.4byte	.LASF23
 672 0260 01       		.byte	0x1
 673 0261 68       		.byte	0x68
 674 0262 CF000000 		.4byte	0xcf
 675 0266 38000000 		.4byte	.LLST2
 676 026a 0B       		.uleb128 0xb
 677 026b 08000000 		.4byte	.LVL13
 678 026f E2010000 		.4byte	0x1e2
 679 0273 15       		.uleb128 0x15
 680 0274 0E000000 		.4byte	.LVL14
 681 0278 0B010000 		.4byte	0x10b
 682 027c 87020000 		.4byte	0x287
 683 0280 16       		.uleb128 0x16
 684 0281 01       		.uleb128 0x1
 685 0282 50       		.byte	0x50
 686 0283 02       		.uleb128 0x2
 687 0284 74       		.byte	0x74
 688 0285 00       		.sleb128 0
 689 0286 00       		.byte	0
 690 0287 15       		.uleb128 0x15
 691 0288 14000000 		.4byte	.LVL15
 692 028c 68010000 		.4byte	0x168
 693 0290 9A020000 		.4byte	0x29a
 694 0294 16       		.uleb128 0x16
 695 0295 01       		.uleb128 0x1
 696 0296 50       		.byte	0x50
 697 0297 01       		.uleb128 0x1
 698 0298 37       		.byte	0x37
 699 0299 00       		.byte	0
 700 029a 0B       		.uleb128 0xb
 701 029b 18000000 		.4byte	.LVL16
 702 029f BA010000 		.4byte	0x1ba
 703 02a3 00       		.byte	0
 704 02a4 08       		.uleb128 0x8
 705 02a5 E5000000 		.4byte	.LASF31
 706 02a9 01       		.byte	0x1
 707 02aa 86       		.byte	0x86
 708 02ab 00000000 		.4byte	.LFB2
 709 02af 14000000 		.4byte	.LFE2-.LFB2
 710 02b3 01       		.uleb128 0x1
 711 02b4 9C       		.byte	0x9c
 712 02b5 CC020000 		.4byte	0x2cc
 713 02b9 0B       		.uleb128 0xb
 714 02ba 06000000 		.4byte	.LVL17
 715 02be E2010000 		.4byte	0x1e2
 716 02c2 0B       		.uleb128 0xb
 717 02c3 0C000000 		.4byte	.LVL18
 718 02c7 0B010000 		.4byte	0x10b
 719 02cb 00       		.byte	0
 720 02cc 13       		.uleb128 0x13
 721 02cd 59000000 		.4byte	.LASF32
 722 02d1 01       		.byte	0x1
 723 02d2 7801     		.2byte	0x178
 724 02d4 00000000 		.4byte	.LFB11
ARM GAS  C:\Users\rbhar\AppData\Local\Temp\ccQFnYNx.s 			page 21


 725 02d8 0C000000 		.4byte	.LFE11-.LFB11
 726 02dc 01       		.uleb128 0x1
 727 02dd 9C       		.byte	0x9c
 728 02de 13       		.uleb128 0x13
 729 02df 40000000 		.4byte	.LASF33
 730 02e3 01       		.byte	0x1
 731 02e4 9101     		.2byte	0x191
 732 02e6 00000000 		.4byte	.LFB12
 733 02ea 0C000000 		.4byte	.LFE12-.LFB12
 734 02ee 01       		.uleb128 0x1
 735 02ef 9C       		.byte	0x9c
 736 02f0 18       		.uleb128 0x18
 737 02f1 2B000000 		.4byte	.LASF37
 738 02f5 2B000000 		.4byte	.LASF37
 739 02f9 01       		.byte	0x1
 740 02fa A8       		.byte	0xa8
 741 02fb 00       		.byte	0
 742              		.section	.debug_abbrev,"",%progbits
 743              	.Ldebug_abbrev0:
 744 0000 01       		.uleb128 0x1
 745 0001 11       		.uleb128 0x11
 746 0002 01       		.byte	0x1
 747 0003 25       		.uleb128 0x25
 748 0004 0E       		.uleb128 0xe
 749 0005 13       		.uleb128 0x13
 750 0006 0B       		.uleb128 0xb
 751 0007 03       		.uleb128 0x3
 752 0008 0E       		.uleb128 0xe
 753 0009 1B       		.uleb128 0x1b
 754 000a 0E       		.uleb128 0xe
 755 000b 55       		.uleb128 0x55
 756 000c 17       		.uleb128 0x17
 757 000d 11       		.uleb128 0x11
 758 000e 01       		.uleb128 0x1
 759 000f 10       		.uleb128 0x10
 760 0010 17       		.uleb128 0x17
 761 0011 00       		.byte	0
 762 0012 00       		.byte	0
 763 0013 02       		.uleb128 0x2
 764 0014 24       		.uleb128 0x24
 765 0015 00       		.byte	0
 766 0016 0B       		.uleb128 0xb
 767 0017 0B       		.uleb128 0xb
 768 0018 3E       		.uleb128 0x3e
 769 0019 0B       		.uleb128 0xb
 770 001a 03       		.uleb128 0x3
 771 001b 08       		.uleb128 0x8
 772 001c 00       		.byte	0
 773 001d 00       		.byte	0
 774 001e 03       		.uleb128 0x3
 775 001f 24       		.uleb128 0x24
 776 0020 00       		.byte	0
 777 0021 0B       		.uleb128 0xb
 778 0022 0B       		.uleb128 0xb
 779 0023 3E       		.uleb128 0x3e
 780 0024 0B       		.uleb128 0xb
 781 0025 03       		.uleb128 0x3
ARM GAS  C:\Users\rbhar\AppData\Local\Temp\ccQFnYNx.s 			page 22


 782 0026 0E       		.uleb128 0xe
 783 0027 00       		.byte	0
 784 0028 00       		.byte	0
 785 0029 04       		.uleb128 0x4
 786 002a 0F       		.uleb128 0xf
 787 002b 00       		.byte	0
 788 002c 0B       		.uleb128 0xb
 789 002d 0B       		.uleb128 0xb
 790 002e 49       		.uleb128 0x49
 791 002f 13       		.uleb128 0x13
 792 0030 00       		.byte	0
 793 0031 00       		.byte	0
 794 0032 05       		.uleb128 0x5
 795 0033 15       		.uleb128 0x15
 796 0034 00       		.byte	0
 797 0035 27       		.uleb128 0x27
 798 0036 19       		.uleb128 0x19
 799 0037 00       		.byte	0
 800 0038 00       		.byte	0
 801 0039 06       		.uleb128 0x6
 802 003a 16       		.uleb128 0x16
 803 003b 00       		.byte	0
 804 003c 03       		.uleb128 0x3
 805 003d 0E       		.uleb128 0xe
 806 003e 3A       		.uleb128 0x3a
 807 003f 0B       		.uleb128 0xb
 808 0040 3B       		.uleb128 0x3b
 809 0041 05       		.uleb128 0x5
 810 0042 49       		.uleb128 0x49
 811 0043 13       		.uleb128 0x13
 812 0044 00       		.byte	0
 813 0045 00       		.byte	0
 814 0046 07       		.uleb128 0x7
 815 0047 35       		.uleb128 0x35
 816 0048 00       		.byte	0
 817 0049 49       		.uleb128 0x49
 818 004a 13       		.uleb128 0x13
 819 004b 00       		.byte	0
 820 004c 00       		.byte	0
 821 004d 08       		.uleb128 0x8
 822 004e 2E       		.uleb128 0x2e
 823 004f 01       		.byte	0x1
 824 0050 3F       		.uleb128 0x3f
 825 0051 19       		.uleb128 0x19
 826 0052 03       		.uleb128 0x3
 827 0053 0E       		.uleb128 0xe
 828 0054 3A       		.uleb128 0x3a
 829 0055 0B       		.uleb128 0xb
 830 0056 3B       		.uleb128 0x3b
 831 0057 0B       		.uleb128 0xb
 832 0058 27       		.uleb128 0x27
 833 0059 19       		.uleb128 0x19
 834 005a 11       		.uleb128 0x11
 835 005b 01       		.uleb128 0x1
 836 005c 12       		.uleb128 0x12
 837 005d 06       		.uleb128 0x6
 838 005e 40       		.uleb128 0x40
ARM GAS  C:\Users\rbhar\AppData\Local\Temp\ccQFnYNx.s 			page 23


 839 005f 18       		.uleb128 0x18
 840 0060 9742     		.uleb128 0x2117
 841 0062 19       		.uleb128 0x19
 842 0063 01       		.uleb128 0x1
 843 0064 13       		.uleb128 0x13
 844 0065 00       		.byte	0
 845 0066 00       		.byte	0
 846 0067 09       		.uleb128 0x9
 847 0068 2E       		.uleb128 0x2e
 848 0069 01       		.byte	0x1
 849 006a 3F       		.uleb128 0x3f
 850 006b 19       		.uleb128 0x19
 851 006c 03       		.uleb128 0x3
 852 006d 0E       		.uleb128 0xe
 853 006e 3A       		.uleb128 0x3a
 854 006f 0B       		.uleb128 0xb
 855 0070 3B       		.uleb128 0x3b
 856 0071 0B       		.uleb128 0xb
 857 0072 49       		.uleb128 0x49
 858 0073 13       		.uleb128 0x13
 859 0074 3C       		.uleb128 0x3c
 860 0075 19       		.uleb128 0x19
 861 0076 01       		.uleb128 0x1
 862 0077 13       		.uleb128 0x13
 863 0078 00       		.byte	0
 864 0079 00       		.byte	0
 865 007a 0A       		.uleb128 0xa
 866 007b 18       		.uleb128 0x18
 867 007c 00       		.byte	0
 868 007d 00       		.byte	0
 869 007e 00       		.byte	0
 870 007f 0B       		.uleb128 0xb
 871 0080 898201   		.uleb128 0x4109
 872 0083 00       		.byte	0
 873 0084 11       		.uleb128 0x11
 874 0085 01       		.uleb128 0x1
 875 0086 31       		.uleb128 0x31
 876 0087 13       		.uleb128 0x13
 877 0088 00       		.byte	0
 878 0089 00       		.byte	0
 879 008a 0C       		.uleb128 0xc
 880 008b 05       		.uleb128 0x5
 881 008c 00       		.byte	0
 882 008d 03       		.uleb128 0x3
 883 008e 0E       		.uleb128 0xe
 884 008f 3A       		.uleb128 0x3a
 885 0090 0B       		.uleb128 0xb
 886 0091 3B       		.uleb128 0x3b
 887 0092 0B       		.uleb128 0xb
 888 0093 49       		.uleb128 0x49
 889 0094 13       		.uleb128 0x13
 890 0095 02       		.uleb128 0x2
 891 0096 18       		.uleb128 0x18
 892 0097 00       		.byte	0
 893 0098 00       		.byte	0
 894 0099 0D       		.uleb128 0xd
 895 009a 34       		.uleb128 0x34
ARM GAS  C:\Users\rbhar\AppData\Local\Temp\ccQFnYNx.s 			page 24


 896 009b 00       		.byte	0
 897 009c 03       		.uleb128 0x3
 898 009d 0E       		.uleb128 0xe
 899 009e 3A       		.uleb128 0x3a
 900 009f 0B       		.uleb128 0xb
 901 00a0 3B       		.uleb128 0x3b
 902 00a1 0B       		.uleb128 0xb
 903 00a2 49       		.uleb128 0x49
 904 00a3 13       		.uleb128 0x13
 905 00a4 02       		.uleb128 0x2
 906 00a5 18       		.uleb128 0x18
 907 00a6 00       		.byte	0
 908 00a7 00       		.byte	0
 909 00a8 0E       		.uleb128 0xe
 910 00a9 2E       		.uleb128 0x2e
 911 00aa 01       		.byte	0x1
 912 00ab 3F       		.uleb128 0x3f
 913 00ac 19       		.uleb128 0x19
 914 00ad 03       		.uleb128 0x3
 915 00ae 0E       		.uleb128 0xe
 916 00af 3A       		.uleb128 0x3a
 917 00b0 0B       		.uleb128 0xb
 918 00b1 3B       		.uleb128 0x3b
 919 00b2 0B       		.uleb128 0xb
 920 00b3 27       		.uleb128 0x27
 921 00b4 19       		.uleb128 0x19
 922 00b5 49       		.uleb128 0x49
 923 00b6 13       		.uleb128 0x13
 924 00b7 11       		.uleb128 0x11
 925 00b8 01       		.uleb128 0x1
 926 00b9 12       		.uleb128 0x12
 927 00ba 06       		.uleb128 0x6
 928 00bb 40       		.uleb128 0x40
 929 00bc 18       		.uleb128 0x18
 930 00bd 9742     		.uleb128 0x2117
 931 00bf 19       		.uleb128 0x19
 932 00c0 01       		.uleb128 0x1
 933 00c1 13       		.uleb128 0x13
 934 00c2 00       		.byte	0
 935 00c3 00       		.byte	0
 936 00c4 0F       		.uleb128 0xf
 937 00c5 2E       		.uleb128 0x2e
 938 00c6 01       		.byte	0x1
 939 00c7 3F       		.uleb128 0x3f
 940 00c8 19       		.uleb128 0x19
 941 00c9 03       		.uleb128 0x3
 942 00ca 0E       		.uleb128 0xe
 943 00cb 3A       		.uleb128 0x3a
 944 00cc 0B       		.uleb128 0xb
 945 00cd 3B       		.uleb128 0x3b
 946 00ce 05       		.uleb128 0x5
 947 00cf 27       		.uleb128 0x27
 948 00d0 19       		.uleb128 0x19
 949 00d1 11       		.uleb128 0x11
 950 00d2 01       		.uleb128 0x1
 951 00d3 12       		.uleb128 0x12
 952 00d4 06       		.uleb128 0x6
ARM GAS  C:\Users\rbhar\AppData\Local\Temp\ccQFnYNx.s 			page 25


 953 00d5 40       		.uleb128 0x40
 954 00d6 18       		.uleb128 0x18
 955 00d7 9742     		.uleb128 0x2117
 956 00d9 19       		.uleb128 0x19
 957 00da 01       		.uleb128 0x1
 958 00db 13       		.uleb128 0x13
 959 00dc 00       		.byte	0
 960 00dd 00       		.byte	0
 961 00de 10       		.uleb128 0x10
 962 00df 05       		.uleb128 0x5
 963 00e0 00       		.byte	0
 964 00e1 03       		.uleb128 0x3
 965 00e2 0E       		.uleb128 0xe
 966 00e3 3A       		.uleb128 0x3a
 967 00e4 0B       		.uleb128 0xb
 968 00e5 3B       		.uleb128 0x3b
 969 00e6 05       		.uleb128 0x5
 970 00e7 49       		.uleb128 0x49
 971 00e8 13       		.uleb128 0x13
 972 00e9 02       		.uleb128 0x2
 973 00ea 17       		.uleb128 0x17
 974 00eb 00       		.byte	0
 975 00ec 00       		.byte	0
 976 00ed 11       		.uleb128 0x11
 977 00ee 2E       		.uleb128 0x2e
 978 00ef 01       		.byte	0x1
 979 00f0 3F       		.uleb128 0x3f
 980 00f1 19       		.uleb128 0x19
 981 00f2 03       		.uleb128 0x3
 982 00f3 0E       		.uleb128 0xe
 983 00f4 3A       		.uleb128 0x3a
 984 00f5 0B       		.uleb128 0xb
 985 00f6 3B       		.uleb128 0x3b
 986 00f7 05       		.uleb128 0x5
 987 00f8 27       		.uleb128 0x27
 988 00f9 19       		.uleb128 0x19
 989 00fa 49       		.uleb128 0x49
 990 00fb 13       		.uleb128 0x13
 991 00fc 11       		.uleb128 0x11
 992 00fd 01       		.uleb128 0x1
 993 00fe 12       		.uleb128 0x12
 994 00ff 06       		.uleb128 0x6
 995 0100 40       		.uleb128 0x40
 996 0101 18       		.uleb128 0x18
 997 0102 9742     		.uleb128 0x2117
 998 0104 19       		.uleb128 0x19
 999 0105 01       		.uleb128 0x1
 1000 0106 13       		.uleb128 0x13
 1001 0107 00       		.byte	0
 1002 0108 00       		.byte	0
 1003 0109 12       		.uleb128 0x12
 1004 010a 34       		.uleb128 0x34
 1005 010b 00       		.byte	0
 1006 010c 03       		.uleb128 0x3
 1007 010d 0E       		.uleb128 0xe
 1008 010e 3A       		.uleb128 0x3a
 1009 010f 0B       		.uleb128 0xb
ARM GAS  C:\Users\rbhar\AppData\Local\Temp\ccQFnYNx.s 			page 26


 1010 0110 3B       		.uleb128 0x3b
 1011 0111 05       		.uleb128 0x5
 1012 0112 49       		.uleb128 0x49
 1013 0113 13       		.uleb128 0x13
 1014 0114 02       		.uleb128 0x2
 1015 0115 17       		.uleb128 0x17
 1016 0116 00       		.byte	0
 1017 0117 00       		.byte	0
 1018 0118 13       		.uleb128 0x13
 1019 0119 2E       		.uleb128 0x2e
 1020 011a 00       		.byte	0
 1021 011b 3F       		.uleb128 0x3f
 1022 011c 19       		.uleb128 0x19
 1023 011d 03       		.uleb128 0x3
 1024 011e 0E       		.uleb128 0xe
 1025 011f 3A       		.uleb128 0x3a
 1026 0120 0B       		.uleb128 0xb
 1027 0121 3B       		.uleb128 0x3b
 1028 0122 05       		.uleb128 0x5
 1029 0123 27       		.uleb128 0x27
 1030 0124 19       		.uleb128 0x19
 1031 0125 11       		.uleb128 0x11
 1032 0126 01       		.uleb128 0x1
 1033 0127 12       		.uleb128 0x12
 1034 0128 06       		.uleb128 0x6
 1035 0129 40       		.uleb128 0x40
 1036 012a 18       		.uleb128 0x18
 1037 012b 9742     		.uleb128 0x2117
 1038 012d 19       		.uleb128 0x19
 1039 012e 00       		.byte	0
 1040 012f 00       		.byte	0
 1041 0130 14       		.uleb128 0x14
 1042 0131 2E       		.uleb128 0x2e
 1043 0132 00       		.byte	0
 1044 0133 3F       		.uleb128 0x3f
 1045 0134 19       		.uleb128 0x19
 1046 0135 03       		.uleb128 0x3
 1047 0136 0E       		.uleb128 0xe
 1048 0137 3A       		.uleb128 0x3a
 1049 0138 0B       		.uleb128 0xb
 1050 0139 3B       		.uleb128 0x3b
 1051 013a 05       		.uleb128 0x5
 1052 013b 27       		.uleb128 0x27
 1053 013c 19       		.uleb128 0x19
 1054 013d 49       		.uleb128 0x49
 1055 013e 13       		.uleb128 0x13
 1056 013f 11       		.uleb128 0x11
 1057 0140 01       		.uleb128 0x1
 1058 0141 12       		.uleb128 0x12
 1059 0142 06       		.uleb128 0x6
 1060 0143 40       		.uleb128 0x40
 1061 0144 18       		.uleb128 0x18
 1062 0145 9742     		.uleb128 0x2117
 1063 0147 19       		.uleb128 0x19
 1064 0148 00       		.byte	0
 1065 0149 00       		.byte	0
 1066 014a 15       		.uleb128 0x15
ARM GAS  C:\Users\rbhar\AppData\Local\Temp\ccQFnYNx.s 			page 27


 1067 014b 898201   		.uleb128 0x4109
 1068 014e 01       		.byte	0x1
 1069 014f 11       		.uleb128 0x11
 1070 0150 01       		.uleb128 0x1
 1071 0151 31       		.uleb128 0x31
 1072 0152 13       		.uleb128 0x13
 1073 0153 01       		.uleb128 0x1
 1074 0154 13       		.uleb128 0x13
 1075 0155 00       		.byte	0
 1076 0156 00       		.byte	0
 1077 0157 16       		.uleb128 0x16
 1078 0158 8A8201   		.uleb128 0x410a
 1079 015b 00       		.byte	0
 1080 015c 02       		.uleb128 0x2
 1081 015d 18       		.uleb128 0x18
 1082 015e 9142     		.uleb128 0x2111
 1083 0160 18       		.uleb128 0x18
 1084 0161 00       		.byte	0
 1085 0162 00       		.byte	0
 1086 0163 17       		.uleb128 0x17
 1087 0164 05       		.uleb128 0x5
 1088 0165 00       		.byte	0
 1089 0166 03       		.uleb128 0x3
 1090 0167 0E       		.uleb128 0xe
 1091 0168 3A       		.uleb128 0x3a
 1092 0169 0B       		.uleb128 0xb
 1093 016a 3B       		.uleb128 0x3b
 1094 016b 0B       		.uleb128 0xb
 1095 016c 49       		.uleb128 0x49
 1096 016d 13       		.uleb128 0x13
 1097 016e 02       		.uleb128 0x2
 1098 016f 17       		.uleb128 0x17
 1099 0170 00       		.byte	0
 1100 0171 00       		.byte	0
 1101 0172 18       		.uleb128 0x18
 1102 0173 2E       		.uleb128 0x2e
 1103 0174 00       		.byte	0
 1104 0175 3F       		.uleb128 0x3f
 1105 0176 19       		.uleb128 0x19
 1106 0177 3C       		.uleb128 0x3c
 1107 0178 19       		.uleb128 0x19
 1108 0179 6E       		.uleb128 0x6e
 1109 017a 0E       		.uleb128 0xe
 1110 017b 03       		.uleb128 0x3
 1111 017c 0E       		.uleb128 0xe
 1112 017d 3A       		.uleb128 0x3a
 1113 017e 0B       		.uleb128 0xb
 1114 017f 3B       		.uleb128 0x3b
 1115 0180 0B       		.uleb128 0xb
 1116 0181 00       		.byte	0
 1117 0182 00       		.byte	0
 1118 0183 00       		.byte	0
 1119              		.section	.debug_loc,"",%progbits
 1120              	.Ldebug_loc0:
 1121              	.LLST0:
 1122 0000 00000000 		.4byte	.LVL4
 1123 0004 02000000 		.4byte	.LVL5
ARM GAS  C:\Users\rbhar\AppData\Local\Temp\ccQFnYNx.s 			page 28


 1124 0008 0100     		.2byte	0x1
 1125 000a 50       		.byte	0x50
 1126 000b 02000000 		.4byte	.LVL5
 1127 000f 10000000 		.4byte	.LFE6
 1128 0013 0400     		.2byte	0x4
 1129 0015 F3       		.byte	0xf3
 1130 0016 01       		.uleb128 0x1
 1131 0017 50       		.byte	0x50
 1132 0018 9F       		.byte	0x9f
 1133 0019 00000000 		.4byte	0
 1134 001d 00000000 		.4byte	0
 1135              	.LLST1:
 1136 0021 04000000 		.4byte	.LVL6
 1137 0025 06000000 		.4byte	.LVL7
 1138 0029 0500     		.2byte	0x5
 1139 002b 70       		.byte	0x70
 1140 002c 00       		.sleb128 0
 1141 002d 35       		.byte	0x35
 1142 002e 25       		.byte	0x25
 1143 002f 9F       		.byte	0x9f
 1144 0030 00000000 		.4byte	0
 1145 0034 00000000 		.4byte	0
 1146              	.LLST2:
 1147 0038 00000000 		.4byte	.LVL12
 1148 003c 07000000 		.4byte	.LVL13-1
 1149 0040 0100     		.2byte	0x1
 1150 0042 50       		.byte	0x50
 1151 0043 07000000 		.4byte	.LVL13-1
 1152 0047 1A000000 		.4byte	.LFE1
 1153 004b 0100     		.2byte	0x1
 1154 004d 54       		.byte	0x54
 1155 004e 00000000 		.4byte	0
 1156 0052 00000000 		.4byte	0
 1157              		.section	.debug_aranges,"",%progbits
 1158 0000 7C000000 		.4byte	0x7c
 1159 0004 0200     		.2byte	0x2
 1160 0006 00000000 		.4byte	.Ldebug_info0
 1161 000a 04       		.byte	0x4
 1162 000b 00       		.byte	0
 1163 000c 0000     		.2byte	0
 1164 000e 0000     		.2byte	0
 1165 0010 00000000 		.4byte	.LFB3
 1166 0014 08000000 		.4byte	.LFE3-.LFB3
 1167 0018 00000000 		.4byte	.LFB4
 1168 001c 0C000000 		.4byte	.LFE4-.LFB4
 1169 0020 00000000 		.4byte	.LFB5
 1170 0024 0C000000 		.4byte	.LFE5-.LFB5
 1171 0028 00000000 		.4byte	.LFB6
 1172 002c 10000000 		.4byte	.LFE6-.LFB6
 1173 0030 00000000 		.4byte	.LFB7
 1174 0034 0C000000 		.4byte	.LFE7-.LFB7
 1175 0038 00000000 		.4byte	.LFB8
 1176 003c 0C000000 		.4byte	.LFE8-.LFB8
 1177 0040 00000000 		.4byte	.LFB9
 1178 0044 18000000 		.4byte	.LFE9-.LFB9
 1179 0048 00000000 		.4byte	.LFB10
 1180 004c 0C000000 		.4byte	.LFE10-.LFB10
ARM GAS  C:\Users\rbhar\AppData\Local\Temp\ccQFnYNx.s 			page 29


 1181 0050 00000000 		.4byte	.LFB0
 1182 0054 1C000000 		.4byte	.LFE0-.LFB0
 1183 0058 00000000 		.4byte	.LFB1
 1184 005c 1A000000 		.4byte	.LFE1-.LFB1
 1185 0060 00000000 		.4byte	.LFB2
 1186 0064 14000000 		.4byte	.LFE2-.LFB2
 1187 0068 00000000 		.4byte	.LFB11
 1188 006c 0C000000 		.4byte	.LFE11-.LFB11
 1189 0070 00000000 		.4byte	.LFB12
 1190 0074 0C000000 		.4byte	.LFE12-.LFB12
 1191 0078 00000000 		.4byte	0
 1192 007c 00000000 		.4byte	0
 1193              		.section	.debug_ranges,"",%progbits
 1194              	.Ldebug_ranges0:
 1195 0000 00000000 		.4byte	.LFB3
 1196 0004 08000000 		.4byte	.LFE3
 1197 0008 00000000 		.4byte	.LFB4
 1198 000c 0C000000 		.4byte	.LFE4
 1199 0010 00000000 		.4byte	.LFB5
 1200 0014 0C000000 		.4byte	.LFE5
 1201 0018 00000000 		.4byte	.LFB6
 1202 001c 10000000 		.4byte	.LFE6
 1203 0020 00000000 		.4byte	.LFB7
 1204 0024 0C000000 		.4byte	.LFE7
 1205 0028 00000000 		.4byte	.LFB8
 1206 002c 0C000000 		.4byte	.LFE8
 1207 0030 00000000 		.4byte	.LFB9
 1208 0034 18000000 		.4byte	.LFE9
 1209 0038 00000000 		.4byte	.LFB10
 1210 003c 0C000000 		.4byte	.LFE10
 1211 0040 00000000 		.4byte	.LFB0
 1212 0044 1C000000 		.4byte	.LFE0
 1213 0048 00000000 		.4byte	.LFB1
 1214 004c 1A000000 		.4byte	.LFE1
 1215 0050 00000000 		.4byte	.LFB2
 1216 0054 14000000 		.4byte	.LFE2
 1217 0058 00000000 		.4byte	.LFB11
 1218 005c 0C000000 		.4byte	.LFE11
 1219 0060 00000000 		.4byte	.LFB12
 1220 0064 0C000000 		.4byte	.LFE12
 1221 0068 00000000 		.4byte	0
 1222 006c 00000000 		.4byte	0
 1223              		.section	.debug_line,"",%progbits
 1224              	.Ldebug_line0:
 1225 0000 35010000 		.section	.debug_str,"MS",%progbits,1
 1225      02004800 
 1225      00000201 
 1225      FB0E0D00 
 1225      01010101 
 1226              	.LASF35:
 1227 0000 47656E65 		.ascii	"Generated_Source\\PSoC5\\ISR_Button3.c\000"
 1227      72617465 
 1227      645F536F 
 1227      75726365 
 1227      5C50536F 
 1228              	.LASF17:
 1229 0025 72656733 		.ascii	"reg32\000"
ARM GAS  C:\Users\rbhar\AppData\Local\Temp\ccQFnYNx.s 			page 30


 1229      3200
 1230              	.LASF37:
 1231 002b 4953525F 		.ascii	"ISR_Button3_Callback\000"
 1231      42757474 
 1231      6F6E335F 
 1231      43616C6C 
 1231      6261636B 
 1232              	.LASF33:
 1233 0040 4953525F 		.ascii	"ISR_Button3_ClearPending\000"
 1233      42757474 
 1233      6F6E335F 
 1233      436C6561 
 1233      7250656E 
 1234              	.LASF32:
 1235 0059 4953525F 		.ascii	"ISR_Button3_SetPending\000"
 1235      42757474 
 1235      6F6E335F 
 1235      53657450 
 1235      656E6469 
 1236              	.LASF20:
 1237 0070 4953525F 		.ascii	"ISR_Button3_SetVector\000"
 1237      42757474 
 1237      6F6E335F 
 1237      53657456 
 1237      6563746F 
 1238              	.LASF36:
 1239 0086 443A5C48 		.ascii	"D:\\HDA\\Pre-Semester\\2_Microcontroller\\LabWorksp"
 1239      44415C50 
 1239      72652D53 
 1239      656D6573 
 1239      7465725C 
 1240 00b5 6163655C 		.ascii	"ace\\LabMicrocontroller\\ReactionGame.cydsn\000"
 1240      4C61624D 
 1240      6963726F 
 1240      636F6E74 
 1240      726F6C6C 
 1241              	.LASF14:
 1242 00df 666C6F61 		.ascii	"float\000"
 1242      7400
 1243              	.LASF31:
 1244 00e5 4953525F 		.ascii	"ISR_Button3_Stop\000"
 1244      42757474 
 1244      6F6E335F 
 1244      53746F70 
 1244      00
 1245              	.LASF4:
 1246 00f6 756E7369 		.ascii	"unsigned char\000"
 1246      676E6564 
 1246      20636861 
 1246      7200
 1247              	.LASF34:
 1248 0104 474E5520 		.ascii	"GNU C11 5.4.1 20160609 (release) [ARM/embedded-5-br"
 1248      43313120 
 1248      352E342E 
 1248      31203230 
 1248      31363036 
 1249 0137 616E6368 		.ascii	"anch revision 237715] -mcpu=cortex-m3 -mthumb -g -O"
ARM GAS  C:\Users\rbhar\AppData\Local\Temp\ccQFnYNx.s 			page 31


 1249      20726576 
 1249      6973696F 
 1249      6E203233 
 1249      37373135 
 1250 016a 67202D66 		.ascii	"g -ffunction-sections -ffat-lto-objects\000"
 1250      66756E63 
 1250      74696F6E 
 1250      2D736563 
 1250      74696F6E 
 1251              	.LASF16:
 1252 0192 72656738 		.ascii	"reg8\000"
 1252      00
 1253              	.LASF8:
 1254 0197 6C6F6E67 		.ascii	"long unsigned int\000"
 1254      20756E73 
 1254      69676E65 
 1254      6420696E 
 1254      7400
 1255              	.LASF12:
 1256 01a9 75696E74 		.ascii	"uint8\000"
 1256      3800
 1257              	.LASF29:
 1258 01af 4953525F 		.ascii	"ISR_Button3_Start\000"
 1258      42757474 
 1258      6F6E335F 
 1258      53746172 
 1258      7400
 1259              	.LASF24:
 1260 01c1 7072696F 		.ascii	"priority\000"
 1260      72697479 
 1260      00
 1261              	.LASF30:
 1262 01ca 4953525F 		.ascii	"ISR_Button3_StartEx\000"
 1262      42757474 
 1262      6F6E335F 
 1262      53746172 
 1262      74457800 
 1263              	.LASF15:
 1264 01de 646F7562 		.ascii	"double\000"
 1264      6C6500
 1265              	.LASF26:
 1266 01e5 4953525F 		.ascii	"ISR_Button3_GetPriority\000"
 1266      42757474 
 1266      6F6E335F 
 1266      47657450 
 1266      72696F72 
 1267              	.LASF13:
 1268 01fd 75696E74 		.ascii	"uint32\000"
 1268      333200
 1269              	.LASF0:
 1270 0204 756E7369 		.ascii	"unsigned int\000"
 1270      676E6564 
 1270      20696E74 
 1270      00
 1271              	.LASF23:
 1272 0211 61646472 		.ascii	"address\000"
 1272      65737300 
ARM GAS  C:\Users\rbhar\AppData\Local\Temp\ccQFnYNx.s 			page 32


 1273              	.LASF9:
 1274 0219 6C6F6E67 		.ascii	"long long unsigned int\000"
 1274      206C6F6E 
 1274      6720756E 
 1274      7369676E 
 1274      65642069 
 1275              	.LASF28:
 1276 0230 4953525F 		.ascii	"ISR_Button3_Disable\000"
 1276      42757474 
 1276      6F6E335F 
 1276      44697361 
 1276      626C6500 
 1277              	.LASF18:
 1278 0244 63796973 		.ascii	"cyisraddress\000"
 1278      72616464 
 1278      72657373 
 1278      00
 1279              	.LASF27:
 1280 0251 4953525F 		.ascii	"ISR_Button3_Enable\000"
 1280      42757474 
 1280      6F6E335F 
 1280      456E6162 
 1280      6C6500
 1281              	.LASF10:
 1282 0264 73697A65 		.ascii	"sizetype\000"
 1282      74797065 
 1282      00
 1283              	.LASF1:
 1284 026d 6C6F6E67 		.ascii	"long long int\000"
 1284      206C6F6E 
 1284      6720696E 
 1284      7400
 1285              	.LASF11:
 1286 027b 63686172 		.ascii	"char\000"
 1286      00
 1287              	.LASF21:
 1288 0280 72616D56 		.ascii	"ramVectorTable\000"
 1288      6563746F 
 1288      72546162 
 1288      6C6500
 1289              	.LASF19:
 1290 028f 4953525F 		.ascii	"ISR_Button3_Interrupt\000"
 1290      42757474 
 1290      6F6E335F 
 1290      496E7465 
 1290      72727570 
 1291              	.LASF22:
 1292 02a5 4953525F 		.ascii	"ISR_Button3_SetPriority\000"
 1292      42757474 
 1292      6F6E335F 
 1292      53657450 
 1292      72696F72 
 1293              	.LASF25:
 1294 02bd 4953525F 		.ascii	"ISR_Button3_GetVector\000"
 1294      42757474 
 1294      6F6E335F 
 1294      47657456 
ARM GAS  C:\Users\rbhar\AppData\Local\Temp\ccQFnYNx.s 			page 33


 1294      6563746F 
 1295              	.LASF5:
 1296 02d3 73686F72 		.ascii	"short int\000"
 1296      7420696E 
 1296      7400
 1297              	.LASF38:
 1298 02dd 4953525F 		.ascii	"ISR_Button3_GetState\000"
 1298      42757474 
 1298      6F6E335F 
 1298      47657453 
 1298      74617465 
 1299              	.LASF7:
 1300 02f2 6C6F6E67 		.ascii	"long int\000"
 1300      20696E74 
 1300      00
 1301              	.LASF2:
 1302 02fb 6C6F6E67 		.ascii	"long double\000"
 1302      20646F75 
 1302      626C6500 
 1303              	.LASF3:
 1304 0307 7369676E 		.ascii	"signed char\000"
 1304      65642063 
 1304      68617200 
 1305              	.LASF6:
 1306 0313 73686F72 		.ascii	"short unsigned int\000"
 1306      7420756E 
 1306      7369676E 
 1306      65642069 
 1306      6E7400
 1307              		.ident	"GCC: (GNU Tools for ARM Embedded Processors) 5.4.1 20160609 (release) [ARM/embedded-5-bran
