ARM GAS  C:\Users\rbhar\AppData\Local\Temp\cccQBccb.s 			page 1


   1              		.syntax unified
   2              		.cpu cortex-m3
   3              		.fpu softvfp
   4              		.eabi_attribute 20, 1
   5              		.eabi_attribute 21, 1
   6              		.eabi_attribute 23, 3
   7              		.eabi_attribute 24, 1
   8              		.eabi_attribute 25, 1
   9              		.eabi_attribute 26, 1
  10              		.eabi_attribute 30, 1
  11              		.eabi_attribute 34, 1
  12              		.eabi_attribute 18, 4
  13              		.thumb
  14              		.syntax unified
  15              		.file	"main.c"
  16              		.text
  17              	.Ltext0:
  18              		.cfi_sections	.debug_frame
  19              		.section	.text.main,"ax",%progbits
  20              		.align	2
  21              		.global	main
  22              		.thumb
  23              		.thumb_func
  24              		.type	main, %function
  25              	main:
  26              	.LFB63:
  27              		.file 1 "source\\asw\\main.c"
   1:source\asw/main.c **** /* ========================================
   2:source\asw/main.c ****  *
   3:source\asw/main.c ****  * Copyright YOUR COMPANY, THE YEAR
   4:source\asw/main.c ****  * All Rights Reserved
   5:source\asw/main.c ****  * UNPUBLISHED, LICENSED SOFTWARE.
   6:source\asw/main.c ****  *
   7:source\asw/main.c ****  * CONFIDENTIAL AND PROPRIETARY INFORMATION
   8:source\asw/main.c ****  * WHICH IS THE PROPERTY OF your company.
   9:source\asw/main.c ****  *
  10:source\asw/main.c ****  * ========================================
  11:source\asw/main.c **** */
  12:source\asw/main.c **** #include "project.h"
  13:source\asw/main.c **** #include "global.h"
  14:source\asw/main.c **** #include "ISR_Button1.h"
  15:source\asw/main.c **** #include "ISR_Button2.h"
  16:source\asw/main.c **** #include "ISR_Button3.h"
  17:source\asw/main.c **** #include "ISR_Button4.h"
  18:source\asw/main.c **** #include "seven.h"
  19:source\asw/main.c **** #include "UART_1.h"
  20:source\asw/main.c **** #include "SYStick.h"
  21:source\asw/main.c **** #include "ISR_SYStick.h"
  22:source\asw/main.c **** #include "ReactionGame.h"
  23:source\asw/main.c **** 
  24:source\asw/main.c **** int main(void)
  25:source\asw/main.c **** {
  28              		.loc 1 25 0
  29              		.cfi_startproc
  30              		@ Volatile: function does not return.
  31              		@ args = 0, pretend = 0, frame = 0
  32              		@ frame_needed = 0, uses_anonymous_args = 0
ARM GAS  C:\Users\rbhar\AppData\Local\Temp\cccQBccb.s 			page 2


  33 0000 08B5     		push	{r3, lr}
  34              		.cfi_def_cfa_offset 8
  35              		.cfi_offset 3, -8
  36              		.cfi_offset 14, -4
  26:source\asw/main.c ****     CyGlobalIntEnable; /* Enable global interrupts. */
  37              		.loc 1 26 0
  38              		.syntax unified
  39              	@ 26 "source\asw\main.c" 1
  40 0002 62B6     		CPSIE   i
  41              	@ 0 "" 2
  27:source\asw/main.c **** 
  28:source\asw/main.c ****     /* Place your initialization/startup code here (e.g. MyInst_Start()) */
  29:source\asw/main.c ****     ISR_Button1_Start();
  42              		.loc 1 29 0
  43              		.thumb
  44              		.syntax unified
  45 0004 FFF7FEFF 		bl	ISR_Button1_Start
  46              	.LVL0:
  30:source\asw/main.c ****     ISR_Button2_Start();
  47              		.loc 1 30 0
  48 0008 FFF7FEFF 		bl	ISR_Button2_Start
  49              	.LVL1:
  31:source\asw/main.c ****     ISR_Button3_Start();
  50              		.loc 1 31 0
  51 000c FFF7FEFF 		bl	ISR_Button3_Start
  52              	.LVL2:
  32:source\asw/main.c ****     ISR_Button4_Start();
  53              		.loc 1 32 0
  54 0010 FFF7FEFF 		bl	ISR_Button4_Start
  55              	.LVL3:
  33:source\asw/main.c ****     SEVEN_init();
  56              		.loc 1 33 0
  57 0014 FFF7FEFF 		bl	SEVEN_init
  58              	.LVL4:
  34:source\asw/main.c ****     UART_1_Start();
  59              		.loc 1 34 0
  60 0018 FFF7FEFF 		bl	UART_1_Start
  61              	.LVL5:
  35:source\asw/main.c ****     ISR_SYStick_Start();
  62              		.loc 1 35 0
  63 001c FFF7FEFF 		bl	ISR_SYStick_Start
  64              	.LVL6:
  36:source\asw/main.c ****     SYStick_Start();
  65              		.loc 1 36 0
  66 0020 FFF7FEFF 		bl	SYStick_Start
  67              	.LVL7:
  68              	.L2:
  37:source\asw/main.c ****     
  38:source\asw/main.c ****     for(;;)
  39:source\asw/main.c ****     {
  40:source\asw/main.c ****         ReactionGameRun();
  69              		.loc 1 40 0 discriminator 1
  70 0024 FFF7FEFF 		bl	ReactionGameRun
  71              	.LVL8:
  72 0028 FCE7     		b	.L2
  73              		.cfi_endproc
  74              	.LFE63:
ARM GAS  C:\Users\rbhar\AppData\Local\Temp\cccQBccb.s 			page 3


  75              		.size	main, .-main
  76 002a 00BF     		.text
  77              	.Letext0:
  78              		.file 2 "c:\\program files (x86)\\cypress\\psoc creator\\4.2\\psoc creator\\import\\gnu\\arm\\5.4.
  79              		.file 3 "c:\\program files (x86)\\cypress\\psoc creator\\4.2\\psoc creator\\import\\gnu\\arm\\5.4.
  80              		.file 4 "Generated_Source\\PSoC5/ISR_Button1.h"
  81              		.file 5 "Generated_Source\\PSoC5/ISR_Button2.h"
  82              		.file 6 "Generated_Source\\PSoC5/ISR_Button3.h"
  83              		.file 7 "Generated_Source\\PSoC5/ISR_Button4.h"
  84              		.file 8 ".\\source\\bsw/seven.h"
  85              		.file 9 "Generated_Source\\PSoC5/UART_1.h"
  86              		.file 10 "Generated_Source\\PSoC5/ISR_SYStick.h"
  87              		.file 11 "Generated_Source\\PSoC5/SYStick.h"
  88              		.file 12 "source\\asw\\ReactionGame.h"
  89              		.file 13 "Generated_Source\\PSoC5/core_cm3.h"
  90              		.section	.debug_info,"",%progbits
  91              	.Ldebug_info0:
  92 0000 80010000 		.4byte	0x180
  93 0004 0400     		.2byte	0x4
  94 0006 00000000 		.4byte	.Ldebug_abbrev0
  95 000a 04       		.byte	0x4
  96 000b 01       		.uleb128 0x1
  97 000c C5000000 		.4byte	.LASF25
  98 0010 0C       		.byte	0xc
  99 0011 16020000 		.4byte	.LASF26
 100 0015 46000000 		.4byte	.LASF27
 101 0019 00000000 		.4byte	.Ldebug_ranges0+0
 102 001d 00000000 		.4byte	0
 103 0021 00000000 		.4byte	.Ldebug_line0
 104 0025 02       		.uleb128 0x2
 105 0026 01       		.byte	0x1
 106 0027 06       		.byte	0x6
 107 0028 4C020000 		.4byte	.LASF0
 108 002c 02       		.uleb128 0x2
 109 002d 01       		.byte	0x1
 110 002e 08       		.byte	0x8
 111 002f B7000000 		.4byte	.LASF1
 112 0033 02       		.uleb128 0x2
 113 0034 02       		.byte	0x2
 114 0035 05       		.byte	0x5
 115 0036 2D020000 		.4byte	.LASF2
 116 003a 02       		.uleb128 0x2
 117 003b 02       		.byte	0x2
 118 003c 07       		.byte	0x7
 119 003d 65010000 		.4byte	.LASF3
 120 0041 03       		.uleb128 0x3
 121 0042 0D000000 		.4byte	.LASF9
 122 0046 02       		.byte	0x2
 123 0047 3F       		.byte	0x3f
 124 0048 4C000000 		.4byte	0x4c
 125 004c 02       		.uleb128 0x2
 126 004d 04       		.byte	0x4
 127 004e 05       		.byte	0x5
 128 004f 37020000 		.4byte	.LASF4
 129 0053 02       		.uleb128 0x2
 130 0054 04       		.byte	0x4
 131 0055 07       		.byte	0x7
ARM GAS  C:\Users\rbhar\AppData\Local\Temp\cccQBccb.s 			page 4


 132 0056 53010000 		.4byte	.LASF5
 133 005a 02       		.uleb128 0x2
 134 005b 08       		.byte	0x8
 135 005c 05       		.byte	0x5
 136 005d 08020000 		.4byte	.LASF6
 137 0061 02       		.uleb128 0x2
 138 0062 08       		.byte	0x8
 139 0063 07       		.byte	0x7
 140 0064 E0010000 		.4byte	.LASF7
 141 0068 04       		.uleb128 0x4
 142 0069 04       		.byte	0x4
 143 006a 05       		.byte	0x5
 144 006b 696E7400 		.ascii	"int\000"
 145 006f 02       		.uleb128 0x2
 146 0070 04       		.byte	0x4
 147 0071 07       		.byte	0x7
 148 0072 C5010000 		.4byte	.LASF8
 149 0076 03       		.uleb128 0x3
 150 0077 F7010000 		.4byte	.LASF10
 151 007b 03       		.byte	0x3
 152 007c 2C       		.byte	0x2c
 153 007d 41000000 		.4byte	0x41
 154 0081 02       		.uleb128 0x2
 155 0082 04       		.byte	0x4
 156 0083 04       		.byte	0x4
 157 0084 9F000000 		.4byte	.LASF11
 158 0088 02       		.uleb128 0x2
 159 0089 08       		.byte	0x8
 160 008a 04       		.byte	0x4
 161 008b 97010000 		.4byte	.LASF12
 162 008f 02       		.uleb128 0x2
 163 0090 01       		.byte	0x1
 164 0091 08       		.byte	0x8
 165 0092 28020000 		.4byte	.LASF13
 166 0096 02       		.uleb128 0x2
 167 0097 08       		.byte	0x8
 168 0098 04       		.byte	0x4
 169 0099 40020000 		.4byte	.LASF14
 170 009d 02       		.uleb128 0x2
 171 009e 04       		.byte	0x4
 172 009f 07       		.byte	0x7
 173 00a0 FF010000 		.4byte	.LASF15
 174 00a4 05       		.uleb128 0x5
 175 00a5 B0010000 		.4byte	.LASF28
 176 00a9 01       		.byte	0x1
 177 00aa 18       		.byte	0x18
 178 00ab 68000000 		.4byte	0x68
 179 00af 00000000 		.4byte	.LFB63
 180 00b3 2A000000 		.4byte	.LFE63-.LFB63
 181 00b7 01       		.uleb128 0x1
 182 00b8 9C       		.byte	0x9c
 183 00b9 0F010000 		.4byte	0x10f
 184 00bd 06       		.uleb128 0x6
 185 00be 08000000 		.4byte	.LVL0
 186 00c2 20010000 		.4byte	0x120
 187 00c6 06       		.uleb128 0x6
 188 00c7 0C000000 		.4byte	.LVL1
ARM GAS  C:\Users\rbhar\AppData\Local\Temp\cccQBccb.s 			page 5


 189 00cb 2B010000 		.4byte	0x12b
 190 00cf 06       		.uleb128 0x6
 191 00d0 10000000 		.4byte	.LVL2
 192 00d4 36010000 		.4byte	0x136
 193 00d8 06       		.uleb128 0x6
 194 00d9 14000000 		.4byte	.LVL3
 195 00dd 41010000 		.4byte	0x141
 196 00e1 06       		.uleb128 0x6
 197 00e2 18000000 		.4byte	.LVL4
 198 00e6 4C010000 		.4byte	0x14c
 199 00ea 06       		.uleb128 0x6
 200 00eb 1C000000 		.4byte	.LVL5
 201 00ef 57010000 		.4byte	0x157
 202 00f3 06       		.uleb128 0x6
 203 00f4 20000000 		.4byte	.LVL6
 204 00f8 62010000 		.4byte	0x162
 205 00fc 06       		.uleb128 0x6
 206 00fd 24000000 		.4byte	.LVL7
 207 0101 6D010000 		.4byte	0x16d
 208 0105 06       		.uleb128 0x6
 209 0106 28000000 		.4byte	.LVL8
 210 010a 78010000 		.4byte	0x178
 211 010e 00       		.byte	0
 212 010f 07       		.uleb128 0x7
 213 0110 8A010000 		.4byte	.LASF29
 214 0114 0D       		.byte	0xd
 215 0115 1207     		.2byte	0x712
 216 0117 1B010000 		.4byte	0x11b
 217 011b 08       		.uleb128 0x8
 218 011c 76000000 		.4byte	0x76
 219 0120 09       		.uleb128 0x9
 220 0121 22000000 		.4byte	.LASF16
 221 0125 22000000 		.4byte	.LASF16
 222 0129 04       		.byte	0x4
 223 012a 17       		.byte	0x17
 224 012b 09       		.uleb128 0x9
 225 012c A5000000 		.4byte	.LASF17
 226 0130 A5000000 		.4byte	.LASF17
 227 0134 05       		.byte	0x5
 228 0135 17       		.byte	0x17
 229 0136 09       		.uleb128 0x9
 230 0137 78010000 		.4byte	.LASF18
 231 013b 78010000 		.4byte	.LASF18
 232 013f 06       		.byte	0x6
 233 0140 17       		.byte	0x17
 234 0141 09       		.uleb128 0x9
 235 0142 9E010000 		.4byte	.LASF19
 236 0146 9E010000 		.4byte	.LASF19
 237 014a 07       		.byte	0x7
 238 014b 17       		.byte	0x17
 239 014c 09       		.uleb128 0x9
 240 014d 17000000 		.4byte	.LASF20
 241 0151 17000000 		.4byte	.LASF20
 242 0155 08       		.byte	0x8
 243 0156 80       		.byte	0x80
 244 0157 09       		.uleb128 0x9
 245 0158 00000000 		.4byte	.LASF21
ARM GAS  C:\Users\rbhar\AppData\Local\Temp\cccQBccb.s 			page 6


 246 015c 00000000 		.4byte	.LASF21
 247 0160 09       		.byte	0x9
 248 0161 54       		.byte	0x54
 249 0162 09       		.uleb128 0x9
 250 0163 34000000 		.4byte	.LASF22
 251 0167 34000000 		.4byte	.LASF22
 252 016b 0A       		.byte	0xa
 253 016c 17       		.byte	0x17
 254 016d 09       		.uleb128 0x9
 255 016e D2010000 		.4byte	.LASF23
 256 0172 D2010000 		.4byte	.LASF23
 257 0176 0B       		.byte	0xb
 258 0177 5A       		.byte	0x5a
 259 0178 09       		.uleb128 0x9
 260 0179 B5010000 		.4byte	.LASF24
 261 017d B5010000 		.4byte	.LASF24
 262 0181 0C       		.byte	0xc
 263 0182 70       		.byte	0x70
 264 0183 00       		.byte	0
 265              		.section	.debug_abbrev,"",%progbits
 266              	.Ldebug_abbrev0:
 267 0000 01       		.uleb128 0x1
 268 0001 11       		.uleb128 0x11
 269 0002 01       		.byte	0x1
 270 0003 25       		.uleb128 0x25
 271 0004 0E       		.uleb128 0xe
 272 0005 13       		.uleb128 0x13
 273 0006 0B       		.uleb128 0xb
 274 0007 03       		.uleb128 0x3
 275 0008 0E       		.uleb128 0xe
 276 0009 1B       		.uleb128 0x1b
 277 000a 0E       		.uleb128 0xe
 278 000b 55       		.uleb128 0x55
 279 000c 17       		.uleb128 0x17
 280 000d 11       		.uleb128 0x11
 281 000e 01       		.uleb128 0x1
 282 000f 10       		.uleb128 0x10
 283 0010 17       		.uleb128 0x17
 284 0011 00       		.byte	0
 285 0012 00       		.byte	0
 286 0013 02       		.uleb128 0x2
 287 0014 24       		.uleb128 0x24
 288 0015 00       		.byte	0
 289 0016 0B       		.uleb128 0xb
 290 0017 0B       		.uleb128 0xb
 291 0018 3E       		.uleb128 0x3e
 292 0019 0B       		.uleb128 0xb
 293 001a 03       		.uleb128 0x3
 294 001b 0E       		.uleb128 0xe
 295 001c 00       		.byte	0
 296 001d 00       		.byte	0
 297 001e 03       		.uleb128 0x3
 298 001f 16       		.uleb128 0x16
 299 0020 00       		.byte	0
 300 0021 03       		.uleb128 0x3
 301 0022 0E       		.uleb128 0xe
 302 0023 3A       		.uleb128 0x3a
ARM GAS  C:\Users\rbhar\AppData\Local\Temp\cccQBccb.s 			page 7


 303 0024 0B       		.uleb128 0xb
 304 0025 3B       		.uleb128 0x3b
 305 0026 0B       		.uleb128 0xb
 306 0027 49       		.uleb128 0x49
 307 0028 13       		.uleb128 0x13
 308 0029 00       		.byte	0
 309 002a 00       		.byte	0
 310 002b 04       		.uleb128 0x4
 311 002c 24       		.uleb128 0x24
 312 002d 00       		.byte	0
 313 002e 0B       		.uleb128 0xb
 314 002f 0B       		.uleb128 0xb
 315 0030 3E       		.uleb128 0x3e
 316 0031 0B       		.uleb128 0xb
 317 0032 03       		.uleb128 0x3
 318 0033 08       		.uleb128 0x8
 319 0034 00       		.byte	0
 320 0035 00       		.byte	0
 321 0036 05       		.uleb128 0x5
 322 0037 2E       		.uleb128 0x2e
 323 0038 01       		.byte	0x1
 324 0039 3F       		.uleb128 0x3f
 325 003a 19       		.uleb128 0x19
 326 003b 03       		.uleb128 0x3
 327 003c 0E       		.uleb128 0xe
 328 003d 3A       		.uleb128 0x3a
 329 003e 0B       		.uleb128 0xb
 330 003f 3B       		.uleb128 0x3b
 331 0040 0B       		.uleb128 0xb
 332 0041 27       		.uleb128 0x27
 333 0042 19       		.uleb128 0x19
 334 0043 49       		.uleb128 0x49
 335 0044 13       		.uleb128 0x13
 336 0045 8701     		.uleb128 0x87
 337 0047 19       		.uleb128 0x19
 338 0048 11       		.uleb128 0x11
 339 0049 01       		.uleb128 0x1
 340 004a 12       		.uleb128 0x12
 341 004b 06       		.uleb128 0x6
 342 004c 40       		.uleb128 0x40
 343 004d 18       		.uleb128 0x18
 344 004e 9742     		.uleb128 0x2117
 345 0050 19       		.uleb128 0x19
 346 0051 01       		.uleb128 0x1
 347 0052 13       		.uleb128 0x13
 348 0053 00       		.byte	0
 349 0054 00       		.byte	0
 350 0055 06       		.uleb128 0x6
 351 0056 898201   		.uleb128 0x4109
 352 0059 00       		.byte	0
 353 005a 11       		.uleb128 0x11
 354 005b 01       		.uleb128 0x1
 355 005c 31       		.uleb128 0x31
 356 005d 13       		.uleb128 0x13
 357 005e 00       		.byte	0
 358 005f 00       		.byte	0
 359 0060 07       		.uleb128 0x7
ARM GAS  C:\Users\rbhar\AppData\Local\Temp\cccQBccb.s 			page 8


 360 0061 34       		.uleb128 0x34
 361 0062 00       		.byte	0
 362 0063 03       		.uleb128 0x3
 363 0064 0E       		.uleb128 0xe
 364 0065 3A       		.uleb128 0x3a
 365 0066 0B       		.uleb128 0xb
 366 0067 3B       		.uleb128 0x3b
 367 0068 05       		.uleb128 0x5
 368 0069 49       		.uleb128 0x49
 369 006a 13       		.uleb128 0x13
 370 006b 3F       		.uleb128 0x3f
 371 006c 19       		.uleb128 0x19
 372 006d 3C       		.uleb128 0x3c
 373 006e 19       		.uleb128 0x19
 374 006f 00       		.byte	0
 375 0070 00       		.byte	0
 376 0071 08       		.uleb128 0x8
 377 0072 35       		.uleb128 0x35
 378 0073 00       		.byte	0
 379 0074 49       		.uleb128 0x49
 380 0075 13       		.uleb128 0x13
 381 0076 00       		.byte	0
 382 0077 00       		.byte	0
 383 0078 09       		.uleb128 0x9
 384 0079 2E       		.uleb128 0x2e
 385 007a 00       		.byte	0
 386 007b 3F       		.uleb128 0x3f
 387 007c 19       		.uleb128 0x19
 388 007d 3C       		.uleb128 0x3c
 389 007e 19       		.uleb128 0x19
 390 007f 6E       		.uleb128 0x6e
 391 0080 0E       		.uleb128 0xe
 392 0081 03       		.uleb128 0x3
 393 0082 0E       		.uleb128 0xe
 394 0083 3A       		.uleb128 0x3a
 395 0084 0B       		.uleb128 0xb
 396 0085 3B       		.uleb128 0x3b
 397 0086 0B       		.uleb128 0xb
 398 0087 00       		.byte	0
 399 0088 00       		.byte	0
 400 0089 00       		.byte	0
 401              		.section	.debug_aranges,"",%progbits
 402 0000 1C000000 		.4byte	0x1c
 403 0004 0200     		.2byte	0x2
 404 0006 00000000 		.4byte	.Ldebug_info0
 405 000a 04       		.byte	0x4
 406 000b 00       		.byte	0
 407 000c 0000     		.2byte	0
 408 000e 0000     		.2byte	0
 409 0010 00000000 		.4byte	.LFB63
 410 0014 2A000000 		.4byte	.LFE63-.LFB63
 411 0018 00000000 		.4byte	0
 412 001c 00000000 		.4byte	0
 413              		.section	.debug_ranges,"",%progbits
 414              	.Ldebug_ranges0:
 415 0000 00000000 		.4byte	.LFB63
 416 0004 2A000000 		.4byte	.LFE63
ARM GAS  C:\Users\rbhar\AppData\Local\Temp\cccQBccb.s 			page 9


 417 0008 00000000 		.4byte	0
 418 000c 00000000 		.4byte	0
 419              		.section	.debug_line,"",%progbits
 420              	.Ldebug_line0:
 421 0000 05020000 		.section	.debug_str,"MS",%progbits,1
 421      0200E201 
 421      00000201 
 421      FB0E0D00 
 421      01010101 
 422              	.LASF21:
 423 0000 55415254 		.ascii	"UART_1_Start\000"
 423      5F315F53 
 423      74617274 
 423      00
 424              	.LASF9:
 425 000d 5F5F696E 		.ascii	"__int32_t\000"
 425      7433325F 
 425      7400
 426              	.LASF20:
 427 0017 53455645 		.ascii	"SEVEN_init\000"
 427      4E5F696E 
 427      697400
 428              	.LASF16:
 429 0022 4953525F 		.ascii	"ISR_Button1_Start\000"
 429      42757474 
 429      6F6E315F 
 429      53746172 
 429      7400
 430              	.LASF22:
 431 0034 4953525F 		.ascii	"ISR_SYStick_Start\000"
 431      53595374 
 431      69636B5F 
 431      53746172 
 431      7400
 432              	.LASF27:
 433 0046 443A5C48 		.ascii	"D:\\HDA\\Pre-Semester\\2_Microcontroller\\LabWorksp"
 433      44415C50 
 433      72652D53 
 433      656D6573 
 433      7465725C 
 434 0075 6163655C 		.ascii	"ace\\LabMicrocontroller\\ReactionGame.cydsn\000"
 434      4C61624D 
 434      6963726F 
 434      636F6E74 
 434      726F6C6C 
 435              	.LASF11:
 436 009f 666C6F61 		.ascii	"float\000"
 436      7400
 437              	.LASF17:
 438 00a5 4953525F 		.ascii	"ISR_Button2_Start\000"
 438      42757474 
 438      6F6E325F 
 438      53746172 
 438      7400
 439              	.LASF1:
 440 00b7 756E7369 		.ascii	"unsigned char\000"
 440      676E6564 
ARM GAS  C:\Users\rbhar\AppData\Local\Temp\cccQBccb.s 			page 10


 440      20636861 
 440      7200
 441              	.LASF25:
 442 00c5 474E5520 		.ascii	"GNU C11 5.4.1 20160609 (release) [ARM/embedded-5-br"
 442      43313120 
 442      352E342E 
 442      31203230 
 442      31363036 
 443 00f8 616E6368 		.ascii	"anch revision 237715] -mcpu=cortex-m3 -mthumb -g -O"
 443      20726576 
 443      6973696F 
 443      6E203233 
 443      37373135 
 444 012b 67202D66 		.ascii	"g -ffunction-sections -ffat-lto-objects\000"
 444      66756E63 
 444      74696F6E 
 444      2D736563 
 444      74696F6E 
 445              	.LASF5:
 446 0153 6C6F6E67 		.ascii	"long unsigned int\000"
 446      20756E73 
 446      69676E65 
 446      6420696E 
 446      7400
 447              	.LASF3:
 448 0165 73686F72 		.ascii	"short unsigned int\000"
 448      7420756E 
 448      7369676E 
 448      65642069 
 448      6E7400
 449              	.LASF18:
 450 0178 4953525F 		.ascii	"ISR_Button3_Start\000"
 450      42757474 
 450      6F6E335F 
 450      53746172 
 450      7400
 451              	.LASF29:
 452 018a 49544D5F 		.ascii	"ITM_RxBuffer\000"
 452      52784275 
 452      66666572 
 452      00
 453              	.LASF12:
 454 0197 646F7562 		.ascii	"double\000"
 454      6C6500
 455              	.LASF19:
 456 019e 4953525F 		.ascii	"ISR_Button4_Start\000"
 456      42757474 
 456      6F6E345F 
 456      53746172 
 456      7400
 457              	.LASF28:
 458 01b0 6D61696E 		.ascii	"main\000"
 458      00
 459              	.LASF24:
 460 01b5 52656163 		.ascii	"ReactionGameRun\000"
 460      74696F6E 
 460      47616D65 
ARM GAS  C:\Users\rbhar\AppData\Local\Temp\cccQBccb.s 			page 11


 460      52756E00 
 461              	.LASF8:
 462 01c5 756E7369 		.ascii	"unsigned int\000"
 462      676E6564 
 462      20696E74 
 462      00
 463              	.LASF23:
 464 01d2 53595374 		.ascii	"SYStick_Start\000"
 464      69636B5F 
 464      53746172 
 464      7400
 465              	.LASF7:
 466 01e0 6C6F6E67 		.ascii	"long long unsigned int\000"
 466      206C6F6E 
 466      6720756E 
 466      7369676E 
 466      65642069 
 467              	.LASF10:
 468 01f7 696E7433 		.ascii	"int32_t\000"
 468      325F7400 
 469              	.LASF15:
 470 01ff 73697A65 		.ascii	"sizetype\000"
 470      74797065 
 470      00
 471              	.LASF6:
 472 0208 6C6F6E67 		.ascii	"long long int\000"
 472      206C6F6E 
 472      6720696E 
 472      7400
 473              	.LASF26:
 474 0216 736F7572 		.ascii	"source\\asw\\main.c\000"
 474      63655C61 
 474      73775C6D 
 474      61696E2E 
 474      6300
 475              	.LASF13:
 476 0228 63686172 		.ascii	"char\000"
 476      00
 477              	.LASF2:
 478 022d 73686F72 		.ascii	"short int\000"
 478      7420696E 
 478      7400
 479              	.LASF4:
 480 0237 6C6F6E67 		.ascii	"long int\000"
 480      20696E74 
 480      00
 481              	.LASF14:
 482 0240 6C6F6E67 		.ascii	"long double\000"
 482      20646F75 
 482      626C6500 
 483              	.LASF0:
 484 024c 7369676E 		.ascii	"signed char\000"
 484      65642063 
 484      68617200 
 485              		.ident	"GCC: (GNU Tools for ARM Embedded Processors) 5.4.1 20160609 (release) [ARM/embedded-5-bran
