ARM GAS  C:\Users\rbhar\AppData\Local\Temp\cc0h7jsc.s 			page 1


   1              		.syntax unified
   2              		.cpu cortex-m3
   3              		.fpu softvfp
   4              		.eabi_attribute 20, 1
   5              		.eabi_attribute 21, 1
   6              		.eabi_attribute 23, 3
   7              		.eabi_attribute 24, 1
   8              		.eabi_attribute 25, 1
   9              		.eabi_attribute 26, 1
  10              		.eabi_attribute 30, 1
  11              		.eabi_attribute 34, 1
  12              		.eabi_attribute 18, 4
  13              		.thumb
  14              		.syntax unified
  15              		.file	"ReactionGame.c"
  16              		.text
  17              	.Ltext0:
  18              		.cfi_sections	.debug_frame
  19              		.section	.text.DisplayReactionResults,"ax",%progbits
  20              		.align	2
  21              		.thumb
  22              		.thumb_func
  23              		.type	DisplayReactionResults, %function
  24              	DisplayReactionResults:
  25              	.LFB67:
  26              		.file 1 "source\\asw\\ReactionGame.c"
   1:source\asw/ReactionGame.c **** /**
   2:source\asw/ReactionGame.c **** * \file <ReactionGame.c>
   3:source\asw/ReactionGame.c **** * \author <Bharath Ramachandraiah>
   4:source\asw/ReactionGame.c **** * \date <25/09/2018>
   5:source\asw/ReactionGame.c **** *
   6:source\asw/ReactionGame.c **** * \brief <Symbolic File name>
   7:source\asw/ReactionGame.c **** *
   8:source\asw/ReactionGame.c **** * \copyright Copyright ©2016
   9:source\asw/ReactionGame.c **** * Department of electrical engineering and information technology, Hochschule Darmstadt - Universit
  10:source\asw/ReactionGame.c **** * Permission to use, copy, modify, and distribute this software and its documentation for education
  11:source\asw/ReactionGame.c **** * (unless permitted by h_da) and official h_da projects, is hereby granted for enrolled students of
  12:source\asw/ReactionGame.c **** * this paragraph and the following paragraph appear in all copies, modifications, and distributions
  13:source\asw/ReactionGame.c **** * Contact Prof.Dr.-Ing. Peter Fromm, peter.fromm@h-da.de, Birkenweg 8 64295 Darmstadt - GERMANY for
  14:source\asw/ReactionGame.c **** *
  15:source\asw/ReactionGame.c **** * \warning This software is a PROTOTYPE version and is not designed or intended for use in producti
  16:source\asw/ReactionGame.c **** * The user represents and warrants that it will NOT use or redistribute the Software for such purpo
  17:source\asw/ReactionGame.c **** * This prototype is for research purposes only. This software is provided "AS IS," without a warran
  18:source\asw/ReactionGame.c **** */
  19:source\asw/ReactionGame.c **** 
  20:source\asw/ReactionGame.c **** /*****************************************************************************/
  21:source\asw/ReactionGame.c **** /* Include files                                                             */
  22:source\asw/ReactionGame.c **** /*****************************************************************************/
  23:source\asw/ReactionGame.c **** #include "global.h"
  24:source\asw/ReactionGame.c **** #include "console.h"
  25:source\asw/ReactionGame.c **** #include "Timer.h"
  26:source\asw/ReactionGame.c **** #include "seven.h"
  27:source\asw/ReactionGame.c **** #include "Button.h"
  28:source\asw/ReactionGame.c **** #include <stdlib.h>
  29:source\asw/ReactionGame.c **** 
  30:source\asw/ReactionGame.c **** /*****************************************************************************/
  31:source\asw/ReactionGame.c **** /* Local pre-processor symbols/macros ('#define')                            */
ARM GAS  C:\Users\rbhar\AppData\Local\Temp\cc0h7jsc.s 			page 2


  32:source\asw/ReactionGame.c **** /*****************************************************************************/
  33:source\asw/ReactionGame.c **** #define REACTIONGAME_TIMEOUT    1
  34:source\asw/ReactionGame.c **** #define MAX_RANDOM_TIME         3
  35:source\asw/ReactionGame.c **** #define MAX_RANDOM_NUMBER       2
  36:source\asw/ReactionGame.c **** #define NIBBLE_SHIFT            4
  37:source\asw/ReactionGame.c **** #define MASK_BIT0_BIT0          0x01
  38:source\asw/ReactionGame.c **** #define MASK_BIT1_BIT0          0x03
  39:source\asw/ReactionGame.c **** #define MASK_BIT2_BIT0          0x07
  40:source\asw/ReactionGame.c **** 
  41:source\asw/ReactionGame.c **** /*****************************************************************************/
  42:source\asw/ReactionGame.c **** /* Global variable definitions (declared in header file with 'extern')       */
  43:source\asw/ReactionGame.c **** /*****************************************************************************/
  44:source\asw/ReactionGame.c **** 
  45:source\asw/ReactionGame.c **** 
  46:source\asw/ReactionGame.c **** /*****************************************************************************/
  47:source\asw/ReactionGame.c **** /* Local type definitions ('typedef')                                        */
  48:source\asw/ReactionGame.c **** /*****************************************************************************/
  49:source\asw/ReactionGame.c **** enum eReactionStates
  50:source\asw/ReactionGame.c **** {
  51:source\asw/ReactionGame.c ****     REACTION_NO,
  52:source\asw/ReactionGame.c ****     REACTION_CORRECT,
  53:source\asw/ReactionGame.c ****     REACTION_WRONG,
  54:source\asw/ReactionGame.c **** };
  55:source\asw/ReactionGame.c **** 
  56:source\asw/ReactionGame.c **** enum eReactionStateTypes
  57:source\asw/ReactionGame.c **** {
  58:source\asw/ReactionGame.c ****     RG_START_BUTTON_PRESSED,
  59:source\asw/ReactionGame.c ****     RG_START_SCREEN,
  60:source\asw/ReactionGame.c ****     RG_GENERATE_RANDOM_DELAY,
  61:source\asw/ReactionGame.c ****     RG_GENERATE_RANDOM_NO_TO_DISPLAY,
  62:source\asw/ReactionGame.c ****     RG_UPDATE_SCREEN_WITH_RANDOM_NO,
  63:source\asw/ReactionGame.c ****     RG_ENABLE_KEY_INTERRUPTS,
  64:source\asw/ReactionGame.c ****     RG_START_REACTION_MEASUREMENT,
  65:source\asw/ReactionGame.c ****     RG_DISABLE_KEY_INTERRUPTS,
  66:source\asw/ReactionGame.c ****     RG_GET_REACTION_MEASUREMENT,
  67:source\asw/ReactionGame.c ****     RG_GET_BUTTON_PRESSED,
  68:source\asw/ReactionGame.c ****     RG_DISPLAY_RESULTS,
  69:source\asw/ReactionGame.c **** };
  70:source\asw/ReactionGame.c **** 
  71:source\asw/ReactionGame.c **** typedef enum eReactionStates eReactionStates_t;
  72:source\asw/ReactionGame.c **** typedef enum eReactionStateTypes eReactionStateTypes_t;
  73:source\asw/ReactionGame.c **** 
  74:source\asw/ReactionGame.c **** /*****************************************************************************/
  75:source\asw/ReactionGame.c **** /* Local variable definitions ('static')                                     */
  76:source\asw/ReactionGame.c **** /*****************************************************************************/
  77:source\asw/ReactionGame.c **** static uint32_t ReactionCorrectCounter = 0, ReactionWrongCounter = 0, ReactionNoCounter = 0;
  78:source\asw/ReactionGame.c **** static const char *PredefinedMessages[] = 
  79:source\asw/ReactionGame.c **** {
  80:source\asw/ReactionGame.c ****     "Missed ",
  81:source\asw/ReactionGame.c ****     "Correct",
  82:source\asw/ReactionGame.c ****     "Wrong  "
  83:source\asw/ReactionGame.c **** };
  84:source\asw/ReactionGame.c **** 
  85:source\asw/ReactionGame.c **** 
  86:source\asw/ReactionGame.c **** /*****************************************************************************/
  87:source\asw/ReactionGame.c **** /* Local function prototypes ('static')                                      */
  88:source\asw/ReactionGame.c **** /*****************************************************************************/
ARM GAS  C:\Users\rbhar\AppData\Local\Temp\cc0h7jsc.s 			page 3


  89:source\asw/ReactionGame.c **** 
  90:source\asw/ReactionGame.c **** 
  91:source\asw/ReactionGame.c **** /*****************************************************************************/
  92:source\asw/ReactionGame.c **** /* Function implementation - global ('extern') and local ('static')          */
  93:source\asw/ReactionGame.c **** /*****************************************************************************/
  94:source\asw/ReactionGame.c **** /**
  95:source\asw/ReactionGame.c ****  * A function to generate a random number.
  96:source\asw/ReactionGame.c ****  * @param uint8_t NumRange      : IN Maximum value of a random number
  97:source\asw/ReactionGame.c ****  * @return a random value.
  98:source\asw/ReactionGame.c ****  */
  99:source\asw/ReactionGame.c **** static uint8_t GetRandomNumber(uint8_t NumRange)
 100:source\asw/ReactionGame.c **** {
 101:source\asw/ReactionGame.c ****     uint32_t RandNum = 0;
 102:source\asw/ReactionGame.c ****     
 103:source\asw/ReactionGame.c ****     RandNum = rand();
 104:source\asw/ReactionGame.c **** 
 105:source\asw/ReactionGame.c ****     RandNum &= NumRange;
 106:source\asw/ReactionGame.c ****     
 107:source\asw/ReactionGame.c ****     return RandNum;
 108:source\asw/ReactionGame.c **** }
 109:source\asw/ReactionGame.c **** 
 110:source\asw/ReactionGame.c **** /**
 111:source\asw/ReactionGame.c ****  * A function to start the reaction time measurement and reset the button pressed.
 112:source\asw/ReactionGame.c ****  * @param void
 113:source\asw/ReactionGame.c ****  * @return timer is started to measure the reaction time.
 114:source\asw/ReactionGame.c ****  */
 115:source\asw/ReactionGame.c **** static void StartReactionMeasurement(void)
 116:source\asw/ReactionGame.c **** {
 117:source\asw/ReactionGame.c ****     StartTimerMeasurement();
 118:source\asw/ReactionGame.c ****     
 119:source\asw/ReactionGame.c ****     UpdateButtonPressed(BUTTON_UNPRESSED);
 120:source\asw/ReactionGame.c ****     
 121:source\asw/ReactionGame.c ****     return;
 122:source\asw/ReactionGame.c **** }
 123:source\asw/ReactionGame.c **** 
 124:source\asw/ReactionGame.c **** /**
 125:source\asw/ReactionGame.c ****  * A function to start the reaction time measurement and reset the button pressed.
 126:source\asw/ReactionGame.c ****  * @param void
 127:source\asw/ReactionGame.c ****  * @return timer is started to measure the reaction time.
 128:source\asw/ReactionGame.c ****  */
 129:source\asw/ReactionGame.c **** static uint32_t GetReactionMeasurement(eButtonPressStates_t *ButtonState)
 130:source\asw/ReactionGame.c **** {
 131:source\asw/ReactionGame.c ****     uint32_t MeasuredReactionTime = 0;
 132:source\asw/ReactionGame.c ****     
 133:source\asw/ReactionGame.c ****     MeasuredReactionTime = GetTimerMeasurement();
 134:source\asw/ReactionGame.c ****     *ButtonState = ReadCurrentButtonPressed();
 135:source\asw/ReactionGame.c ****     
 136:source\asw/ReactionGame.c ****     return MeasuredReactionTime;
 137:source\asw/ReactionGame.c **** }
 138:source\asw/ReactionGame.c ****    
 139:source\asw/ReactionGame.c **** /**
 140:source\asw/ReactionGame.c ****  * A function to check whether a button is pressed and validate it.
 141:source\asw/ReactionGame.c ****  * @param sint32_t Number                   : IN Number displayed
 142:source\asw/ReactionGame.c ****  * @param eButtonPressStates_t ButtonState  : IN Button pressed
 143:source\asw/ReactionGame.c ****  * @return validate the button check with the number displayed.
 144:source\asw/ReactionGame.c ****  */
 145:source\asw/ReactionGame.c **** static eReactionStates_t CheckButtonPressMatch(sint32_t Number, eButtonPressStates_t ButtonState)
ARM GAS  C:\Users\rbhar\AppData\Local\Temp\cc0h7jsc.s 			page 4


 146:source\asw/ReactionGame.c **** {
 147:source\asw/ReactionGame.c ****     eReactionStates_t result = REACTION_NO;
 148:source\asw/ReactionGame.c ****    
 149:source\asw/ReactionGame.c ****     if (ReadCurrentButtonPressed() == BUTTON_UNPRESSED)
 150:source\asw/ReactionGame.c ****     {
 151:source\asw/ReactionGame.c ****         result = REACTION_NO;
 152:source\asw/ReactionGame.c ****         ReactionNoCounter++;
 153:source\asw/ReactionGame.c ****     }
 154:source\asw/ReactionGame.c ****     else if (Number == ButtonState)
 155:source\asw/ReactionGame.c ****     {
 156:source\asw/ReactionGame.c ****         ReactionCorrectCounter++;
 157:source\asw/ReactionGame.c ****         result = REACTION_CORRECT;
 158:source\asw/ReactionGame.c ****     }
 159:source\asw/ReactionGame.c ****     else
 160:source\asw/ReactionGame.c ****     {
 161:source\asw/ReactionGame.c ****         ReactionWrongCounter++;
 162:source\asw/ReactionGame.c ****         result = REACTION_WRONG;
 163:source\asw/ReactionGame.c ****     }
 164:source\asw/ReactionGame.c ****     
 165:source\asw/ReactionGame.c ****     return result;
 166:source\asw/ReactionGame.c **** }
 167:source\asw/ReactionGame.c **** 
 168:source\asw/ReactionGame.c **** /**
 169:source\asw/ReactionGame.c ****  * A function to display the reaction results.
 170:source\asw/ReactionGame.c ****  * @param uint32_t MeasuredTime
 171:source\asw/ReactionGame.c ****  * @return the appropriate message is displayed.
 172:source\asw/ReactionGame.c ****  */
 173:source\asw/ReactionGame.c **** static void DisplayReactionResults(uint32_t MeasuredTime, eReactionStates_t ReactionIndex)
 174:source\asw/ReactionGame.c **** {
  27              		.loc 1 174 0
  28              		.cfi_startproc
  29              		@ args = 0, pretend = 0, frame = 0
  30              		@ frame_needed = 0, uses_anonymous_args = 0
  31              	.LVL0:
  32 0000 00B5     		push	{lr}
  33              		.cfi_def_cfa_offset 4
  34              		.cfi_offset 14, -4
  35 0002 85B0     		sub	sp, sp, #20
  36              		.cfi_def_cfa_offset 24
 175:source\asw/ReactionGame.c ****     PrintOnConsole(CONSOLE_MSG, "%s Button Press | The reaction time is %ums | Correct %u | Wrong %
  37              		.loc 1 175 0
  38 0004 084B     		ldr	r3, .L3
  39 0006 53F82120 		ldr	r2, [r3, r1, lsl #2]
  40 000a 084B     		ldr	r3, .L3+4
  41 000c 1968     		ldr	r1, [r3]
  42              	.LVL1:
  43 000e 0291     		str	r1, [sp, #8]
  44 0010 5968     		ldr	r1, [r3, #4]
  45 0012 0191     		str	r1, [sp, #4]
  46 0014 9B68     		ldr	r3, [r3, #8]
  47 0016 0093     		str	r3, [sp]
  48 0018 0346     		mov	r3, r0
  49 001a 0549     		ldr	r1, .L3+8
  50 001c 0020     		movs	r0, #0
  51              	.LVL2:
  52 001e FFF7FEFF 		bl	PrintOnConsole
  53              	.LVL3:
ARM GAS  C:\Users\rbhar\AppData\Local\Temp\cc0h7jsc.s 			page 5


 176:source\asw/ReactionGame.c ****         PredefinedMessages[ReactionIndex], MeasuredTime, ReactionCorrectCounter, ReactionWrongCount
 177:source\asw/ReactionGame.c ****     return;
 178:source\asw/ReactionGame.c **** }
  54              		.loc 1 178 0
  55 0022 05B0     		add	sp, sp, #20
  56              		.cfi_def_cfa_offset 4
  57              		@ sp needed
  58 0024 5DF804FB 		ldr	pc, [sp], #4
  59              	.L4:
  60              		.align	2
  61              	.L3:
  62 0028 00000000 		.word	.LANCHOR0
  63 002c 00000000 		.word	.LANCHOR1
  64 0030 00000000 		.word	.LC0
  65              		.cfi_endproc
  66              	.LFE67:
  67              		.size	DisplayReactionResults, .-DisplayReactionResults
  68              		.section	.text.CheckButtonPressMatch,"ax",%progbits
  69              		.align	2
  70              		.thumb
  71              		.thumb_func
  72              		.type	CheckButtonPressMatch, %function
  73              	CheckButtonPressMatch:
  74              	.LFB66:
 146:source\asw/ReactionGame.c ****     eReactionStates_t result = REACTION_NO;
  75              		.loc 1 146 0
  76              		.cfi_startproc
  77              		@ args = 0, pretend = 0, frame = 0
  78              		@ frame_needed = 0, uses_anonymous_args = 0
  79              	.LVL4:
  80 0000 38B5     		push	{r3, r4, r5, lr}
  81              		.cfi_def_cfa_offset 16
  82              		.cfi_offset 3, -16
  83              		.cfi_offset 4, -12
  84              		.cfi_offset 5, -8
  85              		.cfi_offset 14, -4
  86 0002 0446     		mov	r4, r0
  87 0004 0D46     		mov	r5, r1
  88              	.LVL5:
 149:source\asw/ReactionGame.c ****     {
  89              		.loc 1 149 0
  90 0006 FFF7FEFF 		bl	ReadCurrentButtonPressed
  91              	.LVL6:
  92 000a 20B9     		cbnz	r0, .L6
 152:source\asw/ReactionGame.c ****     }
  93              		.loc 1 152 0
  94 000c 094A     		ldr	r2, .L10
  95 000e 1368     		ldr	r3, [r2]
  96 0010 0133     		adds	r3, r3, #1
  97 0012 1360     		str	r3, [r2]
  98 0014 38BD     		pop	{r3, r4, r5, pc}
  99              	.LVL7:
 100              	.L6:
 154:source\asw/ReactionGame.c ****     {
 101              		.loc 1 154 0
 102 0016 A542     		cmp	r5, r4
 103 0018 05D1     		bne	.L8
ARM GAS  C:\Users\rbhar\AppData\Local\Temp\cc0h7jsc.s 			page 6


 156:source\asw/ReactionGame.c ****         result = REACTION_CORRECT;
 104              		.loc 1 156 0
 105 001a 064A     		ldr	r2, .L10
 106 001c 9368     		ldr	r3, [r2, #8]
 107 001e 0133     		adds	r3, r3, #1
 108 0020 9360     		str	r3, [r2, #8]
 109              	.LVL8:
 157:source\asw/ReactionGame.c ****     }
 110              		.loc 1 157 0
 111 0022 0120     		movs	r0, #1
 112 0024 38BD     		pop	{r3, r4, r5, pc}
 113              	.LVL9:
 114              	.L8:
 161:source\asw/ReactionGame.c ****         result = REACTION_WRONG;
 115              		.loc 1 161 0
 116 0026 034A     		ldr	r2, .L10
 117 0028 5368     		ldr	r3, [r2, #4]
 118 002a 0133     		adds	r3, r3, #1
 119 002c 5360     		str	r3, [r2, #4]
 120              	.LVL10:
 162:source\asw/ReactionGame.c ****     }
 121              		.loc 1 162 0
 122 002e 0220     		movs	r0, #2
 123              	.LVL11:
 166:source\asw/ReactionGame.c **** 
 124              		.loc 1 166 0
 125 0030 38BD     		pop	{r3, r4, r5, pc}
 126              	.LVL12:
 127              	.L11:
 128 0032 00BF     		.align	2
 129              	.L10:
 130 0034 00000000 		.word	.LANCHOR1
 131              		.cfi_endproc
 132              	.LFE66:
 133              		.size	CheckButtonPressMatch, .-CheckButtonPressMatch
 134              		.section	.text.GetRandomNumber,"ax",%progbits
 135              		.align	2
 136              		.thumb
 137              		.thumb_func
 138              		.type	GetRandomNumber, %function
 139              	GetRandomNumber:
 140              	.LFB63:
 100:source\asw/ReactionGame.c ****     uint32_t RandNum = 0;
 141              		.loc 1 100 0
 142              		.cfi_startproc
 143              		@ args = 0, pretend = 0, frame = 0
 144              		@ frame_needed = 0, uses_anonymous_args = 0
 145              	.LVL13:
 146 0000 10B5     		push	{r4, lr}
 147              		.cfi_def_cfa_offset 8
 148              		.cfi_offset 4, -8
 149              		.cfi_offset 14, -4
 150 0002 0446     		mov	r4, r0
 151              	.LVL14:
 103:source\asw/ReactionGame.c **** 
 152              		.loc 1 103 0
 153 0004 FFF7FEFF 		bl	rand
ARM GAS  C:\Users\rbhar\AppData\Local\Temp\cc0h7jsc.s 			page 7


 154              	.LVL15:
 108:source\asw/ReactionGame.c **** 
 155              		.loc 1 108 0
 156 0008 2040     		ands	r0, r0, r4
 157              	.LVL16:
 158 000a 10BD     		pop	{r4, pc}
 159              		.cfi_endproc
 160              	.LFE63:
 161              		.size	GetRandomNumber, .-GetRandomNumber
 162              		.section	.text.StartReactionMeasurement,"ax",%progbits
 163              		.align	2
 164              		.thumb
 165              		.thumb_func
 166              		.type	StartReactionMeasurement, %function
 167              	StartReactionMeasurement:
 168              	.LFB64:
 116:source\asw/ReactionGame.c ****     StartTimerMeasurement();
 169              		.loc 1 116 0
 170              		.cfi_startproc
 171              		@ args = 0, pretend = 0, frame = 0
 172              		@ frame_needed = 0, uses_anonymous_args = 0
 173 0000 08B5     		push	{r3, lr}
 174              		.cfi_def_cfa_offset 8
 175              		.cfi_offset 3, -8
 176              		.cfi_offset 14, -4
 117:source\asw/ReactionGame.c ****     
 177              		.loc 1 117 0
 178 0002 FFF7FEFF 		bl	StartTimerMeasurement
 179              	.LVL17:
 119:source\asw/ReactionGame.c ****     
 180              		.loc 1 119 0
 181 0006 0020     		movs	r0, #0
 182 0008 FFF7FEFF 		bl	UpdateButtonPressed
 183              	.LVL18:
 184 000c 08BD     		pop	{r3, pc}
 185              		.cfi_endproc
 186              	.LFE64:
 187              		.size	StartReactionMeasurement, .-StartReactionMeasurement
 188 000e 00BF     		.section	.text.GetReactionMeasurement,"ax",%progbits
 189              		.align	2
 190              		.thumb
 191              		.thumb_func
 192              		.type	GetReactionMeasurement, %function
 193              	GetReactionMeasurement:
 194              	.LFB65:
 130:source\asw/ReactionGame.c ****     uint32_t MeasuredReactionTime = 0;
 195              		.loc 1 130 0
 196              		.cfi_startproc
 197              		@ args = 0, pretend = 0, frame = 0
 198              		@ frame_needed = 0, uses_anonymous_args = 0
 199              	.LVL19:
 200 0000 38B5     		push	{r3, r4, r5, lr}
 201              		.cfi_def_cfa_offset 16
 202              		.cfi_offset 3, -16
 203              		.cfi_offset 4, -12
 204              		.cfi_offset 5, -8
 205              		.cfi_offset 14, -4
ARM GAS  C:\Users\rbhar\AppData\Local\Temp\cc0h7jsc.s 			page 8


 206 0002 0546     		mov	r5, r0
 207              	.LVL20:
 133:source\asw/ReactionGame.c ****     *ButtonState = ReadCurrentButtonPressed();
 208              		.loc 1 133 0
 209 0004 FFF7FEFF 		bl	GetTimerMeasurement
 210              	.LVL21:
 211 0008 0446     		mov	r4, r0
 212              	.LVL22:
 134:source\asw/ReactionGame.c ****     
 213              		.loc 1 134 0
 214 000a FFF7FEFF 		bl	ReadCurrentButtonPressed
 215              	.LVL23:
 216 000e 2870     		strb	r0, [r5]
 137:source\asw/ReactionGame.c ****    
 217              		.loc 1 137 0
 218 0010 2046     		mov	r0, r4
 219 0012 38BD     		pop	{r3, r4, r5, pc}
 220              		.cfi_endproc
 221              	.LFE65:
 222              		.size	GetReactionMeasurement, .-GetReactionMeasurement
 223              		.section	.text.ReactionGameRun,"ax",%progbits
 224              		.align	2
 225              		.global	ReactionGameRun
 226              		.thumb
 227              		.thumb_func
 228              		.type	ReactionGameRun, %function
 229              	ReactionGameRun:
 230              	.LFB68:
 179:source\asw/ReactionGame.c **** 
 180:source\asw/ReactionGame.c **** /**
 181:source\asw/ReactionGame.c ****  * A function starts the reaction game.
 182:source\asw/ReactionGame.c ****  * @param void
 183:source\asw/ReactionGame.c ****  * @return Starts the game.
 184:source\asw/ReactionGame.c ****  */
 185:source\asw/ReactionGame.c **** void ReactionGameRun(void)
 186:source\asw/ReactionGame.c **** {
 231              		.loc 1 186 0
 232              		.cfi_startproc
 233              		@ args = 0, pretend = 0, frame = 8
 234              		@ frame_needed = 0, uses_anonymous_args = 0
 235 0000 70B5     		push	{r4, r5, r6, lr}
 236              		.cfi_def_cfa_offset 16
 237              		.cfi_offset 4, -16
 238              		.cfi_offset 5, -12
 239              		.cfi_offset 6, -8
 240              		.cfi_offset 14, -4
 241 0002 82B0     		sub	sp, sp, #8
 242              		.cfi_def_cfa_offset 24
 187:source\asw/ReactionGame.c ****     eButtonPressStates_t ButtonState = BUTTON_UNPRESSED;
 243              		.loc 1 187 0
 244 0004 0024     		movs	r4, #0
 245 0006 8DF80740 		strb	r4, [sp, #7]
 246              	.LVL24:
 188:source\asw/ReactionGame.c ****     sint32_t RandNum = 0;
 189:source\asw/ReactionGame.c ****     uint32_t MeasuredTime = 0;
 190:source\asw/ReactionGame.c ****     eReactionStates_t ReactionButton = REACTION_NO;
 191:source\asw/ReactionGame.c ****     eReactionStateTypes_t RG_CurrentState = RG_START_BUTTON_PRESSED;
ARM GAS  C:\Users\rbhar\AppData\Local\Temp\cc0h7jsc.s 			page 9


 192:source\asw/ReactionGame.c ****     
 193:source\asw/ReactionGame.c ****     PrintOnConsole(CONSOLE_MSG, "Welcome to the Reaction Game\n\nPress a button to start...\n");
 247              		.loc 1 193 0
 248 000a 2C49     		ldr	r1, .L35
 249 000c 2046     		mov	r0, r4
 250 000e FFF7FEFF 		bl	PrintOnConsole
 251              	.LVL25:
 191:source\asw/ReactionGame.c ****     
 252              		.loc 1 191 0
 253 0012 2346     		mov	r3, r4
 190:source\asw/ReactionGame.c ****     eReactionStateTypes_t RG_CurrentState = RG_START_BUTTON_PRESSED;
 254              		.loc 1 190 0
 255 0014 2646     		mov	r6, r4
 189:source\asw/ReactionGame.c ****     eReactionStates_t ReactionButton = REACTION_NO;
 256              		.loc 1 189 0
 257 0016 2546     		mov	r5, r4
 258              	.LVL26:
 259              	.L20:
 194:source\asw/ReactionGame.c ****     
 195:source\asw/ReactionGame.c ****     do
 196:source\asw/ReactionGame.c ****     {
 197:source\asw/ReactionGame.c ****         switch (RG_CurrentState)
 260              		.loc 1 197 0
 261 0018 0A2B     		cmp	r3, #10
 262 001a FDD8     		bhi	.L20
 263 001c DFE803F0 		tbb	[pc, r3]
 264              	.L22:
 265 0020 06       		.byte	(.L21-.L22)/2
 266 0021 0C       		.byte	(.L23-.L22)/2
 267 0022 10       		.byte	(.L24-.L22)/2
 268 0023 19       		.byte	(.L25-.L22)/2
 269 0024 1F       		.byte	(.L26-.L22)/2
 270 0025 26       		.byte	(.L27-.L22)/2
 271 0026 2C       		.byte	(.L28-.L22)/2
 272 0027 33       		.byte	(.L29-.L22)/2
 273 0028 39       		.byte	(.L30-.L22)/2
 274 0029 40       		.byte	(.L31-.L22)/2
 275 002a 48       		.byte	(.L32-.L22)/2
 276              	.LVL27:
 277 002b 00       		.p2align 1
 278              	.L21:
 198:source\asw/ReactionGame.c ****         {
 199:source\asw/ReactionGame.c ****             case RG_START_BUTTON_PRESSED:
 200:source\asw/ReactionGame.c ****                 while (ReadCurrentButtonPressed() == BUTTON_UNPRESSED);
 279              		.loc 1 200 0 discriminator 1
 280 002c FFF7FEFF 		bl	ReadCurrentButtonPressed
 281              	.LVL28:
 282 0030 0028     		cmp	r0, #0
 283 0032 FBD0     		beq	.L21
 201:source\asw/ReactionGame.c ****                 RG_CurrentState = RG_START_SCREEN;
 284              		.loc 1 201 0
 285 0034 0123     		movs	r3, #1
 286 0036 EFE7     		b	.L20
 287              	.LVL29:
 288              	.L23:
 202:source\asw/ReactionGame.c ****             break;
 203:source\asw/ReactionGame.c ****             
ARM GAS  C:\Users\rbhar\AppData\Local\Temp\cc0h7jsc.s 			page 10


 204:source\asw/ReactionGame.c ****             case RG_START_SCREEN:
 205:source\asw/ReactionGame.c ****                 /* Clear the screen & button */
 206:source\asw/ReactionGame.c ****                 SEVEN_clear();
 289              		.loc 1 206 0
 290 0038 FFF7FEFF 		bl	SEVEN_clear
 291              	.LVL30:
 207:source\asw/ReactionGame.c ****                 RG_CurrentState = RG_GENERATE_RANDOM_DELAY;
 292              		.loc 1 207 0
 293 003c 0223     		movs	r3, #2
 208:source\asw/ReactionGame.c ****             break;
 294              		.loc 1 208 0
 295 003e EBE7     		b	.L20
 296              	.LVL31:
 297              	.L24:
 209:source\asw/ReactionGame.c ****                 
 210:source\asw/ReactionGame.c ****             case RG_GENERATE_RANDOM_DELAY:
 211:source\asw/ReactionGame.c ****                 /* Generate the random delay for blank screen */
 212:source\asw/ReactionGame.c ****                 RandNum = GetRandomNumber(MASK_BIT1_BIT0) + 1;        
 298              		.loc 1 212 0
 299 0040 0320     		movs	r0, #3
 300 0042 FFF7FEFF 		bl	GetRandomNumber
 301              	.LVL32:
 302 0046 441C     		adds	r4, r0, #1
 303              	.LVL33:
 213:source\asw/ReactionGame.c ****                 DelayGenerator(RandNum);
 304              		.loc 1 213 0
 305 0048 E0B2     		uxtb	r0, r4
 306 004a FFF7FEFF 		bl	DelayGenerator
 307              	.LVL34:
 214:source\asw/ReactionGame.c ****                 RG_CurrentState = RG_GENERATE_RANDOM_NO_TO_DISPLAY;
 308              		.loc 1 214 0
 309 004e 0323     		movs	r3, #3
 215:source\asw/ReactionGame.c ****             break;
 310              		.loc 1 215 0
 311 0050 E2E7     		b	.L20
 312              	.LVL35:
 313              	.L25:
 216:source\asw/ReactionGame.c ****                 
 217:source\asw/ReactionGame.c ****             case RG_GENERATE_RANDOM_NO_TO_DISPLAY:
 218:source\asw/ReactionGame.c ****                 /* Generate a random number to display - 0 or 1 is returned here */
 219:source\asw/ReactionGame.c ****                 RandNum = GetRandomNumber(MASK_BIT0_BIT0) + 1;
 314              		.loc 1 219 0
 315 0052 0120     		movs	r0, #1
 316 0054 FFF7FEFF 		bl	GetRandomNumber
 317              	.LVL36:
 318 0058 441C     		adds	r4, r0, #1
 319              	.LVL37:
 220:source\asw/ReactionGame.c ****                 RG_CurrentState = RG_UPDATE_SCREEN_WITH_RANDOM_NO;
 320              		.loc 1 220 0
 321 005a 0423     		movs	r3, #4
 221:source\asw/ReactionGame.c ****             break;
 322              		.loc 1 221 0
 323 005c DCE7     		b	.L20
 324              	.LVL38:
 325              	.L26:
 222:source\asw/ReactionGame.c ****                 
 223:source\asw/ReactionGame.c ****             case RG_UPDATE_SCREEN_WITH_RANDOM_NO:
ARM GAS  C:\Users\rbhar\AppData\Local\Temp\cc0h7jsc.s 			page 11


 224:source\asw/ReactionGame.c ****                 /* Update the screen with the random number */
 225:source\asw/ReactionGame.c ****                 SEVEN_Write(RandNum << NIBBLE_SHIFT | RandNum);
 326              		.loc 1 225 0
 327 005e 44EA0410 		orr	r0, r4, r4, lsl #4
 328 0062 C0B2     		uxtb	r0, r0
 329 0064 FFF7FEFF 		bl	SEVEN_Write
 330              	.LVL39:
 226:source\asw/ReactionGame.c ****                 RG_CurrentState = RG_ENABLE_KEY_INTERRUPTS;
 331              		.loc 1 226 0
 332 0068 0523     		movs	r3, #5
 227:source\asw/ReactionGame.c ****             break;
 333              		.loc 1 227 0
 334 006a D5E7     		b	.L20
 335              	.LVL40:
 336              	.L27:
 228:source\asw/ReactionGame.c ****                 
 229:source\asw/ReactionGame.c ****             case RG_ENABLE_KEY_INTERRUPTS:
 230:source\asw/ReactionGame.c ****                 /* Enable Interrupts */
 231:source\asw/ReactionGame.c ****                 ISR_Button3_Enable();
 337              		.loc 1 231 0
 338 006c FFF7FEFF 		bl	ISR_Button3_Enable
 339              	.LVL41:
 232:source\asw/ReactionGame.c ****                 ISR_Button4_Enable();
 340              		.loc 1 232 0
 341 0070 FFF7FEFF 		bl	ISR_Button4_Enable
 342              	.LVL42:
 233:source\asw/ReactionGame.c ****                 RG_CurrentState = RG_START_REACTION_MEASUREMENT;
 343              		.loc 1 233 0
 344 0074 0623     		movs	r3, #6
 234:source\asw/ReactionGame.c ****             break;
 345              		.loc 1 234 0
 346 0076 CFE7     		b	.L20
 347              	.LVL43:
 348              	.L28:
 235:source\asw/ReactionGame.c ****                 
 236:source\asw/ReactionGame.c ****             case RG_START_REACTION_MEASUREMENT:
 237:source\asw/ReactionGame.c ****                 StartReactionMeasurement();
 349              		.loc 1 237 0
 350 0078 FFF7FEFF 		bl	StartReactionMeasurement
 351              	.LVL44:
 238:source\asw/ReactionGame.c ****                 DelayGenerator(REACTIONGAME_TIMEOUT);
 352              		.loc 1 238 0
 353 007c 0120     		movs	r0, #1
 354 007e FFF7FEFF 		bl	DelayGenerator
 355              	.LVL45:
 239:source\asw/ReactionGame.c ****                 RG_CurrentState = RG_DISABLE_KEY_INTERRUPTS;
 356              		.loc 1 239 0
 357 0082 0723     		movs	r3, #7
 240:source\asw/ReactionGame.c ****             break;
 358              		.loc 1 240 0
 359 0084 C8E7     		b	.L20
 360              	.LVL46:
 361              	.L29:
 241:source\asw/ReactionGame.c ****                 
 242:source\asw/ReactionGame.c ****             case RG_DISABLE_KEY_INTERRUPTS:
 243:source\asw/ReactionGame.c ****                 /* Disable Interrupts */
 244:source\asw/ReactionGame.c ****                 ISR_Button3_Disable();
ARM GAS  C:\Users\rbhar\AppData\Local\Temp\cc0h7jsc.s 			page 12


 362              		.loc 1 244 0
 363 0086 FFF7FEFF 		bl	ISR_Button3_Disable
 364              	.LVL47:
 245:source\asw/ReactionGame.c ****                 ISR_Button4_Disable();
 365              		.loc 1 245 0
 366 008a FFF7FEFF 		bl	ISR_Button4_Disable
 367              	.LVL48:
 246:source\asw/ReactionGame.c ****                 RG_CurrentState = RG_GET_REACTION_MEASUREMENT;
 368              		.loc 1 246 0
 369 008e 0823     		movs	r3, #8
 247:source\asw/ReactionGame.c ****             break;
 370              		.loc 1 247 0
 371 0090 C2E7     		b	.L20
 372              	.LVL49:
 373              	.L30:
 248:source\asw/ReactionGame.c ****                 
 249:source\asw/ReactionGame.c ****             case RG_GET_REACTION_MEASUREMENT:
 250:source\asw/ReactionGame.c ****                 MeasuredTime = GetReactionMeasurement(&ButtonState);
 374              		.loc 1 250 0
 375 0092 0DF10700 		add	r0, sp, #7
 376 0096 FFF7FEFF 		bl	GetReactionMeasurement
 377              	.LVL50:
 378 009a 0546     		mov	r5, r0
 379              	.LVL51:
 251:source\asw/ReactionGame.c ****                 RG_CurrentState = RG_GET_BUTTON_PRESSED;
 380              		.loc 1 251 0
 381 009c 0923     		movs	r3, #9
 252:source\asw/ReactionGame.c ****             break;
 382              		.loc 1 252 0
 383 009e BBE7     		b	.L20
 384              	.LVL52:
 385              	.L31:
 253:source\asw/ReactionGame.c ****                 
 254:source\asw/ReactionGame.c ****             case RG_GET_BUTTON_PRESSED:
 255:source\asw/ReactionGame.c ****                 ReactionButton = CheckButtonPressMatch(RandNum, ButtonState);
 386              		.loc 1 255 0
 387 00a0 9DF80710 		ldrb	r1, [sp, #7]	@ zero_extendqisi2
 388 00a4 2046     		mov	r0, r4
 389 00a6 FFF7FEFF 		bl	CheckButtonPressMatch
 390              	.LVL53:
 391 00aa 0646     		mov	r6, r0
 392              	.LVL54:
 256:source\asw/ReactionGame.c ****                 RG_CurrentState = RG_DISPLAY_RESULTS;
 393              		.loc 1 256 0
 394 00ac 0A23     		movs	r3, #10
 257:source\asw/ReactionGame.c ****             break;
 395              		.loc 1 257 0
 396 00ae B3E7     		b	.L20
 397              	.LVL55:
 398              	.L32:
 258:source\asw/ReactionGame.c ****                 
 259:source\asw/ReactionGame.c ****             case RG_DISPLAY_RESULTS:
 260:source\asw/ReactionGame.c ****                 /* Display Information of reaction time */
 261:source\asw/ReactionGame.c ****                 DisplayReactionResults(MeasuredTime, ReactionButton);
 399              		.loc 1 261 0
 400 00b0 3146     		mov	r1, r6
 401 00b2 2846     		mov	r0, r5
ARM GAS  C:\Users\rbhar\AppData\Local\Temp\cc0h7jsc.s 			page 13


 402 00b4 FFF7FEFF 		bl	DisplayReactionResults
 403              	.LVL56:
 262:source\asw/ReactionGame.c ****                 RG_CurrentState = RG_START_SCREEN;
 404              		.loc 1 262 0
 405 00b8 0123     		movs	r3, #1
 263:source\asw/ReactionGame.c ****             break;
 406              		.loc 1 263 0
 407 00ba ADE7     		b	.L20
 408              	.L36:
 409              		.align	2
 410              	.L35:
 411 00bc 54000000 		.word	.LC1
 412              		.cfi_endproc
 413              	.LFE68:
 414              		.size	ReactionGameRun, .-ReactionGameRun
 415              		.section	.rodata
 416              		.align	2
 417              		.set	.LANCHOR0,. + 0
 418              		.type	PredefinedMessages, %object
 419              		.size	PredefinedMessages, 12
 420              	PredefinedMessages:
 421 0000 90000000 		.word	.LC2
 422 0004 98000000 		.word	.LC3
 423 0008 A0000000 		.word	.LC4
 424              		.section	.rodata.str1.4,"aMS",%progbits,1
 425              		.align	2
 426              	.LC0:
 427 0000 25732042 		.ascii	"%s Button Press | The reaction time is %ums | Corre"
 427      7574746F 
 427      6E205072 
 427      65737320 
 427      7C205468 
 428 0033 63742025 		.ascii	"ct %u | Wrong %u | Missed %u\012\000"
 428      75207C20 
 428      57726F6E 
 428      67202575 
 428      207C204D 
 429 0051 000000   		.space	3
 430              	.LC1:
 431 0054 57656C63 		.ascii	"Welcome to the Reaction Game\012\012Press a button "
 431      6F6D6520 
 431      746F2074 
 431      68652052 
 431      65616374 
 432 0081 746F2073 		.ascii	"to start...\012\000"
 432      74617274 
 432      2E2E2E0A 
 432      00
 433 008e 0000     		.space	2
 434              	.LC2:
 435 0090 4D697373 		.ascii	"Missed \000"
 435      65642000 
 436              	.LC3:
 437 0098 436F7272 		.ascii	"Correct\000"
 437      65637400 
 438              	.LC4:
 439 00a0 57726F6E 		.ascii	"Wrong  \000"
ARM GAS  C:\Users\rbhar\AppData\Local\Temp\cc0h7jsc.s 			page 14


 439      67202000 
 440              		.bss
 441              		.align	2
 442              		.set	.LANCHOR1,. + 0
 443              		.type	ReactionNoCounter, %object
 444              		.size	ReactionNoCounter, 4
 445              	ReactionNoCounter:
 446 0000 00000000 		.space	4
 447              		.type	ReactionWrongCounter, %object
 448              		.size	ReactionWrongCounter, 4
 449              	ReactionWrongCounter:
 450 0004 00000000 		.space	4
 451              		.type	ReactionCorrectCounter, %object
 452              		.size	ReactionCorrectCounter, 4
 453              	ReactionCorrectCounter:
 454 0008 00000000 		.space	4
 455              		.text
 456              	.Letext0:
 457              		.file 2 "c:\\program files (x86)\\cypress\\psoc creator\\4.2\\psoc creator\\import\\gnu\\arm\\5.4.
 458              		.file 3 "c:\\program files (x86)\\cypress\\psoc creator\\4.2\\psoc creator\\import\\gnu\\arm\\5.4.
 459              		.file 4 ".\\source\\bsw/global.h"
 460              		.file 5 ".\\source\\bsw/console.h"
 461              		.file 6 ".\\source\\bsw/Button.h"
 462              		.file 7 "c:\\program files (x86)\\cypress\\psoc creator\\4.2\\psoc creator\\import\\gnu\\arm\\5.4.
 463              		.file 8 ".\\source\\bsw/Timer.h"
 464              		.file 9 ".\\source\\bsw/seven.h"
 465              		.file 10 "Generated_Source\\PSoC5/ISR_Button3.h"
 466              		.file 11 "Generated_Source\\PSoC5/ISR_Button4.h"
 467              		.file 12 "Generated_Source\\PSoC5/core_cm3.h"
 468              		.section	.debug_info,"",%progbits
 469              	.Ldebug_info0:
 470 0000 8D050000 		.4byte	0x58d
 471 0004 0400     		.2byte	0x4
 472 0006 00000000 		.4byte	.Ldebug_abbrev0
 473 000a 04       		.byte	0x4
 474 000b 01       		.uleb128 0x1
 475 000c 35050000 		.4byte	.LASF83
 476 0010 0C       		.byte	0xc
 477 0011 0C000000 		.4byte	.LASF84
 478 0015 62020000 		.4byte	.LASF85
 479 0019 00000000 		.4byte	.Ldebug_ranges0+0
 480 001d 00000000 		.4byte	0
 481 0021 00000000 		.4byte	.Ldebug_line0
 482 0025 02       		.uleb128 0x2
 483 0026 01       		.byte	0x1
 484 0027 06       		.byte	0x6
 485 0028 2A030000 		.4byte	.LASF0
 486 002c 03       		.uleb128 0x3
 487 002d 42020000 		.4byte	.LASF4
 488 0031 02       		.byte	0x2
 489 0032 1D       		.byte	0x1d
 490 0033 37000000 		.4byte	0x37
 491 0037 02       		.uleb128 0x2
 492 0038 01       		.byte	0x1
 493 0039 08       		.byte	0x8
 494 003a 1C030000 		.4byte	.LASF1
 495 003e 02       		.uleb128 0x2
ARM GAS  C:\Users\rbhar\AppData\Local\Temp\cc0h7jsc.s 			page 15


 496 003f 02       		.byte	0x2
 497 0040 05       		.byte	0x5
 498 0041 95000000 		.4byte	.LASF2
 499 0045 02       		.uleb128 0x2
 500 0046 02       		.byte	0x2
 501 0047 07       		.byte	0x7
 502 0048 9B030000 		.4byte	.LASF3
 503 004c 03       		.uleb128 0x3
 504 004d 71040000 		.4byte	.LASF5
 505 0051 02       		.byte	0x2
 506 0052 3F       		.byte	0x3f
 507 0053 57000000 		.4byte	0x57
 508 0057 02       		.uleb128 0x2
 509 0058 04       		.byte	0x4
 510 0059 05       		.byte	0x5
 511 005a 39020000 		.4byte	.LASF6
 512 005e 03       		.uleb128 0x3
 513 005f F2000000 		.4byte	.LASF7
 514 0063 02       		.byte	0x2
 515 0064 41       		.byte	0x41
 516 0065 69000000 		.4byte	0x69
 517 0069 02       		.uleb128 0x2
 518 006a 04       		.byte	0x4
 519 006b 07       		.byte	0x7
 520 006c 15040000 		.4byte	.LASF8
 521 0070 02       		.uleb128 0x2
 522 0071 08       		.byte	0x8
 523 0072 05       		.byte	0x5
 524 0073 DC010000 		.4byte	.LASF9
 525 0077 02       		.uleb128 0x2
 526 0078 08       		.byte	0x8
 527 0079 07       		.byte	0x7
 528 007a 46030000 		.4byte	.LASF10
 529 007e 04       		.uleb128 0x4
 530 007f 04       		.byte	0x4
 531 0080 05       		.byte	0x5
 532 0081 696E7400 		.ascii	"int\000"
 533 0085 02       		.uleb128 0x2
 534 0086 04       		.byte	0x4
 535 0087 07       		.byte	0x7
 536 0088 66030000 		.4byte	.LASF11
 537 008c 03       		.uleb128 0x3
 538 008d 7B040000 		.4byte	.LASF12
 539 0091 03       		.byte	0x3
 540 0092 18       		.byte	0x18
 541 0093 2C000000 		.4byte	0x2c
 542 0097 03       		.uleb128 0x3
 543 0098 CA030000 		.4byte	.LASF13
 544 009c 03       		.byte	0x3
 545 009d 2C       		.byte	0x2c
 546 009e 4C000000 		.4byte	0x4c
 547 00a2 03       		.uleb128 0x3
 548 00a3 5D030000 		.4byte	.LASF14
 549 00a7 03       		.byte	0x3
 550 00a8 30       		.byte	0x30
 551 00a9 5E000000 		.4byte	0x5e
 552 00ad 02       		.uleb128 0x2
ARM GAS  C:\Users\rbhar\AppData\Local\Temp\cc0h7jsc.s 			page 16


 553 00ae 04       		.byte	0x4
 554 00af 04       		.byte	0x4
 555 00b0 C7010000 		.4byte	.LASF15
 556 00b4 02       		.uleb128 0x2
 557 00b5 08       		.byte	0x8
 558 00b6 04       		.byte	0x4
 559 00b7 27040000 		.4byte	.LASF16
 560 00bb 02       		.uleb128 0x2
 561 00bc 01       		.byte	0x1
 562 00bd 08       		.byte	0x8
 563 00be C5030000 		.4byte	.LASF17
 564 00c2 02       		.uleb128 0x2
 565 00c3 08       		.byte	0x8
 566 00c4 04       		.byte	0x4
 567 00c5 00000000 		.4byte	.LASF18
 568 00c9 02       		.uleb128 0x2
 569 00ca 04       		.byte	0x4
 570 00cb 07       		.byte	0x7
 571 00cc AE000000 		.4byte	.LASF19
 572 00d0 05       		.uleb128 0x5
 573 00d1 04       		.byte	0x4
 574 00d2 D6000000 		.4byte	0xd6
 575 00d6 06       		.uleb128 0x6
 576 00d7 BB000000 		.4byte	0xbb
 577 00db 03       		.uleb128 0x3
 578 00dc 08020000 		.4byte	.LASF20
 579 00e0 04       		.byte	0x4
 580 00e1 7A       		.byte	0x7a
 581 00e2 57000000 		.4byte	0x57
 582 00e6 07       		.uleb128 0x7
 583 00e7 84000000 		.4byte	.LASF24
 584 00eb 01       		.byte	0x1
 585 00ec 37000000 		.4byte	0x37
 586 00f0 05       		.byte	0x5
 587 00f1 56       		.byte	0x56
 588 00f2 09010000 		.4byte	0x109
 589 00f6 08       		.uleb128 0x8
 590 00f7 FE040000 		.4byte	.LASF21
 591 00fb 00       		.byte	0
 592 00fc 08       		.uleb128 0x8
 593 00fd EA010000 		.4byte	.LASF22
 594 0101 01       		.byte	0x1
 595 0102 08       		.uleb128 0x8
 596 0103 2B020000 		.4byte	.LASF23
 597 0107 02       		.byte	0x2
 598 0108 00       		.byte	0
 599 0109 07       		.uleb128 0x7
 600 010a E0020000 		.4byte	.LASF25
 601 010e 01       		.byte	0x1
 602 010f 37000000 		.4byte	0x37
 603 0113 06       		.byte	0x6
 604 0114 56       		.byte	0x56
 605 0115 3E010000 		.4byte	0x13e
 606 0119 08       		.uleb128 0x8
 607 011a 0B060000 		.4byte	.LASF26
 608 011e 00       		.byte	0
 609 011f 08       		.uleb128 0x8
ARM GAS  C:\Users\rbhar\AppData\Local\Temp\cc0h7jsc.s 			page 17


 610 0120 70010000 		.4byte	.LASF27
 611 0124 01       		.byte	0x1
 612 0125 08       		.uleb128 0x8
 613 0126 81010000 		.4byte	.LASF28
 614 012a 02       		.byte	0x2
 615 012b 08       		.uleb128 0x8
 616 012c C3050000 		.4byte	.LASF29
 617 0130 03       		.byte	0x3
 618 0131 08       		.uleb128 0x8
 619 0132 F7010000 		.4byte	.LASF30
 620 0136 04       		.byte	0x4
 621 0137 08       		.uleb128 0x8
 622 0138 B0010000 		.4byte	.LASF31
 623 013c 05       		.byte	0x5
 624 013d 00       		.byte	0
 625 013e 03       		.uleb128 0x3
 626 013f 20050000 		.4byte	.LASF32
 627 0143 06       		.byte	0x6
 628 0144 60       		.byte	0x60
 629 0145 09010000 		.4byte	0x109
 630 0149 07       		.uleb128 0x7
 631 014a F0030000 		.4byte	.LASF33
 632 014e 01       		.byte	0x1
 633 014f 37000000 		.4byte	0x37
 634 0153 01       		.byte	0x1
 635 0154 31       		.byte	0x31
 636 0155 6C010000 		.4byte	0x16c
 637 0159 08       		.uleb128 0x8
 638 015a E8050000 		.4byte	.LASF34
 639 015e 00       		.byte	0
 640 015f 08       		.uleb128 0x8
 641 0160 0B030000 		.4byte	.LASF35
 642 0164 01       		.byte	0x1
 643 0165 08       		.uleb128 0x8
 644 0166 9F000000 		.4byte	.LASF36
 645 016a 02       		.byte	0x2
 646 016b 00       		.byte	0
 647 016c 07       		.uleb128 0x7
 648 016d D4050000 		.4byte	.LASF37
 649 0171 01       		.byte	0x1
 650 0172 37000000 		.4byte	0x37
 651 0176 01       		.byte	0x1
 652 0177 38       		.byte	0x38
 653 0178 BF010000 		.4byte	0x1bf
 654 017c 08       		.uleb128 0x8
 655 017d 42010000 		.4byte	.LASF38
 656 0181 00       		.byte	0
 657 0182 08       		.uleb128 0x8
 658 0183 8B030000 		.4byte	.LASF39
 659 0187 01       		.byte	0x1
 660 0188 08       		.uleb128 0x8
 661 0189 29010000 		.4byte	.LASF40
 662 018d 02       		.byte	0x2
 663 018e 08       		.uleb128 0x8
 664 018f 9A040000 		.4byte	.LASF41
 665 0193 03       		.byte	0x3
 666 0194 08       		.uleb128 0x8
ARM GAS  C:\Users\rbhar\AppData\Local\Temp\cc0h7jsc.s 			page 18


 667 0195 D2000000 		.4byte	.LASF42
 668 0199 04       		.byte	0x4
 669 019a 08       		.uleb128 0x8
 670 019b 92010000 		.4byte	.LASF43
 671 019f 05       		.byte	0x5
 672 01a0 08       		.uleb128 0x8
 673 01a1 BB040000 		.4byte	.LASF44
 674 01a5 06       		.byte	0x6
 675 01a6 08       		.uleb128 0x8
 676 01a7 11020000 		.4byte	.LASF45
 677 01ab 07       		.byte	0x7
 678 01ac 08       		.uleb128 0x8
 679 01ad C4020000 		.4byte	.LASF46
 680 01b1 08       		.byte	0x8
 681 01b2 08       		.uleb128 0x8
 682 01b3 5A010000 		.4byte	.LASF47
 683 01b7 09       		.byte	0x9
 684 01b8 08       		.uleb128 0x8
 685 01b9 16010000 		.4byte	.LASF48
 686 01bd 0A       		.byte	0xa
 687 01be 00       		.byte	0
 688 01bf 03       		.uleb128 0x3
 689 01c0 26000000 		.4byte	.LASF49
 690 01c4 01       		.byte	0x1
 691 01c5 47       		.byte	0x47
 692 01c6 49010000 		.4byte	0x149
 693 01ca 03       		.uleb128 0x3
 694 01cb 4C020000 		.4byte	.LASF50
 695 01cf 01       		.byte	0x1
 696 01d0 48       		.byte	0x48
 697 01d1 6C010000 		.4byte	0x16c
 698 01d5 09       		.uleb128 0x9
 699 01d6 F4050000 		.4byte	.LASF60
 700 01da 01       		.byte	0x1
 701 01db AD       		.byte	0xad
 702 01dc 00000000 		.4byte	.LFB67
 703 01e0 34000000 		.4byte	.LFE67-.LFB67
 704 01e4 01       		.uleb128 0x1
 705 01e5 9C       		.byte	0x9c
 706 01e6 28020000 		.4byte	0x228
 707 01ea 0A       		.uleb128 0xa
 708 01eb 64040000 		.4byte	.LASF51
 709 01ef 01       		.byte	0x1
 710 01f0 AD       		.byte	0xad
 711 01f1 A2000000 		.4byte	0xa2
 712 01f5 00000000 		.4byte	.LLST0
 713 01f9 0A       		.uleb128 0xa
 714 01fa 53000000 		.4byte	.LASF52
 715 01fe 01       		.byte	0x1
 716 01ff AD       		.byte	0xad
 717 0200 BF010000 		.4byte	0x1bf
 718 0204 2C000000 		.4byte	.LLST1
 719 0208 0B       		.uleb128 0xb
 720 0209 22000000 		.4byte	.LVL3
 721 020d 01050000 		.4byte	0x501
 722 0211 0C       		.uleb128 0xc
 723 0212 01       		.uleb128 0x1
ARM GAS  C:\Users\rbhar\AppData\Local\Temp\cc0h7jsc.s 			page 19


 724 0213 50       		.byte	0x50
 725 0214 01       		.uleb128 0x1
 726 0215 30       		.byte	0x30
 727 0216 0C       		.uleb128 0xc
 728 0217 01       		.uleb128 0x1
 729 0218 51       		.byte	0x51
 730 0219 05       		.uleb128 0x5
 731 021a 03       		.byte	0x3
 732 021b 00000000 		.4byte	.LC0
 733 021f 0C       		.uleb128 0xc
 734 0220 01       		.uleb128 0x1
 735 0221 53       		.byte	0x53
 736 0222 03       		.uleb128 0x3
 737 0223 F3       		.byte	0xf3
 738 0224 01       		.uleb128 0x1
 739 0225 50       		.byte	0x50
 740 0226 00       		.byte	0
 741 0227 00       		.byte	0
 742 0228 0D       		.uleb128 0xd
 743 0229 D9040000 		.4byte	.LASF55
 744 022d 01       		.byte	0x1
 745 022e 91       		.byte	0x91
 746 022f BF010000 		.4byte	0x1bf
 747 0233 00000000 		.4byte	.LFB66
 748 0237 38000000 		.4byte	.LFE66-.LFB66
 749 023b 01       		.uleb128 0x1
 750 023c 9C       		.byte	0x9c
 751 023d 78020000 		.4byte	0x278
 752 0241 0A       		.uleb128 0xa
 753 0242 CB000000 		.4byte	.LASF53
 754 0246 01       		.byte	0x1
 755 0247 91       		.byte	0x91
 756 0248 DB000000 		.4byte	0xdb
 757 024c 4D000000 		.4byte	.LLST2
 758 0250 0A       		.uleb128 0xa
 759 0251 73030000 		.4byte	.LASF54
 760 0255 01       		.byte	0x1
 761 0256 91       		.byte	0x91
 762 0257 3E010000 		.4byte	0x13e
 763 025b 79000000 		.4byte	.LLST3
 764 025f 0E       		.uleb128 0xe
 765 0260 38000000 		.4byte	.LASF58
 766 0264 01       		.byte	0x1
 767 0265 93       		.byte	0x93
 768 0266 BF010000 		.4byte	0x1bf
 769 026a 9A000000 		.4byte	.LLST4
 770 026e 0F       		.uleb128 0xf
 771 026f 0A000000 		.4byte	.LVL6
 772 0273 0C050000 		.4byte	0x50c
 773 0277 00       		.byte	0
 774 0278 0D       		.uleb128 0xd
 775 0279 36030000 		.4byte	.LASF56
 776 027d 01       		.byte	0x1
 777 027e 63       		.byte	0x63
 778 027f 8C000000 		.4byte	0x8c
 779 0283 00000000 		.4byte	.LFB63
 780 0287 0C000000 		.4byte	.LFE63-.LFB63
ARM GAS  C:\Users\rbhar\AppData\Local\Temp\cc0h7jsc.s 			page 20


 781 028b 01       		.uleb128 0x1
 782 028c 9C       		.byte	0x9c
 783 028d B9020000 		.4byte	0x2b9
 784 0291 0A       		.uleb128 0xa
 785 0292 BB020000 		.4byte	.LASF57
 786 0296 01       		.byte	0x1
 787 0297 63       		.byte	0x63
 788 0298 8C000000 		.4byte	0x8c
 789 029c DD000000 		.4byte	.LLST5
 790 02a0 0E       		.uleb128 0xe
 791 02a1 03030000 		.4byte	.LASF59
 792 02a5 01       		.byte	0x1
 793 02a6 65       		.byte	0x65
 794 02a7 A2000000 		.4byte	0xa2
 795 02ab FE000000 		.4byte	.LLST6
 796 02af 0F       		.uleb128 0xf
 797 02b0 08000000 		.4byte	.LVL15
 798 02b4 17050000 		.4byte	0x517
 799 02b8 00       		.byte	0
 800 02b9 09       		.uleb128 0x9
 801 02ba 42060000 		.4byte	.LASF61
 802 02be 01       		.byte	0x1
 803 02bf 73       		.byte	0x73
 804 02c0 00000000 		.4byte	.LFB64
 805 02c4 0E000000 		.4byte	.LFE64-.LFB64
 806 02c8 01       		.uleb128 0x1
 807 02c9 9C       		.byte	0x9c
 808 02ca E7020000 		.4byte	0x2e7
 809 02ce 0F       		.uleb128 0xf
 810 02cf 06000000 		.4byte	.LVL17
 811 02d3 22050000 		.4byte	0x522
 812 02d7 0B       		.uleb128 0xb
 813 02d8 0C000000 		.4byte	.LVL18
 814 02dc 2D050000 		.4byte	0x52d
 815 02e0 0C       		.uleb128 0xc
 816 02e1 01       		.uleb128 0x1
 817 02e2 50       		.byte	0x50
 818 02e3 01       		.uleb128 0x1
 819 02e4 30       		.byte	0x30
 820 02e5 00       		.byte	0
 821 02e6 00       		.byte	0
 822 02e7 0D       		.uleb128 0xd
 823 02e8 AE030000 		.4byte	.LASF62
 824 02ec 01       		.byte	0x1
 825 02ed 81       		.byte	0x81
 826 02ee A2000000 		.4byte	0xa2
 827 02f2 00000000 		.4byte	.LFB65
 828 02f6 14000000 		.4byte	.LFE65-.LFB65
 829 02fa 01       		.uleb128 0x1
 830 02fb 9C       		.byte	0x9c
 831 02fc 31030000 		.4byte	0x331
 832 0300 0A       		.uleb128 0xa
 833 0301 73030000 		.4byte	.LASF54
 834 0305 01       		.byte	0x1
 835 0306 81       		.byte	0x81
 836 0307 31030000 		.4byte	0x331
 837 030b 2D010000 		.4byte	.LLST7
ARM GAS  C:\Users\rbhar\AppData\Local\Temp\cc0h7jsc.s 			page 21


 838 030f 0E       		.uleb128 0xe
 839 0310 4F040000 		.4byte	.LASF63
 840 0314 01       		.byte	0x1
 841 0315 83       		.byte	0x83
 842 0316 A2000000 		.4byte	0xa2
 843 031a 4B010000 		.4byte	.LLST8
 844 031e 0F       		.uleb128 0xf
 845 031f 08000000 		.4byte	.LVL21
 846 0323 38050000 		.4byte	0x538
 847 0327 0F       		.uleb128 0xf
 848 0328 0E000000 		.4byte	.LVL23
 849 032c 0C050000 		.4byte	0x50c
 850 0330 00       		.byte	0
 851 0331 05       		.uleb128 0x5
 852 0332 04       		.byte	0x4
 853 0333 3E010000 		.4byte	0x13e
 854 0337 10       		.uleb128 0x10
 855 0338 F3020000 		.4byte	.LASF86
 856 033c 01       		.byte	0x1
 857 033d B9       		.byte	0xb9
 858 033e 00000000 		.4byte	.LFB68
 859 0342 C0000000 		.4byte	.LFE68-.LFB68
 860 0346 01       		.uleb128 0x1
 861 0347 9C       		.byte	0x9c
 862 0348 97040000 		.4byte	0x497
 863 034c 11       		.uleb128 0x11
 864 034d 73030000 		.4byte	.LASF54
 865 0351 01       		.byte	0x1
 866 0352 BB       		.byte	0xbb
 867 0353 3E010000 		.4byte	0x13e
 868 0357 02       		.uleb128 0x2
 869 0358 91       		.byte	0x91
 870 0359 6F       		.sleb128 -17
 871 035a 0E       		.uleb128 0xe
 872 035b 03030000 		.4byte	.LASF59
 873 035f 01       		.byte	0x1
 874 0360 BC       		.byte	0xbc
 875 0361 DB000000 		.4byte	0xdb
 876 0365 75010000 		.4byte	.LLST9
 877 0369 0E       		.uleb128 0xe
 878 036a 64040000 		.4byte	.LASF51
 879 036e 01       		.byte	0x1
 880 036f BD       		.byte	0xbd
 881 0370 A2000000 		.4byte	0xa2
 882 0374 94010000 		.4byte	.LLST10
 883 0378 0E       		.uleb128 0xe
 884 0379 CD010000 		.4byte	.LASF64
 885 037d 01       		.byte	0x1
 886 037e BE       		.byte	0xbe
 887 037f BF010000 		.4byte	0x1bf
 888 0383 C9010000 		.4byte	.LLST11
 889 0387 0E       		.uleb128 0xe
 890 0388 5B060000 		.4byte	.LASF65
 891 038c 01       		.byte	0x1
 892 038d BF       		.byte	0xbf
 893 038e CA010000 		.4byte	0x1ca
 894 0392 E8010000 		.4byte	.LLST12
ARM GAS  C:\Users\rbhar\AppData\Local\Temp\cc0h7jsc.s 			page 22


 895 0396 12       		.uleb128 0x12
 896 0397 12000000 		.4byte	.LVL25
 897 039b 01050000 		.4byte	0x501
 898 039f B3030000 		.4byte	0x3b3
 899 03a3 0C       		.uleb128 0xc
 900 03a4 01       		.uleb128 0x1
 901 03a5 50       		.byte	0x50
 902 03a6 02       		.uleb128 0x2
 903 03a7 74       		.byte	0x74
 904 03a8 00       		.sleb128 0
 905 03a9 0C       		.uleb128 0xc
 906 03aa 01       		.uleb128 0x1
 907 03ab 51       		.byte	0x51
 908 03ac 05       		.uleb128 0x5
 909 03ad 03       		.byte	0x3
 910 03ae 54000000 		.4byte	.LC1
 911 03b2 00       		.byte	0
 912 03b3 0F       		.uleb128 0xf
 913 03b4 30000000 		.4byte	.LVL28
 914 03b8 0C050000 		.4byte	0x50c
 915 03bc 0F       		.uleb128 0xf
 916 03bd 3C000000 		.4byte	.LVL30
 917 03c1 43050000 		.4byte	0x543
 918 03c5 12       		.uleb128 0x12
 919 03c6 46000000 		.4byte	.LVL32
 920 03ca 78020000 		.4byte	0x278
 921 03ce D8030000 		.4byte	0x3d8
 922 03d2 0C       		.uleb128 0xc
 923 03d3 01       		.uleb128 0x1
 924 03d4 50       		.byte	0x50
 925 03d5 01       		.uleb128 0x1
 926 03d6 33       		.byte	0x33
 927 03d7 00       		.byte	0
 928 03d8 12       		.uleb128 0x12
 929 03d9 4E000000 		.4byte	.LVL34
 930 03dd 4E050000 		.4byte	0x54e
 931 03e1 EC030000 		.4byte	0x3ec
 932 03e5 0C       		.uleb128 0xc
 933 03e6 01       		.uleb128 0x1
 934 03e7 50       		.byte	0x50
 935 03e8 02       		.uleb128 0x2
 936 03e9 74       		.byte	0x74
 937 03ea 00       		.sleb128 0
 938 03eb 00       		.byte	0
 939 03ec 12       		.uleb128 0x12
 940 03ed 58000000 		.4byte	.LVL36
 941 03f1 78020000 		.4byte	0x278
 942 03f5 FF030000 		.4byte	0x3ff
 943 03f9 0C       		.uleb128 0xc
 944 03fa 01       		.uleb128 0x1
 945 03fb 50       		.byte	0x50
 946 03fc 01       		.uleb128 0x1
 947 03fd 31       		.byte	0x31
 948 03fe 00       		.byte	0
 949 03ff 12       		.uleb128 0x12
 950 0400 68000000 		.4byte	.LVL39
 951 0404 59050000 		.4byte	0x559
ARM GAS  C:\Users\rbhar\AppData\Local\Temp\cc0h7jsc.s 			page 23


 952 0408 18040000 		.4byte	0x418
 953 040c 0C       		.uleb128 0xc
 954 040d 01       		.uleb128 0x1
 955 040e 50       		.byte	0x50
 956 040f 07       		.uleb128 0x7
 957 0410 74       		.byte	0x74
 958 0411 00       		.sleb128 0
 959 0412 34       		.byte	0x34
 960 0413 24       		.byte	0x24
 961 0414 74       		.byte	0x74
 962 0415 00       		.sleb128 0
 963 0416 21       		.byte	0x21
 964 0417 00       		.byte	0
 965 0418 0F       		.uleb128 0xf
 966 0419 70000000 		.4byte	.LVL41
 967 041d 64050000 		.4byte	0x564
 968 0421 0F       		.uleb128 0xf
 969 0422 74000000 		.4byte	.LVL42
 970 0426 6F050000 		.4byte	0x56f
 971 042a 0F       		.uleb128 0xf
 972 042b 7C000000 		.4byte	.LVL44
 973 042f B9020000 		.4byte	0x2b9
 974 0433 12       		.uleb128 0x12
 975 0434 82000000 		.4byte	.LVL45
 976 0438 4E050000 		.4byte	0x54e
 977 043c 46040000 		.4byte	0x446
 978 0440 0C       		.uleb128 0xc
 979 0441 01       		.uleb128 0x1
 980 0442 50       		.byte	0x50
 981 0443 01       		.uleb128 0x1
 982 0444 31       		.byte	0x31
 983 0445 00       		.byte	0
 984 0446 0F       		.uleb128 0xf
 985 0447 8A000000 		.4byte	.LVL47
 986 044b 7A050000 		.4byte	0x57a
 987 044f 0F       		.uleb128 0xf
 988 0450 8E000000 		.4byte	.LVL48
 989 0454 85050000 		.4byte	0x585
 990 0458 12       		.uleb128 0x12
 991 0459 9A000000 		.4byte	.LVL50
 992 045d E7020000 		.4byte	0x2e7
 993 0461 6C040000 		.4byte	0x46c
 994 0465 0C       		.uleb128 0xc
 995 0466 01       		.uleb128 0x1
 996 0467 50       		.byte	0x50
 997 0468 02       		.uleb128 0x2
 998 0469 91       		.byte	0x91
 999 046a 6F       		.sleb128 -17
 1000 046b 00       		.byte	0
 1001 046c 12       		.uleb128 0x12
 1002 046d AA000000 		.4byte	.LVL53
 1003 0471 28020000 		.4byte	0x228
 1004 0475 80040000 		.4byte	0x480
 1005 0479 0C       		.uleb128 0xc
 1006 047a 01       		.uleb128 0x1
 1007 047b 50       		.byte	0x50
 1008 047c 02       		.uleb128 0x2
ARM GAS  C:\Users\rbhar\AppData\Local\Temp\cc0h7jsc.s 			page 24


 1009 047d 74       		.byte	0x74
 1010 047e 00       		.sleb128 0
 1011 047f 00       		.byte	0
 1012 0480 0B       		.uleb128 0xb
 1013 0481 B8000000 		.4byte	.LVL56
 1014 0485 D5010000 		.4byte	0x1d5
 1015 0489 0C       		.uleb128 0xc
 1016 048a 01       		.uleb128 0x1
 1017 048b 50       		.byte	0x50
 1018 048c 02       		.uleb128 0x2
 1019 048d 75       		.byte	0x75
 1020 048e 00       		.sleb128 0
 1021 048f 0C       		.uleb128 0xc
 1022 0490 01       		.uleb128 0x1
 1023 0491 51       		.byte	0x51
 1024 0492 02       		.uleb128 0x2
 1025 0493 76       		.byte	0x76
 1026 0494 00       		.sleb128 0
 1027 0495 00       		.byte	0
 1028 0496 00       		.byte	0
 1029 0497 11       		.uleb128 0x11
 1030 0498 83040000 		.4byte	.LASF66
 1031 049c 01       		.byte	0x1
 1032 049d 4D       		.byte	0x4d
 1033 049e A2000000 		.4byte	0xa2
 1034 04a2 05       		.uleb128 0x5
 1035 04a3 03       		.byte	0x3
 1036 04a4 08000000 		.4byte	ReactionCorrectCounter
 1037 04a8 11       		.uleb128 0x11
 1038 04a9 00040000 		.4byte	.LASF67
 1039 04ad 01       		.byte	0x1
 1040 04ae 4D       		.byte	0x4d
 1041 04af A2000000 		.4byte	0xa2
 1042 04b3 05       		.uleb128 0x5
 1043 04b4 03       		.byte	0x3
 1044 04b5 04000000 		.4byte	ReactionWrongCounter
 1045 04b9 11       		.uleb128 0x11
 1046 04ba DE030000 		.4byte	.LASF68
 1047 04be 01       		.byte	0x1
 1048 04bf 4D       		.byte	0x4d
 1049 04c0 A2000000 		.4byte	0xa2
 1050 04c4 05       		.uleb128 0x5
 1051 04c5 03       		.byte	0x3
 1052 04c6 00000000 		.4byte	ReactionNoCounter
 1053 04ca 13       		.uleb128 0x13
 1054 04cb D0000000 		.4byte	0xd0
 1055 04cf DA040000 		.4byte	0x4da
 1056 04d3 14       		.uleb128 0x14
 1057 04d4 C9000000 		.4byte	0xc9
 1058 04d8 02       		.byte	0x2
 1059 04d9 00       		.byte	0
 1060 04da 11       		.uleb128 0x11
 1061 04db 2F060000 		.4byte	.LASF69
 1062 04df 01       		.byte	0x1
 1063 04e0 4E       		.byte	0x4e
 1064 04e1 EB040000 		.4byte	0x4eb
 1065 04e5 05       		.uleb128 0x5
ARM GAS  C:\Users\rbhar\AppData\Local\Temp\cc0h7jsc.s 			page 25


 1066 04e6 03       		.byte	0x3
 1067 04e7 00000000 		.4byte	PredefinedMessages
 1068 04eb 06       		.uleb128 0x6
 1069 04ec CA040000 		.4byte	0x4ca
 1070 04f0 15       		.uleb128 0x15
 1071 04f1 42040000 		.4byte	.LASF87
 1072 04f5 0C       		.byte	0xc
 1073 04f6 1207     		.2byte	0x712
 1074 04f8 FC040000 		.4byte	0x4fc
 1075 04fc 16       		.uleb128 0x16
 1076 04fd 97000000 		.4byte	0x97
 1077 0501 17       		.uleb128 0x17
 1078 0502 EF040000 		.4byte	.LASF70
 1079 0506 EF040000 		.4byte	.LASF70
 1080 050a 05       		.byte	0x5
 1081 050b 7B       		.byte	0x7b
 1082 050c 17       		.uleb128 0x17
 1083 050d FD000000 		.4byte	.LASF71
 1084 0511 FD000000 		.4byte	.LASF71
 1085 0515 06       		.byte	0x6
 1086 0516 A5       		.byte	0xa5
 1087 0517 17       		.uleb128 0x17
 1088 0518 AB010000 		.4byte	.LASF72
 1089 051c AB010000 		.4byte	.LASF72
 1090 0520 07       		.byte	0x7
 1091 0521 88       		.byte	0x88
 1092 0522 17       		.uleb128 0x17
 1093 0523 0A050000 		.4byte	.LASF73
 1094 0527 0A050000 		.4byte	.LASF73
 1095 052b 08       		.byte	0x8
 1096 052c 7F       		.byte	0x7f
 1097 052d 17       		.uleb128 0x17
 1098 052e 2E040000 		.4byte	.LASF74
 1099 0532 2E040000 		.4byte	.LASF74
 1100 0536 06       		.byte	0x6
 1101 0537 9E       		.byte	0x9e
 1102 0538 17       		.uleb128 0x17
 1103 0539 B7000000 		.4byte	.LASF75
 1104 053d B7000000 		.4byte	.LASF75
 1105 0541 08       		.byte	0x8
 1106 0542 8D       		.byte	0x8d
 1107 0543 17       		.uleb128 0x17
 1108 0544 D2030000 		.4byte	.LASF76
 1109 0548 D2030000 		.4byte	.LASF76
 1110 054c 09       		.byte	0x9
 1111 054d 87       		.byte	0x87
 1112 054e 17       		.uleb128 0x17
 1113 054f 61000000 		.4byte	.LASF77
 1114 0553 61000000 		.4byte	.LASF77
 1115 0557 08       		.byte	0x8
 1116 0558 78       		.byte	0x78
 1117 0559 17       		.uleb128 0x17
 1118 055a 7F030000 		.4byte	.LASF78
 1119 055e 7F030000 		.4byte	.LASF78
 1120 0562 09       		.byte	0x9
 1121 0563 8E       		.byte	0x8e
 1122 0564 17       		.uleb128 0x17
ARM GAS  C:\Users\rbhar\AppData\Local\Temp\cc0h7jsc.s 			page 26


 1123 0565 6B060000 		.4byte	.LASF79
 1124 0569 6B060000 		.4byte	.LASF79
 1125 056d 0A       		.byte	0xa
 1126 056e 23       		.byte	0x23
 1127 056f 17       		.uleb128 0x17
 1128 0570 1C060000 		.4byte	.LASF80
 1129 0574 1C060000 		.4byte	.LASF80
 1130 0578 0B       		.byte	0xb
 1131 0579 23       		.byte	0x23
 1132 057a 17       		.uleb128 0x17
 1133 057b 3F000000 		.4byte	.LASF81
 1134 057f 3F000000 		.4byte	.LASF81
 1135 0583 0A       		.byte	0xa
 1136 0584 25       		.byte	0x25
 1137 0585 17       		.uleb128 0x17
 1138 0586 70000000 		.4byte	.LASF82
 1139 058a 70000000 		.4byte	.LASF82
 1140 058e 0B       		.byte	0xb
 1141 058f 25       		.byte	0x25
 1142 0590 00       		.byte	0
 1143              		.section	.debug_abbrev,"",%progbits
 1144              	.Ldebug_abbrev0:
 1145 0000 01       		.uleb128 0x1
 1146 0001 11       		.uleb128 0x11
 1147 0002 01       		.byte	0x1
 1148 0003 25       		.uleb128 0x25
 1149 0004 0E       		.uleb128 0xe
 1150 0005 13       		.uleb128 0x13
 1151 0006 0B       		.uleb128 0xb
 1152 0007 03       		.uleb128 0x3
 1153 0008 0E       		.uleb128 0xe
 1154 0009 1B       		.uleb128 0x1b
 1155 000a 0E       		.uleb128 0xe
 1156 000b 55       		.uleb128 0x55
 1157 000c 17       		.uleb128 0x17
 1158 000d 11       		.uleb128 0x11
 1159 000e 01       		.uleb128 0x1
 1160 000f 10       		.uleb128 0x10
 1161 0010 17       		.uleb128 0x17
 1162 0011 00       		.byte	0
 1163 0012 00       		.byte	0
 1164 0013 02       		.uleb128 0x2
 1165 0014 24       		.uleb128 0x24
 1166 0015 00       		.byte	0
 1167 0016 0B       		.uleb128 0xb
 1168 0017 0B       		.uleb128 0xb
 1169 0018 3E       		.uleb128 0x3e
 1170 0019 0B       		.uleb128 0xb
 1171 001a 03       		.uleb128 0x3
 1172 001b 0E       		.uleb128 0xe
 1173 001c 00       		.byte	0
 1174 001d 00       		.byte	0
 1175 001e 03       		.uleb128 0x3
 1176 001f 16       		.uleb128 0x16
 1177 0020 00       		.byte	0
 1178 0021 03       		.uleb128 0x3
 1179 0022 0E       		.uleb128 0xe
ARM GAS  C:\Users\rbhar\AppData\Local\Temp\cc0h7jsc.s 			page 27


 1180 0023 3A       		.uleb128 0x3a
 1181 0024 0B       		.uleb128 0xb
 1182 0025 3B       		.uleb128 0x3b
 1183 0026 0B       		.uleb128 0xb
 1184 0027 49       		.uleb128 0x49
 1185 0028 13       		.uleb128 0x13
 1186 0029 00       		.byte	0
 1187 002a 00       		.byte	0
 1188 002b 04       		.uleb128 0x4
 1189 002c 24       		.uleb128 0x24
 1190 002d 00       		.byte	0
 1191 002e 0B       		.uleb128 0xb
 1192 002f 0B       		.uleb128 0xb
 1193 0030 3E       		.uleb128 0x3e
 1194 0031 0B       		.uleb128 0xb
 1195 0032 03       		.uleb128 0x3
 1196 0033 08       		.uleb128 0x8
 1197 0034 00       		.byte	0
 1198 0035 00       		.byte	0
 1199 0036 05       		.uleb128 0x5
 1200 0037 0F       		.uleb128 0xf
 1201 0038 00       		.byte	0
 1202 0039 0B       		.uleb128 0xb
 1203 003a 0B       		.uleb128 0xb
 1204 003b 49       		.uleb128 0x49
 1205 003c 13       		.uleb128 0x13
 1206 003d 00       		.byte	0
 1207 003e 00       		.byte	0
 1208 003f 06       		.uleb128 0x6
 1209 0040 26       		.uleb128 0x26
 1210 0041 00       		.byte	0
 1211 0042 49       		.uleb128 0x49
 1212 0043 13       		.uleb128 0x13
 1213 0044 00       		.byte	0
 1214 0045 00       		.byte	0
 1215 0046 07       		.uleb128 0x7
 1216 0047 04       		.uleb128 0x4
 1217 0048 01       		.byte	0x1
 1218 0049 03       		.uleb128 0x3
 1219 004a 0E       		.uleb128 0xe
 1220 004b 0B       		.uleb128 0xb
 1221 004c 0B       		.uleb128 0xb
 1222 004d 49       		.uleb128 0x49
 1223 004e 13       		.uleb128 0x13
 1224 004f 3A       		.uleb128 0x3a
 1225 0050 0B       		.uleb128 0xb
 1226 0051 3B       		.uleb128 0x3b
 1227 0052 0B       		.uleb128 0xb
 1228 0053 01       		.uleb128 0x1
 1229 0054 13       		.uleb128 0x13
 1230 0055 00       		.byte	0
 1231 0056 00       		.byte	0
 1232 0057 08       		.uleb128 0x8
 1233 0058 28       		.uleb128 0x28
 1234 0059 00       		.byte	0
 1235 005a 03       		.uleb128 0x3
 1236 005b 0E       		.uleb128 0xe
ARM GAS  C:\Users\rbhar\AppData\Local\Temp\cc0h7jsc.s 			page 28


 1237 005c 1C       		.uleb128 0x1c
 1238 005d 0B       		.uleb128 0xb
 1239 005e 00       		.byte	0
 1240 005f 00       		.byte	0
 1241 0060 09       		.uleb128 0x9
 1242 0061 2E       		.uleb128 0x2e
 1243 0062 01       		.byte	0x1
 1244 0063 03       		.uleb128 0x3
 1245 0064 0E       		.uleb128 0xe
 1246 0065 3A       		.uleb128 0x3a
 1247 0066 0B       		.uleb128 0xb
 1248 0067 3B       		.uleb128 0x3b
 1249 0068 0B       		.uleb128 0xb
 1250 0069 27       		.uleb128 0x27
 1251 006a 19       		.uleb128 0x19
 1252 006b 11       		.uleb128 0x11
 1253 006c 01       		.uleb128 0x1
 1254 006d 12       		.uleb128 0x12
 1255 006e 06       		.uleb128 0x6
 1256 006f 40       		.uleb128 0x40
 1257 0070 18       		.uleb128 0x18
 1258 0071 9742     		.uleb128 0x2117
 1259 0073 19       		.uleb128 0x19
 1260 0074 01       		.uleb128 0x1
 1261 0075 13       		.uleb128 0x13
 1262 0076 00       		.byte	0
 1263 0077 00       		.byte	0
 1264 0078 0A       		.uleb128 0xa
 1265 0079 05       		.uleb128 0x5
 1266 007a 00       		.byte	0
 1267 007b 03       		.uleb128 0x3
 1268 007c 0E       		.uleb128 0xe
 1269 007d 3A       		.uleb128 0x3a
 1270 007e 0B       		.uleb128 0xb
 1271 007f 3B       		.uleb128 0x3b
 1272 0080 0B       		.uleb128 0xb
 1273 0081 49       		.uleb128 0x49
 1274 0082 13       		.uleb128 0x13
 1275 0083 02       		.uleb128 0x2
 1276 0084 17       		.uleb128 0x17
 1277 0085 00       		.byte	0
 1278 0086 00       		.byte	0
 1279 0087 0B       		.uleb128 0xb
 1280 0088 898201   		.uleb128 0x4109
 1281 008b 01       		.byte	0x1
 1282 008c 11       		.uleb128 0x11
 1283 008d 01       		.uleb128 0x1
 1284 008e 31       		.uleb128 0x31
 1285 008f 13       		.uleb128 0x13
 1286 0090 00       		.byte	0
 1287 0091 00       		.byte	0
 1288 0092 0C       		.uleb128 0xc
 1289 0093 8A8201   		.uleb128 0x410a
 1290 0096 00       		.byte	0
 1291 0097 02       		.uleb128 0x2
 1292 0098 18       		.uleb128 0x18
 1293 0099 9142     		.uleb128 0x2111
ARM GAS  C:\Users\rbhar\AppData\Local\Temp\cc0h7jsc.s 			page 29


 1294 009b 18       		.uleb128 0x18
 1295 009c 00       		.byte	0
 1296 009d 00       		.byte	0
 1297 009e 0D       		.uleb128 0xd
 1298 009f 2E       		.uleb128 0x2e
 1299 00a0 01       		.byte	0x1
 1300 00a1 03       		.uleb128 0x3
 1301 00a2 0E       		.uleb128 0xe
 1302 00a3 3A       		.uleb128 0x3a
 1303 00a4 0B       		.uleb128 0xb
 1304 00a5 3B       		.uleb128 0x3b
 1305 00a6 0B       		.uleb128 0xb
 1306 00a7 27       		.uleb128 0x27
 1307 00a8 19       		.uleb128 0x19
 1308 00a9 49       		.uleb128 0x49
 1309 00aa 13       		.uleb128 0x13
 1310 00ab 11       		.uleb128 0x11
 1311 00ac 01       		.uleb128 0x1
 1312 00ad 12       		.uleb128 0x12
 1313 00ae 06       		.uleb128 0x6
 1314 00af 40       		.uleb128 0x40
 1315 00b0 18       		.uleb128 0x18
 1316 00b1 9742     		.uleb128 0x2117
 1317 00b3 19       		.uleb128 0x19
 1318 00b4 01       		.uleb128 0x1
 1319 00b5 13       		.uleb128 0x13
 1320 00b6 00       		.byte	0
 1321 00b7 00       		.byte	0
 1322 00b8 0E       		.uleb128 0xe
 1323 00b9 34       		.uleb128 0x34
 1324 00ba 00       		.byte	0
 1325 00bb 03       		.uleb128 0x3
 1326 00bc 0E       		.uleb128 0xe
 1327 00bd 3A       		.uleb128 0x3a
 1328 00be 0B       		.uleb128 0xb
 1329 00bf 3B       		.uleb128 0x3b
 1330 00c0 0B       		.uleb128 0xb
 1331 00c1 49       		.uleb128 0x49
 1332 00c2 13       		.uleb128 0x13
 1333 00c3 02       		.uleb128 0x2
 1334 00c4 17       		.uleb128 0x17
 1335 00c5 00       		.byte	0
 1336 00c6 00       		.byte	0
 1337 00c7 0F       		.uleb128 0xf
 1338 00c8 898201   		.uleb128 0x4109
 1339 00cb 00       		.byte	0
 1340 00cc 11       		.uleb128 0x11
 1341 00cd 01       		.uleb128 0x1
 1342 00ce 31       		.uleb128 0x31
 1343 00cf 13       		.uleb128 0x13
 1344 00d0 00       		.byte	0
 1345 00d1 00       		.byte	0
 1346 00d2 10       		.uleb128 0x10
 1347 00d3 2E       		.uleb128 0x2e
 1348 00d4 01       		.byte	0x1
 1349 00d5 3F       		.uleb128 0x3f
 1350 00d6 19       		.uleb128 0x19
ARM GAS  C:\Users\rbhar\AppData\Local\Temp\cc0h7jsc.s 			page 30


 1351 00d7 03       		.uleb128 0x3
 1352 00d8 0E       		.uleb128 0xe
 1353 00d9 3A       		.uleb128 0x3a
 1354 00da 0B       		.uleb128 0xb
 1355 00db 3B       		.uleb128 0x3b
 1356 00dc 0B       		.uleb128 0xb
 1357 00dd 27       		.uleb128 0x27
 1358 00de 19       		.uleb128 0x19
 1359 00df 8701     		.uleb128 0x87
 1360 00e1 19       		.uleb128 0x19
 1361 00e2 11       		.uleb128 0x11
 1362 00e3 01       		.uleb128 0x1
 1363 00e4 12       		.uleb128 0x12
 1364 00e5 06       		.uleb128 0x6
 1365 00e6 40       		.uleb128 0x40
 1366 00e7 18       		.uleb128 0x18
 1367 00e8 9742     		.uleb128 0x2117
 1368 00ea 19       		.uleb128 0x19
 1369 00eb 01       		.uleb128 0x1
 1370 00ec 13       		.uleb128 0x13
 1371 00ed 00       		.byte	0
 1372 00ee 00       		.byte	0
 1373 00ef 11       		.uleb128 0x11
 1374 00f0 34       		.uleb128 0x34
 1375 00f1 00       		.byte	0
 1376 00f2 03       		.uleb128 0x3
 1377 00f3 0E       		.uleb128 0xe
 1378 00f4 3A       		.uleb128 0x3a
 1379 00f5 0B       		.uleb128 0xb
 1380 00f6 3B       		.uleb128 0x3b
 1381 00f7 0B       		.uleb128 0xb
 1382 00f8 49       		.uleb128 0x49
 1383 00f9 13       		.uleb128 0x13
 1384 00fa 02       		.uleb128 0x2
 1385 00fb 18       		.uleb128 0x18
 1386 00fc 00       		.byte	0
 1387 00fd 00       		.byte	0
 1388 00fe 12       		.uleb128 0x12
 1389 00ff 898201   		.uleb128 0x4109
 1390 0102 01       		.byte	0x1
 1391 0103 11       		.uleb128 0x11
 1392 0104 01       		.uleb128 0x1
 1393 0105 31       		.uleb128 0x31
 1394 0106 13       		.uleb128 0x13
 1395 0107 01       		.uleb128 0x1
 1396 0108 13       		.uleb128 0x13
 1397 0109 00       		.byte	0
 1398 010a 00       		.byte	0
 1399 010b 13       		.uleb128 0x13
 1400 010c 01       		.uleb128 0x1
 1401 010d 01       		.byte	0x1
 1402 010e 49       		.uleb128 0x49
 1403 010f 13       		.uleb128 0x13
 1404 0110 01       		.uleb128 0x1
 1405 0111 13       		.uleb128 0x13
 1406 0112 00       		.byte	0
 1407 0113 00       		.byte	0
ARM GAS  C:\Users\rbhar\AppData\Local\Temp\cc0h7jsc.s 			page 31


 1408 0114 14       		.uleb128 0x14
 1409 0115 21       		.uleb128 0x21
 1410 0116 00       		.byte	0
 1411 0117 49       		.uleb128 0x49
 1412 0118 13       		.uleb128 0x13
 1413 0119 2F       		.uleb128 0x2f
 1414 011a 0B       		.uleb128 0xb
 1415 011b 00       		.byte	0
 1416 011c 00       		.byte	0
 1417 011d 15       		.uleb128 0x15
 1418 011e 34       		.uleb128 0x34
 1419 011f 00       		.byte	0
 1420 0120 03       		.uleb128 0x3
 1421 0121 0E       		.uleb128 0xe
 1422 0122 3A       		.uleb128 0x3a
 1423 0123 0B       		.uleb128 0xb
 1424 0124 3B       		.uleb128 0x3b
 1425 0125 05       		.uleb128 0x5
 1426 0126 49       		.uleb128 0x49
 1427 0127 13       		.uleb128 0x13
 1428 0128 3F       		.uleb128 0x3f
 1429 0129 19       		.uleb128 0x19
 1430 012a 3C       		.uleb128 0x3c
 1431 012b 19       		.uleb128 0x19
 1432 012c 00       		.byte	0
 1433 012d 00       		.byte	0
 1434 012e 16       		.uleb128 0x16
 1435 012f 35       		.uleb128 0x35
 1436 0130 00       		.byte	0
 1437 0131 49       		.uleb128 0x49
 1438 0132 13       		.uleb128 0x13
 1439 0133 00       		.byte	0
 1440 0134 00       		.byte	0
 1441 0135 17       		.uleb128 0x17
 1442 0136 2E       		.uleb128 0x2e
 1443 0137 00       		.byte	0
 1444 0138 3F       		.uleb128 0x3f
 1445 0139 19       		.uleb128 0x19
 1446 013a 3C       		.uleb128 0x3c
 1447 013b 19       		.uleb128 0x19
 1448 013c 6E       		.uleb128 0x6e
 1449 013d 0E       		.uleb128 0xe
 1450 013e 03       		.uleb128 0x3
 1451 013f 0E       		.uleb128 0xe
 1452 0140 3A       		.uleb128 0x3a
 1453 0141 0B       		.uleb128 0xb
 1454 0142 3B       		.uleb128 0x3b
 1455 0143 0B       		.uleb128 0xb
 1456 0144 00       		.byte	0
 1457 0145 00       		.byte	0
 1458 0146 00       		.byte	0
 1459              		.section	.debug_loc,"",%progbits
 1460              	.Ldebug_loc0:
 1461              	.LLST0:
 1462 0000 00000000 		.4byte	.LVL0
 1463 0004 1E000000 		.4byte	.LVL2
 1464 0008 0100     		.2byte	0x1
ARM GAS  C:\Users\rbhar\AppData\Local\Temp\cc0h7jsc.s 			page 32


 1465 000a 50       		.byte	0x50
 1466 000b 1E000000 		.4byte	.LVL2
 1467 000f 21000000 		.4byte	.LVL3-1
 1468 0013 0100     		.2byte	0x1
 1469 0015 53       		.byte	0x53
 1470 0016 21000000 		.4byte	.LVL3-1
 1471 001a 34000000 		.4byte	.LFE67
 1472 001e 0400     		.2byte	0x4
 1473 0020 F3       		.byte	0xf3
 1474 0021 01       		.uleb128 0x1
 1475 0022 50       		.byte	0x50
 1476 0023 9F       		.byte	0x9f
 1477 0024 00000000 		.4byte	0
 1478 0028 00000000 		.4byte	0
 1479              	.LLST1:
 1480 002c 00000000 		.4byte	.LVL0
 1481 0030 0E000000 		.4byte	.LVL1
 1482 0034 0100     		.2byte	0x1
 1483 0036 51       		.byte	0x51
 1484 0037 0E000000 		.4byte	.LVL1
 1485 003b 34000000 		.4byte	.LFE67
 1486 003f 0400     		.2byte	0x4
 1487 0041 F3       		.byte	0xf3
 1488 0042 01       		.uleb128 0x1
 1489 0043 51       		.byte	0x51
 1490 0044 9F       		.byte	0x9f
 1491 0045 00000000 		.4byte	0
 1492 0049 00000000 		.4byte	0
 1493              	.LLST2:
 1494 004d 00000000 		.4byte	.LVL4
 1495 0051 09000000 		.4byte	.LVL6-1
 1496 0055 0100     		.2byte	0x1
 1497 0057 50       		.byte	0x50
 1498 0058 09000000 		.4byte	.LVL6-1
 1499 005c 32000000 		.4byte	.LVL12
 1500 0060 0100     		.2byte	0x1
 1501 0062 54       		.byte	0x54
 1502 0063 32000000 		.4byte	.LVL12
 1503 0067 38000000 		.4byte	.LFE66
 1504 006b 0400     		.2byte	0x4
 1505 006d F3       		.byte	0xf3
 1506 006e 01       		.uleb128 0x1
 1507 006f 50       		.byte	0x50
 1508 0070 9F       		.byte	0x9f
 1509 0071 00000000 		.4byte	0
 1510 0075 00000000 		.4byte	0
 1511              	.LLST3:
 1512 0079 00000000 		.4byte	.LVL4
 1513 007d 09000000 		.4byte	.LVL6-1
 1514 0081 0100     		.2byte	0x1
 1515 0083 51       		.byte	0x51
 1516 0084 09000000 		.4byte	.LVL6-1
 1517 0088 38000000 		.4byte	.LFE66
 1518 008c 0400     		.2byte	0x4
 1519 008e F3       		.byte	0xf3
 1520 008f 01       		.uleb128 0x1
 1521 0090 51       		.byte	0x51
ARM GAS  C:\Users\rbhar\AppData\Local\Temp\cc0h7jsc.s 			page 33


 1522 0091 9F       		.byte	0x9f
 1523 0092 00000000 		.4byte	0
 1524 0096 00000000 		.4byte	0
 1525              	.LLST4:
 1526 009a 06000000 		.4byte	.LVL5
 1527 009e 22000000 		.4byte	.LVL8
 1528 00a2 0200     		.2byte	0x2
 1529 00a4 30       		.byte	0x30
 1530 00a5 9F       		.byte	0x9f
 1531 00a6 22000000 		.4byte	.LVL8
 1532 00aa 26000000 		.4byte	.LVL9
 1533 00ae 0200     		.2byte	0x2
 1534 00b0 31       		.byte	0x31
 1535 00b1 9F       		.byte	0x9f
 1536 00b2 26000000 		.4byte	.LVL9
 1537 00b6 2E000000 		.4byte	.LVL10
 1538 00ba 0200     		.2byte	0x2
 1539 00bc 30       		.byte	0x30
 1540 00bd 9F       		.byte	0x9f
 1541 00be 2E000000 		.4byte	.LVL10
 1542 00c2 30000000 		.4byte	.LVL11
 1543 00c6 0200     		.2byte	0x2
 1544 00c8 32       		.byte	0x32
 1545 00c9 9F       		.byte	0x9f
 1546 00ca 30000000 		.4byte	.LVL11
 1547 00ce 38000000 		.4byte	.LFE66
 1548 00d2 0100     		.2byte	0x1
 1549 00d4 50       		.byte	0x50
 1550 00d5 00000000 		.4byte	0
 1551 00d9 00000000 		.4byte	0
 1552              	.LLST5:
 1553 00dd 00000000 		.4byte	.LVL13
 1554 00e1 07000000 		.4byte	.LVL15-1
 1555 00e5 0100     		.2byte	0x1
 1556 00e7 50       		.byte	0x50
 1557 00e8 07000000 		.4byte	.LVL15-1
 1558 00ec 0C000000 		.4byte	.LFE63
 1559 00f0 0400     		.2byte	0x4
 1560 00f2 F3       		.byte	0xf3
 1561 00f3 01       		.uleb128 0x1
 1562 00f4 50       		.byte	0x50
 1563 00f5 9F       		.byte	0x9f
 1564 00f6 00000000 		.4byte	0
 1565 00fa 00000000 		.4byte	0
 1566              	.LLST6:
 1567 00fe 04000000 		.4byte	.LVL14
 1568 0102 08000000 		.4byte	.LVL15
 1569 0106 0200     		.2byte	0x2
 1570 0108 30       		.byte	0x30
 1571 0109 9F       		.byte	0x9f
 1572 010a 08000000 		.4byte	.LVL15
 1573 010e 0A000000 		.4byte	.LVL16
 1574 0112 0600     		.2byte	0x6
 1575 0114 74       		.byte	0x74
 1576 0115 00       		.sleb128 0
 1577 0116 70       		.byte	0x70
 1578 0117 00       		.sleb128 0
ARM GAS  C:\Users\rbhar\AppData\Local\Temp\cc0h7jsc.s 			page 34


 1579 0118 1A       		.byte	0x1a
 1580 0119 9F       		.byte	0x9f
 1581 011a 0A000000 		.4byte	.LVL16
 1582 011e 0C000000 		.4byte	.LFE63
 1583 0122 0100     		.2byte	0x1
 1584 0124 50       		.byte	0x50
 1585 0125 00000000 		.4byte	0
 1586 0129 00000000 		.4byte	0
 1587              	.LLST7:
 1588 012d 00000000 		.4byte	.LVL19
 1589 0131 07000000 		.4byte	.LVL21-1
 1590 0135 0100     		.2byte	0x1
 1591 0137 50       		.byte	0x50
 1592 0138 07000000 		.4byte	.LVL21-1
 1593 013c 14000000 		.4byte	.LFE65
 1594 0140 0100     		.2byte	0x1
 1595 0142 55       		.byte	0x55
 1596 0143 00000000 		.4byte	0
 1597 0147 00000000 		.4byte	0
 1598              	.LLST8:
 1599 014b 04000000 		.4byte	.LVL20
 1600 014f 0A000000 		.4byte	.LVL22
 1601 0153 0200     		.2byte	0x2
 1602 0155 30       		.byte	0x30
 1603 0156 9F       		.byte	0x9f
 1604 0157 0A000000 		.4byte	.LVL22
 1605 015b 0D000000 		.4byte	.LVL23-1
 1606 015f 0100     		.2byte	0x1
 1607 0161 50       		.byte	0x50
 1608 0162 0D000000 		.4byte	.LVL23-1
 1609 0166 14000000 		.4byte	.LFE65
 1610 016a 0100     		.2byte	0x1
 1611 016c 54       		.byte	0x54
 1612 016d 00000000 		.4byte	0
 1613 0171 00000000 		.4byte	0
 1614              	.LLST9:
 1615 0175 0A000000 		.4byte	.LVL24
 1616 0179 18000000 		.4byte	.LVL26
 1617 017d 0200     		.2byte	0x2
 1618 017f 30       		.byte	0x30
 1619 0180 9F       		.byte	0x9f
 1620 0181 18000000 		.4byte	.LVL26
 1621 0185 C0000000 		.4byte	.LFE68
 1622 0189 0100     		.2byte	0x1
 1623 018b 54       		.byte	0x54
 1624 018c 00000000 		.4byte	0
 1625 0190 00000000 		.4byte	0
 1626              	.LLST10:
 1627 0194 0A000000 		.4byte	.LVL24
 1628 0198 18000000 		.4byte	.LVL26
 1629 019c 0200     		.2byte	0x2
 1630 019e 30       		.byte	0x30
 1631 019f 9F       		.byte	0x9f
 1632 01a0 18000000 		.4byte	.LVL26
 1633 01a4 9C000000 		.4byte	.LVL51
 1634 01a8 0100     		.2byte	0x1
 1635 01aa 55       		.byte	0x55
ARM GAS  C:\Users\rbhar\AppData\Local\Temp\cc0h7jsc.s 			page 35


 1636 01ab 9C000000 		.4byte	.LVL51
 1637 01af A0000000 		.4byte	.LVL52
 1638 01b3 0100     		.2byte	0x1
 1639 01b5 50       		.byte	0x50
 1640 01b6 A0000000 		.4byte	.LVL52
 1641 01ba C0000000 		.4byte	.LFE68
 1642 01be 0100     		.2byte	0x1
 1643 01c0 55       		.byte	0x55
 1644 01c1 00000000 		.4byte	0
 1645 01c5 00000000 		.4byte	0
 1646              	.LLST11:
 1647 01c9 0A000000 		.4byte	.LVL24
 1648 01cd 18000000 		.4byte	.LVL26
 1649 01d1 0200     		.2byte	0x2
 1650 01d3 30       		.byte	0x30
 1651 01d4 9F       		.byte	0x9f
 1652 01d5 18000000 		.4byte	.LVL26
 1653 01d9 C0000000 		.4byte	.LFE68
 1654 01dd 0100     		.2byte	0x1
 1655 01df 56       		.byte	0x56
 1656 01e0 00000000 		.4byte	0
 1657 01e4 00000000 		.4byte	0
 1658              	.LLST12:
 1659 01e8 0A000000 		.4byte	.LVL24
 1660 01ec 18000000 		.4byte	.LVL26
 1661 01f0 0200     		.2byte	0x2
 1662 01f2 30       		.byte	0x30
 1663 01f3 9F       		.byte	0x9f
 1664 01f4 18000000 		.4byte	.LVL26
 1665 01f8 2B000000 		.4byte	.LVL27
 1666 01fc 0100     		.2byte	0x1
 1667 01fe 53       		.byte	0x53
 1668 01ff 38000000 		.4byte	.LVL29
 1669 0203 3B000000 		.4byte	.LVL30-1
 1670 0207 0100     		.2byte	0x1
 1671 0209 53       		.byte	0x53
 1672 020a 3C000000 		.4byte	.LVL30
 1673 020e 40000000 		.4byte	.LVL31
 1674 0212 0200     		.2byte	0x2
 1675 0214 32       		.byte	0x32
 1676 0215 9F       		.byte	0x9f
 1677 0216 40000000 		.4byte	.LVL31
 1678 021a 45000000 		.4byte	.LVL32-1
 1679 021e 0100     		.2byte	0x1
 1680 0220 53       		.byte	0x53
 1681 0221 4E000000 		.4byte	.LVL34
 1682 0225 52000000 		.4byte	.LVL35
 1683 0229 0200     		.2byte	0x2
 1684 022b 33       		.byte	0x33
 1685 022c 9F       		.byte	0x9f
 1686 022d 52000000 		.4byte	.LVL35
 1687 0231 57000000 		.4byte	.LVL36-1
 1688 0235 0100     		.2byte	0x1
 1689 0237 53       		.byte	0x53
 1690 0238 5A000000 		.4byte	.LVL37
 1691 023c 5E000000 		.4byte	.LVL38
 1692 0240 0200     		.2byte	0x2
ARM GAS  C:\Users\rbhar\AppData\Local\Temp\cc0h7jsc.s 			page 36


 1693 0242 34       		.byte	0x34
 1694 0243 9F       		.byte	0x9f
 1695 0244 5E000000 		.4byte	.LVL38
 1696 0248 67000000 		.4byte	.LVL39-1
 1697 024c 0100     		.2byte	0x1
 1698 024e 53       		.byte	0x53
 1699 024f 68000000 		.4byte	.LVL39
 1700 0253 6C000000 		.4byte	.LVL40
 1701 0257 0200     		.2byte	0x2
 1702 0259 35       		.byte	0x35
 1703 025a 9F       		.byte	0x9f
 1704 025b 6C000000 		.4byte	.LVL40
 1705 025f 6F000000 		.4byte	.LVL41-1
 1706 0263 0100     		.2byte	0x1
 1707 0265 53       		.byte	0x53
 1708 0266 74000000 		.4byte	.LVL42
 1709 026a 78000000 		.4byte	.LVL43
 1710 026e 0200     		.2byte	0x2
 1711 0270 36       		.byte	0x36
 1712 0271 9F       		.byte	0x9f
 1713 0272 78000000 		.4byte	.LVL43
 1714 0276 7B000000 		.4byte	.LVL44-1
 1715 027a 0100     		.2byte	0x1
 1716 027c 53       		.byte	0x53
 1717 027d 82000000 		.4byte	.LVL45
 1718 0281 86000000 		.4byte	.LVL46
 1719 0285 0200     		.2byte	0x2
 1720 0287 37       		.byte	0x37
 1721 0288 9F       		.byte	0x9f
 1722 0289 86000000 		.4byte	.LVL46
 1723 028d 89000000 		.4byte	.LVL47-1
 1724 0291 0100     		.2byte	0x1
 1725 0293 53       		.byte	0x53
 1726 0294 8E000000 		.4byte	.LVL48
 1727 0298 92000000 		.4byte	.LVL49
 1728 029c 0200     		.2byte	0x2
 1729 029e 38       		.byte	0x38
 1730 029f 9F       		.byte	0x9f
 1731 02a0 92000000 		.4byte	.LVL49
 1732 02a4 99000000 		.4byte	.LVL50-1
 1733 02a8 0100     		.2byte	0x1
 1734 02aa 53       		.byte	0x53
 1735 02ab 9C000000 		.4byte	.LVL51
 1736 02af A0000000 		.4byte	.LVL52
 1737 02b3 0200     		.2byte	0x2
 1738 02b5 39       		.byte	0x39
 1739 02b6 9F       		.byte	0x9f
 1740 02b7 A0000000 		.4byte	.LVL52
 1741 02bb A9000000 		.4byte	.LVL53-1
 1742 02bf 0100     		.2byte	0x1
 1743 02c1 53       		.byte	0x53
 1744 02c2 AC000000 		.4byte	.LVL54
 1745 02c6 B0000000 		.4byte	.LVL55
 1746 02ca 0200     		.2byte	0x2
 1747 02cc 3A       		.byte	0x3a
 1748 02cd 9F       		.byte	0x9f
 1749 02ce B0000000 		.4byte	.LVL55
ARM GAS  C:\Users\rbhar\AppData\Local\Temp\cc0h7jsc.s 			page 37


 1750 02d2 B7000000 		.4byte	.LVL56-1
 1751 02d6 0100     		.2byte	0x1
 1752 02d8 53       		.byte	0x53
 1753 02d9 B8000000 		.4byte	.LVL56
 1754 02dd C0000000 		.4byte	.LFE68
 1755 02e1 0200     		.2byte	0x2
 1756 02e3 31       		.byte	0x31
 1757 02e4 9F       		.byte	0x9f
 1758 02e5 00000000 		.4byte	0
 1759 02e9 00000000 		.4byte	0
 1760              		.section	.debug_aranges,"",%progbits
 1761 0000 44000000 		.4byte	0x44
 1762 0004 0200     		.2byte	0x2
 1763 0006 00000000 		.4byte	.Ldebug_info0
 1764 000a 04       		.byte	0x4
 1765 000b 00       		.byte	0
 1766 000c 0000     		.2byte	0
 1767 000e 0000     		.2byte	0
 1768 0010 00000000 		.4byte	.LFB67
 1769 0014 34000000 		.4byte	.LFE67-.LFB67
 1770 0018 00000000 		.4byte	.LFB66
 1771 001c 38000000 		.4byte	.LFE66-.LFB66
 1772 0020 00000000 		.4byte	.LFB63
 1773 0024 0C000000 		.4byte	.LFE63-.LFB63
 1774 0028 00000000 		.4byte	.LFB64
 1775 002c 0E000000 		.4byte	.LFE64-.LFB64
 1776 0030 00000000 		.4byte	.LFB65
 1777 0034 14000000 		.4byte	.LFE65-.LFB65
 1778 0038 00000000 		.4byte	.LFB68
 1779 003c C0000000 		.4byte	.LFE68-.LFB68
 1780 0040 00000000 		.4byte	0
 1781 0044 00000000 		.4byte	0
 1782              		.section	.debug_ranges,"",%progbits
 1783              	.Ldebug_ranges0:
 1784 0000 00000000 		.4byte	.LFB67
 1785 0004 34000000 		.4byte	.LFE67
 1786 0008 00000000 		.4byte	.LFB66
 1787 000c 38000000 		.4byte	.LFE66
 1788 0010 00000000 		.4byte	.LFB63
 1789 0014 0C000000 		.4byte	.LFE63
 1790 0018 00000000 		.4byte	.LFB64
 1791 001c 0E000000 		.4byte	.LFE64
 1792 0020 00000000 		.4byte	.LFB65
 1793 0024 14000000 		.4byte	.LFE65
 1794 0028 00000000 		.4byte	.LFB68
 1795 002c C0000000 		.4byte	.LFE68
 1796 0030 00000000 		.4byte	0
 1797 0034 00000000 		.4byte	0
 1798              		.section	.debug_line,"",%progbits
 1799              	.Ldebug_line0:
 1800 0000 D5020000 		.section	.debug_str,"MS",%progbits,1
 1800      02003002 
 1800      00000201 
 1800      FB0E0D00 
 1800      01010101 
 1801              	.LASF18:
 1802 0000 6C6F6E67 		.ascii	"long double\000"
ARM GAS  C:\Users\rbhar\AppData\Local\Temp\cc0h7jsc.s 			page 38


 1802      20646F75 
 1802      626C6500 
 1803              	.LASF84:
 1804 000c 736F7572 		.ascii	"source\\asw\\ReactionGame.c\000"
 1804      63655C61 
 1804      73775C52 
 1804      65616374 
 1804      696F6E47 
 1805              	.LASF49:
 1806 0026 65526561 		.ascii	"eReactionStates_t\000"
 1806      6374696F 
 1806      6E537461 
 1806      7465735F 
 1806      7400
 1807              	.LASF58:
 1808 0038 72657375 		.ascii	"result\000"
 1808      6C7400
 1809              	.LASF81:
 1810 003f 4953525F 		.ascii	"ISR_Button3_Disable\000"
 1810      42757474 
 1810      6F6E335F 
 1810      44697361 
 1810      626C6500 
 1811              	.LASF52:
 1812 0053 52656163 		.ascii	"ReactionIndex\000"
 1812      74696F6E 
 1812      496E6465 
 1812      7800
 1813              	.LASF77:
 1814 0061 44656C61 		.ascii	"DelayGenerator\000"
 1814      7947656E 
 1814      65726174 
 1814      6F7200
 1815              	.LASF82:
 1816 0070 4953525F 		.ascii	"ISR_Button4_Disable\000"
 1816      42757474 
 1816      6F6E345F 
 1816      44697361 
 1816      626C6500 
 1817              	.LASF24:
 1818 0084 65436F6E 		.ascii	"eConsoleMsgTypes\000"
 1818      736F6C65 
 1818      4D736754 
 1818      79706573 
 1818      00
 1819              	.LASF2:
 1820 0095 73686F72 		.ascii	"short int\000"
 1820      7420696E 
 1820      7400
 1821              	.LASF36:
 1822 009f 52454143 		.ascii	"REACTION_WRONG\000"
 1822      54494F4E 
 1822      5F57524F 
 1822      4E4700
 1823              	.LASF19:
 1824 00ae 73697A65 		.ascii	"sizetype\000"
 1824      74797065 
ARM GAS  C:\Users\rbhar\AppData\Local\Temp\cc0h7jsc.s 			page 39


 1824      00
 1825              	.LASF75:
 1826 00b7 47657454 		.ascii	"GetTimerMeasurement\000"
 1826      696D6572 
 1826      4D656173 
 1826      7572656D 
 1826      656E7400 
 1827              	.LASF53:
 1828 00cb 4E756D62 		.ascii	"Number\000"
 1828      657200
 1829              	.LASF42:
 1830 00d2 52475F55 		.ascii	"RG_UPDATE_SCREEN_WITH_RANDOM_NO\000"
 1830      50444154 
 1830      455F5343 
 1830      5245454E 
 1830      5F574954 
 1831              	.LASF7:
 1832 00f2 5F5F7569 		.ascii	"__uint32_t\000"
 1832      6E743332 
 1832      5F7400
 1833              	.LASF71:
 1834 00fd 52656164 		.ascii	"ReadCurrentButtonPressed\000"
 1834      43757272 
 1834      656E7442 
 1834      7574746F 
 1834      6E507265 
 1835              	.LASF48:
 1836 0116 52475F44 		.ascii	"RG_DISPLAY_RESULTS\000"
 1836      4953504C 
 1836      41595F52 
 1836      4553554C 
 1836      545300
 1837              	.LASF40:
 1838 0129 52475F47 		.ascii	"RG_GENERATE_RANDOM_DELAY\000"
 1838      454E4552 
 1838      4154455F 
 1838      52414E44 
 1838      4F4D5F44 
 1839              	.LASF38:
 1840 0142 52475F53 		.ascii	"RG_START_BUTTON_PRESSED\000"
 1840      54415254 
 1840      5F425554 
 1840      544F4E5F 
 1840      50524553 
 1841              	.LASF47:
 1842 015a 52475F47 		.ascii	"RG_GET_BUTTON_PRESSED\000"
 1842      45545F42 
 1842      5554544F 
 1842      4E5F5052 
 1842      45535345 
 1843              	.LASF27:
 1844 0170 42555454 		.ascii	"BUTTON_PRESSED_1\000"
 1844      4F4E5F50 
 1844      52455353 
 1844      45445F31 
 1844      00
 1845              	.LASF28:
ARM GAS  C:\Users\rbhar\AppData\Local\Temp\cc0h7jsc.s 			page 40


 1846 0181 42555454 		.ascii	"BUTTON_PRESSED_2\000"
 1846      4F4E5F50 
 1846      52455353 
 1846      45445F32 
 1846      00
 1847              	.LASF43:
 1848 0192 52475F45 		.ascii	"RG_ENABLE_KEY_INTERRUPTS\000"
 1848      4E41424C 
 1848      455F4B45 
 1848      595F494E 
 1848      54455252 
 1849              	.LASF72:
 1850 01ab 72616E64 		.ascii	"rand\000"
 1850      00
 1851              	.LASF31:
 1852 01b0 42555454 		.ascii	"BUTTON_ALREADY_PRESSED\000"
 1852      4F4E5F41 
 1852      4C524541 
 1852      44595F50 
 1852      52455353 
 1853              	.LASF15:
 1854 01c7 666C6F61 		.ascii	"float\000"
 1854      7400
 1855              	.LASF64:
 1856 01cd 52656163 		.ascii	"ReactionButton\000"
 1856      74696F6E 
 1856      42757474 
 1856      6F6E00
 1857              	.LASF9:
 1858 01dc 6C6F6E67 		.ascii	"long long int\000"
 1858      206C6F6E 
 1858      6720696E 
 1858      7400
 1859              	.LASF22:
 1860 01ea 434F4E53 		.ascii	"CONSOLE_LOGS\000"
 1860      4F4C455F 
 1860      4C4F4753 
 1860      00
 1861              	.LASF30:
 1862 01f7 42555454 		.ascii	"BUTTON_PRESSED_4\000"
 1862      4F4E5F50 
 1862      52455353 
 1862      45445F34 
 1862      00
 1863              	.LASF20:
 1864 0208 73696E74 		.ascii	"sint32_t\000"
 1864      33325F74 
 1864      00
 1865              	.LASF45:
 1866 0211 52475F44 		.ascii	"RG_DISABLE_KEY_INTERRUPTS\000"
 1866      49534142 
 1866      4C455F4B 
 1866      45595F49 
 1866      4E544552 
 1867              	.LASF23:
 1868 022b 434F4E53 		.ascii	"CONSOLE_DEBUG\000"
 1868      4F4C455F 
ARM GAS  C:\Users\rbhar\AppData\Local\Temp\cc0h7jsc.s 			page 41


 1868      44454255 
 1868      4700
 1869              	.LASF6:
 1870 0239 6C6F6E67 		.ascii	"long int\000"
 1870      20696E74 
 1870      00
 1871              	.LASF4:
 1872 0242 5F5F7569 		.ascii	"__uint8_t\000"
 1872      6E74385F 
 1872      7400
 1873              	.LASF50:
 1874 024c 65526561 		.ascii	"eReactionStateTypes_t\000"
 1874      6374696F 
 1874      6E537461 
 1874      74655479 
 1874      7065735F 
 1875              	.LASF85:
 1876 0262 443A5C48 		.ascii	"D:\\HDA\\Pre-Semester\\2_Microcontroller\\LabWorksp"
 1876      44415C50 
 1876      72652D53 
 1876      656D6573 
 1876      7465725C 
 1877 0291 6163655C 		.ascii	"ace\\LabMicrocontroller\\ReactionGame.cydsn\000"
 1877      4C61624D 
 1877      6963726F 
 1877      636F6E74 
 1877      726F6C6C 
 1878              	.LASF57:
 1879 02bb 4E756D52 		.ascii	"NumRange\000"
 1879      616E6765 
 1879      00
 1880              	.LASF46:
 1881 02c4 52475F47 		.ascii	"RG_GET_REACTION_MEASUREMENT\000"
 1881      45545F52 
 1881      45414354 
 1881      494F4E5F 
 1881      4D454153 
 1882              	.LASF25:
 1883 02e0 65427574 		.ascii	"eButtonPressStates\000"
 1883      746F6E50 
 1883      72657373 
 1883      53746174 
 1883      657300
 1884              	.LASF86:
 1885 02f3 52656163 		.ascii	"ReactionGameRun\000"
 1885      74696F6E 
 1885      47616D65 
 1885      52756E00 
 1886              	.LASF59:
 1887 0303 52616E64 		.ascii	"RandNum\000"
 1887      4E756D00 
 1888              	.LASF35:
 1889 030b 52454143 		.ascii	"REACTION_CORRECT\000"
 1889      54494F4E 
 1889      5F434F52 
 1889      52454354 
 1889      00
ARM GAS  C:\Users\rbhar\AppData\Local\Temp\cc0h7jsc.s 			page 42


 1890              	.LASF1:
 1891 031c 756E7369 		.ascii	"unsigned char\000"
 1891      676E6564 
 1891      20636861 
 1891      7200
 1892              	.LASF0:
 1893 032a 7369676E 		.ascii	"signed char\000"
 1893      65642063 
 1893      68617200 
 1894              	.LASF56:
 1895 0336 47657452 		.ascii	"GetRandomNumber\000"
 1895      616E646F 
 1895      6D4E756D 
 1895      62657200 
 1896              	.LASF10:
 1897 0346 6C6F6E67 		.ascii	"long long unsigned int\000"
 1897      206C6F6E 
 1897      6720756E 
 1897      7369676E 
 1897      65642069 
 1898              	.LASF14:
 1899 035d 75696E74 		.ascii	"uint32_t\000"
 1899      33325F74 
 1899      00
 1900              	.LASF11:
 1901 0366 756E7369 		.ascii	"unsigned int\000"
 1901      676E6564 
 1901      20696E74 
 1901      00
 1902              	.LASF54:
 1903 0373 42757474 		.ascii	"ButtonState\000"
 1903      6F6E5374 
 1903      61746500 
 1904              	.LASF78:
 1905 037f 53455645 		.ascii	"SEVEN_Write\000"
 1905      4E5F5772 
 1905      69746500 
 1906              	.LASF39:
 1907 038b 52475F53 		.ascii	"RG_START_SCREEN\000"
 1907      54415254 
 1907      5F534352 
 1907      45454E00 
 1908              	.LASF3:
 1909 039b 73686F72 		.ascii	"short unsigned int\000"
 1909      7420756E 
 1909      7369676E 
 1909      65642069 
 1909      6E7400
 1910              	.LASF62:
 1911 03ae 47657452 		.ascii	"GetReactionMeasurement\000"
 1911      65616374 
 1911      696F6E4D 
 1911      65617375 
 1911      72656D65 
 1912              	.LASF17:
 1913 03c5 63686172 		.ascii	"char\000"
 1913      00
ARM GAS  C:\Users\rbhar\AppData\Local\Temp\cc0h7jsc.s 			page 43


 1914              	.LASF13:
 1915 03ca 696E7433 		.ascii	"int32_t\000"
 1915      325F7400 
 1916              	.LASF76:
 1917 03d2 53455645 		.ascii	"SEVEN_clear\000"
 1917      4E5F636C 
 1917      65617200 
 1918              	.LASF68:
 1919 03de 52656163 		.ascii	"ReactionNoCounter\000"
 1919      74696F6E 
 1919      4E6F436F 
 1919      756E7465 
 1919      7200
 1920              	.LASF33:
 1921 03f0 65526561 		.ascii	"eReactionStates\000"
 1921      6374696F 
 1921      6E537461 
 1921      74657300 
 1922              	.LASF67:
 1923 0400 52656163 		.ascii	"ReactionWrongCounter\000"
 1923      74696F6E 
 1923      57726F6E 
 1923      67436F75 
 1923      6E746572 
 1924              	.LASF8:
 1925 0415 6C6F6E67 		.ascii	"long unsigned int\000"
 1925      20756E73 
 1925      69676E65 
 1925      6420696E 
 1925      7400
 1926              	.LASF16:
 1927 0427 646F7562 		.ascii	"double\000"
 1927      6C6500
 1928              	.LASF74:
 1929 042e 55706461 		.ascii	"UpdateButtonPressed\000"
 1929      74654275 
 1929      74746F6E 
 1929      50726573 
 1929      73656400 
 1930              	.LASF87:
 1931 0442 49544D5F 		.ascii	"ITM_RxBuffer\000"
 1931      52784275 
 1931      66666572 
 1931      00
 1932              	.LASF63:
 1933 044f 4D656173 		.ascii	"MeasuredReactionTime\000"
 1933      75726564 
 1933      52656163 
 1933      74696F6E 
 1933      54696D65 
 1934              	.LASF51:
 1935 0464 4D656173 		.ascii	"MeasuredTime\000"
 1935      75726564 
 1935      54696D65 
 1935      00
 1936              	.LASF5:
 1937 0471 5F5F696E 		.ascii	"__int32_t\000"
ARM GAS  C:\Users\rbhar\AppData\Local\Temp\cc0h7jsc.s 			page 44


 1937      7433325F 
 1937      7400
 1938              	.LASF12:
 1939 047b 75696E74 		.ascii	"uint8_t\000"
 1939      385F7400 
 1940              	.LASF66:
 1941 0483 52656163 		.ascii	"ReactionCorrectCounter\000"
 1941      74696F6E 
 1941      436F7272 
 1941      65637443 
 1941      6F756E74 
 1942              	.LASF41:
 1943 049a 52475F47 		.ascii	"RG_GENERATE_RANDOM_NO_TO_DISPLAY\000"
 1943      454E4552 
 1943      4154455F 
 1943      52414E44 
 1943      4F4D5F4E 
 1944              	.LASF44:
 1945 04bb 52475F53 		.ascii	"RG_START_REACTION_MEASUREMENT\000"
 1945      54415254 
 1945      5F524541 
 1945      4354494F 
 1945      4E5F4D45 
 1946              	.LASF55:
 1947 04d9 43686563 		.ascii	"CheckButtonPressMatch\000"
 1947      6B427574 
 1947      746F6E50 
 1947      72657373 
 1947      4D617463 
 1948              	.LASF70:
 1949 04ef 5072696E 		.ascii	"PrintOnConsole\000"
 1949      744F6E43 
 1949      6F6E736F 
 1949      6C6500
 1950              	.LASF21:
 1951 04fe 434F4E53 		.ascii	"CONSOLE_MSG\000"
 1951      4F4C455F 
 1951      4D534700 
 1952              	.LASF73:
 1953 050a 53746172 		.ascii	"StartTimerMeasurement\000"
 1953      7454696D 
 1953      65724D65 
 1953      61737572 
 1953      656D656E 
 1954              	.LASF32:
 1955 0520 65427574 		.ascii	"eButtonPressStates_t\000"
 1955      746F6E50 
 1955      72657373 
 1955      53746174 
 1955      65735F74 
 1956              	.LASF83:
 1957 0535 474E5520 		.ascii	"GNU C11 5.4.1 20160609 (release) [ARM/embedded-5-br"
 1957      43313120 
 1957      352E342E 
 1957      31203230 
 1957      31363036 
 1958 0568 616E6368 		.ascii	"anch revision 237715] -mcpu=cortex-m3 -mthumb -g -O"
ARM GAS  C:\Users\rbhar\AppData\Local\Temp\cc0h7jsc.s 			page 45


 1958      20726576 
 1958      6973696F 
 1958      6E203233 
 1958      37373135 
 1959 059b 67202D66 		.ascii	"g -ffunction-sections -ffat-lto-objects\000"
 1959      66756E63 
 1959      74696F6E 
 1959      2D736563 
 1959      74696F6E 
 1960              	.LASF29:
 1961 05c3 42555454 		.ascii	"BUTTON_PRESSED_3\000"
 1961      4F4E5F50 
 1961      52455353 
 1961      45445F33 
 1961      00
 1962              	.LASF37:
 1963 05d4 65526561 		.ascii	"eReactionStateTypes\000"
 1963      6374696F 
 1963      6E537461 
 1963      74655479 
 1963      70657300 
 1964              	.LASF34:
 1965 05e8 52454143 		.ascii	"REACTION_NO\000"
 1965      54494F4E 
 1965      5F4E4F00 
 1966              	.LASF60:
 1967 05f4 44697370 		.ascii	"DisplayReactionResults\000"
 1967      6C617952 
 1967      65616374 
 1967      696F6E52 
 1967      6573756C 
 1968              	.LASF26:
 1969 060b 42555454 		.ascii	"BUTTON_UNPRESSED\000"
 1969      4F4E5F55 
 1969      4E505245 
 1969      53534544 
 1969      00
 1970              	.LASF80:
 1971 061c 4953525F 		.ascii	"ISR_Button4_Enable\000"
 1971      42757474 
 1971      6F6E345F 
 1971      456E6162 
 1971      6C6500
 1972              	.LASF69:
 1973 062f 50726564 		.ascii	"PredefinedMessages\000"
 1973      6566696E 
 1973      65644D65 
 1973      73736167 
 1973      657300
 1974              	.LASF61:
 1975 0642 53746172 		.ascii	"StartReactionMeasurement\000"
 1975      74526561 
 1975      6374696F 
 1975      6E4D6561 
 1975      73757265 
 1976              	.LASF65:
 1977 065b 52475F43 		.ascii	"RG_CurrentState\000"
ARM GAS  C:\Users\rbhar\AppData\Local\Temp\cc0h7jsc.s 			page 46


 1977      75727265 
 1977      6E745374 
 1977      61746500 
 1978              	.LASF79:
 1979 066b 4953525F 		.ascii	"ISR_Button3_Enable\000"
 1979      42757474 
 1979      6F6E335F 
 1979      456E6162 
 1979      6C6500
 1980              		.ident	"GCC: (GNU Tools for ARM Embedded Processors) 5.4.1 20160609 (release) [ARM/embedded-5-bran
