ARM GAS  C:\Users\rbhar\AppData\Local\Temp\ccSrbOLa.s 			page 1


   1              		.syntax unified
   2              		.cpu cortex-m3
   3              		.fpu softvfp
   4              		.eabi_attribute 20, 1
   5              		.eabi_attribute 21, 1
   6              		.eabi_attribute 23, 3
   7              		.eabi_attribute 24, 1
   8              		.eabi_attribute 25, 1
   9              		.eabi_attribute 26, 1
  10              		.eabi_attribute 30, 1
  11              		.eabi_attribute 34, 1
  12              		.eabi_attribute 18, 4
  13              		.thumb
  14              		.syntax unified
  15              		.file	"seven.c"
  16              		.text
  17              	.Ltext0:
  18              		.cfi_sections	.debug_frame
  19              		.section	.text.SEVEN_Set,"ax",%progbits
  20              		.align	2
  21              		.thumb
  22              		.thumb_func
  23              		.type	SEVEN_Set, %function
  24              	SEVEN_Set:
  25              	.LFB65:
  26              		.file 1 "source\\bsw\\seven.c"
   1:source\bsw/seven.c **** /**
   2:source\bsw/seven.c **** * \file <seven.c>
   3:source\bsw/seven.c **** * \author <Bharath Ramachandraiah>
   4:source\bsw/seven.c **** * \date <25/09/2018>
   5:source\bsw/seven.c **** *
   6:source\bsw/seven.c **** * \brief <Symbolic File name>
   7:source\bsw/seven.c **** *
   8:source\bsw/seven.c **** * \copyright Copyright ©2016
   9:source\bsw/seven.c **** * Department of electrical engineering and information technology, Hochschule Darmstadt - Universit
  10:source\bsw/seven.c **** * Permission to use, copy, modify, and distribute this software and its documentation for education
  11:source\bsw/seven.c **** * (unless permitted by h_da) and official h_da projects, is hereby granted for enrolled students of
  12:source\bsw/seven.c **** * this paragraph and the following paragraph appear in all copies, modifications, and distributions
  13:source\bsw/seven.c **** * Contact Prof.Dr.-Ing. Peter Fromm, peter.fromm@h-da.de, Birkenweg 8 64295 Darmstadt - GERMANY for
  14:source\bsw/seven.c **** *
  15:source\bsw/seven.c **** * \warning This software is a PROTOTYPE version and is not designed or intended for use in producti
  16:source\bsw/seven.c **** * The user represents and warrants that it will NOT use or redistribute the Software for such purpo
  17:source\bsw/seven.c **** * This prototype is for research purposes only. This software is provided "AS IS," without a warran
  18:source\bsw/seven.c **** */
  19:source\bsw/seven.c **** 
  20:source\bsw/seven.c **** /*****************************************************************************/
  21:source\bsw/seven.c **** /* Include files                                                             */
  22:source\bsw/seven.c **** /*****************************************************************************/
  23:source\bsw/seven.c **** #include "global.h"
  24:source\bsw/seven.c **** #include "Pin_Display.h"
  25:source\bsw/seven.c **** #include "Pin_Select.h"
  26:source\bsw/seven.c **** #include "seven.h"
  27:source\bsw/seven.c **** #include "Control_Reg_SevenSegmentLED.h"
  28:source\bsw/seven.c **** 
  29:source\bsw/seven.c **** /*****************************************************************************/
  30:source\bsw/seven.c **** /* Local pre-processor symbols/macros ('#define')                            */
  31:source\bsw/seven.c **** /*****************************************************************************/
ARM GAS  C:\Users\rbhar\AppData\Local\Temp\ccSrbOLa.s 			page 2


  32:source\bsw/seven.c **** #define SEVEN_NO_DISPLAYS_MAX       2
  33:source\bsw/seven.c **** #define SEVEN_NO_OF_SEGMENTS        7
  34:source\bsw/seven.c **** 
  35:source\bsw/seven.c **** /*****************************************************************************/
  36:source\bsw/seven.c **** /* Global variable definitions (declared in header file with 'extern')       */
  37:source\bsw/seven.c **** /*****************************************************************************/
  38:source\bsw/seven.c **** 
  39:source\bsw/seven.c **** /*****************************************************************************/
  40:source\bsw/seven.c **** /* Local type definitions ('typedef')                                        */
  41:source\bsw/seven.c **** /*****************************************************************************/
  42:source\bsw/seven.c **** 
  43:source\bsw/seven.c **** /*****************************************************************************/
  44:source\bsw/seven.c **** /* Local variable definitions ('static')                                     */
  45:source\bsw/seven.c **** /*****************************************************************************/
  46:source\bsw/seven.c **** static const uint8 LookUpForDisplay[] = 
  47:source\bsw/seven.c **** {
  48:source\bsw/seven.c ****     0x3F,
  49:source\bsw/seven.c ****     0x06,
  50:source\bsw/seven.c ****     0x5b,
  51:source\bsw/seven.c ****     0x4f,
  52:source\bsw/seven.c ****     0x66,
  53:source\bsw/seven.c ****     0x6d,
  54:source\bsw/seven.c ****     0x7d,
  55:source\bsw/seven.c ****     0x07,
  56:source\bsw/seven.c ****     0x7f,
  57:source\bsw/seven.c ****     0x6f,
  58:source\bsw/seven.c ****     0x77,
  59:source\bsw/seven.c ****     0x7c,
  60:source\bsw/seven.c ****     0x39,
  61:source\bsw/seven.c ****     0x5e,
  62:source\bsw/seven.c ****     0x79,
  63:source\bsw/seven.c ****     0x71,
  64:source\bsw/seven.c ****     0x00,
  65:source\bsw/seven.c **** };
  66:source\bsw/seven.c **** 
  67:source\bsw/seven.c **** /*****************************************************************************/
  68:source\bsw/seven.c **** /* Local function prototypes ('static')                                      */
  69:source\bsw/seven.c **** /*****************************************************************************/
  70:source\bsw/seven.c **** 
  71:source\bsw/seven.c **** 
  72:source\bsw/seven.c **** /*****************************************************************************/
  73:source\bsw/seven.c **** /* Function implementation - global ('extern') and local ('static')          */
  74:source\bsw/seven.c **** /*****************************************************************************/
  75:source\bsw/seven.c **** 
  76:source\bsw/seven.c **** /**
  77:source\bsw/seven.c ****  * The function initializes the display to default settings.
  78:source\bsw/seven.c ****  * @param void
  79:source\bsw/seven.c ****  * @return the displays are reset.
  80:source\bsw/seven.c ****  */
  81:source\bsw/seven.c **** RC_t SEVEN_init(void)
  82:source\bsw/seven.c **** {
  83:source\bsw/seven.c ****     Pin_Display_Write(SEGMENT_ON);
  84:source\bsw/seven.c ****     
  85:source\bsw/seven.c ****     /* Select 0th Display */
  86:source\bsw/seven.c ****     Pin_Select_Write(SEVEN_DISPLAY0);
  87:source\bsw/seven.c ****     Control_Reg_SevenSegmentLED_Write(LookUpForDisplay[(sizeof(LookUpForDisplay) / sizeof(uint8)) -
  88:source\bsw/seven.c ****     
ARM GAS  C:\Users\rbhar\AppData\Local\Temp\ccSrbOLa.s 			page 3


  89:source\bsw/seven.c ****     /* Select 1st Display */
  90:source\bsw/seven.c ****     Pin_Select_Write(SEVEN_DISPLAY1);
  91:source\bsw/seven.c ****     Control_Reg_SevenSegmentLED_Write(LookUpForDisplay[(sizeof(LookUpForDisplay) / sizeof(uint8)) -
  92:source\bsw/seven.c ****     
  93:source\bsw/seven.c ****     return RC_SUCCESS;
  94:source\bsw/seven.c **** }
  95:source\bsw/seven.c **** 
  96:source\bsw/seven.c **** 
  97:source\bsw/seven.c **** /**
  98:source\bsw/seven.c ****  * The function clears the displays.
  99:source\bsw/seven.c ****  * @param void
 100:source\bsw/seven.c ****  * @return the displays are reset.
 101:source\bsw/seven.c ****  */
 102:source\bsw/seven.c **** RC_t SEVEN_clear(void)
 103:source\bsw/seven.c **** {   
 104:source\bsw/seven.c ****     return (SEVEN_init());
 105:source\bsw/seven.c **** }
 106:source\bsw/seven.c **** 
 107:source\bsw/seven.c **** /**
 108:source\bsw/seven.c ****  * The function takes the number as an input and updates on to the display.
 109:source\bsw/seven.c ****  * @param uint8 Value       : IN 0 - 0xF
 110:source\bsw/seven.c ****  * @return Updates the seven segment display with the values.
 111:source\bsw/seven.c ****  */
 112:source\bsw/seven.c **** static RC_t SEVEN_Set(eSegments_t DisplayNo, uint8 Value)
 113:source\bsw/seven.c **** {
  27              		.loc 1 113 0
  28              		.cfi_startproc
  29              		@ args = 0, pretend = 0, frame = 0
  30              		@ frame_needed = 0, uses_anonymous_args = 0
  31              	.LVL0:
  32 0000 10B5     		push	{r4, lr}
  33              		.cfi_def_cfa_offset 8
  34              		.cfi_offset 4, -8
  35              		.cfi_offset 14, -4
  36 0002 0C46     		mov	r4, r1
  37              	.LVL1:
 114:source\bsw/seven.c ****     uint8 NoToDisplay = 0;
 115:source\bsw/seven.c ****     /* Select the Display */
 116:source\bsw/seven.c ****     Pin_Select_Write(DisplayNo);
  38              		.loc 1 116 0
  39 0004 FFF7FEFF 		bl	Pin_Select_Write
  40              	.LVL2:
 117:source\bsw/seven.c ****     
 118:source\bsw/seven.c ****     NoToDisplay = LookUpForDisplay[Value & MASK_MSB_UINT8];
  41              		.loc 1 118 0
  42 0008 04F00F04 		and	r4, r4, #15
  43              	.LVL3:
 119:source\bsw/seven.c **** 
 120:source\bsw/seven.c ****     Control_Reg_SevenSegmentLED_Write(NoToDisplay);
  44              		.loc 1 120 0
  45 000c 024B     		ldr	r3, .L3
  46 000e 185D     		ldrb	r0, [r3, r4]	@ zero_extendqisi2
  47 0010 FFF7FEFF 		bl	Control_Reg_SevenSegmentLED_Write
  48              	.LVL4:
 121:source\bsw/seven.c **** 
 122:source\bsw/seven.c ****     return RC_SUCCESS;
 123:source\bsw/seven.c **** }
ARM GAS  C:\Users\rbhar\AppData\Local\Temp\ccSrbOLa.s 			page 4


  49              		.loc 1 123 0
  50 0014 0020     		movs	r0, #0
  51 0016 10BD     		pop	{r4, pc}
  52              	.LVL5:
  53              	.L4:
  54              		.align	2
  55              	.L3:
  56 0018 00000000 		.word	.LANCHOR0
  57              		.cfi_endproc
  58              	.LFE65:
  59              		.size	SEVEN_Set, .-SEVEN_Set
  60              		.section	.text.SEVEN_init,"ax",%progbits
  61              		.align	2
  62              		.global	SEVEN_init
  63              		.thumb
  64              		.thumb_func
  65              		.type	SEVEN_init, %function
  66              	SEVEN_init:
  67              	.LFB63:
  82:source\bsw/seven.c ****     Pin_Display_Write(SEGMENT_ON);
  68              		.loc 1 82 0
  69              		.cfi_startproc
  70              		@ args = 0, pretend = 0, frame = 0
  71              		@ frame_needed = 0, uses_anonymous_args = 0
  72 0000 08B5     		push	{r3, lr}
  73              		.cfi_def_cfa_offset 8
  74              		.cfi_offset 3, -8
  75              		.cfi_offset 14, -4
  83:source\bsw/seven.c ****     
  76              		.loc 1 83 0
  77 0002 0120     		movs	r0, #1
  78 0004 FFF7FEFF 		bl	Pin_Display_Write
  79              	.LVL6:
  86:source\bsw/seven.c ****     Control_Reg_SevenSegmentLED_Write(LookUpForDisplay[(sizeof(LookUpForDisplay) / sizeof(uint8)) -
  80              		.loc 1 86 0
  81 0008 0020     		movs	r0, #0
  82 000a FFF7FEFF 		bl	Pin_Select_Write
  83              	.LVL7:
  87:source\bsw/seven.c ****     
  84              		.loc 1 87 0
  85 000e 0020     		movs	r0, #0
  86 0010 FFF7FEFF 		bl	Control_Reg_SevenSegmentLED_Write
  87              	.LVL8:
  90:source\bsw/seven.c ****     Control_Reg_SevenSegmentLED_Write(LookUpForDisplay[(sizeof(LookUpForDisplay) / sizeof(uint8)) -
  88              		.loc 1 90 0
  89 0014 0120     		movs	r0, #1
  90 0016 FFF7FEFF 		bl	Pin_Select_Write
  91              	.LVL9:
  91:source\bsw/seven.c ****     
  92              		.loc 1 91 0
  93 001a 0020     		movs	r0, #0
  94 001c FFF7FEFF 		bl	Control_Reg_SevenSegmentLED_Write
  95              	.LVL10:
  94:source\bsw/seven.c **** 
  96              		.loc 1 94 0
  97 0020 0020     		movs	r0, #0
  98 0022 08BD     		pop	{r3, pc}
ARM GAS  C:\Users\rbhar\AppData\Local\Temp\ccSrbOLa.s 			page 5


  99              		.cfi_endproc
 100              	.LFE63:
 101              		.size	SEVEN_init, .-SEVEN_init
 102              		.section	.text.SEVEN_clear,"ax",%progbits
 103              		.align	2
 104              		.global	SEVEN_clear
 105              		.thumb
 106              		.thumb_func
 107              		.type	SEVEN_clear, %function
 108              	SEVEN_clear:
 109              	.LFB64:
 103:source\bsw/seven.c ****     return (SEVEN_init());
 110              		.loc 1 103 0
 111              		.cfi_startproc
 112              		@ args = 0, pretend = 0, frame = 0
 113              		@ frame_needed = 0, uses_anonymous_args = 0
 114 0000 08B5     		push	{r3, lr}
 115              		.cfi_def_cfa_offset 8
 116              		.cfi_offset 3, -8
 117              		.cfi_offset 14, -4
 104:source\bsw/seven.c **** }
 118              		.loc 1 104 0
 119 0002 FFF7FEFF 		bl	SEVEN_init
 120              	.LVL11:
 105:source\bsw/seven.c **** 
 121              		.loc 1 105 0
 122 0006 08BD     		pop	{r3, pc}
 123              		.cfi_endproc
 124              	.LFE64:
 125              		.size	SEVEN_clear, .-SEVEN_clear
 126              		.section	.text.SEVEN_Write,"ax",%progbits
 127              		.align	2
 128              		.global	SEVEN_Write
 129              		.thumb
 130              		.thumb_func
 131              		.type	SEVEN_Write, %function
 132              	SEVEN_Write:
 133              	.LFB66:
 124:source\bsw/seven.c **** 
 125:source\bsw/seven.c **** /**
 126:source\bsw/seven.c ****  * The function takes the number as an input and updates on to the displays.
 127:source\bsw/seven.c ****  * @param uint8 Value       : IN 0 - 0xFF
 128:source\bsw/seven.c ****  * @return Updates the seven segment display with the values.
 129:source\bsw/seven.c ****  */
 130:source\bsw/seven.c **** RC_t SEVEN_Write(uint8 Value)
 131:source\bsw/seven.c **** {
 134              		.loc 1 131 0
 135              		.cfi_startproc
 136              		@ args = 0, pretend = 0, frame = 0
 137              		@ frame_needed = 0, uses_anonymous_args = 0
 138              	.LVL12:
 139 0000 10B5     		push	{r4, lr}
 140              		.cfi_def_cfa_offset 8
 141              		.cfi_offset 4, -8
 142              		.cfi_offset 14, -4
 143 0002 0446     		mov	r4, r0
 132:source\bsw/seven.c ****     /* Update 0th display */
ARM GAS  C:\Users\rbhar\AppData\Local\Temp\ccSrbOLa.s 			page 6


 133:source\bsw/seven.c ****     SEVEN_Set(SEVEN_DISPLAY0, Value & MASK_MSB_UINT8);
 144              		.loc 1 133 0
 145 0004 00F00F01 		and	r1, r0, #15
 146 0008 0020     		movs	r0, #0
 147              	.LVL13:
 148 000a FFF7FEFF 		bl	SEVEN_Set
 149              	.LVL14:
 134:source\bsw/seven.c ****     
 135:source\bsw/seven.c ****     /* Update 1st display */
 136:source\bsw/seven.c ****     SEVEN_Set(SEVEN_DISPLAY1, (Value & MASK_LSB_UINT8) >> SHIFT_NIBBLE);
 150              		.loc 1 136 0
 151 000e 2109     		lsrs	r1, r4, #4
 152 0010 0120     		movs	r0, #1
 153 0012 FFF7FEFF 		bl	SEVEN_Set
 154              	.LVL15:
 137:source\bsw/seven.c ****     
 138:source\bsw/seven.c ****     return RC_SUCCESS;
 139:source\bsw/seven.c **** }...
 155              		.loc 1 139 0
 156 0016 0020     		movs	r0, #0
 157 0018 10BD     		pop	{r4, pc}
 158              		.cfi_endproc
 159              	.LFE66:
 160              		.size	SEVEN_Write, .-SEVEN_Write
 161 001a 00BF     		.section	.rodata
 162              		.align	2
 163              		.set	.LANCHOR0,. + 0
 164              		.type	LookUpForDisplay, %object
 165              		.size	LookUpForDisplay, 17
 166              	LookUpForDisplay:
 167 0000 3F       		.byte	63
 168 0001 06       		.byte	6
 169 0002 5B       		.byte	91
 170 0003 4F       		.byte	79
 171 0004 66       		.byte	102
 172 0005 6D       		.byte	109
 173 0006 7D       		.byte	125
 174 0007 07       		.byte	7
 175 0008 7F       		.byte	127
 176 0009 6F       		.byte	111
 177 000a 77       		.byte	119
 178 000b 7C       		.byte	124
 179 000c 39       		.byte	57
 180 000d 5E       		.byte	94
 181 000e 79       		.byte	121
 182 000f 71       		.byte	113
 183 0010 00       		.byte	0
 184              		.text
 185              	.Letext0:
 186              		.file 2 "c:\\program files (x86)\\cypress\\psoc creator\\4.2\\psoc creator\\import\\gnu\\arm\\5.4.
 187              		.file 3 "c:\\program files (x86)\\cypress\\psoc creator\\4.2\\psoc creator\\import\\gnu\\arm\\5.4.
 188              		.file 4 "Generated_Source\\PSoC5/cytypes.h"
 189              		.file 5 "source\\bsw\\global.h"
 190              		.file 6 "source\\bsw\\seven.h"
 191              		.file 7 "Generated_Source\\PSoC5/Pin_Select.h"
 192              		.file 8 "Generated_Source\\PSoC5/Control_Reg_SevenSegmentLED.h"
 193              		.file 9 "Generated_Source\\PSoC5/Pin_Display.h"
ARM GAS  C:\Users\rbhar\AppData\Local\Temp\ccSrbOLa.s 			page 7


 194              		.file 10 "Generated_Source\\PSoC5/core_cm3.h"
 195              		.section	.debug_info,"",%progbits
 196              	.Ldebug_info0:
 197 0000 5C030000 		.4byte	0x35c
 198 0004 0400     		.2byte	0x4
 199 0006 00000000 		.4byte	.Ldebug_abbrev0
 200 000a 04       		.byte	0x4
 201 000b 01       		.uleb128 0x1
 202 000c D9020000 		.4byte	.LASF60
 203 0010 0C       		.byte	0xc
 204 0011 36020000 		.4byte	.LASF61
 205 0015 A1010000 		.4byte	.LASF62
 206 0019 00000000 		.4byte	.Ldebug_ranges0+0
 207 001d 00000000 		.4byte	0
 208 0021 00000000 		.4byte	.Ldebug_line0
 209 0025 02       		.uleb128 0x2
 210 0026 01       		.byte	0x1
 211 0027 06       		.byte	0x6
 212 0028 49020000 		.4byte	.LASF0
 213 002c 02       		.uleb128 0x2
 214 002d 01       		.byte	0x1
 215 002e 08       		.byte	0x8
 216 002f 16020000 		.4byte	.LASF1
 217 0033 02       		.uleb128 0x2
 218 0034 02       		.byte	0x2
 219 0035 05       		.byte	0x5
 220 0036 3C000000 		.4byte	.LASF2
 221 003a 02       		.uleb128 0x2
 222 003b 02       		.byte	0x2
 223 003c 07       		.byte	0x7
 224 003d C6020000 		.4byte	.LASF3
 225 0041 03       		.uleb128 0x3
 226 0042 F6030000 		.4byte	.LASF9
 227 0046 02       		.byte	0x2
 228 0047 3F       		.byte	0x3f
 229 0048 4C000000 		.4byte	0x4c
 230 004c 02       		.uleb128 0x2
 231 004d 04       		.byte	0x4
 232 004e 05       		.byte	0x5
 233 004f 49010000 		.4byte	.LASF4
 234 0053 02       		.uleb128 0x2
 235 0054 04       		.byte	0x4
 236 0055 07       		.byte	0x7
 237 0056 C6030000 		.4byte	.LASF5
 238 005a 02       		.uleb128 0x2
 239 005b 08       		.byte	0x8
 240 005c 05       		.byte	0x5
 241 005d 0B010000 		.4byte	.LASF6
 242 0061 02       		.uleb128 0x2
 243 0062 08       		.byte	0x8
 244 0063 07       		.byte	0x7
 245 0064 64020000 		.4byte	.LASF7
 246 0068 04       		.uleb128 0x4
 247 0069 04       		.byte	0x4
 248 006a 05       		.byte	0x5
 249 006b 696E7400 		.ascii	"int\000"
 250 006f 02       		.uleb128 0x2
ARM GAS  C:\Users\rbhar\AppData\Local\Temp\ccSrbOLa.s 			page 8


 251 0070 04       		.byte	0x4
 252 0071 07       		.byte	0x7
 253 0072 7B020000 		.4byte	.LASF8
 254 0076 03       		.uleb128 0x3
 255 0077 81030000 		.4byte	.LASF10
 256 007b 03       		.byte	0x3
 257 007c 2C       		.byte	0x2c
 258 007d 41000000 		.4byte	0x41
 259 0081 05       		.uleb128 0x5
 260 0082 AE000000 		.4byte	.LASF11
 261 0086 04       		.byte	0x4
 262 0087 E401     		.2byte	0x1e4
 263 0089 2C000000 		.4byte	0x2c
 264 008d 02       		.uleb128 0x2
 265 008e 04       		.byte	0x4
 266 008f 04       		.byte	0x4
 267 0090 05010000 		.4byte	.LASF12
 268 0094 02       		.uleb128 0x2
 269 0095 08       		.byte	0x8
 270 0096 04       		.byte	0x4
 271 0097 23040000 		.4byte	.LASF13
 272 009b 02       		.uleb128 0x2
 273 009c 01       		.byte	0x1
 274 009d 08       		.byte	0x8
 275 009e 67030000 		.4byte	.LASF14
 276 00a2 02       		.uleb128 0x2
 277 00a3 08       		.byte	0x8
 278 00a4 04       		.byte	0x4
 279 00a5 04020000 		.4byte	.LASF15
 280 00a9 02       		.uleb128 0x2
 281 00aa 04       		.byte	0x4
 282 00ab 07       		.byte	0x7
 283 00ac 6C000000 		.4byte	.LASF16
 284 00b0 06       		.uleb128 0x6
 285 00b1 65524300 		.ascii	"eRC\000"
 286 00b5 01       		.byte	0x1
 287 00b6 25000000 		.4byte	0x25
 288 00ba 05       		.byte	0x5
 289 00bb AC       		.byte	0xac
 290 00bc 57010000 		.4byte	0x157
 291 00c0 07       		.uleb128 0x7
 292 00c1 13000000 		.4byte	.LASF17
 293 00c5 00       		.byte	0
 294 00c6 08       		.uleb128 0x8
 295 00c7 48040000 		.4byte	.LASF18
 296 00cb 7F       		.sleb128 -1
 297 00cc 08       		.uleb128 0x8
 298 00cd 96020000 		.4byte	.LASF19
 299 00d1 7E       		.sleb128 -2
 300 00d2 08       		.uleb128 0x8
 301 00d3 75000000 		.4byte	.LASF20
 302 00d7 7D       		.sleb128 -3
 303 00d8 08       		.uleb128 0x8
 304 00d9 51040000 		.4byte	.LASF21
 305 00dd 7C       		.sleb128 -4
 306 00de 08       		.uleb128 0x8
 307 00df EB000000 		.4byte	.LASF22
ARM GAS  C:\Users\rbhar\AppData\Local\Temp\ccSrbOLa.s 			page 9


 308 00e3 7B       		.sleb128 -5
 309 00e4 08       		.uleb128 0x8
 310 00e5 46000000 		.4byte	.LASF23
 311 00e9 7A       		.sleb128 -6
 312 00ea 08       		.uleb128 0x8
 313 00eb 52010000 		.4byte	.LASF24
 314 00ef 79       		.sleb128 -7
 315 00f0 08       		.uleb128 0x8
 316 00f1 6C030000 		.4byte	.LASF25
 317 00f5 78       		.sleb128 -8
 318 00f6 08       		.uleb128 0x8
 319 00f7 A4020000 		.4byte	.LASF26
 320 00fb 77       		.sleb128 -9
 321 00fc 08       		.uleb128 0x8
 322 00fd 73010000 		.4byte	.LASF27
 323 0101 76       		.sleb128 -10
 324 0102 08       		.uleb128 0x8
 325 0103 66040000 		.4byte	.LASF28
 326 0107 75       		.sleb128 -11
 327 0108 08       		.uleb128 0x8
 328 0109 88020000 		.4byte	.LASF29
 329 010d 74       		.sleb128 -12
 330 010e 08       		.uleb128 0x8
 331 010f E4030000 		.4byte	.LASF30
 332 0113 73       		.sleb128 -13
 333 0114 08       		.uleb128 0x8
 334 0115 00000000 		.4byte	.LASF31
 335 0119 72       		.sleb128 -14
 336 011a 08       		.uleb128 0x8
 337 011b 28000000 		.4byte	.LASF32
 338 011f 71       		.sleb128 -15
 339 0120 08       		.uleb128 0x8
 340 0121 81010000 		.4byte	.LASF33
 341 0125 70       		.sleb128 -16
 342 0126 08       		.uleb128 0x8
 343 0127 83000000 		.4byte	.LASF34
 344 012b 6F       		.sleb128 -17
 345 012c 08       		.uleb128 0x8
 346 012d 57000000 		.4byte	.LASF35
 347 0131 6E       		.sleb128 -18
 348 0132 08       		.uleb128 0x8
 349 0133 25010000 		.4byte	.LASF36
 350 0137 6D       		.sleb128 -19
 351 0138 08       		.uleb128 0x8
 352 0139 A1030000 		.4byte	.LASF37
 353 013d 6C       		.sleb128 -20
 354 013e 08       		.uleb128 0x8
 355 013f 24020000 		.4byte	.LASF38
 356 0143 6B       		.sleb128 -21
 357 0144 08       		.uleb128 0x8
 358 0145 11040000 		.4byte	.LASF39
 359 0149 6A       		.sleb128 -22
 360 014a 08       		.uleb128 0x8
 361 014b 97000000 		.4byte	.LASF40
 362 014f 69       		.sleb128 -23
 363 0150 08       		.uleb128 0x8
 364 0151 38010000 		.4byte	.LASF41
ARM GAS  C:\Users\rbhar\AppData\Local\Temp\ccSrbOLa.s 			page 10


 365 0155 68       		.sleb128 -24
 366 0156 00       		.byte	0
 367 0157 03       		.uleb128 0x3
 368 0158 61040000 		.4byte	.LASF42
 369 015c 05       		.byte	0x5
 370 015d C8       		.byte	0xc8
 371 015e B0000000 		.4byte	0xb0
 372 0162 09       		.uleb128 0x9
 373 0163 92010000 		.4byte	.LASF43
 374 0167 01       		.byte	0x1
 375 0168 2C000000 		.4byte	0x2c
 376 016c 06       		.byte	0x6
 377 016d 5A       		.byte	0x5a
 378 016e 7F010000 		.4byte	0x17f
 379 0172 07       		.uleb128 0x7
 380 0173 89030000 		.4byte	.LASF44
 381 0177 00       		.byte	0
 382 0178 07       		.uleb128 0x7
 383 0179 D6000000 		.4byte	.LASF45
 384 017d 01       		.byte	0x1
 385 017e 00       		.byte	0
 386 017f 09       		.uleb128 0x9
 387 0180 FA010000 		.4byte	.LASF46
 388 0184 01       		.byte	0x1
 389 0185 2C000000 		.4byte	0x2c
 390 0189 06       		.byte	0x6
 391 018a 61       		.byte	0x61
 392 018b 9C010000 		.4byte	0x19c
 393 018f 07       		.uleb128 0x7
 394 0190 55020000 		.4byte	.LASF47
 395 0194 00       		.byte	0
 396 0195 07       		.uleb128 0x7
 397 0196 64010000 		.4byte	.LASF48
 398 019a 01       		.byte	0x1
 399 019b 00       		.byte	0
 400 019c 03       		.uleb128 0x3
 401 019d 19010000 		.4byte	.LASF49
 402 01a1 06       		.byte	0x6
 403 01a2 66       		.byte	0x66
 404 01a3 7F010000 		.4byte	0x17f
 405 01a7 0A       		.uleb128 0xa
 406 01a8 E1000000 		.4byte	.LASF63
 407 01ac 01       		.byte	0x1
 408 01ad 70       		.byte	0x70
 409 01ae 57010000 		.4byte	0x157
 410 01b2 00000000 		.4byte	.LFB65
 411 01b6 1C000000 		.4byte	.LFE65-.LFB65
 412 01ba 01       		.uleb128 0x1
 413 01bb 9C       		.byte	0x9c
 414 01bc 0F020000 		.4byte	0x20f
 415 01c0 0B       		.uleb128 0xb
 416 01c1 1E000000 		.4byte	.LASF50
 417 01c5 01       		.byte	0x1
 418 01c6 70       		.byte	0x70
 419 01c7 9C010000 		.4byte	0x19c
 420 01cb 00000000 		.4byte	.LLST0
 421 01cf 0B       		.uleb128 0xb
ARM GAS  C:\Users\rbhar\AppData\Local\Temp\ccSrbOLa.s 			page 11


 422 01d0 10020000 		.4byte	.LASF51
 423 01d4 01       		.byte	0x1
 424 01d5 70       		.byte	0x70
 425 01d6 81000000 		.4byte	0x81
 426 01da 21000000 		.4byte	.LLST1
 427 01de 0C       		.uleb128 0xc
 428 01df D8030000 		.4byte	.LASF55
 429 01e3 01       		.byte	0x1
 430 01e4 72       		.byte	0x72
 431 01e5 81000000 		.4byte	0x81
 432 01e9 42000000 		.4byte	.LLST2
 433 01ed 0D       		.uleb128 0xd
 434 01ee 08000000 		.4byte	.LVL2
 435 01f2 3E030000 		.4byte	0x33e
 436 01f6 0E       		.uleb128 0xe
 437 01f7 14000000 		.4byte	.LVL4
 438 01fb 49030000 		.4byte	0x349
 439 01ff 0F       		.uleb128 0xf
 440 0200 01       		.uleb128 0x1
 441 0201 50       		.byte	0x50
 442 0202 0A       		.uleb128 0xa
 443 0203 74       		.byte	0x74
 444 0204 00       		.sleb128 0
 445 0205 03       		.byte	0x3
 446 0206 00000000 		.4byte	.LANCHOR0
 447 020a 22       		.byte	0x22
 448 020b 94       		.byte	0x94
 449 020c 01       		.byte	0x1
 450 020d 00       		.byte	0
 451 020e 00       		.byte	0
 452 020f 10       		.uleb128 0x10
 453 0210 FA000000 		.4byte	.LASF52
 454 0214 01       		.byte	0x1
 455 0215 51       		.byte	0x51
 456 0216 57010000 		.4byte	0x157
 457 021a 00000000 		.4byte	.LFB63
 458 021e 24000000 		.4byte	.LFE63-.LFB63
 459 0222 01       		.uleb128 0x1
 460 0223 9C       		.byte	0x9c
 461 0224 84020000 		.4byte	0x284
 462 0228 11       		.uleb128 0x11
 463 0229 08000000 		.4byte	.LVL6
 464 022d 54030000 		.4byte	0x354
 465 0231 3B020000 		.4byte	0x23b
 466 0235 0F       		.uleb128 0xf
 467 0236 01       		.uleb128 0x1
 468 0237 50       		.byte	0x50
 469 0238 01       		.uleb128 0x1
 470 0239 31       		.byte	0x31
 471 023a 00       		.byte	0
 472 023b 11       		.uleb128 0x11
 473 023c 0E000000 		.4byte	.LVL7
 474 0240 3E030000 		.4byte	0x33e
 475 0244 4E020000 		.4byte	0x24e
 476 0248 0F       		.uleb128 0xf
 477 0249 01       		.uleb128 0x1
 478 024a 50       		.byte	0x50
ARM GAS  C:\Users\rbhar\AppData\Local\Temp\ccSrbOLa.s 			page 12


 479 024b 01       		.uleb128 0x1
 480 024c 30       		.byte	0x30
 481 024d 00       		.byte	0
 482 024e 11       		.uleb128 0x11
 483 024f 14000000 		.4byte	.LVL8
 484 0253 49030000 		.4byte	0x349
 485 0257 61020000 		.4byte	0x261
 486 025b 0F       		.uleb128 0xf
 487 025c 01       		.uleb128 0x1
 488 025d 50       		.byte	0x50
 489 025e 01       		.uleb128 0x1
 490 025f 30       		.byte	0x30
 491 0260 00       		.byte	0
 492 0261 11       		.uleb128 0x11
 493 0262 1A000000 		.4byte	.LVL9
 494 0266 3E030000 		.4byte	0x33e
 495 026a 74020000 		.4byte	0x274
 496 026e 0F       		.uleb128 0xf
 497 026f 01       		.uleb128 0x1
 498 0270 50       		.byte	0x50
 499 0271 01       		.uleb128 0x1
 500 0272 31       		.byte	0x31
 501 0273 00       		.byte	0
 502 0274 0E       		.uleb128 0xe
 503 0275 20000000 		.4byte	.LVL10
 504 0279 49030000 		.4byte	0x349
 505 027d 0F       		.uleb128 0xf
 506 027e 01       		.uleb128 0x1
 507 027f 50       		.byte	0x50
 508 0280 01       		.uleb128 0x1
 509 0281 30       		.byte	0x30
 510 0282 00       		.byte	0
 511 0283 00       		.byte	0
 512 0284 10       		.uleb128 0x10
 513 0285 95030000 		.4byte	.LASF53
 514 0289 01       		.byte	0x1
 515 028a 66       		.byte	0x66
 516 028b 57010000 		.4byte	0x157
 517 028f 00000000 		.4byte	.LFB64
 518 0293 08000000 		.4byte	.LFE64-.LFB64
 519 0297 01       		.uleb128 0x1
 520 0298 9C       		.byte	0x9c
 521 0299 A7020000 		.4byte	0x2a7
 522 029d 0D       		.uleb128 0xd
 523 029e 06000000 		.4byte	.LVL11
 524 02a2 0F020000 		.4byte	0x20f
 525 02a6 00       		.byte	0
 526 02a7 10       		.uleb128 0x10
 527 02a8 BA020000 		.4byte	.LASF54
 528 02ac 01       		.byte	0x1
 529 02ad 82       		.byte	0x82
 530 02ae 57010000 		.4byte	0x157
 531 02b2 00000000 		.4byte	.LFB66
 532 02b6 1A000000 		.4byte	.LFE66-.LFB66
 533 02ba 01       		.uleb128 0x1
 534 02bb 9C       		.byte	0x9c
 535 02bc 02030000 		.4byte	0x302
ARM GAS  C:\Users\rbhar\AppData\Local\Temp\ccSrbOLa.s 			page 13


 536 02c0 0B       		.uleb128 0xb
 537 02c1 10020000 		.4byte	.LASF51
 538 02c5 01       		.byte	0x1
 539 02c6 82       		.byte	0x82
 540 02c7 81000000 		.4byte	0x81
 541 02cb 68000000 		.4byte	.LLST3
 542 02cf 11       		.uleb128 0x11
 543 02d0 0E000000 		.4byte	.LVL14
 544 02d4 A7010000 		.4byte	0x1a7
 545 02d8 EA020000 		.4byte	0x2ea
 546 02dc 0F       		.uleb128 0xf
 547 02dd 01       		.uleb128 0x1
 548 02de 50       		.byte	0x50
 549 02df 01       		.uleb128 0x1
 550 02e0 30       		.byte	0x30
 551 02e1 0F       		.uleb128 0xf
 552 02e2 01       		.uleb128 0x1
 553 02e3 51       		.byte	0x51
 554 02e4 04       		.uleb128 0x4
 555 02e5 74       		.byte	0x74
 556 02e6 00       		.sleb128 0
 557 02e7 3F       		.byte	0x3f
 558 02e8 1A       		.byte	0x1a
 559 02e9 00       		.byte	0
 560 02ea 0E       		.uleb128 0xe
 561 02eb 16000000 		.4byte	.LVL15
 562 02ef A7010000 		.4byte	0x1a7
 563 02f3 0F       		.uleb128 0xf
 564 02f4 01       		.uleb128 0x1
 565 02f5 50       		.byte	0x50
 566 02f6 01       		.uleb128 0x1
 567 02f7 31       		.byte	0x31
 568 02f8 0F       		.uleb128 0xf
 569 02f9 01       		.uleb128 0x1
 570 02fa 51       		.byte	0x51
 571 02fb 04       		.uleb128 0x4
 572 02fc 74       		.byte	0x74
 573 02fd 00       		.sleb128 0
 574 02fe 34       		.byte	0x34
 575 02ff 25       		.byte	0x25
 576 0300 00       		.byte	0
 577 0301 00       		.byte	0
 578 0302 12       		.uleb128 0x12
 579 0303 12030000 		.4byte	0x312
 580 0307 12030000 		.4byte	0x312
 581 030b 13       		.uleb128 0x13
 582 030c A9000000 		.4byte	0xa9
 583 0310 10       		.byte	0x10
 584 0311 00       		.byte	0
 585 0312 14       		.uleb128 0x14
 586 0313 81000000 		.4byte	0x81
 587 0317 15       		.uleb128 0x15
 588 0318 2A040000 		.4byte	.LASF56
 589 031c 01       		.byte	0x1
 590 031d 2E       		.byte	0x2e
 591 031e 28030000 		.4byte	0x328
 592 0322 05       		.uleb128 0x5
ARM GAS  C:\Users\rbhar\AppData\Local\Temp\ccSrbOLa.s 			page 14


 593 0323 03       		.byte	0x3
 594 0324 00000000 		.4byte	LookUpForDisplay
 595 0328 14       		.uleb128 0x14
 596 0329 02030000 		.4byte	0x302
 597 032d 16       		.uleb128 0x16
 598 032e 3B040000 		.4byte	.LASF64
 599 0332 0A       		.byte	0xa
 600 0333 1207     		.2byte	0x712
 601 0335 39030000 		.4byte	0x339
 602 0339 17       		.uleb128 0x17
 603 033a 76000000 		.4byte	0x76
 604 033e 18       		.uleb128 0x18
 605 033f 00040000 		.4byte	.LASF57
 606 0343 00040000 		.4byte	.LASF57
 607 0347 07       		.byte	0x7
 608 0348 26       		.byte	0x26
 609 0349 18       		.uleb128 0x18
 610 034a B4000000 		.4byte	.LASF58
 611 034e B4000000 		.4byte	.LASF58
 612 0352 08       		.byte	0x8
 613 0353 2F       		.byte	0x2f
 614 0354 18       		.uleb128 0x18
 615 0355 B4030000 		.4byte	.LASF59
 616 0359 B4030000 		.4byte	.LASF59
 617 035d 09       		.byte	0x9
 618 035e 26       		.byte	0x26
 619 035f 00       		.byte	0
 620              		.section	.debug_abbrev,"",%progbits
 621              	.Ldebug_abbrev0:
 622 0000 01       		.uleb128 0x1
 623 0001 11       		.uleb128 0x11
 624 0002 01       		.byte	0x1
 625 0003 25       		.uleb128 0x25
 626 0004 0E       		.uleb128 0xe
 627 0005 13       		.uleb128 0x13
 628 0006 0B       		.uleb128 0xb
 629 0007 03       		.uleb128 0x3
 630 0008 0E       		.uleb128 0xe
 631 0009 1B       		.uleb128 0x1b
 632 000a 0E       		.uleb128 0xe
 633 000b 55       		.uleb128 0x55
 634 000c 17       		.uleb128 0x17
 635 000d 11       		.uleb128 0x11
 636 000e 01       		.uleb128 0x1
 637 000f 10       		.uleb128 0x10
 638 0010 17       		.uleb128 0x17
 639 0011 00       		.byte	0
 640 0012 00       		.byte	0
 641 0013 02       		.uleb128 0x2
 642 0014 24       		.uleb128 0x24
 643 0015 00       		.byte	0
 644 0016 0B       		.uleb128 0xb
 645 0017 0B       		.uleb128 0xb
 646 0018 3E       		.uleb128 0x3e
 647 0019 0B       		.uleb128 0xb
 648 001a 03       		.uleb128 0x3
 649 001b 0E       		.uleb128 0xe
ARM GAS  C:\Users\rbhar\AppData\Local\Temp\ccSrbOLa.s 			page 15


 650 001c 00       		.byte	0
 651 001d 00       		.byte	0
 652 001e 03       		.uleb128 0x3
 653 001f 16       		.uleb128 0x16
 654 0020 00       		.byte	0
 655 0021 03       		.uleb128 0x3
 656 0022 0E       		.uleb128 0xe
 657 0023 3A       		.uleb128 0x3a
 658 0024 0B       		.uleb128 0xb
 659 0025 3B       		.uleb128 0x3b
 660 0026 0B       		.uleb128 0xb
 661 0027 49       		.uleb128 0x49
 662 0028 13       		.uleb128 0x13
 663 0029 00       		.byte	0
 664 002a 00       		.byte	0
 665 002b 04       		.uleb128 0x4
 666 002c 24       		.uleb128 0x24
 667 002d 00       		.byte	0
 668 002e 0B       		.uleb128 0xb
 669 002f 0B       		.uleb128 0xb
 670 0030 3E       		.uleb128 0x3e
 671 0031 0B       		.uleb128 0xb
 672 0032 03       		.uleb128 0x3
 673 0033 08       		.uleb128 0x8
 674 0034 00       		.byte	0
 675 0035 00       		.byte	0
 676 0036 05       		.uleb128 0x5
 677 0037 16       		.uleb128 0x16
 678 0038 00       		.byte	0
 679 0039 03       		.uleb128 0x3
 680 003a 0E       		.uleb128 0xe
 681 003b 3A       		.uleb128 0x3a
 682 003c 0B       		.uleb128 0xb
 683 003d 3B       		.uleb128 0x3b
 684 003e 05       		.uleb128 0x5
 685 003f 49       		.uleb128 0x49
 686 0040 13       		.uleb128 0x13
 687 0041 00       		.byte	0
 688 0042 00       		.byte	0
 689 0043 06       		.uleb128 0x6
 690 0044 04       		.uleb128 0x4
 691 0045 01       		.byte	0x1
 692 0046 03       		.uleb128 0x3
 693 0047 08       		.uleb128 0x8
 694 0048 0B       		.uleb128 0xb
 695 0049 0B       		.uleb128 0xb
 696 004a 49       		.uleb128 0x49
 697 004b 13       		.uleb128 0x13
 698 004c 3A       		.uleb128 0x3a
 699 004d 0B       		.uleb128 0xb
 700 004e 3B       		.uleb128 0x3b
 701 004f 0B       		.uleb128 0xb
 702 0050 01       		.uleb128 0x1
 703 0051 13       		.uleb128 0x13
 704 0052 00       		.byte	0
 705 0053 00       		.byte	0
 706 0054 07       		.uleb128 0x7
ARM GAS  C:\Users\rbhar\AppData\Local\Temp\ccSrbOLa.s 			page 16


 707 0055 28       		.uleb128 0x28
 708 0056 00       		.byte	0
 709 0057 03       		.uleb128 0x3
 710 0058 0E       		.uleb128 0xe
 711 0059 1C       		.uleb128 0x1c
 712 005a 0B       		.uleb128 0xb
 713 005b 00       		.byte	0
 714 005c 00       		.byte	0
 715 005d 08       		.uleb128 0x8
 716 005e 28       		.uleb128 0x28
 717 005f 00       		.byte	0
 718 0060 03       		.uleb128 0x3
 719 0061 0E       		.uleb128 0xe
 720 0062 1C       		.uleb128 0x1c
 721 0063 0D       		.uleb128 0xd
 722 0064 00       		.byte	0
 723 0065 00       		.byte	0
 724 0066 09       		.uleb128 0x9
 725 0067 04       		.uleb128 0x4
 726 0068 01       		.byte	0x1
 727 0069 03       		.uleb128 0x3
 728 006a 0E       		.uleb128 0xe
 729 006b 0B       		.uleb128 0xb
 730 006c 0B       		.uleb128 0xb
 731 006d 49       		.uleb128 0x49
 732 006e 13       		.uleb128 0x13
 733 006f 3A       		.uleb128 0x3a
 734 0070 0B       		.uleb128 0xb
 735 0071 3B       		.uleb128 0x3b
 736 0072 0B       		.uleb128 0xb
 737 0073 01       		.uleb128 0x1
 738 0074 13       		.uleb128 0x13
 739 0075 00       		.byte	0
 740 0076 00       		.byte	0
 741 0077 0A       		.uleb128 0xa
 742 0078 2E       		.uleb128 0x2e
 743 0079 01       		.byte	0x1
 744 007a 03       		.uleb128 0x3
 745 007b 0E       		.uleb128 0xe
 746 007c 3A       		.uleb128 0x3a
 747 007d 0B       		.uleb128 0xb
 748 007e 3B       		.uleb128 0x3b
 749 007f 0B       		.uleb128 0xb
 750 0080 27       		.uleb128 0x27
 751 0081 19       		.uleb128 0x19
 752 0082 49       		.uleb128 0x49
 753 0083 13       		.uleb128 0x13
 754 0084 11       		.uleb128 0x11
 755 0085 01       		.uleb128 0x1
 756 0086 12       		.uleb128 0x12
 757 0087 06       		.uleb128 0x6
 758 0088 40       		.uleb128 0x40
 759 0089 18       		.uleb128 0x18
 760 008a 9742     		.uleb128 0x2117
 761 008c 19       		.uleb128 0x19
 762 008d 01       		.uleb128 0x1
 763 008e 13       		.uleb128 0x13
ARM GAS  C:\Users\rbhar\AppData\Local\Temp\ccSrbOLa.s 			page 17


 764 008f 00       		.byte	0
 765 0090 00       		.byte	0
 766 0091 0B       		.uleb128 0xb
 767 0092 05       		.uleb128 0x5
 768 0093 00       		.byte	0
 769 0094 03       		.uleb128 0x3
 770 0095 0E       		.uleb128 0xe
 771 0096 3A       		.uleb128 0x3a
 772 0097 0B       		.uleb128 0xb
 773 0098 3B       		.uleb128 0x3b
 774 0099 0B       		.uleb128 0xb
 775 009a 49       		.uleb128 0x49
 776 009b 13       		.uleb128 0x13
 777 009c 02       		.uleb128 0x2
 778 009d 17       		.uleb128 0x17
 779 009e 00       		.byte	0
 780 009f 00       		.byte	0
 781 00a0 0C       		.uleb128 0xc
 782 00a1 34       		.uleb128 0x34
 783 00a2 00       		.byte	0
 784 00a3 03       		.uleb128 0x3
 785 00a4 0E       		.uleb128 0xe
 786 00a5 3A       		.uleb128 0x3a
 787 00a6 0B       		.uleb128 0xb
 788 00a7 3B       		.uleb128 0x3b
 789 00a8 0B       		.uleb128 0xb
 790 00a9 49       		.uleb128 0x49
 791 00aa 13       		.uleb128 0x13
 792 00ab 02       		.uleb128 0x2
 793 00ac 17       		.uleb128 0x17
 794 00ad 00       		.byte	0
 795 00ae 00       		.byte	0
 796 00af 0D       		.uleb128 0xd
 797 00b0 898201   		.uleb128 0x4109
 798 00b3 00       		.byte	0
 799 00b4 11       		.uleb128 0x11
 800 00b5 01       		.uleb128 0x1
 801 00b6 31       		.uleb128 0x31
 802 00b7 13       		.uleb128 0x13
 803 00b8 00       		.byte	0
 804 00b9 00       		.byte	0
 805 00ba 0E       		.uleb128 0xe
 806 00bb 898201   		.uleb128 0x4109
 807 00be 01       		.byte	0x1
 808 00bf 11       		.uleb128 0x11
 809 00c0 01       		.uleb128 0x1
 810 00c1 31       		.uleb128 0x31
 811 00c2 13       		.uleb128 0x13
 812 00c3 00       		.byte	0
 813 00c4 00       		.byte	0
 814 00c5 0F       		.uleb128 0xf
 815 00c6 8A8201   		.uleb128 0x410a
 816 00c9 00       		.byte	0
 817 00ca 02       		.uleb128 0x2
 818 00cb 18       		.uleb128 0x18
 819 00cc 9142     		.uleb128 0x2111
 820 00ce 18       		.uleb128 0x18
ARM GAS  C:\Users\rbhar\AppData\Local\Temp\ccSrbOLa.s 			page 18


 821 00cf 00       		.byte	0
 822 00d0 00       		.byte	0
 823 00d1 10       		.uleb128 0x10
 824 00d2 2E       		.uleb128 0x2e
 825 00d3 01       		.byte	0x1
 826 00d4 3F       		.uleb128 0x3f
 827 00d5 19       		.uleb128 0x19
 828 00d6 03       		.uleb128 0x3
 829 00d7 0E       		.uleb128 0xe
 830 00d8 3A       		.uleb128 0x3a
 831 00d9 0B       		.uleb128 0xb
 832 00da 3B       		.uleb128 0x3b
 833 00db 0B       		.uleb128 0xb
 834 00dc 27       		.uleb128 0x27
 835 00dd 19       		.uleb128 0x19
 836 00de 49       		.uleb128 0x49
 837 00df 13       		.uleb128 0x13
 838 00e0 11       		.uleb128 0x11
 839 00e1 01       		.uleb128 0x1
 840 00e2 12       		.uleb128 0x12
 841 00e3 06       		.uleb128 0x6
 842 00e4 40       		.uleb128 0x40
 843 00e5 18       		.uleb128 0x18
 844 00e6 9742     		.uleb128 0x2117
 845 00e8 19       		.uleb128 0x19
 846 00e9 01       		.uleb128 0x1
 847 00ea 13       		.uleb128 0x13
 848 00eb 00       		.byte	0
 849 00ec 00       		.byte	0
 850 00ed 11       		.uleb128 0x11
 851 00ee 898201   		.uleb128 0x4109
 852 00f1 01       		.byte	0x1
 853 00f2 11       		.uleb128 0x11
 854 00f3 01       		.uleb128 0x1
 855 00f4 31       		.uleb128 0x31
 856 00f5 13       		.uleb128 0x13
 857 00f6 01       		.uleb128 0x1
 858 00f7 13       		.uleb128 0x13
 859 00f8 00       		.byte	0
 860 00f9 00       		.byte	0
 861 00fa 12       		.uleb128 0x12
 862 00fb 01       		.uleb128 0x1
 863 00fc 01       		.byte	0x1
 864 00fd 49       		.uleb128 0x49
 865 00fe 13       		.uleb128 0x13
 866 00ff 01       		.uleb128 0x1
 867 0100 13       		.uleb128 0x13
 868 0101 00       		.byte	0
 869 0102 00       		.byte	0
 870 0103 13       		.uleb128 0x13
 871 0104 21       		.uleb128 0x21
 872 0105 00       		.byte	0
 873 0106 49       		.uleb128 0x49
 874 0107 13       		.uleb128 0x13
 875 0108 2F       		.uleb128 0x2f
 876 0109 0B       		.uleb128 0xb
 877 010a 00       		.byte	0
ARM GAS  C:\Users\rbhar\AppData\Local\Temp\ccSrbOLa.s 			page 19


 878 010b 00       		.byte	0
 879 010c 14       		.uleb128 0x14
 880 010d 26       		.uleb128 0x26
 881 010e 00       		.byte	0
 882 010f 49       		.uleb128 0x49
 883 0110 13       		.uleb128 0x13
 884 0111 00       		.byte	0
 885 0112 00       		.byte	0
 886 0113 15       		.uleb128 0x15
 887 0114 34       		.uleb128 0x34
 888 0115 00       		.byte	0
 889 0116 03       		.uleb128 0x3
 890 0117 0E       		.uleb128 0xe
 891 0118 3A       		.uleb128 0x3a
 892 0119 0B       		.uleb128 0xb
 893 011a 3B       		.uleb128 0x3b
 894 011b 0B       		.uleb128 0xb
 895 011c 49       		.uleb128 0x49
 896 011d 13       		.uleb128 0x13
 897 011e 02       		.uleb128 0x2
 898 011f 18       		.uleb128 0x18
 899 0120 00       		.byte	0
 900 0121 00       		.byte	0
 901 0122 16       		.uleb128 0x16
 902 0123 34       		.uleb128 0x34
 903 0124 00       		.byte	0
 904 0125 03       		.uleb128 0x3
 905 0126 0E       		.uleb128 0xe
 906 0127 3A       		.uleb128 0x3a
 907 0128 0B       		.uleb128 0xb
 908 0129 3B       		.uleb128 0x3b
 909 012a 05       		.uleb128 0x5
 910 012b 49       		.uleb128 0x49
 911 012c 13       		.uleb128 0x13
 912 012d 3F       		.uleb128 0x3f
 913 012e 19       		.uleb128 0x19
 914 012f 3C       		.uleb128 0x3c
 915 0130 19       		.uleb128 0x19
 916 0131 00       		.byte	0
 917 0132 00       		.byte	0
 918 0133 17       		.uleb128 0x17
 919 0134 35       		.uleb128 0x35
 920 0135 00       		.byte	0
 921 0136 49       		.uleb128 0x49
 922 0137 13       		.uleb128 0x13
 923 0138 00       		.byte	0
 924 0139 00       		.byte	0
 925 013a 18       		.uleb128 0x18
 926 013b 2E       		.uleb128 0x2e
 927 013c 00       		.byte	0
 928 013d 3F       		.uleb128 0x3f
 929 013e 19       		.uleb128 0x19
 930 013f 3C       		.uleb128 0x3c
 931 0140 19       		.uleb128 0x19
 932 0141 6E       		.uleb128 0x6e
 933 0142 0E       		.uleb128 0xe
 934 0143 03       		.uleb128 0x3
ARM GAS  C:\Users\rbhar\AppData\Local\Temp\ccSrbOLa.s 			page 20


 935 0144 0E       		.uleb128 0xe
 936 0145 3A       		.uleb128 0x3a
 937 0146 0B       		.uleb128 0xb
 938 0147 3B       		.uleb128 0x3b
 939 0148 0B       		.uleb128 0xb
 940 0149 00       		.byte	0
 941 014a 00       		.byte	0
 942 014b 00       		.byte	0
 943              		.section	.debug_loc,"",%progbits
 944              	.Ldebug_loc0:
 945              	.LLST0:
 946 0000 00000000 		.4byte	.LVL0
 947 0004 07000000 		.4byte	.LVL2-1
 948 0008 0100     		.2byte	0x1
 949 000a 50       		.byte	0x50
 950 000b 07000000 		.4byte	.LVL2-1
 951 000f 1C000000 		.4byte	.LFE65
 952 0013 0400     		.2byte	0x4
 953 0015 F3       		.byte	0xf3
 954 0016 01       		.uleb128 0x1
 955 0017 50       		.byte	0x50
 956 0018 9F       		.byte	0x9f
 957 0019 00000000 		.4byte	0
 958 001d 00000000 		.4byte	0
 959              	.LLST1:
 960 0021 00000000 		.4byte	.LVL0
 961 0025 07000000 		.4byte	.LVL2-1
 962 0029 0100     		.2byte	0x1
 963 002b 51       		.byte	0x51
 964 002c 07000000 		.4byte	.LVL2-1
 965 0030 1C000000 		.4byte	.LFE65
 966 0034 0400     		.2byte	0x4
 967 0036 F3       		.byte	0xf3
 968 0037 01       		.uleb128 0x1
 969 0038 51       		.byte	0x51
 970 0039 9F       		.byte	0x9f
 971 003a 00000000 		.4byte	0
 972 003e 00000000 		.4byte	0
 973              	.LLST2:
 974 0042 04000000 		.4byte	.LVL1
 975 0046 0C000000 		.4byte	.LVL3
 976 004a 0200     		.2byte	0x2
 977 004c 30       		.byte	0x30
 978 004d 9F       		.byte	0x9f
 979 004e 0C000000 		.4byte	.LVL3
 980 0052 18000000 		.4byte	.LVL5
 981 0056 0800     		.2byte	0x8
 982 0058 74       		.byte	0x74
 983 0059 00       		.sleb128 0
 984 005a 03       		.byte	0x3
 985 005b 00000000 		.4byte	.LANCHOR0
 986 005f 22       		.byte	0x22
 987 0060 00000000 		.4byte	0
 988 0064 00000000 		.4byte	0
 989              	.LLST3:
 990 0068 00000000 		.4byte	.LVL12
 991 006c 0A000000 		.4byte	.LVL13
ARM GAS  C:\Users\rbhar\AppData\Local\Temp\ccSrbOLa.s 			page 21


 992 0070 0100     		.2byte	0x1
 993 0072 50       		.byte	0x50
 994 0073 0A000000 		.4byte	.LVL13
 995 0077 1A000000 		.4byte	.LFE66
 996 007b 0400     		.2byte	0x4
 997 007d F3       		.byte	0xf3
 998 007e 01       		.uleb128 0x1
 999 007f 50       		.byte	0x50
 1000 0080 9F       		.byte	0x9f
 1001 0081 00000000 		.4byte	0
 1002 0085 00000000 		.4byte	0
 1003              		.section	.debug_aranges,"",%progbits
 1004 0000 34000000 		.4byte	0x34
 1005 0004 0200     		.2byte	0x2
 1006 0006 00000000 		.4byte	.Ldebug_info0
 1007 000a 04       		.byte	0x4
 1008 000b 00       		.byte	0
 1009 000c 0000     		.2byte	0
 1010 000e 0000     		.2byte	0
 1011 0010 00000000 		.4byte	.LFB65
 1012 0014 1C000000 		.4byte	.LFE65-.LFB65
 1013 0018 00000000 		.4byte	.LFB63
 1014 001c 24000000 		.4byte	.LFE63-.LFB63
 1015 0020 00000000 		.4byte	.LFB64
 1016 0024 08000000 		.4byte	.LFE64-.LFB64
 1017 0028 00000000 		.4byte	.LFB66
 1018 002c 1A000000 		.4byte	.LFE66-.LFB66
 1019 0030 00000000 		.4byte	0
 1020 0034 00000000 		.4byte	0
 1021              		.section	.debug_ranges,"",%progbits
 1022              	.Ldebug_ranges0:
 1023 0000 00000000 		.4byte	.LFB65
 1024 0004 1C000000 		.4byte	.LFE65
 1025 0008 00000000 		.4byte	.LFB63
 1026 000c 24000000 		.4byte	.LFE63
 1027 0010 00000000 		.4byte	.LFB64
 1028 0014 08000000 		.4byte	.LFE64
 1029 0018 00000000 		.4byte	.LFB66
 1030 001c 1A000000 		.4byte	.LFE66
 1031 0020 00000000 		.4byte	0
 1032 0024 00000000 		.4byte	0
 1033              		.section	.debug_line,"",%progbits
 1034              	.Ldebug_line0:
 1035 0000 06020000 		.section	.debug_str,"MS",%progbits,1
 1035      0200B101 
 1035      00000201 
 1035      FB0E0D00 
 1035      01010101 
 1036              	.LASF31:
 1037 0000 52435F45 		.ascii	"RC_ERROR_READ_ONLY\000"
 1037      52524F52 
 1037      5F524541 
 1037      445F4F4E 
 1037      4C5900
 1038              	.LASF17:
 1039 0013 52435F53 		.ascii	"RC_SUCCESS\000"
 1039      55434345 
ARM GAS  C:\Users\rbhar\AppData\Local\Temp\ccSrbOLa.s 			page 22


 1039      535300
 1040              	.LASF50:
 1041 001e 44697370 		.ascii	"DisplayNo\000"
 1041      6C61794E 
 1041      6F00
 1042              	.LASF32:
 1043 0028 52435F45 		.ascii	"RC_ERROR_WRITE_ONLY\000"
 1043      52524F52 
 1043      5F575249 
 1043      54455F4F 
 1043      4E4C5900 
 1044              	.LASF2:
 1045 003c 73686F72 		.ascii	"short int\000"
 1045      7420696E 
 1045      7400
 1046              	.LASF23:
 1047 0046 52435F45 		.ascii	"RC_ERROR_OVERRUN\000"
 1047      52524F52 
 1047      5F4F5645 
 1047      5252554E 
 1047      00
 1048              	.LASF35:
 1049 0057 52435F45 		.ascii	"RC_ERROR_WRITE_FAILS\000"
 1049      52524F52 
 1049      5F575249 
 1049      54455F46 
 1049      41494C53 
 1050              	.LASF16:
 1051 006c 73697A65 		.ascii	"sizetype\000"
 1051      74797065 
 1051      00
 1052              	.LASF20:
 1053 0075 52435F45 		.ascii	"RC_ERROR_ZERO\000"
 1053      52524F52 
 1053      5F5A4552 
 1053      4F00
 1054              	.LASF34:
 1055 0083 52435F45 		.ascii	"RC_ERROR_READ_FAILS\000"
 1055      52524F52 
 1055      5F524541 
 1055      445F4641 
 1055      494C5300 
 1056              	.LASF40:
 1057 0097 52435F45 		.ascii	"RC_ERROR_INVALID_STATE\000"
 1057      52524F52 
 1057      5F494E56 
 1057      414C4944 
 1057      5F535441 
 1058              	.LASF11:
 1059 00ae 75696E74 		.ascii	"uint8\000"
 1059      3800
 1060              	.LASF58:
 1061 00b4 436F6E74 		.ascii	"Control_Reg_SevenSegmentLED_Write\000"
 1061      726F6C5F 
 1061      5265675F 
 1061      53657665 
 1061      6E536567 
ARM GAS  C:\Users\rbhar\AppData\Local\Temp\ccSrbOLa.s 			page 23


 1062              	.LASF45:
 1063 00d6 5345474D 		.ascii	"SEGMENT_ON\000"
 1063      454E545F 
 1063      4F4E00
 1064              	.LASF63:
 1065 00e1 53455645 		.ascii	"SEVEN_Set\000"
 1065      4E5F5365 
 1065      7400
 1066              	.LASF22:
 1067 00eb 52435F45 		.ascii	"RC_ERROR_RANGE\000"
 1067      52524F52 
 1067      5F52414E 
 1067      474500
 1068              	.LASF52:
 1069 00fa 53455645 		.ascii	"SEVEN_init\000"
 1069      4E5F696E 
 1069      697400
 1070              	.LASF12:
 1071 0105 666C6F61 		.ascii	"float\000"
 1071      7400
 1072              	.LASF6:
 1073 010b 6C6F6E67 		.ascii	"long long int\000"
 1073      206C6F6E 
 1073      6720696E 
 1073      7400
 1074              	.LASF49:
 1075 0119 65536567 		.ascii	"eSegments_t\000"
 1075      6D656E74 
 1075      735F7400 
 1076              	.LASF36:
 1077 0125 52435F45 		.ascii	"RC_ERROR_NOT_MATCH\000"
 1077      52524F52 
 1077      5F4E4F54 
 1077      5F4D4154 
 1077      434800
 1078              	.LASF41:
 1079 0138 52435F45 		.ascii	"RC_ERROR_UNKNOWN\000"
 1079      52524F52 
 1079      5F554E4B 
 1079      4E4F574E 
 1079      00
 1080              	.LASF4:
 1081 0149 6C6F6E67 		.ascii	"long int\000"
 1081      20696E74 
 1081      00
 1082              	.LASF24:
 1083 0152 52435F45 		.ascii	"RC_ERROR_UNDERRUN\000"
 1083      52524F52 
 1083      5F554E44 
 1083      45525255 
 1083      4E00
 1084              	.LASF48:
 1085 0164 53455645 		.ascii	"SEVEN_DISPLAY1\000"
 1085      4E5F4449 
 1085      53504C41 
 1085      593100
 1086              	.LASF27:
ARM GAS  C:\Users\rbhar\AppData\Local\Temp\ccSrbOLa.s 			page 24


 1087 0173 52435F45 		.ascii	"RC_ERROR_BUSY\000"
 1087      52524F52 
 1087      5F425553 
 1087      5900
 1088              	.LASF33:
 1089 0181 52435F45 		.ascii	"RC_ERROR_INVALID\000"
 1089      52524F52 
 1089      5F494E56 
 1089      414C4944 
 1089      00
 1090              	.LASF43:
 1091 0192 65536567 		.ascii	"eSegmentStates\000"
 1091      6D656E74 
 1091      53746174 
 1091      657300
 1092              	.LASF62:
 1093 01a1 443A5C48 		.ascii	"D:\\HDA\\Pre-Semester\\2_Microcontroller\\LabWorksp"
 1093      44415C50 
 1093      72652D53 
 1093      656D6573 
 1093      7465725C 
 1094 01d0 6163655C 		.ascii	"ace\\LabMicrocontroller\\ReactionGame.cydsn\000"
 1094      4C61624D 
 1094      6963726F 
 1094      636F6E74 
 1094      726F6C6C 
 1095              	.LASF46:
 1096 01fa 65536567 		.ascii	"eSegments\000"
 1096      6D656E74 
 1096      7300
 1097              	.LASF15:
 1098 0204 6C6F6E67 		.ascii	"long double\000"
 1098      20646F75 
 1098      626C6500 
 1099              	.LASF51:
 1100 0210 56616C75 		.ascii	"Value\000"
 1100      6500
 1101              	.LASF1:
 1102 0216 756E7369 		.ascii	"unsigned char\000"
 1102      676E6564 
 1102      20636861 
 1102      7200
 1103              	.LASF38:
 1104 0224 52435F45 		.ascii	"RC_ERROR_BAD_DATA\000"
 1104      52524F52 
 1104      5F424144 
 1104      5F444154 
 1104      4100
 1105              	.LASF61:
 1106 0236 736F7572 		.ascii	"source\\bsw\\seven.c\000"
 1106      63655C62 
 1106      73775C73 
 1106      6576656E 
 1106      2E6300
 1107              	.LASF0:
 1108 0249 7369676E 		.ascii	"signed char\000"
 1108      65642063 
ARM GAS  C:\Users\rbhar\AppData\Local\Temp\ccSrbOLa.s 			page 25


 1108      68617200 
 1109              	.LASF47:
 1110 0255 53455645 		.ascii	"SEVEN_DISPLAY0\000"
 1110      4E5F4449 
 1110      53504C41 
 1110      593000
 1111              	.LASF7:
 1112 0264 6C6F6E67 		.ascii	"long long unsigned int\000"
 1112      206C6F6E 
 1112      6720756E 
 1112      7369676E 
 1112      65642069 
 1113              	.LASF8:
 1114 027b 756E7369 		.ascii	"unsigned int\000"
 1114      676E6564 
 1114      20696E74 
 1114      00
 1115              	.LASF29:
 1116 0288 52435F45 		.ascii	"RC_ERROR_OPEN\000"
 1116      52524F52 
 1116      5F4F5045 
 1116      4E00
 1117              	.LASF19:
 1118 0296 52435F45 		.ascii	"RC_ERROR_NULL\000"
 1118      52524F52 
 1118      5F4E554C 
 1118      4C00
 1119              	.LASF26:
 1120 02a4 52435F45 		.ascii	"RC_ERROR_BUFFER_EMTPY\000"
 1120      52524F52 
 1120      5F425546 
 1120      4645525F 
 1120      454D5450 
 1121              	.LASF54:
 1122 02ba 53455645 		.ascii	"SEVEN_Write\000"
 1122      4E5F5772 
 1122      69746500 
 1123              	.LASF3:
 1124 02c6 73686F72 		.ascii	"short unsigned int\000"
 1124      7420756E 
 1124      7369676E 
 1124      65642069 
 1124      6E7400
 1125              	.LASF60:
 1126 02d9 474E5520 		.ascii	"GNU C11 5.4.1 20160609 (release) [ARM/embedded-5-br"
 1126      43313120 
 1126      352E342E 
 1126      31203230 
 1126      31363036 
 1127 030c 616E6368 		.ascii	"anch revision 237715] -mcpu=cortex-m3 -mthumb -g -O"
 1127      20726576 
 1127      6973696F 
 1127      6E203233 
 1127      37373135 
 1128 033f 67202D66 		.ascii	"g -ffunction-sections -ffat-lto-objects\000"
 1128      66756E63 
 1128      74696F6E 
ARM GAS  C:\Users\rbhar\AppData\Local\Temp\ccSrbOLa.s 			page 26


 1128      2D736563 
 1128      74696F6E 
 1129              	.LASF14:
 1130 0367 63686172 		.ascii	"char\000"
 1130      00
 1131              	.LASF25:
 1132 036c 52435F45 		.ascii	"RC_ERROR_BUFFER_FULL\000"
 1132      52524F52 
 1132      5F425546 
 1132      4645525F 
 1132      46554C4C 
 1133              	.LASF10:
 1134 0381 696E7433 		.ascii	"int32_t\000"
 1134      325F7400 
 1135              	.LASF44:
 1136 0389 5345474D 		.ascii	"SEGMENT_OFF\000"
 1136      454E545F 
 1136      4F464600 
 1137              	.LASF53:
 1138 0395 53455645 		.ascii	"SEVEN_clear\000"
 1138      4E5F636C 
 1138      65617200 
 1139              	.LASF37:
 1140 03a1 52435F45 		.ascii	"RC_ERROR_BAD_PARAM\000"
 1140      52524F52 
 1140      5F424144 
 1140      5F504152 
 1140      414D00
 1141              	.LASF59:
 1142 03b4 50696E5F 		.ascii	"Pin_Display_Write\000"
 1142      44697370 
 1142      6C61795F 
 1142      57726974 
 1142      6500
 1143              	.LASF5:
 1144 03c6 6C6F6E67 		.ascii	"long unsigned int\000"
 1144      20756E73 
 1144      69676E65 
 1144      6420696E 
 1144      7400
 1145              	.LASF55:
 1146 03d8 4E6F546F 		.ascii	"NoToDisplay\000"
 1146      44697370 
 1146      6C617900 
 1147              	.LASF30:
 1148 03e4 52435F45 		.ascii	"RC_ERROR_CHECKSUM\000"
 1148      52524F52 
 1148      5F434845 
 1148      434B5355 
 1148      4D00
 1149              	.LASF9:
 1150 03f6 5F5F696E 		.ascii	"__int32_t\000"
 1150      7433325F 
 1150      7400
 1151              	.LASF57:
 1152 0400 50696E5F 		.ascii	"Pin_Select_Write\000"
 1152      53656C65 
ARM GAS  C:\Users\rbhar\AppData\Local\Temp\ccSrbOLa.s 			page 27


 1152      63745F57 
 1152      72697465 
 1152      00
 1153              	.LASF39:
 1154 0411 52435F45 		.ascii	"RC_ERROR_CANCELED\000"
 1154      52524F52 
 1154      5F43414E 
 1154      43454C45 
 1154      4400
 1155              	.LASF13:
 1156 0423 646F7562 		.ascii	"double\000"
 1156      6C6500
 1157              	.LASF56:
 1158 042a 4C6F6F6B 		.ascii	"LookUpForDisplay\000"
 1158      5570466F 
 1158      72446973 
 1158      706C6179 
 1158      00
 1159              	.LASF64:
 1160 043b 49544D5F 		.ascii	"ITM_RxBuffer\000"
 1160      52784275 
 1160      66666572 
 1160      00
 1161              	.LASF18:
 1162 0448 52435F45 		.ascii	"RC_ERROR\000"
 1162      52524F52 
 1162      00
 1163              	.LASF21:
 1164 0451 52435F45 		.ascii	"RC_ERROR_MEMORY\000"
 1164      52524F52 
 1164      5F4D454D 
 1164      4F525900 
 1165              	.LASF42:
 1166 0461 52435F74 		.ascii	"RC_t\000"
 1166      00
 1167              	.LASF28:
 1168 0466 52435F45 		.ascii	"RC_ERROR_TIME_OUT\000"
 1168      52524F52 
 1168      5F54494D 
 1168      455F4F55 
 1168      5400
 1169              		.ident	"GCC: (GNU Tools for ARM Embedded Processors) 5.4.1 20160609 (release) [ARM/embedded-5-bran
