ARM GAS  C:\Users\rbhar\AppData\Local\Temp\ccBxL3AZ.s 			page 1


   1              		.syntax unified
   2              		.cpu cortex-m3
   3              		.fpu softvfp
   4              		.eabi_attribute 20, 1
   5              		.eabi_attribute 21, 1
   6              		.eabi_attribute 23, 3
   7              		.eabi_attribute 24, 1
   8              		.eabi_attribute 25, 1
   9              		.eabi_attribute 26, 1
  10              		.eabi_attribute 30, 1
  11              		.eabi_attribute 34, 1
  12              		.eabi_attribute 18, 4
  13              		.thumb
  14              		.syntax unified
  15              		.file	"console.c"
  16              		.text
  17              	.Ltext0:
  18              		.cfi_sections	.debug_frame
  19              		.section	.text.CONSOLE_Write,"ax",%progbits
  20              		.align	2
  21              		.global	CONSOLE_Write
  22              		.thumb
  23              		.thumb_func
  24              		.type	CONSOLE_Write, %function
  25              	CONSOLE_Write:
  26              	.LFB102:
  27              		.file 1 "source\\bsw\\console.c"
   1:source\bsw/console.c **** /**
   2:source\bsw/console.c **** * \file <console.c>
   3:source\bsw/console.c **** * \author <Bharath Ramachandraiah>
   4:source\bsw/console.c **** * \date <25/09/2018>
   5:source\bsw/console.c **** *
   6:source\bsw/console.c **** * \brief <Symbolic File name>
   7:source\bsw/console.c **** *
   8:source\bsw/console.c **** * \copyright Copyright ©2016
   9:source\bsw/console.c **** * Department of electrical engineering and information technology, Hochschule Darmstadt - Universit
  10:source\bsw/console.c **** * Permission to use, copy, modify, and distribute this software and its documentation for education
  11:source\bsw/console.c **** * (unless permitted by h_da) and official h_da projects, is hereby granted for enrolled students of
  12:source\bsw/console.c **** * this paragraph and the following paragraph appear in all copies, modifications, and distributions
  13:source\bsw/console.c **** * Contact Prof.Dr.-Ing. Peter Fromm, peter.fromm@h-da.de, Birkenweg 8 64295 Darmstadt - GERMANY for
  14:source\bsw/console.c **** *
  15:source\bsw/console.c **** * \warning This software is a PROTOTYPE version and is not designed or intended for use in producti
  16:source\bsw/console.c **** * The user represents and warrants that it will NOT use or redistribute the Software for such purpo
  17:source\bsw/console.c **** * This prototype is for research purposes only. This software is provided "AS IS," without a warran
  18:source\bsw/console.c **** */
  19:source\bsw/console.c **** 
  20:source\bsw/console.c **** /*****************************************************************************/
  21:source\bsw/console.c **** /* Include files                                                             */
  22:source\bsw/console.c **** /*****************************************************************************/
  23:source\bsw/console.c **** #include "global.h"
  24:source\bsw/console.c **** #include "console.h"
  25:source\bsw/console.c **** #include "UART_LOG.h"
  26:source\bsw/console.c **** 
  27:source\bsw/console.c **** /*****************************************************************************/
  28:source\bsw/console.c **** /* Local pre-processor symbols/macros ('#define')                            */
  29:source\bsw/console.c **** /*****************************************************************************/
  30:source\bsw/console.c **** 
ARM GAS  C:\Users\rbhar\AppData\Local\Temp\ccBxL3AZ.s 			page 2


  31:source\bsw/console.c **** /*****************************************************************************/
  32:source\bsw/console.c **** /* Global variable definitions (declared in header file with 'extern')       */
  33:source\bsw/console.c **** /*****************************************************************************/
  34:source\bsw/console.c **** 
  35:source\bsw/console.c **** /*****************************************************************************/
  36:source\bsw/console.c **** /* Local type definitions ('typedef')                                        */
  37:source\bsw/console.c **** /*****************************************************************************/
  38:source\bsw/console.c **** 
  39:source\bsw/console.c **** /*****************************************************************************/
  40:source\bsw/console.c **** /* Local variable definitions ('static')                                     */
  41:source\bsw/console.c **** /*****************************************************************************/
  42:source\bsw/console.c **** 
  43:source\bsw/console.c **** 
  44:source\bsw/console.c **** 
  45:source\bsw/console.c **** /*****************************************************************************/
  46:source\bsw/console.c **** /* Local function prototypes ('static')                                      */
  47:source\bsw/console.c **** /*****************************************************************************/
  48:source\bsw/console.c **** 
  49:source\bsw/console.c **** 
  50:source\bsw/console.c **** /*****************************************************************************/
  51:source\bsw/console.c **** /* Function implementation - global ('extern') and local ('static')          */
  52:source\bsw/console.c **** /*****************************************************************************/
  53:source\bsw/console.c **** 
  54:source\bsw/console.c **** /**
  55:source\bsw/console.c ****  * A function transmits the string characters over serial console.
  56:source\bsw/console.c ****  * @param const sint8_t *pMessaage      : IN String
  57:source\bsw/console.c ****  * @return Transmits the messsage character by character over the UART.
  58:source\bsw/console.c ****  */
  59:source\bsw/console.c **** void CONSOLE_Write(const char *pMessage)
  60:source\bsw/console.c **** {
  28              		.loc 1 60 0
  29              		.cfi_startproc
  30              		@ args = 0, pretend = 0, frame = 0
  31              		@ frame_needed = 0, uses_anonymous_args = 0
  32              	.LVL0:
  33 0000 08B5     		push	{r3, lr}
  34              		.cfi_def_cfa_offset 8
  35              		.cfi_offset 3, -8
  36              		.cfi_offset 14, -4
  61:source\bsw/console.c ****     UART_LOG_PutString(pMessage);
  37              		.loc 1 61 0
  38 0002 FFF7FEFF 		bl	UART_LOG_PutString
  39              	.LVL1:
  40 0006 08BD     		pop	{r3, pc}
  41              		.cfi_endproc
  42              	.LFE102:
  43              		.size	CONSOLE_Write, .-CONSOLE_Write
  44              		.text
  45              	.Letext0:
  46              		.file 2 "d:\\installations\\cypress\\psoc creator\\4.2\\psoc creator\\import\\gnu\\arm\\5.4.1\\arm
  47              		.file 3 "d:\\installations\\cypress\\psoc creator\\4.2\\psoc creator\\import\\gnu\\arm\\5.4.1\\arm
  48              		.file 4 "Generated_Source\\PSoC5/ErikaOS_common_ee_types.inc"
  49              		.file 5 "Generated_Source\\PSoC5/ErikaOS_cortex_mx_ee_cpu.inc"
  50              		.file 6 "Generated_Source\\PSoC5/ErikaOS_ee_oo_intfunc.inc"
  51              		.file 7 "Generated_Source\\PSoC5/ErikaOS_cortex_mx_ee_context.inc"
  52              		.file 8 "Generated_Source\\PSoC5/ErikaOS_common_ee_primitives.inc"
  53              		.file 9 "Generated_Source\\PSoC5/core_cm3.h"
ARM GAS  C:\Users\rbhar\AppData\Local\Temp\ccBxL3AZ.s 			page 3


  54              		.file 10 "Generated_Source\\PSoC5/UART_LOG.h"
  55              		.section	.debug_info,"",%progbits
  56              	.Ldebug_info0:
  57 0000 6C010000 		.4byte	0x16c
  58 0004 0400     		.2byte	0x4
  59 0006 00000000 		.4byte	.Ldebug_abbrev0
  60 000a 04       		.byte	0x4
  61 000b 01       		.uleb128 0x1
  62 000c 66000000 		.4byte	.LASF27
  63 0010 0C       		.byte	0xc
  64 0011 00000000 		.4byte	.LASF28
  65 0015 EB010000 		.4byte	.LASF29
  66 0019 00000000 		.4byte	.Ldebug_ranges0+0
  67 001d 00000000 		.4byte	0
  68 0021 00000000 		.4byte	.Ldebug_line0
  69 0025 02       		.uleb128 0x2
  70 0026 01       		.byte	0x1
  71 0027 06       		.byte	0x6
  72 0028 7F020000 		.4byte	.LASF0
  73 002c 02       		.uleb128 0x2
  74 002d 01       		.byte	0x1
  75 002e 08       		.byte	0x8
  76 002f 58000000 		.4byte	.LASF1
  77 0033 02       		.uleb128 0x2
  78 0034 02       		.byte	0x2
  79 0035 05       		.byte	0x5
  80 0036 60020000 		.4byte	.LASF2
  81 003a 02       		.uleb128 0x2
  82 003b 02       		.byte	0x2
  83 003c 07       		.byte	0x7
  84 003d 0F010000 		.4byte	.LASF3
  85 0041 03       		.uleb128 0x3
  86 0042 15000000 		.4byte	.LASF9
  87 0046 02       		.byte	0x2
  88 0047 3F       		.byte	0x3f
  89 0048 4C000000 		.4byte	0x4c
  90 004c 02       		.uleb128 0x2
  91 004d 04       		.byte	0x4
  92 004e 05       		.byte	0x5
  93 004f 6A020000 		.4byte	.LASF4
  94 0053 02       		.uleb128 0x2
  95 0054 04       		.byte	0x4
  96 0055 07       		.byte	0x7
  97 0056 FD000000 		.4byte	.LASF5
  98 005a 02       		.uleb128 0x2
  99 005b 08       		.byte	0x8
 100 005c 05       		.byte	0x5
 101 005d D8010000 		.4byte	.LASF6
 102 0061 02       		.uleb128 0x2
 103 0062 08       		.byte	0x8
 104 0063 07       		.byte	0x7
 105 0064 9D010000 		.4byte	.LASF7
 106 0068 04       		.uleb128 0x4
 107 0069 04       		.byte	0x4
 108 006a 05       		.byte	0x5
 109 006b 696E7400 		.ascii	"int\000"
 110 006f 02       		.uleb128 0x2
ARM GAS  C:\Users\rbhar\AppData\Local\Temp\ccBxL3AZ.s 			page 4


 111 0070 04       		.byte	0x4
 112 0071 07       		.byte	0x7
 113 0072 70010000 		.4byte	.LASF8
 114 0076 03       		.uleb128 0x3
 115 0077 C7010000 		.4byte	.LASF10
 116 007b 03       		.byte	0x3
 117 007c 2C       		.byte	0x2c
 118 007d 41000000 		.4byte	0x41
 119 0081 02       		.uleb128 0x2
 120 0082 04       		.byte	0x4
 121 0083 04       		.byte	0x4
 122 0084 52000000 		.4byte	.LASF11
 123 0088 02       		.uleb128 0x2
 124 0089 08       		.byte	0x8
 125 008a 04       		.byte	0x4
 126 008b 50010000 		.4byte	.LASF12
 127 008f 02       		.uleb128 0x2
 128 0090 01       		.byte	0x1
 129 0091 08       		.byte	0x8
 130 0092 E6010000 		.4byte	.LASF13
 131 0096 02       		.uleb128 0x2
 132 0097 08       		.byte	0x8
 133 0098 04       		.byte	0x4
 134 0099 73020000 		.4byte	.LASF14
 135 009d 03       		.uleb128 0x3
 136 009e F4000000 		.4byte	.LASF15
 137 00a2 04       		.byte	0x4
 138 00a3 53       		.byte	0x53
 139 00a4 68000000 		.4byte	0x68
 140 00a8 03       		.uleb128 0x3
 141 00a9 85010000 		.4byte	.LASF16
 142 00ad 04       		.byte	0x4
 143 00ae 54       		.byte	0x54
 144 00af 6F000000 		.4byte	0x6f
 145 00b3 03       		.uleb128 0x3
 146 00b4 43020000 		.4byte	.LASF17
 147 00b8 05       		.byte	0x5
 148 00b9 4D       		.byte	0x4d
 149 00ba A8000000 		.4byte	0xa8
 150 00be 03       		.uleb128 0x3
 151 00bf 7D010000 		.4byte	.LASF18
 152 00c3 05       		.byte	0x5
 153 00c4 4F       		.byte	0x4f
 154 00c5 A8000000 		.4byte	0xa8
 155 00c9 03       		.uleb128 0x3
 156 00ca 38000000 		.4byte	.LASF19
 157 00ce 05       		.byte	0x5
 158 00cf 78       		.byte	0x78
 159 00d0 9D000000 		.4byte	0x9d
 160 00d4 02       		.uleb128 0x2
 161 00d5 04       		.byte	0x4
 162 00d6 07       		.byte	0x7
 163 00d7 CF010000 		.4byte	.LASF20
 164 00db 05       		.uleb128 0x5
 165 00dc 04       		.byte	0x4
 166 00dd E1000000 		.4byte	0xe1
 167 00e1 06       		.uleb128 0x6
ARM GAS  C:\Users\rbhar\AppData\Local\Temp\ccBxL3AZ.s 			page 5


 168 00e2 8F000000 		.4byte	0x8f
 169 00e6 07       		.uleb128 0x7
 170 00e7 8F010000 		.4byte	.LASF30
 171 00eb 01       		.byte	0x1
 172 00ec 3B       		.byte	0x3b
 173 00ed 00000000 		.4byte	.LFB102
 174 00f1 08000000 		.4byte	.LFE102-.LFB102
 175 00f5 01       		.uleb128 0x1
 176 00f6 9C       		.byte	0x9c
 177 00f7 1C010000 		.4byte	0x11c
 178 00fb 08       		.uleb128 0x8
 179 00fc 3A010000 		.4byte	.LASF31
 180 0100 01       		.byte	0x1
 181 0101 3B       		.byte	0x3b
 182 0102 DB000000 		.4byte	0xdb
 183 0106 00000000 		.4byte	.LLST0
 184 010a 09       		.uleb128 0x9
 185 010b 06000000 		.4byte	.LVL1
 186 010f 64010000 		.4byte	0x164
 187 0113 0A       		.uleb128 0xa
 188 0114 01       		.uleb128 0x1
 189 0115 50       		.byte	0x50
 190 0116 03       		.uleb128 0x3
 191 0117 F3       		.byte	0xf3
 192 0118 01       		.uleb128 0x1
 193 0119 50       		.byte	0x50
 194 011a 00       		.byte	0
 195 011b 00       		.byte	0
 196 011c 0B       		.uleb128 0xb
 197 011d 22010000 		.4byte	.LASF21
 198 0121 06       		.byte	0x6
 199 0122 40       		.byte	0x40
 200 0123 B3000000 		.4byte	0xb3
 201 0127 0B       		.uleb128 0xb
 202 0128 1F000000 		.4byte	.LASF22
 203 012c 06       		.byte	0x6
 204 012d 47       		.byte	0x47
 205 012e BE000000 		.4byte	0xbe
 206 0132 0B       		.uleb128 0xb
 207 0133 B4010000 		.4byte	.LASF23
 208 0137 06       		.byte	0x6
 209 0138 4A       		.byte	0x4a
 210 0139 B3000000 		.4byte	0xb3
 211 013d 0B       		.uleb128 0xb
 212 013e 57010000 		.4byte	.LASF24
 213 0142 07       		.byte	0x7
 214 0143 48       		.byte	0x48
 215 0144 C9000000 		.4byte	0xc9
 216 0148 0B       		.uleb128 0xb
 217 0149 4B020000 		.4byte	.LASF25
 218 014d 08       		.byte	0x8
 219 014e 44       		.byte	0x44
 220 014f B3000000 		.4byte	0xb3
 221 0153 0C       		.uleb128 0xc
 222 0154 43010000 		.4byte	.LASF26
 223 0158 09       		.byte	0x9
 224 0159 1207     		.2byte	0x712
ARM GAS  C:\Users\rbhar\AppData\Local\Temp\ccBxL3AZ.s 			page 6


 225 015b 5F010000 		.4byte	0x15f
 226 015f 0D       		.uleb128 0xd
 227 0160 76000000 		.4byte	0x76
 228 0164 0E       		.uleb128 0xe
 229 0165 3F000000 		.4byte	.LASF32
 230 0169 3F000000 		.4byte	.LASF32
 231 016d 0A       		.byte	0xa
 232 016e 8B       		.byte	0x8b
 233 016f 00       		.byte	0
 234              		.section	.debug_abbrev,"",%progbits
 235              	.Ldebug_abbrev0:
 236 0000 01       		.uleb128 0x1
 237 0001 11       		.uleb128 0x11
 238 0002 01       		.byte	0x1
 239 0003 25       		.uleb128 0x25
 240 0004 0E       		.uleb128 0xe
 241 0005 13       		.uleb128 0x13
 242 0006 0B       		.uleb128 0xb
 243 0007 03       		.uleb128 0x3
 244 0008 0E       		.uleb128 0xe
 245 0009 1B       		.uleb128 0x1b
 246 000a 0E       		.uleb128 0xe
 247 000b 55       		.uleb128 0x55
 248 000c 17       		.uleb128 0x17
 249 000d 11       		.uleb128 0x11
 250 000e 01       		.uleb128 0x1
 251 000f 10       		.uleb128 0x10
 252 0010 17       		.uleb128 0x17
 253 0011 00       		.byte	0
 254 0012 00       		.byte	0
 255 0013 02       		.uleb128 0x2
 256 0014 24       		.uleb128 0x24
 257 0015 00       		.byte	0
 258 0016 0B       		.uleb128 0xb
 259 0017 0B       		.uleb128 0xb
 260 0018 3E       		.uleb128 0x3e
 261 0019 0B       		.uleb128 0xb
 262 001a 03       		.uleb128 0x3
 263 001b 0E       		.uleb128 0xe
 264 001c 00       		.byte	0
 265 001d 00       		.byte	0
 266 001e 03       		.uleb128 0x3
 267 001f 16       		.uleb128 0x16
 268 0020 00       		.byte	0
 269 0021 03       		.uleb128 0x3
 270 0022 0E       		.uleb128 0xe
 271 0023 3A       		.uleb128 0x3a
 272 0024 0B       		.uleb128 0xb
 273 0025 3B       		.uleb128 0x3b
 274 0026 0B       		.uleb128 0xb
 275 0027 49       		.uleb128 0x49
 276 0028 13       		.uleb128 0x13
 277 0029 00       		.byte	0
 278 002a 00       		.byte	0
 279 002b 04       		.uleb128 0x4
 280 002c 24       		.uleb128 0x24
 281 002d 00       		.byte	0
ARM GAS  C:\Users\rbhar\AppData\Local\Temp\ccBxL3AZ.s 			page 7


 282 002e 0B       		.uleb128 0xb
 283 002f 0B       		.uleb128 0xb
 284 0030 3E       		.uleb128 0x3e
 285 0031 0B       		.uleb128 0xb
 286 0032 03       		.uleb128 0x3
 287 0033 08       		.uleb128 0x8
 288 0034 00       		.byte	0
 289 0035 00       		.byte	0
 290 0036 05       		.uleb128 0x5
 291 0037 0F       		.uleb128 0xf
 292 0038 00       		.byte	0
 293 0039 0B       		.uleb128 0xb
 294 003a 0B       		.uleb128 0xb
 295 003b 49       		.uleb128 0x49
 296 003c 13       		.uleb128 0x13
 297 003d 00       		.byte	0
 298 003e 00       		.byte	0
 299 003f 06       		.uleb128 0x6
 300 0040 26       		.uleb128 0x26
 301 0041 00       		.byte	0
 302 0042 49       		.uleb128 0x49
 303 0043 13       		.uleb128 0x13
 304 0044 00       		.byte	0
 305 0045 00       		.byte	0
 306 0046 07       		.uleb128 0x7
 307 0047 2E       		.uleb128 0x2e
 308 0048 01       		.byte	0x1
 309 0049 3F       		.uleb128 0x3f
 310 004a 19       		.uleb128 0x19
 311 004b 03       		.uleb128 0x3
 312 004c 0E       		.uleb128 0xe
 313 004d 3A       		.uleb128 0x3a
 314 004e 0B       		.uleb128 0xb
 315 004f 3B       		.uleb128 0x3b
 316 0050 0B       		.uleb128 0xb
 317 0051 27       		.uleb128 0x27
 318 0052 19       		.uleb128 0x19
 319 0053 11       		.uleb128 0x11
 320 0054 01       		.uleb128 0x1
 321 0055 12       		.uleb128 0x12
 322 0056 06       		.uleb128 0x6
 323 0057 40       		.uleb128 0x40
 324 0058 18       		.uleb128 0x18
 325 0059 9742     		.uleb128 0x2117
 326 005b 19       		.uleb128 0x19
 327 005c 01       		.uleb128 0x1
 328 005d 13       		.uleb128 0x13
 329 005e 00       		.byte	0
 330 005f 00       		.byte	0
 331 0060 08       		.uleb128 0x8
 332 0061 05       		.uleb128 0x5
 333 0062 00       		.byte	0
 334 0063 03       		.uleb128 0x3
 335 0064 0E       		.uleb128 0xe
 336 0065 3A       		.uleb128 0x3a
 337 0066 0B       		.uleb128 0xb
 338 0067 3B       		.uleb128 0x3b
ARM GAS  C:\Users\rbhar\AppData\Local\Temp\ccBxL3AZ.s 			page 8


 339 0068 0B       		.uleb128 0xb
 340 0069 49       		.uleb128 0x49
 341 006a 13       		.uleb128 0x13
 342 006b 02       		.uleb128 0x2
 343 006c 17       		.uleb128 0x17
 344 006d 00       		.byte	0
 345 006e 00       		.byte	0
 346 006f 09       		.uleb128 0x9
 347 0070 898201   		.uleb128 0x4109
 348 0073 01       		.byte	0x1
 349 0074 11       		.uleb128 0x11
 350 0075 01       		.uleb128 0x1
 351 0076 31       		.uleb128 0x31
 352 0077 13       		.uleb128 0x13
 353 0078 00       		.byte	0
 354 0079 00       		.byte	0
 355 007a 0A       		.uleb128 0xa
 356 007b 8A8201   		.uleb128 0x410a
 357 007e 00       		.byte	0
 358 007f 02       		.uleb128 0x2
 359 0080 18       		.uleb128 0x18
 360 0081 9142     		.uleb128 0x2111
 361 0083 18       		.uleb128 0x18
 362 0084 00       		.byte	0
 363 0085 00       		.byte	0
 364 0086 0B       		.uleb128 0xb
 365 0087 34       		.uleb128 0x34
 366 0088 00       		.byte	0
 367 0089 03       		.uleb128 0x3
 368 008a 0E       		.uleb128 0xe
 369 008b 3A       		.uleb128 0x3a
 370 008c 0B       		.uleb128 0xb
 371 008d 3B       		.uleb128 0x3b
 372 008e 0B       		.uleb128 0xb
 373 008f 49       		.uleb128 0x49
 374 0090 13       		.uleb128 0x13
 375 0091 3F       		.uleb128 0x3f
 376 0092 19       		.uleb128 0x19
 377 0093 3C       		.uleb128 0x3c
 378 0094 19       		.uleb128 0x19
 379 0095 00       		.byte	0
 380 0096 00       		.byte	0
 381 0097 0C       		.uleb128 0xc
 382 0098 34       		.uleb128 0x34
 383 0099 00       		.byte	0
 384 009a 03       		.uleb128 0x3
 385 009b 0E       		.uleb128 0xe
 386 009c 3A       		.uleb128 0x3a
 387 009d 0B       		.uleb128 0xb
 388 009e 3B       		.uleb128 0x3b
 389 009f 05       		.uleb128 0x5
 390 00a0 49       		.uleb128 0x49
 391 00a1 13       		.uleb128 0x13
 392 00a2 3F       		.uleb128 0x3f
 393 00a3 19       		.uleb128 0x19
 394 00a4 3C       		.uleb128 0x3c
 395 00a5 19       		.uleb128 0x19
ARM GAS  C:\Users\rbhar\AppData\Local\Temp\ccBxL3AZ.s 			page 9


 396 00a6 00       		.byte	0
 397 00a7 00       		.byte	0
 398 00a8 0D       		.uleb128 0xd
 399 00a9 35       		.uleb128 0x35
 400 00aa 00       		.byte	0
 401 00ab 49       		.uleb128 0x49
 402 00ac 13       		.uleb128 0x13
 403 00ad 00       		.byte	0
 404 00ae 00       		.byte	0
 405 00af 0E       		.uleb128 0xe
 406 00b0 2E       		.uleb128 0x2e
 407 00b1 00       		.byte	0
 408 00b2 3F       		.uleb128 0x3f
 409 00b3 19       		.uleb128 0x19
 410 00b4 3C       		.uleb128 0x3c
 411 00b5 19       		.uleb128 0x19
 412 00b6 6E       		.uleb128 0x6e
 413 00b7 0E       		.uleb128 0xe
 414 00b8 03       		.uleb128 0x3
 415 00b9 0E       		.uleb128 0xe
 416 00ba 3A       		.uleb128 0x3a
 417 00bb 0B       		.uleb128 0xb
 418 00bc 3B       		.uleb128 0x3b
 419 00bd 0B       		.uleb128 0xb
 420 00be 00       		.byte	0
 421 00bf 00       		.byte	0
 422 00c0 00       		.byte	0
 423              		.section	.debug_loc,"",%progbits
 424              	.Ldebug_loc0:
 425              	.LLST0:
 426 0000 00000000 		.4byte	.LVL0
 427 0004 05000000 		.4byte	.LVL1-1
 428 0008 0100     		.2byte	0x1
 429 000a 50       		.byte	0x50
 430 000b 05000000 		.4byte	.LVL1-1
 431 000f 08000000 		.4byte	.LFE102
 432 0013 0400     		.2byte	0x4
 433 0015 F3       		.byte	0xf3
 434 0016 01       		.uleb128 0x1
 435 0017 50       		.byte	0x50
 436 0018 9F       		.byte	0x9f
 437 0019 00000000 		.4byte	0
 438 001d 00000000 		.4byte	0
 439              		.section	.debug_aranges,"",%progbits
 440 0000 1C000000 		.4byte	0x1c
 441 0004 0200     		.2byte	0x2
 442 0006 00000000 		.4byte	.Ldebug_info0
 443 000a 04       		.byte	0x4
 444 000b 00       		.byte	0
 445 000c 0000     		.2byte	0
 446 000e 0000     		.2byte	0
 447 0010 00000000 		.4byte	.LFB102
 448 0014 08000000 		.4byte	.LFE102-.LFB102
 449 0018 00000000 		.4byte	0
 450 001c 00000000 		.4byte	0
 451              		.section	.debug_ranges,"",%progbits
 452              	.Ldebug_ranges0:
ARM GAS  C:\Users\rbhar\AppData\Local\Temp\ccBxL3AZ.s 			page 10


 453 0000 00000000 		.4byte	.LFB102
 454 0004 08000000 		.4byte	.LFE102
 455 0008 00000000 		.4byte	0
 456 000c 00000000 		.4byte	0
 457              		.section	.debug_line,"",%progbits
 458              	.Ldebug_line0:
 459 0000 09020000 		.section	.debug_str,"MS",%progbits,1
 459      0200F301 
 459      00000201 
 459      FB0E0D00 
 459      01010101 
 460              	.LASF28:
 461 0000 736F7572 		.ascii	"source\\bsw\\console.c\000"
 461      63655C62 
 461      73775C63 
 461      6F6E736F 
 461      6C652E63 
 462              	.LASF9:
 463 0015 5F5F696E 		.ascii	"__int32_t\000"
 463      7433325F 
 463      7400
 464              	.LASF22:
 465 001f 45455F6F 		.ascii	"EE_oo_IRQ_suspend_status\000"
 465      6F5F4952 
 465      515F7375 
 465      7370656E 
 465      645F7374 
 466              	.LASF19:
 467 0038 45455F54 		.ascii	"EE_TID\000"
 467      494400
 468              	.LASF32:
 469 003f 55415254 		.ascii	"UART_LOG_PutString\000"
 469      5F4C4F47 
 469      5F507574 
 469      53747269 
 469      6E6700
 470              	.LASF11:
 471 0052 666C6F61 		.ascii	"float\000"
 471      7400
 472              	.LASF1:
 473 0058 756E7369 		.ascii	"unsigned char\000"
 473      676E6564 
 473      20636861 
 473      7200
 474              	.LASF27:
 475 0066 474E5520 		.ascii	"GNU C11 5.4.1 20160609 (release) [ARM/embedded-5-br"
 475      43313120 
 475      352E342E 
 475      31203230 
 475      31363036 
 476 0099 616E6368 		.ascii	"anch revision 237715] -mcpu=cortex-m3 -mthumb -g -O"
 476      20726576 
 476      6973696F 
 476      6E203233 
 476      37373135 
 477 00cc 67202D66 		.ascii	"g -ffunction-sections -ffat-lto-objects\000"
 477      66756E63 
ARM GAS  C:\Users\rbhar\AppData\Local\Temp\ccBxL3AZ.s 			page 11


 477      74696F6E 
 477      2D736563 
 477      74696F6E 
 478              	.LASF15:
 479 00f4 45455F49 		.ascii	"EE_INT32\000"
 479      4E543332 
 479      00
 480              	.LASF5:
 481 00fd 6C6F6E67 		.ascii	"long unsigned int\000"
 481      20756E73 
 481      69676E65 
 481      6420696E 
 481      7400
 482              	.LASF3:
 483 010f 73686F72 		.ascii	"short unsigned int\000"
 483      7420756E 
 483      7369676E 
 483      65642069 
 483      6E7400
 484              	.LASF21:
 485 0122 45455F6F 		.ascii	"EE_oo_IRQ_disable_count\000"
 485      6F5F4952 
 485      515F6469 
 485      7361626C 
 485      655F636F 
 486              	.LASF31:
 487 013a 704D6573 		.ascii	"pMessage\000"
 487      73616765 
 487      00
 488              	.LASF26:
 489 0143 49544D5F 		.ascii	"ITM_RxBuffer\000"
 489      52784275 
 489      66666572 
 489      00
 490              	.LASF12:
 491 0150 646F7562 		.ascii	"double\000"
 491      6C6500
 492              	.LASF24:
 493 0157 45455F73 		.ascii	"EE_std_endcycle_next_tid\000"
 493      74645F65 
 493      6E646379 
 493      636C655F 
 493      6E657874 
 494              	.LASF8:
 495 0170 756E7369 		.ascii	"unsigned int\000"
 495      676E6564 
 495      20696E74 
 495      00
 496              	.LASF18:
 497 017d 45455F46 		.ascii	"EE_FREG\000"
 497      52454700 
 498              	.LASF16:
 499 0185 45455F55 		.ascii	"EE_UINT32\000"
 499      494E5433 
 499      3200
 500              	.LASF30:
 501 018f 434F4E53 		.ascii	"CONSOLE_Write\000"
ARM GAS  C:\Users\rbhar\AppData\Local\Temp\ccBxL3AZ.s 			page 12


 501      4F4C455F 
 501      57726974 
 501      6500
 502              	.LASF7:
 503 019d 6C6F6E67 		.ascii	"long long unsigned int\000"
 503      206C6F6E 
 503      6720756E 
 503      7369676E 
 503      65642069 
 504              	.LASF23:
 505 01b4 45455F41 		.ascii	"EE_ApplicationMode\000"
 505      70706C69 
 505      63617469 
 505      6F6E4D6F 
 505      646500
 506              	.LASF10:
 507 01c7 696E7433 		.ascii	"int32_t\000"
 507      325F7400 
 508              	.LASF20:
 509 01cf 73697A65 		.ascii	"sizetype\000"
 509      74797065 
 509      00
 510              	.LASF6:
 511 01d8 6C6F6E67 		.ascii	"long long int\000"
 511      206C6F6E 
 511      6720696E 
 511      7400
 512              	.LASF13:
 513 01e6 63686172 		.ascii	"char\000"
 513      00
 514              	.LASF29:
 515 01eb 443A5C48 		.ascii	"D:\\HDA\\1_sem\\Embedded System Design\\Lab\\Assign"
 515      44415C31 
 515      5F73656D 
 515      5C456D62 
 515      65646465 
 516 0219 6D656E74 		.ascii	"ment_1\\ReactionGame_OS\\ReactionGame.cydsn\000"
 516      5F315C52 
 516      65616374 
 516      696F6E47 
 516      616D655F 
 517              	.LASF17:
 518 0243 45455F55 		.ascii	"EE_UREG\000"
 518      52454700 
 519              	.LASF25:
 520 024b 45455F49 		.ascii	"EE_IRQ_nesting_level\000"
 520      52515F6E 
 520      65737469 
 520      6E675F6C 
 520      6576656C 
 521              	.LASF2:
 522 0260 73686F72 		.ascii	"short int\000"
 522      7420696E 
 522      7400
 523              	.LASF4:
 524 026a 6C6F6E67 		.ascii	"long int\000"
 524      20696E74 
ARM GAS  C:\Users\rbhar\AppData\Local\Temp\ccBxL3AZ.s 			page 13


 524      00
 525              	.LASF14:
 526 0273 6C6F6E67 		.ascii	"long double\000"
 526      20646F75 
 526      626C6500 
 527              	.LASF0:
 528 027f 7369676E 		.ascii	"signed char\000"
 528      65642063 
 528      68617200 
 529              		.ident	"GCC: (GNU Tools for ARM Embedded Processors) 5.4.1 20160609 (release) [ARM/embedded-5-bran
