ARM GAS  C:\Users\rbhar\AppData\Local\Temp\ccFv8bH7.s 			page 1


   1              		.syntax unified
   2              		.cpu cortex-m3
   3              		.fpu softvfp
   4              		.eabi_attribute 20, 1
   5              		.eabi_attribute 21, 1
   6              		.eabi_attribute 23, 3
   7              		.eabi_attribute 24, 1
   8              		.eabi_attribute 25, 1
   9              		.eabi_attribute 26, 1
  10              		.eabi_attribute 30, 1
  11              		.eabi_attribute 34, 1
  12              		.eabi_attribute 18, 4
  13              		.thumb
  14              		.syntax unified
  15              		.file	"ErikaOS_ee_tstub.c"
  16              		.text
  17              	.Ltext0:
  18              		.cfi_sections	.debug_frame
  19              		.section	.text.EE_oo_thread_stub,"ax",%progbits
  20              		.align	2
  21              		.global	EE_oo_thread_stub
  22              		.thumb
  23              		.thumb_func
  24              		.type	EE_oo_thread_stub, %function
  25              	EE_oo_thread_stub:
  26              	.LFB59:
  27              		.file 1 "Generated_Source\\PSoC5\\ErikaOS_ee_tstub.c"
   1:Generated_Source\PSoC5/ErikaOS_ee_tstub.c **** /* ###*B*###
   2:Generated_Source\PSoC5/ErikaOS_ee_tstub.c ****  * ERIKA Enterprise - a tiny RTOS for small microcontrollers
   3:Generated_Source\PSoC5/ErikaOS_ee_tstub.c ****  *
   4:Generated_Source\PSoC5/ErikaOS_ee_tstub.c ****  * Copyright (C) 2002-2008  Evidence Srl
   5:Generated_Source\PSoC5/ErikaOS_ee_tstub.c ****  *
   6:Generated_Source\PSoC5/ErikaOS_ee_tstub.c ****  * This file is part of ERIKA Enterprise.
   7:Generated_Source\PSoC5/ErikaOS_ee_tstub.c ****  *
   8:Generated_Source\PSoC5/ErikaOS_ee_tstub.c ****  * ERIKA Enterprise is free software; you can redistribute it
   9:Generated_Source\PSoC5/ErikaOS_ee_tstub.c ****  * and/or modify it under the terms of the GNU General Public License
  10:Generated_Source\PSoC5/ErikaOS_ee_tstub.c ****  * version 2 as published by the Free Software Foundation, 
  11:Generated_Source\PSoC5/ErikaOS_ee_tstub.c ****  * (with a special exception described below).
  12:Generated_Source\PSoC5/ErikaOS_ee_tstub.c ****  *
  13:Generated_Source\PSoC5/ErikaOS_ee_tstub.c ****  * Linking this code statically or dynamically with other modules is
  14:Generated_Source\PSoC5/ErikaOS_ee_tstub.c ****  * making a combined work based on this code.  Thus, the terms and
  15:Generated_Source\PSoC5/ErikaOS_ee_tstub.c ****  * conditions of the GNU General Public License cover the whole
  16:Generated_Source\PSoC5/ErikaOS_ee_tstub.c ****  * combination.
  17:Generated_Source\PSoC5/ErikaOS_ee_tstub.c ****  *
  18:Generated_Source\PSoC5/ErikaOS_ee_tstub.c ****  * As a special exception, the copyright holders of this library give you
  19:Generated_Source\PSoC5/ErikaOS_ee_tstub.c ****  * permission to link this code with independent modules to produce an
  20:Generated_Source\PSoC5/ErikaOS_ee_tstub.c ****  * executable, regardless of the license terms of these independent
  21:Generated_Source\PSoC5/ErikaOS_ee_tstub.c ****  * modules, and to copy and distribute the resulting executable under
  22:Generated_Source\PSoC5/ErikaOS_ee_tstub.c ****  * terms of your choice, provided that you also meet, for each linked
  23:Generated_Source\PSoC5/ErikaOS_ee_tstub.c ****  * independent module, the terms and conditions of the license of that
  24:Generated_Source\PSoC5/ErikaOS_ee_tstub.c ****  * module.  An independent module is a module which is not derived from
  25:Generated_Source\PSoC5/ErikaOS_ee_tstub.c ****  * or based on this library.  If you modify this code, you may extend
  26:Generated_Source\PSoC5/ErikaOS_ee_tstub.c ****  * this exception to your version of the code, but you are not
  27:Generated_Source\PSoC5/ErikaOS_ee_tstub.c ****  * obligated to do so.  If you do not wish to do so, delete this
  28:Generated_Source\PSoC5/ErikaOS_ee_tstub.c ****  * exception statement from your version.
  29:Generated_Source\PSoC5/ErikaOS_ee_tstub.c ****  *
  30:Generated_Source\PSoC5/ErikaOS_ee_tstub.c ****  * ERIKA Enterprise is distributed in the hope that it will be
ARM GAS  C:\Users\rbhar\AppData\Local\Temp\ccFv8bH7.s 			page 2


  31:Generated_Source\PSoC5/ErikaOS_ee_tstub.c ****  * useful, but WITHOUT ANY WARRANTY; without even the implied warranty
  32:Generated_Source\PSoC5/ErikaOS_ee_tstub.c ****  * of MERCHANTABILITY or FITNESS FOR A PARTICULAR PURPOSE.  See the
  33:Generated_Source\PSoC5/ErikaOS_ee_tstub.c ****  * GNU General Public License version 2 for more details.
  34:Generated_Source\PSoC5/ErikaOS_ee_tstub.c ****  *
  35:Generated_Source\PSoC5/ErikaOS_ee_tstub.c ****  * You should have received a copy of the GNU General Public License
  36:Generated_Source\PSoC5/ErikaOS_ee_tstub.c ****  * version 2 along with ERIKA Enterprise; if not, write to the
  37:Generated_Source\PSoC5/ErikaOS_ee_tstub.c ****  * Free Software Foundation, Inc., 51 Franklin Street, Fifth Floor,
  38:Generated_Source\PSoC5/ErikaOS_ee_tstub.c ****  * Boston, MA 02110-1301 USA.
  39:Generated_Source\PSoC5/ErikaOS_ee_tstub.c ****  * ###*E*### */
  40:Generated_Source\PSoC5/ErikaOS_ee_tstub.c **** 
  41:Generated_Source\PSoC5/ErikaOS_ee_tstub.c **** /*
  42:Generated_Source\PSoC5/ErikaOS_ee_tstub.c ****  * Author: 2002-2004 Paolo Gai
  43:Generated_Source\PSoC5/ErikaOS_ee_tstub.c ****  * CVS: $Id: ee_tstub.c,v 1.1 2005/07/16 12:23:42 pj Exp $
  44:Generated_Source\PSoC5/ErikaOS_ee_tstub.c ****  */
  45:Generated_Source\PSoC5/ErikaOS_ee_tstub.c **** 
  46:Generated_Source\PSoC5/ErikaOS_ee_tstub.c **** /*
  47:Generated_Source\PSoC5/ErikaOS_ee_tstub.c ****  * PSoC Port and API Generation
  48:Generated_Source\PSoC5/ErikaOS_ee_tstub.c ****  * Carlos Fernando Meier Martinez
  49:Generated_Source\PSoC5/ErikaOS_ee_tstub.c ****  * Hochschule Darmstadt, Germany. 2017.
  50:Generated_Source\PSoC5/ErikaOS_ee_tstub.c ****  */
  51:Generated_Source\PSoC5/ErikaOS_ee_tstub.c **** 
  52:Generated_Source\PSoC5/ErikaOS_ee_tstub.c **** #include "ErikaOS_ee_internal.inc"
  53:Generated_Source\PSoC5/ErikaOS_ee_tstub.c **** 
  54:Generated_Source\PSoC5/ErikaOS_ee_tstub.c **** /* TerminateStub:
  55:Generated_Source\PSoC5/ErikaOS_ee_tstub.c ****    - This is the function that is called as the "real thread body" of 
  56:Generated_Source\PSoC5/ErikaOS_ee_tstub.c ****      an OO task.
  57:Generated_Source\PSoC5/ErikaOS_ee_tstub.c ****    - This function is not called if a task use only a terminate_task at 
  58:Generated_Source\PSoC5/ErikaOS_ee_tstub.c ****      the end of the thread. In some architectures, this can lead 
  59:Generated_Source\PSoC5/ErikaOS_ee_tstub.c ****      to some stack savings...
  60:Generated_Source\PSoC5/ErikaOS_ee_tstub.c **** */
  61:Generated_Source\PSoC5/ErikaOS_ee_tstub.c **** 
  62:Generated_Source\PSoC5/ErikaOS_ee_tstub.c **** #ifndef __PRIVATE_THREADSTUB__
  63:Generated_Source\PSoC5/ErikaOS_ee_tstub.c **** void EE_oo_thread_stub(void)
  64:Generated_Source\PSoC5/ErikaOS_ee_tstub.c **** {
  28              		.loc 1 64 0
  29              		.cfi_startproc
  30              		@ args = 0, pretend = 0, frame = 0
  31              		@ frame_needed = 0, uses_anonymous_args = 0
  32 0000 08B5     		push	{r3, lr}
  33              		.cfi_def_cfa_offset 8
  34              		.cfi_offset 3, -8
  35              		.cfi_offset 14, -4
  65:Generated_Source\PSoC5/ErikaOS_ee_tstub.c ****   register EE_TID temp;
  66:Generated_Source\PSoC5/ErikaOS_ee_tstub.c **** 
  67:Generated_Source\PSoC5/ErikaOS_ee_tstub.c ****   EE_oo_call_PreTaskHook();
  68:Generated_Source\PSoC5/ErikaOS_ee_tstub.c **** 
  69:Generated_Source\PSoC5/ErikaOS_ee_tstub.c ****   temp = EE_stk_queryfirst();
  70:Generated_Source\PSoC5/ErikaOS_ee_tstub.c **** 
  71:Generated_Source\PSoC5/ErikaOS_ee_tstub.c ****   EE_hal_terminate_savestk(temp);
  36              		.loc 1 71 0
  37 0002 024B     		ldr	r3, .L3
  38 0004 1868     		ldr	r0, [r3]
  39 0006 FFF7FEFF 		bl	EE_hal_terminate_savestk
  40              	.LVL0:
  41 000a 08BD     		pop	{r3, pc}
  42              	.L4:
  43              		.align	2
ARM GAS  C:\Users\rbhar\AppData\Local\Temp\ccFv8bH7.s 			page 3


  44              	.L3:
  45 000c 00000000 		.word	EE_stkfirst
  46              		.cfi_endproc
  47              	.LFE59:
  48              		.size	EE_oo_thread_stub, .-EE_oo_thread_stub
  49              		.text
  50              	.Letext0:
  51              		.file 2 "Generated_Source\\PSoC5\\ErikaOS_common_ee_types.inc"
  52              		.file 3 "Generated_Source\\PSoC5\\ErikaOS_cortex_mx_ee_cpu.inc"
  53              		.file 4 "Generated_Source\\PSoC5\\ErikaOS_ee_oo_common.inc"
  54              		.file 5 "Generated_Source\\PSoC5\\ErikaOS_common_ee_primitives.inc"
  55              		.file 6 "Generated_Source\\PSoC5\\ErikaOS_cortex_mx_ee_context.inc"
  56              		.file 7 "Generated_Source\\PSoC5\\ErikaOS_ee_oo_intfunc.inc"
  57              		.file 8 "Generated_Source\\PSoC5\\ErikaOS_ee_oo_internal.inc"
  58              		.file 9 "Generated_Source\\PSoC5\\ErikaOS_cortex_mx_ee_internal.inc"
  59              		.section	.debug_info,"",%progbits
  60              	.Ldebug_info0:
  61 0000 E0020000 		.4byte	0x2e0
  62 0004 0400     		.2byte	0x4
  63 0006 00000000 		.4byte	.Ldebug_abbrev0
  64 000a 04       		.byte	0x4
  65 000b 01       		.uleb128 0x1
  66 000c A7030000 		.4byte	.LASF48
  67 0010 0C       		.byte	0xc
  68 0011 70010000 		.4byte	.LASF49
  69 0015 4F000000 		.4byte	.LASF50
  70 0019 00000000 		.4byte	.Ldebug_ranges0+0
  71 001d 00000000 		.4byte	0
  72 0021 00000000 		.4byte	.Ldebug_line0
  73 0025 02       		.uleb128 0x2
  74 0026 01       		.byte	0x1
  75 0027 06       		.byte	0x6
  76 0028 26020000 		.4byte	.LASF0
  77 002c 02       		.uleb128 0x2
  78 002d 01       		.byte	0x1
  79 002e 08       		.byte	0x8
  80 002f 18020000 		.4byte	.LASF1
  81 0033 02       		.uleb128 0x2
  82 0034 02       		.byte	0x2
  83 0035 05       		.byte	0x5
  84 0036 AC000000 		.4byte	.LASF2
  85 003a 02       		.uleb128 0x2
  86 003b 02       		.byte	0x2
  87 003c 07       		.byte	0x7
  88 003d A3020000 		.4byte	.LASF3
  89 0041 02       		.uleb128 0x2
  90 0042 04       		.byte	0x4
  91 0043 05       		.byte	0x5
  92 0044 AA010000 		.4byte	.LASF4
  93 0048 02       		.uleb128 0x2
  94 0049 04       		.byte	0x4
  95 004a 07       		.byte	0x7
  96 004b E9020000 		.4byte	.LASF5
  97 004f 02       		.uleb128 0x2
  98 0050 08       		.byte	0x8
  99 0051 05       		.byte	0x5
 100 0052 5A010000 		.4byte	.LASF6
ARM GAS  C:\Users\rbhar\AppData\Local\Temp\ccFv8bH7.s 			page 4


 101 0056 02       		.uleb128 0x2
 102 0057 08       		.byte	0x8
 103 0058 07       		.byte	0x7
 104 0059 32020000 		.4byte	.LASF7
 105 005d 03       		.uleb128 0x3
 106 005e 04       		.byte	0x4
 107 005f 05       		.byte	0x5
 108 0060 696E7400 		.ascii	"int\000"
 109 0064 02       		.uleb128 0x2
 110 0065 04       		.byte	0x4
 111 0066 07       		.byte	0x7
 112 0067 5B020000 		.4byte	.LASF8
 113 006b 02       		.uleb128 0x2
 114 006c 08       		.byte	0x8
 115 006d 04       		.byte	0x4
 116 006e F7010000 		.4byte	.LASF9
 117 0072 04       		.uleb128 0x4
 118 0073 68010000 		.4byte	.LASF10
 119 0077 02       		.byte	0x2
 120 0078 3F       		.byte	0x3f
 121 0079 25000000 		.4byte	0x25
 122 007d 04       		.uleb128 0x4
 123 007e B6020000 		.4byte	.LASF11
 124 0082 02       		.byte	0x2
 125 0083 52       		.byte	0x52
 126 0084 3A000000 		.4byte	0x3a
 127 0088 04       		.uleb128 0x4
 128 0089 8D020000 		.4byte	.LASF12
 129 008d 02       		.byte	0x2
 130 008e 53       		.byte	0x53
 131 008f 5D000000 		.4byte	0x5d
 132 0093 04       		.uleb128 0x4
 133 0094 D0000000 		.4byte	.LASF13
 134 0098 02       		.byte	0x2
 135 0099 54       		.byte	0x54
 136 009a 64000000 		.4byte	0x64
 137 009e 04       		.uleb128 0x4
 138 009f 1D000000 		.4byte	.LASF14
 139 00a3 03       		.byte	0x3
 140 00a4 4D       		.byte	0x4d
 141 00a5 93000000 		.4byte	0x93
 142 00a9 04       		.uleb128 0x4
 143 00aa C8000000 		.4byte	.LASF15
 144 00ae 03       		.byte	0x3
 145 00af 4F       		.byte	0x4f
 146 00b0 93000000 		.4byte	0x93
 147 00b4 04       		.uleb128 0x4
 148 00b5 FB020000 		.4byte	.LASF16
 149 00b9 03       		.byte	0x3
 150 00ba 54       		.byte	0x54
 151 00bb 9E000000 		.4byte	0x9e
 152 00bf 04       		.uleb128 0x4
 153 00c0 11010000 		.4byte	.LASF17
 154 00c4 03       		.byte	0x3
 155 00c5 78       		.byte	0x78
 156 00c6 88000000 		.4byte	0x88
 157 00ca 05       		.uleb128 0x5
ARM GAS  C:\Users\rbhar\AppData\Local\Temp\ccFv8bH7.s 			page 5


 158 00cb 9A010000 		.4byte	.LASF18
 159 00cf 04       		.byte	0x4
 160 00d0 0801     		.2byte	0x108
 161 00d2 7D000000 		.4byte	0x7d
 162 00d6 06       		.uleb128 0x6
 163 00d7 01       		.byte	0x1
 164 00d8 2C000000 		.4byte	0x2c
 165 00dc 04       		.byte	0x4
 166 00dd 5004     		.2byte	0x450
 167 00df 26010000 		.4byte	0x126
 168 00e3 07       		.uleb128 0x7
 169 00e4 00000000 		.4byte	.LASF19
 170 00e8 00       		.byte	0
 171 00e9 07       		.uleb128 0x7
 172 00ea 96020000 		.4byte	.LASF20
 173 00ee 01       		.byte	0x1
 174 00ef 07       		.uleb128 0x7
 175 00f0 04010000 		.4byte	.LASF21
 176 00f4 02       		.byte	0x2
 177 00f5 07       		.uleb128 0x7
 178 00f6 B6000000 		.4byte	.LASF22
 179 00fa 03       		.byte	0x3
 180 00fb 07       		.uleb128 0x7
 181 00fc 13030000 		.4byte	.LASF23
 182 0100 04       		.byte	0x4
 183 0101 07       		.uleb128 0x7
 184 0102 2A030000 		.4byte	.LASF24
 185 0106 05       		.byte	0x5
 186 0107 07       		.uleb128 0x7
 187 0108 3E030000 		.4byte	.LASF25
 188 010c 06       		.byte	0x6
 189 010d 07       		.uleb128 0x7
 190 010e 4D040000 		.4byte	.LASF26
 191 0112 07       		.byte	0x7
 192 0113 07       		.uleb128 0x7
 193 0114 03020000 		.4byte	.LASF27
 194 0118 08       		.byte	0x8
 195 0119 07       		.uleb128 0x7
 196 011a C0020000 		.4byte	.LASF28
 197 011e 09       		.byte	0x9
 198 011f 07       		.uleb128 0x7
 199 0120 4D010000 		.4byte	.LASF29
 200 0124 0A       		.byte	0xa
 201 0125 00       		.byte	0
 202 0126 05       		.uleb128 0x5
 203 0127 18010000 		.4byte	.LASF30
 204 012b 04       		.byte	0x4
 205 012c 5C04     		.2byte	0x45c
 206 012e D6000000 		.4byte	0xd6
 207 0132 08       		.uleb128 0x8
 208 0133 CC010000 		.4byte	.LASF51
 209 0137 04       		.byte	0x4
 210 0138 7B04     		.2byte	0x47b
 211 013a 03       		.byte	0x3
 212 013b 4C010000 		.4byte	0x14c
 213 013f 09       		.uleb128 0x9
 214 0140 63747800 		.ascii	"ctx\000"
ARM GAS  C:\Users\rbhar\AppData\Local\Temp\ccFv8bH7.s 			page 6


 215 0144 04       		.byte	0x4
 216 0145 7C04     		.2byte	0x47c
 217 0147 26010000 		.4byte	0x126
 218 014b 00       		.byte	0
 219 014c 0A       		.uleb128 0xa
 220 014d 49020000 		.4byte	.LASF52
 221 0151 08       		.byte	0x8
 222 0152 EC       		.byte	0xec
 223 0153 BF000000 		.4byte	0xbf
 224 0157 03       		.byte	0x3
 225 0158 0B       		.uleb128 0xb
 226 0159 25000000 		.4byte	.LASF53
 227 015d 08       		.byte	0x8
 228 015e 8C01     		.2byte	0x18c
 229 0160 03       		.byte	0x3
 230 0161 0C       		.uleb128 0xc
 231 0162 95030000 		.4byte	.LASF54
 232 0166 01       		.byte	0x1
 233 0167 3F       		.byte	0x3f
 234 0168 00000000 		.4byte	.LFB59
 235 016c 10000000 		.4byte	.LFE59-.LFB59
 236 0170 01       		.uleb128 0x1
 237 0171 9C       		.byte	0x9c
 238 0172 8B010000 		.4byte	0x18b
 239 0176 0D       		.uleb128 0xd
 240 0177 A7000000 		.4byte	.LASF55
 241 017b 01       		.byte	0x1
 242 017c 41       		.byte	0x41
 243 017d BF000000 		.4byte	0xbf
 244 0181 0E       		.uleb128 0xe
 245 0182 0A000000 		.4byte	.LVL0
 246 0186 D8020000 		.4byte	0x2d8
 247 018a 00       		.byte	0
 248 018b 0F       		.uleb128 0xf
 249 018c 38010000 		.4byte	.LASF31
 250 0190 05       		.byte	0x5
 251 0191 44       		.byte	0x44
 252 0192 9E000000 		.4byte	0x9e
 253 0196 0F       		.uleb128 0xf
 254 0197 74020000 		.4byte	.LASF32
 255 019b 06       		.byte	0x6
 256 019c 48       		.byte	0x48
 257 019d BF000000 		.4byte	0xbf
 258 01a1 10       		.uleb128 0x10
 259 01a2 B7010000 		.4byte	0x1b7
 260 01a6 B0010000 		.4byte	0x1b0
 261 01aa 11       		.uleb128 0x11
 262 01ab B0010000 		.4byte	0x1b0
 263 01af 00       		.byte	0
 264 01b0 02       		.uleb128 0x2
 265 01b1 04       		.byte	0x4
 266 01b2 07       		.byte	0x7
 267 01b3 53030000 		.4byte	.LASF33
 268 01b7 12       		.uleb128 0x12
 269 01b8 9E000000 		.4byte	0x9e
 270 01bc 0F       		.uleb128 0xf
 271 01bd F3000000 		.4byte	.LASF34
ARM GAS  C:\Users\rbhar\AppData\Local\Temp\ccFv8bH7.s 			page 7


 272 01c1 04       		.byte	0x4
 273 01c2 B2       		.byte	0xb2
 274 01c3 C7010000 		.4byte	0x1c7
 275 01c7 12       		.uleb128 0x12
 276 01c8 A1010000 		.4byte	0x1a1
 277 01cc 10       		.uleb128 0x10
 278 01cd B7010000 		.4byte	0x1b7
 279 01d1 DB010000 		.4byte	0x1db
 280 01d5 11       		.uleb128 0x11
 281 01d6 B0010000 		.4byte	0x1b0
 282 01da 00       		.byte	0
 283 01db 0F       		.uleb128 0xf
 284 01dc 76030000 		.4byte	.LASF35
 285 01e0 04       		.byte	0x4
 286 01e1 B3       		.byte	0xb3
 287 01e2 E6010000 		.4byte	0x1e6
 288 01e6 12       		.uleb128 0x12
 289 01e7 CC010000 		.4byte	0x1cc
 290 01eb 10       		.uleb128 0x10
 291 01ec 9E000000 		.4byte	0x9e
 292 01f0 FA010000 		.4byte	0x1fa
 293 01f4 11       		.uleb128 0x11
 294 01f5 B0010000 		.4byte	0x1b0
 295 01f9 00       		.byte	0
 296 01fa 0F       		.uleb128 0xf
 297 01fb 69030000 		.4byte	.LASF36
 298 01ff 04       		.byte	0x4
 299 0200 C1       		.byte	0xc1
 300 0201 EB010000 		.4byte	0x1eb
 301 0205 10       		.uleb128 0x10
 302 0206 BF000000 		.4byte	0xbf
 303 020a 14020000 		.4byte	0x214
 304 020e 11       		.uleb128 0x11
 305 020f B0010000 		.4byte	0x1b0
 306 0213 00       		.byte	0
 307 0214 0F       		.uleb128 0xf
 308 0215 8A030000 		.4byte	.LASF37
 309 0219 04       		.byte	0x4
 310 021a C9       		.byte	0xc9
 311 021b 05020000 		.4byte	0x205
 312 021f 10       		.uleb128 0x10
 313 0220 9E000000 		.4byte	0x9e
 314 0224 2E020000 		.4byte	0x22e
 315 0228 11       		.uleb128 0x11
 316 0229 B0010000 		.4byte	0x1b0
 317 022d 00       		.byte	0
 318 022e 0F       		.uleb128 0xf
 319 022f 68020000 		.4byte	.LASF38
 320 0233 04       		.byte	0x4
 321 0234 D1       		.byte	0xd1
 322 0235 1F020000 		.4byte	0x21f
 323 0239 0F       		.uleb128 0xf
 324 023a 07030000 		.4byte	.LASF39
 325 023e 04       		.byte	0x4
 326 023f D9       		.byte	0xd9
 327 0240 BF000000 		.4byte	0xbf
 328 0244 0F       		.uleb128 0xf
ARM GAS  C:\Users\rbhar\AppData\Local\Temp\ccFv8bH7.s 			page 8


 329 0245 E8010000 		.4byte	.LASF40
 330 0249 04       		.byte	0x4
 331 024a EE       		.byte	0xee
 332 024b 9E000000 		.4byte	0x9e
 333 024f 13       		.uleb128 0x13
 334 0250 0F000000 		.4byte	.LASF41
 335 0254 04       		.byte	0x4
 336 0255 3601     		.2byte	0x136
 337 0257 CA000000 		.4byte	0xca
 338 025b 10       		.uleb128 0x10
 339 025c 9E000000 		.4byte	0x9e
 340 0260 6A020000 		.4byte	0x26a
 341 0264 11       		.uleb128 0x11
 342 0265 B0010000 		.4byte	0x1b0
 343 0269 00       		.byte	0
 344 026a 13       		.uleb128 0x13
 345 026b 3C000000 		.4byte	.LASF42
 346 026f 04       		.byte	0x4
 347 0270 5301     		.2byte	0x153
 348 0272 5B020000 		.4byte	0x25b
 349 0276 10       		.uleb128 0x10
 350 0277 B4000000 		.4byte	0xb4
 351 027b 85020000 		.4byte	0x285
 352 027f 11       		.uleb128 0x11
 353 0280 B0010000 		.4byte	0x1b0
 354 0284 00       		.byte	0
 355 0285 13       		.uleb128 0x13
 356 0286 27010000 		.4byte	.LASF43
 357 028a 04       		.byte	0x4
 358 028b 5E01     		.2byte	0x15e
 359 028d 76020000 		.4byte	0x276
 360 0291 0F       		.uleb128 0xf
 361 0292 35040000 		.4byte	.LASF44
 362 0296 07       		.byte	0x7
 363 0297 40       		.byte	0x40
 364 0298 9E000000 		.4byte	0x9e
 365 029c 0F       		.uleb128 0xf
 366 029d B3010000 		.4byte	.LASF45
 367 02a1 07       		.byte	0x7
 368 02a2 47       		.byte	0x47
 369 02a3 A9000000 		.4byte	0xa9
 370 02a7 0F       		.uleb128 0xf
 371 02a8 D6020000 		.4byte	.LASF46
 372 02ac 07       		.byte	0x7
 373 02ad 4A       		.byte	0x4a
 374 02ae 9E000000 		.4byte	0x9e
 375 02b2 10       		.uleb128 0x10
 376 02b3 C2020000 		.4byte	0x2c2
 377 02b7 C2020000 		.4byte	0x2c2
 378 02bb 14       		.uleb128 0x14
 379 02bc B0010000 		.4byte	0x1b0
 380 02c0 FF       		.byte	0xff
 381 02c1 00       		.byte	0
 382 02c2 12       		.uleb128 0x12
 383 02c3 72000000 		.4byte	0x72
 384 02c7 13       		.uleb128 0x13
 385 02c8 5C030000 		.4byte	.LASF47
ARM GAS  C:\Users\rbhar\AppData\Local\Temp\ccFv8bH7.s 			page 9


 386 02cc 08       		.byte	0x8
 387 02cd AB01     		.2byte	0x1ab
 388 02cf D3020000 		.4byte	0x2d3
 389 02d3 12       		.uleb128 0x12
 390 02d4 B2020000 		.4byte	0x2b2
 391 02d8 15       		.uleb128 0x15
 392 02d9 DA000000 		.4byte	.LASF56
 393 02dd DA000000 		.4byte	.LASF56
 394 02e1 09       		.byte	0x9
 395 02e2 BC       		.byte	0xbc
 396 02e3 00       		.byte	0
 397              		.section	.debug_abbrev,"",%progbits
 398              	.Ldebug_abbrev0:
 399 0000 01       		.uleb128 0x1
 400 0001 11       		.uleb128 0x11
 401 0002 01       		.byte	0x1
 402 0003 25       		.uleb128 0x25
 403 0004 0E       		.uleb128 0xe
 404 0005 13       		.uleb128 0x13
 405 0006 0B       		.uleb128 0xb
 406 0007 03       		.uleb128 0x3
 407 0008 0E       		.uleb128 0xe
 408 0009 1B       		.uleb128 0x1b
 409 000a 0E       		.uleb128 0xe
 410 000b 55       		.uleb128 0x55
 411 000c 17       		.uleb128 0x17
 412 000d 11       		.uleb128 0x11
 413 000e 01       		.uleb128 0x1
 414 000f 10       		.uleb128 0x10
 415 0010 17       		.uleb128 0x17
 416 0011 00       		.byte	0
 417 0012 00       		.byte	0
 418 0013 02       		.uleb128 0x2
 419 0014 24       		.uleb128 0x24
 420 0015 00       		.byte	0
 421 0016 0B       		.uleb128 0xb
 422 0017 0B       		.uleb128 0xb
 423 0018 3E       		.uleb128 0x3e
 424 0019 0B       		.uleb128 0xb
 425 001a 03       		.uleb128 0x3
 426 001b 0E       		.uleb128 0xe
 427 001c 00       		.byte	0
 428 001d 00       		.byte	0
 429 001e 03       		.uleb128 0x3
 430 001f 24       		.uleb128 0x24
 431 0020 00       		.byte	0
 432 0021 0B       		.uleb128 0xb
 433 0022 0B       		.uleb128 0xb
 434 0023 3E       		.uleb128 0x3e
 435 0024 0B       		.uleb128 0xb
 436 0025 03       		.uleb128 0x3
 437 0026 08       		.uleb128 0x8
 438 0027 00       		.byte	0
 439 0028 00       		.byte	0
 440 0029 04       		.uleb128 0x4
 441 002a 16       		.uleb128 0x16
 442 002b 00       		.byte	0
ARM GAS  C:\Users\rbhar\AppData\Local\Temp\ccFv8bH7.s 			page 10


 443 002c 03       		.uleb128 0x3
 444 002d 0E       		.uleb128 0xe
 445 002e 3A       		.uleb128 0x3a
 446 002f 0B       		.uleb128 0xb
 447 0030 3B       		.uleb128 0x3b
 448 0031 0B       		.uleb128 0xb
 449 0032 49       		.uleb128 0x49
 450 0033 13       		.uleb128 0x13
 451 0034 00       		.byte	0
 452 0035 00       		.byte	0
 453 0036 05       		.uleb128 0x5
 454 0037 16       		.uleb128 0x16
 455 0038 00       		.byte	0
 456 0039 03       		.uleb128 0x3
 457 003a 0E       		.uleb128 0xe
 458 003b 3A       		.uleb128 0x3a
 459 003c 0B       		.uleb128 0xb
 460 003d 3B       		.uleb128 0x3b
 461 003e 05       		.uleb128 0x5
 462 003f 49       		.uleb128 0x49
 463 0040 13       		.uleb128 0x13
 464 0041 00       		.byte	0
 465 0042 00       		.byte	0
 466 0043 06       		.uleb128 0x6
 467 0044 04       		.uleb128 0x4
 468 0045 01       		.byte	0x1
 469 0046 0B       		.uleb128 0xb
 470 0047 0B       		.uleb128 0xb
 471 0048 49       		.uleb128 0x49
 472 0049 13       		.uleb128 0x13
 473 004a 3A       		.uleb128 0x3a
 474 004b 0B       		.uleb128 0xb
 475 004c 3B       		.uleb128 0x3b
 476 004d 05       		.uleb128 0x5
 477 004e 01       		.uleb128 0x1
 478 004f 13       		.uleb128 0x13
 479 0050 00       		.byte	0
 480 0051 00       		.byte	0
 481 0052 07       		.uleb128 0x7
 482 0053 28       		.uleb128 0x28
 483 0054 00       		.byte	0
 484 0055 03       		.uleb128 0x3
 485 0056 0E       		.uleb128 0xe
 486 0057 1C       		.uleb128 0x1c
 487 0058 0B       		.uleb128 0xb
 488 0059 00       		.byte	0
 489 005a 00       		.byte	0
 490 005b 08       		.uleb128 0x8
 491 005c 2E       		.uleb128 0x2e
 492 005d 01       		.byte	0x1
 493 005e 03       		.uleb128 0x3
 494 005f 0E       		.uleb128 0xe
 495 0060 3A       		.uleb128 0x3a
 496 0061 0B       		.uleb128 0xb
 497 0062 3B       		.uleb128 0x3b
 498 0063 05       		.uleb128 0x5
 499 0064 27       		.uleb128 0x27
ARM GAS  C:\Users\rbhar\AppData\Local\Temp\ccFv8bH7.s 			page 11


 500 0065 19       		.uleb128 0x19
 501 0066 20       		.uleb128 0x20
 502 0067 0B       		.uleb128 0xb
 503 0068 01       		.uleb128 0x1
 504 0069 13       		.uleb128 0x13
 505 006a 00       		.byte	0
 506 006b 00       		.byte	0
 507 006c 09       		.uleb128 0x9
 508 006d 05       		.uleb128 0x5
 509 006e 00       		.byte	0
 510 006f 03       		.uleb128 0x3
 511 0070 08       		.uleb128 0x8
 512 0071 3A       		.uleb128 0x3a
 513 0072 0B       		.uleb128 0xb
 514 0073 3B       		.uleb128 0x3b
 515 0074 05       		.uleb128 0x5
 516 0075 49       		.uleb128 0x49
 517 0076 13       		.uleb128 0x13
 518 0077 00       		.byte	0
 519 0078 00       		.byte	0
 520 0079 0A       		.uleb128 0xa
 521 007a 2E       		.uleb128 0x2e
 522 007b 00       		.byte	0
 523 007c 03       		.uleb128 0x3
 524 007d 0E       		.uleb128 0xe
 525 007e 3A       		.uleb128 0x3a
 526 007f 0B       		.uleb128 0xb
 527 0080 3B       		.uleb128 0x3b
 528 0081 0B       		.uleb128 0xb
 529 0082 27       		.uleb128 0x27
 530 0083 19       		.uleb128 0x19
 531 0084 49       		.uleb128 0x49
 532 0085 13       		.uleb128 0x13
 533 0086 20       		.uleb128 0x20
 534 0087 0B       		.uleb128 0xb
 535 0088 00       		.byte	0
 536 0089 00       		.byte	0
 537 008a 0B       		.uleb128 0xb
 538 008b 2E       		.uleb128 0x2e
 539 008c 00       		.byte	0
 540 008d 03       		.uleb128 0x3
 541 008e 0E       		.uleb128 0xe
 542 008f 3A       		.uleb128 0x3a
 543 0090 0B       		.uleb128 0xb
 544 0091 3B       		.uleb128 0x3b
 545 0092 05       		.uleb128 0x5
 546 0093 27       		.uleb128 0x27
 547 0094 19       		.uleb128 0x19
 548 0095 20       		.uleb128 0x20
 549 0096 0B       		.uleb128 0xb
 550 0097 00       		.byte	0
 551 0098 00       		.byte	0
 552 0099 0C       		.uleb128 0xc
 553 009a 2E       		.uleb128 0x2e
 554 009b 01       		.byte	0x1
 555 009c 3F       		.uleb128 0x3f
 556 009d 19       		.uleb128 0x19
ARM GAS  C:\Users\rbhar\AppData\Local\Temp\ccFv8bH7.s 			page 12


 557 009e 03       		.uleb128 0x3
 558 009f 0E       		.uleb128 0xe
 559 00a0 3A       		.uleb128 0x3a
 560 00a1 0B       		.uleb128 0xb
 561 00a2 3B       		.uleb128 0x3b
 562 00a3 0B       		.uleb128 0xb
 563 00a4 27       		.uleb128 0x27
 564 00a5 19       		.uleb128 0x19
 565 00a6 11       		.uleb128 0x11
 566 00a7 01       		.uleb128 0x1
 567 00a8 12       		.uleb128 0x12
 568 00a9 06       		.uleb128 0x6
 569 00aa 40       		.uleb128 0x40
 570 00ab 18       		.uleb128 0x18
 571 00ac 9742     		.uleb128 0x2117
 572 00ae 19       		.uleb128 0x19
 573 00af 01       		.uleb128 0x1
 574 00b0 13       		.uleb128 0x13
 575 00b1 00       		.byte	0
 576 00b2 00       		.byte	0
 577 00b3 0D       		.uleb128 0xd
 578 00b4 34       		.uleb128 0x34
 579 00b5 00       		.byte	0
 580 00b6 03       		.uleb128 0x3
 581 00b7 0E       		.uleb128 0xe
 582 00b8 3A       		.uleb128 0x3a
 583 00b9 0B       		.uleb128 0xb
 584 00ba 3B       		.uleb128 0x3b
 585 00bb 0B       		.uleb128 0xb
 586 00bc 49       		.uleb128 0x49
 587 00bd 13       		.uleb128 0x13
 588 00be 00       		.byte	0
 589 00bf 00       		.byte	0
 590 00c0 0E       		.uleb128 0xe
 591 00c1 898201   		.uleb128 0x4109
 592 00c4 00       		.byte	0
 593 00c5 11       		.uleb128 0x11
 594 00c6 01       		.uleb128 0x1
 595 00c7 31       		.uleb128 0x31
 596 00c8 13       		.uleb128 0x13
 597 00c9 00       		.byte	0
 598 00ca 00       		.byte	0
 599 00cb 0F       		.uleb128 0xf
 600 00cc 34       		.uleb128 0x34
 601 00cd 00       		.byte	0
 602 00ce 03       		.uleb128 0x3
 603 00cf 0E       		.uleb128 0xe
 604 00d0 3A       		.uleb128 0x3a
 605 00d1 0B       		.uleb128 0xb
 606 00d2 3B       		.uleb128 0x3b
 607 00d3 0B       		.uleb128 0xb
 608 00d4 49       		.uleb128 0x49
 609 00d5 13       		.uleb128 0x13
 610 00d6 3F       		.uleb128 0x3f
 611 00d7 19       		.uleb128 0x19
 612 00d8 3C       		.uleb128 0x3c
 613 00d9 19       		.uleb128 0x19
ARM GAS  C:\Users\rbhar\AppData\Local\Temp\ccFv8bH7.s 			page 13


 614 00da 00       		.byte	0
 615 00db 00       		.byte	0
 616 00dc 10       		.uleb128 0x10
 617 00dd 01       		.uleb128 0x1
 618 00de 01       		.byte	0x1
 619 00df 49       		.uleb128 0x49
 620 00e0 13       		.uleb128 0x13
 621 00e1 01       		.uleb128 0x1
 622 00e2 13       		.uleb128 0x13
 623 00e3 00       		.byte	0
 624 00e4 00       		.byte	0
 625 00e5 11       		.uleb128 0x11
 626 00e6 21       		.uleb128 0x21
 627 00e7 00       		.byte	0
 628 00e8 49       		.uleb128 0x49
 629 00e9 13       		.uleb128 0x13
 630 00ea 00       		.byte	0
 631 00eb 00       		.byte	0
 632 00ec 12       		.uleb128 0x12
 633 00ed 26       		.uleb128 0x26
 634 00ee 00       		.byte	0
 635 00ef 49       		.uleb128 0x49
 636 00f0 13       		.uleb128 0x13
 637 00f1 00       		.byte	0
 638 00f2 00       		.byte	0
 639 00f3 13       		.uleb128 0x13
 640 00f4 34       		.uleb128 0x34
 641 00f5 00       		.byte	0
 642 00f6 03       		.uleb128 0x3
 643 00f7 0E       		.uleb128 0xe
 644 00f8 3A       		.uleb128 0x3a
 645 00f9 0B       		.uleb128 0xb
 646 00fa 3B       		.uleb128 0x3b
 647 00fb 05       		.uleb128 0x5
 648 00fc 49       		.uleb128 0x49
 649 00fd 13       		.uleb128 0x13
 650 00fe 3F       		.uleb128 0x3f
 651 00ff 19       		.uleb128 0x19
 652 0100 3C       		.uleb128 0x3c
 653 0101 19       		.uleb128 0x19
 654 0102 00       		.byte	0
 655 0103 00       		.byte	0
 656 0104 14       		.uleb128 0x14
 657 0105 21       		.uleb128 0x21
 658 0106 00       		.byte	0
 659 0107 49       		.uleb128 0x49
 660 0108 13       		.uleb128 0x13
 661 0109 2F       		.uleb128 0x2f
 662 010a 0B       		.uleb128 0xb
 663 010b 00       		.byte	0
 664 010c 00       		.byte	0
 665 010d 15       		.uleb128 0x15
 666 010e 2E       		.uleb128 0x2e
 667 010f 00       		.byte	0
 668 0110 3F       		.uleb128 0x3f
 669 0111 19       		.uleb128 0x19
 670 0112 3C       		.uleb128 0x3c
ARM GAS  C:\Users\rbhar\AppData\Local\Temp\ccFv8bH7.s 			page 14


 671 0113 19       		.uleb128 0x19
 672 0114 6E       		.uleb128 0x6e
 673 0115 0E       		.uleb128 0xe
 674 0116 03       		.uleb128 0x3
 675 0117 0E       		.uleb128 0xe
 676 0118 3A       		.uleb128 0x3a
 677 0119 0B       		.uleb128 0xb
 678 011a 3B       		.uleb128 0x3b
 679 011b 0B       		.uleb128 0xb
 680 011c 00       		.byte	0
 681 011d 00       		.byte	0
 682 011e 00       		.byte	0
 683              		.section	.debug_aranges,"",%progbits
 684 0000 1C000000 		.4byte	0x1c
 685 0004 0200     		.2byte	0x2
 686 0006 00000000 		.4byte	.Ldebug_info0
 687 000a 04       		.byte	0x4
 688 000b 00       		.byte	0
 689 000c 0000     		.2byte	0
 690 000e 0000     		.2byte	0
 691 0010 00000000 		.4byte	.LFB59
 692 0014 10000000 		.4byte	.LFE59-.LFB59
 693 0018 00000000 		.4byte	0
 694 001c 00000000 		.4byte	0
 695              		.section	.debug_ranges,"",%progbits
 696              	.Ldebug_ranges0:
 697 0000 00000000 		.4byte	.LFB59
 698 0004 10000000 		.4byte	.LFE59
 699 0008 00000000 		.4byte	0
 700 000c 00000000 		.4byte	0
 701              		.section	.debug_line,"",%progbits
 702              	.Ldebug_line0:
 703 0000 59010000 		.section	.debug_str,"MS",%progbits,1
 703      02004301 
 703      00000201 
 703      FB0E0D00 
 703      01010101 
 704              	.LASF19:
 705 0000 4B65726E 		.ascii	"Kernel_Context\000"
 705      656C5F43 
 705      6F6E7465 
 705      787400
 706              	.LASF41:
 707 000f 45455F72 		.ascii	"EE_rq_bitmask\000"
 707      715F6269 
 707      746D6173 
 707      6B00
 708              	.LASF14:
 709 001d 45455F55 		.ascii	"EE_UREG\000"
 709      52454700 
 710              	.LASF53:
 711 0025 45455F6F 		.ascii	"EE_oo_call_PreTaskHook\000"
 711      6F5F6361 
 711      6C6C5F50 
 711      72655461 
 711      736B486F 
 712              	.LASF42:
ARM GAS  C:\Users\rbhar\AppData\Local\Temp\ccFv8bH7.s 			page 15


 713 003c 45455F74 		.ascii	"EE_th_event_active\000"
 713      685F6576 
 713      656E745F 
 713      61637469 
 713      766500
 714              	.LASF50:
 715 004f 443A5C48 		.ascii	"D:\\HDA\\1_sem\\Embedded System Design\\Lab\\Assign"
 715      44415C31 
 715      5F73656D 
 715      5C456D62 
 715      65646465 
 716 007d 6D656E74 		.ascii	"ment_1\\ReactionGame_OS\\ReactionGame.cydsn\000"
 716      5F315C52 
 716      65616374 
 716      696F6E47 
 716      616D655F 
 717              	.LASF55:
 718 00a7 74656D70 		.ascii	"temp\000"
 718      00
 719              	.LASF2:
 720 00ac 73686F72 		.ascii	"short int\000"
 720      7420696E 
 720      7400
 721              	.LASF22:
 722 00b6 4572726F 		.ascii	"ErrorHook_Context\000"
 722      72486F6F 
 722      6B5F436F 
 722      6E746578 
 722      7400
 723              	.LASF15:
 724 00c8 45455F46 		.ascii	"EE_FREG\000"
 724      52454700 
 725              	.LASF13:
 726 00d0 45455F55 		.ascii	"EE_UINT32\000"
 726      494E5433 
 726      3200
 727              	.LASF56:
 728 00da 45455F68 		.ascii	"EE_hal_terminate_savestk\000"
 728      616C5F74 
 728      65726D69 
 728      6E617465 
 728      5F736176 
 729              	.LASF34:
 730 00f3 45455F74 		.ascii	"EE_th_ready_prio\000"
 730      685F7265 
 730      6164795F 
 730      7072696F 
 730      00
 731              	.LASF21:
 732 0104 49535232 		.ascii	"ISR2_Context\000"
 732      5F436F6E 
 732      74657874 
 732      00
 733              	.LASF17:
 734 0111 45455F54 		.ascii	"EE_TID\000"
 734      494400
 735              	.LASF30:
ARM GAS  C:\Users\rbhar\AppData\Local\Temp\ccFv8bH7.s 			page 16


 736 0118 45455F54 		.ascii	"EE_TYPECONTEXT\000"
 736      59504543 
 736      4F4E5445 
 736      585400
 737              	.LASF43:
 738 0127 45455F74 		.ascii	"EE_th_waswaiting\000"
 738      685F7761 
 738      73776169 
 738      74696E67 
 738      00
 739              	.LASF31:
 740 0138 45455F49 		.ascii	"EE_IRQ_nesting_level\000"
 740      52515F6E 
 740      65737469 
 740      6E675F6C 
 740      6576656C 
 741              	.LASF29:
 742 014d 49646C65 		.ascii	"Idle_Context\000"
 742      5F436F6E 
 742      74657874 
 742      00
 743              	.LASF6:
 744 015a 6C6F6E67 		.ascii	"long long int\000"
 744      206C6F6E 
 744      6720696E 
 744      7400
 745              	.LASF10:
 746 0168 45455F49 		.ascii	"EE_INT8\000"
 746      4E543800 
 747              	.LASF49:
 748 0170 47656E65 		.ascii	"Generated_Source\\PSoC5\\ErikaOS_ee_tstub.c\000"
 748      72617465 
 748      645F536F 
 748      75726365 
 748      5C50536F 
 749              	.LASF18:
 750 019a 45455F54 		.ascii	"EE_TYPE_RQ_MASK\000"
 750      5950455F 
 750      52515F4D 
 750      41534B00 
 751              	.LASF4:
 752 01aa 6C6F6E67 		.ascii	"long int\000"
 752      20696E74 
 752      00
 753              	.LASF45:
 754 01b3 45455F6F 		.ascii	"EE_oo_IRQ_suspend_status\000"
 754      6F5F4952 
 754      515F7375 
 754      7370656E 
 754      645F7374 
 755              	.LASF51:
 756 01cc 45455F61 		.ascii	"EE_as_set_execution_context\000"
 756      735F7365 
 756      745F6578 
 756      65637574 
 756      696F6E5F 
 757              	.LASF40:
ARM GAS  C:\Users\rbhar\AppData\Local\Temp\ccFv8bH7.s 			page 17


 758 01e8 45455F73 		.ascii	"EE_sys_ceiling\000"
 758      79735F63 
 758      65696C69 
 758      6E6700
 759              	.LASF9:
 760 01f7 6C6F6E67 		.ascii	"long double\000"
 760      20646F75 
 760      626C6500 
 761              	.LASF27:
 762 0203 53687574 		.ascii	"ShutdownHook_Context\000"
 762      646F776E 
 762      486F6F6B 
 762      5F436F6E 
 762      74657874 
 763              	.LASF1:
 764 0218 756E7369 		.ascii	"unsigned char\000"
 764      676E6564 
 764      20636861 
 764      7200
 765              	.LASF0:
 766 0226 7369676E 		.ascii	"signed char\000"
 766      65642063 
 766      68617200 
 767              	.LASF7:
 768 0232 6C6F6E67 		.ascii	"long long unsigned int\000"
 768      206C6F6E 
 768      6720756E 
 768      7369676E 
 768      65642069 
 769              	.LASF52:
 770 0249 45455F73 		.ascii	"EE_stk_queryfirst\000"
 770      746B5F71 
 770      75657279 
 770      66697273 
 770      7400
 771              	.LASF8:
 772 025b 756E7369 		.ascii	"unsigned int\000"
 772      676E6564 
 772      20696E74 
 772      00
 773              	.LASF38:
 774 0268 45455F74 		.ascii	"EE_th_rnact\000"
 774      685F726E 
 774      61637400 
 775              	.LASF32:
 776 0274 45455F73 		.ascii	"EE_std_endcycle_next_tid\000"
 776      74645F65 
 776      6E646379 
 776      636C655F 
 776      6E657874 
 777              	.LASF12:
 778 028d 45455F49 		.ascii	"EE_INT32\000"
 778      4E543332 
 778      00
 779              	.LASF20:
 780 0296 5441534B 		.ascii	"TASK_Context\000"
 780      5F436F6E 
ARM GAS  C:\Users\rbhar\AppData\Local\Temp\ccFv8bH7.s 			page 18


 780      74657874 
 780      00
 781              	.LASF3:
 782 02a3 73686F72 		.ascii	"short unsigned int\000"
 782      7420756E 
 782      7369676E 
 782      65642069 
 782      6E7400
 783              	.LASF11:
 784 02b6 45455F55 		.ascii	"EE_UINT16\000"
 784      494E5431 
 784      3600
 785              	.LASF28:
 786 02c0 416C6172 		.ascii	"AlarmCallback_Context\000"
 786      6D43616C 
 786      6C626163 
 786      6B5F436F 
 786      6E746578 
 787              	.LASF46:
 788 02d6 45455F41 		.ascii	"EE_ApplicationMode\000"
 788      70706C69 
 788      63617469 
 788      6F6E4D6F 
 788      646500
 789              	.LASF5:
 790 02e9 6C6F6E67 		.ascii	"long unsigned int\000"
 790      20756E73 
 790      69676E65 
 790      6420696E 
 790      7400
 791              	.LASF16:
 792 02fb 45455F54 		.ascii	"EE_TYPEBOOL\000"
 792      59504542 
 792      4F4F4C00 
 793              	.LASF39:
 794 0307 45455F73 		.ascii	"EE_stkfirst\000"
 794      746B6669 
 794      72737400 
 795              	.LASF23:
 796 0313 50726F74 		.ascii	"ProtectionHook_Context\000"
 796      65637469 
 796      6F6E486F 
 796      6F6B5F43 
 796      6F6E7465 
 797              	.LASF24:
 798 032a 50726554 		.ascii	"PreTaskHook_Context\000"
 798      61736B48 
 798      6F6F6B5F 
 798      436F6E74 
 798      65787400 
 799              	.LASF25:
 800 033e 506F7374 		.ascii	"PostTaskHook_Context\000"
 800      5461736B 
 800      486F6F6B 
 800      5F436F6E 
 800      74657874 
 801              	.LASF33:
ARM GAS  C:\Users\rbhar\AppData\Local\Temp\ccFv8bH7.s 			page 19


 802 0353 73697A65 		.ascii	"sizetype\000"
 802      74797065 
 802      00
 803              	.LASF47:
 804 035c 45455F72 		.ascii	"EE_rq_lookup\000"
 804      715F6C6F 
 804      6F6B7570 
 804      00
 805              	.LASF36:
 806 0369 45455F74 		.ascii	"EE_th_status\000"
 806      685F7374 
 806      61747573 
 806      00
 807              	.LASF35:
 808 0376 45455F74 		.ascii	"EE_th_dispatch_prio\000"
 808      685F6469 
 808      73706174 
 808      63685F70 
 808      72696F00 
 809              	.LASF37:
 810 038a 45455F74 		.ascii	"EE_th_next\000"
 810      685F6E65 
 810      787400
 811              	.LASF54:
 812 0395 45455F6F 		.ascii	"EE_oo_thread_stub\000"
 812      6F5F7468 
 812      72656164 
 812      5F737475 
 812      6200
 813              	.LASF48:
 814 03a7 474E5520 		.ascii	"GNU C11 5.4.1 20160609 (release) [ARM/embedded-5-br"
 814      43313120 
 814      352E342E 
 814      31203230 
 814      31363036 
 815 03da 616E6368 		.ascii	"anch revision 237715] -mcpu=cortex-m3 -mthumb -g -O"
 815      20726576 
 815      6973696F 
 815      6E203233 
 815      37373135 
 816 040d 67202D66 		.ascii	"g -ffunction-sections -ffat-lto-objects\000"
 816      66756E63 
 816      74696F6E 
 816      2D736563 
 816      74696F6E 
 817              	.LASF44:
 818 0435 45455F6F 		.ascii	"EE_oo_IRQ_disable_count\000"
 818      6F5F4952 
 818      515F6469 
 818      7361626C 
 818      655F636F 
 819              	.LASF26:
 820 044d 53746172 		.ascii	"StartupHook_Context\000"
 820      74757048 
 820      6F6F6B5F 
 820      436F6E74 
 820      65787400 
ARM GAS  C:\Users\rbhar\AppData\Local\Temp\ccFv8bH7.s 			page 20


 821              		.ident	"GCC: (GNU Tools for ARM Embedded Processors) 5.4.1 20160609 (release) [ARM/embedded-5-bran
