ARM GAS  C:\Users\rbhar\AppData\Local\Temp\ccglNvmo.s 			page 1


   1              		.syntax unified
   2              		.cpu cortex-m3
   3              		.fpu softvfp
   4              		.eabi_attribute 20, 1
   5              		.eabi_attribute 21, 1
   6              		.eabi_attribute 23, 3
   7              		.eabi_attribute 24, 1
   8              		.eabi_attribute 25, 1
   9              		.eabi_attribute 26, 1
  10              		.eabi_attribute 30, 1
  11              		.eabi_attribute 34, 1
  12              		.eabi_attribute 18, 4
  13              		.thumb
  14              		.syntax unified
  15              		.file	"ErikaOS_ee_iparam.c"
  16              		.text
  17              	.Ltext0:
  18              		.cfi_sections	.debug_frame
  19              		.global	EE_os_invalid_param
  20              		.section	.rodata
  21              		.align	2
  22              		.type	EE_os_invalid_param, %object
  23              		.size	EE_os_invalid_param, 4
  24              	EE_os_invalid_param:
  25 0000 FFFFFFFF 		.word	-1
  26              		.text
  27              	.Letext0:
  28              		.file 1 "Generated_Source\\PSoC5\\ErikaOS_common_ee_types.inc"
  29              		.file 2 "Generated_Source\\PSoC5\\ErikaOS_cortex_mx_ee_cpu.inc"
  30              		.file 3 "Generated_Source\\PSoC5\\ErikaOS_ee_oo_common.inc"
  31              		.file 4 "Generated_Source\\PSoC5\\ErikaOS_common_ee_primitives.inc"
  32              		.file 5 "Generated_Source\\PSoC5\\ErikaOS_cortex_mx_ee_context.inc"
  33              		.file 6 "Generated_Source\\PSoC5\\ErikaOS_ee_iparam.c"
  34              		.file 7 "Generated_Source\\PSoC5\\ErikaOS_ee_oo_intfunc.inc"
  35              		.file 8 "Generated_Source\\PSoC5\\ErikaOS_ee_oo_internal.inc"
  36              		.section	.debug_info,"",%progbits
  37              	.Ldebug_info0:
  38 0000 7F020000 		.4byte	0x27f
  39 0004 0400     		.2byte	0x4
  40 0006 00000000 		.4byte	.Ldebug_abbrev0
  41 000a 04       		.byte	0x4
  42 000b 01       		.uleb128 0x1
  43 000c F2020000 		.4byte	.LASF45
  44 0010 0C       		.byte	0xc
  45 0011 FA010000 		.4byte	.LASF46
  46 0015 3A000000 		.4byte	.LASF47
  47 0019 00000000 		.4byte	.Ldebug_line0
  48 001d 02       		.uleb128 0x2
  49 001e 01       		.byte	0x1
  50 001f 06       		.byte	0x6
  51 0020 84010000 		.4byte	.LASF0
  52 0024 02       		.uleb128 0x2
  53 0025 01       		.byte	0x1
  54 0026 08       		.byte	0x8
  55 0027 76010000 		.4byte	.LASF1
  56 002b 02       		.uleb128 0x2
  57 002c 02       		.byte	0x2
ARM GAS  C:\Users\rbhar\AppData\Local\Temp\ccglNvmo.s 			page 2


  58 002d 05       		.byte	0x5
  59 002e A3000000 		.4byte	.LASF2
  60 0032 02       		.uleb128 0x2
  61 0033 02       		.byte	0x2
  62 0034 07       		.byte	0x7
  63 0035 25020000 		.4byte	.LASF3
  64 0039 02       		.uleb128 0x2
  65 003a 04       		.byte	0x4
  66 003b 05       		.byte	0x5
  67 003c 39010000 		.4byte	.LASF4
  68 0040 02       		.uleb128 0x2
  69 0041 04       		.byte	0x4
  70 0042 07       		.byte	0x7
  71 0043 6F020000 		.4byte	.LASF5
  72 0047 02       		.uleb128 0x2
  73 0048 08       		.byte	0x8
  74 0049 05       		.byte	0x5
  75 004a 13010000 		.4byte	.LASF6
  76 004e 02       		.uleb128 0x2
  77 004f 08       		.byte	0x8
  78 0050 07       		.byte	0x7
  79 0051 90010000 		.4byte	.LASF7
  80 0055 03       		.uleb128 0x3
  81 0056 04       		.byte	0x4
  82 0057 05       		.byte	0x5
  83 0058 696E7400 		.ascii	"int\000"
  84 005c 02       		.uleb128 0x2
  85 005d 04       		.byte	0x4
  86 005e 07       		.byte	0x7
  87 005f B3010000 		.4byte	.LASF8
  88 0063 02       		.uleb128 0x2
  89 0064 08       		.byte	0x8
  90 0065 04       		.byte	0x4
  91 0066 6A010000 		.4byte	.LASF9
  92 006a 04       		.uleb128 0x4
  93 006b 21010000 		.4byte	.LASF10
  94 006f 01       		.byte	0x1
  95 0070 3F       		.byte	0x3f
  96 0071 1D000000 		.4byte	0x1d
  97 0075 04       		.uleb128 0x4
  98 0076 49020000 		.4byte	.LASF11
  99 007a 01       		.byte	0x1
 100 007b 52       		.byte	0x52
 101 007c 32000000 		.4byte	0x32
 102 0080 04       		.uleb128 0x4
 103 0081 F1010000 		.4byte	.LASF12
 104 0085 01       		.byte	0x1
 105 0086 53       		.byte	0x53
 106 0087 55000000 		.4byte	0x55
 107 008b 04       		.uleb128 0x4
 108 008c D2000000 		.4byte	.LASF13
 109 0090 01       		.byte	0x1
 110 0091 54       		.byte	0x54
 111 0092 5C000000 		.4byte	0x5c
 112 0096 04       		.uleb128 0x4
 113 0097 0E000000 		.4byte	.LASF14
 114 009b 02       		.byte	0x2
ARM GAS  C:\Users\rbhar\AppData\Local\Temp\ccglNvmo.s 			page 3


 115 009c 4D       		.byte	0x4d
 116 009d 8B000000 		.4byte	0x8b
 117 00a1 04       		.uleb128 0x4
 118 00a2 CA000000 		.4byte	.LASF15
 119 00a6 02       		.byte	0x2
 120 00a7 4F       		.byte	0x4f
 121 00a8 8B000000 		.4byte	0x8b
 122 00ac 04       		.uleb128 0x4
 123 00ad 81020000 		.4byte	.LASF16
 124 00b1 02       		.byte	0x2
 125 00b2 54       		.byte	0x54
 126 00b3 96000000 		.4byte	0x96
 127 00b7 04       		.uleb128 0x4
 128 00b8 ED000000 		.4byte	.LASF17
 129 00bc 02       		.byte	0x2
 130 00bd 78       		.byte	0x78
 131 00be 80000000 		.4byte	0x80
 132 00c2 05       		.uleb128 0x5
 133 00c3 29010000 		.4byte	.LASF18
 134 00c7 03       		.byte	0x3
 135 00c8 0801     		.2byte	0x108
 136 00ca 75000000 		.4byte	0x75
 137 00ce 05       		.uleb128 0x5
 138 00cf A7010000 		.4byte	.LASF19
 139 00d3 03       		.byte	0x3
 140 00d4 F101     		.2byte	0x1f1
 141 00d6 DA000000 		.4byte	0xda
 142 00da 06       		.uleb128 0x6
 143 00db 04       		.byte	0x4
 144 00dc B7000000 		.4byte	0xb7
 145 00e0 05       		.uleb128 0x5
 146 00e1 99020000 		.4byte	.LASF20
 147 00e5 03       		.byte	0x3
 148 00e6 F701     		.2byte	0x1f7
 149 00e8 EC000000 		.4byte	0xec
 150 00ec 06       		.uleb128 0x6
 151 00ed 04       		.byte	0x4
 152 00ee 96000000 		.4byte	0x96
 153 00f2 05       		.uleb128 0x5
 154 00f3 16000000 		.4byte	.LASF21
 155 00f7 03       		.byte	0x3
 156 00f8 2602     		.2byte	0x226
 157 00fa EC000000 		.4byte	0xec
 158 00fe 07       		.uleb128 0x7
 159 00ff 38020000 		.4byte	.LASF48
 160 0103 04       		.byte	0x4
 161 0104 03       		.byte	0x3
 162 0105 1F06     		.2byte	0x61f
 163 0107 3C010000 		.4byte	0x13c
 164 010b 08       		.uleb128 0x8
 165 010c 98030000 		.4byte	.LASF22
 166 0110 03       		.byte	0x3
 167 0111 2006     		.2byte	0x620
 168 0113 96000000 		.4byte	0x96
 169 0117 08       		.uleb128 0x8
 170 0118 53020000 		.4byte	.LASF23
 171 011c 03       		.byte	0x3
ARM GAS  C:\Users\rbhar\AppData\Local\Temp\ccglNvmo.s 			page 4


 172 011d 2106     		.2byte	0x621
 173 011f CE000000 		.4byte	0xce
 174 0123 08       		.uleb128 0x8
 175 0124 B7020000 		.4byte	.LASF24
 176 0128 03       		.byte	0x3
 177 0129 2206     		.2byte	0x622
 178 012b E0000000 		.4byte	0xe0
 179 012f 08       		.uleb128 0x8
 180 0130 09010000 		.4byte	.LASF25
 181 0134 03       		.byte	0x3
 182 0135 2806     		.2byte	0x628
 183 0137 F2000000 		.4byte	0xf2
 184 013b 00       		.byte	0
 185 013c 05       		.uleb128 0x5
 186 013d C0010000 		.4byte	.LASF26
 187 0141 03       		.byte	0x3
 188 0142 3D06     		.2byte	0x63d
 189 0144 FE000000 		.4byte	0xfe
 190 0148 09       		.uleb128 0x9
 191 0149 F4000000 		.4byte	.LASF27
 192 014d 04       		.byte	0x4
 193 014e 44       		.byte	0x44
 194 014f 96000000 		.4byte	0x96
 195 0153 09       		.uleb128 0x9
 196 0154 D8010000 		.4byte	.LASF28
 197 0158 05       		.byte	0x5
 198 0159 48       		.byte	0x48
 199 015a B7000000 		.4byte	0xb7
 200 015e 0A       		.uleb128 0xa
 201 015f 75010000 		.4byte	0x175
 202 0163 6E010000 		.4byte	0x16e
 203 0167 0B       		.uleb128 0xb
 204 0168 6E010000 		.4byte	0x16e
 205 016c 00       		.byte	0
 206 016d 00       		.byte	0
 207 016e 02       		.uleb128 0x2
 208 016f 04       		.byte	0x4
 209 0170 07       		.byte	0x7
 210 0171 C1000000 		.4byte	.LASF29
 211 0175 0C       		.uleb128 0xc
 212 0176 96000000 		.4byte	0x96
 213 017a 09       		.uleb128 0x9
 214 017b DC000000 		.4byte	.LASF30
 215 017f 03       		.byte	0x3
 216 0180 B2       		.byte	0xb2
 217 0181 85010000 		.4byte	0x185
 218 0185 0C       		.uleb128 0xc
 219 0186 5E010000 		.4byte	0x15e
 220 018a 09       		.uleb128 0x9
 221 018b D3020000 		.4byte	.LASF31
 222 018f 03       		.byte	0x3
 223 0190 B3       		.byte	0xb3
 224 0191 95010000 		.4byte	0x195
 225 0195 0C       		.uleb128 0xc
 226 0196 5E010000 		.4byte	0x15e
 227 019a 0A       		.uleb128 0xa
 228 019b 96000000 		.4byte	0x96
ARM GAS  C:\Users\rbhar\AppData\Local\Temp\ccglNvmo.s 			page 5


 229 019f AA010000 		.4byte	0x1aa
 230 01a3 0B       		.uleb128 0xb
 231 01a4 6E010000 		.4byte	0x16e
 232 01a8 00       		.byte	0
 233 01a9 00       		.byte	0
 234 01aa 09       		.uleb128 0x9
 235 01ab C6020000 		.4byte	.LASF32
 236 01af 03       		.byte	0x3
 237 01b0 C1       		.byte	0xc1
 238 01b1 9A010000 		.4byte	0x19a
 239 01b5 0A       		.uleb128 0xa
 240 01b6 B7000000 		.4byte	0xb7
 241 01ba C5010000 		.4byte	0x1c5
 242 01be 0B       		.uleb128 0xb
 243 01bf 6E010000 		.4byte	0x16e
 244 01c3 00       		.byte	0
 245 01c4 00       		.byte	0
 246 01c5 09       		.uleb128 0x9
 247 01c6 E7020000 		.4byte	.LASF33
 248 01ca 03       		.byte	0x3
 249 01cb C9       		.byte	0xc9
 250 01cc B5010000 		.4byte	0x1b5
 251 01d0 09       		.uleb128 0x9
 252 01d1 CC010000 		.4byte	.LASF34
 253 01d5 03       		.byte	0x3
 254 01d6 D1       		.byte	0xd1
 255 01d7 9A010000 		.4byte	0x19a
 256 01db 09       		.uleb128 0x9
 257 01dc 8D020000 		.4byte	.LASF35
 258 01e0 03       		.byte	0x3
 259 01e1 D9       		.byte	0xd9
 260 01e2 B7000000 		.4byte	0xb7
 261 01e6 09       		.uleb128 0x9
 262 01e7 5B010000 		.4byte	.LASF36
 263 01eb 03       		.byte	0x3
 264 01ec EE       		.byte	0xee
 265 01ed 96000000 		.4byte	0x96
 266 01f1 0D       		.uleb128 0xd
 267 01f2 00000000 		.4byte	.LASF37
 268 01f6 03       		.byte	0x3
 269 01f7 3601     		.2byte	0x136
 270 01f9 C2000000 		.4byte	0xc2
 271 01fd 0D       		.uleb128 0xd
 272 01fe 27000000 		.4byte	.LASF38
 273 0202 03       		.byte	0x3
 274 0203 5301     		.2byte	0x153
 275 0205 9A010000 		.4byte	0x19a
 276 0209 0A       		.uleb128 0xa
 277 020a AC000000 		.4byte	0xac
 278 020e 19020000 		.4byte	0x219
 279 0212 0B       		.uleb128 0xb
 280 0213 6E010000 		.4byte	0x16e
 281 0217 00       		.byte	0
 282 0218 00       		.byte	0
 283 0219 0D       		.uleb128 0xd
 284 021a 92000000 		.4byte	.LASF39
 285 021e 03       		.byte	0x3
ARM GAS  C:\Users\rbhar\AppData\Local\Temp\ccglNvmo.s 			page 6


 286 021f 5E01     		.2byte	0x15e
 287 0221 09020000 		.4byte	0x209
 288 0225 0E       		.uleb128 0xe
 289 0226 AD000000 		.4byte	.LASF40
 290 022a 06       		.byte	0x6
 291 022b 39       		.byte	0x39
 292 022c 36020000 		.4byte	0x236
 293 0230 05       		.uleb128 0x5
 294 0231 03       		.byte	0x3
 295 0232 00000000 		.4byte	EE_os_invalid_param
 296 0236 0C       		.uleb128 0xc
 297 0237 3C010000 		.4byte	0x13c
 298 023b 09       		.uleb128 0x9
 299 023c 80030000 		.4byte	.LASF41
 300 0240 07       		.byte	0x7
 301 0241 40       		.byte	0x40
 302 0242 96000000 		.4byte	0x96
 303 0246 09       		.uleb128 0x9
 304 0247 42010000 		.4byte	.LASF42
 305 024b 07       		.byte	0x7
 306 024c 47       		.byte	0x47
 307 024d A1000000 		.4byte	0xa1
 308 0251 09       		.uleb128 0x9
 309 0252 5C020000 		.4byte	.LASF43
 310 0256 07       		.byte	0x7
 311 0257 4A       		.byte	0x4a
 312 0258 96000000 		.4byte	0x96
 313 025c 0A       		.uleb128 0xa
 314 025d 6C020000 		.4byte	0x26c
 315 0261 6C020000 		.4byte	0x26c
 316 0265 0B       		.uleb128 0xb
 317 0266 6E010000 		.4byte	0x16e
 318 026a FF       		.byte	0xff
 319 026b 00       		.byte	0
 320 026c 0C       		.uleb128 0xc
 321 026d 6A000000 		.4byte	0x6a
 322 0271 0D       		.uleb128 0xd
 323 0272 AA020000 		.4byte	.LASF44
 324 0276 08       		.byte	0x8
 325 0277 AB01     		.2byte	0x1ab
 326 0279 7D020000 		.4byte	0x27d
 327 027d 0C       		.uleb128 0xc
 328 027e 5C020000 		.4byte	0x25c
 329 0282 00       		.byte	0
 330              		.section	.debug_abbrev,"",%progbits
 331              	.Ldebug_abbrev0:
 332 0000 01       		.uleb128 0x1
 333 0001 11       		.uleb128 0x11
 334 0002 01       		.byte	0x1
 335 0003 25       		.uleb128 0x25
 336 0004 0E       		.uleb128 0xe
 337 0005 13       		.uleb128 0x13
 338 0006 0B       		.uleb128 0xb
 339 0007 03       		.uleb128 0x3
 340 0008 0E       		.uleb128 0xe
 341 0009 1B       		.uleb128 0x1b
 342 000a 0E       		.uleb128 0xe
ARM GAS  C:\Users\rbhar\AppData\Local\Temp\ccglNvmo.s 			page 7


 343 000b 10       		.uleb128 0x10
 344 000c 17       		.uleb128 0x17
 345 000d 00       		.byte	0
 346 000e 00       		.byte	0
 347 000f 02       		.uleb128 0x2
 348 0010 24       		.uleb128 0x24
 349 0011 00       		.byte	0
 350 0012 0B       		.uleb128 0xb
 351 0013 0B       		.uleb128 0xb
 352 0014 3E       		.uleb128 0x3e
 353 0015 0B       		.uleb128 0xb
 354 0016 03       		.uleb128 0x3
 355 0017 0E       		.uleb128 0xe
 356 0018 00       		.byte	0
 357 0019 00       		.byte	0
 358 001a 03       		.uleb128 0x3
 359 001b 24       		.uleb128 0x24
 360 001c 00       		.byte	0
 361 001d 0B       		.uleb128 0xb
 362 001e 0B       		.uleb128 0xb
 363 001f 3E       		.uleb128 0x3e
 364 0020 0B       		.uleb128 0xb
 365 0021 03       		.uleb128 0x3
 366 0022 08       		.uleb128 0x8
 367 0023 00       		.byte	0
 368 0024 00       		.byte	0
 369 0025 04       		.uleb128 0x4
 370 0026 16       		.uleb128 0x16
 371 0027 00       		.byte	0
 372 0028 03       		.uleb128 0x3
 373 0029 0E       		.uleb128 0xe
 374 002a 3A       		.uleb128 0x3a
 375 002b 0B       		.uleb128 0xb
 376 002c 3B       		.uleb128 0x3b
 377 002d 0B       		.uleb128 0xb
 378 002e 49       		.uleb128 0x49
 379 002f 13       		.uleb128 0x13
 380 0030 00       		.byte	0
 381 0031 00       		.byte	0
 382 0032 05       		.uleb128 0x5
 383 0033 16       		.uleb128 0x16
 384 0034 00       		.byte	0
 385 0035 03       		.uleb128 0x3
 386 0036 0E       		.uleb128 0xe
 387 0037 3A       		.uleb128 0x3a
 388 0038 0B       		.uleb128 0xb
 389 0039 3B       		.uleb128 0x3b
 390 003a 05       		.uleb128 0x5
 391 003b 49       		.uleb128 0x49
 392 003c 13       		.uleb128 0x13
 393 003d 00       		.byte	0
 394 003e 00       		.byte	0
 395 003f 06       		.uleb128 0x6
 396 0040 0F       		.uleb128 0xf
 397 0041 00       		.byte	0
 398 0042 0B       		.uleb128 0xb
 399 0043 0B       		.uleb128 0xb
ARM GAS  C:\Users\rbhar\AppData\Local\Temp\ccglNvmo.s 			page 8


 400 0044 49       		.uleb128 0x49
 401 0045 13       		.uleb128 0x13
 402 0046 00       		.byte	0
 403 0047 00       		.byte	0
 404 0048 07       		.uleb128 0x7
 405 0049 17       		.uleb128 0x17
 406 004a 01       		.byte	0x1
 407 004b 03       		.uleb128 0x3
 408 004c 0E       		.uleb128 0xe
 409 004d 0B       		.uleb128 0xb
 410 004e 0B       		.uleb128 0xb
 411 004f 3A       		.uleb128 0x3a
 412 0050 0B       		.uleb128 0xb
 413 0051 3B       		.uleb128 0x3b
 414 0052 05       		.uleb128 0x5
 415 0053 01       		.uleb128 0x1
 416 0054 13       		.uleb128 0x13
 417 0055 00       		.byte	0
 418 0056 00       		.byte	0
 419 0057 08       		.uleb128 0x8
 420 0058 0D       		.uleb128 0xd
 421 0059 00       		.byte	0
 422 005a 03       		.uleb128 0x3
 423 005b 0E       		.uleb128 0xe
 424 005c 3A       		.uleb128 0x3a
 425 005d 0B       		.uleb128 0xb
 426 005e 3B       		.uleb128 0x3b
 427 005f 05       		.uleb128 0x5
 428 0060 49       		.uleb128 0x49
 429 0061 13       		.uleb128 0x13
 430 0062 00       		.byte	0
 431 0063 00       		.byte	0
 432 0064 09       		.uleb128 0x9
 433 0065 34       		.uleb128 0x34
 434 0066 00       		.byte	0
 435 0067 03       		.uleb128 0x3
 436 0068 0E       		.uleb128 0xe
 437 0069 3A       		.uleb128 0x3a
 438 006a 0B       		.uleb128 0xb
 439 006b 3B       		.uleb128 0x3b
 440 006c 0B       		.uleb128 0xb
 441 006d 49       		.uleb128 0x49
 442 006e 13       		.uleb128 0x13
 443 006f 3F       		.uleb128 0x3f
 444 0070 19       		.uleb128 0x19
 445 0071 3C       		.uleb128 0x3c
 446 0072 19       		.uleb128 0x19
 447 0073 00       		.byte	0
 448 0074 00       		.byte	0
 449 0075 0A       		.uleb128 0xa
 450 0076 01       		.uleb128 0x1
 451 0077 01       		.byte	0x1
 452 0078 49       		.uleb128 0x49
 453 0079 13       		.uleb128 0x13
 454 007a 01       		.uleb128 0x1
 455 007b 13       		.uleb128 0x13
 456 007c 00       		.byte	0
ARM GAS  C:\Users\rbhar\AppData\Local\Temp\ccglNvmo.s 			page 9


 457 007d 00       		.byte	0
 458 007e 0B       		.uleb128 0xb
 459 007f 21       		.uleb128 0x21
 460 0080 00       		.byte	0
 461 0081 49       		.uleb128 0x49
 462 0082 13       		.uleb128 0x13
 463 0083 2F       		.uleb128 0x2f
 464 0084 0B       		.uleb128 0xb
 465 0085 00       		.byte	0
 466 0086 00       		.byte	0
 467 0087 0C       		.uleb128 0xc
 468 0088 26       		.uleb128 0x26
 469 0089 00       		.byte	0
 470 008a 49       		.uleb128 0x49
 471 008b 13       		.uleb128 0x13
 472 008c 00       		.byte	0
 473 008d 00       		.byte	0
 474 008e 0D       		.uleb128 0xd
 475 008f 34       		.uleb128 0x34
 476 0090 00       		.byte	0
 477 0091 03       		.uleb128 0x3
 478 0092 0E       		.uleb128 0xe
 479 0093 3A       		.uleb128 0x3a
 480 0094 0B       		.uleb128 0xb
 481 0095 3B       		.uleb128 0x3b
 482 0096 05       		.uleb128 0x5
 483 0097 49       		.uleb128 0x49
 484 0098 13       		.uleb128 0x13
 485 0099 3F       		.uleb128 0x3f
 486 009a 19       		.uleb128 0x19
 487 009b 3C       		.uleb128 0x3c
 488 009c 19       		.uleb128 0x19
 489 009d 00       		.byte	0
 490 009e 00       		.byte	0
 491 009f 0E       		.uleb128 0xe
 492 00a0 34       		.uleb128 0x34
 493 00a1 00       		.byte	0
 494 00a2 03       		.uleb128 0x3
 495 00a3 0E       		.uleb128 0xe
 496 00a4 3A       		.uleb128 0x3a
 497 00a5 0B       		.uleb128 0xb
 498 00a6 3B       		.uleb128 0x3b
 499 00a7 0B       		.uleb128 0xb
 500 00a8 49       		.uleb128 0x49
 501 00a9 13       		.uleb128 0x13
 502 00aa 3F       		.uleb128 0x3f
 503 00ab 19       		.uleb128 0x19
 504 00ac 02       		.uleb128 0x2
 505 00ad 18       		.uleb128 0x18
 506 00ae 00       		.byte	0
 507 00af 00       		.byte	0
 508 00b0 00       		.byte	0
 509              		.section	.debug_aranges,"",%progbits
 510 0000 14000000 		.4byte	0x14
 511 0004 0200     		.2byte	0x2
 512 0006 00000000 		.4byte	.Ldebug_info0
 513 000a 04       		.byte	0x4
ARM GAS  C:\Users\rbhar\AppData\Local\Temp\ccglNvmo.s 			page 10


 514 000b 00       		.byte	0
 515 000c 0000     		.2byte	0
 516 000e 0000     		.2byte	0
 517 0010 00000000 		.4byte	0
 518 0014 00000000 		.4byte	0
 519              		.section	.debug_line,"",%progbits
 520              	.Ldebug_line0:
 521 0000 25010000 		.section	.debug_str,"MS",%progbits,1
 521      02001F01 
 521      00000201 
 521      FB0E0D00 
 521      01010101 
 522              	.LASF37:
 523 0000 45455F72 		.ascii	"EE_rq_bitmask\000"
 523      715F6269 
 523      746D6173 
 523      6B00
 524              	.LASF14:
 525 000e 45455F55 		.ascii	"EE_UREG\000"
 525      52454700 
 526              	.LASF21:
 527 0016 4576656E 		.ascii	"EventMaskRefType\000"
 527      744D6173 
 527      6B526566 
 527      54797065 
 527      00
 528              	.LASF38:
 529 0027 45455F74 		.ascii	"EE_th_event_active\000"
 529      685F6576 
 529      656E745F 
 529      61637469 
 529      766500
 530              	.LASF47:
 531 003a 443A5C48 		.ascii	"D:\\HDA\\1_sem\\Embedded System Design\\Lab\\Assign"
 531      44415C31 
 531      5F73656D 
 531      5C456D62 
 531      65646465 
 532 0068 6D656E74 		.ascii	"ment_1\\ReactionGame_OS\\ReactionGame.cydsn\000"
 532      5F315C52 
 532      65616374 
 532      696F6E47 
 532      616D655F 
 533              	.LASF39:
 534 0092 45455F74 		.ascii	"EE_th_waswaiting\000"
 534      685F7761 
 534      73776169 
 534      74696E67 
 534      00
 535              	.LASF2:
 536 00a3 73686F72 		.ascii	"short int\000"
 536      7420696E 
 536      7400
 537              	.LASF40:
 538 00ad 45455F6F 		.ascii	"EE_os_invalid_param\000"
 538      735F696E 
 538      76616C69 
ARM GAS  C:\Users\rbhar\AppData\Local\Temp\ccglNvmo.s 			page 11


 538      645F7061 
 538      72616D00 
 539              	.LASF29:
 540 00c1 73697A65 		.ascii	"sizetype\000"
 540      74797065 
 540      00
 541              	.LASF15:
 542 00ca 45455F46 		.ascii	"EE_FREG\000"
 542      52454700 
 543              	.LASF13:
 544 00d2 45455F55 		.ascii	"EE_UINT32\000"
 544      494E5433 
 544      3200
 545              	.LASF30:
 546 00dc 45455F74 		.ascii	"EE_th_ready_prio\000"
 546      685F7265 
 546      6164795F 
 546      7072696F 
 546      00
 547              	.LASF17:
 548 00ed 45455F54 		.ascii	"EE_TID\000"
 548      494400
 549              	.LASF27:
 550 00f4 45455F49 		.ascii	"EE_IRQ_nesting_level\000"
 550      52515F6E 
 550      65737469 
 550      6E675F6C 
 550      6576656C 
 551              	.LASF25:
 552 0109 6576656E 		.ascii	"event_ref\000"
 552      745F7265 
 552      6600
 553              	.LASF6:
 554 0113 6C6F6E67 		.ascii	"long long int\000"
 554      206C6F6E 
 554      6720696E 
 554      7400
 555              	.LASF10:
 556 0121 45455F49 		.ascii	"EE_INT8\000"
 556      4E543800 
 557              	.LASF18:
 558 0129 45455F54 		.ascii	"EE_TYPE_RQ_MASK\000"
 558      5950455F 
 558      52515F4D 
 558      41534B00 
 559              	.LASF4:
 560 0139 6C6F6E67 		.ascii	"long int\000"
 560      20696E74 
 560      00
 561              	.LASF42:
 562 0142 45455F6F 		.ascii	"EE_oo_IRQ_suspend_status\000"
 562      6F5F4952 
 562      515F7375 
 562      7370656E 
 562      645F7374 
 563              	.LASF36:
 564 015b 45455F73 		.ascii	"EE_sys_ceiling\000"
ARM GAS  C:\Users\rbhar\AppData\Local\Temp\ccglNvmo.s 			page 12


 564      79735F63 
 564      65696C69 
 564      6E6700
 565              	.LASF9:
 566 016a 6C6F6E67 		.ascii	"long double\000"
 566      20646F75 
 566      626C6500 
 567              	.LASF1:
 568 0176 756E7369 		.ascii	"unsigned char\000"
 568      676E6564 
 568      20636861 
 568      7200
 569              	.LASF0:
 570 0184 7369676E 		.ascii	"signed char\000"
 570      65642063 
 570      68617200 
 571              	.LASF7:
 572 0190 6C6F6E67 		.ascii	"long long unsigned int\000"
 572      206C6F6E 
 572      6720756E 
 572      7369676E 
 572      65642069 
 573              	.LASF19:
 574 01a7 5461736B 		.ascii	"TaskRefType\000"
 574      52656654 
 574      79706500 
 575              	.LASF8:
 576 01b3 756E7369 		.ascii	"unsigned int\000"
 576      676E6564 
 576      20696E74 
 576      00
 577              	.LASF26:
 578 01c0 45455F6F 		.ascii	"EE_os_param\000"
 578      735F7061 
 578      72616D00 
 579              	.LASF34:
 580 01cc 45455F74 		.ascii	"EE_th_rnact\000"
 580      685F726E 
 580      61637400 
 581              	.LASF28:
 582 01d8 45455F73 		.ascii	"EE_std_endcycle_next_tid\000"
 582      74645F65 
 582      6E646379 
 582      636C655F 
 582      6E657874 
 583              	.LASF12:
 584 01f1 45455F49 		.ascii	"EE_INT32\000"
 584      4E543332 
 584      00
 585              	.LASF46:
 586 01fa 47656E65 		.ascii	"Generated_Source\\PSoC5\\ErikaOS_ee_iparam.c\000"
 586      72617465 
 586      645F536F 
 586      75726365 
 586      5C50536F 
 587              	.LASF3:
 588 0225 73686F72 		.ascii	"short unsigned int\000"
ARM GAS  C:\Users\rbhar\AppData\Local\Temp\ccglNvmo.s 			page 13


 588      7420756E 
 588      7369676E 
 588      65642069 
 588      6E7400
 589              	.LASF48:
 590 0238 45455F6F 		.ascii	"EE_os_param_type\000"
 590      735F7061 
 590      72616D5F 
 590      74797065 
 590      00
 591              	.LASF11:
 592 0249 45455F55 		.ascii	"EE_UINT16\000"
 592      494E5431 
 592      3600
 593              	.LASF23:
 594 0253 7461736B 		.ascii	"task_ref\000"
 594      5F726566 
 594      00
 595              	.LASF43:
 596 025c 45455F41 		.ascii	"EE_ApplicationMode\000"
 596      70706C69 
 596      63617469 
 596      6F6E4D6F 
 596      646500
 597              	.LASF5:
 598 026f 6C6F6E67 		.ascii	"long unsigned int\000"
 598      20756E73 
 598      69676E65 
 598      6420696E 
 598      7400
 599              	.LASF16:
 600 0281 45455F54 		.ascii	"EE_TYPEBOOL\000"
 600      59504542 
 600      4F4F4C00 
 601              	.LASF35:
 602 028d 45455F73 		.ascii	"EE_stkfirst\000"
 602      746B6669 
 602      72737400 
 603              	.LASF20:
 604 0299 5461736B 		.ascii	"TaskStateRefType\000"
 604      53746174 
 604      65526566 
 604      54797065 
 604      00
 605              	.LASF44:
 606 02aa 45455F72 		.ascii	"EE_rq_lookup\000"
 606      715F6C6F 
 606      6F6B7570 
 606      00
 607              	.LASF24:
 608 02b7 7461736B 		.ascii	"task_state_ref\000"
 608      5F737461 
 608      74655F72 
 608      656600
 609              	.LASF32:
 610 02c6 45455F74 		.ascii	"EE_th_status\000"
 610      685F7374 
ARM GAS  C:\Users\rbhar\AppData\Local\Temp\ccglNvmo.s 			page 14


 610      61747573 
 610      00
 611              	.LASF31:
 612 02d3 45455F74 		.ascii	"EE_th_dispatch_prio\000"
 612      685F6469 
 612      73706174 
 612      63685F70 
 612      72696F00 
 613              	.LASF33:
 614 02e7 45455F74 		.ascii	"EE_th_next\000"
 614      685F6E65 
 614      787400
 615              	.LASF45:
 616 02f2 474E5520 		.ascii	"GNU C11 5.4.1 20160609 (release) [ARM/embedded-5-br"
 616      43313120 
 616      352E342E 
 616      31203230 
 616      31363036 
 617 0325 616E6368 		.ascii	"anch revision 237715] -mcpu=cortex-m3 -mthumb -g -O"
 617      20726576 
 617      6973696F 
 617      6E203233 
 617      37373135 
 618 0358 67202D66 		.ascii	"g -ffunction-sections -ffat-lto-objects\000"
 618      66756E63 
 618      74696F6E 
 618      2D736563 
 618      74696F6E 
 619              	.LASF41:
 620 0380 45455F6F 		.ascii	"EE_oo_IRQ_disable_count\000"
 620      6F5F4952 
 620      515F6469 
 620      7361626C 
 620      655F636F 
 621              	.LASF22:
 622 0398 76616C75 		.ascii	"value_param\000"
 622      655F7061 
 622      72616D00 
 623              		.ident	"GCC: (GNU Tools for ARM Embedded Processors) 5.4.1 20160609 (release) [ARM/embedded-5-bran
