ARM GAS  C:\Users\rbhar\AppData\Local\Temp\ccUTJhTh.s 			page 1


   1              		.syntax unified
   2              		.cpu cortex-m3
   3              		.fpu softvfp
   4              		.eabi_attribute 20, 1
   5              		.eabi_attribute 21, 1
   6              		.eabi_attribute 23, 3
   7              		.eabi_attribute 24, 1
   8              		.eabi_attribute 25, 1
   9              		.eabi_attribute 26, 1
  10              		.eabi_attribute 30, 1
  11              		.eabi_attribute 34, 1
  12              		.eabi_attribute 18, 4
  13              		.thumb
  14              		.syntax unified
  15              		.file	"ErikaOS_ee_gettaskstate.c"
  16              		.text
  17              	.Ltext0:
  18              		.cfi_sections	.debug_frame
  19              		.section	.text.EE_oo_GetTaskState,"ax",%progbits
  20              		.align	2
  21              		.global	EE_oo_GetTaskState
  22              		.thumb
  23              		.thumb_func
  24              		.type	EE_oo_GetTaskState, %function
  25              	EE_oo_GetTaskState:
  26              	.LFB59:
  27              		.file 1 "Generated_Source\\PSoC5\\ErikaOS_ee_gettaskstate.c"
   1:Generated_Source\PSoC5/ErikaOS_ee_gettaskstate.c **** /* ###*B*###
   2:Generated_Source\PSoC5/ErikaOS_ee_gettaskstate.c ****  * ERIKA Enterprise - a tiny RTOS for small microcontrollers
   3:Generated_Source\PSoC5/ErikaOS_ee_gettaskstate.c ****  *
   4:Generated_Source\PSoC5/ErikaOS_ee_gettaskstate.c ****  * Copyright (C) 2002-2008  Evidence Srl
   5:Generated_Source\PSoC5/ErikaOS_ee_gettaskstate.c ****  *
   6:Generated_Source\PSoC5/ErikaOS_ee_gettaskstate.c ****  * This file is part of ERIKA Enterprise.
   7:Generated_Source\PSoC5/ErikaOS_ee_gettaskstate.c ****  *
   8:Generated_Source\PSoC5/ErikaOS_ee_gettaskstate.c ****  * ERIKA Enterprise is free software; you can redistribute it
   9:Generated_Source\PSoC5/ErikaOS_ee_gettaskstate.c ****  * and/or modify it under the terms of the GNU General Public License
  10:Generated_Source\PSoC5/ErikaOS_ee_gettaskstate.c ****  * version 2 as published by the Free Software Foundation, 
  11:Generated_Source\PSoC5/ErikaOS_ee_gettaskstate.c ****  * (with a special exception described below).
  12:Generated_Source\PSoC5/ErikaOS_ee_gettaskstate.c ****  *
  13:Generated_Source\PSoC5/ErikaOS_ee_gettaskstate.c ****  * Linking this code statically or dynamically with other modules is
  14:Generated_Source\PSoC5/ErikaOS_ee_gettaskstate.c ****  * making a combined work based on this code.  Thus, the terms and
  15:Generated_Source\PSoC5/ErikaOS_ee_gettaskstate.c ****  * conditions of the GNU General Public License cover the whole
  16:Generated_Source\PSoC5/ErikaOS_ee_gettaskstate.c ****  * combination.
  17:Generated_Source\PSoC5/ErikaOS_ee_gettaskstate.c ****  *
  18:Generated_Source\PSoC5/ErikaOS_ee_gettaskstate.c ****  * As a special exception, the copyright holders of this library give you
  19:Generated_Source\PSoC5/ErikaOS_ee_gettaskstate.c ****  * permission to link this code with independent modules to produce an
  20:Generated_Source\PSoC5/ErikaOS_ee_gettaskstate.c ****  * executable, regardless of the license terms of these independent
  21:Generated_Source\PSoC5/ErikaOS_ee_gettaskstate.c ****  * modules, and to copy and distribute the resulting executable under
  22:Generated_Source\PSoC5/ErikaOS_ee_gettaskstate.c ****  * terms of your choice, provided that you also meet, for each linked
  23:Generated_Source\PSoC5/ErikaOS_ee_gettaskstate.c ****  * independent module, the terms and conditions of the license of that
  24:Generated_Source\PSoC5/ErikaOS_ee_gettaskstate.c ****  * module.  An independent module is a module which is not derived from
  25:Generated_Source\PSoC5/ErikaOS_ee_gettaskstate.c ****  * or based on this library.  If you modify this code, you may extend
  26:Generated_Source\PSoC5/ErikaOS_ee_gettaskstate.c ****  * this exception to your version of the code, but you are not
  27:Generated_Source\PSoC5/ErikaOS_ee_gettaskstate.c ****  * obligated to do so.  If you do not wish to do so, delete this
  28:Generated_Source\PSoC5/ErikaOS_ee_gettaskstate.c ****  * exception statement from your version.
  29:Generated_Source\PSoC5/ErikaOS_ee_gettaskstate.c ****  *
  30:Generated_Source\PSoC5/ErikaOS_ee_gettaskstate.c ****  * ERIKA Enterprise is distributed in the hope that it will be
ARM GAS  C:\Users\rbhar\AppData\Local\Temp\ccUTJhTh.s 			page 2


  31:Generated_Source\PSoC5/ErikaOS_ee_gettaskstate.c ****  * useful, but WITHOUT ANY WARRANTY; without even the implied warranty
  32:Generated_Source\PSoC5/ErikaOS_ee_gettaskstate.c ****  * of MERCHANTABILITY or FITNESS FOR A PARTICULAR PURPOSE.  See the
  33:Generated_Source\PSoC5/ErikaOS_ee_gettaskstate.c ****  * GNU General Public License version 2 for more details.
  34:Generated_Source\PSoC5/ErikaOS_ee_gettaskstate.c ****  *
  35:Generated_Source\PSoC5/ErikaOS_ee_gettaskstate.c ****  * You should have received a copy of the GNU General Public License
  36:Generated_Source\PSoC5/ErikaOS_ee_gettaskstate.c ****  * version 2 along with ERIKA Enterprise; if not, write to the
  37:Generated_Source\PSoC5/ErikaOS_ee_gettaskstate.c ****  * Free Software Foundation, Inc., 51 Franklin Street, Fifth Floor,
  38:Generated_Source\PSoC5/ErikaOS_ee_gettaskstate.c ****  * Boston, MA 02110-1301 USA.
  39:Generated_Source\PSoC5/ErikaOS_ee_gettaskstate.c ****  * ###*E*### */
  40:Generated_Source\PSoC5/ErikaOS_ee_gettaskstate.c **** 
  41:Generated_Source\PSoC5/ErikaOS_ee_gettaskstate.c **** /*
  42:Generated_Source\PSoC5/ErikaOS_ee_gettaskstate.c ****  * Author: 2004 Paolo Gai
  43:Generated_Source\PSoC5/ErikaOS_ee_gettaskstate.c ****  * CVS: $Id: ee_gettaskstate.c,v 1.1 2005/07/16 12:23:42 pj Exp $
  44:Generated_Source\PSoC5/ErikaOS_ee_gettaskstate.c ****  */
  45:Generated_Source\PSoC5/ErikaOS_ee_gettaskstate.c **** 
  46:Generated_Source\PSoC5/ErikaOS_ee_gettaskstate.c **** /*
  47:Generated_Source\PSoC5/ErikaOS_ee_gettaskstate.c ****  * PSoC Port and API Generation
  48:Generated_Source\PSoC5/ErikaOS_ee_gettaskstate.c ****  * Carlos Fernando Meier Martinez
  49:Generated_Source\PSoC5/ErikaOS_ee_gettaskstate.c ****  * Hochschule Darmstadt, Germany. 2017.
  50:Generated_Source\PSoC5/ErikaOS_ee_gettaskstate.c ****  */
  51:Generated_Source\PSoC5/ErikaOS_ee_gettaskstate.c **** 
  52:Generated_Source\PSoC5/ErikaOS_ee_gettaskstate.c **** #include "ErikaOS_ee_internal.inc"
  53:Generated_Source\PSoC5/ErikaOS_ee_gettaskstate.c **** 
  54:Generated_Source\PSoC5/ErikaOS_ee_gettaskstate.c **** /***************************************************************************
  55:Generated_Source\PSoC5/ErikaOS_ee_gettaskstate.c ****  * 13.2 Task management 
  56:Generated_Source\PSoC5/ErikaOS_ee_gettaskstate.c ****  ***************************************************************************/
  57:Generated_Source\PSoC5/ErikaOS_ee_gettaskstate.c **** 
  58:Generated_Source\PSoC5/ErikaOS_ee_gettaskstate.c **** /* 13.2.3.6: BCC1, BCC2, ECC1, ECC2 */
  59:Generated_Source\PSoC5/ErikaOS_ee_gettaskstate.c **** #ifndef __PRIVATE_GETTASKSTATE__
  60:Generated_Source\PSoC5/ErikaOS_ee_gettaskstate.c **** 
  61:Generated_Source\PSoC5/ErikaOS_ee_gettaskstate.c **** StatusType EE_oo_GetTaskState(TaskType TaskID, TaskStateRefType State)
  62:Generated_Source\PSoC5/ErikaOS_ee_gettaskstate.c **** {
  28              		.loc 1 62 0
  29              		.cfi_startproc
  30              		@ args = 0, pretend = 0, frame = 0
  31              		@ frame_needed = 0, uses_anonymous_args = 0
  32              		@ link register save eliminated.
  33              	.LVL0:
  63:Generated_Source\PSoC5/ErikaOS_ee_gettaskstate.c ****   register StatusType ev;
  64:Generated_Source\PSoC5/ErikaOS_ee_gettaskstate.c **** 
  65:Generated_Source\PSoC5/ErikaOS_ee_gettaskstate.c ****   EE_ORTI_set_service_in(EE_SERVICETRACE_GETTASKSTATE);
  66:Generated_Source\PSoC5/ErikaOS_ee_gettaskstate.c **** 
  67:Generated_Source\PSoC5/ErikaOS_ee_gettaskstate.c **** #ifdef EE_SERVICE_PROTECTION__
  68:Generated_Source\PSoC5/ErikaOS_ee_gettaskstate.c ****   /* [OS093]: If interrupts are disabled/suspended by a Task/OsIsr and the
  69:Generated_Source\PSoC5/ErikaOS_ee_gettaskstate.c ****       Task/OsIsr calls any OS service (excluding the interrupt services)
  70:Generated_Source\PSoC5/ErikaOS_ee_gettaskstate.c ****       then the Operating System shall ignore the service AND shall return
  71:Generated_Source\PSoC5/ErikaOS_ee_gettaskstate.c ****       E_OS_DISABLEDINT if the service returns a StatusType value. */
  72:Generated_Source\PSoC5/ErikaOS_ee_gettaskstate.c ****   /* [OS088]: If an OS-Application makes a service call from the wrong context
  73:Generated_Source\PSoC5/ErikaOS_ee_gettaskstate.c ****       AND is currently not inside a Category 1 ISR the Operating System module
  74:Generated_Source\PSoC5/ErikaOS_ee_gettaskstate.c ****       shall not perform the requested action (the service call shall have no
  75:Generated_Source\PSoC5/ErikaOS_ee_gettaskstate.c ****       effect), and return E_OS_CALLEVEL (see [12], section 13.1) or the
  76:Generated_Source\PSoC5/ErikaOS_ee_gettaskstate.c ****       "invalid value" of  the service. (BSW11009, BSW11013) */
  77:Generated_Source\PSoC5/ErikaOS_ee_gettaskstate.c ****   /* GetTaskID is callable by Task, ISR2, ErrorHook, ProtectionHook, Pre and
  78:Generated_Source\PSoC5/ErikaOS_ee_gettaskstate.c ****      Post TaskHook */
  79:Generated_Source\PSoC5/ErikaOS_ee_gettaskstate.c ****   if ( (EE_as_execution_context > ErrorHook_Context) &&
  80:Generated_Source\PSoC5/ErikaOS_ee_gettaskstate.c ****        (EE_as_execution_context != PreTaskHook_Context) &&
  81:Generated_Source\PSoC5/ErikaOS_ee_gettaskstate.c ****        (EE_as_execution_context != PostTaskHook_Context) )
ARM GAS  C:\Users\rbhar\AppData\Local\Temp\ccUTJhTh.s 			page 3


  82:Generated_Source\PSoC5/ErikaOS_ee_gettaskstate.c ****   {
  83:Generated_Source\PSoC5/ErikaOS_ee_gettaskstate.c ****     ev = E_OS_CALLEVEL;
  84:Generated_Source\PSoC5/ErikaOS_ee_gettaskstate.c ****   } else if ( EE_oo_check_disableint_error() ) {
  85:Generated_Source\PSoC5/ErikaOS_ee_gettaskstate.c ****     ev = E_OS_DISABLEDINT;
  86:Generated_Source\PSoC5/ErikaOS_ee_gettaskstate.c ****   } else
  87:Generated_Source\PSoC5/ErikaOS_ee_gettaskstate.c **** #endif /* EE_SERVICE_PROTECTION__ */
  88:Generated_Source\PSoC5/ErikaOS_ee_gettaskstate.c **** 
  89:Generated_Source\PSoC5/ErikaOS_ee_gettaskstate.c ****   /* [OS566]: The Operating System API shall check in extended mode all pointer
  90:Generated_Source\PSoC5/ErikaOS_ee_gettaskstate.c ****      argument for NULL pointer and return OS_E_PARAMETER_POINTER
  91:Generated_Source\PSoC5/ErikaOS_ee_gettaskstate.c ****      if such argument is NULL. 
  92:Generated_Source\PSoC5/ErikaOS_ee_gettaskstate.c ****      + 
  93:Generated_Source\PSoC5/ErikaOS_ee_gettaskstate.c ****      MISRA dictate NULL check for pointers always. */
  94:Generated_Source\PSoC5/ErikaOS_ee_gettaskstate.c ****   if ( State == NULL ) {
  34              		.loc 1 94 0
  35 0000 29B1     		cbz	r1, .L3
  95:Generated_Source\PSoC5/ErikaOS_ee_gettaskstate.c ****     ev = E_OS_PARAM_POINTER;
  96:Generated_Source\PSoC5/ErikaOS_ee_gettaskstate.c ****   } else
  97:Generated_Source\PSoC5/ErikaOS_ee_gettaskstate.c **** #if (defined(EE_AS_OSAPPLICATIONS__)) && (defined(EE_SERVICE_PROTECTION__)) \
  98:Generated_Source\PSoC5/ErikaOS_ee_gettaskstate.c ****   && (defined(__EE_MEMORY_PROTECTION__))
  99:Generated_Source\PSoC5/ErikaOS_ee_gettaskstate.c ****   /* [SWS_Os_00051]: If an invalid address (address is not writable by this
 100:Generated_Source\PSoC5/ErikaOS_ee_gettaskstate.c ****       OS-Application) is passed as an out-parameter to an Operating System
 101:Generated_Source\PSoC5/ErikaOS_ee_gettaskstate.c ****       service, the Operating System module shall return the status code
 102:Generated_Source\PSoC5/ErikaOS_ee_gettaskstate.c ****       E_OS_ILLEGAL_ADDRESS. (SRS_Os_11009, SRS_Os_11013) */
 103:Generated_Source\PSoC5/ErikaOS_ee_gettaskstate.c ****   if ( !OSMEMORY_IS_WRITEABLE( EE_hal_get_app_mem_access(EE_as_active_app,
 104:Generated_Source\PSoC5/ErikaOS_ee_gettaskstate.c ****     State, sizeof(*State))) )
 105:Generated_Source\PSoC5/ErikaOS_ee_gettaskstate.c ****   {
 106:Generated_Source\PSoC5/ErikaOS_ee_gettaskstate.c ****     ev = E_OS_ILLEGAL_ADDRESS;
 107:Generated_Source\PSoC5/ErikaOS_ee_gettaskstate.c ****   } else
 108:Generated_Source\PSoC5/ErikaOS_ee_gettaskstate.c **** #endif /* EE_AS_OSAPPLICATIONS__ && EE_SERVICE_PROTECTION__ &&
 109:Generated_Source\PSoC5/ErikaOS_ee_gettaskstate.c ****   __EE_MEMORY_PROTECTION__ */
 110:Generated_Source\PSoC5/ErikaOS_ee_gettaskstate.c **** 
 111:Generated_Source\PSoC5/ErikaOS_ee_gettaskstate.c **** #ifdef EE_AS_RPC__
 112:Generated_Source\PSoC5/ErikaOS_ee_gettaskstate.c ****   if ( EE_IS_TID_REMOTE(TaskID) )
 113:Generated_Source\PSoC5/ErikaOS_ee_gettaskstate.c ****   {
 114:Generated_Source\PSoC5/ErikaOS_ee_gettaskstate.c ****     /* Tmp Tid (introduced to meet MISRA requirements) */
 115:Generated_Source\PSoC5/ErikaOS_ee_gettaskstate.c ****     EE_TID tmp_tid;
 116:Generated_Source\PSoC5/ErikaOS_ee_gettaskstate.c ****     EE_os_param as_state;
 117:Generated_Source\PSoC5/ErikaOS_ee_gettaskstate.c ****     EE_os_param unmarked_tid;
 118:Generated_Source\PSoC5/ErikaOS_ee_gettaskstate.c **** 	/* Two steps macro assignment to meet MISRA 10.3 required rule */
 119:Generated_Source\PSoC5/ErikaOS_ee_gettaskstate.c ****     tmp_tid = EE_UNMARK_REMOTE_TID(TaskID);
 120:Generated_Source\PSoC5/ErikaOS_ee_gettaskstate.c ****     unmarked_tid.value_param = (EE_UREG)tmp_tid;
 121:Generated_Source\PSoC5/ErikaOS_ee_gettaskstate.c ****     as_state.task_state_ref = State;
 122:Generated_Source\PSoC5/ErikaOS_ee_gettaskstate.c **** 
 123:Generated_Source\PSoC5/ErikaOS_ee_gettaskstate.c ****     /* forward the request to another CPU in synchronous way */
 124:Generated_Source\PSoC5/ErikaOS_ee_gettaskstate.c ****     ev = EE_as_rpc_from_us(OSServiceId_GetTaskState, unmarked_tid, as_state,
 125:Generated_Source\PSoC5/ErikaOS_ee_gettaskstate.c ****       EE_OS_INVALID_PARAM);
 126:Generated_Source\PSoC5/ErikaOS_ee_gettaskstate.c ****   } else {
 127:Generated_Source\PSoC5/ErikaOS_ee_gettaskstate.c **** #endif /* EE_AS_RPC__ */
 128:Generated_Source\PSoC5/ErikaOS_ee_gettaskstate.c **** 
 129:Generated_Source\PSoC5/ErikaOS_ee_gettaskstate.c **** #if (defined(EE_AS_OSAPPLICATIONS__)) && (defined(EE_SERVICE_PROTECTION__))
 130:Generated_Source\PSoC5/ErikaOS_ee_gettaskstate.c ****     /* check if the task Id is valid */
 131:Generated_Source\PSoC5/ErikaOS_ee_gettaskstate.c ****     if ( (TaskID < 0) || (TaskID >= EE_MAX_TASK) ) {
 132:Generated_Source\PSoC5/ErikaOS_ee_gettaskstate.c ****       ev = E_OS_ID;
 133:Generated_Source\PSoC5/ErikaOS_ee_gettaskstate.c ****     } else if ( EE_TASK_ACCESS_ERR(TaskID, EE_as_active_app) ) {
 134:Generated_Source\PSoC5/ErikaOS_ee_gettaskstate.c ****       ev = E_OS_ACCESS;
 135:Generated_Source\PSoC5/ErikaOS_ee_gettaskstate.c ****     } else
 136:Generated_Source\PSoC5/ErikaOS_ee_gettaskstate.c **** #elif defined(__OO_EXTENDED_STATUS__)
ARM GAS  C:\Users\rbhar\AppData\Local\Temp\ccUTJhTh.s 			page 4


 137:Generated_Source\PSoC5/ErikaOS_ee_gettaskstate.c ****     /* check if the task Id is valid */
 138:Generated_Source\PSoC5/ErikaOS_ee_gettaskstate.c ****     if ( (TaskID < 0) || (TaskID >= EE_MAX_TASK) ) {
  36              		.loc 1 138 0
  37 0002 30B9     		cbnz	r0, .L4
 139:Generated_Source\PSoC5/ErikaOS_ee_gettaskstate.c ****       ev = E_OS_ID;
 140:Generated_Source\PSoC5/ErikaOS_ee_gettaskstate.c ****     } else
 141:Generated_Source\PSoC5/ErikaOS_ee_gettaskstate.c **** #endif /* EE_AS_OSAPPLICATIONS__ || E_SERVICE_PROTECTION__ ||
 142:Generated_Source\PSoC5/ErikaOS_ee_gettaskstate.c **** __OO_EXTENDED_STATUS__ */
 143:Generated_Source\PSoC5/ErikaOS_ee_gettaskstate.c ****     {
 144:Generated_Source\PSoC5/ErikaOS_ee_gettaskstate.c ****     /* XXX: This SHALL be atomic. Check this architectures other than TriCore */
 145:Generated_Source\PSoC5/ErikaOS_ee_gettaskstate.c ****       *State = EE_th_status[TaskID];
  38              		.loc 1 145 0
  39 0004 044A     		ldr	r2, .L5
  40 0006 52F82020 		ldr	r2, [r2, r0, lsl #2]
  41 000a 0A60     		str	r2, [r1]
  42              	.LVL1:
  43 000c 7047     		bx	lr
  44              	.LVL2:
  45              	.L3:
  95:Generated_Source\PSoC5/ErikaOS_ee_gettaskstate.c ****     ev = E_OS_PARAM_POINTER;
  46              		.loc 1 95 0
  47 000e 0E20     		movs	r0, #14
  48              	.LVL3:
  49 0010 7047     		bx	lr
  50              	.LVL4:
  51              	.L4:
 139:Generated_Source\PSoC5/ErikaOS_ee_gettaskstate.c ****       ev = E_OS_ID;
  52              		.loc 1 139 0
  53 0012 0320     		movs	r0, #3
  54              	.LVL5:
 146:Generated_Source\PSoC5/ErikaOS_ee_gettaskstate.c ****       ev = E_OK;
 147:Generated_Source\PSoC5/ErikaOS_ee_gettaskstate.c ****     }
 148:Generated_Source\PSoC5/ErikaOS_ee_gettaskstate.c **** #ifdef EE_AS_RPC__
 149:Generated_Source\PSoC5/ErikaOS_ee_gettaskstate.c ****   }
 150:Generated_Source\PSoC5/ErikaOS_ee_gettaskstate.c **** #endif /*  EE_AS_RPC__ */
 151:Generated_Source\PSoC5/ErikaOS_ee_gettaskstate.c **** 
 152:Generated_Source\PSoC5/ErikaOS_ee_gettaskstate.c ****   if ( ev != E_OK ) {
 153:Generated_Source\PSoC5/ErikaOS_ee_gettaskstate.c ****     EE_OS_ERROR_PARAMETERS();
 154:Generated_Source\PSoC5/ErikaOS_ee_gettaskstate.c ****     EE_OS_ERROR_PARAMETERS_PARAM1_REF(task_state_ref,State);
 155:Generated_Source\PSoC5/ErikaOS_ee_gettaskstate.c **** 
 156:Generated_Source\PSoC5/ErikaOS_ee_gettaskstate.c ****     EE_os_notify_error_from_us(OSServiceId_GetTaskState, &error_parameters, ev);
 157:Generated_Source\PSoC5/ErikaOS_ee_gettaskstate.c ****     EE_ORTI_set_service_out(EE_SERVICETRACE_GETTASKSTATE);
 158:Generated_Source\PSoC5/ErikaOS_ee_gettaskstate.c ****   } else {
 159:Generated_Source\PSoC5/ErikaOS_ee_gettaskstate.c ****     EE_ORTI_set_service_out(EE_SERVICETRACE_GETTASKSTATE);
 160:Generated_Source\PSoC5/ErikaOS_ee_gettaskstate.c ****   }
 161:Generated_Source\PSoC5/ErikaOS_ee_gettaskstate.c **** 
 162:Generated_Source\PSoC5/ErikaOS_ee_gettaskstate.c ****   return ev;
 163:Generated_Source\PSoC5/ErikaOS_ee_gettaskstate.c **** }
  55              		.loc 1 163 0
  56 0014 7047     		bx	lr
  57              	.L6:
  58 0016 00BF     		.align	2
  59              	.L5:
  60 0018 00000000 		.word	EE_th_status
  61              		.cfi_endproc
  62              	.LFE59:
  63              		.size	EE_oo_GetTaskState, .-EE_oo_GetTaskState
ARM GAS  C:\Users\rbhar\AppData\Local\Temp\ccUTJhTh.s 			page 5


  64              		.text
  65              	.Letext0:
  66              		.file 2 "Generated_Source\\PSoC5\\ErikaOS_common_ee_types.inc"
  67              		.file 3 "Generated_Source\\PSoC5\\ErikaOS_cortex_mx_ee_cpu.inc"
  68              		.file 4 "Generated_Source\\PSoC5\\ErikaOS_ee_oo_common.inc"
  69              		.file 5 "Generated_Source\\PSoC5\\ErikaOS_ee_oo_internal.inc"
  70              		.file 6 "Generated_Source\\PSoC5\\ErikaOS_common_ee_primitives.inc"
  71              		.file 7 "Generated_Source\\PSoC5\\ErikaOS_cortex_mx_ee_context.inc"
  72              		.file 8 "Generated_Source\\PSoC5\\ErikaOS_ee_oo_intfunc.inc"
  73              		.section	.debug_info,"",%progbits
  74              	.Ldebug_info0:
  75 0000 D4020000 		.4byte	0x2d4
  76 0004 0400     		.2byte	0x4
  77 0006 00000000 		.4byte	.Ldebug_abbrev0
  78 000a 04       		.byte	0x4
  79 000b 01       		.uleb128 0x1
  80 000c 16030000 		.4byte	.LASF47
  81 0010 0C       		.byte	0xc
  82 0011 E3010000 		.4byte	.LASF48
  83 0015 32000000 		.4byte	.LASF49
  84 0019 00000000 		.4byte	.Ldebug_ranges0+0
  85 001d 00000000 		.4byte	0
  86 0021 00000000 		.4byte	.Ldebug_line0
  87 0025 02       		.uleb128 0x2
  88 0026 01       		.byte	0x1
  89 0027 06       		.byte	0x6
  90 0028 D7010000 		.4byte	.LASF0
  91 002c 02       		.uleb128 0x2
  92 002d 01       		.byte	0x1
  93 002e 08       		.byte	0x8
  94 002f C9010000 		.4byte	.LASF1
  95 0033 02       		.uleb128 0x2
  96 0034 02       		.byte	0x2
  97 0035 05       		.byte	0x5
  98 0036 96000000 		.4byte	.LASF2
  99 003a 02       		.uleb128 0x2
 100 003b 02       		.byte	0x2
 101 003c 07       		.byte	0x7
 102 003d 4F020000 		.4byte	.LASF3
 103 0041 02       		.uleb128 0x2
 104 0042 04       		.byte	0x4
 105 0043 05       		.byte	0x5
 106 0044 81010000 		.4byte	.LASF4
 107 0048 02       		.uleb128 0x2
 108 0049 04       		.byte	0x4
 109 004a 07       		.byte	0x7
 110 004b 85020000 		.4byte	.LASF5
 111 004f 02       		.uleb128 0x2
 112 0050 08       		.byte	0x8
 113 0051 05       		.byte	0x5
 114 0052 25010000 		.4byte	.LASF6
 115 0056 02       		.uleb128 0x2
 116 0057 08       		.byte	0x8
 117 0058 07       		.byte	0x7
 118 0059 33010000 		.4byte	.LASF7
 119 005d 03       		.uleb128 0x3
 120 005e 04       		.byte	0x4
ARM GAS  C:\Users\rbhar\AppData\Local\Temp\ccUTJhTh.s 			page 6


 121 005f 05       		.byte	0x5
 122 0060 696E7400 		.ascii	"int\000"
 123 0064 02       		.uleb128 0x2
 124 0065 04       		.byte	0x4
 125 0066 07       		.byte	0x7
 126 0067 14020000 		.4byte	.LASF8
 127 006b 02       		.uleb128 0x2
 128 006c 08       		.byte	0x8
 129 006d 04       		.byte	0x4
 130 006e B4010000 		.4byte	.LASF9
 131 0072 04       		.uleb128 0x4
 132 0073 00000000 		.4byte	.LASF10
 133 0077 02       		.byte	0x2
 134 0078 3E       		.byte	0x3e
 135 0079 2C000000 		.4byte	0x2c
 136 007d 04       		.uleb128 0x4
 137 007e 79010000 		.4byte	.LASF11
 138 0082 02       		.byte	0x2
 139 0083 3F       		.byte	0x3f
 140 0084 25000000 		.4byte	0x25
 141 0088 04       		.uleb128 0x4
 142 0089 62020000 		.4byte	.LASF12
 143 008d 02       		.byte	0x2
 144 008e 52       		.byte	0x52
 145 008f 3A000000 		.4byte	0x3a
 146 0093 04       		.uleb128 0x4
 147 0094 46020000 		.4byte	.LASF13
 148 0098 02       		.byte	0x2
 149 0099 53       		.byte	0x53
 150 009a 5D000000 		.4byte	0x5d
 151 009e 04       		.uleb128 0x4
 152 009f C6000000 		.4byte	.LASF14
 153 00a3 02       		.byte	0x2
 154 00a4 54       		.byte	0x54
 155 00a5 64000000 		.4byte	0x64
 156 00a9 04       		.uleb128 0x4
 157 00aa 17000000 		.4byte	.LASF15
 158 00ae 03       		.byte	0x3
 159 00af 4D       		.byte	0x4d
 160 00b0 9E000000 		.4byte	0x9e
 161 00b4 04       		.uleb128 0x4
 162 00b5 BE000000 		.4byte	.LASF16
 163 00b9 03       		.byte	0x3
 164 00ba 4F       		.byte	0x4f
 165 00bb 9E000000 		.4byte	0x9e
 166 00bf 04       		.uleb128 0x4
 167 00c0 97020000 		.4byte	.LASF17
 168 00c4 03       		.byte	0x3
 169 00c5 54       		.byte	0x54
 170 00c6 A9000000 		.4byte	0xa9
 171 00ca 04       		.uleb128 0x4
 172 00cb E1000000 		.4byte	.LASF18
 173 00cf 03       		.byte	0x3
 174 00d0 78       		.byte	0x78
 175 00d1 93000000 		.4byte	0x93
 176 00d5 05       		.uleb128 0x5
 177 00d6 63010000 		.4byte	.LASF19
ARM GAS  C:\Users\rbhar\AppData\Local\Temp\ccUTJhTh.s 			page 7


 178 00da 04       		.byte	0x4
 179 00db 0801     		.2byte	0x108
 180 00dd 88000000 		.4byte	0x88
 181 00e1 05       		.uleb128 0x5
 182 00e2 C0010000 		.4byte	.LASF20
 183 00e6 04       		.byte	0x4
 184 00e7 EE01     		.2byte	0x1ee
 185 00e9 CA000000 		.4byte	0xca
 186 00ed 05       		.uleb128 0x5
 187 00ee C3020000 		.4byte	.LASF21
 188 00f2 04       		.byte	0x4
 189 00f3 F701     		.2byte	0x1f7
 190 00f5 F9000000 		.4byte	0xf9
 191 00f9 06       		.uleb128 0x6
 192 00fa 04       		.byte	0x4
 193 00fb A9000000 		.4byte	0xa9
 194 00ff 05       		.uleb128 0x5
 195 0100 A0000000 		.4byte	.LASF22
 196 0104 04       		.byte	0x4
 197 0105 1803     		.2byte	0x318
 198 0107 2C000000 		.4byte	0x2c
 199 010b 07       		.uleb128 0x7
 200 010c 8A010000 		.4byte	.LASF23
 201 0110 04       		.byte	0x4
 202 0111 8E03     		.2byte	0x38e
 203 0113 03       		.byte	0x3
 204 0114 25010000 		.4byte	0x125
 205 0118 08       		.uleb128 0x8
 206 0119 73727600 		.ascii	"srv\000"
 207 011d 04       		.byte	0x4
 208 011e 8E03     		.2byte	0x38e
 209 0120 72000000 		.4byte	0x72
 210 0124 00       		.byte	0
 211 0125 07       		.uleb128 0x7
 212 0126 0E010000 		.4byte	.LASF24
 213 012a 04       		.byte	0x4
 214 012b 9A03     		.2byte	0x39a
 215 012d 03       		.byte	0x3
 216 012e 3E010000 		.4byte	0x13e
 217 0132 08       		.uleb128 0x8
 218 0133 696400   		.ascii	"id\000"
 219 0136 04       		.byte	0x4
 220 0137 9A03     		.2byte	0x39a
 221 0139 72000000 		.4byte	0x72
 222 013d 00       		.byte	0
 223 013e 07       		.uleb128 0x7
 224 013f BC030000 		.4byte	.LASF25
 225 0143 04       		.byte	0x4
 226 0144 9F03     		.2byte	0x39f
 227 0146 03       		.byte	0x3
 228 0147 57010000 		.4byte	0x157
 229 014b 08       		.uleb128 0x8
 230 014c 696400   		.ascii	"id\000"
 231 014f 04       		.byte	0x4
 232 0150 9F03     		.2byte	0x39f
 233 0152 72000000 		.4byte	0x72
 234 0156 00       		.byte	0
ARM GAS  C:\Users\rbhar\AppData\Local\Temp\ccUTJhTh.s 			page 8


 235 0157 09       		.uleb128 0x9
 236 0158 A3020000 		.4byte	.LASF26
 237 015c 05       		.byte	0x5
 238 015d B5       		.byte	0xb5
 239 015e 03       		.byte	0x3
 240 015f 6F010000 		.4byte	0x16f
 241 0163 0A       		.uleb128 0xa
 242 0164 6C020000 		.4byte	.LASF27
 243 0168 05       		.byte	0x5
 244 0169 B6       		.byte	0xb6
 245 016a FF000000 		.4byte	0xff
 246 016e 00       		.byte	0
 247 016f 0B       		.uleb128 0xb
 248 0170 AB000000 		.4byte	.LASF50
 249 0174 01       		.byte	0x1
 250 0175 3D       		.byte	0x3d
 251 0176 FF000000 		.4byte	0xff
 252 017a 00000000 		.4byte	.LFB59
 253 017e 1C000000 		.4byte	.LFE59-.LFB59
 254 0182 01       		.uleb128 0x1
 255 0183 9C       		.byte	0x9c
 256 0184 B3010000 		.4byte	0x1b3
 257 0188 0C       		.uleb128 0xc
 258 0189 9E010000 		.4byte	.LASF28
 259 018d 01       		.byte	0x1
 260 018e 3D       		.byte	0x3d
 261 018f E1000000 		.4byte	0xe1
 262 0193 00000000 		.4byte	.LLST0
 263 0197 0D       		.uleb128 0xd
 264 0198 73010000 		.4byte	.LASF29
 265 019c 01       		.byte	0x1
 266 019d 3D       		.byte	0x3d
 267 019e ED000000 		.4byte	0xed
 268 01a2 01       		.uleb128 0x1
 269 01a3 51       		.byte	0x51
 270 01a4 0E       		.uleb128 0xe
 271 01a5 657600   		.ascii	"ev\000"
 272 01a8 01       		.byte	0x1
 273 01a9 3F       		.byte	0x3f
 274 01aa FF000000 		.4byte	0xff
 275 01ae 3A000000 		.4byte	.LLST1
 276 01b2 00       		.byte	0
 277 01b3 0F       		.uleb128 0xf
 278 01b4 F9000000 		.4byte	.LASF30
 279 01b8 06       		.byte	0x6
 280 01b9 44       		.byte	0x44
 281 01ba A9000000 		.4byte	0xa9
 282 01be 0F       		.uleb128 0xf
 283 01bf 2D020000 		.4byte	.LASF31
 284 01c3 07       		.byte	0x7
 285 01c4 48       		.byte	0x48
 286 01c5 CA000000 		.4byte	0xca
 287 01c9 10       		.uleb128 0x10
 288 01ca E0010000 		.4byte	0x1e0
 289 01ce D9010000 		.4byte	0x1d9
 290 01d2 11       		.uleb128 0x11
 291 01d3 D9010000 		.4byte	0x1d9
ARM GAS  C:\Users\rbhar\AppData\Local\Temp\ccUTJhTh.s 			page 9


 292 01d7 00       		.byte	0
 293 01d8 00       		.byte	0
 294 01d9 02       		.uleb128 0x2
 295 01da 04       		.byte	0x4
 296 01db 07       		.byte	0x7
 297 01dc D4020000 		.4byte	.LASF32
 298 01e0 12       		.uleb128 0x12
 299 01e1 A9000000 		.4byte	0xa9
 300 01e5 0F       		.uleb128 0xf
 301 01e6 D0000000 		.4byte	.LASF33
 302 01ea 04       		.byte	0x4
 303 01eb B2       		.byte	0xb2
 304 01ec F0010000 		.4byte	0x1f0
 305 01f0 12       		.uleb128 0x12
 306 01f1 C9010000 		.4byte	0x1c9
 307 01f5 0F       		.uleb128 0xf
 308 01f6 F7020000 		.4byte	.LASF34
 309 01fa 04       		.byte	0x4
 310 01fb B3       		.byte	0xb3
 311 01fc 00020000 		.4byte	0x200
 312 0200 12       		.uleb128 0x12
 313 0201 C9010000 		.4byte	0x1c9
 314 0205 10       		.uleb128 0x10
 315 0206 A9000000 		.4byte	0xa9
 316 020a 15020000 		.4byte	0x215
 317 020e 11       		.uleb128 0x11
 318 020f D9010000 		.4byte	0x1d9
 319 0213 00       		.byte	0
 320 0214 00       		.byte	0
 321 0215 0F       		.uleb128 0xf
 322 0216 EA020000 		.4byte	.LASF35
 323 021a 04       		.byte	0x4
 324 021b C1       		.byte	0xc1
 325 021c 05020000 		.4byte	0x205
 326 0220 10       		.uleb128 0x10
 327 0221 CA000000 		.4byte	0xca
 328 0225 30020000 		.4byte	0x230
 329 0229 11       		.uleb128 0x11
 330 022a D9010000 		.4byte	0x1d9
 331 022e 00       		.byte	0
 332 022f 00       		.byte	0
 333 0230 0F       		.uleb128 0xf
 334 0231 0B030000 		.4byte	.LASF36
 335 0235 04       		.byte	0x4
 336 0236 C9       		.byte	0xc9
 337 0237 20020000 		.4byte	0x220
 338 023b 0F       		.uleb128 0xf
 339 023c 21020000 		.4byte	.LASF37
 340 0240 04       		.byte	0x4
 341 0241 D1       		.byte	0xd1
 342 0242 05020000 		.4byte	0x205
 343 0246 0F       		.uleb128 0xf
 344 0247 8A000000 		.4byte	.LASF38
 345 024b 04       		.byte	0x4
 346 024c D9       		.byte	0xd9
 347 024d CA000000 		.4byte	0xca
 348 0251 0F       		.uleb128 0xf
ARM GAS  C:\Users\rbhar\AppData\Local\Temp\ccUTJhTh.s 			page 10


 349 0252 A5010000 		.4byte	.LASF39
 350 0256 04       		.byte	0x4
 351 0257 EE       		.byte	0xee
 352 0258 A9000000 		.4byte	0xa9
 353 025c 13       		.uleb128 0x13
 354 025d 09000000 		.4byte	.LASF40
 355 0261 04       		.byte	0x4
 356 0262 3601     		.2byte	0x136
 357 0264 D5000000 		.4byte	0xd5
 358 0268 13       		.uleb128 0x13
 359 0269 1F000000 		.4byte	.LASF41
 360 026d 04       		.byte	0x4
 361 026e 5301     		.2byte	0x153
 362 0270 05020000 		.4byte	0x205
 363 0274 10       		.uleb128 0x10
 364 0275 BF000000 		.4byte	0xbf
 365 0279 84020000 		.4byte	0x284
 366 027d 11       		.uleb128 0x11
 367 027e D9010000 		.4byte	0x1d9
 368 0282 00       		.byte	0
 369 0283 00       		.byte	0
 370 0284 13       		.uleb128 0x13
 371 0285 E8000000 		.4byte	.LASF42
 372 0289 04       		.byte	0x4
 373 028a 5E01     		.2byte	0x15e
 374 028c 74020000 		.4byte	0x274
 375 0290 0F       		.uleb128 0xf
 376 0291 A4030000 		.4byte	.LASF43
 377 0295 08       		.byte	0x8
 378 0296 40       		.byte	0x40
 379 0297 A9000000 		.4byte	0xa9
 380 029b 0F       		.uleb128 0xf
 381 029c 4A010000 		.4byte	.LASF44
 382 02a0 08       		.byte	0x8
 383 02a1 47       		.byte	0x47
 384 02a2 B4000000 		.4byte	0xb4
 385 02a6 0F       		.uleb128 0xf
 386 02a7 72020000 		.4byte	.LASF45
 387 02ab 08       		.byte	0x8
 388 02ac 4A       		.byte	0x4a
 389 02ad A9000000 		.4byte	0xa9
 390 02b1 10       		.uleb128 0x10
 391 02b2 C1020000 		.4byte	0x2c1
 392 02b6 C1020000 		.4byte	0x2c1
 393 02ba 11       		.uleb128 0x11
 394 02bb D9010000 		.4byte	0x1d9
 395 02bf FF       		.byte	0xff
 396 02c0 00       		.byte	0
 397 02c1 12       		.uleb128 0x12
 398 02c2 7D000000 		.4byte	0x7d
 399 02c6 13       		.uleb128 0x13
 400 02c7 DD020000 		.4byte	.LASF46
 401 02cb 05       		.byte	0x5
 402 02cc AB01     		.2byte	0x1ab
 403 02ce D2020000 		.4byte	0x2d2
 404 02d2 12       		.uleb128 0x12
 405 02d3 B1020000 		.4byte	0x2b1
ARM GAS  C:\Users\rbhar\AppData\Local\Temp\ccUTJhTh.s 			page 11


 406 02d7 00       		.byte	0
 407              		.section	.debug_abbrev,"",%progbits
 408              	.Ldebug_abbrev0:
 409 0000 01       		.uleb128 0x1
 410 0001 11       		.uleb128 0x11
 411 0002 01       		.byte	0x1
 412 0003 25       		.uleb128 0x25
 413 0004 0E       		.uleb128 0xe
 414 0005 13       		.uleb128 0x13
 415 0006 0B       		.uleb128 0xb
 416 0007 03       		.uleb128 0x3
 417 0008 0E       		.uleb128 0xe
 418 0009 1B       		.uleb128 0x1b
 419 000a 0E       		.uleb128 0xe
 420 000b 55       		.uleb128 0x55
 421 000c 17       		.uleb128 0x17
 422 000d 11       		.uleb128 0x11
 423 000e 01       		.uleb128 0x1
 424 000f 10       		.uleb128 0x10
 425 0010 17       		.uleb128 0x17
 426 0011 00       		.byte	0
 427 0012 00       		.byte	0
 428 0013 02       		.uleb128 0x2
 429 0014 24       		.uleb128 0x24
 430 0015 00       		.byte	0
 431 0016 0B       		.uleb128 0xb
 432 0017 0B       		.uleb128 0xb
 433 0018 3E       		.uleb128 0x3e
 434 0019 0B       		.uleb128 0xb
 435 001a 03       		.uleb128 0x3
 436 001b 0E       		.uleb128 0xe
 437 001c 00       		.byte	0
 438 001d 00       		.byte	0
 439 001e 03       		.uleb128 0x3
 440 001f 24       		.uleb128 0x24
 441 0020 00       		.byte	0
 442 0021 0B       		.uleb128 0xb
 443 0022 0B       		.uleb128 0xb
 444 0023 3E       		.uleb128 0x3e
 445 0024 0B       		.uleb128 0xb
 446 0025 03       		.uleb128 0x3
 447 0026 08       		.uleb128 0x8
 448 0027 00       		.byte	0
 449 0028 00       		.byte	0
 450 0029 04       		.uleb128 0x4
 451 002a 16       		.uleb128 0x16
 452 002b 00       		.byte	0
 453 002c 03       		.uleb128 0x3
 454 002d 0E       		.uleb128 0xe
 455 002e 3A       		.uleb128 0x3a
 456 002f 0B       		.uleb128 0xb
 457 0030 3B       		.uleb128 0x3b
 458 0031 0B       		.uleb128 0xb
 459 0032 49       		.uleb128 0x49
 460 0033 13       		.uleb128 0x13
 461 0034 00       		.byte	0
 462 0035 00       		.byte	0
ARM GAS  C:\Users\rbhar\AppData\Local\Temp\ccUTJhTh.s 			page 12


 463 0036 05       		.uleb128 0x5
 464 0037 16       		.uleb128 0x16
 465 0038 00       		.byte	0
 466 0039 03       		.uleb128 0x3
 467 003a 0E       		.uleb128 0xe
 468 003b 3A       		.uleb128 0x3a
 469 003c 0B       		.uleb128 0xb
 470 003d 3B       		.uleb128 0x3b
 471 003e 05       		.uleb128 0x5
 472 003f 49       		.uleb128 0x49
 473 0040 13       		.uleb128 0x13
 474 0041 00       		.byte	0
 475 0042 00       		.byte	0
 476 0043 06       		.uleb128 0x6
 477 0044 0F       		.uleb128 0xf
 478 0045 00       		.byte	0
 479 0046 0B       		.uleb128 0xb
 480 0047 0B       		.uleb128 0xb
 481 0048 49       		.uleb128 0x49
 482 0049 13       		.uleb128 0x13
 483 004a 00       		.byte	0
 484 004b 00       		.byte	0
 485 004c 07       		.uleb128 0x7
 486 004d 2E       		.uleb128 0x2e
 487 004e 01       		.byte	0x1
 488 004f 03       		.uleb128 0x3
 489 0050 0E       		.uleb128 0xe
 490 0051 3A       		.uleb128 0x3a
 491 0052 0B       		.uleb128 0xb
 492 0053 3B       		.uleb128 0x3b
 493 0054 05       		.uleb128 0x5
 494 0055 27       		.uleb128 0x27
 495 0056 19       		.uleb128 0x19
 496 0057 20       		.uleb128 0x20
 497 0058 0B       		.uleb128 0xb
 498 0059 01       		.uleb128 0x1
 499 005a 13       		.uleb128 0x13
 500 005b 00       		.byte	0
 501 005c 00       		.byte	0
 502 005d 08       		.uleb128 0x8
 503 005e 05       		.uleb128 0x5
 504 005f 00       		.byte	0
 505 0060 03       		.uleb128 0x3
 506 0061 08       		.uleb128 0x8
 507 0062 3A       		.uleb128 0x3a
 508 0063 0B       		.uleb128 0xb
 509 0064 3B       		.uleb128 0x3b
 510 0065 05       		.uleb128 0x5
 511 0066 49       		.uleb128 0x49
 512 0067 13       		.uleb128 0x13
 513 0068 00       		.byte	0
 514 0069 00       		.byte	0
 515 006a 09       		.uleb128 0x9
 516 006b 2E       		.uleb128 0x2e
 517 006c 01       		.byte	0x1
 518 006d 03       		.uleb128 0x3
 519 006e 0E       		.uleb128 0xe
ARM GAS  C:\Users\rbhar\AppData\Local\Temp\ccUTJhTh.s 			page 13


 520 006f 3A       		.uleb128 0x3a
 521 0070 0B       		.uleb128 0xb
 522 0071 3B       		.uleb128 0x3b
 523 0072 0B       		.uleb128 0xb
 524 0073 27       		.uleb128 0x27
 525 0074 19       		.uleb128 0x19
 526 0075 20       		.uleb128 0x20
 527 0076 0B       		.uleb128 0xb
 528 0077 01       		.uleb128 0x1
 529 0078 13       		.uleb128 0x13
 530 0079 00       		.byte	0
 531 007a 00       		.byte	0
 532 007b 0A       		.uleb128 0xa
 533 007c 05       		.uleb128 0x5
 534 007d 00       		.byte	0
 535 007e 03       		.uleb128 0x3
 536 007f 0E       		.uleb128 0xe
 537 0080 3A       		.uleb128 0x3a
 538 0081 0B       		.uleb128 0xb
 539 0082 3B       		.uleb128 0x3b
 540 0083 0B       		.uleb128 0xb
 541 0084 49       		.uleb128 0x49
 542 0085 13       		.uleb128 0x13
 543 0086 00       		.byte	0
 544 0087 00       		.byte	0
 545 0088 0B       		.uleb128 0xb
 546 0089 2E       		.uleb128 0x2e
 547 008a 01       		.byte	0x1
 548 008b 3F       		.uleb128 0x3f
 549 008c 19       		.uleb128 0x19
 550 008d 03       		.uleb128 0x3
 551 008e 0E       		.uleb128 0xe
 552 008f 3A       		.uleb128 0x3a
 553 0090 0B       		.uleb128 0xb
 554 0091 3B       		.uleb128 0x3b
 555 0092 0B       		.uleb128 0xb
 556 0093 27       		.uleb128 0x27
 557 0094 19       		.uleb128 0x19
 558 0095 49       		.uleb128 0x49
 559 0096 13       		.uleb128 0x13
 560 0097 11       		.uleb128 0x11
 561 0098 01       		.uleb128 0x1
 562 0099 12       		.uleb128 0x12
 563 009a 06       		.uleb128 0x6
 564 009b 40       		.uleb128 0x40
 565 009c 18       		.uleb128 0x18
 566 009d 9742     		.uleb128 0x2117
 567 009f 19       		.uleb128 0x19
 568 00a0 01       		.uleb128 0x1
 569 00a1 13       		.uleb128 0x13
 570 00a2 00       		.byte	0
 571 00a3 00       		.byte	0
 572 00a4 0C       		.uleb128 0xc
 573 00a5 05       		.uleb128 0x5
 574 00a6 00       		.byte	0
 575 00a7 03       		.uleb128 0x3
 576 00a8 0E       		.uleb128 0xe
ARM GAS  C:\Users\rbhar\AppData\Local\Temp\ccUTJhTh.s 			page 14


 577 00a9 3A       		.uleb128 0x3a
 578 00aa 0B       		.uleb128 0xb
 579 00ab 3B       		.uleb128 0x3b
 580 00ac 0B       		.uleb128 0xb
 581 00ad 49       		.uleb128 0x49
 582 00ae 13       		.uleb128 0x13
 583 00af 02       		.uleb128 0x2
 584 00b0 17       		.uleb128 0x17
 585 00b1 00       		.byte	0
 586 00b2 00       		.byte	0
 587 00b3 0D       		.uleb128 0xd
 588 00b4 05       		.uleb128 0x5
 589 00b5 00       		.byte	0
 590 00b6 03       		.uleb128 0x3
 591 00b7 0E       		.uleb128 0xe
 592 00b8 3A       		.uleb128 0x3a
 593 00b9 0B       		.uleb128 0xb
 594 00ba 3B       		.uleb128 0x3b
 595 00bb 0B       		.uleb128 0xb
 596 00bc 49       		.uleb128 0x49
 597 00bd 13       		.uleb128 0x13
 598 00be 02       		.uleb128 0x2
 599 00bf 18       		.uleb128 0x18
 600 00c0 00       		.byte	0
 601 00c1 00       		.byte	0
 602 00c2 0E       		.uleb128 0xe
 603 00c3 34       		.uleb128 0x34
 604 00c4 00       		.byte	0
 605 00c5 03       		.uleb128 0x3
 606 00c6 08       		.uleb128 0x8
 607 00c7 3A       		.uleb128 0x3a
 608 00c8 0B       		.uleb128 0xb
 609 00c9 3B       		.uleb128 0x3b
 610 00ca 0B       		.uleb128 0xb
 611 00cb 49       		.uleb128 0x49
 612 00cc 13       		.uleb128 0x13
 613 00cd 02       		.uleb128 0x2
 614 00ce 17       		.uleb128 0x17
 615 00cf 00       		.byte	0
 616 00d0 00       		.byte	0
 617 00d1 0F       		.uleb128 0xf
 618 00d2 34       		.uleb128 0x34
 619 00d3 00       		.byte	0
 620 00d4 03       		.uleb128 0x3
 621 00d5 0E       		.uleb128 0xe
 622 00d6 3A       		.uleb128 0x3a
 623 00d7 0B       		.uleb128 0xb
 624 00d8 3B       		.uleb128 0x3b
 625 00d9 0B       		.uleb128 0xb
 626 00da 49       		.uleb128 0x49
 627 00db 13       		.uleb128 0x13
 628 00dc 3F       		.uleb128 0x3f
 629 00dd 19       		.uleb128 0x19
 630 00de 3C       		.uleb128 0x3c
 631 00df 19       		.uleb128 0x19
 632 00e0 00       		.byte	0
 633 00e1 00       		.byte	0
ARM GAS  C:\Users\rbhar\AppData\Local\Temp\ccUTJhTh.s 			page 15


 634 00e2 10       		.uleb128 0x10
 635 00e3 01       		.uleb128 0x1
 636 00e4 01       		.byte	0x1
 637 00e5 49       		.uleb128 0x49
 638 00e6 13       		.uleb128 0x13
 639 00e7 01       		.uleb128 0x1
 640 00e8 13       		.uleb128 0x13
 641 00e9 00       		.byte	0
 642 00ea 00       		.byte	0
 643 00eb 11       		.uleb128 0x11
 644 00ec 21       		.uleb128 0x21
 645 00ed 00       		.byte	0
 646 00ee 49       		.uleb128 0x49
 647 00ef 13       		.uleb128 0x13
 648 00f0 2F       		.uleb128 0x2f
 649 00f1 0B       		.uleb128 0xb
 650 00f2 00       		.byte	0
 651 00f3 00       		.byte	0
 652 00f4 12       		.uleb128 0x12
 653 00f5 26       		.uleb128 0x26
 654 00f6 00       		.byte	0
 655 00f7 49       		.uleb128 0x49
 656 00f8 13       		.uleb128 0x13
 657 00f9 00       		.byte	0
 658 00fa 00       		.byte	0
 659 00fb 13       		.uleb128 0x13
 660 00fc 34       		.uleb128 0x34
 661 00fd 00       		.byte	0
 662 00fe 03       		.uleb128 0x3
 663 00ff 0E       		.uleb128 0xe
 664 0100 3A       		.uleb128 0x3a
 665 0101 0B       		.uleb128 0xb
 666 0102 3B       		.uleb128 0x3b
 667 0103 05       		.uleb128 0x5
 668 0104 49       		.uleb128 0x49
 669 0105 13       		.uleb128 0x13
 670 0106 3F       		.uleb128 0x3f
 671 0107 19       		.uleb128 0x19
 672 0108 3C       		.uleb128 0x3c
 673 0109 19       		.uleb128 0x19
 674 010a 00       		.byte	0
 675 010b 00       		.byte	0
 676 010c 00       		.byte	0
 677              		.section	.debug_loc,"",%progbits
 678              	.Ldebug_loc0:
 679              	.LLST0:
 680 0000 00000000 		.4byte	.LVL0
 681 0004 10000000 		.4byte	.LVL3
 682 0008 0100     		.2byte	0x1
 683 000a 50       		.byte	0x50
 684 000b 10000000 		.4byte	.LVL3
 685 000f 12000000 		.4byte	.LVL4
 686 0013 0400     		.2byte	0x4
 687 0015 F3       		.byte	0xf3
 688 0016 01       		.uleb128 0x1
 689 0017 50       		.byte	0x50
 690 0018 9F       		.byte	0x9f
ARM GAS  C:\Users\rbhar\AppData\Local\Temp\ccUTJhTh.s 			page 16


 691 0019 12000000 		.4byte	.LVL4
 692 001d 14000000 		.4byte	.LVL5
 693 0021 0100     		.2byte	0x1
 694 0023 50       		.byte	0x50
 695 0024 14000000 		.4byte	.LVL5
 696 0028 1C000000 		.4byte	.LFE59
 697 002c 0400     		.2byte	0x4
 698 002e F3       		.byte	0xf3
 699 002f 01       		.uleb128 0x1
 700 0030 50       		.byte	0x50
 701 0031 9F       		.byte	0x9f
 702 0032 00000000 		.4byte	0
 703 0036 00000000 		.4byte	0
 704              	.LLST1:
 705 003a 0C000000 		.4byte	.LVL1
 706 003e 0E000000 		.4byte	.LVL2
 707 0042 0200     		.2byte	0x2
 708 0044 30       		.byte	0x30
 709 0045 9F       		.byte	0x9f
 710 0046 14000000 		.4byte	.LVL5
 711 004a 1C000000 		.4byte	.LFE59
 712 004e 0100     		.2byte	0x1
 713 0050 50       		.byte	0x50
 714 0051 00000000 		.4byte	0
 715 0055 00000000 		.4byte	0
 716              		.section	.debug_aranges,"",%progbits
 717 0000 1C000000 		.4byte	0x1c
 718 0004 0200     		.2byte	0x2
 719 0006 00000000 		.4byte	.Ldebug_info0
 720 000a 04       		.byte	0x4
 721 000b 00       		.byte	0
 722 000c 0000     		.2byte	0
 723 000e 0000     		.2byte	0
 724 0010 00000000 		.4byte	.LFB59
 725 0014 1C000000 		.4byte	.LFE59-.LFB59
 726 0018 00000000 		.4byte	0
 727 001c 00000000 		.4byte	0
 728              		.section	.debug_ranges,"",%progbits
 729              	.Ldebug_ranges0:
 730 0000 00000000 		.4byte	.LFB59
 731 0004 1C000000 		.4byte	.LFE59
 732 0008 00000000 		.4byte	0
 733 000c 00000000 		.4byte	0
 734              		.section	.debug_line,"",%progbits
 735              	.Ldebug_line0:
 736 0000 4A010000 		.section	.debug_str,"MS",%progbits,1
 736      02002501 
 736      00000201 
 736      FB0E0D00 
 736      01010101 
 737              	.LASF10:
 738 0000 45455F55 		.ascii	"EE_UINT8\000"
 738      494E5438 
 738      00
 739              	.LASF40:
 740 0009 45455F72 		.ascii	"EE_rq_bitmask\000"
 740      715F6269 
ARM GAS  C:\Users\rbhar\AppData\Local\Temp\ccUTJhTh.s 			page 17


 740      746D6173 
 740      6B00
 741              	.LASF15:
 742 0017 45455F55 		.ascii	"EE_UREG\000"
 742      52454700 
 743              	.LASF41:
 744 001f 45455F74 		.ascii	"EE_th_event_active\000"
 744      685F6576 
 744      656E745F 
 744      61637469 
 744      766500
 745              	.LASF49:
 746 0032 443A5C48 		.ascii	"D:\\HDA\\1_sem\\Embedded System Design\\Lab\\Assign"
 746      44415C31 
 746      5F73656D 
 746      5C456D62 
 746      65646465 
 747 0060 6D656E74 		.ascii	"ment_1\\ReactionGame_OS\\ReactionGame.cydsn\000"
 747      5F315C52 
 747      65616374 
 747      696F6E47 
 747      616D655F 
 748              	.LASF38:
 749 008a 45455F73 		.ascii	"EE_stkfirst\000"
 749      746B6669 
 749      72737400 
 750              	.LASF2:
 751 0096 73686F72 		.ascii	"short int\000"
 751      7420696E 
 751      7400
 752              	.LASF22:
 753 00a0 53746174 		.ascii	"StatusType\000"
 753      75735479 
 753      706500
 754              	.LASF50:
 755 00ab 45455F6F 		.ascii	"EE_oo_GetTaskState\000"
 755      6F5F4765 
 755      74546173 
 755      6B537461 
 755      746500
 756              	.LASF16:
 757 00be 45455F46 		.ascii	"EE_FREG\000"
 757      52454700 
 758              	.LASF14:
 759 00c6 45455F55 		.ascii	"EE_UINT32\000"
 759      494E5433 
 759      3200
 760              	.LASF33:
 761 00d0 45455F74 		.ascii	"EE_th_ready_prio\000"
 761      685F7265 
 761      6164795F 
 761      7072696F 
 761      00
 762              	.LASF18:
 763 00e1 45455F54 		.ascii	"EE_TID\000"
 763      494400
 764              	.LASF42:
ARM GAS  C:\Users\rbhar\AppData\Local\Temp\ccUTJhTh.s 			page 18


 765 00e8 45455F74 		.ascii	"EE_th_waswaiting\000"
 765      685F7761 
 765      73776169 
 765      74696E67 
 765      00
 766              	.LASF30:
 767 00f9 45455F49 		.ascii	"EE_IRQ_nesting_level\000"
 767      52515F6E 
 767      65737469 
 767      6E675F6C 
 767      6576656C 
 768              	.LASF24:
 769 010e 45455F4F 		.ascii	"EE_ORTI_set_service_in\000"
 769      5254495F 
 769      7365745F 
 769      73657276 
 769      6963655F 
 770              	.LASF6:
 771 0125 6C6F6E67 		.ascii	"long long int\000"
 771      206C6F6E 
 771      6720696E 
 771      7400
 772              	.LASF7:
 773 0133 6C6F6E67 		.ascii	"long long unsigned int\000"
 773      206C6F6E 
 773      6720756E 
 773      7369676E 
 773      65642069 
 774              	.LASF44:
 775 014a 45455F6F 		.ascii	"EE_oo_IRQ_suspend_status\000"
 775      6F5F4952 
 775      515F7375 
 775      7370656E 
 775      645F7374 
 776              	.LASF19:
 777 0163 45455F54 		.ascii	"EE_TYPE_RQ_MASK\000"
 777      5950455F 
 777      52515F4D 
 777      41534B00 
 778              	.LASF29:
 779 0173 53746174 		.ascii	"State\000"
 779      6500
 780              	.LASF11:
 781 0179 45455F49 		.ascii	"EE_INT8\000"
 781      4E543800 
 782              	.LASF4:
 783 0181 6C6F6E67 		.ascii	"long int\000"
 783      20696E74 
 783      00
 784              	.LASF23:
 785 018a 45455F4F 		.ascii	"EE_ORTI_set_service\000"
 785      5254495F 
 785      7365745F 
 785      73657276 
 785      69636500 
 786              	.LASF28:
 787 019e 5461736B 		.ascii	"TaskID\000"
ARM GAS  C:\Users\rbhar\AppData\Local\Temp\ccUTJhTh.s 			page 19


 787      494400
 788              	.LASF39:
 789 01a5 45455F73 		.ascii	"EE_sys_ceiling\000"
 789      79735F63 
 789      65696C69 
 789      6E6700
 790              	.LASF9:
 791 01b4 6C6F6E67 		.ascii	"long double\000"
 791      20646F75 
 791      626C6500 
 792              	.LASF20:
 793 01c0 5461736B 		.ascii	"TaskType\000"
 793      54797065 
 793      00
 794              	.LASF1:
 795 01c9 756E7369 		.ascii	"unsigned char\000"
 795      676E6564 
 795      20636861 
 795      7200
 796              	.LASF0:
 797 01d7 7369676E 		.ascii	"signed char\000"
 797      65642063 
 797      68617200 
 798              	.LASF48:
 799 01e3 47656E65 		.ascii	"Generated_Source\\PSoC5\\ErikaOS_ee_gettaskstate.c\000"
 799      72617465 
 799      645F536F 
 799      75726365 
 799      5C50536F 
 800              	.LASF8:
 801 0214 756E7369 		.ascii	"unsigned int\000"
 801      676E6564 
 801      20696E74 
 801      00
 802              	.LASF37:
 803 0221 45455F74 		.ascii	"EE_th_rnact\000"
 803      685F726E 
 803      61637400 
 804              	.LASF31:
 805 022d 45455F73 		.ascii	"EE_std_endcycle_next_tid\000"
 805      74645F65 
 805      6E646379 
 805      636C655F 
 805      6E657874 
 806              	.LASF13:
 807 0246 45455F49 		.ascii	"EE_INT32\000"
 807      4E543332 
 807      00
 808              	.LASF3:
 809 024f 73686F72 		.ascii	"short unsigned int\000"
 809      7420756E 
 809      7369676E 
 809      65642069 
 809      6E7400
 810              	.LASF12:
 811 0262 45455F55 		.ascii	"EE_UINT16\000"
 811      494E5431 
ARM GAS  C:\Users\rbhar\AppData\Local\Temp\ccUTJhTh.s 			page 20


 811      3600
 812              	.LASF27:
 813 026c 4572726F 		.ascii	"Error\000"
 813      7200
 814              	.LASF45:
 815 0272 45455F41 		.ascii	"EE_ApplicationMode\000"
 815      70706C69 
 815      63617469 
 815      6F6E4D6F 
 815      646500
 816              	.LASF5:
 817 0285 6C6F6E67 		.ascii	"long unsigned int\000"
 817      20756E73 
 817      69676E65 
 817      6420696E 
 817      7400
 818              	.LASF17:
 819 0297 45455F54 		.ascii	"EE_TYPEBOOL\000"
 819      59504542 
 819      4F4F4C00 
 820              	.LASF26:
 821 02a3 45455F6F 		.ascii	"EE_os_notify_error_from_us_impl\000"
 821      735F6E6F 
 821      74696679 
 821      5F657272 
 821      6F725F66 
 822              	.LASF21:
 823 02c3 5461736B 		.ascii	"TaskStateRefType\000"
 823      53746174 
 823      65526566 
 823      54797065 
 823      00
 824              	.LASF32:
 825 02d4 73697A65 		.ascii	"sizetype\000"
 825      74797065 
 825      00
 826              	.LASF46:
 827 02dd 45455F72 		.ascii	"EE_rq_lookup\000"
 827      715F6C6F 
 827      6F6B7570 
 827      00
 828              	.LASF35:
 829 02ea 45455F74 		.ascii	"EE_th_status\000"
 829      685F7374 
 829      61747573 
 829      00
 830              	.LASF34:
 831 02f7 45455F74 		.ascii	"EE_th_dispatch_prio\000"
 831      685F6469 
 831      73706174 
 831      63685F70 
 831      72696F00 
 832              	.LASF36:
 833 030b 45455F74 		.ascii	"EE_th_next\000"
 833      685F6E65 
 833      787400
 834              	.LASF47:
ARM GAS  C:\Users\rbhar\AppData\Local\Temp\ccUTJhTh.s 			page 21


 835 0316 474E5520 		.ascii	"GNU C11 5.4.1 20160609 (release) [ARM/embedded-5-br"
 835      43313120 
 835      352E342E 
 835      31203230 
 835      31363036 
 836 0349 616E6368 		.ascii	"anch revision 237715] -mcpu=cortex-m3 -mthumb -g -O"
 836      20726576 
 836      6973696F 
 836      6E203233 
 836      37373135 
 837 037c 67202D66 		.ascii	"g -ffunction-sections -ffat-lto-objects\000"
 837      66756E63 
 837      74696F6E 
 837      2D736563 
 837      74696F6E 
 838              	.LASF43:
 839 03a4 45455F6F 		.ascii	"EE_oo_IRQ_disable_count\000"
 839      6F5F4952 
 839      515F6469 
 839      7361626C 
 839      655F636F 
 840              	.LASF25:
 841 03bc 45455F4F 		.ascii	"EE_ORTI_set_service_out\000"
 841      5254495F 
 841      7365745F 
 841      73657276 
 841      6963655F 
 842              		.ident	"GCC: (GNU Tools for ARM Embedded Processors) 5.4.1 20160609 (release) [ARM/embedded-5-bran
