ARM GAS  C:\Users\rbhar\AppData\Local\Temp\cc8jdh5B.s 			page 1


   1              		.syntax unified
   2              		.cpu cortex-m3
   3              		.fpu softvfp
   4              		.eabi_attribute 20, 1
   5              		.eabi_attribute 21, 1
   6              		.eabi_attribute 23, 3
   7              		.eabi_attribute 24, 1
   8              		.eabi_attribute 25, 1
   9              		.eabi_attribute 26, 1
  10              		.eabi_attribute 30, 1
  11              		.eabi_attribute 34, 1
  12              		.eabi_attribute 18, 4
  13              		.thumb
  14              		.syntax unified
  15              		.file	"ErikaOS_cortex_mx_ee_utils.c"
  16              		.text
  17              	.Ltext0:
  18              		.cfi_sections	.debug_frame
  19              		.section	.text.EE_system_init,"ax",%progbits
  20              		.align	2
  21              		.global	EE_system_init
  22              		.thumb
  23              		.thumb_func
  24              		.type	EE_system_init, %function
  25              	EE_system_init:
  26              	.LFB65:
  27              		.file 1 "Generated_Source\\PSoC5\\ErikaOS_cortex_mx_ee_utils.c"
   1:Generated_Source\PSoC5/ErikaOS_cortex_mx_ee_utils.c **** /* ###*B*###
   2:Generated_Source\PSoC5/ErikaOS_cortex_mx_ee_utils.c ****  * ERIKA Enterprise - a tiny RTOS for small microcontrollers
   3:Generated_Source\PSoC5/ErikaOS_cortex_mx_ee_utils.c ****  *
   4:Generated_Source\PSoC5/ErikaOS_cortex_mx_ee_utils.c ****  * Copyright (C) 2002-2011  Evidence Srl
   5:Generated_Source\PSoC5/ErikaOS_cortex_mx_ee_utils.c ****  *
   6:Generated_Source\PSoC5/ErikaOS_cortex_mx_ee_utils.c ****  * This file is part of ERIKA Enterprise.
   7:Generated_Source\PSoC5/ErikaOS_cortex_mx_ee_utils.c ****  *
   8:Generated_Source\PSoC5/ErikaOS_cortex_mx_ee_utils.c ****  * ERIKA Enterprise is free software; you can redistribute it
   9:Generated_Source\PSoC5/ErikaOS_cortex_mx_ee_utils.c ****  * and/or modify it under the terms of the GNU General Public License
  10:Generated_Source\PSoC5/ErikaOS_cortex_mx_ee_utils.c ****  * version 2 as published by the Free Software Foundation, 
  11:Generated_Source\PSoC5/ErikaOS_cortex_mx_ee_utils.c ****  * (with a special exception described below).
  12:Generated_Source\PSoC5/ErikaOS_cortex_mx_ee_utils.c ****  *
  13:Generated_Source\PSoC5/ErikaOS_cortex_mx_ee_utils.c ****  * Linking this code statically or dynamically with other modules is
  14:Generated_Source\PSoC5/ErikaOS_cortex_mx_ee_utils.c ****  * making a combined work based on this code.  Thus, the terms and
  15:Generated_Source\PSoC5/ErikaOS_cortex_mx_ee_utils.c ****  * conditions of the GNU General Public License cover the whole
  16:Generated_Source\PSoC5/ErikaOS_cortex_mx_ee_utils.c ****  * combination.
  17:Generated_Source\PSoC5/ErikaOS_cortex_mx_ee_utils.c ****  *
  18:Generated_Source\PSoC5/ErikaOS_cortex_mx_ee_utils.c ****  * As a special exception, the copyright holders of this library give you
  19:Generated_Source\PSoC5/ErikaOS_cortex_mx_ee_utils.c ****  * permission to link this code with independent modules to produce an
  20:Generated_Source\PSoC5/ErikaOS_cortex_mx_ee_utils.c ****  * executable, regardless of the license terms of these independent
  21:Generated_Source\PSoC5/ErikaOS_cortex_mx_ee_utils.c ****  * modules, and to copy and distribute the resulting executable under
  22:Generated_Source\PSoC5/ErikaOS_cortex_mx_ee_utils.c ****  * terms of your choice, provided that you also meet, for each linked
  23:Generated_Source\PSoC5/ErikaOS_cortex_mx_ee_utils.c ****  * independent module, the terms and conditions of the license of that
  24:Generated_Source\PSoC5/ErikaOS_cortex_mx_ee_utils.c ****  * module.  An independent module is a module which is not derived from
  25:Generated_Source\PSoC5/ErikaOS_cortex_mx_ee_utils.c ****  * or based on this library.  If you modify this code, you may extend
  26:Generated_Source\PSoC5/ErikaOS_cortex_mx_ee_utils.c ****  * this exception to your version of the code, but you are not
  27:Generated_Source\PSoC5/ErikaOS_cortex_mx_ee_utils.c ****  * obligated to do so.  If you do not wish to do so, delete this
  28:Generated_Source\PSoC5/ErikaOS_cortex_mx_ee_utils.c ****  * exception statement from your version.
  29:Generated_Source\PSoC5/ErikaOS_cortex_mx_ee_utils.c ****  *
  30:Generated_Source\PSoC5/ErikaOS_cortex_mx_ee_utils.c ****  * ERIKA Enterprise is distributed in the hope that it will be
ARM GAS  C:\Users\rbhar\AppData\Local\Temp\cc8jdh5B.s 			page 2


  31:Generated_Source\PSoC5/ErikaOS_cortex_mx_ee_utils.c ****  * useful, but WITHOUT ANY WARRANTY; without even the implied warranty
  32:Generated_Source\PSoC5/ErikaOS_cortex_mx_ee_utils.c ****  * of MERCHANTABILITY or FITNESS FOR A PARTICULAR PURPOSE.  See the
  33:Generated_Source\PSoC5/ErikaOS_cortex_mx_ee_utils.c ****  * GNU General Public License version 2 for more details.
  34:Generated_Source\PSoC5/ErikaOS_cortex_mx_ee_utils.c ****  *
  35:Generated_Source\PSoC5/ErikaOS_cortex_mx_ee_utils.c ****  * You should have received a copy of the GNU General Public License
  36:Generated_Source\PSoC5/ErikaOS_cortex_mx_ee_utils.c ****  * version 2 along with ERIKA Enterprise; if not, write to the
  37:Generated_Source\PSoC5/ErikaOS_cortex_mx_ee_utils.c ****  * Free Software Foundation, Inc., 51 Franklin Street, Fifth Floor,
  38:Generated_Source\PSoC5/ErikaOS_cortex_mx_ee_utils.c ****  * Boston, MA 02110-1301 USA.
  39:Generated_Source\PSoC5/ErikaOS_cortex_mx_ee_utils.c ****  * ###*E*### */
  40:Generated_Source\PSoC5/ErikaOS_cortex_mx_ee_utils.c **** 
  41:Generated_Source\PSoC5/ErikaOS_cortex_mx_ee_utils.c **** /** 
  42:Generated_Source\PSoC5/ErikaOS_cortex_mx_ee_utils.c **** 	@file ee_utils.c
  43:Generated_Source\PSoC5/ErikaOS_cortex_mx_ee_utils.c **** 	@brief Functions to initialize the RTOS services
  44:Generated_Source\PSoC5/ErikaOS_cortex_mx_ee_utils.c **** 	@author Gianluca Franchino
  45:Generated_Source\PSoC5/ErikaOS_cortex_mx_ee_utils.c **** 	@author Giuseppe Serano
  46:Generated_Source\PSoC5/ErikaOS_cortex_mx_ee_utils.c **** 	@date 2011
  47:Generated_Source\PSoC5/ErikaOS_cortex_mx_ee_utils.c **** */ 
  48:Generated_Source\PSoC5/ErikaOS_cortex_mx_ee_utils.c ****     
  49:Generated_Source\PSoC5/ErikaOS_cortex_mx_ee_utils.c **** /*
  50:Generated_Source\PSoC5/ErikaOS_cortex_mx_ee_utils.c ****  * PSoC Port and API Generation
  51:Generated_Source\PSoC5/ErikaOS_cortex_mx_ee_utils.c ****  * Carlos Fernando Meier Martinez
  52:Generated_Source\PSoC5/ErikaOS_cortex_mx_ee_utils.c ****  * Hochschule Darmstadt, Germany. 2017.
  53:Generated_Source\PSoC5/ErikaOS_cortex_mx_ee_utils.c ****  */
  54:Generated_Source\PSoC5/ErikaOS_cortex_mx_ee_utils.c **** 
  55:Generated_Source\PSoC5/ErikaOS_cortex_mx_ee_utils.c **** #include "ErikaOS_ee_internal.inc"
  56:Generated_Source\PSoC5/ErikaOS_cortex_mx_ee_utils.c **** #include "ErikaOS_ee_irq.inc"
  57:Generated_Source\PSoC5/ErikaOS_cortex_mx_ee_utils.c **** //~ #include "ErikaOS_cortex_mx_ee_nvic.inc"
  58:Generated_Source\PSoC5/ErikaOS_cortex_mx_ee_utils.c **** #include "cyfitter.h"
  59:Generated_Source\PSoC5/ErikaOS_cortex_mx_ee_utils.c **** #include "cylib.h"
  60:Generated_Source\PSoC5/ErikaOS_cortex_mx_ee_utils.c **** 
  61:Generated_Source\PSoC5/ErikaOS_cortex_mx_ee_utils.c **** #define Number_of_ISRs  0
  62:Generated_Source\PSoC5/ErikaOS_cortex_mx_ee_utils.c **** 
  63:Generated_Source\PSoC5/ErikaOS_cortex_mx_ee_utils.c **** extern void EE_set_switch_context_pri(void);
  64:Generated_Source\PSoC5/ErikaOS_cortex_mx_ee_utils.c **** 
  65:Generated_Source\PSoC5/ErikaOS_cortex_mx_ee_utils.c **** /* Function used to calculate the initialize the system */
  66:Generated_Source\PSoC5/ErikaOS_cortex_mx_ee_utils.c **** void EE_system_init(void)
  67:Generated_Source\PSoC5/ErikaOS_cortex_mx_ee_utils.c **** {
  28              		.loc 1 67 0
  29              		.cfi_startproc
  30              		@ args = 0, pretend = 0, frame = 0
  31              		@ frame_needed = 0, uses_anonymous_args = 0
  32 0000 10B5     		push	{r4, lr}
  33              		.cfi_def_cfa_offset 8
  34              		.cfi_offset 4, -8
  35              		.cfi_offset 14, -4
  36              	.LBB14:
  37              	.LBB15:
  38              	.LBB16:
  39              		.file 2 "Generated_Source\\PSoC5\\ErikaOS_cortex_mx_ee_cpu.inc"
   1:Generated_Source\PSoC5/ErikaOS_cortex_mx_ee_cpu.inc **** /* ###*B*###
   2:Generated_Source\PSoC5/ErikaOS_cortex_mx_ee_cpu.inc ****  * ERIKA Enterprise - a tiny RTOS for small microcontrollers
   3:Generated_Source\PSoC5/ErikaOS_cortex_mx_ee_cpu.inc ****  *
   4:Generated_Source\PSoC5/ErikaOS_cortex_mx_ee_cpu.inc ****  * Copyright (C) 2002-2011  Evidence Srl
   5:Generated_Source\PSoC5/ErikaOS_cortex_mx_ee_cpu.inc ****  *
   6:Generated_Source\PSoC5/ErikaOS_cortex_mx_ee_cpu.inc ****  * This file is part of ERIKA Enterprise.
   7:Generated_Source\PSoC5/ErikaOS_cortex_mx_ee_cpu.inc ****  *
   8:Generated_Source\PSoC5/ErikaOS_cortex_mx_ee_cpu.inc ****  * ERIKA Enterprise is free software; you can redistribute it
ARM GAS  C:\Users\rbhar\AppData\Local\Temp\cc8jdh5B.s 			page 3


   9:Generated_Source\PSoC5/ErikaOS_cortex_mx_ee_cpu.inc ****  * and/or modify it under the terms of the GNU General Public License
  10:Generated_Source\PSoC5/ErikaOS_cortex_mx_ee_cpu.inc ****  * version 2 as published by the Free Software Foundation, 
  11:Generated_Source\PSoC5/ErikaOS_cortex_mx_ee_cpu.inc ****  * (with a special exception described below).
  12:Generated_Source\PSoC5/ErikaOS_cortex_mx_ee_cpu.inc ****  *
  13:Generated_Source\PSoC5/ErikaOS_cortex_mx_ee_cpu.inc ****  * Linking this code statically or dynamically with other modules is
  14:Generated_Source\PSoC5/ErikaOS_cortex_mx_ee_cpu.inc ****  * making a combined work based on this code.  Thus, the terms and
  15:Generated_Source\PSoC5/ErikaOS_cortex_mx_ee_cpu.inc ****  * conditions of the GNU General Public License cover the whole
  16:Generated_Source\PSoC5/ErikaOS_cortex_mx_ee_cpu.inc ****  * combination.
  17:Generated_Source\PSoC5/ErikaOS_cortex_mx_ee_cpu.inc ****  *
  18:Generated_Source\PSoC5/ErikaOS_cortex_mx_ee_cpu.inc ****  * As a special exception, the copyright holders of this library give you
  19:Generated_Source\PSoC5/ErikaOS_cortex_mx_ee_cpu.inc ****  * permission to link this code with independent modules to produce an
  20:Generated_Source\PSoC5/ErikaOS_cortex_mx_ee_cpu.inc ****  * executable, regardless of the license terms of these independent
  21:Generated_Source\PSoC5/ErikaOS_cortex_mx_ee_cpu.inc ****  * modules, and to copy and distribute the resulting executable under
  22:Generated_Source\PSoC5/ErikaOS_cortex_mx_ee_cpu.inc ****  * terms of your choice, provided that you also meet, for each linked
  23:Generated_Source\PSoC5/ErikaOS_cortex_mx_ee_cpu.inc ****  * independent module, the terms and conditions of the license of that
  24:Generated_Source\PSoC5/ErikaOS_cortex_mx_ee_cpu.inc ****  * module.  An independent module is a module which is not derived from
  25:Generated_Source\PSoC5/ErikaOS_cortex_mx_ee_cpu.inc ****  * or based on this library.  If you modify this code, you may extend
  26:Generated_Source\PSoC5/ErikaOS_cortex_mx_ee_cpu.inc ****  * this exception to your version of the code, but you are not
  27:Generated_Source\PSoC5/ErikaOS_cortex_mx_ee_cpu.inc ****  * obligated to do so.  If you do not wish to do so, delete this
  28:Generated_Source\PSoC5/ErikaOS_cortex_mx_ee_cpu.inc ****  * exception statement from your version.
  29:Generated_Source\PSoC5/ErikaOS_cortex_mx_ee_cpu.inc ****  *
  30:Generated_Source\PSoC5/ErikaOS_cortex_mx_ee_cpu.inc ****  * ERIKA Enterprise is distributed in the hope that it will be
  31:Generated_Source\PSoC5/ErikaOS_cortex_mx_ee_cpu.inc ****  * useful, but WITHOUT ANY WARRANTY; without even the implied warranty
  32:Generated_Source\PSoC5/ErikaOS_cortex_mx_ee_cpu.inc ****  * of MERCHANTABILITY or FITNESS FOR A PARTICULAR PURPOSE.  See the
  33:Generated_Source\PSoC5/ErikaOS_cortex_mx_ee_cpu.inc ****  * GNU General Public License version 2 for more details.
  34:Generated_Source\PSoC5/ErikaOS_cortex_mx_ee_cpu.inc ****  *
  35:Generated_Source\PSoC5/ErikaOS_cortex_mx_ee_cpu.inc ****  * You should have received a copy of the GNU General Public License
  36:Generated_Source\PSoC5/ErikaOS_cortex_mx_ee_cpu.inc ****  * version 2 along with ERIKA Enterprise; if not, write to the
  37:Generated_Source\PSoC5/ErikaOS_cortex_mx_ee_cpu.inc ****  * Free Software Foundation, Inc., 51 Franklin Street, Fifth Floor,
  38:Generated_Source\PSoC5/ErikaOS_cortex_mx_ee_cpu.inc ****  * Boston, MA 02110-1301 USA.
  39:Generated_Source\PSoC5/ErikaOS_cortex_mx_ee_cpu.inc ****  * ###*E*### */
  40:Generated_Source\PSoC5/ErikaOS_cortex_mx_ee_cpu.inc **** 
  41:Generated_Source\PSoC5/ErikaOS_cortex_mx_ee_cpu.inc **** /** 
  42:Generated_Source\PSoC5/ErikaOS_cortex_mx_ee_cpu.inc **** 	@file ee_cpu.h
  43:Generated_Source\PSoC5/ErikaOS_cortex_mx_ee_cpu.inc **** 	@brief CPU-dependent part of HAL. Derived from pkg/cpu/pic30/inc/ee_cpu.h
  44:Generated_Source\PSoC5/ErikaOS_cortex_mx_ee_cpu.inc **** 	@author Gianluca Franchino
  45:Generated_Source\PSoC5/ErikaOS_cortex_mx_ee_cpu.inc **** 	@author Giuseppe Serano
  46:Generated_Source\PSoC5/ErikaOS_cortex_mx_ee_cpu.inc **** 	@date 2011
  47:Generated_Source\PSoC5/ErikaOS_cortex_mx_ee_cpu.inc **** */ 
  48:Generated_Source\PSoC5/ErikaOS_cortex_mx_ee_cpu.inc ****     
  49:Generated_Source\PSoC5/ErikaOS_cortex_mx_ee_cpu.inc **** /*
  50:Generated_Source\PSoC5/ErikaOS_cortex_mx_ee_cpu.inc ****  * PSoC Port and API Generation
  51:Generated_Source\PSoC5/ErikaOS_cortex_mx_ee_cpu.inc ****  * Carlos Fernando Meier Martinez
  52:Generated_Source\PSoC5/ErikaOS_cortex_mx_ee_cpu.inc ****  * Hochschule Darmstadt, Germany. 2017.
  53:Generated_Source\PSoC5/ErikaOS_cortex_mx_ee_cpu.inc ****  */
  54:Generated_Source\PSoC5/ErikaOS_cortex_mx_ee_cpu.inc **** 
  55:Generated_Source\PSoC5/ErikaOS_cortex_mx_ee_cpu.inc **** #ifndef __INCLUDE_CORTEX_MX_EE_CPU_H__
  56:Generated_Source\PSoC5/ErikaOS_cortex_mx_ee_cpu.inc **** #define __INCLUDE_CORTEX_MX_EE_CPU_H__
  57:Generated_Source\PSoC5/ErikaOS_cortex_mx_ee_cpu.inc **** 
  58:Generated_Source\PSoC5/ErikaOS_cortex_mx_ee_cpu.inc **** #include "ErikaOS_eecfg.inc"
  59:Generated_Source\PSoC5/ErikaOS_cortex_mx_ee_cpu.inc **** 
  60:Generated_Source\PSoC5/ErikaOS_cortex_mx_ee_cpu.inc **** 
  61:Generated_Source\PSoC5/ErikaOS_cortex_mx_ee_cpu.inc **** #ifdef __GNU__
  62:Generated_Source\PSoC5/ErikaOS_cortex_mx_ee_cpu.inc **** #include "ErikaOS_common_ee_compiler_gcc.inc"
  63:Generated_Source\PSoC5/ErikaOS_cortex_mx_ee_cpu.inc **** #endif
  64:Generated_Source\PSoC5/ErikaOS_cortex_mx_ee_cpu.inc **** 
  65:Generated_Source\PSoC5/ErikaOS_cortex_mx_ee_cpu.inc **** /* Initial stack offset (in words): Used in multistack. */
ARM GAS  C:\Users\rbhar\AppData\Local\Temp\cc8jdh5B.s 			page 4


  66:Generated_Source\PSoC5/ErikaOS_cortex_mx_ee_cpu.inc **** #ifndef CORTEX_MX_INIT_TOS_OFFSET
  67:Generated_Source\PSoC5/ErikaOS_cortex_mx_ee_cpu.inc **** #define CORTEX_MX_INIT_TOS_OFFSET 10
  68:Generated_Source\PSoC5/ErikaOS_cortex_mx_ee_cpu.inc **** #endif
  69:Generated_Source\PSoC5/ErikaOS_cortex_mx_ee_cpu.inc **** 
  70:Generated_Source\PSoC5/ErikaOS_cortex_mx_ee_cpu.inc **** /*************************************************************************
  71:Generated_Source\PSoC5/ErikaOS_cortex_mx_ee_cpu.inc ****  HAL Types and structures
  72:Generated_Source\PSoC5/ErikaOS_cortex_mx_ee_cpu.inc ****  *************************************************************************/
  73:Generated_Source\PSoC5/ErikaOS_cortex_mx_ee_cpu.inc **** 
  74:Generated_Source\PSoC5/ErikaOS_cortex_mx_ee_cpu.inc **** /* Primitive data types */
  75:Generated_Source\PSoC5/ErikaOS_cortex_mx_ee_cpu.inc **** #include "ErikaOS_common_ee_types.inc"
  76:Generated_Source\PSoC5/ErikaOS_cortex_mx_ee_cpu.inc **** 
  77:Generated_Source\PSoC5/ErikaOS_cortex_mx_ee_cpu.inc **** typedef EE_UINT32 EE_UREG;
  78:Generated_Source\PSoC5/ErikaOS_cortex_mx_ee_cpu.inc **** typedef EE_INT32  EE_SREG;
  79:Generated_Source\PSoC5/ErikaOS_cortex_mx_ee_cpu.inc **** typedef EE_UINT32 EE_FREG;
  80:Generated_Source\PSoC5/ErikaOS_cortex_mx_ee_cpu.inc **** #define EE_UREG_SIZE 4
  81:Generated_Source\PSoC5/ErikaOS_cortex_mx_ee_cpu.inc **** 
  82:Generated_Source\PSoC5/ErikaOS_cortex_mx_ee_cpu.inc **** /* boolean type */
  83:Generated_Source\PSoC5/ErikaOS_cortex_mx_ee_cpu.inc **** #ifndef EE_TYPEBOOL
  84:Generated_Source\PSoC5/ErikaOS_cortex_mx_ee_cpu.inc **** typedef EE_UREG EE_TYPEBOOL;
  85:Generated_Source\PSoC5/ErikaOS_cortex_mx_ee_cpu.inc **** #endif
  86:Generated_Source\PSoC5/ErikaOS_cortex_mx_ee_cpu.inc **** 
  87:Generated_Source\PSoC5/ErikaOS_cortex_mx_ee_cpu.inc **** /* boolean true define */
  88:Generated_Source\PSoC5/ErikaOS_cortex_mx_ee_cpu.inc **** #ifndef EE_TRUE
  89:Generated_Source\PSoC5/ErikaOS_cortex_mx_ee_cpu.inc **** #define EE_TRUE ((EE_TYPEBOOL)1U)
  90:Generated_Source\PSoC5/ErikaOS_cortex_mx_ee_cpu.inc **** #endif
  91:Generated_Source\PSoC5/ErikaOS_cortex_mx_ee_cpu.inc **** 
  92:Generated_Source\PSoC5/ErikaOS_cortex_mx_ee_cpu.inc **** /* boolean false define */
  93:Generated_Source\PSoC5/ErikaOS_cortex_mx_ee_cpu.inc **** #ifndef EE_FALSE
  94:Generated_Source\PSoC5/ErikaOS_cortex_mx_ee_cpu.inc **** #define EE_FALSE ((EE_TYPEBOOL)0U)
  95:Generated_Source\PSoC5/ErikaOS_cortex_mx_ee_cpu.inc **** #endif
  96:Generated_Source\PSoC5/ErikaOS_cortex_mx_ee_cpu.inc **** 
  97:Generated_Source\PSoC5/ErikaOS_cortex_mx_ee_cpu.inc **** #define	EE_HWREG_PTR		volatile EE_UREG *
  98:Generated_Source\PSoC5/ErikaOS_cortex_mx_ee_cpu.inc **** #define	EE_HWREG_ADDR(x)	((EE_HWREG_PTR)(x))
  99:Generated_Source\PSoC5/ErikaOS_cortex_mx_ee_cpu.inc **** #define	EE_HWREG(x)		(*EE_HWREG_ADDR(x))
 100:Generated_Source\PSoC5/ErikaOS_cortex_mx_ee_cpu.inc **** 
 101:Generated_Source\PSoC5/ErikaOS_cortex_mx_ee_cpu.inc **** #ifdef __GNU__
 102:Generated_Source\PSoC5/ErikaOS_cortex_mx_ee_cpu.inc **** 
 103:Generated_Source\PSoC5/ErikaOS_cortex_mx_ee_cpu.inc **** /* Get current SP */
 104:Generated_Source\PSoC5/ErikaOS_cortex_mx_ee_cpu.inc **** __INLINE__ EE_UINT32  __current_sp(void)
 105:Generated_Source\PSoC5/ErikaOS_cortex_mx_ee_cpu.inc **** {
 106:Generated_Source\PSoC5/ErikaOS_cortex_mx_ee_cpu.inc **** EE_UINT32 temp;
 107:Generated_Source\PSoC5/ErikaOS_cortex_mx_ee_cpu.inc **** __ASM ("mov %0, sp" : "=r" (temp) : );
 108:Generated_Source\PSoC5/ErikaOS_cortex_mx_ee_cpu.inc **** return temp;
 109:Generated_Source\PSoC5/ErikaOS_cortex_mx_ee_cpu.inc **** }
 110:Generated_Source\PSoC5/ErikaOS_cortex_mx_ee_cpu.inc **** 
 111:Generated_Source\PSoC5/ErikaOS_cortex_mx_ee_cpu.inc **** /* Set a breakpoint */
 112:Generated_Source\PSoC5/ErikaOS_cortex_mx_ee_cpu.inc **** #define __breakpoint(value)	__ASM ("bkpt "#value)
 113:Generated_Source\PSoC5/ErikaOS_cortex_mx_ee_cpu.inc **** 
 114:Generated_Source\PSoC5/ErikaOS_cortex_mx_ee_cpu.inc **** #endif
 115:Generated_Source\PSoC5/ErikaOS_cortex_mx_ee_cpu.inc **** 
 116:Generated_Source\PSoC5/ErikaOS_cortex_mx_ee_cpu.inc **** /* ISR Priority representation type */
 117:Generated_Source\PSoC5/ErikaOS_cortex_mx_ee_cpu.inc **** typedef EE_UREG EE_TYPEISR2PRIO;
 118:Generated_Source\PSoC5/ErikaOS_cortex_mx_ee_cpu.inc **** 
 119:Generated_Source\PSoC5/ErikaOS_cortex_mx_ee_cpu.inc **** /* Thread IDs */
 120:Generated_Source\PSoC5/ErikaOS_cortex_mx_ee_cpu.inc **** typedef EE_INT32 EE_TID;
 121:Generated_Source\PSoC5/ErikaOS_cortex_mx_ee_cpu.inc **** 
 122:Generated_Source\PSoC5/ErikaOS_cortex_mx_ee_cpu.inc **** /* Thread IDs - unsigned version*/
ARM GAS  C:\Users\rbhar\AppData\Local\Temp\cc8jdh5B.s 			page 5


 123:Generated_Source\PSoC5/ErikaOS_cortex_mx_ee_cpu.inc **** typedef EE_UINT32 EE_UTID;
 124:Generated_Source\PSoC5/ErikaOS_cortex_mx_ee_cpu.inc **** 
 125:Generated_Source\PSoC5/ErikaOS_cortex_mx_ee_cpu.inc **** /* Used by the common layer to decide whether to start a new thread */
 126:Generated_Source\PSoC5/ErikaOS_cortex_mx_ee_cpu.inc **** #define TID_IS_STACKED_MARK 0x80000000
 127:Generated_Source\PSoC5/ErikaOS_cortex_mx_ee_cpu.inc **** 
 128:Generated_Source\PSoC5/ErikaOS_cortex_mx_ee_cpu.inc **** /* EE_TYPEIRQ is currently unused */
 129:Generated_Source\PSoC5/ErikaOS_cortex_mx_ee_cpu.inc **** 
 130:Generated_Source\PSoC5/ErikaOS_cortex_mx_ee_cpu.inc **** /* XXX: define EE_TIME? */
 131:Generated_Source\PSoC5/ErikaOS_cortex_mx_ee_cpu.inc **** 
 132:Generated_Source\PSoC5/ErikaOS_cortex_mx_ee_cpu.inc **** /* Use the "standard" implementation */
 133:Generated_Source\PSoC5/ErikaOS_cortex_mx_ee_cpu.inc **** #include "ErikaOS_common_ee_hal_structs.inc"
 134:Generated_Source\PSoC5/ErikaOS_cortex_mx_ee_cpu.inc **** 
 135:Generated_Source\PSoC5/ErikaOS_cortex_mx_ee_cpu.inc **** /******************************************************************************
 136:Generated_Source\PSoC5/ErikaOS_cortex_mx_ee_cpu.inc ****  Application dependent data types
 137:Generated_Source\PSoC5/ErikaOS_cortex_mx_ee_cpu.inc ****  ******************************************************************************/
 138:Generated_Source\PSoC5/ErikaOS_cortex_mx_ee_cpu.inc **** 
 139:Generated_Source\PSoC5/ErikaOS_cortex_mx_ee_cpu.inc **** #ifdef	__HAS_TYPES_H__
 140:Generated_Source\PSoC5/ErikaOS_cortex_mx_ee_cpu.inc **** #include	"types.h"
 141:Generated_Source\PSoC5/ErikaOS_cortex_mx_ee_cpu.inc **** #endif
 142:Generated_Source\PSoC5/ErikaOS_cortex_mx_ee_cpu.inc **** 
 143:Generated_Source\PSoC5/ErikaOS_cortex_mx_ee_cpu.inc **** /******************************************************************************
 144:Generated_Source\PSoC5/ErikaOS_cortex_mx_ee_cpu.inc ****  CPU Peripherals
 145:Generated_Source\PSoC5/ErikaOS_cortex_mx_ee_cpu.inc ****  ******************************************************************************/
 146:Generated_Source\PSoC5/ErikaOS_cortex_mx_ee_cpu.inc **** 
 147:Generated_Source\PSoC5/ErikaOS_cortex_mx_ee_cpu.inc **** #ifdef __CORTEX_MX__
 148:Generated_Source\PSoC5/ErikaOS_cortex_mx_ee_cpu.inc **** #include "ErikaOS_cortex_mx_ee_nvic.inc"
 149:Generated_Source\PSoC5/ErikaOS_cortex_mx_ee_cpu.inc **** #include "ErikaOS_cortex_mx_ee_systick.inc"
 150:Generated_Source\PSoC5/ErikaOS_cortex_mx_ee_cpu.inc **** #endif
 151:Generated_Source\PSoC5/ErikaOS_cortex_mx_ee_cpu.inc **** 
 152:Generated_Source\PSoC5/ErikaOS_cortex_mx_ee_cpu.inc **** /******************************************************************************
 153:Generated_Source\PSoC5/ErikaOS_cortex_mx_ee_cpu.inc ****  HAL Variables
 154:Generated_Source\PSoC5/ErikaOS_cortex_mx_ee_cpu.inc ****  ******************************************************************************/
 155:Generated_Source\PSoC5/ErikaOS_cortex_mx_ee_cpu.inc **** 
 156:Generated_Source\PSoC5/ErikaOS_cortex_mx_ee_cpu.inc **** #ifdef __MULTI__
 157:Generated_Source\PSoC5/ErikaOS_cortex_mx_ee_cpu.inc **** 
 158:Generated_Source\PSoC5/ErikaOS_cortex_mx_ee_cpu.inc **** /* Top-of-stack of each private stack */
 159:Generated_Source\PSoC5/ErikaOS_cortex_mx_ee_cpu.inc **** extern struct EE_TOS EE_cortex_mx_system_tos[];
 160:Generated_Source\PSoC5/ErikaOS_cortex_mx_ee_cpu.inc **** //#define	EE_std_system_tos EE_cortex_mx_system_tos
 161:Generated_Source\PSoC5/ErikaOS_cortex_mx_ee_cpu.inc **** 
 162:Generated_Source\PSoC5/ErikaOS_cortex_mx_ee_cpu.inc **** /* Index of the current stack */
 163:Generated_Source\PSoC5/ErikaOS_cortex_mx_ee_cpu.inc **** extern EE_UREG EE_cortex_mx_active_tos;
 164:Generated_Source\PSoC5/ErikaOS_cortex_mx_ee_cpu.inc **** #define	EE_hal_active_tos EE_cortex_mx_active_tos
 165:Generated_Source\PSoC5/ErikaOS_cortex_mx_ee_cpu.inc **** 
 166:Generated_Source\PSoC5/ErikaOS_cortex_mx_ee_cpu.inc **** /*extern	EE_UREG EE_pic30_thread_tos[];
 167:Generated_Source\PSoC5/ErikaOS_cortex_mx_ee_cpu.inc **** #define	EE_std_thread_tos EE_pic30_thread_tos */
 168:Generated_Source\PSoC5/ErikaOS_cortex_mx_ee_cpu.inc **** #endif /* __MULTI__ */
 169:Generated_Source\PSoC5/ErikaOS_cortex_mx_ee_cpu.inc **** 
 170:Generated_Source\PSoC5/ErikaOS_cortex_mx_ee_cpu.inc **** /*********************************************************************
 171:Generated_Source\PSoC5/ErikaOS_cortex_mx_ee_cpu.inc ****  Cortex M0 interrupt disabling/enabling
 172:Generated_Source\PSoC5/ErikaOS_cortex_mx_ee_cpu.inc ****  *********************************************************************/
 173:Generated_Source\PSoC5/ErikaOS_cortex_mx_ee_cpu.inc **** 
 174:Generated_Source\PSoC5/ErikaOS_cortex_mx_ee_cpu.inc **** /* Used to check the value returned by EE_cortex_mx_disableIRQ */
 175:Generated_Source\PSoC5/ErikaOS_cortex_mx_ee_cpu.inc **** #define EE_cortex_mx_are_IRQs_enabled(ie) ((ie) ^ 1)
 176:Generated_Source\PSoC5/ErikaOS_cortex_mx_ee_cpu.inc **** 
 177:Generated_Source\PSoC5/ErikaOS_cortex_mx_ee_cpu.inc **** /**
 178:Generated_Source\PSoC5/ErikaOS_cortex_mx_ee_cpu.inc ****  * Enable interrupts
 179:Generated_Source\PSoC5/ErikaOS_cortex_mx_ee_cpu.inc ****  */
ARM GAS  C:\Users\rbhar\AppData\Local\Temp\cc8jdh5B.s 			page 6


 180:Generated_Source\PSoC5/ErikaOS_cortex_mx_ee_cpu.inc **** __INLINE__ void  EE_cortex_mx_enableIRQ(void)
 181:Generated_Source\PSoC5/ErikaOS_cortex_mx_ee_cpu.inc **** {
 182:Generated_Source\PSoC5/ErikaOS_cortex_mx_ee_cpu.inc **** #ifdef __IAR__
 183:Generated_Source\PSoC5/ErikaOS_cortex_mx_ee_cpu.inc **** 	__ASM ("cpsie i");
 184:Generated_Source\PSoC5/ErikaOS_cortex_mx_ee_cpu.inc **** #else	/* __IAR__ */
 185:Generated_Source\PSoC5/ErikaOS_cortex_mx_ee_cpu.inc **** #ifdef __CCS__
 186:Generated_Source\PSoC5/ErikaOS_cortex_mx_ee_cpu.inc **** 	__ASM ("    cpsie    i\n");
 187:Generated_Source\PSoC5/ErikaOS_cortex_mx_ee_cpu.inc **** #else	/* __CCS__ */
 188:Generated_Source\PSoC5/ErikaOS_cortex_mx_ee_cpu.inc **** #ifdef __KEIL__
 189:Generated_Source\PSoC5/ErikaOS_cortex_mx_ee_cpu.inc **** 	__enable_irq();
 190:Generated_Source\PSoC5/ErikaOS_cortex_mx_ee_cpu.inc **** #else	/* __KEIL__ */
 191:Generated_Source\PSoC5/ErikaOS_cortex_mx_ee_cpu.inc **** 	__ASM volatile("cpsie i");
 192:Generated_Source\PSoC5/ErikaOS_cortex_mx_ee_cpu.inc **** #endif	/* !__KEIL__ */
 193:Generated_Source\PSoC5/ErikaOS_cortex_mx_ee_cpu.inc **** #endif	/* !__CCS__ */
 194:Generated_Source\PSoC5/ErikaOS_cortex_mx_ee_cpu.inc **** #endif	/* !__IAR__ */
 195:Generated_Source\PSoC5/ErikaOS_cortex_mx_ee_cpu.inc **** }
 196:Generated_Source\PSoC5/ErikaOS_cortex_mx_ee_cpu.inc **** 
 197:Generated_Source\PSoC5/ErikaOS_cortex_mx_ee_cpu.inc **** /**
 198:Generated_Source\PSoC5/ErikaOS_cortex_mx_ee_cpu.inc ****  * Disable interrupts
 199:Generated_Source\PSoC5/ErikaOS_cortex_mx_ee_cpu.inc ****  */
 200:Generated_Source\PSoC5/ErikaOS_cortex_mx_ee_cpu.inc **** __INLINE__ void  EE_cortex_mx_disableIRQ(void)
 201:Generated_Source\PSoC5/ErikaOS_cortex_mx_ee_cpu.inc **** {
 202:Generated_Source\PSoC5/ErikaOS_cortex_mx_ee_cpu.inc **** #ifdef __IAR__
 203:Generated_Source\PSoC5/ErikaOS_cortex_mx_ee_cpu.inc **** 	__ASM ("cpsid i");
 204:Generated_Source\PSoC5/ErikaOS_cortex_mx_ee_cpu.inc **** #else	/* __IAR__ */
 205:Generated_Source\PSoC5/ErikaOS_cortex_mx_ee_cpu.inc **** #ifdef __CCS__
 206:Generated_Source\PSoC5/ErikaOS_cortex_mx_ee_cpu.inc **** 	__ASM ("    cpsid    i\n");
 207:Generated_Source\PSoC5/ErikaOS_cortex_mx_ee_cpu.inc **** #else	/* __CCS__ */
 208:Generated_Source\PSoC5/ErikaOS_cortex_mx_ee_cpu.inc **** #ifdef __KEIL__
 209:Generated_Source\PSoC5/ErikaOS_cortex_mx_ee_cpu.inc **** 	__disable_irq();
 210:Generated_Source\PSoC5/ErikaOS_cortex_mx_ee_cpu.inc **** #else	/* __KEIL__ */
 211:Generated_Source\PSoC5/ErikaOS_cortex_mx_ee_cpu.inc **** 	__ASM volatile("cpsid i");
 212:Generated_Source\PSoC5/ErikaOS_cortex_mx_ee_cpu.inc **** #endif	/* !__KEIL__ */
 213:Generated_Source\PSoC5/ErikaOS_cortex_mx_ee_cpu.inc **** #endif	/* !__CCS__ */
 214:Generated_Source\PSoC5/ErikaOS_cortex_mx_ee_cpu.inc **** #endif	/* !__IAR__ */
 215:Generated_Source\PSoC5/ErikaOS_cortex_mx_ee_cpu.inc **** }
 216:Generated_Source\PSoC5/ErikaOS_cortex_mx_ee_cpu.inc **** 
 217:Generated_Source\PSoC5/ErikaOS_cortex_mx_ee_cpu.inc **** /**
 218:Generated_Source\PSoC5/ErikaOS_cortex_mx_ee_cpu.inc ****  * Resume interrupts
 219:Generated_Source\PSoC5/ErikaOS_cortex_mx_ee_cpu.inc ****  */
 220:Generated_Source\PSoC5/ErikaOS_cortex_mx_ee_cpu.inc **** __INLINE__ void  EE_cortex_mx_resumeIRQ(EE_FREG f)
 221:Generated_Source\PSoC5/ErikaOS_cortex_mx_ee_cpu.inc **** {
 222:Generated_Source\PSoC5/ErikaOS_cortex_mx_ee_cpu.inc **** #ifdef __IAR__
 223:Generated_Source\PSoC5/ErikaOS_cortex_mx_ee_cpu.inc **** 	__set_PRIMASK(f);
 224:Generated_Source\PSoC5/ErikaOS_cortex_mx_ee_cpu.inc **** #else	/* __IAR__ */
 225:Generated_Source\PSoC5/ErikaOS_cortex_mx_ee_cpu.inc **** #ifdef __CCS__
 226:Generated_Source\PSoC5/ErikaOS_cortex_mx_ee_cpu.inc **** 	__ASM ("    msr    primask, r0\n");
 227:Generated_Source\PSoC5/ErikaOS_cortex_mx_ee_cpu.inc **** #else	/* __CCS__ */
 228:Generated_Source\PSoC5/ErikaOS_cortex_mx_ee_cpu.inc **** #ifdef __KEIL__
 229:Generated_Source\PSoC5/ErikaOS_cortex_mx_ee_cpu.inc **** 	register EE_FREG PRIMASK __ASM("primask");
 230:Generated_Source\PSoC5/ErikaOS_cortex_mx_ee_cpu.inc **** 	PRIMASK = f;
 231:Generated_Source\PSoC5/ErikaOS_cortex_mx_ee_cpu.inc **** #else	/* __KEIL__ */
 232:Generated_Source\PSoC5/ErikaOS_cortex_mx_ee_cpu.inc **** 	__ASM volatile("msr primask, %0" :: "r" (f));
 233:Generated_Source\PSoC5/ErikaOS_cortex_mx_ee_cpu.inc **** #endif	/* !__KEIL__ */
 234:Generated_Source\PSoC5/ErikaOS_cortex_mx_ee_cpu.inc **** #endif	/* !__CCS__ */
 235:Generated_Source\PSoC5/ErikaOS_cortex_mx_ee_cpu.inc **** #endif	/* !__IAR__ */
 236:Generated_Source\PSoC5/ErikaOS_cortex_mx_ee_cpu.inc **** }
ARM GAS  C:\Users\rbhar\AppData\Local\Temp\cc8jdh5B.s 			page 7


 237:Generated_Source\PSoC5/ErikaOS_cortex_mx_ee_cpu.inc **** 
 238:Generated_Source\PSoC5/ErikaOS_cortex_mx_ee_cpu.inc **** /**
 239:Generated_Source\PSoC5/ErikaOS_cortex_mx_ee_cpu.inc ****  * Suspend interrupts
 240:Generated_Source\PSoC5/ErikaOS_cortex_mx_ee_cpu.inc ****  */
 241:Generated_Source\PSoC5/ErikaOS_cortex_mx_ee_cpu.inc **** __INLINE__ EE_FREG  EE_cortex_mx_suspendIRQ(void)
 242:Generated_Source\PSoC5/ErikaOS_cortex_mx_ee_cpu.inc **** {
 243:Generated_Source\PSoC5/ErikaOS_cortex_mx_ee_cpu.inc **** #ifndef __CCS__
 244:Generated_Source\PSoC5/ErikaOS_cortex_mx_ee_cpu.inc **** 	EE_FREG istat;
 245:Generated_Source\PSoC5/ErikaOS_cortex_mx_ee_cpu.inc **** #endif
 246:Generated_Source\PSoC5/ErikaOS_cortex_mx_ee_cpu.inc **** #ifdef __IAR__
 247:Generated_Source\PSoC5/ErikaOS_cortex_mx_ee_cpu.inc **** 	 istat = __get_PRIMASK();
 248:Generated_Source\PSoC5/ErikaOS_cortex_mx_ee_cpu.inc **** 	__ASM ("cpsid i");
 249:Generated_Source\PSoC5/ErikaOS_cortex_mx_ee_cpu.inc **** #else	/* __IAR__ */
 250:Generated_Source\PSoC5/ErikaOS_cortex_mx_ee_cpu.inc **** #ifdef __CCS__
 251:Generated_Source\PSoC5/ErikaOS_cortex_mx_ee_cpu.inc **** 	__ASM ("    mrs     r0, primask\n"
 252:Generated_Source\PSoC5/ErikaOS_cortex_mx_ee_cpu.inc **** 	       "    cpsid   i\n"
 253:Generated_Source\PSoC5/ErikaOS_cortex_mx_ee_cpu.inc **** 	       "    bx      lr\n");
 254:Generated_Source\PSoC5/ErikaOS_cortex_mx_ee_cpu.inc **** #else	/* __CCS__ */
 255:Generated_Source\PSoC5/ErikaOS_cortex_mx_ee_cpu.inc **** #ifdef __KEIL__
 256:Generated_Source\PSoC5/ErikaOS_cortex_mx_ee_cpu.inc **** 	register EE_FREG PRIMASK __ASM("primask");
 257:Generated_Source\PSoC5/ErikaOS_cortex_mx_ee_cpu.inc **** 	istat = PRIMASK;
 258:Generated_Source\PSoC5/ErikaOS_cortex_mx_ee_cpu.inc **** 	__disable_irq();
 259:Generated_Source\PSoC5/ErikaOS_cortex_mx_ee_cpu.inc **** #else	/* __KEIL__ */
 260:Generated_Source\PSoC5/ErikaOS_cortex_mx_ee_cpu.inc **** 	__ASM volatile ("mrs %0, primask" : "=r" (istat) );
  40              		.loc 2 260 0
  41              		.syntax unified
  42              	@ 260 "Generated_Source\PSoC5\ErikaOS_cortex_mx_ee_cpu.inc" 1
  43 0002 EFF31084 		mrs r4, primask
  44              	@ 0 "" 2
 261:Generated_Source\PSoC5/ErikaOS_cortex_mx_ee_cpu.inc **** 	__ASM volatile ("cpsid i");
  45              		.loc 2 261 0
  46              	@ 261 "Generated_Source\PSoC5\ErikaOS_cortex_mx_ee_cpu.inc" 1
  47 0006 72B6     		cpsid i
  48              	@ 0 "" 2
  49              		.thumb
  50              		.syntax unified
  51              	.LBE16:
  52              	.LBE15:
  53              	.LBE14:
  68:Generated_Source\PSoC5/ErikaOS_cortex_mx_ee_utils.c **** #if (Number_of_ISRs > 0)
  69:Generated_Source\PSoC5/ErikaOS_cortex_mx_ee_utils.c ****   cyisraddress *ramVectorTable = *CY_INT_VECT_TABLE;
  70:Generated_Source\PSoC5/ErikaOS_cortex_mx_ee_utils.c **** #endif
  71:Generated_Source\PSoC5/ErikaOS_cortex_mx_ee_utils.c ****   register EE_UREG flags;
  72:Generated_Source\PSoC5/ErikaOS_cortex_mx_ee_utils.c **** 
  73:Generated_Source\PSoC5/ErikaOS_cortex_mx_ee_utils.c ****   flags = EE_hal_suspendIRQ();
  74:Generated_Source\PSoC5/ErikaOS_cortex_mx_ee_utils.c **** 
  75:Generated_Source\PSoC5/ErikaOS_cortex_mx_ee_utils.c **** 	/* 
  76:Generated_Source\PSoC5/ErikaOS_cortex_mx_ee_utils.c **** 	 * Set the priority of PendSV to the minimum one
  77:Generated_Source\PSoC5/ErikaOS_cortex_mx_ee_utils.c **** 	 * PendSV is the software interrupt used for context switch
  78:Generated_Source\PSoC5/ErikaOS_cortex_mx_ee_utils.c **** 	 */
  79:Generated_Source\PSoC5/ErikaOS_cortex_mx_ee_utils.c **** 	EE_set_switch_context_pri();
  54              		.loc 1 79 0
  55 0008 FFF7FEFF 		bl	EE_set_switch_context_pri
  56              	.LVL0:
  57              	.LBB17:
  58              	.LBB18:
  59              	.LBB19:
ARM GAS  C:\Users\rbhar\AppData\Local\Temp\cc8jdh5B.s 			page 8


 232:Generated_Source\PSoC5/ErikaOS_cortex_mx_ee_cpu.inc **** #endif	/* !__KEIL__ */
  60              		.loc 2 232 0
  61              		.syntax unified
  62              	@ 232 "Generated_Source\PSoC5\ErikaOS_cortex_mx_ee_cpu.inc" 1
  63 000c 84F31088 		msr primask, r4
  64              	@ 0 "" 2
  65              		.thumb
  66              		.syntax unified
  67 0010 10BD     		pop	{r4, pc}
  68              	.LBE19:
  69              	.LBE18:
  70              	.LBE17:
  71              		.cfi_endproc
  72              	.LFE65:
  73              		.size	EE_system_init, .-EE_system_init
  74 0012 00BF     		.text
  75              	.Letext0:
  76              		.file 3 "Generated_Source\\PSoC5\\ErikaOS_common_ee_types.inc"
  77              		.file 4 "Generated_Source\\PSoC5\\ErikaOS_ee_oo_common.inc"
  78              		.file 5 "Generated_Source\\PSoC5\\ErikaOS_common_ee_primitives.inc"
  79              		.file 6 "Generated_Source\\PSoC5\\ErikaOS_cortex_mx_ee_context.inc"
  80              		.file 7 "Generated_Source\\PSoC5\\ErikaOS_ee_oo_intfunc.inc"
  81              		.file 8 "Generated_Source\\PSoC5\\ErikaOS_ee_oo_internal.inc"
  82              		.section	.debug_info,"",%progbits
  83              	.Ldebug_info0:
  84 0000 FB020000 		.4byte	0x2fb
  85 0004 0400     		.2byte	0x4
  86 0006 00000000 		.4byte	.Ldebug_abbrev0
  87 000a 04       		.byte	0x4
  88 000b 01       		.uleb128 0x1
  89 000c B6000000 		.4byte	.LASF43
  90 0010 0C       		.byte	0xc
  91 0011 03020000 		.4byte	.LASF44
  92 0015 B3020000 		.4byte	.LASF45
  93 0019 00000000 		.4byte	.Ldebug_ranges0+0
  94 001d 00000000 		.4byte	0
  95 0021 00000000 		.4byte	.Ldebug_line0
  96 0025 02       		.uleb128 0x2
  97 0026 01       		.byte	0x1
  98 0027 06       		.byte	0x6
  99 0028 77030000 		.4byte	.LASF0
 100 002c 02       		.uleb128 0x2
 101 002d 01       		.byte	0x1
 102 002e 08       		.byte	0x8
 103 002f A8000000 		.4byte	.LASF1
 104 0033 02       		.uleb128 0x2
 105 0034 02       		.byte	0x2
 106 0035 05       		.byte	0x5
 107 0036 34030000 		.4byte	.LASF2
 108 003a 02       		.uleb128 0x2
 109 003b 02       		.byte	0x2
 110 003c 07       		.byte	0x7
 111 003d 86010000 		.4byte	.LASF3
 112 0041 02       		.uleb128 0x2
 113 0042 04       		.byte	0x4
 114 0043 05       		.byte	0x5
 115 0044 55030000 		.4byte	.LASF4
ARM GAS  C:\Users\rbhar\AppData\Local\Temp\cc8jdh5B.s 			page 9


 116 0048 02       		.uleb128 0x2
 117 0049 04       		.byte	0x4
 118 004a 07       		.byte	0x7
 119 004b 60010000 		.4byte	.LASF5
 120 004f 02       		.uleb128 0x2
 121 0050 08       		.byte	0x8
 122 0051 05       		.byte	0x5
 123 0052 A0020000 		.4byte	.LASF6
 124 0056 02       		.uleb128 0x2
 125 0057 08       		.byte	0x8
 126 0058 07       		.byte	0x7
 127 0059 4C020000 		.4byte	.LASF7
 128 005d 03       		.uleb128 0x3
 129 005e 04       		.byte	0x4
 130 005f 05       		.byte	0x5
 131 0060 696E7400 		.ascii	"int\000"
 132 0064 02       		.uleb128 0x2
 133 0065 04       		.byte	0x4
 134 0066 07       		.byte	0x7
 135 0067 F6010000 		.4byte	.LASF8
 136 006b 02       		.uleb128 0x2
 137 006c 08       		.byte	0x8
 138 006d 04       		.byte	0x4
 139 006e 6B030000 		.4byte	.LASF9
 140 0072 04       		.uleb128 0x4
 141 0073 63020000 		.4byte	.LASF10
 142 0077 03       		.byte	0x3
 143 0078 3F       		.byte	0x3f
 144 0079 25000000 		.4byte	0x25
 145 007d 04       		.uleb128 0x4
 146 007e EC010000 		.4byte	.LASF11
 147 0082 03       		.byte	0x3
 148 0083 52       		.byte	0x52
 149 0084 3A000000 		.4byte	0x3a
 150 0088 04       		.uleb128 0x4
 151 0089 57010000 		.4byte	.LASF12
 152 008d 03       		.byte	0x3
 153 008e 53       		.byte	0x53
 154 008f 5D000000 		.4byte	0x5d
 155 0093 04       		.uleb128 0x4
 156 0094 37020000 		.4byte	.LASF13
 157 0098 03       		.byte	0x3
 158 0099 54       		.byte	0x54
 159 009a 64000000 		.4byte	0x64
 160 009e 04       		.uleb128 0x4
 161 009f 0B030000 		.4byte	.LASF14
 162 00a3 02       		.byte	0x2
 163 00a4 4D       		.byte	0x4d
 164 00a5 93000000 		.4byte	0x93
 165 00a9 04       		.uleb128 0x4
 166 00aa 6B020000 		.4byte	.LASF15
 167 00ae 02       		.byte	0x2
 168 00af 4F       		.byte	0x4f
 169 00b0 93000000 		.4byte	0x93
 170 00b4 04       		.uleb128 0x4
 171 00b5 10000000 		.4byte	.LASF16
 172 00b9 02       		.byte	0x2
ARM GAS  C:\Users\rbhar\AppData\Local\Temp\cc8jdh5B.s 			page 10


 173 00ba 54       		.byte	0x54
 174 00bb 9E000000 		.4byte	0x9e
 175 00bf 04       		.uleb128 0x4
 176 00c0 84000000 		.4byte	.LASF17
 177 00c4 02       		.byte	0x2
 178 00c5 78       		.byte	0x78
 179 00c6 88000000 		.4byte	0x88
 180 00ca 05       		.uleb128 0x5
 181 00cb 00000000 		.4byte	.LASF18
 182 00cf 04       		.byte	0x4
 183 00d0 0801     		.2byte	0x108
 184 00d2 7D000000 		.4byte	0x7d
 185 00d6 02       		.uleb128 0x2
 186 00d7 04       		.byte	0x4
 187 00d8 07       		.byte	0x7
 188 00d9 97020000 		.4byte	.LASF19
 189 00dd 02       		.uleb128 0x2
 190 00de 01       		.byte	0x1
 191 00df 08       		.byte	0x8
 192 00e0 AE020000 		.4byte	.LASF20
 193 00e4 02       		.uleb128 0x2
 194 00e5 04       		.byte	0x4
 195 00e6 04       		.byte	0x4
 196 00e7 A2000000 		.4byte	.LASF21
 197 00eb 02       		.uleb128 0x2
 198 00ec 08       		.byte	0x8
 199 00ed 04       		.byte	0x4
 200 00ee BD010000 		.4byte	.LASF22
 201 00f2 06       		.uleb128 0x6
 202 00f3 8B000000 		.4byte	.LASF23
 203 00f7 02       		.byte	0x2
 204 00f8 DC       		.byte	0xdc
 205 00f9 03       		.byte	0x3
 206 00fa 08010000 		.4byte	0x108
 207 00fe 07       		.uleb128 0x7
 208 00ff 6600     		.ascii	"f\000"
 209 0101 02       		.byte	0x2
 210 0102 DC       		.byte	0xdc
 211 0103 A9000000 		.4byte	0xa9
 212 0107 00       		.byte	0
 213 0108 08       		.uleb128 0x8
 214 0109 94030000 		.4byte	.LASF46
 215 010d 02       		.byte	0x2
 216 010e F1       		.byte	0xf1
 217 010f A9000000 		.4byte	0xa9
 218 0113 03       		.byte	0x3
 219 0114 24010000 		.4byte	0x124
 220 0118 09       		.uleb128 0x9
 221 0119 7E000000 		.4byte	.LASF25
 222 011d 02       		.byte	0x2
 223 011e F4       		.byte	0xf4
 224 011f A9000000 		.4byte	0xa9
 225 0123 00       		.byte	0
 226 0124 0A       		.uleb128 0xa
 227 0125 44030000 		.4byte	.LASF24
 228 0129 02       		.byte	0x2
 229 012a A201     		.2byte	0x1a2
ARM GAS  C:\Users\rbhar\AppData\Local\Temp\cc8jdh5B.s 			page 11


 230 012c 03       		.byte	0x3
 231 012d 3C010000 		.4byte	0x13c
 232 0131 0B       		.uleb128 0xb
 233 0132 6600     		.ascii	"f\000"
 234 0134 02       		.byte	0x2
 235 0135 A201     		.2byte	0x1a2
 236 0137 A9000000 		.4byte	0xa9
 237 013b 00       		.byte	0
 238 013c 0C       		.uleb128 0xc
 239 013d 53000000 		.4byte	.LASF47
 240 0141 02       		.byte	0x2
 241 0142 A801     		.2byte	0x1a8
 242 0144 A9000000 		.4byte	0xa9
 243 0148 03       		.byte	0x3
 244 0149 0D       		.uleb128 0xd
 245 014a 1C000000 		.4byte	.LASF48
 246 014e 01       		.byte	0x1
 247 014f 42       		.byte	0x42
 248 0150 00000000 		.4byte	.LFB65
 249 0154 12000000 		.4byte	.LFE65-.LFB65
 250 0158 01       		.uleb128 0x1
 251 0159 9C       		.byte	0x9c
 252 015a D6010000 		.4byte	0x1d6
 253 015e 09       		.uleb128 0x9
 254 015f 3E030000 		.4byte	.LASF26
 255 0163 01       		.byte	0x1
 256 0164 47       		.byte	0x47
 257 0165 9E000000 		.4byte	0x9e
 258 0169 0E       		.uleb128 0xe
 259 016a 3C010000 		.4byte	0x13c
 260 016e 02000000 		.4byte	.LBB14
 261 0172 06000000 		.4byte	.LBE14-.LBB14
 262 0176 01       		.byte	0x1
 263 0177 49       		.byte	0x49
 264 0178 9D010000 		.4byte	0x19d
 265 017c 0F       		.uleb128 0xf
 266 017d 08010000 		.4byte	0x108
 267 0181 02000000 		.4byte	.LBB15
 268 0185 06000000 		.4byte	.LBE15-.LBB15
 269 0189 02       		.byte	0x2
 270 018a AA01     		.2byte	0x1aa
 271 018c 10       		.uleb128 0x10
 272 018d 02000000 		.4byte	.LBB16
 273 0191 06000000 		.4byte	.LBE16-.LBB16
 274 0195 11       		.uleb128 0x11
 275 0196 18010000 		.4byte	0x118
 276 019a 00       		.byte	0
 277 019b 00       		.byte	0
 278 019c 00       		.byte	0
 279 019d 0E       		.uleb128 0xe
 280 019e 24010000 		.4byte	0x124
 281 01a2 0C000000 		.4byte	.LBB17
 282 01a6 06000000 		.4byte	.LBE17-.LBB17
 283 01aa 01       		.byte	0x1
 284 01ab DF       		.byte	0xdf
 285 01ac CC010000 		.4byte	0x1cc
 286 01b0 12       		.uleb128 0x12
ARM GAS  C:\Users\rbhar\AppData\Local\Temp\cc8jdh5B.s 			page 12


 287 01b1 31010000 		.4byte	0x131
 288 01b5 0F       		.uleb128 0xf
 289 01b6 F2000000 		.4byte	0xf2
 290 01ba 0C000000 		.4byte	.LBB18
 291 01be 06000000 		.4byte	.LBE18-.LBB18
 292 01c2 02       		.byte	0x2
 293 01c3 A401     		.2byte	0x1a4
 294 01c5 12       		.uleb128 0x12
 295 01c6 FE000000 		.4byte	0xfe
 296 01ca 00       		.byte	0
 297 01cb 00       		.byte	0
 298 01cc 13       		.uleb128 0x13
 299 01cd 0C000000 		.4byte	.LVL0
 300 01d1 F3020000 		.4byte	0x2f3
 301 01d5 00       		.byte	0
 302 01d6 14       		.uleb128 0x14
 303 01d7 13030000 		.4byte	.LASF27
 304 01db 05       		.byte	0x5
 305 01dc 44       		.byte	0x44
 306 01dd 9E000000 		.4byte	0x9e
 307 01e1 14       		.uleb128 0x14
 308 01e2 D3010000 		.4byte	.LASF28
 309 01e6 06       		.byte	0x6
 310 01e7 48       		.byte	0x48
 311 01e8 BF000000 		.4byte	0xbf
 312 01ec 15       		.uleb128 0x15
 313 01ed FC010000 		.4byte	0x1fc
 314 01f1 FC010000 		.4byte	0x1fc
 315 01f5 16       		.uleb128 0x16
 316 01f6 D6000000 		.4byte	0xd6
 317 01fa 00       		.byte	0
 318 01fb 00       		.byte	0
 319 01fc 17       		.uleb128 0x17
 320 01fd 9E000000 		.4byte	0x9e
 321 0201 14       		.uleb128 0x14
 322 0202 86020000 		.4byte	.LASF29
 323 0206 04       		.byte	0x4
 324 0207 B2       		.byte	0xb2
 325 0208 0C020000 		.4byte	0x20c
 326 020c 17       		.uleb128 0x17
 327 020d EC010000 		.4byte	0x1ec
 328 0211 14       		.uleb128 0x14
 329 0212 72010000 		.4byte	.LASF30
 330 0216 04       		.byte	0x4
 331 0217 B3       		.byte	0xb3
 332 0218 1C020000 		.4byte	0x21c
 333 021c 17       		.uleb128 0x17
 334 021d EC010000 		.4byte	0x1ec
 335 0221 15       		.uleb128 0x15
 336 0222 9E000000 		.4byte	0x9e
 337 0226 31020000 		.4byte	0x231
 338 022a 16       		.uleb128 0x16
 339 022b D6000000 		.4byte	0xd6
 340 022f 00       		.byte	0
 341 0230 00       		.byte	0
 342 0231 14       		.uleb128 0x14
 343 0232 AC030000 		.4byte	.LASF31
ARM GAS  C:\Users\rbhar\AppData\Local\Temp\cc8jdh5B.s 			page 13


 344 0236 04       		.byte	0x4
 345 0237 C1       		.byte	0xc1
 346 0238 21020000 		.4byte	0x221
 347 023c 15       		.uleb128 0x15
 348 023d BF000000 		.4byte	0xbf
 349 0241 4C020000 		.4byte	0x24c
 350 0245 16       		.uleb128 0x16
 351 0246 D6000000 		.4byte	0xd6
 352 024a 00       		.byte	0
 353 024b 00       		.byte	0
 354 024c 14       		.uleb128 0x14
 355 024d 41020000 		.4byte	.LASF32
 356 0251 04       		.byte	0x4
 357 0252 C9       		.byte	0xc9
 358 0253 3C020000 		.4byte	0x23c
 359 0257 14       		.uleb128 0x14
 360 0258 99010000 		.4byte	.LASF33
 361 025c 04       		.byte	0x4
 362 025d D1       		.byte	0xd1
 363 025e 21020000 		.4byte	0x221
 364 0262 14       		.uleb128 0x14
 365 0263 28030000 		.4byte	.LASF34
 366 0267 04       		.byte	0x4
 367 0268 D9       		.byte	0xd9
 368 0269 BF000000 		.4byte	0xbf
 369 026d 14       		.uleb128 0x14
 370 026e C4010000 		.4byte	.LASF35
 371 0272 04       		.byte	0x4
 372 0273 EE       		.byte	0xee
 373 0274 9E000000 		.4byte	0x9e
 374 0278 18       		.uleb128 0x18
 375 0279 2B000000 		.4byte	.LASF36
 376 027d 04       		.byte	0x4
 377 027e 3601     		.2byte	0x136
 378 0280 CA000000 		.4byte	0xca
 379 0284 18       		.uleb128 0x18
 380 0285 44010000 		.4byte	.LASF37
 381 0289 04       		.byte	0x4
 382 028a 5301     		.2byte	0x153
 383 028c 21020000 		.4byte	0x221
 384 0290 15       		.uleb128 0x15
 385 0291 B4000000 		.4byte	0xb4
 386 0295 A0020000 		.4byte	0x2a0
 387 0299 16       		.uleb128 0x16
 388 029a D6000000 		.4byte	0xd6
 389 029e 00       		.byte	0
 390 029f 00       		.byte	0
 391 02a0 18       		.uleb128 0x18
 392 02a1 83030000 		.4byte	.LASF38
 393 02a5 04       		.byte	0x4
 394 02a6 5E01     		.2byte	0x15e
 395 02a8 90020000 		.4byte	0x290
 396 02ac 14       		.uleb128 0x14
 397 02ad A5010000 		.4byte	.LASF39
 398 02b1 07       		.byte	0x7
 399 02b2 40       		.byte	0x40
 400 02b3 9E000000 		.4byte	0x9e
ARM GAS  C:\Users\rbhar\AppData\Local\Temp\cc8jdh5B.s 			page 14


 401 02b7 14       		.uleb128 0x14
 402 02b8 65000000 		.4byte	.LASF40
 403 02bc 07       		.byte	0x7
 404 02bd 47       		.byte	0x47
 405 02be A9000000 		.4byte	0xa9
 406 02c2 14       		.uleb128 0x14
 407 02c3 73020000 		.4byte	.LASF41
 408 02c7 07       		.byte	0x7
 409 02c8 4A       		.byte	0x4a
 410 02c9 9E000000 		.4byte	0x9e
 411 02cd 15       		.uleb128 0x15
 412 02ce DD020000 		.4byte	0x2dd
 413 02d2 DD020000 		.4byte	0x2dd
 414 02d6 16       		.uleb128 0x16
 415 02d7 D6000000 		.4byte	0xd6
 416 02db FF       		.byte	0xff
 417 02dc 00       		.byte	0
 418 02dd 17       		.uleb128 0x17
 419 02de 72000000 		.4byte	0x72
 420 02e2 18       		.uleb128 0x18
 421 02e3 5E030000 		.4byte	.LASF42
 422 02e7 08       		.byte	0x8
 423 02e8 AB01     		.2byte	0x1ab
 424 02ea EE020000 		.4byte	0x2ee
 425 02ee 17       		.uleb128 0x17
 426 02ef CD020000 		.4byte	0x2cd
 427 02f3 19       		.uleb128 0x19
 428 02f4 39000000 		.4byte	.LASF49
 429 02f8 39000000 		.4byte	.LASF49
 430 02fc 01       		.byte	0x1
 431 02fd 3F       		.byte	0x3f
 432 02fe 00       		.byte	0
 433              		.section	.debug_abbrev,"",%progbits
 434              	.Ldebug_abbrev0:
 435 0000 01       		.uleb128 0x1
 436 0001 11       		.uleb128 0x11
 437 0002 01       		.byte	0x1
 438 0003 25       		.uleb128 0x25
 439 0004 0E       		.uleb128 0xe
 440 0005 13       		.uleb128 0x13
 441 0006 0B       		.uleb128 0xb
 442 0007 03       		.uleb128 0x3
 443 0008 0E       		.uleb128 0xe
 444 0009 1B       		.uleb128 0x1b
 445 000a 0E       		.uleb128 0xe
 446 000b 55       		.uleb128 0x55
 447 000c 17       		.uleb128 0x17
 448 000d 11       		.uleb128 0x11
 449 000e 01       		.uleb128 0x1
 450 000f 10       		.uleb128 0x10
 451 0010 17       		.uleb128 0x17
 452 0011 00       		.byte	0
 453 0012 00       		.byte	0
 454 0013 02       		.uleb128 0x2
 455 0014 24       		.uleb128 0x24
 456 0015 00       		.byte	0
 457 0016 0B       		.uleb128 0xb
ARM GAS  C:\Users\rbhar\AppData\Local\Temp\cc8jdh5B.s 			page 15


 458 0017 0B       		.uleb128 0xb
 459 0018 3E       		.uleb128 0x3e
 460 0019 0B       		.uleb128 0xb
 461 001a 03       		.uleb128 0x3
 462 001b 0E       		.uleb128 0xe
 463 001c 00       		.byte	0
 464 001d 00       		.byte	0
 465 001e 03       		.uleb128 0x3
 466 001f 24       		.uleb128 0x24
 467 0020 00       		.byte	0
 468 0021 0B       		.uleb128 0xb
 469 0022 0B       		.uleb128 0xb
 470 0023 3E       		.uleb128 0x3e
 471 0024 0B       		.uleb128 0xb
 472 0025 03       		.uleb128 0x3
 473 0026 08       		.uleb128 0x8
 474 0027 00       		.byte	0
 475 0028 00       		.byte	0
 476 0029 04       		.uleb128 0x4
 477 002a 16       		.uleb128 0x16
 478 002b 00       		.byte	0
 479 002c 03       		.uleb128 0x3
 480 002d 0E       		.uleb128 0xe
 481 002e 3A       		.uleb128 0x3a
 482 002f 0B       		.uleb128 0xb
 483 0030 3B       		.uleb128 0x3b
 484 0031 0B       		.uleb128 0xb
 485 0032 49       		.uleb128 0x49
 486 0033 13       		.uleb128 0x13
 487 0034 00       		.byte	0
 488 0035 00       		.byte	0
 489 0036 05       		.uleb128 0x5
 490 0037 16       		.uleb128 0x16
 491 0038 00       		.byte	0
 492 0039 03       		.uleb128 0x3
 493 003a 0E       		.uleb128 0xe
 494 003b 3A       		.uleb128 0x3a
 495 003c 0B       		.uleb128 0xb
 496 003d 3B       		.uleb128 0x3b
 497 003e 05       		.uleb128 0x5
 498 003f 49       		.uleb128 0x49
 499 0040 13       		.uleb128 0x13
 500 0041 00       		.byte	0
 501 0042 00       		.byte	0
 502 0043 06       		.uleb128 0x6
 503 0044 2E       		.uleb128 0x2e
 504 0045 01       		.byte	0x1
 505 0046 03       		.uleb128 0x3
 506 0047 0E       		.uleb128 0xe
 507 0048 3A       		.uleb128 0x3a
 508 0049 0B       		.uleb128 0xb
 509 004a 3B       		.uleb128 0x3b
 510 004b 0B       		.uleb128 0xb
 511 004c 27       		.uleb128 0x27
 512 004d 19       		.uleb128 0x19
 513 004e 20       		.uleb128 0x20
 514 004f 0B       		.uleb128 0xb
ARM GAS  C:\Users\rbhar\AppData\Local\Temp\cc8jdh5B.s 			page 16


 515 0050 01       		.uleb128 0x1
 516 0051 13       		.uleb128 0x13
 517 0052 00       		.byte	0
 518 0053 00       		.byte	0
 519 0054 07       		.uleb128 0x7
 520 0055 05       		.uleb128 0x5
 521 0056 00       		.byte	0
 522 0057 03       		.uleb128 0x3
 523 0058 08       		.uleb128 0x8
 524 0059 3A       		.uleb128 0x3a
 525 005a 0B       		.uleb128 0xb
 526 005b 3B       		.uleb128 0x3b
 527 005c 0B       		.uleb128 0xb
 528 005d 49       		.uleb128 0x49
 529 005e 13       		.uleb128 0x13
 530 005f 00       		.byte	0
 531 0060 00       		.byte	0
 532 0061 08       		.uleb128 0x8
 533 0062 2E       		.uleb128 0x2e
 534 0063 01       		.byte	0x1
 535 0064 03       		.uleb128 0x3
 536 0065 0E       		.uleb128 0xe
 537 0066 3A       		.uleb128 0x3a
 538 0067 0B       		.uleb128 0xb
 539 0068 3B       		.uleb128 0x3b
 540 0069 0B       		.uleb128 0xb
 541 006a 27       		.uleb128 0x27
 542 006b 19       		.uleb128 0x19
 543 006c 49       		.uleb128 0x49
 544 006d 13       		.uleb128 0x13
 545 006e 20       		.uleb128 0x20
 546 006f 0B       		.uleb128 0xb
 547 0070 01       		.uleb128 0x1
 548 0071 13       		.uleb128 0x13
 549 0072 00       		.byte	0
 550 0073 00       		.byte	0
 551 0074 09       		.uleb128 0x9
 552 0075 34       		.uleb128 0x34
 553 0076 00       		.byte	0
 554 0077 03       		.uleb128 0x3
 555 0078 0E       		.uleb128 0xe
 556 0079 3A       		.uleb128 0x3a
 557 007a 0B       		.uleb128 0xb
 558 007b 3B       		.uleb128 0x3b
 559 007c 0B       		.uleb128 0xb
 560 007d 49       		.uleb128 0x49
 561 007e 13       		.uleb128 0x13
 562 007f 00       		.byte	0
 563 0080 00       		.byte	0
 564 0081 0A       		.uleb128 0xa
 565 0082 2E       		.uleb128 0x2e
 566 0083 01       		.byte	0x1
 567 0084 03       		.uleb128 0x3
 568 0085 0E       		.uleb128 0xe
 569 0086 3A       		.uleb128 0x3a
 570 0087 0B       		.uleb128 0xb
 571 0088 3B       		.uleb128 0x3b
ARM GAS  C:\Users\rbhar\AppData\Local\Temp\cc8jdh5B.s 			page 17


 572 0089 05       		.uleb128 0x5
 573 008a 27       		.uleb128 0x27
 574 008b 19       		.uleb128 0x19
 575 008c 20       		.uleb128 0x20
 576 008d 0B       		.uleb128 0xb
 577 008e 01       		.uleb128 0x1
 578 008f 13       		.uleb128 0x13
 579 0090 00       		.byte	0
 580 0091 00       		.byte	0
 581 0092 0B       		.uleb128 0xb
 582 0093 05       		.uleb128 0x5
 583 0094 00       		.byte	0
 584 0095 03       		.uleb128 0x3
 585 0096 08       		.uleb128 0x8
 586 0097 3A       		.uleb128 0x3a
 587 0098 0B       		.uleb128 0xb
 588 0099 3B       		.uleb128 0x3b
 589 009a 05       		.uleb128 0x5
 590 009b 49       		.uleb128 0x49
 591 009c 13       		.uleb128 0x13
 592 009d 00       		.byte	0
 593 009e 00       		.byte	0
 594 009f 0C       		.uleb128 0xc
 595 00a0 2E       		.uleb128 0x2e
 596 00a1 00       		.byte	0
 597 00a2 03       		.uleb128 0x3
 598 00a3 0E       		.uleb128 0xe
 599 00a4 3A       		.uleb128 0x3a
 600 00a5 0B       		.uleb128 0xb
 601 00a6 3B       		.uleb128 0x3b
 602 00a7 05       		.uleb128 0x5
 603 00a8 27       		.uleb128 0x27
 604 00a9 19       		.uleb128 0x19
 605 00aa 49       		.uleb128 0x49
 606 00ab 13       		.uleb128 0x13
 607 00ac 20       		.uleb128 0x20
 608 00ad 0B       		.uleb128 0xb
 609 00ae 00       		.byte	0
 610 00af 00       		.byte	0
 611 00b0 0D       		.uleb128 0xd
 612 00b1 2E       		.uleb128 0x2e
 613 00b2 01       		.byte	0x1
 614 00b3 3F       		.uleb128 0x3f
 615 00b4 19       		.uleb128 0x19
 616 00b5 03       		.uleb128 0x3
 617 00b6 0E       		.uleb128 0xe
 618 00b7 3A       		.uleb128 0x3a
 619 00b8 0B       		.uleb128 0xb
 620 00b9 3B       		.uleb128 0x3b
 621 00ba 0B       		.uleb128 0xb
 622 00bb 27       		.uleb128 0x27
 623 00bc 19       		.uleb128 0x19
 624 00bd 11       		.uleb128 0x11
 625 00be 01       		.uleb128 0x1
 626 00bf 12       		.uleb128 0x12
 627 00c0 06       		.uleb128 0x6
 628 00c1 40       		.uleb128 0x40
ARM GAS  C:\Users\rbhar\AppData\Local\Temp\cc8jdh5B.s 			page 18


 629 00c2 18       		.uleb128 0x18
 630 00c3 9742     		.uleb128 0x2117
 631 00c5 19       		.uleb128 0x19
 632 00c6 01       		.uleb128 0x1
 633 00c7 13       		.uleb128 0x13
 634 00c8 00       		.byte	0
 635 00c9 00       		.byte	0
 636 00ca 0E       		.uleb128 0xe
 637 00cb 1D       		.uleb128 0x1d
 638 00cc 01       		.byte	0x1
 639 00cd 31       		.uleb128 0x31
 640 00ce 13       		.uleb128 0x13
 641 00cf 11       		.uleb128 0x11
 642 00d0 01       		.uleb128 0x1
 643 00d1 12       		.uleb128 0x12
 644 00d2 06       		.uleb128 0x6
 645 00d3 58       		.uleb128 0x58
 646 00d4 0B       		.uleb128 0xb
 647 00d5 59       		.uleb128 0x59
 648 00d6 0B       		.uleb128 0xb
 649 00d7 01       		.uleb128 0x1
 650 00d8 13       		.uleb128 0x13
 651 00d9 00       		.byte	0
 652 00da 00       		.byte	0
 653 00db 0F       		.uleb128 0xf
 654 00dc 1D       		.uleb128 0x1d
 655 00dd 01       		.byte	0x1
 656 00de 31       		.uleb128 0x31
 657 00df 13       		.uleb128 0x13
 658 00e0 11       		.uleb128 0x11
 659 00e1 01       		.uleb128 0x1
 660 00e2 12       		.uleb128 0x12
 661 00e3 06       		.uleb128 0x6
 662 00e4 58       		.uleb128 0x58
 663 00e5 0B       		.uleb128 0xb
 664 00e6 59       		.uleb128 0x59
 665 00e7 05       		.uleb128 0x5
 666 00e8 00       		.byte	0
 667 00e9 00       		.byte	0
 668 00ea 10       		.uleb128 0x10
 669 00eb 0B       		.uleb128 0xb
 670 00ec 01       		.byte	0x1
 671 00ed 11       		.uleb128 0x11
 672 00ee 01       		.uleb128 0x1
 673 00ef 12       		.uleb128 0x12
 674 00f0 06       		.uleb128 0x6
 675 00f1 00       		.byte	0
 676 00f2 00       		.byte	0
 677 00f3 11       		.uleb128 0x11
 678 00f4 34       		.uleb128 0x34
 679 00f5 00       		.byte	0
 680 00f6 31       		.uleb128 0x31
 681 00f7 13       		.uleb128 0x13
 682 00f8 00       		.byte	0
 683 00f9 00       		.byte	0
 684 00fa 12       		.uleb128 0x12
 685 00fb 05       		.uleb128 0x5
ARM GAS  C:\Users\rbhar\AppData\Local\Temp\cc8jdh5B.s 			page 19


 686 00fc 00       		.byte	0
 687 00fd 31       		.uleb128 0x31
 688 00fe 13       		.uleb128 0x13
 689 00ff 00       		.byte	0
 690 0100 00       		.byte	0
 691 0101 13       		.uleb128 0x13
 692 0102 898201   		.uleb128 0x4109
 693 0105 00       		.byte	0
 694 0106 11       		.uleb128 0x11
 695 0107 01       		.uleb128 0x1
 696 0108 31       		.uleb128 0x31
 697 0109 13       		.uleb128 0x13
 698 010a 00       		.byte	0
 699 010b 00       		.byte	0
 700 010c 14       		.uleb128 0x14
 701 010d 34       		.uleb128 0x34
 702 010e 00       		.byte	0
 703 010f 03       		.uleb128 0x3
 704 0110 0E       		.uleb128 0xe
 705 0111 3A       		.uleb128 0x3a
 706 0112 0B       		.uleb128 0xb
 707 0113 3B       		.uleb128 0x3b
 708 0114 0B       		.uleb128 0xb
 709 0115 49       		.uleb128 0x49
 710 0116 13       		.uleb128 0x13
 711 0117 3F       		.uleb128 0x3f
 712 0118 19       		.uleb128 0x19
 713 0119 3C       		.uleb128 0x3c
 714 011a 19       		.uleb128 0x19
 715 011b 00       		.byte	0
 716 011c 00       		.byte	0
 717 011d 15       		.uleb128 0x15
 718 011e 01       		.uleb128 0x1
 719 011f 01       		.byte	0x1
 720 0120 49       		.uleb128 0x49
 721 0121 13       		.uleb128 0x13
 722 0122 01       		.uleb128 0x1
 723 0123 13       		.uleb128 0x13
 724 0124 00       		.byte	0
 725 0125 00       		.byte	0
 726 0126 16       		.uleb128 0x16
 727 0127 21       		.uleb128 0x21
 728 0128 00       		.byte	0
 729 0129 49       		.uleb128 0x49
 730 012a 13       		.uleb128 0x13
 731 012b 2F       		.uleb128 0x2f
 732 012c 0B       		.uleb128 0xb
 733 012d 00       		.byte	0
 734 012e 00       		.byte	0
 735 012f 17       		.uleb128 0x17
 736 0130 26       		.uleb128 0x26
 737 0131 00       		.byte	0
 738 0132 49       		.uleb128 0x49
 739 0133 13       		.uleb128 0x13
 740 0134 00       		.byte	0
 741 0135 00       		.byte	0
 742 0136 18       		.uleb128 0x18
ARM GAS  C:\Users\rbhar\AppData\Local\Temp\cc8jdh5B.s 			page 20


 743 0137 34       		.uleb128 0x34
 744 0138 00       		.byte	0
 745 0139 03       		.uleb128 0x3
 746 013a 0E       		.uleb128 0xe
 747 013b 3A       		.uleb128 0x3a
 748 013c 0B       		.uleb128 0xb
 749 013d 3B       		.uleb128 0x3b
 750 013e 05       		.uleb128 0x5
 751 013f 49       		.uleb128 0x49
 752 0140 13       		.uleb128 0x13
 753 0141 3F       		.uleb128 0x3f
 754 0142 19       		.uleb128 0x19
 755 0143 3C       		.uleb128 0x3c
 756 0144 19       		.uleb128 0x19
 757 0145 00       		.byte	0
 758 0146 00       		.byte	0
 759 0147 19       		.uleb128 0x19
 760 0148 2E       		.uleb128 0x2e
 761 0149 00       		.byte	0
 762 014a 3F       		.uleb128 0x3f
 763 014b 19       		.uleb128 0x19
 764 014c 3C       		.uleb128 0x3c
 765 014d 19       		.uleb128 0x19
 766 014e 6E       		.uleb128 0x6e
 767 014f 0E       		.uleb128 0xe
 768 0150 03       		.uleb128 0x3
 769 0151 0E       		.uleb128 0xe
 770 0152 3A       		.uleb128 0x3a
 771 0153 0B       		.uleb128 0xb
 772 0154 3B       		.uleb128 0x3b
 773 0155 0B       		.uleb128 0xb
 774 0156 00       		.byte	0
 775 0157 00       		.byte	0
 776 0158 00       		.byte	0
 777              		.section	.debug_aranges,"",%progbits
 778 0000 1C000000 		.4byte	0x1c
 779 0004 0200     		.2byte	0x2
 780 0006 00000000 		.4byte	.Ldebug_info0
 781 000a 04       		.byte	0x4
 782 000b 00       		.byte	0
 783 000c 0000     		.2byte	0
 784 000e 0000     		.2byte	0
 785 0010 00000000 		.4byte	.LFB65
 786 0014 12000000 		.4byte	.LFE65-.LFB65
 787 0018 00000000 		.4byte	0
 788 001c 00000000 		.4byte	0
 789              		.section	.debug_ranges,"",%progbits
 790              	.Ldebug_ranges0:
 791 0000 00000000 		.4byte	.LFB65
 792 0004 12000000 		.4byte	.LFE65
 793 0008 00000000 		.4byte	0
 794 000c 00000000 		.4byte	0
 795              		.section	.debug_line,"",%progbits
 796              	.Ldebug_line0:
 797 0000 51010000 		.section	.debug_str,"MS",%progbits,1
 797      02002801 
 797      00000201 
ARM GAS  C:\Users\rbhar\AppData\Local\Temp\cc8jdh5B.s 			page 21


 797      FB0E0D00 
 797      01010101 
 798              	.LASF18:
 799 0000 45455F54 		.ascii	"EE_TYPE_RQ_MASK\000"
 799      5950455F 
 799      52515F4D 
 799      41534B00 
 800              	.LASF16:
 801 0010 45455F54 		.ascii	"EE_TYPEBOOL\000"
 801      59504542 
 801      4F4F4C00 
 802              	.LASF48:
 803 001c 45455F73 		.ascii	"EE_system_init\000"
 803      79737465 
 803      6D5F696E 
 803      697400
 804              	.LASF36:
 805 002b 45455F72 		.ascii	"EE_rq_bitmask\000"
 805      715F6269 
 805      746D6173 
 805      6B00
 806              	.LASF49:
 807 0039 45455F73 		.ascii	"EE_set_switch_context_pri\000"
 807      65745F73 
 807      77697463 
 807      685F636F 
 807      6E746578 
 808              	.LASF47:
 809 0053 45455F68 		.ascii	"EE_hal_suspendIRQ\000"
 809      616C5F73 
 809      75737065 
 809      6E644952 
 809      5100
 810              	.LASF40:
 811 0065 45455F6F 		.ascii	"EE_oo_IRQ_suspend_status\000"
 811      6F5F4952 
 811      515F7375 
 811      7370656E 
 811      645F7374 
 812              	.LASF25:
 813 007e 69737461 		.ascii	"istat\000"
 813      7400
 814              	.LASF17:
 815 0084 45455F54 		.ascii	"EE_TID\000"
 815      494400
 816              	.LASF23:
 817 008b 45455F63 		.ascii	"EE_cortex_mx_resumeIRQ\000"
 817      6F727465 
 817      785F6D78 
 817      5F726573 
 817      756D6549 
 818              	.LASF21:
 819 00a2 666C6F61 		.ascii	"float\000"
 819      7400
 820              	.LASF1:
 821 00a8 756E7369 		.ascii	"unsigned char\000"
 821      676E6564 
ARM GAS  C:\Users\rbhar\AppData\Local\Temp\cc8jdh5B.s 			page 22


 821      20636861 
 821      7200
 822              	.LASF43:
 823 00b6 474E5520 		.ascii	"GNU C11 5.4.1 20160609 (release) [ARM/embedded-5-br"
 823      43313120 
 823      352E342E 
 823      31203230 
 823      31363036 
 824 00e9 616E6368 		.ascii	"anch revision 237715] -mcpu=cortex-m3 -mthumb -g -O"
 824      20726576 
 824      6973696F 
 824      6E203233 
 824      37373135 
 825 011c 67202D66 		.ascii	"g -ffunction-sections -ffat-lto-objects\000"
 825      66756E63 
 825      74696F6E 
 825      2D736563 
 825      74696F6E 
 826              	.LASF37:
 827 0144 45455F74 		.ascii	"EE_th_event_active\000"
 827      685F6576 
 827      656E745F 
 827      61637469 
 827      766500
 828              	.LASF12:
 829 0157 45455F49 		.ascii	"EE_INT32\000"
 829      4E543332 
 829      00
 830              	.LASF5:
 831 0160 6C6F6E67 		.ascii	"long unsigned int\000"
 831      20756E73 
 831      69676E65 
 831      6420696E 
 831      7400
 832              	.LASF30:
 833 0172 45455F74 		.ascii	"EE_th_dispatch_prio\000"
 833      685F6469 
 833      73706174 
 833      63685F70 
 833      72696F00 
 834              	.LASF3:
 835 0186 73686F72 		.ascii	"short unsigned int\000"
 835      7420756E 
 835      7369676E 
 835      65642069 
 835      6E7400
 836              	.LASF33:
 837 0199 45455F74 		.ascii	"EE_th_rnact\000"
 837      685F726E 
 837      61637400 
 838              	.LASF39:
 839 01a5 45455F6F 		.ascii	"EE_oo_IRQ_disable_count\000"
 839      6F5F4952 
 839      515F6469 
 839      7361626C 
 839      655F636F 
 840              	.LASF22:
ARM GAS  C:\Users\rbhar\AppData\Local\Temp\cc8jdh5B.s 			page 23


 841 01bd 646F7562 		.ascii	"double\000"
 841      6C6500
 842              	.LASF35:
 843 01c4 45455F73 		.ascii	"EE_sys_ceiling\000"
 843      79735F63 
 843      65696C69 
 843      6E6700
 844              	.LASF28:
 845 01d3 45455F73 		.ascii	"EE_std_endcycle_next_tid\000"
 845      74645F65 
 845      6E646379 
 845      636C655F 
 845      6E657874 
 846              	.LASF11:
 847 01ec 45455F55 		.ascii	"EE_UINT16\000"
 847      494E5431 
 847      3600
 848              	.LASF8:
 849 01f6 756E7369 		.ascii	"unsigned int\000"
 849      676E6564 
 849      20696E74 
 849      00
 850              	.LASF44:
 851 0203 47656E65 		.ascii	"Generated_Source\\PSoC5\\ErikaOS_cortex_mx_ee_utils"
 851      72617465 
 851      645F536F 
 851      75726365 
 851      5C50536F 
 852 0234 2E6300   		.ascii	".c\000"
 853              	.LASF13:
 854 0237 45455F55 		.ascii	"EE_UINT32\000"
 854      494E5433 
 854      3200
 855              	.LASF32:
 856 0241 45455F74 		.ascii	"EE_th_next\000"
 856      685F6E65 
 856      787400
 857              	.LASF7:
 858 024c 6C6F6E67 		.ascii	"long long unsigned int\000"
 858      206C6F6E 
 858      6720756E 
 858      7369676E 
 858      65642069 
 859              	.LASF10:
 860 0263 45455F49 		.ascii	"EE_INT8\000"
 860      4E543800 
 861              	.LASF15:
 862 026b 45455F46 		.ascii	"EE_FREG\000"
 862      52454700 
 863              	.LASF41:
 864 0273 45455F41 		.ascii	"EE_ApplicationMode\000"
 864      70706C69 
 864      63617469 
 864      6F6E4D6F 
 864      646500
 865              	.LASF29:
 866 0286 45455F74 		.ascii	"EE_th_ready_prio\000"
ARM GAS  C:\Users\rbhar\AppData\Local\Temp\cc8jdh5B.s 			page 24


 866      685F7265 
 866      6164795F 
 866      7072696F 
 866      00
 867              	.LASF19:
 868 0297 73697A65 		.ascii	"sizetype\000"
 868      74797065 
 868      00
 869              	.LASF6:
 870 02a0 6C6F6E67 		.ascii	"long long int\000"
 870      206C6F6E 
 870      6720696E 
 870      7400
 871              	.LASF20:
 872 02ae 63686172 		.ascii	"char\000"
 872      00
 873              	.LASF45:
 874 02b3 443A5C48 		.ascii	"D:\\HDA\\1_sem\\Embedded System Design\\Lab\\Assign"
 874      44415C31 
 874      5F73656D 
 874      5C456D62 
 874      65646465 
 875 02e1 6D656E74 		.ascii	"ment_1\\ReactionGame_OS\\ReactionGame.cydsn\000"
 875      5F315C52 
 875      65616374 
 875      696F6E47 
 875      616D655F 
 876              	.LASF14:
 877 030b 45455F55 		.ascii	"EE_UREG\000"
 877      52454700 
 878              	.LASF27:
 879 0313 45455F49 		.ascii	"EE_IRQ_nesting_level\000"
 879      52515F6E 
 879      65737469 
 879      6E675F6C 
 879      6576656C 
 880              	.LASF34:
 881 0328 45455F73 		.ascii	"EE_stkfirst\000"
 881      746B6669 
 881      72737400 
 882              	.LASF2:
 883 0334 73686F72 		.ascii	"short int\000"
 883      7420696E 
 883      7400
 884              	.LASF26:
 885 033e 666C6167 		.ascii	"flags\000"
 885      7300
 886              	.LASF24:
 887 0344 45455F68 		.ascii	"EE_hal_resumeIRQ\000"
 887      616C5F72 
 887      6573756D 
 887      65495251 
 887      00
 888              	.LASF4:
 889 0355 6C6F6E67 		.ascii	"long int\000"
 889      20696E74 
 889      00
ARM GAS  C:\Users\rbhar\AppData\Local\Temp\cc8jdh5B.s 			page 25


 890              	.LASF42:
 891 035e 45455F72 		.ascii	"EE_rq_lookup\000"
 891      715F6C6F 
 891      6F6B7570 
 891      00
 892              	.LASF9:
 893 036b 6C6F6E67 		.ascii	"long double\000"
 893      20646F75 
 893      626C6500 
 894              	.LASF0:
 895 0377 7369676E 		.ascii	"signed char\000"
 895      65642063 
 895      68617200 
 896              	.LASF38:
 897 0383 45455F74 		.ascii	"EE_th_waswaiting\000"
 897      685F7761 
 897      73776169 
 897      74696E67 
 897      00
 898              	.LASF46:
 899 0394 45455F63 		.ascii	"EE_cortex_mx_suspendIRQ\000"
 899      6F727465 
 899      785F6D78 
 899      5F737573 
 899      70656E64 
 900              	.LASF31:
 901 03ac 45455F74 		.ascii	"EE_th_status\000"
 901      685F7374 
 901      61747573 
 901      00
 902              		.ident	"GCC: (GNU Tools for ARM Embedded Processors) 5.4.1 20160609 (release) [ARM/embedded-5-bran
