ARM GAS  C:\Users\rbhar\AppData\Local\Temp\ccOyJW2d.s 			page 1


   1              		.syntax unified
   2              		.cpu cortex-m3
   3              		.fpu softvfp
   4              		.eabi_attribute 20, 1
   5              		.eabi_attribute 21, 1
   6              		.eabi_attribute 23, 3
   7              		.eabi_attribute 24, 1
   8              		.eabi_attribute 25, 1
   9              		.eabi_attribute 26, 1
  10              		.eabi_attribute 30, 1
  11              		.eabi_attribute 34, 1
  12              		.eabi_attribute 18, 4
  13              		.thumb
  14              		.syntax unified
  15              		.file	"ErikaOS_ee_gettaskid.c"
  16              		.text
  17              	.Ltext0:
  18              		.cfi_sections	.debug_frame
  19              		.section	.text.EE_oo_GetTaskID,"ax",%progbits
  20              		.align	2
  21              		.global	EE_oo_GetTaskID
  22              		.thumb
  23              		.thumb_func
  24              		.type	EE_oo_GetTaskID, %function
  25              	EE_oo_GetTaskID:
  26              	.LFB59:
  27              		.file 1 "Generated_Source\\PSoC5\\ErikaOS_ee_gettaskid.c"
   1:Generated_Source\PSoC5/ErikaOS_ee_gettaskid.c **** /* ###*B*###
   2:Generated_Source\PSoC5/ErikaOS_ee_gettaskid.c ****  * ERIKA Enterprise - a tiny RTOS for small microcontrollers
   3:Generated_Source\PSoC5/ErikaOS_ee_gettaskid.c ****  *
   4:Generated_Source\PSoC5/ErikaOS_ee_gettaskid.c ****  * Copyright (C) 2002-2008  Evidence Srl
   5:Generated_Source\PSoC5/ErikaOS_ee_gettaskid.c ****  *
   6:Generated_Source\PSoC5/ErikaOS_ee_gettaskid.c ****  * This file is part of ERIKA Enterprise.
   7:Generated_Source\PSoC5/ErikaOS_ee_gettaskid.c ****  *
   8:Generated_Source\PSoC5/ErikaOS_ee_gettaskid.c ****  * ERIKA Enterprise is free software; you can redistribute it
   9:Generated_Source\PSoC5/ErikaOS_ee_gettaskid.c ****  * and/or modify it under the terms of the GNU General Public License
  10:Generated_Source\PSoC5/ErikaOS_ee_gettaskid.c ****  * version 2 as published by the Free Software Foundation, 
  11:Generated_Source\PSoC5/ErikaOS_ee_gettaskid.c ****  * (with a special exception described below).
  12:Generated_Source\PSoC5/ErikaOS_ee_gettaskid.c ****  *
  13:Generated_Source\PSoC5/ErikaOS_ee_gettaskid.c ****  * Linking this code statically or dynamically with other modules is
  14:Generated_Source\PSoC5/ErikaOS_ee_gettaskid.c ****  * making a combined work based on this code.  Thus, the terms and
  15:Generated_Source\PSoC5/ErikaOS_ee_gettaskid.c ****  * conditions of the GNU General Public License cover the whole
  16:Generated_Source\PSoC5/ErikaOS_ee_gettaskid.c ****  * combination.
  17:Generated_Source\PSoC5/ErikaOS_ee_gettaskid.c ****  *
  18:Generated_Source\PSoC5/ErikaOS_ee_gettaskid.c ****  * As a special exception, the copyright holders of this library give you
  19:Generated_Source\PSoC5/ErikaOS_ee_gettaskid.c ****  * permission to link this code with independent modules to produce an
  20:Generated_Source\PSoC5/ErikaOS_ee_gettaskid.c ****  * executable, regardless of the license terms of these independent
  21:Generated_Source\PSoC5/ErikaOS_ee_gettaskid.c ****  * modules, and to copy and distribute the resulting executable under
  22:Generated_Source\PSoC5/ErikaOS_ee_gettaskid.c ****  * terms of your choice, provided that you also meet, for each linked
  23:Generated_Source\PSoC5/ErikaOS_ee_gettaskid.c ****  * independent module, the terms and conditions of the license of that
  24:Generated_Source\PSoC5/ErikaOS_ee_gettaskid.c ****  * module.  An independent module is a module which is not derived from
  25:Generated_Source\PSoC5/ErikaOS_ee_gettaskid.c ****  * or based on this library.  If you modify this code, you may extend
  26:Generated_Source\PSoC5/ErikaOS_ee_gettaskid.c ****  * this exception to your version of the code, but you are not
  27:Generated_Source\PSoC5/ErikaOS_ee_gettaskid.c ****  * obligated to do so.  If you do not wish to do so, delete this
  28:Generated_Source\PSoC5/ErikaOS_ee_gettaskid.c ****  * exception statement from your version.
  29:Generated_Source\PSoC5/ErikaOS_ee_gettaskid.c ****  *
  30:Generated_Source\PSoC5/ErikaOS_ee_gettaskid.c ****  * ERIKA Enterprise is distributed in the hope that it will be
ARM GAS  C:\Users\rbhar\AppData\Local\Temp\ccOyJW2d.s 			page 2


  31:Generated_Source\PSoC5/ErikaOS_ee_gettaskid.c ****  * useful, but WITHOUT ANY WARRANTY; without even the implied warranty
  32:Generated_Source\PSoC5/ErikaOS_ee_gettaskid.c ****  * of MERCHANTABILITY or FITNESS FOR A PARTICULAR PURPOSE.  See the
  33:Generated_Source\PSoC5/ErikaOS_ee_gettaskid.c ****  * GNU General Public License version 2 for more details.
  34:Generated_Source\PSoC5/ErikaOS_ee_gettaskid.c ****  *
  35:Generated_Source\PSoC5/ErikaOS_ee_gettaskid.c ****  * You should have received a copy of the GNU General Public License
  36:Generated_Source\PSoC5/ErikaOS_ee_gettaskid.c ****  * version 2 along with ERIKA Enterprise; if not, write to the
  37:Generated_Source\PSoC5/ErikaOS_ee_gettaskid.c ****  * Free Software Foundation, Inc., 51 Franklin Street, Fifth Floor,
  38:Generated_Source\PSoC5/ErikaOS_ee_gettaskid.c ****  * Boston, MA 02110-1301 USA.
  39:Generated_Source\PSoC5/ErikaOS_ee_gettaskid.c ****  * ###*E*### */
  40:Generated_Source\PSoC5/ErikaOS_ee_gettaskid.c **** 
  41:Generated_Source\PSoC5/ErikaOS_ee_gettaskid.c **** /*
  42:Generated_Source\PSoC5/ErikaOS_ee_gettaskid.c ****  * Author: 2004 Paolo Gai
  43:Generated_Source\PSoC5/ErikaOS_ee_gettaskid.c ****  * CVS: $Id: ee_gettaskid.c,v 1.1 2005/07/16 12:23:42 pj Exp $
  44:Generated_Source\PSoC5/ErikaOS_ee_gettaskid.c ****  */
  45:Generated_Source\PSoC5/ErikaOS_ee_gettaskid.c **** 
  46:Generated_Source\PSoC5/ErikaOS_ee_gettaskid.c **** /*
  47:Generated_Source\PSoC5/ErikaOS_ee_gettaskid.c ****  * PSoC Port and API Generation
  48:Generated_Source\PSoC5/ErikaOS_ee_gettaskid.c ****  * Carlos Fernando Meier Martinez
  49:Generated_Source\PSoC5/ErikaOS_ee_gettaskid.c ****  * Hochschule Darmstadt, Germany. 2017.
  50:Generated_Source\PSoC5/ErikaOS_ee_gettaskid.c ****  */
  51:Generated_Source\PSoC5/ErikaOS_ee_gettaskid.c **** 
  52:Generated_Source\PSoC5/ErikaOS_ee_gettaskid.c **** /* This file is ONLY compiled when makking a BINARY DISTRIBUTION */
  53:Generated_Source\PSoC5/ErikaOS_ee_gettaskid.c **** 
  54:Generated_Source\PSoC5/ErikaOS_ee_gettaskid.c **** #include "ErikaOS_ee_internal.inc"
  55:Generated_Source\PSoC5/ErikaOS_ee_gettaskid.c **** 
  56:Generated_Source\PSoC5/ErikaOS_ee_gettaskid.c **** /***************************************************************************
  57:Generated_Source\PSoC5/ErikaOS_ee_gettaskid.c ****  * 13.2 Task management 
  58:Generated_Source\PSoC5/ErikaOS_ee_gettaskid.c ****  ***************************************************************************/
  59:Generated_Source\PSoC5/ErikaOS_ee_gettaskid.c **** 
  60:Generated_Source\PSoC5/ErikaOS_ee_gettaskid.c **** /* 13.2.3.5: BCC1, BCC2, ECC1, ECC2 */
  61:Generated_Source\PSoC5/ErikaOS_ee_gettaskid.c **** #ifndef __PRIVATE_GETTASKID__
  62:Generated_Source\PSoC5/ErikaOS_ee_gettaskid.c **** StatusType EE_oo_GetTaskID(TaskRefType TaskID)
  63:Generated_Source\PSoC5/ErikaOS_ee_gettaskid.c **** {
  28              		.loc 1 63 0
  29              		.cfi_startproc
  30              		@ args = 0, pretend = 0, frame = 0
  31              		@ frame_needed = 0, uses_anonymous_args = 0
  32              		@ link register save eliminated.
  33              	.LVL0:
  64:Generated_Source\PSoC5/ErikaOS_ee_gettaskid.c ****   register StatusType ev;
  65:Generated_Source\PSoC5/ErikaOS_ee_gettaskid.c **** 
  66:Generated_Source\PSoC5/ErikaOS_ee_gettaskid.c ****   EE_ORTI_set_service_in(EE_SERVICETRACE_GETTASKID);
  67:Generated_Source\PSoC5/ErikaOS_ee_gettaskid.c **** 
  68:Generated_Source\PSoC5/ErikaOS_ee_gettaskid.c **** #ifdef EE_SERVICE_PROTECTION__
  69:Generated_Source\PSoC5/ErikaOS_ee_gettaskid.c ****   /* [OS093]: If interrupts are disabled/suspended by a Task/OsIsr and the
  70:Generated_Source\PSoC5/ErikaOS_ee_gettaskid.c ****       Task/OsIsr calls any OS service (excluding the interrupt services)
  71:Generated_Source\PSoC5/ErikaOS_ee_gettaskid.c ****       then the Operating System shall ignore the service AND shall return
  72:Generated_Source\PSoC5/ErikaOS_ee_gettaskid.c ****       E_OS_DISABLEDINT if the service returns a StatusType value. */
  73:Generated_Source\PSoC5/ErikaOS_ee_gettaskid.c ****   /* [OS088]: If an OS-Application makes a service call from the wrong context
  74:Generated_Source\PSoC5/ErikaOS_ee_gettaskid.c ****       AND is currently not inside a Category 1 ISR the Operating System module
  75:Generated_Source\PSoC5/ErikaOS_ee_gettaskid.c ****       shall not perform the requested action (the service call shall have no
  76:Generated_Source\PSoC5/ErikaOS_ee_gettaskid.c ****       effect), and return E_OS_CALLEVEL (see [12], section 13.1) or the
  77:Generated_Source\PSoC5/ErikaOS_ee_gettaskid.c ****       "invalid value" of  the service. (BSW11009, BSW11013) */
  78:Generated_Source\PSoC5/ErikaOS_ee_gettaskid.c ****   /* GetTaskID is callable by Task, ISR2, ErrorHook, ProtectionHook, Pre and
  79:Generated_Source\PSoC5/ErikaOS_ee_gettaskid.c ****      Post TaskHook */
  80:Generated_Source\PSoC5/ErikaOS_ee_gettaskid.c ****   if ( EE_as_execution_context > PostTaskHook_Context ) {
  81:Generated_Source\PSoC5/ErikaOS_ee_gettaskid.c ****     ev = E_OS_CALLEVEL;
ARM GAS  C:\Users\rbhar\AppData\Local\Temp\ccOyJW2d.s 			page 3


  82:Generated_Source\PSoC5/ErikaOS_ee_gettaskid.c ****   } else if( EE_oo_check_disableint_error() ) {
  83:Generated_Source\PSoC5/ErikaOS_ee_gettaskid.c ****     ev = E_OS_DISABLEDINT;
  84:Generated_Source\PSoC5/ErikaOS_ee_gettaskid.c ****   } else
  85:Generated_Source\PSoC5/ErikaOS_ee_gettaskid.c **** #endif /* EE_SERVICE_PROTECTION__ */
  86:Generated_Source\PSoC5/ErikaOS_ee_gettaskid.c **** 
  87:Generated_Source\PSoC5/ErikaOS_ee_gettaskid.c ****   /* [OS566]: The Operating System API shall check in extended mode all pointer
  88:Generated_Source\PSoC5/ErikaOS_ee_gettaskid.c ****       argument for NULL pointer and return OS_E_PARAMETER_POINTER
  89:Generated_Source\PSoC5/ErikaOS_ee_gettaskid.c ****       if such argument is NULL.
  90:Generated_Source\PSoC5/ErikaOS_ee_gettaskid.c ****       +
  91:Generated_Source\PSoC5/ErikaOS_ee_gettaskid.c ****       MISRA dictate NULL check for pointers always. */
  92:Generated_Source\PSoC5/ErikaOS_ee_gettaskid.c ****   if ( TaskID == NULL ) {
  34              		.loc 1 92 0
  35 0000 20B1     		cbz	r0, .L3
  36              	.LBB16:
  37              	.LBB17:
  38              		.file 2 "Generated_Source\\PSoC5\\ErikaOS_ee_oo_internal.inc"
   1:Generated_Source\PSoC5/ErikaOS_ee_oo_internal.inc **** /* ###*B*###
   2:Generated_Source\PSoC5/ErikaOS_ee_oo_internal.inc ****  * ERIKA Enterprise - a tiny RTOS for small microcontrollers
   3:Generated_Source\PSoC5/ErikaOS_ee_oo_internal.inc ****  *
   4:Generated_Source\PSoC5/ErikaOS_ee_oo_internal.inc ****  * Copyright (C) 2002-2008  Evidence Srl
   5:Generated_Source\PSoC5/ErikaOS_ee_oo_internal.inc ****  *
   6:Generated_Source\PSoC5/ErikaOS_ee_oo_internal.inc ****  * This file is part of ERIKA Enterprise.
   7:Generated_Source\PSoC5/ErikaOS_ee_oo_internal.inc ****  *
   8:Generated_Source\PSoC5/ErikaOS_ee_oo_internal.inc ****  * ERIKA Enterprise is free software; you can redistribute it
   9:Generated_Source\PSoC5/ErikaOS_ee_oo_internal.inc ****  * and/or modify it under the terms of the GNU General Public License
  10:Generated_Source\PSoC5/ErikaOS_ee_oo_internal.inc ****  * version 2 as published by the Free Software Foundation, 
  11:Generated_Source\PSoC5/ErikaOS_ee_oo_internal.inc ****  * (with a special exception described below).
  12:Generated_Source\PSoC5/ErikaOS_ee_oo_internal.inc ****  *
  13:Generated_Source\PSoC5/ErikaOS_ee_oo_internal.inc ****  * Linking this code statically or dynamically with other modules is
  14:Generated_Source\PSoC5/ErikaOS_ee_oo_internal.inc ****  * making a combined work based on this code.  Thus, the terms and
  15:Generated_Source\PSoC5/ErikaOS_ee_oo_internal.inc ****  * conditions of the GNU General Public License cover the whole
  16:Generated_Source\PSoC5/ErikaOS_ee_oo_internal.inc ****  * combination.
  17:Generated_Source\PSoC5/ErikaOS_ee_oo_internal.inc ****  *
  18:Generated_Source\PSoC5/ErikaOS_ee_oo_internal.inc ****  * As a special exception, the copyright holders of this library give you
  19:Generated_Source\PSoC5/ErikaOS_ee_oo_internal.inc ****  * permission to link this code with independent modules to produce an
  20:Generated_Source\PSoC5/ErikaOS_ee_oo_internal.inc ****  * executable, regardless of the license terms of these independent
  21:Generated_Source\PSoC5/ErikaOS_ee_oo_internal.inc ****  * modules, and to copy and distribute the resulting executable under
  22:Generated_Source\PSoC5/ErikaOS_ee_oo_internal.inc ****  * terms of your choice, provided that you also meet, for each linked
  23:Generated_Source\PSoC5/ErikaOS_ee_oo_internal.inc ****  * independent module, the terms and conditions of the license of that
  24:Generated_Source\PSoC5/ErikaOS_ee_oo_internal.inc ****  * module.  An independent module is a module which is not derived from
  25:Generated_Source\PSoC5/ErikaOS_ee_oo_internal.inc ****  * or based on this library.  If you modify this code, you may extend
  26:Generated_Source\PSoC5/ErikaOS_ee_oo_internal.inc ****  * this exception to your version of the code, but you are not
  27:Generated_Source\PSoC5/ErikaOS_ee_oo_internal.inc ****  * obligated to do so.  If you do not wish to do so, delete this
  28:Generated_Source\PSoC5/ErikaOS_ee_oo_internal.inc ****  * exception statement from your version.
  29:Generated_Source\PSoC5/ErikaOS_ee_oo_internal.inc ****  *
  30:Generated_Source\PSoC5/ErikaOS_ee_oo_internal.inc ****  * ERIKA Enterprise is distributed in the hope that it will be
  31:Generated_Source\PSoC5/ErikaOS_ee_oo_internal.inc ****  * useful, but WITHOUT ANY WARRANTY; without even the implied warranty
  32:Generated_Source\PSoC5/ErikaOS_ee_oo_internal.inc ****  * of MERCHANTABILITY or FITNESS FOR A PARTICULAR PURPOSE.  See the
  33:Generated_Source\PSoC5/ErikaOS_ee_oo_internal.inc ****  * GNU General Public License version 2 for more details.
  34:Generated_Source\PSoC5/ErikaOS_ee_oo_internal.inc ****  *
  35:Generated_Source\PSoC5/ErikaOS_ee_oo_internal.inc ****  * You should have received a copy of the GNU General Public License
  36:Generated_Source\PSoC5/ErikaOS_ee_oo_internal.inc ****  * version 2 along with ERIKA Enterprise; if not, write to the
  37:Generated_Source\PSoC5/ErikaOS_ee_oo_internal.inc ****  * Free Software Foundation, Inc., 51 Franklin Street, Fifth Floor,
  38:Generated_Source\PSoC5/ErikaOS_ee_oo_internal.inc ****  * Boston, MA 02110-1301 USA.
  39:Generated_Source\PSoC5/ErikaOS_ee_oo_internal.inc ****  * ###*E*### */
  40:Generated_Source\PSoC5/ErikaOS_ee_oo_internal.inc **** 
  41:Generated_Source\PSoC5/ErikaOS_ee_oo_internal.inc **** /*
ARM GAS  C:\Users\rbhar\AppData\Local\Temp\ccOyJW2d.s 			page 4


  42:Generated_Source\PSoC5/ErikaOS_ee_oo_internal.inc ****  * Author: 2002 Paolo Gai
  43:Generated_Source\PSoC5/ErikaOS_ee_oo_internal.inc ****  * CVS: $Id: ee_internal.h,v 1.6 2006/12/03 22:07:50 pj Exp $
  44:Generated_Source\PSoC5/ErikaOS_ee_oo_internal.inc ****  */
  45:Generated_Source\PSoC5/ErikaOS_ee_oo_internal.inc **** 
  46:Generated_Source\PSoC5/ErikaOS_ee_oo_internal.inc **** /*
  47:Generated_Source\PSoC5/ErikaOS_ee_oo_internal.inc ****  * PSoC Port and API Generation
  48:Generated_Source\PSoC5/ErikaOS_ee_oo_internal.inc ****  * Carlos Fernando Meier Martinez
  49:Generated_Source\PSoC5/ErikaOS_ee_oo_internal.inc ****  * Hochschule Darmstadt, Germany. 2017.
  50:Generated_Source\PSoC5/ErikaOS_ee_oo_internal.inc ****  */
  51:Generated_Source\PSoC5/ErikaOS_ee_oo_internal.inc **** 
  52:Generated_Source\PSoC5/ErikaOS_ee_oo_internal.inc **** #ifndef PKG_KERNEL_OO_INC_EE_OO_INTERNAL_H
  53:Generated_Source\PSoC5/ErikaOS_ee_oo_internal.inc **** #define PKG_KERNEL_OO_INC_EE_OO_INTERNAL_H
  54:Generated_Source\PSoC5/ErikaOS_ee_oo_internal.inc **** 
  55:Generated_Source\PSoC5/ErikaOS_ee_oo_internal.inc **** #include "ErikaOS_ee_oo_common.inc"
  56:Generated_Source\PSoC5/ErikaOS_ee_oo_internal.inc **** #include "ErikaOS_ee_oo_intfunc.inc"
  57:Generated_Source\PSoC5/ErikaOS_ee_oo_internal.inc **** #include "ErikaOS_ee_oo_irq.inc"
  58:Generated_Source\PSoC5/ErikaOS_ee_oo_internal.inc **** 
  59:Generated_Source\PSoC5/ErikaOS_ee_oo_internal.inc **** /*******************************************************************************
  60:Generated_Source\PSoC5/ErikaOS_ee_oo_internal.inc ****  *                    New Error Handling Internal Utilities
  61:Generated_Source\PSoC5/ErikaOS_ee_oo_internal.inc ****  ******************************************************************************/
  62:Generated_Source\PSoC5/ErikaOS_ee_oo_internal.inc **** 
  63:Generated_Source\PSoC5/ErikaOS_ee_oo_internal.inc **** /* Error Parameters Utilities Macros */
  64:Generated_Source\PSoC5/ErikaOS_ee_oo_internal.inc **** #define EE_OS_PARAM(param_name)   EE_os_param param_name
  65:Generated_Source\PSoC5/ErikaOS_ee_oo_internal.inc **** #define EE_OS_PARAM_VALUE(param_name, param_value)  \
  66:Generated_Source\PSoC5/ErikaOS_ee_oo_internal.inc ****   ((param_name).value_param = (param_value))
  67:Generated_Source\PSoC5/ErikaOS_ee_oo_internal.inc **** 
  68:Generated_Source\PSoC5/ErikaOS_ee_oo_internal.inc **** #define EE_OS_PARAM_REF(param_name, param_field, param_ref) \
  69:Generated_Source\PSoC5/ErikaOS_ee_oo_internal.inc ****   ((param_name).param_field = (param_ref))
  70:Generated_Source\PSoC5/ErikaOS_ee_oo_internal.inc **** 
  71:Generated_Source\PSoC5/ErikaOS_ee_oo_internal.inc **** #ifdef __OO_HAS_ERRORHOOK__
  72:Generated_Source\PSoC5/ErikaOS_ee_oo_internal.inc **** /* Error Parameters Data Structure Utilities Macros from user space */
  73:Generated_Source\PSoC5/ErikaOS_ee_oo_internal.inc **** #define EE_OS_ERROR_PARAMETERS()  EE_oo_ErrorHook_parameters error_parameters
  74:Generated_Source\PSoC5/ErikaOS_ee_oo_internal.inc **** 
  75:Generated_Source\PSoC5/ErikaOS_ee_oo_internal.inc **** #define EE_OS_ERROR_PARAMETERS_INIT(param1_in,param2_in,param3_in)  \
  76:Generated_Source\PSoC5/ErikaOS_ee_oo_internal.inc ****   EE_oo_ErrorHook_parameters error_parameters = { param1_in, param2_in, \
  77:Generated_Source\PSoC5/ErikaOS_ee_oo_internal.inc ****     param3_in }
  78:Generated_Source\PSoC5/ErikaOS_ee_oo_internal.inc **** 
  79:Generated_Source\PSoC5/ErikaOS_ee_oo_internal.inc **** #define EE_OS_ERROR_PARAMETERS_PARAM1_VALUE(param1_value) \
  80:Generated_Source\PSoC5/ErikaOS_ee_oo_internal.inc ****   (error_parameters.param1.value_param = param1_value)
  81:Generated_Source\PSoC5/ErikaOS_ee_oo_internal.inc **** #define EE_OS_ERROR_PARAMETERS_PARAM2_VALUE(param2_value) \
  82:Generated_Source\PSoC5/ErikaOS_ee_oo_internal.inc ****   (error_parameters.param2.value_param = param2_value)
  83:Generated_Source\PSoC5/ErikaOS_ee_oo_internal.inc **** #define EE_OS_ERROR_PARAMETERS_PARAM3_VALUE(param3_value) \
  84:Generated_Source\PSoC5/ErikaOS_ee_oo_internal.inc ****   (error_parameters.param3.value_param = param3_value)
  85:Generated_Source\PSoC5/ErikaOS_ee_oo_internal.inc **** 
  86:Generated_Source\PSoC5/ErikaOS_ee_oo_internal.inc **** #define EE_OS_ERROR_PARAMETERS_PARAM1_REF(param_field,param_ref)  \
  87:Generated_Source\PSoC5/ErikaOS_ee_oo_internal.inc ****   (error_parameters.param1.param_field = (param_ref))
  88:Generated_Source\PSoC5/ErikaOS_ee_oo_internal.inc **** #define EE_OS_ERROR_PARAMETERS_PARAM2_REF(param_field,param_ref)  \
  89:Generated_Source\PSoC5/ErikaOS_ee_oo_internal.inc ****   (error_parameters.param2.param_field = (param_ref))
  90:Generated_Source\PSoC5/ErikaOS_ee_oo_internal.inc **** #define EE_OS_ERROR_PARAMETERS_PARAM3_REF(param_field,param_ref)  \
  91:Generated_Source\PSoC5/ErikaOS_ee_oo_internal.inc ****   (error_parameters.param3.param_field = (param_ref))
  92:Generated_Source\PSoC5/ErikaOS_ee_oo_internal.inc **** #else /* __OO_HAS_ERRORHOOK__ */
  93:Generated_Source\PSoC5/ErikaOS_ee_oo_internal.inc **** #define EE_OS_ERROR_PARAMETERS()                                    ((void)0)
  94:Generated_Source\PSoC5/ErikaOS_ee_oo_internal.inc **** 
  95:Generated_Source\PSoC5/ErikaOS_ee_oo_internal.inc **** #define EE_OS_ERROR_PARAMETERS_INIT(param1_in,param2_in,param3_in)  ((void)0)
  96:Generated_Source\PSoC5/ErikaOS_ee_oo_internal.inc **** 
  97:Generated_Source\PSoC5/ErikaOS_ee_oo_internal.inc **** #define EE_OS_ERROR_PARAMETERS_PARAM1_VALUE(param1_value)           ((void)0)
  98:Generated_Source\PSoC5/ErikaOS_ee_oo_internal.inc **** #define EE_OS_ERROR_PARAMETERS_PARAM2_VALUE(param2_value)           ((void)0)
ARM GAS  C:\Users\rbhar\AppData\Local\Temp\ccOyJW2d.s 			page 5


  99:Generated_Source\PSoC5/ErikaOS_ee_oo_internal.inc **** #define EE_OS_ERROR_PARAMETERS_PARAM3_VALUE(param3_value)           ((void)0)
 100:Generated_Source\PSoC5/ErikaOS_ee_oo_internal.inc **** 
 101:Generated_Source\PSoC5/ErikaOS_ee_oo_internal.inc **** #define EE_OS_ERROR_PARAMETERS_PARAM1_REF(param_field,param_ref)    ((void)0)
 102:Generated_Source\PSoC5/ErikaOS_ee_oo_internal.inc **** #define EE_OS_ERROR_PARAMETERS_PARAM2_REF(param_field,param_ref)    ((void)0)
 103:Generated_Source\PSoC5/ErikaOS_ee_oo_internal.inc **** #define EE_OS_ERROR_PARAMETERS_PARAM3_REF(param_field,param_ref)    ((void)0)
 104:Generated_Source\PSoC5/ErikaOS_ee_oo_internal.inc **** #endif /* __OO_HAS_ERRORHOOK__ */
 105:Generated_Source\PSoC5/ErikaOS_ee_oo_internal.inc **** 
 106:Generated_Source\PSoC5/ErikaOS_ee_oo_internal.inc **** /* Error Handling */
 107:Generated_Source\PSoC5/ErikaOS_ee_oo_internal.inc **** #ifdef __OO_HAS_ERRORHOOK__
 108:Generated_Source\PSoC5/ErikaOS_ee_oo_internal.inc **** #ifndef  __OO_ERRORHOOK_NOMACROS__
 109:Generated_Source\PSoC5/ErikaOS_ee_oo_internal.inc **** 
 110:Generated_Source\PSoC5/ErikaOS_ee_oo_internal.inc **** __INLINE__ void  EE_os_fill_error_data( OSServiceIdType
 111:Generated_Source\PSoC5/ErikaOS_ee_oo_internal.inc ****   ServiceID, EE_os_param param1, EE_os_param param2, EE_os_param param3 )
 112:Generated_Source\PSoC5/ErikaOS_ee_oo_internal.inc **** {
 113:Generated_Source\PSoC5/ErikaOS_ee_oo_internal.inc ****   register EE_oo_ErrorHook_parameters * const
 114:Generated_Source\PSoC5/ErikaOS_ee_oo_internal.inc ****     p_errorhook_parameter = EE_oo_get_errorhook_data();
 115:Generated_Source\PSoC5/ErikaOS_ee_oo_internal.inc ****   (*EE_oo_get_errorhook_service_id()) = ServiceID;
 116:Generated_Source\PSoC5/ErikaOS_ee_oo_internal.inc ****   p_errorhook_parameter->param1 = param1;
 117:Generated_Source\PSoC5/ErikaOS_ee_oo_internal.inc ****   p_errorhook_parameter->param2 = param2;
 118:Generated_Source\PSoC5/ErikaOS_ee_oo_internal.inc ****   p_errorhook_parameter->param3 = param3;
 119:Generated_Source\PSoC5/ErikaOS_ee_oo_internal.inc **** }
 120:Generated_Source\PSoC5/ErikaOS_ee_oo_internal.inc **** #else /* !__OO_ERRORHOOK_NOMACROS__ */
 121:Generated_Source\PSoC5/ErikaOS_ee_oo_internal.inc **** 
 122:Generated_Source\PSoC5/ErikaOS_ee_oo_internal.inc **** #define EE_os_fill_error_data(ServiceID,param1,param2,param3) ((void)0)
 123:Generated_Source\PSoC5/ErikaOS_ee_oo_internal.inc **** #endif /* !__OO_ERRORHOOK_NOMACROS__ */
 124:Generated_Source\PSoC5/ErikaOS_ee_oo_internal.inc **** 
 125:Generated_Source\PSoC5/ErikaOS_ee_oo_internal.inc **** __INLINE__ void  EE_os_notify_error( OSServiceIdType ServiceID,
 126:Generated_Source\PSoC5/ErikaOS_ee_oo_internal.inc ****   EE_os_param param1, EE_os_param param2, EE_os_param param3,
 127:Generated_Source\PSoC5/ErikaOS_ee_oo_internal.inc ****   StatusType Error )
 128:Generated_Source\PSoC5/ErikaOS_ee_oo_internal.inc **** {
 129:Generated_Source\PSoC5/ErikaOS_ee_oo_internal.inc ****   EE_ORTI_set_lasterror(Error);
 130:Generated_Source\PSoC5/ErikaOS_ee_oo_internal.inc ****   if ( EE_ErrorHook_nested_flag == 0U )
 131:Generated_Source\PSoC5/ErikaOS_ee_oo_internal.inc ****   {
 132:Generated_Source\PSoC5/ErikaOS_ee_oo_internal.inc ****     EE_os_fill_error_data(ServiceID, param1, param2, param3);
 133:Generated_Source\PSoC5/ErikaOS_ee_oo_internal.inc ****     EE_ErrorHook_nested_flag = 1U;
 134:Generated_Source\PSoC5/ErikaOS_ee_oo_internal.inc ****     EE_oo_call_ErrorHook(Error);
 135:Generated_Source\PSoC5/ErikaOS_ee_oo_internal.inc ****     EE_ErrorHook_nested_flag = 0U;
 136:Generated_Source\PSoC5/ErikaOS_ee_oo_internal.inc ****   }
 137:Generated_Source\PSoC5/ErikaOS_ee_oo_internal.inc **** }
 138:Generated_Source\PSoC5/ErikaOS_ee_oo_internal.inc **** 
 139:Generated_Source\PSoC5/ErikaOS_ee_oo_internal.inc **** #ifndef __EE_MEMORY_PROTECTION__
 140:Generated_Source\PSoC5/ErikaOS_ee_oo_internal.inc **** __INLINE__ void  EE_os_notify_error_from_us(
 141:Generated_Source\PSoC5/ErikaOS_ee_oo_internal.inc ****   OSServiceIdType ServiceID, const EE_oo_ErrorHook_parameters * const
 142:Generated_Source\PSoC5/ErikaOS_ee_oo_internal.inc ****     error_parameters_ref, StatusType Error )
 143:Generated_Source\PSoC5/ErikaOS_ee_oo_internal.inc **** {
 144:Generated_Source\PSoC5/ErikaOS_ee_oo_internal.inc ****   if ( error_parameters_ref != NULL ) {
 145:Generated_Source\PSoC5/ErikaOS_ee_oo_internal.inc ****     register EE_FREG const flag = EE_hal_begin_nested_primitive();
 146:Generated_Source\PSoC5/ErikaOS_ee_oo_internal.inc ****     EE_os_notify_error(ServiceID, error_parameters_ref->param1,
 147:Generated_Source\PSoC5/ErikaOS_ee_oo_internal.inc ****       error_parameters_ref->param2, error_parameters_ref->param3, Error);
 148:Generated_Source\PSoC5/ErikaOS_ee_oo_internal.inc ****     EE_hal_end_nested_primitive(flag);
 149:Generated_Source\PSoC5/ErikaOS_ee_oo_internal.inc ****   }
 150:Generated_Source\PSoC5/ErikaOS_ee_oo_internal.inc **** }
 151:Generated_Source\PSoC5/ErikaOS_ee_oo_internal.inc **** #else /* !__EE_MEMORY_PROTECTION__ */
 152:Generated_Source\PSoC5/ErikaOS_ee_oo_internal.inc **** /* If MemMap.h support is enabled (i.e. because memory protection): use it */
 153:Generated_Source\PSoC5/ErikaOS_ee_oo_internal.inc **** #ifdef EE_SUPPORT_MEMMAP_H
 154:Generated_Source\PSoC5/ErikaOS_ee_oo_internal.inc **** /* The following code belong to ERIKA API section ee_api_text */
 155:Generated_Source\PSoC5/ErikaOS_ee_oo_internal.inc **** #define API_START_SEC_CODE
ARM GAS  C:\Users\rbhar\AppData\Local\Temp\ccOyJW2d.s 			page 6


 156:Generated_Source\PSoC5/ErikaOS_ee_oo_internal.inc **** #include "MemMap.inc"
 157:Generated_Source\PSoC5/ErikaOS_ee_oo_internal.inc **** #endif /* EE_SUPPORT_MEMMAP_H */
 158:Generated_Source\PSoC5/ErikaOS_ee_oo_internal.inc **** 
 159:Generated_Source\PSoC5/ErikaOS_ee_oo_internal.inc **** void EE_os_notify_error_from_us( OSServiceIdType ServiceID,
 160:Generated_Source\PSoC5/ErikaOS_ee_oo_internal.inc ****   const EE_oo_ErrorHook_parameters * const error_parameters_ref,
 161:Generated_Source\PSoC5/ErikaOS_ee_oo_internal.inc ****   StatusType Error );
 162:Generated_Source\PSoC5/ErikaOS_ee_oo_internal.inc **** 
 163:Generated_Source\PSoC5/ErikaOS_ee_oo_internal.inc **** #ifdef EE_SUPPORT_MEMMAP_H
 164:Generated_Source\PSoC5/ErikaOS_ee_oo_internal.inc **** #define API_STOP_SEC_CODE
 165:Generated_Source\PSoC5/ErikaOS_ee_oo_internal.inc **** #include "MemMap.inc"
 166:Generated_Source\PSoC5/ErikaOS_ee_oo_internal.inc **** #endif /* EE_SUPPORT_MEMMAP_H */
 167:Generated_Source\PSoC5/ErikaOS_ee_oo_internal.inc **** #endif /* !__EE_MEMORY_PROTECTION__ */
 168:Generated_Source\PSoC5/ErikaOS_ee_oo_internal.inc **** #else /* __OO_HAS_ERRORHOOK__ */
 169:Generated_Source\PSoC5/ErikaOS_ee_oo_internal.inc **** 
 170:Generated_Source\PSoC5/ErikaOS_ee_oo_internal.inc **** /* Macro used for remapping to prevent compiler warnings on unused parameters */
 171:Generated_Source\PSoC5/ErikaOS_ee_oo_internal.inc **** #define EE_os_notify_error(k,j,x,y,z) EE_os_notify_error_impl(z)
 172:Generated_Source\PSoC5/ErikaOS_ee_oo_internal.inc **** 
 173:Generated_Source\PSoC5/ErikaOS_ee_oo_internal.inc **** __INLINE__ void  EE_os_notify_error_impl(StatusType Error)
 174:Generated_Source\PSoC5/ErikaOS_ee_oo_internal.inc **** {
 175:Generated_Source\PSoC5/ErikaOS_ee_oo_internal.inc ****   EE_ORTI_set_lasterror(Error);
 176:Generated_Source\PSoC5/ErikaOS_ee_oo_internal.inc **** }
 177:Generated_Source\PSoC5/ErikaOS_ee_oo_internal.inc **** 
 178:Generated_Source\PSoC5/ErikaOS_ee_oo_internal.inc **** /* Macro used for remapping to prevent compiler warnings on unused parameters */
 179:Generated_Source\PSoC5/ErikaOS_ee_oo_internal.inc **** #define EE_os_notify_error_from_us(x,y,z) EE_os_notify_error_from_us_impl(z)
 180:Generated_Source\PSoC5/ErikaOS_ee_oo_internal.inc **** 
 181:Generated_Source\PSoC5/ErikaOS_ee_oo_internal.inc **** __INLINE__ void  EE_os_notify_error_from_us_impl(
 182:Generated_Source\PSoC5/ErikaOS_ee_oo_internal.inc ****   StatusType Error )
 183:Generated_Source\PSoC5/ErikaOS_ee_oo_internal.inc **** {
 184:Generated_Source\PSoC5/ErikaOS_ee_oo_internal.inc ****   EE_ORTI_set_lasterror(Error);
 185:Generated_Source\PSoC5/ErikaOS_ee_oo_internal.inc **** }
 186:Generated_Source\PSoC5/ErikaOS_ee_oo_internal.inc **** #endif /* __OO_HAS_ERRORHOOK__ */
 187:Generated_Source\PSoC5/ErikaOS_ee_oo_internal.inc **** 
 188:Generated_Source\PSoC5/ErikaOS_ee_oo_internal.inc **** /*******************************************************************************
 189:Generated_Source\PSoC5/ErikaOS_ee_oo_internal.inc ****  *                  Kernel Critical Section Utility Macros
 190:Generated_Source\PSoC5/ErikaOS_ee_oo_internal.inc ****  ******************************************************************************/
 191:Generated_Source\PSoC5/ErikaOS_ee_oo_internal.inc **** #ifndef __EE_MEMORY_PROTECTION__
 192:Generated_Source\PSoC5/ErikaOS_ee_oo_internal.inc **** 
 193:Generated_Source\PSoC5/ErikaOS_ee_oo_internal.inc **** #define EE_OS_DECLARE_CRITICAL_SECTION()  register EE_FREG flag
 194:Generated_Source\PSoC5/ErikaOS_ee_oo_internal.inc **** 
 195:Generated_Source\PSoC5/ErikaOS_ee_oo_internal.inc **** #define EE_OS_ENTER_CRITICAL_SECTION()          \
 196:Generated_Source\PSoC5/ErikaOS_ee_oo_internal.inc ****   do {                                          \
 197:Generated_Source\PSoC5/ErikaOS_ee_oo_internal.inc ****     flag = EE_hal_begin_nested_primitive();     \
 198:Generated_Source\PSoC5/ErikaOS_ee_oo_internal.inc ****     EE_as_tp_active_pause_and_update_budgets(); \
 199:Generated_Source\PSoC5/ErikaOS_ee_oo_internal.inc ****   } while ( 0 )
 200:Generated_Source\PSoC5/ErikaOS_ee_oo_internal.inc **** 
 201:Generated_Source\PSoC5/ErikaOS_ee_oo_internal.inc **** #define EE_OS_DECLARE_AND_ENTER_CRITICAL_SECTION()  \
 202:Generated_Source\PSoC5/ErikaOS_ee_oo_internal.inc ****   EE_OS_DECLARE_CRITICAL_SECTION();                 \
 203:Generated_Source\PSoC5/ErikaOS_ee_oo_internal.inc ****   EE_OS_ENTER_CRITICAL_SECTION()
 204:Generated_Source\PSoC5/ErikaOS_ee_oo_internal.inc **** 
 205:Generated_Source\PSoC5/ErikaOS_ee_oo_internal.inc **** #define EE_OS_EXIT_CRITICAL_SECTION()             \
 206:Generated_Source\PSoC5/ErikaOS_ee_oo_internal.inc ****   do {                                            \
 207:Generated_Source\PSoC5/ErikaOS_ee_oo_internal.inc ****     EE_as_tp_active_update_budgets_and_restart(); \
 208:Generated_Source\PSoC5/ErikaOS_ee_oo_internal.inc ****     EE_hal_end_nested_primitive(flag);            \
 209:Generated_Source\PSoC5/ErikaOS_ee_oo_internal.inc ****   } while ( 0 )
 210:Generated_Source\PSoC5/ErikaOS_ee_oo_internal.inc **** 
 211:Generated_Source\PSoC5/ErikaOS_ee_oo_internal.inc **** #define EE_OS_FOREVER_CRITICAL_SECTION()          \
 212:Generated_Source\PSoC5/ErikaOS_ee_oo_internal.inc ****   do {                                            \
ARM GAS  C:\Users\rbhar\AppData\Local\Temp\ccOyJW2d.s 			page 7


 213:Generated_Source\PSoC5/ErikaOS_ee_oo_internal.inc ****     EE_hal_disableIRQ();                          \
 214:Generated_Source\PSoC5/ErikaOS_ee_oo_internal.inc ****     EE_as_tp_active_pause_and_update_budgets();   \
 215:Generated_Source\PSoC5/ErikaOS_ee_oo_internal.inc ****   } while ( 0 )
 216:Generated_Source\PSoC5/ErikaOS_ee_oo_internal.inc **** 
 217:Generated_Source\PSoC5/ErikaOS_ee_oo_internal.inc **** #else /* !__EE_MEMORY_PROTECTION__ */
 218:Generated_Source\PSoC5/ErikaOS_ee_oo_internal.inc **** /* TP in any case have to be handled in Service Implementation. Syscall
 219:Generated_Source\PSoC5/ErikaOS_ee_oo_internal.inc ****    mechanism can be implement in C language and, in that case, a function call
 220:Generated_Source\PSoC5/ErikaOS_ee_oo_internal.inc ****    cannot be done in syscall handler. */
 221:Generated_Source\PSoC5/ErikaOS_ee_oo_internal.inc **** #define EE_OS_DECLARE_CRITICAL_SECTION()            ((void)0)
 222:Generated_Source\PSoC5/ErikaOS_ee_oo_internal.inc **** #define EE_OS_ENTER_CRITICAL_SECTION()              \
 223:Generated_Source\PSoC5/ErikaOS_ee_oo_internal.inc ****   EE_as_tp_active_pause_and_update_budgets()
 224:Generated_Source\PSoC5/ErikaOS_ee_oo_internal.inc **** #define EE_OS_DECLARE_AND_ENTER_CRITICAL_SECTION()  \
 225:Generated_Source\PSoC5/ErikaOS_ee_oo_internal.inc ****   EE_as_tp_active_pause_and_update_budgets()
 226:Generated_Source\PSoC5/ErikaOS_ee_oo_internal.inc **** #define EE_OS_EXIT_CRITICAL_SECTION()               \
 227:Generated_Source\PSoC5/ErikaOS_ee_oo_internal.inc ****   EE_as_tp_active_update_budgets_and_restart()
 228:Generated_Source\PSoC5/ErikaOS_ee_oo_internal.inc **** #define EE_OS_FOREVER_CRITICAL_SECTION()			\
 229:Generated_Source\PSoC5/ErikaOS_ee_oo_internal.inc ****   EE_as_tp_active_pause_and_update_budgets()
 230:Generated_Source\PSoC5/ErikaOS_ee_oo_internal.inc **** #endif /* !__EE_MEMORY_PROTECTION__ */
 231:Generated_Source\PSoC5/ErikaOS_ee_oo_internal.inc **** 
 232:Generated_Source\PSoC5/ErikaOS_ee_oo_internal.inc **** /* return the first stacked task (the running task) without extracting it 
 233:Generated_Source\PSoC5/ErikaOS_ee_oo_internal.inc ****    we suppose that this function can be called ALSO at interrupt ENABLED!!!
 234:Generated_Source\PSoC5/ErikaOS_ee_oo_internal.inc ****    (see WaitEvent.c) */
 235:Generated_Source\PSoC5/ErikaOS_ee_oo_internal.inc **** #ifndef __PRIVATE_STK_QUERYFIRST__
 236:Generated_Source\PSoC5/ErikaOS_ee_oo_internal.inc **** __INLINE__ EE_TID  EE_stk_queryfirst(void)
 237:Generated_Source\PSoC5/ErikaOS_ee_oo_internal.inc **** {
 238:Generated_Source\PSoC5/ErikaOS_ee_oo_internal.inc ****     return EE_stkfirst;  
  39              		.loc 2 238 0
  40 0002 034A     		ldr	r2, .L4
  41 0004 1268     		ldr	r2, [r2]
  42              	.LBE17:
  43              	.LBE16:
  93:Generated_Source\PSoC5/ErikaOS_ee_gettaskid.c ****     ev = E_OS_PARAM_POINTER;
  94:Generated_Source\PSoC5/ErikaOS_ee_gettaskid.c ****   } else
  95:Generated_Source\PSoC5/ErikaOS_ee_gettaskid.c **** #if (defined(EE_AS_OSAPPLICATIONS__)) && (defined(EE_SERVICE_PROTECTION__)) \
  96:Generated_Source\PSoC5/ErikaOS_ee_gettaskid.c ****   && (defined(__EE_MEMORY_PROTECTION__))
  97:Generated_Source\PSoC5/ErikaOS_ee_gettaskid.c ****   /* [SWS_Os_00051]: If an invalid address (address is not writable by this
  98:Generated_Source\PSoC5/ErikaOS_ee_gettaskid.c ****       OS-Application) is passed as an out-parameter to an Operating System
  99:Generated_Source\PSoC5/ErikaOS_ee_gettaskid.c ****       service, the Operating System module shall return the status code
 100:Generated_Source\PSoC5/ErikaOS_ee_gettaskid.c ****       E_OS_ILLEGAL_ADDRESS. (SRS_Os_11009, SRS_Os_11013) */
 101:Generated_Source\PSoC5/ErikaOS_ee_gettaskid.c ****   if ( !OSMEMORY_IS_WRITEABLE(EE_hal_get_app_mem_access(EE_as_active_app,
 102:Generated_Source\PSoC5/ErikaOS_ee_gettaskid.c ****     TaskID, sizeof(*TaskID))) )
 103:Generated_Source\PSoC5/ErikaOS_ee_gettaskid.c ****   {
 104:Generated_Source\PSoC5/ErikaOS_ee_gettaskid.c ****     ev = E_OS_ILLEGAL_ADDRESS;  
 105:Generated_Source\PSoC5/ErikaOS_ee_gettaskid.c ****   } else
 106:Generated_Source\PSoC5/ErikaOS_ee_gettaskid.c **** #endif /* EE_AS_OSAPPLICATIONS__ && EE_SERVICE_PROTECTION__ &&
 107:Generated_Source\PSoC5/ErikaOS_ee_gettaskid.c ****   __EE_MEMORY_PROTECTION__ */
 108:Generated_Source\PSoC5/ErikaOS_ee_gettaskid.c ****   {
 109:Generated_Source\PSoC5/ErikaOS_ee_gettaskid.c ****     /* XXX: This SHALL be atomic. Check this architectures other than TriCore */
 110:Generated_Source\PSoC5/ErikaOS_ee_gettaskid.c ****     *TaskID = EE_stk_queryfirst();
  44              		.loc 1 110 0
  45 0006 0260     		str	r2, [r0]
  46              	.LVL1:
 111:Generated_Source\PSoC5/ErikaOS_ee_gettaskid.c ****     ev = E_OK;
  47              		.loc 1 111 0
  48 0008 0020     		movs	r0, #0
  49              	.LVL2:
  50 000a 7047     		bx	lr
ARM GAS  C:\Users\rbhar\AppData\Local\Temp\ccOyJW2d.s 			page 8


  51              	.LVL3:
  52              	.L3:
  93:Generated_Source\PSoC5/ErikaOS_ee_gettaskid.c ****     ev = E_OS_PARAM_POINTER;
  53              		.loc 1 93 0
  54 000c 0E20     		movs	r0, #14
  55              	.LVL4:
 112:Generated_Source\PSoC5/ErikaOS_ee_gettaskid.c ****   }
 113:Generated_Source\PSoC5/ErikaOS_ee_gettaskid.c **** 
 114:Generated_Source\PSoC5/ErikaOS_ee_gettaskid.c ****   if ( ev != E_OK ) {
 115:Generated_Source\PSoC5/ErikaOS_ee_gettaskid.c ****     EE_OS_ERROR_PARAMETERS();
 116:Generated_Source\PSoC5/ErikaOS_ee_gettaskid.c ****     EE_OS_ERROR_PARAMETERS_PARAM1_REF(task_ref,TaskID);
 117:Generated_Source\PSoC5/ErikaOS_ee_gettaskid.c **** 
 118:Generated_Source\PSoC5/ErikaOS_ee_gettaskid.c ****     EE_os_notify_error_from_us(OSServiceId_GetTaskID, &error_parameters, ev);
 119:Generated_Source\PSoC5/ErikaOS_ee_gettaskid.c ****     EE_ORTI_set_service_out(EE_SERVICETRACE_GETTASKID);
 120:Generated_Source\PSoC5/ErikaOS_ee_gettaskid.c ****   } else {
 121:Generated_Source\PSoC5/ErikaOS_ee_gettaskid.c ****     EE_ORTI_set_service_out(EE_SERVICETRACE_GETTASKID);
 122:Generated_Source\PSoC5/ErikaOS_ee_gettaskid.c ****   }
 123:Generated_Source\PSoC5/ErikaOS_ee_gettaskid.c **** 
 124:Generated_Source\PSoC5/ErikaOS_ee_gettaskid.c ****   return ev;
 125:Generated_Source\PSoC5/ErikaOS_ee_gettaskid.c **** }
  56              		.loc 1 125 0
  57 000e 7047     		bx	lr
  58              	.L5:
  59              		.align	2
  60              	.L4:
  61 0010 00000000 		.word	EE_stkfirst
  62              		.cfi_endproc
  63              	.LFE59:
  64              		.size	EE_oo_GetTaskID, .-EE_oo_GetTaskID
  65              		.text
  66              	.Letext0:
  67              		.file 3 "Generated_Source\\PSoC5\\ErikaOS_common_ee_types.inc"
  68              		.file 4 "Generated_Source\\PSoC5\\ErikaOS_cortex_mx_ee_cpu.inc"
  69              		.file 5 "Generated_Source\\PSoC5\\ErikaOS_ee_oo_common.inc"
  70              		.file 6 "Generated_Source\\PSoC5\\ErikaOS_common_ee_primitives.inc"
  71              		.file 7 "Generated_Source\\PSoC5\\ErikaOS_cortex_mx_ee_context.inc"
  72              		.file 8 "Generated_Source\\PSoC5\\ErikaOS_ee_oo_intfunc.inc"
  73              		.section	.debug_info,"",%progbits
  74              	.Ldebug_info0:
  75 0000 D6020000 		.4byte	0x2d6
  76 0004 0400     		.2byte	0x4
  77 0006 00000000 		.4byte	.Ldebug_abbrev0
  78 000a 04       		.byte	0x4
  79 000b 01       		.uleb128 0x1
  80 000c 0E030000 		.4byte	.LASF44
  81 0010 0C       		.byte	0xc
  82 0011 FC010000 		.4byte	.LASF45
  83 0015 32000000 		.4byte	.LASF46
  84 0019 00000000 		.4byte	.Ldebug_ranges0+0
  85 001d 00000000 		.4byte	0
  86 0021 00000000 		.4byte	.Ldebug_line0
  87 0025 02       		.uleb128 0x2
  88 0026 01       		.byte	0x1
  89 0027 06       		.byte	0x6
  90 0028 AE010000 		.4byte	.LASF0
  91 002c 02       		.uleb128 0x2
  92 002d 01       		.byte	0x1
ARM GAS  C:\Users\rbhar\AppData\Local\Temp\ccOyJW2d.s 			page 9


  93 002e 08       		.byte	0x8
  94 002f A0010000 		.4byte	.LASF1
  95 0033 02       		.uleb128 0x2
  96 0034 02       		.byte	0x2
  97 0035 05       		.byte	0x5
  98 0036 96000000 		.4byte	.LASF2
  99 003a 02       		.uleb128 0x2
 100 003b 02       		.byte	0x2
 101 003c 07       		.byte	0x7
 102 003d 58020000 		.4byte	.LASF3
 103 0041 02       		.uleb128 0x2
 104 0042 04       		.byte	0x4
 105 0043 05       		.byte	0x5
 106 0044 61010000 		.4byte	.LASF4
 107 0048 02       		.uleb128 0x2
 108 0049 04       		.byte	0x4
 109 004a 07       		.byte	0x7
 110 004b 8E020000 		.4byte	.LASF5
 111 004f 02       		.uleb128 0x2
 112 0050 08       		.byte	0x8
 113 0051 05       		.byte	0x5
 114 0052 22010000 		.4byte	.LASF6
 115 0056 02       		.uleb128 0x2
 116 0057 08       		.byte	0x8
 117 0058 07       		.byte	0x7
 118 0059 BA010000 		.4byte	.LASF7
 119 005d 03       		.uleb128 0x3
 120 005e 04       		.byte	0x4
 121 005f 05       		.byte	0x5
 122 0060 696E7400 		.ascii	"int\000"
 123 0064 02       		.uleb128 0x2
 124 0065 04       		.byte	0x4
 125 0066 07       		.byte	0x7
 126 0067 EF010000 		.4byte	.LASF8
 127 006b 02       		.uleb128 0x2
 128 006c 08       		.byte	0x8
 129 006d 04       		.byte	0x4
 130 006e 94010000 		.4byte	.LASF9
 131 0072 04       		.uleb128 0x4
 132 0073 00000000 		.4byte	.LASF10
 133 0077 03       		.byte	0x3
 134 0078 3E       		.byte	0x3e
 135 0079 2C000000 		.4byte	0x2c
 136 007d 04       		.uleb128 0x4
 137 007e 30010000 		.4byte	.LASF11
 138 0082 03       		.byte	0x3
 139 0083 3F       		.byte	0x3f
 140 0084 25000000 		.4byte	0x25
 141 0088 04       		.uleb128 0x4
 142 0089 6B020000 		.4byte	.LASF12
 143 008d 03       		.byte	0x3
 144 008e 52       		.byte	0x52
 145 008f 3A000000 		.4byte	0x3a
 146 0093 04       		.uleb128 0x4
 147 0094 4F020000 		.4byte	.LASF13
 148 0098 03       		.byte	0x3
 149 0099 53       		.byte	0x53
ARM GAS  C:\Users\rbhar\AppData\Local\Temp\ccOyJW2d.s 			page 10


 150 009a 5D000000 		.4byte	0x5d
 151 009e 04       		.uleb128 0x4
 152 009f B3000000 		.4byte	.LASF14
 153 00a3 03       		.byte	0x3
 154 00a4 54       		.byte	0x54
 155 00a5 64000000 		.4byte	0x64
 156 00a9 04       		.uleb128 0x4
 157 00aa 17000000 		.4byte	.LASF15
 158 00ae 04       		.byte	0x4
 159 00af 4D       		.byte	0x4d
 160 00b0 9E000000 		.4byte	0x9e
 161 00b4 04       		.uleb128 0x4
 162 00b5 AB000000 		.4byte	.LASF16
 163 00b9 04       		.byte	0x4
 164 00ba 4F       		.byte	0x4f
 165 00bb 9E000000 		.4byte	0x9e
 166 00bf 04       		.uleb128 0x4
 167 00c0 A0020000 		.4byte	.LASF17
 168 00c4 04       		.byte	0x4
 169 00c5 54       		.byte	0x54
 170 00c6 A9000000 		.4byte	0xa9
 171 00ca 04       		.uleb128 0x4
 172 00cb CE000000 		.4byte	.LASF18
 173 00cf 04       		.byte	0x4
 174 00d0 78       		.byte	0x78
 175 00d1 93000000 		.4byte	0x93
 176 00d5 05       		.uleb128 0x5
 177 00d6 51010000 		.4byte	.LASF19
 178 00da 05       		.byte	0x5
 179 00db 0801     		.2byte	0x108
 180 00dd 88000000 		.4byte	0x88
 181 00e1 05       		.uleb128 0x5
 182 00e2 D1010000 		.4byte	.LASF20
 183 00e6 05       		.byte	0x5
 184 00e7 F101     		.2byte	0x1f1
 185 00e9 ED000000 		.4byte	0xed
 186 00ed 06       		.uleb128 0x6
 187 00ee 04       		.byte	0x4
 188 00ef CA000000 		.4byte	0xca
 189 00f3 05       		.uleb128 0x5
 190 00f4 A0000000 		.4byte	.LASF21
 191 00f8 05       		.byte	0x5
 192 00f9 1803     		.2byte	0x318
 193 00fb 2C000000 		.4byte	0x2c
 194 00ff 07       		.uleb128 0x7
 195 0100 6A010000 		.4byte	.LASF22
 196 0104 05       		.byte	0x5
 197 0105 8E03     		.2byte	0x38e
 198 0107 03       		.byte	0x3
 199 0108 19010000 		.4byte	0x119
 200 010c 08       		.uleb128 0x8
 201 010d 73727600 		.ascii	"srv\000"
 202 0111 05       		.byte	0x5
 203 0112 8E03     		.2byte	0x38e
 204 0114 72000000 		.4byte	0x72
 205 0118 00       		.byte	0
 206 0119 07       		.uleb128 0x7
ARM GAS  C:\Users\rbhar\AppData\Local\Temp\ccOyJW2d.s 			page 11


 207 011a 0B010000 		.4byte	.LASF23
 208 011e 05       		.byte	0x5
 209 011f 9A03     		.2byte	0x39a
 210 0121 03       		.byte	0x3
 211 0122 32010000 		.4byte	0x132
 212 0126 08       		.uleb128 0x8
 213 0127 696400   		.ascii	"id\000"
 214 012a 05       		.byte	0x5
 215 012b 9A03     		.2byte	0x39a
 216 012d 72000000 		.4byte	0x72
 217 0131 00       		.byte	0
 218 0132 09       		.uleb128 0x9
 219 0133 DD010000 		.4byte	.LASF47
 220 0137 02       		.byte	0x2
 221 0138 EC       		.byte	0xec
 222 0139 CA000000 		.4byte	0xca
 223 013d 03       		.byte	0x3
 224 013e 07       		.uleb128 0x7
 225 013f B4030000 		.4byte	.LASF24
 226 0143 05       		.byte	0x5
 227 0144 9F03     		.2byte	0x39f
 228 0146 03       		.byte	0x3
 229 0147 57010000 		.4byte	0x157
 230 014b 08       		.uleb128 0x8
 231 014c 696400   		.ascii	"id\000"
 232 014f 05       		.byte	0x5
 233 0150 9F03     		.2byte	0x39f
 234 0152 72000000 		.4byte	0x72
 235 0156 00       		.byte	0
 236 0157 0A       		.uleb128 0xa
 237 0158 AC020000 		.4byte	.LASF25
 238 015c 02       		.byte	0x2
 239 015d B5       		.byte	0xb5
 240 015e 03       		.byte	0x3
 241 015f 6F010000 		.4byte	0x16f
 242 0163 0B       		.uleb128 0xb
 243 0164 75020000 		.4byte	.LASF26
 244 0168 02       		.byte	0x2
 245 0169 B6       		.byte	0xb6
 246 016a F3000000 		.4byte	0xf3
 247 016e 00       		.byte	0
 248 016f 0C       		.uleb128 0xc
 249 0170 D5000000 		.4byte	.LASF48
 250 0174 01       		.byte	0x1
 251 0175 3E       		.byte	0x3e
 252 0176 F3000000 		.4byte	0xf3
 253 017a 00000000 		.4byte	.LFB59
 254 017e 14000000 		.4byte	.LFE59-.LFB59
 255 0182 01       		.uleb128 0x1
 256 0183 9C       		.byte	0x9c
 257 0184 B5010000 		.4byte	0x1b5
 258 0188 0D       		.uleb128 0xd
 259 0189 7E010000 		.4byte	.LASF49
 260 018d 01       		.byte	0x1
 261 018e 3E       		.byte	0x3e
 262 018f E1000000 		.4byte	0xe1
 263 0193 00000000 		.4byte	.LLST0
ARM GAS  C:\Users\rbhar\AppData\Local\Temp\ccOyJW2d.s 			page 12


 264 0197 0E       		.uleb128 0xe
 265 0198 657600   		.ascii	"ev\000"
 266 019b 01       		.byte	0x1
 267 019c 40       		.byte	0x40
 268 019d F3000000 		.4byte	0xf3
 269 01a1 3A000000 		.4byte	.LLST1
 270 01a5 0F       		.uleb128 0xf
 271 01a6 32010000 		.4byte	0x132
 272 01aa 02000000 		.4byte	.LBB16
 273 01ae 04000000 		.4byte	.LBE16-.LBB16
 274 01b2 01       		.byte	0x1
 275 01b3 6E       		.byte	0x6e
 276 01b4 00       		.byte	0
 277 01b5 10       		.uleb128 0x10
 278 01b6 F6000000 		.4byte	.LASF27
 279 01ba 06       		.byte	0x6
 280 01bb 44       		.byte	0x44
 281 01bc A9000000 		.4byte	0xa9
 282 01c0 10       		.uleb128 0x10
 283 01c1 36020000 		.4byte	.LASF28
 284 01c5 07       		.byte	0x7
 285 01c6 48       		.byte	0x48
 286 01c7 CA000000 		.4byte	0xca
 287 01cb 11       		.uleb128 0x11
 288 01cc E2010000 		.4byte	0x1e2
 289 01d0 DB010000 		.4byte	0x1db
 290 01d4 12       		.uleb128 0x12
 291 01d5 DB010000 		.4byte	0x1db
 292 01d9 00       		.byte	0
 293 01da 00       		.byte	0
 294 01db 02       		.uleb128 0x2
 295 01dc 04       		.byte	0x4
 296 01dd 07       		.byte	0x7
 297 01de CC020000 		.4byte	.LASF29
 298 01e2 13       		.uleb128 0x13
 299 01e3 A9000000 		.4byte	0xa9
 300 01e7 10       		.uleb128 0x10
 301 01e8 BD000000 		.4byte	.LASF30
 302 01ec 05       		.byte	0x5
 303 01ed B2       		.byte	0xb2
 304 01ee F2010000 		.4byte	0x1f2
 305 01f2 13       		.uleb128 0x13
 306 01f3 CB010000 		.4byte	0x1cb
 307 01f7 10       		.uleb128 0x10
 308 01f8 EF020000 		.4byte	.LASF31
 309 01fc 05       		.byte	0x5
 310 01fd B3       		.byte	0xb3
 311 01fe 02020000 		.4byte	0x202
 312 0202 13       		.uleb128 0x13
 313 0203 CB010000 		.4byte	0x1cb
 314 0207 11       		.uleb128 0x11
 315 0208 A9000000 		.4byte	0xa9
 316 020c 17020000 		.4byte	0x217
 317 0210 12       		.uleb128 0x12
 318 0211 DB010000 		.4byte	0x1db
 319 0215 00       		.byte	0
 320 0216 00       		.byte	0
ARM GAS  C:\Users\rbhar\AppData\Local\Temp\ccOyJW2d.s 			page 13


 321 0217 10       		.uleb128 0x10
 322 0218 E2020000 		.4byte	.LASF32
 323 021c 05       		.byte	0x5
 324 021d C1       		.byte	0xc1
 325 021e 07020000 		.4byte	0x207
 326 0222 11       		.uleb128 0x11
 327 0223 CA000000 		.4byte	0xca
 328 0227 32020000 		.4byte	0x232
 329 022b 12       		.uleb128 0x12
 330 022c DB010000 		.4byte	0x1db
 331 0230 00       		.byte	0
 332 0231 00       		.byte	0
 333 0232 10       		.uleb128 0x10
 334 0233 03030000 		.4byte	.LASF33
 335 0237 05       		.byte	0x5
 336 0238 C9       		.byte	0xc9
 337 0239 22020000 		.4byte	0x222
 338 023d 10       		.uleb128 0x10
 339 023e 2A020000 		.4byte	.LASF34
 340 0242 05       		.byte	0x5
 341 0243 D1       		.byte	0xd1
 342 0244 07020000 		.4byte	0x207
 343 0248 10       		.uleb128 0x10
 344 0249 8A000000 		.4byte	.LASF35
 345 024d 05       		.byte	0x5
 346 024e D9       		.byte	0xd9
 347 024f CA000000 		.4byte	0xca
 348 0253 10       		.uleb128 0x10
 349 0254 85010000 		.4byte	.LASF36
 350 0258 05       		.byte	0x5
 351 0259 EE       		.byte	0xee
 352 025a A9000000 		.4byte	0xa9
 353 025e 14       		.uleb128 0x14
 354 025f 09000000 		.4byte	.LASF37
 355 0263 05       		.byte	0x5
 356 0264 3601     		.2byte	0x136
 357 0266 D5000000 		.4byte	0xd5
 358 026a 14       		.uleb128 0x14
 359 026b 1F000000 		.4byte	.LASF38
 360 026f 05       		.byte	0x5
 361 0270 5301     		.2byte	0x153
 362 0272 07020000 		.4byte	0x207
 363 0276 11       		.uleb128 0x11
 364 0277 BF000000 		.4byte	0xbf
 365 027b 86020000 		.4byte	0x286
 366 027f 12       		.uleb128 0x12
 367 0280 DB010000 		.4byte	0x1db
 368 0284 00       		.byte	0
 369 0285 00       		.byte	0
 370 0286 14       		.uleb128 0x14
 371 0287 E5000000 		.4byte	.LASF39
 372 028b 05       		.byte	0x5
 373 028c 5E01     		.2byte	0x15e
 374 028e 76020000 		.4byte	0x276
 375 0292 10       		.uleb128 0x10
 376 0293 9C030000 		.4byte	.LASF40
 377 0297 08       		.byte	0x8
ARM GAS  C:\Users\rbhar\AppData\Local\Temp\ccOyJW2d.s 			page 14


 378 0298 40       		.byte	0x40
 379 0299 A9000000 		.4byte	0xa9
 380 029d 10       		.uleb128 0x10
 381 029e 38010000 		.4byte	.LASF41
 382 02a2 08       		.byte	0x8
 383 02a3 47       		.byte	0x47
 384 02a4 B4000000 		.4byte	0xb4
 385 02a8 10       		.uleb128 0x10
 386 02a9 7B020000 		.4byte	.LASF42
 387 02ad 08       		.byte	0x8
 388 02ae 4A       		.byte	0x4a
 389 02af A9000000 		.4byte	0xa9
 390 02b3 11       		.uleb128 0x11
 391 02b4 C3020000 		.4byte	0x2c3
 392 02b8 C3020000 		.4byte	0x2c3
 393 02bc 12       		.uleb128 0x12
 394 02bd DB010000 		.4byte	0x1db
 395 02c1 FF       		.byte	0xff
 396 02c2 00       		.byte	0
 397 02c3 13       		.uleb128 0x13
 398 02c4 7D000000 		.4byte	0x7d
 399 02c8 14       		.uleb128 0x14
 400 02c9 D5020000 		.4byte	.LASF43
 401 02cd 02       		.byte	0x2
 402 02ce AB01     		.2byte	0x1ab
 403 02d0 D4020000 		.4byte	0x2d4
 404 02d4 13       		.uleb128 0x13
 405 02d5 B3020000 		.4byte	0x2b3
 406 02d9 00       		.byte	0
 407              		.section	.debug_abbrev,"",%progbits
 408              	.Ldebug_abbrev0:
 409 0000 01       		.uleb128 0x1
 410 0001 11       		.uleb128 0x11
 411 0002 01       		.byte	0x1
 412 0003 25       		.uleb128 0x25
 413 0004 0E       		.uleb128 0xe
 414 0005 13       		.uleb128 0x13
 415 0006 0B       		.uleb128 0xb
 416 0007 03       		.uleb128 0x3
 417 0008 0E       		.uleb128 0xe
 418 0009 1B       		.uleb128 0x1b
 419 000a 0E       		.uleb128 0xe
 420 000b 55       		.uleb128 0x55
 421 000c 17       		.uleb128 0x17
 422 000d 11       		.uleb128 0x11
 423 000e 01       		.uleb128 0x1
 424 000f 10       		.uleb128 0x10
 425 0010 17       		.uleb128 0x17
 426 0011 00       		.byte	0
 427 0012 00       		.byte	0
 428 0013 02       		.uleb128 0x2
 429 0014 24       		.uleb128 0x24
 430 0015 00       		.byte	0
 431 0016 0B       		.uleb128 0xb
 432 0017 0B       		.uleb128 0xb
 433 0018 3E       		.uleb128 0x3e
 434 0019 0B       		.uleb128 0xb
ARM GAS  C:\Users\rbhar\AppData\Local\Temp\ccOyJW2d.s 			page 15


 435 001a 03       		.uleb128 0x3
 436 001b 0E       		.uleb128 0xe
 437 001c 00       		.byte	0
 438 001d 00       		.byte	0
 439 001e 03       		.uleb128 0x3
 440 001f 24       		.uleb128 0x24
 441 0020 00       		.byte	0
 442 0021 0B       		.uleb128 0xb
 443 0022 0B       		.uleb128 0xb
 444 0023 3E       		.uleb128 0x3e
 445 0024 0B       		.uleb128 0xb
 446 0025 03       		.uleb128 0x3
 447 0026 08       		.uleb128 0x8
 448 0027 00       		.byte	0
 449 0028 00       		.byte	0
 450 0029 04       		.uleb128 0x4
 451 002a 16       		.uleb128 0x16
 452 002b 00       		.byte	0
 453 002c 03       		.uleb128 0x3
 454 002d 0E       		.uleb128 0xe
 455 002e 3A       		.uleb128 0x3a
 456 002f 0B       		.uleb128 0xb
 457 0030 3B       		.uleb128 0x3b
 458 0031 0B       		.uleb128 0xb
 459 0032 49       		.uleb128 0x49
 460 0033 13       		.uleb128 0x13
 461 0034 00       		.byte	0
 462 0035 00       		.byte	0
 463 0036 05       		.uleb128 0x5
 464 0037 16       		.uleb128 0x16
 465 0038 00       		.byte	0
 466 0039 03       		.uleb128 0x3
 467 003a 0E       		.uleb128 0xe
 468 003b 3A       		.uleb128 0x3a
 469 003c 0B       		.uleb128 0xb
 470 003d 3B       		.uleb128 0x3b
 471 003e 05       		.uleb128 0x5
 472 003f 49       		.uleb128 0x49
 473 0040 13       		.uleb128 0x13
 474 0041 00       		.byte	0
 475 0042 00       		.byte	0
 476 0043 06       		.uleb128 0x6
 477 0044 0F       		.uleb128 0xf
 478 0045 00       		.byte	0
 479 0046 0B       		.uleb128 0xb
 480 0047 0B       		.uleb128 0xb
 481 0048 49       		.uleb128 0x49
 482 0049 13       		.uleb128 0x13
 483 004a 00       		.byte	0
 484 004b 00       		.byte	0
 485 004c 07       		.uleb128 0x7
 486 004d 2E       		.uleb128 0x2e
 487 004e 01       		.byte	0x1
 488 004f 03       		.uleb128 0x3
 489 0050 0E       		.uleb128 0xe
 490 0051 3A       		.uleb128 0x3a
 491 0052 0B       		.uleb128 0xb
ARM GAS  C:\Users\rbhar\AppData\Local\Temp\ccOyJW2d.s 			page 16


 492 0053 3B       		.uleb128 0x3b
 493 0054 05       		.uleb128 0x5
 494 0055 27       		.uleb128 0x27
 495 0056 19       		.uleb128 0x19
 496 0057 20       		.uleb128 0x20
 497 0058 0B       		.uleb128 0xb
 498 0059 01       		.uleb128 0x1
 499 005a 13       		.uleb128 0x13
 500 005b 00       		.byte	0
 501 005c 00       		.byte	0
 502 005d 08       		.uleb128 0x8
 503 005e 05       		.uleb128 0x5
 504 005f 00       		.byte	0
 505 0060 03       		.uleb128 0x3
 506 0061 08       		.uleb128 0x8
 507 0062 3A       		.uleb128 0x3a
 508 0063 0B       		.uleb128 0xb
 509 0064 3B       		.uleb128 0x3b
 510 0065 05       		.uleb128 0x5
 511 0066 49       		.uleb128 0x49
 512 0067 13       		.uleb128 0x13
 513 0068 00       		.byte	0
 514 0069 00       		.byte	0
 515 006a 09       		.uleb128 0x9
 516 006b 2E       		.uleb128 0x2e
 517 006c 00       		.byte	0
 518 006d 03       		.uleb128 0x3
 519 006e 0E       		.uleb128 0xe
 520 006f 3A       		.uleb128 0x3a
 521 0070 0B       		.uleb128 0xb
 522 0071 3B       		.uleb128 0x3b
 523 0072 0B       		.uleb128 0xb
 524 0073 27       		.uleb128 0x27
 525 0074 19       		.uleb128 0x19
 526 0075 49       		.uleb128 0x49
 527 0076 13       		.uleb128 0x13
 528 0077 20       		.uleb128 0x20
 529 0078 0B       		.uleb128 0xb
 530 0079 00       		.byte	0
 531 007a 00       		.byte	0
 532 007b 0A       		.uleb128 0xa
 533 007c 2E       		.uleb128 0x2e
 534 007d 01       		.byte	0x1
 535 007e 03       		.uleb128 0x3
 536 007f 0E       		.uleb128 0xe
 537 0080 3A       		.uleb128 0x3a
 538 0081 0B       		.uleb128 0xb
 539 0082 3B       		.uleb128 0x3b
 540 0083 0B       		.uleb128 0xb
 541 0084 27       		.uleb128 0x27
 542 0085 19       		.uleb128 0x19
 543 0086 20       		.uleb128 0x20
 544 0087 0B       		.uleb128 0xb
 545 0088 01       		.uleb128 0x1
 546 0089 13       		.uleb128 0x13
 547 008a 00       		.byte	0
 548 008b 00       		.byte	0
ARM GAS  C:\Users\rbhar\AppData\Local\Temp\ccOyJW2d.s 			page 17


 549 008c 0B       		.uleb128 0xb
 550 008d 05       		.uleb128 0x5
 551 008e 00       		.byte	0
 552 008f 03       		.uleb128 0x3
 553 0090 0E       		.uleb128 0xe
 554 0091 3A       		.uleb128 0x3a
 555 0092 0B       		.uleb128 0xb
 556 0093 3B       		.uleb128 0x3b
 557 0094 0B       		.uleb128 0xb
 558 0095 49       		.uleb128 0x49
 559 0096 13       		.uleb128 0x13
 560 0097 00       		.byte	0
 561 0098 00       		.byte	0
 562 0099 0C       		.uleb128 0xc
 563 009a 2E       		.uleb128 0x2e
 564 009b 01       		.byte	0x1
 565 009c 3F       		.uleb128 0x3f
 566 009d 19       		.uleb128 0x19
 567 009e 03       		.uleb128 0x3
 568 009f 0E       		.uleb128 0xe
 569 00a0 3A       		.uleb128 0x3a
 570 00a1 0B       		.uleb128 0xb
 571 00a2 3B       		.uleb128 0x3b
 572 00a3 0B       		.uleb128 0xb
 573 00a4 27       		.uleb128 0x27
 574 00a5 19       		.uleb128 0x19
 575 00a6 49       		.uleb128 0x49
 576 00a7 13       		.uleb128 0x13
 577 00a8 11       		.uleb128 0x11
 578 00a9 01       		.uleb128 0x1
 579 00aa 12       		.uleb128 0x12
 580 00ab 06       		.uleb128 0x6
 581 00ac 40       		.uleb128 0x40
 582 00ad 18       		.uleb128 0x18
 583 00ae 9742     		.uleb128 0x2117
 584 00b0 19       		.uleb128 0x19
 585 00b1 01       		.uleb128 0x1
 586 00b2 13       		.uleb128 0x13
 587 00b3 00       		.byte	0
 588 00b4 00       		.byte	0
 589 00b5 0D       		.uleb128 0xd
 590 00b6 05       		.uleb128 0x5
 591 00b7 00       		.byte	0
 592 00b8 03       		.uleb128 0x3
 593 00b9 0E       		.uleb128 0xe
 594 00ba 3A       		.uleb128 0x3a
 595 00bb 0B       		.uleb128 0xb
 596 00bc 3B       		.uleb128 0x3b
 597 00bd 0B       		.uleb128 0xb
 598 00be 49       		.uleb128 0x49
 599 00bf 13       		.uleb128 0x13
 600 00c0 02       		.uleb128 0x2
 601 00c1 17       		.uleb128 0x17
 602 00c2 00       		.byte	0
 603 00c3 00       		.byte	0
 604 00c4 0E       		.uleb128 0xe
 605 00c5 34       		.uleb128 0x34
ARM GAS  C:\Users\rbhar\AppData\Local\Temp\ccOyJW2d.s 			page 18


 606 00c6 00       		.byte	0
 607 00c7 03       		.uleb128 0x3
 608 00c8 08       		.uleb128 0x8
 609 00c9 3A       		.uleb128 0x3a
 610 00ca 0B       		.uleb128 0xb
 611 00cb 3B       		.uleb128 0x3b
 612 00cc 0B       		.uleb128 0xb
 613 00cd 49       		.uleb128 0x49
 614 00ce 13       		.uleb128 0x13
 615 00cf 02       		.uleb128 0x2
 616 00d0 17       		.uleb128 0x17
 617 00d1 00       		.byte	0
 618 00d2 00       		.byte	0
 619 00d3 0F       		.uleb128 0xf
 620 00d4 1D       		.uleb128 0x1d
 621 00d5 00       		.byte	0
 622 00d6 31       		.uleb128 0x31
 623 00d7 13       		.uleb128 0x13
 624 00d8 11       		.uleb128 0x11
 625 00d9 01       		.uleb128 0x1
 626 00da 12       		.uleb128 0x12
 627 00db 06       		.uleb128 0x6
 628 00dc 58       		.uleb128 0x58
 629 00dd 0B       		.uleb128 0xb
 630 00de 59       		.uleb128 0x59
 631 00df 0B       		.uleb128 0xb
 632 00e0 00       		.byte	0
 633 00e1 00       		.byte	0
 634 00e2 10       		.uleb128 0x10
 635 00e3 34       		.uleb128 0x34
 636 00e4 00       		.byte	0
 637 00e5 03       		.uleb128 0x3
 638 00e6 0E       		.uleb128 0xe
 639 00e7 3A       		.uleb128 0x3a
 640 00e8 0B       		.uleb128 0xb
 641 00e9 3B       		.uleb128 0x3b
 642 00ea 0B       		.uleb128 0xb
 643 00eb 49       		.uleb128 0x49
 644 00ec 13       		.uleb128 0x13
 645 00ed 3F       		.uleb128 0x3f
 646 00ee 19       		.uleb128 0x19
 647 00ef 3C       		.uleb128 0x3c
 648 00f0 19       		.uleb128 0x19
 649 00f1 00       		.byte	0
 650 00f2 00       		.byte	0
 651 00f3 11       		.uleb128 0x11
 652 00f4 01       		.uleb128 0x1
 653 00f5 01       		.byte	0x1
 654 00f6 49       		.uleb128 0x49
 655 00f7 13       		.uleb128 0x13
 656 00f8 01       		.uleb128 0x1
 657 00f9 13       		.uleb128 0x13
 658 00fa 00       		.byte	0
 659 00fb 00       		.byte	0
 660 00fc 12       		.uleb128 0x12
 661 00fd 21       		.uleb128 0x21
 662 00fe 00       		.byte	0
ARM GAS  C:\Users\rbhar\AppData\Local\Temp\ccOyJW2d.s 			page 19


 663 00ff 49       		.uleb128 0x49
 664 0100 13       		.uleb128 0x13
 665 0101 2F       		.uleb128 0x2f
 666 0102 0B       		.uleb128 0xb
 667 0103 00       		.byte	0
 668 0104 00       		.byte	0
 669 0105 13       		.uleb128 0x13
 670 0106 26       		.uleb128 0x26
 671 0107 00       		.byte	0
 672 0108 49       		.uleb128 0x49
 673 0109 13       		.uleb128 0x13
 674 010a 00       		.byte	0
 675 010b 00       		.byte	0
 676 010c 14       		.uleb128 0x14
 677 010d 34       		.uleb128 0x34
 678 010e 00       		.byte	0
 679 010f 03       		.uleb128 0x3
 680 0110 0E       		.uleb128 0xe
 681 0111 3A       		.uleb128 0x3a
 682 0112 0B       		.uleb128 0xb
 683 0113 3B       		.uleb128 0x3b
 684 0114 05       		.uleb128 0x5
 685 0115 49       		.uleb128 0x49
 686 0116 13       		.uleb128 0x13
 687 0117 3F       		.uleb128 0x3f
 688 0118 19       		.uleb128 0x19
 689 0119 3C       		.uleb128 0x3c
 690 011a 19       		.uleb128 0x19
 691 011b 00       		.byte	0
 692 011c 00       		.byte	0
 693 011d 00       		.byte	0
 694              		.section	.debug_loc,"",%progbits
 695              	.Ldebug_loc0:
 696              	.LLST0:
 697 0000 00000000 		.4byte	.LVL0
 698 0004 0A000000 		.4byte	.LVL2
 699 0008 0100     		.2byte	0x1
 700 000a 50       		.byte	0x50
 701 000b 0A000000 		.4byte	.LVL2
 702 000f 0C000000 		.4byte	.LVL3
 703 0013 0400     		.2byte	0x4
 704 0015 F3       		.byte	0xf3
 705 0016 01       		.uleb128 0x1
 706 0017 50       		.byte	0x50
 707 0018 9F       		.byte	0x9f
 708 0019 0C000000 		.4byte	.LVL3
 709 001d 0E000000 		.4byte	.LVL4
 710 0021 0100     		.2byte	0x1
 711 0023 50       		.byte	0x50
 712 0024 0E000000 		.4byte	.LVL4
 713 0028 14000000 		.4byte	.LFE59
 714 002c 0400     		.2byte	0x4
 715 002e F3       		.byte	0xf3
 716 002f 01       		.uleb128 0x1
 717 0030 50       		.byte	0x50
 718 0031 9F       		.byte	0x9f
 719 0032 00000000 		.4byte	0
ARM GAS  C:\Users\rbhar\AppData\Local\Temp\ccOyJW2d.s 			page 20


 720 0036 00000000 		.4byte	0
 721              	.LLST1:
 722 003a 08000000 		.4byte	.LVL1
 723 003e 0C000000 		.4byte	.LVL3
 724 0042 0200     		.2byte	0x2
 725 0044 30       		.byte	0x30
 726 0045 9F       		.byte	0x9f
 727 0046 0E000000 		.4byte	.LVL4
 728 004a 14000000 		.4byte	.LFE59
 729 004e 0100     		.2byte	0x1
 730 0050 50       		.byte	0x50
 731 0051 00000000 		.4byte	0
 732 0055 00000000 		.4byte	0
 733              		.section	.debug_aranges,"",%progbits
 734 0000 1C000000 		.4byte	0x1c
 735 0004 0200     		.2byte	0x2
 736 0006 00000000 		.4byte	.Ldebug_info0
 737 000a 04       		.byte	0x4
 738 000b 00       		.byte	0
 739 000c 0000     		.2byte	0
 740 000e 0000     		.2byte	0
 741 0010 00000000 		.4byte	.LFB59
 742 0014 14000000 		.4byte	.LFE59-.LFB59
 743 0018 00000000 		.4byte	0
 744 001c 00000000 		.4byte	0
 745              		.section	.debug_ranges,"",%progbits
 746              	.Ldebug_ranges0:
 747 0000 00000000 		.4byte	.LFB59
 748 0004 14000000 		.4byte	.LFE59
 749 0008 00000000 		.4byte	0
 750 000c 00000000 		.4byte	0
 751              		.section	.debug_line,"",%progbits
 752              	.Ldebug_line0:
 753 0000 4D010000 		.section	.debug_str,"MS",%progbits,1
 753      02002201 
 753      00000201 
 753      FB0E0D00 
 753      01010101 
 754              	.LASF10:
 755 0000 45455F55 		.ascii	"EE_UINT8\000"
 755      494E5438 
 755      00
 756              	.LASF37:
 757 0009 45455F72 		.ascii	"EE_rq_bitmask\000"
 757      715F6269 
 757      746D6173 
 757      6B00
 758              	.LASF15:
 759 0017 45455F55 		.ascii	"EE_UREG\000"
 759      52454700 
 760              	.LASF38:
 761 001f 45455F74 		.ascii	"EE_th_event_active\000"
 761      685F6576 
 761      656E745F 
 761      61637469 
 761      766500
 762              	.LASF46:
ARM GAS  C:\Users\rbhar\AppData\Local\Temp\ccOyJW2d.s 			page 21


 763 0032 443A5C48 		.ascii	"D:\\HDA\\1_sem\\Embedded System Design\\Lab\\Assign"
 763      44415C31 
 763      5F73656D 
 763      5C456D62 
 763      65646465 
 764 0060 6D656E74 		.ascii	"ment_1\\ReactionGame_OS\\ReactionGame.cydsn\000"
 764      5F315C52 
 764      65616374 
 764      696F6E47 
 764      616D655F 
 765              	.LASF35:
 766 008a 45455F73 		.ascii	"EE_stkfirst\000"
 766      746B6669 
 766      72737400 
 767              	.LASF2:
 768 0096 73686F72 		.ascii	"short int\000"
 768      7420696E 
 768      7400
 769              	.LASF21:
 770 00a0 53746174 		.ascii	"StatusType\000"
 770      75735479 
 770      706500
 771              	.LASF16:
 772 00ab 45455F46 		.ascii	"EE_FREG\000"
 772      52454700 
 773              	.LASF14:
 774 00b3 45455F55 		.ascii	"EE_UINT32\000"
 774      494E5433 
 774      3200
 775              	.LASF30:
 776 00bd 45455F74 		.ascii	"EE_th_ready_prio\000"
 776      685F7265 
 776      6164795F 
 776      7072696F 
 776      00
 777              	.LASF18:
 778 00ce 45455F54 		.ascii	"EE_TID\000"
 778      494400
 779              	.LASF48:
 780 00d5 45455F6F 		.ascii	"EE_oo_GetTaskID\000"
 780      6F5F4765 
 780      74546173 
 780      6B494400 
 781              	.LASF39:
 782 00e5 45455F74 		.ascii	"EE_th_waswaiting\000"
 782      685F7761 
 782      73776169 
 782      74696E67 
 782      00
 783              	.LASF27:
 784 00f6 45455F49 		.ascii	"EE_IRQ_nesting_level\000"
 784      52515F6E 
 784      65737469 
 784      6E675F6C 
 784      6576656C 
 785              	.LASF23:
 786 010b 45455F4F 		.ascii	"EE_ORTI_set_service_in\000"
ARM GAS  C:\Users\rbhar\AppData\Local\Temp\ccOyJW2d.s 			page 22


 786      5254495F 
 786      7365745F 
 786      73657276 
 786      6963655F 
 787              	.LASF6:
 788 0122 6C6F6E67 		.ascii	"long long int\000"
 788      206C6F6E 
 788      6720696E 
 788      7400
 789              	.LASF11:
 790 0130 45455F49 		.ascii	"EE_INT8\000"
 790      4E543800 
 791              	.LASF41:
 792 0138 45455F6F 		.ascii	"EE_oo_IRQ_suspend_status\000"
 792      6F5F4952 
 792      515F7375 
 792      7370656E 
 792      645F7374 
 793              	.LASF19:
 794 0151 45455F54 		.ascii	"EE_TYPE_RQ_MASK\000"
 794      5950455F 
 794      52515F4D 
 794      41534B00 
 795              	.LASF4:
 796 0161 6C6F6E67 		.ascii	"long int\000"
 796      20696E74 
 796      00
 797              	.LASF22:
 798 016a 45455F4F 		.ascii	"EE_ORTI_set_service\000"
 798      5254495F 
 798      7365745F 
 798      73657276 
 798      69636500 
 799              	.LASF49:
 800 017e 5461736B 		.ascii	"TaskID\000"
 800      494400
 801              	.LASF36:
 802 0185 45455F73 		.ascii	"EE_sys_ceiling\000"
 802      79735F63 
 802      65696C69 
 802      6E6700
 803              	.LASF9:
 804 0194 6C6F6E67 		.ascii	"long double\000"
 804      20646F75 
 804      626C6500 
 805              	.LASF1:
 806 01a0 756E7369 		.ascii	"unsigned char\000"
 806      676E6564 
 806      20636861 
 806      7200
 807              	.LASF0:
 808 01ae 7369676E 		.ascii	"signed char\000"
 808      65642063 
 808      68617200 
 809              	.LASF7:
 810 01ba 6C6F6E67 		.ascii	"long long unsigned int\000"
 810      206C6F6E 
ARM GAS  C:\Users\rbhar\AppData\Local\Temp\ccOyJW2d.s 			page 23


 810      6720756E 
 810      7369676E 
 810      65642069 
 811              	.LASF20:
 812 01d1 5461736B 		.ascii	"TaskRefType\000"
 812      52656654 
 812      79706500 
 813              	.LASF47:
 814 01dd 45455F73 		.ascii	"EE_stk_queryfirst\000"
 814      746B5F71 
 814      75657279 
 814      66697273 
 814      7400
 815              	.LASF8:
 816 01ef 756E7369 		.ascii	"unsigned int\000"
 816      676E6564 
 816      20696E74 
 816      00
 817              	.LASF45:
 818 01fc 47656E65 		.ascii	"Generated_Source\\PSoC5\\ErikaOS_ee_gettaskid.c\000"
 818      72617465 
 818      645F536F 
 818      75726365 
 818      5C50536F 
 819              	.LASF34:
 820 022a 45455F74 		.ascii	"EE_th_rnact\000"
 820      685F726E 
 820      61637400 
 821              	.LASF28:
 822 0236 45455F73 		.ascii	"EE_std_endcycle_next_tid\000"
 822      74645F65 
 822      6E646379 
 822      636C655F 
 822      6E657874 
 823              	.LASF13:
 824 024f 45455F49 		.ascii	"EE_INT32\000"
 824      4E543332 
 824      00
 825              	.LASF3:
 826 0258 73686F72 		.ascii	"short unsigned int\000"
 826      7420756E 
 826      7369676E 
 826      65642069 
 826      6E7400
 827              	.LASF12:
 828 026b 45455F55 		.ascii	"EE_UINT16\000"
 828      494E5431 
 828      3600
 829              	.LASF26:
 830 0275 4572726F 		.ascii	"Error\000"
 830      7200
 831              	.LASF42:
 832 027b 45455F41 		.ascii	"EE_ApplicationMode\000"
 832      70706C69 
 832      63617469 
 832      6F6E4D6F 
 832      646500
ARM GAS  C:\Users\rbhar\AppData\Local\Temp\ccOyJW2d.s 			page 24


 833              	.LASF5:
 834 028e 6C6F6E67 		.ascii	"long unsigned int\000"
 834      20756E73 
 834      69676E65 
 834      6420696E 
 834      7400
 835              	.LASF17:
 836 02a0 45455F54 		.ascii	"EE_TYPEBOOL\000"
 836      59504542 
 836      4F4F4C00 
 837              	.LASF25:
 838 02ac 45455F6F 		.ascii	"EE_os_notify_error_from_us_impl\000"
 838      735F6E6F 
 838      74696679 
 838      5F657272 
 838      6F725F66 
 839              	.LASF29:
 840 02cc 73697A65 		.ascii	"sizetype\000"
 840      74797065 
 840      00
 841              	.LASF43:
 842 02d5 45455F72 		.ascii	"EE_rq_lookup\000"
 842      715F6C6F 
 842      6F6B7570 
 842      00
 843              	.LASF32:
 844 02e2 45455F74 		.ascii	"EE_th_status\000"
 844      685F7374 
 844      61747573 
 844      00
 845              	.LASF31:
 846 02ef 45455F74 		.ascii	"EE_th_dispatch_prio\000"
 846      685F6469 
 846      73706174 
 846      63685F70 
 846      72696F00 
 847              	.LASF33:
 848 0303 45455F74 		.ascii	"EE_th_next\000"
 848      685F6E65 
 848      787400
 849              	.LASF44:
 850 030e 474E5520 		.ascii	"GNU C11 5.4.1 20160609 (release) [ARM/embedded-5-br"
 850      43313120 
 850      352E342E 
 850      31203230 
 850      31363036 
 851 0341 616E6368 		.ascii	"anch revision 237715] -mcpu=cortex-m3 -mthumb -g -O"
 851      20726576 
 851      6973696F 
 851      6E203233 
 851      37373135 
 852 0374 67202D66 		.ascii	"g -ffunction-sections -ffat-lto-objects\000"
 852      66756E63 
 852      74696F6E 
 852      2D736563 
 852      74696F6E 
 853              	.LASF40:
ARM GAS  C:\Users\rbhar\AppData\Local\Temp\ccOyJW2d.s 			page 25


 854 039c 45455F6F 		.ascii	"EE_oo_IRQ_disable_count\000"
 854      6F5F4952 
 854      515F6469 
 854      7361626C 
 854      655F636F 
 855              	.LASF24:
 856 03b4 45455F4F 		.ascii	"EE_ORTI_set_service_out\000"
 856      5254495F 
 856      7365745F 
 856      73657276 
 856      6963655F 
 857              		.ident	"GCC: (GNU Tools for ARM Embedded Processors) 5.4.1 20160609 (release) [ARM/embedded-5-bran
