ARM GAS  C:\Users\rbhar\AppData\Local\Temp\ccab1icO.s 			page 1


   1              		.syntax unified
   2              		.cpu cortex-m3
   3              		.fpu softvfp
   4              		.eabi_attribute 20, 1
   5              		.eabi_attribute 21, 1
   6              		.eabi_attribute 23, 3
   7              		.eabi_attribute 24, 1
   8              		.eabi_attribute 25, 1
   9              		.eabi_attribute 26, 1
  10              		.eabi_attribute 30, 1
  11              		.eabi_attribute 34, 1
  12              		.eabi_attribute 18, 4
  13              		.thumb
  14              		.syntax unified
  15              		.file	"ErikaOS_eecfg.c"
  16              		.text
  17              	.Ltext0:
  18              		.cfi_sections	.debug_frame
  19              		.global	EE_oo_autostart_task_data
  20              		.comm	EE_ApplicationMode,4,4
  21              		.global	EE_th_is_extended
  22              		.global	EE_th_waswaiting
  23              		.global	EE_th_event_waitmask
  24              		.global	EE_th_event_active
  25              		.global	EE_th_terminate_nextask
  26              		.global	EE_rq_free
  27              		.comm	EE_rq_pairs_tid,4,4
  28              		.global	EE_rq_pairs_next
  29              		.global	EE_rq_link
  30              		.global	EE_th_rnact_max
  31              		.global	EE_th_rnact
  32              		.global	EE_rq_bitmask
  33              		.global	EE_rq_queues_tail
  34              		.global	EE_rq_queues_head
  35              		.global	EE_sys_ceiling
  36              		.global	EE_stkfirst
  37              		.global	EE_th_next
  38              		.global	EE_th_status
  39              		.global	EE_th_dispatch_prio
  40              		.global	EE_th_ready_prio
  41              		.global	EE_terminate_real_th_body
  42              		.comm	EE_terminate_data,4,4
  43              		.global	EE_hal_thread_body
  44              		.global	EE_cortex_mx_IRQ_tos
  45              		.global	EE_cortex_mx_active_tos
  46              		.global	EE_cortex_mx_system_tos
  47              		.global	EE_std_thread_tos
  48              		.comm	EE_cortex_mx_stack_9,512,4
  49              		.section	.rodata
  50              		.align	2
  51              		.type	EE_oo_autostart_task_data, %object
  52              		.size	EE_oo_autostart_task_data, 8
  53              	EE_oo_autostart_task_data:
  54 0000 01000000 		.word	1
  55 0004 08000000 		.word	EE_oo_autostart_task_mode_OSDEFAULTAPPMODE
  56              		.type	EE_oo_autostart_task_mode_OSDEFAULTAPPMODE, %object
  57              		.size	EE_oo_autostart_task_mode_OSDEFAULTAPPMODE, 4
ARM GAS  C:\Users\rbhar\AppData\Local\Temp\ccab1icO.s 			page 2


  58              	EE_oo_autostart_task_mode_OSDEFAULTAPPMODE:
  59 0008 00000000 		.space	4
  60              		.type	EE_th_is_extended, %object
  61              		.size	EE_th_is_extended, 4
  62              	EE_th_is_extended:
  63 000c 00000000 		.space	4
  64              		.type	EE_th_rnact_max, %object
  65              		.size	EE_th_rnact_max, 4
  66              	EE_th_rnact_max:
  67 0010 01000000 		.word	1
  68              		.type	EE_th_dispatch_prio, %object
  69              		.size	EE_th_dispatch_prio, 4
  70              	EE_th_dispatch_prio:
  71 0014 80000000 		.word	128
  72              		.type	EE_th_ready_prio, %object
  73              		.size	EE_th_ready_prio, 4
  74              	EE_th_ready_prio:
  75 0018 01000000 		.word	1
  76              		.type	EE_terminate_real_th_body, %object
  77              		.size	EE_terminate_real_th_body, 4
  78              	EE_terminate_real_th_body:
  79 001c 00000000 		.word	Functsk_init
  80              		.type	EE_hal_thread_body, %object
  81              		.size	EE_hal_thread_body, 4
  82              	EE_hal_thread_body:
  83 0020 00000000 		.word	EE_oo_thread_stub
  84              		.type	EE_std_thread_tos, %object
  85              		.size	EE_std_thread_tos, 8
  86              	EE_std_thread_tos:
  87 0024 00000000 		.space	8
  87      00000000 
  88              		.data
  89              		.align	2
  90              		.type	EE_th_terminate_nextask, %object
  91              		.size	EE_th_terminate_nextask, 4
  92              	EE_th_terminate_nextask:
  93 0000 FFFFFFFF 		.word	-1
  94              		.type	EE_rq_pairs_next, %object
  95              		.size	EE_rq_pairs_next, 4
  96              	EE_rq_pairs_next:
  97 0004 FFFFFFFF 		.word	-1
  98              		.type	EE_th_rnact, %object
  99              		.size	EE_th_rnact, 4
 100              	EE_th_rnact:
 101 0008 01000000 		.word	1
 102              		.type	EE_rq_queues_tail, %object
 103              		.size	EE_rq_queues_tail, 64
 104              	EE_rq_queues_tail:
 105 000c FFFFFFFF 		.word	-1
 106 0010 FFFFFFFF 		.word	-1
 107 0014 FFFFFFFF 		.word	-1
 108 0018 FFFFFFFF 		.word	-1
 109 001c FFFFFFFF 		.word	-1
 110 0020 FFFFFFFF 		.word	-1
 111 0024 FFFFFFFF 		.word	-1
 112 0028 FFFFFFFF 		.word	-1
 113 002c FFFFFFFF 		.word	-1
ARM GAS  C:\Users\rbhar\AppData\Local\Temp\ccab1icO.s 			page 3


 114 0030 FFFFFFFF 		.word	-1
 115 0034 FFFFFFFF 		.word	-1
 116 0038 FFFFFFFF 		.word	-1
 117 003c FFFFFFFF 		.word	-1
 118 0040 FFFFFFFF 		.word	-1
 119 0044 FFFFFFFF 		.word	-1
 120 0048 FFFFFFFF 		.word	-1
 121              		.type	EE_rq_queues_head, %object
 122              		.size	EE_rq_queues_head, 64
 123              	EE_rq_queues_head:
 124 004c FFFFFFFF 		.word	-1
 125 0050 FFFFFFFF 		.word	-1
 126 0054 FFFFFFFF 		.word	-1
 127 0058 FFFFFFFF 		.word	-1
 128 005c FFFFFFFF 		.word	-1
 129 0060 FFFFFFFF 		.word	-1
 130 0064 FFFFFFFF 		.word	-1
 131 0068 FFFFFFFF 		.word	-1
 132 006c FFFFFFFF 		.word	-1
 133 0070 FFFFFFFF 		.word	-1
 134 0074 FFFFFFFF 		.word	-1
 135 0078 FFFFFFFF 		.word	-1
 136 007c FFFFFFFF 		.word	-1
 137 0080 FFFFFFFF 		.word	-1
 138 0084 FFFFFFFF 		.word	-1
 139 0088 FFFFFFFF 		.word	-1
 140              		.type	EE_stkfirst, %object
 141              		.size	EE_stkfirst, 4
 142              	EE_stkfirst:
 143 008c FFFFFFFF 		.word	-1
 144              		.type	EE_th_next, %object
 145              		.size	EE_th_next, 4
 146              	EE_th_next:
 147 0090 FFFFFFFF 		.word	-1
 148              		.type	EE_th_status, %object
 149              		.size	EE_th_status, 4
 150              	EE_th_status:
 151 0094 03000000 		.word	3
 152              		.type	EE_cortex_mx_IRQ_tos, %object
 153              		.size	EE_cortex_mx_IRQ_tos, 4
 154              	EE_cortex_mx_IRQ_tos:
 155 0098 00020000 		.word	EE_cortex_mx_stack_9+512
 156              		.bss
 157              		.align	2
 158              		.type	EE_th_waswaiting, %object
 159              		.size	EE_th_waswaiting, 4
 160              	EE_th_waswaiting:
 161 0000 00000000 		.space	4
 162              		.type	EE_th_event_waitmask, %object
 163              		.size	EE_th_event_waitmask, 4
 164              	EE_th_event_waitmask:
 165 0004 00000000 		.space	4
 166              		.type	EE_th_event_active, %object
 167              		.size	EE_th_event_active, 4
 168              	EE_th_event_active:
 169 0008 00000000 		.space	4
 170              		.type	EE_rq_free, %object
ARM GAS  C:\Users\rbhar\AppData\Local\Temp\ccab1icO.s 			page 4


 171              		.size	EE_rq_free, 4
 172              	EE_rq_free:
 173 000c 00000000 		.space	4
 174              		.type	EE_rq_link, %object
 175              		.size	EE_rq_link, 4
 176              	EE_rq_link:
 177 0010 00000000 		.space	4
 178              		.type	EE_rq_bitmask, %object
 179              		.size	EE_rq_bitmask, 2
 180              	EE_rq_bitmask:
 181 0014 0000     		.space	2
 182 0016 0000     		.space	2
 183              		.type	EE_sys_ceiling, %object
 184              		.size	EE_sys_ceiling, 4
 185              	EE_sys_ceiling:
 186 0018 00000000 		.space	4
 187              		.type	EE_cortex_mx_active_tos, %object
 188              		.size	EE_cortex_mx_active_tos, 4
 189              	EE_cortex_mx_active_tos:
 190 001c 00000000 		.space	4
 191              		.type	EE_cortex_mx_system_tos, %object
 192              		.size	EE_cortex_mx_system_tos, 4
 193              	EE_cortex_mx_system_tos:
 194 0020 00000000 		.space	4
 195              		.text
 196              	.Letext0:
 197              		.file 1 "Generated_Source\\PSoC5\\ErikaOS_common_ee_types.inc"
 198              		.file 2 "Generated_Source\\PSoC5\\ErikaOS_cortex_mx_ee_cpu.inc"
 199              		.file 3 "Generated_Source\\PSoC5\\ErikaOS_ee_oo_common.inc"
 200              		.file 4 "Generated_Source\\PSoC5\\ErikaOS_common_ee_hal_structs.inc"
 201              		.file 5 "Generated_Source\\PSoC5\\ErikaOS_eecfg.c"
 202              		.file 6 "Generated_Source\\PSoC5\\ErikaOS_ee_oo_intfunc.inc"
 203              		.file 7 "Generated_Source\\PSoC5\\ErikaOS_cortex_mx_ee_context.inc"
 204              		.file 8 "Generated_Source\\PSoC5\\ErikaOS_common_ee_primitives.inc"
 205              		.section	.debug_info,"",%progbits
 206              	.Ldebug_info0:
 207 0000 A5040000 		.4byte	0x4a5
 208 0004 0400     		.2byte	0x4
 209 0006 00000000 		.4byte	.Ldebug_abbrev0
 210 000a 04       		.byte	0x4
 211 000b 01       		.uleb128 0x1
 212 000c 3E040000 		.4byte	.LASF60
 213 0010 0C       		.byte	0xc
 214 0011 17040000 		.4byte	.LASF61
 215 0015 51000000 		.4byte	.LASF62
 216 0019 00000000 		.4byte	.Ldebug_line0
 217 001d 02       		.uleb128 0x2
 218 001e 01       		.byte	0x1
 219 001f 06       		.byte	0x6
 220 0020 45020000 		.4byte	.LASF0
 221 0024 02       		.uleb128 0x2
 222 0025 01       		.byte	0x1
 223 0026 08       		.byte	0x8
 224 0027 2F020000 		.4byte	.LASF1
 225 002b 02       		.uleb128 0x2
 226 002c 02       		.byte	0x2
 227 002d 05       		.byte	0x5
ARM GAS  C:\Users\rbhar\AppData\Local\Temp\ccab1icO.s 			page 5


 228 002e BA000000 		.4byte	.LASF2
 229 0032 02       		.uleb128 0x2
 230 0033 02       		.byte	0x2
 231 0034 07       		.byte	0x7
 232 0035 CA020000 		.4byte	.LASF3
 233 0039 02       		.uleb128 0x2
 234 003a 04       		.byte	0x4
 235 003b 05       		.byte	0x5
 236 003c B5010000 		.4byte	.LASF4
 237 0040 02       		.uleb128 0x2
 238 0041 04       		.byte	0x4
 239 0042 07       		.byte	0x7
 240 0043 08030000 		.4byte	.LASF5
 241 0047 02       		.uleb128 0x2
 242 0048 08       		.byte	0x8
 243 0049 05       		.byte	0x5
 244 004a 97010000 		.4byte	.LASF6
 245 004e 02       		.uleb128 0x2
 246 004f 08       		.byte	0x8
 247 0050 07       		.byte	0x7
 248 0051 51020000 		.4byte	.LASF7
 249 0055 03       		.uleb128 0x3
 250 0056 04       		.byte	0x4
 251 0057 05       		.byte	0x5
 252 0058 696E7400 		.ascii	"int\000"
 253 005c 02       		.uleb128 0x2
 254 005d 04       		.byte	0x4
 255 005e 07       		.byte	0x7
 256 005f 7A020000 		.4byte	.LASF8
 257 0063 02       		.uleb128 0x2
 258 0064 08       		.byte	0x8
 259 0065 04       		.byte	0x4
 260 0066 23020000 		.4byte	.LASF9
 261 006a 04       		.uleb128 0x4
 262 006b DD020000 		.4byte	.LASF10
 263 006f 01       		.byte	0x1
 264 0070 52       		.byte	0x52
 265 0071 32000000 		.4byte	0x32
 266 0075 04       		.uleb128 0x4
 267 0076 AC020000 		.4byte	.LASF11
 268 007a 01       		.byte	0x1
 269 007b 53       		.byte	0x53
 270 007c 55000000 		.4byte	0x55
 271 0080 04       		.uleb128 0x4
 272 0081 04010000 		.4byte	.LASF12
 273 0085 01       		.byte	0x1
 274 0086 54       		.byte	0x54
 275 0087 5C000000 		.4byte	0x5c
 276 008b 04       		.uleb128 0x4
 277 008c 4A010000 		.4byte	.LASF13
 278 0090 01       		.byte	0x1
 279 0091 64       		.byte	0x64
 280 0092 96000000 		.4byte	0x96
 281 0096 05       		.uleb128 0x5
 282 0097 04       		.byte	0x4
 283 0098 06       		.uleb128 0x6
 284 0099 04       		.byte	0x4
ARM GAS  C:\Users\rbhar\AppData\Local\Temp\ccab1icO.s 			page 6


 285 009a 9E000000 		.4byte	0x9e
 286 009e 07       		.uleb128 0x7
 287 009f 04       		.uleb128 0x4
 288 00a0 E7020000 		.4byte	.LASF14
 289 00a4 01       		.byte	0x1
 290 00a5 73       		.byte	0x73
 291 00a6 98000000 		.4byte	0x98
 292 00aa 04       		.uleb128 0x4
 293 00ab 26000000 		.4byte	.LASF15
 294 00af 02       		.byte	0x2
 295 00b0 4D       		.byte	0x4d
 296 00b1 80000000 		.4byte	0x80
 297 00b5 04       		.uleb128 0x4
 298 00b6 3D020000 		.4byte	.LASF16
 299 00ba 02       		.byte	0x2
 300 00bb 4E       		.byte	0x4e
 301 00bc 75000000 		.4byte	0x75
 302 00c0 04       		.uleb128 0x4
 303 00c1 E2000000 		.4byte	.LASF17
 304 00c5 02       		.byte	0x2
 305 00c6 4F       		.byte	0x4f
 306 00c7 80000000 		.4byte	0x80
 307 00cb 04       		.uleb128 0x4
 308 00cc 2D030000 		.4byte	.LASF18
 309 00d0 02       		.byte	0x2
 310 00d1 54       		.byte	0x54
 311 00d2 AA000000 		.4byte	0xaa
 312 00d6 04       		.uleb128 0x4
 313 00d7 31010000 		.4byte	.LASF19
 314 00db 02       		.byte	0x2
 315 00dc 78       		.byte	0x78
 316 00dd 75000000 		.4byte	0x75
 317 00e1 08       		.uleb128 0x8
 318 00e2 A1030000 		.4byte	.LASF21
 319 00e6 04       		.byte	0x4
 320 00e7 04       		.byte	0x4
 321 00e8 4D       		.byte	0x4d
 322 00e9 FA000000 		.4byte	0xfa
 323 00ed 09       		.uleb128 0x9
 324 00ee 6F030000 		.4byte	.LASF23
 325 00f2 04       		.byte	0x4
 326 00f3 4E       		.byte	0x4e
 327 00f4 8B000000 		.4byte	0x8b
 328 00f8 00       		.byte	0
 329 00f9 00       		.byte	0
 330 00fa 0A       		.uleb128 0xa
 331 00fb A5010000 		.4byte	.LASF20
 332 00ff 03       		.byte	0x3
 333 0100 0801     		.2byte	0x108
 334 0102 6A000000 		.4byte	0x6a
 335 0106 0B       		.uleb128 0xb
 336 0107 55030000 		.4byte	.LASF22
 337 010b 08       		.byte	0x8
 338 010c 03       		.byte	0x3
 339 010d 0504     		.2byte	0x405
 340 010f 2D010000 		.4byte	0x12d
 341 0113 0C       		.uleb128 0xc
ARM GAS  C:\Users\rbhar\AppData\Local\Temp\ccab1icO.s 			page 7


 342 0114 6E7400   		.ascii	"nt\000"
 343 0117 03       		.byte	0x3
 344 0118 0604     		.2byte	0x406
 345 011a AA000000 		.4byte	0xaa
 346 011e 00       		.byte	0
 347 011f 0D       		.uleb128 0xd
 348 0120 CD000000 		.4byte	.LASF24
 349 0124 03       		.byte	0x3
 350 0125 0704     		.2byte	0x407
 351 0127 3D010000 		.4byte	0x13d
 352 012b 04       		.byte	0x4
 353 012c 00       		.byte	0
 354 012d 0E       		.uleb128 0xe
 355 012e 38010000 		.4byte	0x138
 356 0132 38010000 		.4byte	0x138
 357 0136 0F       		.uleb128 0xf
 358 0137 00       		.byte	0
 359 0138 10       		.uleb128 0x10
 360 0139 D6000000 		.4byte	0xd6
 361 013d 06       		.uleb128 0x6
 362 013e 04       		.byte	0x4
 363 013f 2D010000 		.4byte	0x12d
 364 0143 0E       		.uleb128 0xe
 365 0144 38010000 		.4byte	0x138
 366 0148 53010000 		.4byte	0x153
 367 014c 11       		.uleb128 0x11
 368 014d 53010000 		.4byte	0x153
 369 0151 00       		.byte	0
 370 0152 00       		.byte	0
 371 0153 02       		.uleb128 0x2
 372 0154 04       		.byte	0x4
 373 0155 07       		.byte	0x7
 374 0156 C4000000 		.4byte	.LASF25
 375 015a 12       		.uleb128 0x12
 376 015b E1030000 		.4byte	.LASF63
 377 015f 05       		.byte	0x5
 378 0160 1206     		.2byte	0x612
 379 0162 6C010000 		.4byte	0x16c
 380 0166 05       		.uleb128 0x5
 381 0167 03       		.byte	0x3
 382 0168 08000000 		.4byte	EE_oo_autostart_task_mode_OSDEFAULTAPPMODE
 383 016c 10       		.uleb128 0x10
 384 016d 43010000 		.4byte	0x143
 385 0171 0E       		.uleb128 0xe
 386 0172 81010000 		.4byte	0x181
 387 0176 81010000 		.4byte	0x181
 388 017a 11       		.uleb128 0x11
 389 017b 53010000 		.4byte	0x153
 390 017f 00       		.byte	0
 391 0180 00       		.byte	0
 392 0181 10       		.uleb128 0x10
 393 0182 9F000000 		.4byte	0x9f
 394 0186 13       		.uleb128 0x13
 395 0187 67010000 		.4byte	.LASF26
 396 018b 05       		.byte	0x5
 397 018c D4       		.byte	0xd4
 398 018d 97010000 		.4byte	0x197
ARM GAS  C:\Users\rbhar\AppData\Local\Temp\ccab1icO.s 			page 8


 399 0191 05       		.uleb128 0x5
 400 0192 03       		.byte	0x3
 401 0193 00000000 		.4byte	EE_hal_thread_body
 402 0197 10       		.uleb128 0x10
 403 0198 71010000 		.4byte	0x171
 404 019c 0E       		.uleb128 0xe
 405 019d AC010000 		.4byte	0x1ac
 406 01a1 AC010000 		.4byte	0x1ac
 407 01a5 11       		.uleb128 0x11
 408 01a6 53010000 		.4byte	0x153
 409 01aa 01       		.byte	0x1
 410 01ab 00       		.byte	0
 411 01ac 10       		.uleb128 0x10
 412 01ad AA000000 		.4byte	0xaa
 413 01b1 13       		.uleb128 0x13
 414 01b2 68020000 		.4byte	.LASF27
 415 01b6 05       		.byte	0x5
 416 01b7 73       		.byte	0x73
 417 01b8 C2010000 		.4byte	0x1c2
 418 01bc 05       		.uleb128 0x5
 419 01bd 03       		.byte	0x3
 420 01be 00000000 		.4byte	EE_std_thread_tos
 421 01c2 10       		.uleb128 0x10
 422 01c3 9C010000 		.4byte	0x19c
 423 01c7 0E       		.uleb128 0xe
 424 01c8 80000000 		.4byte	0x80
 425 01cc D7010000 		.4byte	0x1d7
 426 01d0 11       		.uleb128 0x11
 427 01d1 53010000 		.4byte	0x153
 428 01d5 00       		.byte	0
 429 01d6 00       		.byte	0
 430 01d7 13       		.uleb128 0x13
 431 01d8 1F010000 		.4byte	.LASF28
 432 01dc 05       		.byte	0x5
 433 01dd EF       		.byte	0xef
 434 01de C7010000 		.4byte	0x1c7
 435 01e2 05       		.uleb128 0x5
 436 01e3 03       		.byte	0x3
 437 01e4 00000000 		.4byte	EE_terminate_data
 438 01e8 13       		.uleb128 0x13
 439 01e9 E9010000 		.4byte	.LASF29
 440 01ed 05       		.byte	0x5
 441 01ee F2       		.byte	0xf2
 442 01ef F9010000 		.4byte	0x1f9
 443 01f3 05       		.uleb128 0x5
 444 01f4 03       		.byte	0x3
 445 01f5 00000000 		.4byte	EE_terminate_real_th_body
 446 01f9 10       		.uleb128 0x10
 447 01fa 71010000 		.4byte	0x171
 448 01fe 0E       		.uleb128 0xe
 449 01ff E1000000 		.4byte	0xe1
 450 0203 0E020000 		.4byte	0x20e
 451 0207 11       		.uleb128 0x11
 452 0208 53010000 		.4byte	0x153
 453 020c 00       		.byte	0
 454 020d 00       		.byte	0
 455 020e 13       		.uleb128 0x13
ARM GAS  C:\Users\rbhar\AppData\Local\Temp\ccab1icO.s 			page 9


 456 020f 39000000 		.4byte	.LASF30
 457 0213 05       		.byte	0x5
 458 0214 8F       		.byte	0x8f
 459 0215 FE010000 		.4byte	0x1fe
 460 0219 05       		.uleb128 0x5
 461 021a 03       		.byte	0x3
 462 021b 00000000 		.4byte	EE_cortex_mx_system_tos
 463 021f 13       		.uleb128 0x13
 464 0220 00000000 		.4byte	.LASF31
 465 0224 05       		.byte	0x5
 466 0225 AB       		.byte	0xab
 467 0226 AA000000 		.4byte	0xaa
 468 022a 05       		.uleb128 0x5
 469 022b 03       		.byte	0x3
 470 022c 00000000 		.4byte	EE_cortex_mx_active_tos
 471 0230 0E       		.uleb128 0xe
 472 0231 AC010000 		.4byte	0x1ac
 473 0235 40020000 		.4byte	0x240
 474 0239 11       		.uleb128 0x11
 475 023a 53010000 		.4byte	0x153
 476 023e 00       		.byte	0
 477 023f 00       		.byte	0
 478 0240 14       		.uleb128 0x14
 479 0241 D2000000 		.4byte	.LASF32
 480 0245 05       		.byte	0x5
 481 0246 C801     		.2byte	0x1c8
 482 0248 52020000 		.4byte	0x252
 483 024c 05       		.uleb128 0x5
 484 024d 03       		.byte	0x3
 485 024e 00000000 		.4byte	EE_th_rnact_max
 486 0252 10       		.uleb128 0x10
 487 0253 30020000 		.4byte	0x230
 488 0257 14       		.uleb128 0x14
 489 0258 0E010000 		.4byte	.LASF33
 490 025c 05       		.byte	0x5
 491 025d 0E01     		.2byte	0x10e
 492 025f 69020000 		.4byte	0x269
 493 0263 05       		.uleb128 0x5
 494 0264 03       		.byte	0x3
 495 0265 00000000 		.4byte	EE_th_ready_prio
 496 0269 10       		.uleb128 0x10
 497 026a 30020000 		.4byte	0x230
 498 026e 14       		.uleb128 0x14
 499 026f CD030000 		.4byte	.LASF34
 500 0273 05       		.byte	0x5
 501 0274 2B01     		.2byte	0x12b
 502 0276 80020000 		.4byte	0x280
 503 027a 05       		.uleb128 0x5
 504 027b 03       		.byte	0x3
 505 027c 00000000 		.4byte	EE_th_dispatch_prio
 506 0280 10       		.uleb128 0x10
 507 0281 30020000 		.4byte	0x230
 508 0285 0E       		.uleb128 0xe
 509 0286 AA000000 		.4byte	0xaa
 510 028a 95020000 		.4byte	0x295
 511 028e 11       		.uleb128 0x11
 512 028f 53010000 		.4byte	0x153
ARM GAS  C:\Users\rbhar\AppData\Local\Temp\ccab1icO.s 			page 10


 513 0293 00       		.byte	0
 514 0294 00       		.byte	0
 515 0295 14       		.uleb128 0x14
 516 0296 C0030000 		.4byte	.LASF35
 517 029a 05       		.byte	0x5
 518 029b 6701     		.2byte	0x167
 519 029d 85020000 		.4byte	0x285
 520 02a1 05       		.uleb128 0x5
 521 02a2 03       		.byte	0x3
 522 02a3 00000000 		.4byte	EE_th_status
 523 02a7 0E       		.uleb128 0xe
 524 02a8 D6000000 		.4byte	0xd6
 525 02ac B7020000 		.4byte	0x2b7
 526 02b0 11       		.uleb128 0x11
 527 02b1 53010000 		.4byte	0x153
 528 02b5 00       		.byte	0
 529 02b6 00       		.byte	0
 530 02b7 14       		.uleb128 0x14
 531 02b8 0C040000 		.4byte	.LASF36
 532 02bc 05       		.byte	0x5
 533 02bd 8301     		.2byte	0x183
 534 02bf A7020000 		.4byte	0x2a7
 535 02c3 05       		.uleb128 0x5
 536 02c4 03       		.byte	0x3
 537 02c5 00000000 		.4byte	EE_th_next
 538 02c9 14       		.uleb128 0x14
 539 02ca 87020000 		.4byte	.LASF37
 540 02ce 05       		.byte	0x5
 541 02cf AD01     		.2byte	0x1ad
 542 02d1 85020000 		.4byte	0x285
 543 02d5 05       		.uleb128 0x5
 544 02d6 03       		.byte	0x3
 545 02d7 00000000 		.4byte	EE_th_rnact
 546 02db 14       		.uleb128 0x14
 547 02dc A8030000 		.4byte	.LASF38
 548 02e0 05       		.byte	0x5
 549 02e1 5D02     		.2byte	0x25d
 550 02e3 A7020000 		.4byte	0x2a7
 551 02e7 05       		.uleb128 0x5
 552 02e8 03       		.byte	0x3
 553 02e9 00000000 		.4byte	EE_th_terminate_nextask
 554 02ed 14       		.uleb128 0x14
 555 02ee 39030000 		.4byte	.LASF39
 556 02f2 05       		.byte	0x5
 557 02f3 9F01     		.2byte	0x19f
 558 02f5 D6000000 		.4byte	0xd6
 559 02f9 05       		.uleb128 0x5
 560 02fa 03       		.byte	0x3
 561 02fb 00000000 		.4byte	EE_stkfirst
 562 02ff 14       		.uleb128 0x14
 563 0300 14020000 		.4byte	.LASF40
 564 0304 05       		.byte	0x5
 565 0305 A201     		.2byte	0x1a2
 566 0307 AA000000 		.4byte	0xaa
 567 030b 05       		.uleb128 0x5
 568 030c 03       		.byte	0x3
 569 030d 00000000 		.4byte	EE_sys_ceiling
ARM GAS  C:\Users\rbhar\AppData\Local\Temp\ccab1icO.s 			page 11


 570 0311 14       		.uleb128 0x14
 571 0312 7A010000 		.4byte	.LASF41
 572 0316 05       		.byte	0x5
 573 0317 E301     		.2byte	0x1e3
 574 0319 85020000 		.4byte	0x285
 575 031d 05       		.uleb128 0x5
 576 031e 03       		.byte	0x3
 577 031f 00000000 		.4byte	EE_rq_link
 578 0323 0E       		.uleb128 0xe
 579 0324 B5000000 		.4byte	0xb5
 580 0328 33030000 		.4byte	0x333
 581 032c 11       		.uleb128 0x11
 582 032d 53010000 		.4byte	0x153
 583 0331 0F       		.byte	0xf
 584 0332 00       		.byte	0
 585 0333 14       		.uleb128 0x14
 586 0334 38010000 		.4byte	.LASF42
 587 0338 05       		.byte	0x5
 588 0339 A501     		.2byte	0x1a5
 589 033b 23030000 		.4byte	0x323
 590 033f 05       		.uleb128 0x5
 591 0340 03       		.byte	0x3
 592 0341 00000000 		.4byte	EE_rq_queues_head
 593 0345 14       		.uleb128 0x14
 594 0346 85010000 		.4byte	.LASF43
 595 034a 05       		.byte	0x5
 596 034b A701     		.2byte	0x1a7
 597 034d 23030000 		.4byte	0x323
 598 0351 05       		.uleb128 0x5
 599 0352 03       		.byte	0x3
 600 0353 00000000 		.4byte	EE_rq_queues_tail
 601 0357 0E       		.uleb128 0xe
 602 0358 B5000000 		.4byte	0xb5
 603 035c 67030000 		.4byte	0x367
 604 0360 11       		.uleb128 0x11
 605 0361 53010000 		.4byte	0x153
 606 0365 00       		.byte	0
 607 0366 00       		.byte	0
 608 0367 14       		.uleb128 0x14
 609 0368 03020000 		.4byte	.LASF44
 610 036c 05       		.byte	0x5
 611 036d 0102     		.2byte	0x201
 612 036f 57030000 		.4byte	0x357
 613 0373 05       		.uleb128 0x5
 614 0374 03       		.byte	0x3
 615 0375 00000000 		.4byte	EE_rq_pairs_next
 616 0379 14       		.uleb128 0x14
 617 037a 45030000 		.4byte	.LASF45
 618 037e 05       		.byte	0x5
 619 037f 5602     		.2byte	0x256
 620 0381 A7020000 		.4byte	0x2a7
 621 0385 05       		.uleb128 0x5
 622 0386 03       		.byte	0x3
 623 0387 00000000 		.4byte	EE_rq_pairs_tid
 624 038b 14       		.uleb128 0x14
 625 038c 18000000 		.4byte	.LASF46
 626 0390 05       		.byte	0x5
ARM GAS  C:\Users\rbhar\AppData\Local\Temp\ccab1icO.s 			page 12


 627 0391 AA01     		.2byte	0x1aa
 628 0393 FA000000 		.4byte	0xfa
 629 0397 05       		.uleb128 0x5
 630 0398 03       		.byte	0x3
 631 0399 00000000 		.4byte	EE_rq_bitmask
 632 039d 14       		.uleb128 0x14
 633 039e 2E000000 		.4byte	.LASF47
 634 03a2 05       		.byte	0x5
 635 03a3 5902     		.2byte	0x259
 636 03a5 B5000000 		.4byte	0xb5
 637 03a9 05       		.uleb128 0x5
 638 03aa 03       		.byte	0x3
 639 03ab 00000000 		.4byte	EE_rq_free
 640 03af 14       		.uleb128 0x14
 641 03b0 1A030000 		.4byte	.LASF48
 642 03b4 05       		.byte	0x5
 643 03b5 8002     		.2byte	0x280
 644 03b7 85020000 		.4byte	0x285
 645 03bb 05       		.uleb128 0x5
 646 03bc 03       		.byte	0x3
 647 03bd 00000000 		.4byte	EE_th_event_active
 648 03c1 14       		.uleb128 0x14
 649 03c2 77030000 		.4byte	.LASF49
 650 03c6 05       		.byte	0x5
 651 03c7 9C02     		.2byte	0x29c
 652 03c9 85020000 		.4byte	0x285
 653 03cd 05       		.uleb128 0x5
 654 03ce 03       		.byte	0x3
 655 03cf 00000000 		.4byte	EE_th_event_waitmask
 656 03d3 0E       		.uleb128 0xe
 657 03d4 CB000000 		.4byte	0xcb
 658 03d8 E3030000 		.4byte	0x3e3
 659 03dc 11       		.uleb128 0x11
 660 03dd 53010000 		.4byte	0x153
 661 03e1 00       		.byte	0
 662 03e2 00       		.byte	0
 663 03e3 14       		.uleb128 0x14
 664 03e4 A9000000 		.4byte	.LASF50
 665 03e8 05       		.byte	0x5
 666 03e9 B802     		.2byte	0x2b8
 667 03eb D3030000 		.4byte	0x3d3
 668 03ef 05       		.uleb128 0x5
 669 03f0 03       		.byte	0x3
 670 03f1 00000000 		.4byte	EE_th_waswaiting
 671 03f5 14       		.uleb128 0x14
 672 03f6 D7010000 		.4byte	.LASF51
 673 03fa 05       		.byte	0x5
 674 03fb D402     		.2byte	0x2d4
 675 03fd 07040000 		.4byte	0x407
 676 0401 05       		.uleb128 0x5
 677 0402 03       		.byte	0x3
 678 0403 00000000 		.4byte	EE_th_is_extended
 679 0407 10       		.uleb128 0x10
 680 0408 30020000 		.4byte	0x230
 681 040c 0E       		.uleb128 0xe
 682 040d 1C040000 		.4byte	0x41c
 683 0411 1C040000 		.4byte	0x41c
ARM GAS  C:\Users\rbhar\AppData\Local\Temp\ccab1icO.s 			page 13


 684 0415 11       		.uleb128 0x11
 685 0416 53010000 		.4byte	0x153
 686 041a 00       		.byte	0
 687 041b 00       		.byte	0
 688 041c 10       		.uleb128 0x10
 689 041d 06010000 		.4byte	0x106
 690 0421 14       		.uleb128 0x14
 691 0422 EA000000 		.4byte	.LASF52
 692 0426 05       		.byte	0x5
 693 0427 4306     		.2byte	0x643
 694 0429 33040000 		.4byte	0x433
 695 042d 05       		.uleb128 0x5
 696 042e 03       		.byte	0x3
 697 042f 00000000 		.4byte	EE_oo_autostart_task_data
 698 0433 10       		.uleb128 0x10
 699 0434 0C040000 		.4byte	0x40c
 700 0438 15       		.uleb128 0x15
 701 0439 CC040000 		.4byte	.LASF53
 702 043d 06       		.byte	0x6
 703 043e 40       		.byte	0x40
 704 043f AA000000 		.4byte	0xaa
 705 0443 15       		.uleb128 0x15
 706 0444 BE010000 		.4byte	.LASF54
 707 0448 06       		.byte	0x6
 708 0449 47       		.byte	0x47
 709 044a C0000000 		.4byte	0xc0
 710 044e 14       		.uleb128 0x14
 711 044f F5020000 		.4byte	.LASF55
 712 0453 05       		.byte	0x5
 713 0454 0906     		.2byte	0x609
 714 0456 AA000000 		.4byte	0xaa
 715 045a 05       		.uleb128 0x5
 716 045b 03       		.byte	0x3
 717 045c 00000000 		.4byte	EE_ApplicationMode
 718 0460 15       		.uleb128 0x15
 719 0461 93020000 		.4byte	.LASF56
 720 0465 07       		.byte	0x7
 721 0466 48       		.byte	0x48
 722 0467 D6000000 		.4byte	0xd6
 723 046b 15       		.uleb128 0x15
 724 046c 52010000 		.4byte	.LASF57
 725 0470 08       		.byte	0x8
 726 0471 44       		.byte	0x44
 727 0472 AA000000 		.4byte	0xaa
 728 0476 13       		.uleb128 0x13
 729 0477 8C030000 		.4byte	.LASF58
 730 047b 05       		.byte	0x5
 731 047c AF       		.byte	0xaf
 732 047d E1000000 		.4byte	0xe1
 733 0481 05       		.uleb128 0x5
 734 0482 03       		.byte	0x3
 735 0483 00000000 		.4byte	EE_cortex_mx_IRQ_tos
 736 0487 0E       		.uleb128 0xe
 737 0488 55000000 		.4byte	0x55
 738 048c 97040000 		.4byte	0x497
 739 0490 11       		.uleb128 0x11
 740 0491 53010000 		.4byte	0x153
ARM GAS  C:\Users\rbhar\AppData\Local\Temp\ccab1icO.s 			page 14


 741 0495 7F       		.byte	0x7f
 742 0496 00       		.byte	0
 743 0497 13       		.uleb128 0x13
 744 0498 B5020000 		.4byte	.LASF59
 745 049c 05       		.byte	0x5
 746 049d 34       		.byte	0x34
 747 049e 87040000 		.4byte	0x487
 748 04a2 05       		.uleb128 0x5
 749 04a3 03       		.byte	0x3
 750 04a4 00000000 		.4byte	EE_cortex_mx_stack_9
 751 04a8 00       		.byte	0
 752              		.section	.debug_abbrev,"",%progbits
 753              	.Ldebug_abbrev0:
 754 0000 01       		.uleb128 0x1
 755 0001 11       		.uleb128 0x11
 756 0002 01       		.byte	0x1
 757 0003 25       		.uleb128 0x25
 758 0004 0E       		.uleb128 0xe
 759 0005 13       		.uleb128 0x13
 760 0006 0B       		.uleb128 0xb
 761 0007 03       		.uleb128 0x3
 762 0008 0E       		.uleb128 0xe
 763 0009 1B       		.uleb128 0x1b
 764 000a 0E       		.uleb128 0xe
 765 000b 10       		.uleb128 0x10
 766 000c 17       		.uleb128 0x17
 767 000d 00       		.byte	0
 768 000e 00       		.byte	0
 769 000f 02       		.uleb128 0x2
 770 0010 24       		.uleb128 0x24
 771 0011 00       		.byte	0
 772 0012 0B       		.uleb128 0xb
 773 0013 0B       		.uleb128 0xb
 774 0014 3E       		.uleb128 0x3e
 775 0015 0B       		.uleb128 0xb
 776 0016 03       		.uleb128 0x3
 777 0017 0E       		.uleb128 0xe
 778 0018 00       		.byte	0
 779 0019 00       		.byte	0
 780 001a 03       		.uleb128 0x3
 781 001b 24       		.uleb128 0x24
 782 001c 00       		.byte	0
 783 001d 0B       		.uleb128 0xb
 784 001e 0B       		.uleb128 0xb
 785 001f 3E       		.uleb128 0x3e
 786 0020 0B       		.uleb128 0xb
 787 0021 03       		.uleb128 0x3
 788 0022 08       		.uleb128 0x8
 789 0023 00       		.byte	0
 790 0024 00       		.byte	0
 791 0025 04       		.uleb128 0x4
 792 0026 16       		.uleb128 0x16
 793 0027 00       		.byte	0
 794 0028 03       		.uleb128 0x3
 795 0029 0E       		.uleb128 0xe
 796 002a 3A       		.uleb128 0x3a
 797 002b 0B       		.uleb128 0xb
ARM GAS  C:\Users\rbhar\AppData\Local\Temp\ccab1icO.s 			page 15


 798 002c 3B       		.uleb128 0x3b
 799 002d 0B       		.uleb128 0xb
 800 002e 49       		.uleb128 0x49
 801 002f 13       		.uleb128 0x13
 802 0030 00       		.byte	0
 803 0031 00       		.byte	0
 804 0032 05       		.uleb128 0x5
 805 0033 0F       		.uleb128 0xf
 806 0034 00       		.byte	0
 807 0035 0B       		.uleb128 0xb
 808 0036 0B       		.uleb128 0xb
 809 0037 00       		.byte	0
 810 0038 00       		.byte	0
 811 0039 06       		.uleb128 0x6
 812 003a 0F       		.uleb128 0xf
 813 003b 00       		.byte	0
 814 003c 0B       		.uleb128 0xb
 815 003d 0B       		.uleb128 0xb
 816 003e 49       		.uleb128 0x49
 817 003f 13       		.uleb128 0x13
 818 0040 00       		.byte	0
 819 0041 00       		.byte	0
 820 0042 07       		.uleb128 0x7
 821 0043 15       		.uleb128 0x15
 822 0044 00       		.byte	0
 823 0045 27       		.uleb128 0x27
 824 0046 19       		.uleb128 0x19
 825 0047 00       		.byte	0
 826 0048 00       		.byte	0
 827 0049 08       		.uleb128 0x8
 828 004a 13       		.uleb128 0x13
 829 004b 01       		.byte	0x1
 830 004c 03       		.uleb128 0x3
 831 004d 0E       		.uleb128 0xe
 832 004e 0B       		.uleb128 0xb
 833 004f 0B       		.uleb128 0xb
 834 0050 3A       		.uleb128 0x3a
 835 0051 0B       		.uleb128 0xb
 836 0052 3B       		.uleb128 0x3b
 837 0053 0B       		.uleb128 0xb
 838 0054 01       		.uleb128 0x1
 839 0055 13       		.uleb128 0x13
 840 0056 00       		.byte	0
 841 0057 00       		.byte	0
 842 0058 09       		.uleb128 0x9
 843 0059 0D       		.uleb128 0xd
 844 005a 00       		.byte	0
 845 005b 03       		.uleb128 0x3
 846 005c 0E       		.uleb128 0xe
 847 005d 3A       		.uleb128 0x3a
 848 005e 0B       		.uleb128 0xb
 849 005f 3B       		.uleb128 0x3b
 850 0060 0B       		.uleb128 0xb
 851 0061 49       		.uleb128 0x49
 852 0062 13       		.uleb128 0x13
 853 0063 38       		.uleb128 0x38
 854 0064 0B       		.uleb128 0xb
ARM GAS  C:\Users\rbhar\AppData\Local\Temp\ccab1icO.s 			page 16


 855 0065 00       		.byte	0
 856 0066 00       		.byte	0
 857 0067 0A       		.uleb128 0xa
 858 0068 16       		.uleb128 0x16
 859 0069 00       		.byte	0
 860 006a 03       		.uleb128 0x3
 861 006b 0E       		.uleb128 0xe
 862 006c 3A       		.uleb128 0x3a
 863 006d 0B       		.uleb128 0xb
 864 006e 3B       		.uleb128 0x3b
 865 006f 05       		.uleb128 0x5
 866 0070 49       		.uleb128 0x49
 867 0071 13       		.uleb128 0x13
 868 0072 00       		.byte	0
 869 0073 00       		.byte	0
 870 0074 0B       		.uleb128 0xb
 871 0075 13       		.uleb128 0x13
 872 0076 01       		.byte	0x1
 873 0077 03       		.uleb128 0x3
 874 0078 0E       		.uleb128 0xe
 875 0079 0B       		.uleb128 0xb
 876 007a 0B       		.uleb128 0xb
 877 007b 3A       		.uleb128 0x3a
 878 007c 0B       		.uleb128 0xb
 879 007d 3B       		.uleb128 0x3b
 880 007e 05       		.uleb128 0x5
 881 007f 01       		.uleb128 0x1
 882 0080 13       		.uleb128 0x13
 883 0081 00       		.byte	0
 884 0082 00       		.byte	0
 885 0083 0C       		.uleb128 0xc
 886 0084 0D       		.uleb128 0xd
 887 0085 00       		.byte	0
 888 0086 03       		.uleb128 0x3
 889 0087 08       		.uleb128 0x8
 890 0088 3A       		.uleb128 0x3a
 891 0089 0B       		.uleb128 0xb
 892 008a 3B       		.uleb128 0x3b
 893 008b 05       		.uleb128 0x5
 894 008c 49       		.uleb128 0x49
 895 008d 13       		.uleb128 0x13
 896 008e 38       		.uleb128 0x38
 897 008f 0B       		.uleb128 0xb
 898 0090 00       		.byte	0
 899 0091 00       		.byte	0
 900 0092 0D       		.uleb128 0xd
 901 0093 0D       		.uleb128 0xd
 902 0094 00       		.byte	0
 903 0095 03       		.uleb128 0x3
 904 0096 0E       		.uleb128 0xe
 905 0097 3A       		.uleb128 0x3a
 906 0098 0B       		.uleb128 0xb
 907 0099 3B       		.uleb128 0x3b
 908 009a 05       		.uleb128 0x5
 909 009b 49       		.uleb128 0x49
 910 009c 13       		.uleb128 0x13
 911 009d 38       		.uleb128 0x38
ARM GAS  C:\Users\rbhar\AppData\Local\Temp\ccab1icO.s 			page 17


 912 009e 0B       		.uleb128 0xb
 913 009f 00       		.byte	0
 914 00a0 00       		.byte	0
 915 00a1 0E       		.uleb128 0xe
 916 00a2 01       		.uleb128 0x1
 917 00a3 01       		.byte	0x1
 918 00a4 49       		.uleb128 0x49
 919 00a5 13       		.uleb128 0x13
 920 00a6 01       		.uleb128 0x1
 921 00a7 13       		.uleb128 0x13
 922 00a8 00       		.byte	0
 923 00a9 00       		.byte	0
 924 00aa 0F       		.uleb128 0xf
 925 00ab 21       		.uleb128 0x21
 926 00ac 00       		.byte	0
 927 00ad 00       		.byte	0
 928 00ae 00       		.byte	0
 929 00af 10       		.uleb128 0x10
 930 00b0 26       		.uleb128 0x26
 931 00b1 00       		.byte	0
 932 00b2 49       		.uleb128 0x49
 933 00b3 13       		.uleb128 0x13
 934 00b4 00       		.byte	0
 935 00b5 00       		.byte	0
 936 00b6 11       		.uleb128 0x11
 937 00b7 21       		.uleb128 0x21
 938 00b8 00       		.byte	0
 939 00b9 49       		.uleb128 0x49
 940 00ba 13       		.uleb128 0x13
 941 00bb 2F       		.uleb128 0x2f
 942 00bc 0B       		.uleb128 0xb
 943 00bd 00       		.byte	0
 944 00be 00       		.byte	0
 945 00bf 12       		.uleb128 0x12
 946 00c0 34       		.uleb128 0x34
 947 00c1 00       		.byte	0
 948 00c2 03       		.uleb128 0x3
 949 00c3 0E       		.uleb128 0xe
 950 00c4 3A       		.uleb128 0x3a
 951 00c5 0B       		.uleb128 0xb
 952 00c6 3B       		.uleb128 0x3b
 953 00c7 05       		.uleb128 0x5
 954 00c8 49       		.uleb128 0x49
 955 00c9 13       		.uleb128 0x13
 956 00ca 02       		.uleb128 0x2
 957 00cb 18       		.uleb128 0x18
 958 00cc 00       		.byte	0
 959 00cd 00       		.byte	0
 960 00ce 13       		.uleb128 0x13
 961 00cf 34       		.uleb128 0x34
 962 00d0 00       		.byte	0
 963 00d1 03       		.uleb128 0x3
 964 00d2 0E       		.uleb128 0xe
 965 00d3 3A       		.uleb128 0x3a
 966 00d4 0B       		.uleb128 0xb
 967 00d5 3B       		.uleb128 0x3b
 968 00d6 0B       		.uleb128 0xb
ARM GAS  C:\Users\rbhar\AppData\Local\Temp\ccab1icO.s 			page 18


 969 00d7 49       		.uleb128 0x49
 970 00d8 13       		.uleb128 0x13
 971 00d9 3F       		.uleb128 0x3f
 972 00da 19       		.uleb128 0x19
 973 00db 02       		.uleb128 0x2
 974 00dc 18       		.uleb128 0x18
 975 00dd 00       		.byte	0
 976 00de 00       		.byte	0
 977 00df 14       		.uleb128 0x14
 978 00e0 34       		.uleb128 0x34
 979 00e1 00       		.byte	0
 980 00e2 03       		.uleb128 0x3
 981 00e3 0E       		.uleb128 0xe
 982 00e4 3A       		.uleb128 0x3a
 983 00e5 0B       		.uleb128 0xb
 984 00e6 3B       		.uleb128 0x3b
 985 00e7 05       		.uleb128 0x5
 986 00e8 49       		.uleb128 0x49
 987 00e9 13       		.uleb128 0x13
 988 00ea 3F       		.uleb128 0x3f
 989 00eb 19       		.uleb128 0x19
 990 00ec 02       		.uleb128 0x2
 991 00ed 18       		.uleb128 0x18
 992 00ee 00       		.byte	0
 993 00ef 00       		.byte	0
 994 00f0 15       		.uleb128 0x15
 995 00f1 34       		.uleb128 0x34
 996 00f2 00       		.byte	0
 997 00f3 03       		.uleb128 0x3
 998 00f4 0E       		.uleb128 0xe
 999 00f5 3A       		.uleb128 0x3a
 1000 00f6 0B       		.uleb128 0xb
 1001 00f7 3B       		.uleb128 0x3b
 1002 00f8 0B       		.uleb128 0xb
 1003 00f9 49       		.uleb128 0x49
 1004 00fa 13       		.uleb128 0x13
 1005 00fb 3F       		.uleb128 0x3f
 1006 00fc 19       		.uleb128 0x19
 1007 00fd 3C       		.uleb128 0x3c
 1008 00fe 19       		.uleb128 0x19
 1009 00ff 00       		.byte	0
 1010 0100 00       		.byte	0
 1011 0101 00       		.byte	0
 1012              		.section	.debug_aranges,"",%progbits
 1013 0000 14000000 		.4byte	0x14
 1014 0004 0200     		.2byte	0x2
 1015 0006 00000000 		.4byte	.Ldebug_info0
 1016 000a 04       		.byte	0x4
 1017 000b 00       		.byte	0
 1018 000c 0000     		.2byte	0
 1019 000e 0000     		.2byte	0
 1020 0010 00000000 		.4byte	0
 1021 0014 00000000 		.4byte	0
 1022              		.section	.debug_line,"",%progbits
 1023              	.Ldebug_line0:
 1024 0000 28010000 		.section	.debug_str,"MS",%progbits,1
 1024      02002201 
ARM GAS  C:\Users\rbhar\AppData\Local\Temp\ccab1icO.s 			page 19


 1024      00000201 
 1024      FB0E0D00 
 1024      01010101 
 1025              	.LASF31:
 1026 0000 45455F63 		.ascii	"EE_cortex_mx_active_tos\000"
 1026      6F727465 
 1026      785F6D78 
 1026      5F616374 
 1026      6976655F 
 1027              	.LASF46:
 1028 0018 45455F72 		.ascii	"EE_rq_bitmask\000"
 1028      715F6269 
 1028      746D6173 
 1028      6B00
 1029              	.LASF15:
 1030 0026 45455F55 		.ascii	"EE_UREG\000"
 1030      52454700 
 1031              	.LASF47:
 1032 002e 45455F72 		.ascii	"EE_rq_free\000"
 1032      715F6672 
 1032      656500
 1033              	.LASF30:
 1034 0039 45455F63 		.ascii	"EE_cortex_mx_system_tos\000"
 1034      6F727465 
 1034      785F6D78 
 1034      5F737973 
 1034      74656D5F 
 1035              	.LASF62:
 1036 0051 443A5C48 		.ascii	"D:\\HDA\\1_sem\\Embedded System Design\\Lab\\Assign"
 1036      44415C31 
 1036      5F73656D 
 1036      5C456D62 
 1036      65646465 
 1037 007f 6D656E74 		.ascii	"ment_1\\ReactionGame_OS\\ReactionGame.cydsn\000"
 1037      5F315C52 
 1037      65616374 
 1037      696F6E47 
 1037      616D655F 
 1038              	.LASF50:
 1039 00a9 45455F74 		.ascii	"EE_th_waswaiting\000"
 1039      685F7761 
 1039      73776169 
 1039      74696E67 
 1039      00
 1040              	.LASF2:
 1041 00ba 73686F72 		.ascii	"short int\000"
 1041      7420696E 
 1041      7400
 1042              	.LASF25:
 1043 00c4 73697A65 		.ascii	"sizetype\000"
 1043      74797065 
 1043      00
 1044              	.LASF24:
 1045 00cd 7461736B 		.ascii	"task\000"
 1045      00
 1046              	.LASF32:
 1047 00d2 45455F74 		.ascii	"EE_th_rnact_max\000"
ARM GAS  C:\Users\rbhar\AppData\Local\Temp\ccab1icO.s 			page 20


 1047      685F726E 
 1047      6163745F 
 1047      6D617800 
 1048              	.LASF17:
 1049 00e2 45455F46 		.ascii	"EE_FREG\000"
 1049      52454700 
 1050              	.LASF52:
 1051 00ea 45455F6F 		.ascii	"EE_oo_autostart_task_data\000"
 1051      6F5F6175 
 1051      746F7374 
 1051      6172745F 
 1051      7461736B 
 1052              	.LASF12:
 1053 0104 45455F55 		.ascii	"EE_UINT32\000"
 1053      494E5433 
 1053      3200
 1054              	.LASF33:
 1055 010e 45455F74 		.ascii	"EE_th_ready_prio\000"
 1055      685F7265 
 1055      6164795F 
 1055      7072696F 
 1055      00
 1056              	.LASF28:
 1057 011f 45455F74 		.ascii	"EE_terminate_data\000"
 1057      65726D69 
 1057      6E617465 
 1057      5F646174 
 1057      6100
 1058              	.LASF19:
 1059 0131 45455F54 		.ascii	"EE_TID\000"
 1059      494400
 1060              	.LASF42:
 1061 0138 45455F72 		.ascii	"EE_rq_queues_head\000"
 1061      715F7175 
 1061      65756573 
 1061      5F686561 
 1061      6400
 1062              	.LASF13:
 1063 014a 45455F41 		.ascii	"EE_ADDR\000"
 1063      44445200 
 1064              	.LASF57:
 1065 0152 45455F49 		.ascii	"EE_IRQ_nesting_level\000"
 1065      52515F6E 
 1065      65737469 
 1065      6E675F6C 
 1065      6576656C 
 1066              	.LASF26:
 1067 0167 45455F68 		.ascii	"EE_hal_thread_body\000"
 1067      616C5F74 
 1067      68726561 
 1067      645F626F 
 1067      647900
 1068              	.LASF41:
 1069 017a 45455F72 		.ascii	"EE_rq_link\000"
 1069      715F6C69 
 1069      6E6B00
 1070              	.LASF43:
ARM GAS  C:\Users\rbhar\AppData\Local\Temp\ccab1icO.s 			page 21


 1071 0185 45455F72 		.ascii	"EE_rq_queues_tail\000"
 1071      715F7175 
 1071      65756573 
 1071      5F746169 
 1071      6C00
 1072              	.LASF6:
 1073 0197 6C6F6E67 		.ascii	"long long int\000"
 1073      206C6F6E 
 1073      6720696E 
 1073      7400
 1074              	.LASF20:
 1075 01a5 45455F54 		.ascii	"EE_TYPE_RQ_MASK\000"
 1075      5950455F 
 1075      52515F4D 
 1075      41534B00 
 1076              	.LASF4:
 1077 01b5 6C6F6E67 		.ascii	"long int\000"
 1077      20696E74 
 1077      00
 1078              	.LASF54:
 1079 01be 45455F6F 		.ascii	"EE_oo_IRQ_suspend_status\000"
 1079      6F5F4952 
 1079      515F7375 
 1079      7370656E 
 1079      645F7374 
 1080              	.LASF51:
 1081 01d7 45455F74 		.ascii	"EE_th_is_extended\000"
 1081      685F6973 
 1081      5F657874 
 1081      656E6465 
 1081      6400
 1082              	.LASF29:
 1083 01e9 45455F74 		.ascii	"EE_terminate_real_th_body\000"
 1083      65726D69 
 1083      6E617465 
 1083      5F726561 
 1083      6C5F7468 
 1084              	.LASF44:
 1085 0203 45455F72 		.ascii	"EE_rq_pairs_next\000"
 1085      715F7061 
 1085      6972735F 
 1085      6E657874 
 1085      00
 1086              	.LASF40:
 1087 0214 45455F73 		.ascii	"EE_sys_ceiling\000"
 1087      79735F63 
 1087      65696C69 
 1087      6E6700
 1088              	.LASF9:
 1089 0223 6C6F6E67 		.ascii	"long double\000"
 1089      20646F75 
 1089      626C6500 
 1090              	.LASF1:
 1091 022f 756E7369 		.ascii	"unsigned char\000"
 1091      676E6564 
 1091      20636861 
 1091      7200
ARM GAS  C:\Users\rbhar\AppData\Local\Temp\ccab1icO.s 			page 22


 1092              	.LASF16:
 1093 023d 45455F53 		.ascii	"EE_SREG\000"
 1093      52454700 
 1094              	.LASF0:
 1095 0245 7369676E 		.ascii	"signed char\000"
 1095      65642063 
 1095      68617200 
 1096              	.LASF7:
 1097 0251 6C6F6E67 		.ascii	"long long unsigned int\000"
 1097      206C6F6E 
 1097      6720756E 
 1097      7369676E 
 1097      65642069 
 1098              	.LASF27:
 1099 0268 45455F73 		.ascii	"EE_std_thread_tos\000"
 1099      74645F74 
 1099      68726561 
 1099      645F746F 
 1099      7300
 1100              	.LASF8:
 1101 027a 756E7369 		.ascii	"unsigned int\000"
 1101      676E6564 
 1101      20696E74 
 1101      00
 1102              	.LASF37:
 1103 0287 45455F74 		.ascii	"EE_th_rnact\000"
 1103      685F726E 
 1103      61637400 
 1104              	.LASF56:
 1105 0293 45455F73 		.ascii	"EE_std_endcycle_next_tid\000"
 1105      74645F65 
 1105      6E646379 
 1105      636C655F 
 1105      6E657874 
 1106              	.LASF11:
 1107 02ac 45455F49 		.ascii	"EE_INT32\000"
 1107      4E543332 
 1107      00
 1108              	.LASF59:
 1109 02b5 45455F63 		.ascii	"EE_cortex_mx_stack_9\000"
 1109      6F727465 
 1109      785F6D78 
 1109      5F737461 
 1109      636B5F39 
 1110              	.LASF3:
 1111 02ca 73686F72 		.ascii	"short unsigned int\000"
 1111      7420756E 
 1111      7369676E 
 1111      65642069 
 1111      6E7400
 1112              	.LASF10:
 1113 02dd 45455F55 		.ascii	"EE_UINT16\000"
 1113      494E5431 
 1113      3600
 1114              	.LASF14:
 1115 02e7 45455F54 		.ascii	"EE_THREAD_PTR\000"
 1115      48524541 
ARM GAS  C:\Users\rbhar\AppData\Local\Temp\ccab1icO.s 			page 23


 1115      445F5054 
 1115      5200
 1116              	.LASF55:
 1117 02f5 45455F41 		.ascii	"EE_ApplicationMode\000"
 1117      70706C69 
 1117      63617469 
 1117      6F6E4D6F 
 1117      646500
 1118              	.LASF5:
 1119 0308 6C6F6E67 		.ascii	"long unsigned int\000"
 1119      20756E73 
 1119      69676E65 
 1119      6420696E 
 1119      7400
 1120              	.LASF48:
 1121 031a 45455F74 		.ascii	"EE_th_event_active\000"
 1121      685F6576 
 1121      656E745F 
 1121      61637469 
 1121      766500
 1122              	.LASF18:
 1123 032d 45455F54 		.ascii	"EE_TYPEBOOL\000"
 1123      59504542 
 1123      4F4F4C00 
 1124              	.LASF39:
 1125 0339 45455F73 		.ascii	"EE_stkfirst\000"
 1125      746B6669 
 1125      72737400 
 1126              	.LASF45:
 1127 0345 45455F72 		.ascii	"EE_rq_pairs_tid\000"
 1127      715F7061 
 1127      6972735F 
 1127      74696400 
 1128              	.LASF22:
 1129 0355 45455F6F 		.ascii	"EE_oo_autostart_task_type\000"
 1129      6F5F6175 
 1129      746F7374 
 1129      6172745F 
 1129      7461736B 
 1130              	.LASF23:
 1131 036f 5359535F 		.ascii	"SYS_tos\000"
 1131      746F7300 
 1132              	.LASF49:
 1133 0377 45455F74 		.ascii	"EE_th_event_waitmask\000"
 1133      685F6576 
 1133      656E745F 
 1133      77616974 
 1133      6D61736B 
 1134              	.LASF58:
 1135 038c 45455F63 		.ascii	"EE_cortex_mx_IRQ_tos\000"
 1135      6F727465 
 1135      785F6D78 
 1135      5F495251 
 1135      5F746F73 
 1136              	.LASF21:
 1137 03a1 45455F54 		.ascii	"EE_TOS\000"
 1137      4F5300
ARM GAS  C:\Users\rbhar\AppData\Local\Temp\ccab1icO.s 			page 24


 1138              	.LASF38:
 1139 03a8 45455F74 		.ascii	"EE_th_terminate_nextask\000"
 1139      685F7465 
 1139      726D696E 
 1139      6174655F 
 1139      6E657874 
 1140              	.LASF35:
 1141 03c0 45455F74 		.ascii	"EE_th_status\000"
 1141      685F7374 
 1141      61747573 
 1141      00
 1142              	.LASF34:
 1143 03cd 45455F74 		.ascii	"EE_th_dispatch_prio\000"
 1143      685F6469 
 1143      73706174 
 1143      63685F70 
 1143      72696F00 
 1144              	.LASF63:
 1145 03e1 45455F6F 		.ascii	"EE_oo_autostart_task_mode_OSDEFAULTAPPMODE\000"
 1145      6F5F6175 
 1145      746F7374 
 1145      6172745F 
 1145      7461736B 
 1146              	.LASF36:
 1147 040c 45455F74 		.ascii	"EE_th_next\000"
 1147      685F6E65 
 1147      787400
 1148              	.LASF61:
 1149 0417 47656E65 		.ascii	"Generated_Source\\PSoC5\\ErikaOS_eecfg.c\000"
 1149      72617465 
 1149      645F536F 
 1149      75726365 
 1149      5C50536F 
 1150              	.LASF60:
 1151 043e 474E5520 		.ascii	"GNU C11 5.4.1 20160609 (release) [ARM/embedded-5-br"
 1151      43313120 
 1151      352E342E 
 1151      31203230 
 1151      31363036 
 1152 0471 616E6368 		.ascii	"anch revision 237715] -mcpu=cortex-m3 -mthumb -g -O"
 1152      20726576 
 1152      6973696F 
 1152      6E203233 
 1152      37373135 
 1153 04a4 67202D66 		.ascii	"g -ffunction-sections -ffat-lto-objects\000"
 1153      66756E63 
 1153      74696F6E 
 1153      2D736563 
 1153      74696F6E 
 1154              	.LASF53:
 1155 04cc 45455F6F 		.ascii	"EE_oo_IRQ_disable_count\000"
 1155      6F5F4952 
 1155      515F6469 
 1155      7361626C 
 1155      655F636F 
 1156              		.ident	"GCC: (GNU Tools for ARM Embedded Processors) 5.4.1 20160609 (release) [ARM/embedded-5-bran
