ARM GAS  C:\Users\rbhar\AppData\Local\Temp\ccYA4r3s.s 			page 1


   1              		.syntax unified
   2              		.cpu cortex-m3
   3              		.fpu softvfp
   4              		.eabi_attribute 20, 1
   5              		.eabi_attribute 21, 1
   6              		.eabi_attribute 23, 3
   7              		.eabi_attribute 24, 1
   8              		.eabi_attribute 25, 1
   9              		.eabi_attribute 26, 1
  10              		.eabi_attribute 30, 1
  11              		.eabi_attribute 34, 1
  12              		.eabi_attribute 18, 4
  13              		.thumb
  14              		.syntax unified
  15              		.file	"ErikaOS_cortex_mx_ee_system_timer.c"
  16              		.text
  17              	.Ltext0:
  18              		.cfi_sections	.debug_frame
  19              	.Letext0:
  20              		.file 1 "Generated_Source\\PSoC5/ErikaOS_common_ee_types.inc"
  21              		.file 2 "Generated_Source\\PSoC5/ErikaOS_cortex_mx_ee_cpu.inc"
  22              		.file 3 "Generated_Source\\PSoC5/ErikaOS_ee_oo_common.inc"
  23              		.file 4 "Generated_Source\\PSoC5/ErikaOS_ee_oo_intfunc.inc"
  24              		.file 5 "Generated_Source\\PSoC5/ErikaOS_cortex_mx_ee_context.inc"
  25              		.file 6 "Generated_Source\\PSoC5/ErikaOS_common_ee_primitives.inc"
  26              		.file 7 "Generated_Source\\PSoC5/ErikaOS_ee_oo_internal.inc"
  27              		.section	.debug_info,"",%progbits
  28              	.Ldebug_info0:
  29 0000 EF010000 		.4byte	0x1ef
  30 0004 0400     		.2byte	0x4
  31 0006 00000000 		.4byte	.Ldebug_abbrev0
  32 000a 04       		.byte	0x4
  33 000b 01       		.uleb128 0x1
  34 000c 81020000 		.4byte	.LASF36
  35 0010 0C       		.byte	0xc
  36 0011 0D020000 		.4byte	.LASF37
  37 0015 29000000 		.4byte	.LASF38
  38 0019 00000000 		.4byte	.Ldebug_line0
  39 001d 02       		.uleb128 0x2
  40 001e 01       		.byte	0x1
  41 001f 06       		.byte	0x6
  42 0020 61010000 		.4byte	.LASF0
  43 0024 02       		.uleb128 0x2
  44 0025 01       		.byte	0x1
  45 0026 08       		.byte	0x8
  46 0027 53010000 		.4byte	.LASF1
  47 002b 02       		.uleb128 0x2
  48 002c 02       		.byte	0x2
  49 002d 05       		.byte	0x5
  50 002e 8D000000 		.4byte	.LASF2
  51 0032 02       		.uleb128 0x2
  52 0033 02       		.byte	0x2
  53 0034 07       		.byte	0x7
  54 0035 BF010000 		.4byte	.LASF3
  55 0039 02       		.uleb128 0x2
  56 003a 04       		.byte	0x4
  57 003b 05       		.byte	0x5
ARM GAS  C:\Users\rbhar\AppData\Local\Temp\ccYA4r3s.s 			page 2


  58 003c 16010000 		.4byte	.LASF4
  59 0040 02       		.uleb128 0x2
  60 0041 04       		.byte	0x4
  61 0042 07       		.byte	0x7
  62 0043 EF010000 		.4byte	.LASF5
  63 0047 02       		.uleb128 0x2
  64 0048 08       		.byte	0x8
  65 0049 05       		.byte	0x5
  66 004a F0000000 		.4byte	.LASF6
  67 004e 02       		.uleb128 0x2
  68 004f 08       		.byte	0x8
  69 0050 07       		.byte	0x7
  70 0051 6D010000 		.4byte	.LASF7
  71 0055 03       		.uleb128 0x3
  72 0056 04       		.byte	0x4
  73 0057 05       		.byte	0x5
  74 0058 696E7400 		.ascii	"int\000"
  75 005c 02       		.uleb128 0x2
  76 005d 04       		.byte	0x4
  77 005e 07       		.byte	0x7
  78 005f 84010000 		.4byte	.LASF8
  79 0063 02       		.uleb128 0x2
  80 0064 08       		.byte	0x8
  81 0065 04       		.byte	0x4
  82 0066 47010000 		.4byte	.LASF9
  83 006a 04       		.uleb128 0x4
  84 006b FE000000 		.4byte	.LASF10
  85 006f 01       		.byte	0x1
  86 0070 3F       		.byte	0x3f
  87 0071 1D000000 		.4byte	0x1d
  88 0075 04       		.uleb128 0x4
  89 0076 D2010000 		.4byte	.LASF11
  90 007a 01       		.byte	0x1
  91 007b 52       		.byte	0x52
  92 007c 32000000 		.4byte	0x32
  93 0080 04       		.uleb128 0x4
  94 0081 B6010000 		.4byte	.LASF12
  95 0085 01       		.byte	0x1
  96 0086 53       		.byte	0x53
  97 0087 55000000 		.4byte	0x55
  98 008b 04       		.uleb128 0x4
  99 008c A8000000 		.4byte	.LASF13
 100 0090 01       		.byte	0x1
 101 0091 54       		.byte	0x54
 102 0092 5C000000 		.4byte	0x5c
 103 0096 04       		.uleb128 0x4
 104 0097 0E000000 		.4byte	.LASF14
 105 009b 02       		.byte	0x2
 106 009c 4D       		.byte	0x4d
 107 009d 8B000000 		.4byte	0x8b
 108 00a1 04       		.uleb128 0x4
 109 00a2 A0000000 		.4byte	.LASF15
 110 00a6 02       		.byte	0x2
 111 00a7 4F       		.byte	0x4f
 112 00a8 8B000000 		.4byte	0x8b
 113 00ac 04       		.uleb128 0x4
 114 00ad 01020000 		.4byte	.LASF16
ARM GAS  C:\Users\rbhar\AppData\Local\Temp\ccYA4r3s.s 			page 3


 115 00b1 02       		.byte	0x2
 116 00b2 54       		.byte	0x54
 117 00b3 96000000 		.4byte	0x96
 118 00b7 04       		.uleb128 0x4
 119 00b8 C3000000 		.4byte	.LASF17
 120 00bc 02       		.byte	0x2
 121 00bd 78       		.byte	0x78
 122 00be 80000000 		.4byte	0x80
 123 00c2 05       		.uleb128 0x5
 124 00c3 06010000 		.4byte	.LASF18
 125 00c7 03       		.byte	0x3
 126 00c8 0801     		.2byte	0x108
 127 00ca 75000000 		.4byte	0x75
 128 00ce 06       		.uleb128 0x6
 129 00cf E5000000 		.4byte	0xe5
 130 00d3 DE000000 		.4byte	0xde
 131 00d7 07       		.uleb128 0x7
 132 00d8 DE000000 		.4byte	0xde
 133 00dc 00       		.byte	0
 134 00dd 00       		.byte	0
 135 00de 02       		.uleb128 0x2
 136 00df 04       		.byte	0x4
 137 00e0 07       		.byte	0x7
 138 00e1 97000000 		.4byte	.LASF19
 139 00e5 08       		.uleb128 0x8
 140 00e6 96000000 		.4byte	0x96
 141 00ea 09       		.uleb128 0x9
 142 00eb B2000000 		.4byte	.LASF20
 143 00ef 03       		.byte	0x3
 144 00f0 B2       		.byte	0xb2
 145 00f1 F5000000 		.4byte	0xf5
 146 00f5 08       		.uleb128 0x8
 147 00f6 CE000000 		.4byte	0xce
 148 00fa 09       		.uleb128 0x9
 149 00fb 62020000 		.4byte	.LASF21
 150 00ff 03       		.byte	0x3
 151 0100 B3       		.byte	0xb3
 152 0101 05010000 		.4byte	0x105
 153 0105 08       		.uleb128 0x8
 154 0106 CE000000 		.4byte	0xce
 155 010a 06       		.uleb128 0x6
 156 010b 96000000 		.4byte	0x96
 157 010f 1A010000 		.4byte	0x11a
 158 0113 07       		.uleb128 0x7
 159 0114 DE000000 		.4byte	0xde
 160 0118 00       		.byte	0
 161 0119 00       		.byte	0
 162 011a 09       		.uleb128 0x9
 163 011b 55020000 		.4byte	.LASF22
 164 011f 03       		.byte	0x3
 165 0120 C1       		.byte	0xc1
 166 0121 0A010000 		.4byte	0x10a
 167 0125 06       		.uleb128 0x6
 168 0126 B7000000 		.4byte	0xb7
 169 012a 35010000 		.4byte	0x135
 170 012e 07       		.uleb128 0x7
 171 012f DE000000 		.4byte	0xde
ARM GAS  C:\Users\rbhar\AppData\Local\Temp\ccYA4r3s.s 			page 4


 172 0133 00       		.byte	0
 173 0134 00       		.byte	0
 174 0135 09       		.uleb128 0x9
 175 0136 76020000 		.4byte	.LASF23
 176 013a 03       		.byte	0x3
 177 013b C9       		.byte	0xc9
 178 013c 25010000 		.4byte	0x125
 179 0140 09       		.uleb128 0x9
 180 0141 91010000 		.4byte	.LASF24
 181 0145 03       		.byte	0x3
 182 0146 D1       		.byte	0xd1
 183 0147 0A010000 		.4byte	0x10a
 184 014b 09       		.uleb128 0x9
 185 014c 81000000 		.4byte	.LASF25
 186 0150 03       		.byte	0x3
 187 0151 D9       		.byte	0xd9
 188 0152 B7000000 		.4byte	0xb7
 189 0156 09       		.uleb128 0x9
 190 0157 38010000 		.4byte	.LASF26
 191 015b 03       		.byte	0x3
 192 015c EE       		.byte	0xee
 193 015d 96000000 		.4byte	0x96
 194 0161 0A       		.uleb128 0xa
 195 0162 00000000 		.4byte	.LASF27
 196 0166 03       		.byte	0x3
 197 0167 3601     		.2byte	0x136
 198 0169 C2000000 		.4byte	0xc2
 199 016d 0A       		.uleb128 0xa
 200 016e 16000000 		.4byte	.LASF28
 201 0172 03       		.byte	0x3
 202 0173 5301     		.2byte	0x153
 203 0175 0A010000 		.4byte	0x10a
 204 0179 06       		.uleb128 0x6
 205 017a AC000000 		.4byte	0xac
 206 017e 89010000 		.4byte	0x189
 207 0182 07       		.uleb128 0x7
 208 0183 DE000000 		.4byte	0xde
 209 0187 00       		.byte	0
 210 0188 00       		.byte	0
 211 0189 0A       		.uleb128 0xa
 212 018a CA000000 		.4byte	.LASF29
 213 018e 03       		.byte	0x3
 214 018f 5E01     		.2byte	0x15e
 215 0191 79010000 		.4byte	0x179
 216 0195 09       		.uleb128 0x9
 217 0196 0F030000 		.4byte	.LASF30
 218 019a 04       		.byte	0x4
 219 019b 40       		.byte	0x40
 220 019c 96000000 		.4byte	0x96
 221 01a0 09       		.uleb128 0x9
 222 01a1 1F010000 		.4byte	.LASF31
 223 01a5 04       		.byte	0x4
 224 01a6 47       		.byte	0x47
 225 01a7 A1000000 		.4byte	0xa1
 226 01ab 09       		.uleb128 0x9
 227 01ac DC010000 		.4byte	.LASF32
 228 01b0 04       		.byte	0x4
ARM GAS  C:\Users\rbhar\AppData\Local\Temp\ccYA4r3s.s 			page 5


 229 01b1 4A       		.byte	0x4a
 230 01b2 96000000 		.4byte	0x96
 231 01b6 09       		.uleb128 0x9
 232 01b7 9D010000 		.4byte	.LASF33
 233 01bb 05       		.byte	0x5
 234 01bc 48       		.byte	0x48
 235 01bd B7000000 		.4byte	0xb7
 236 01c1 09       		.uleb128 0x9
 237 01c2 DB000000 		.4byte	.LASF34
 238 01c6 06       		.byte	0x6
 239 01c7 44       		.byte	0x44
 240 01c8 96000000 		.4byte	0x96
 241 01cc 06       		.uleb128 0x6
 242 01cd DC010000 		.4byte	0x1dc
 243 01d1 DC010000 		.4byte	0x1dc
 244 01d5 07       		.uleb128 0x7
 245 01d6 DE000000 		.4byte	0xde
 246 01da FF       		.byte	0xff
 247 01db 00       		.byte	0
 248 01dc 08       		.uleb128 0x8
 249 01dd 6A000000 		.4byte	0x6a
 250 01e1 0A       		.uleb128 0xa
 251 01e2 48020000 		.4byte	.LASF35
 252 01e6 07       		.byte	0x7
 253 01e7 AB01     		.2byte	0x1ab
 254 01e9 ED010000 		.4byte	0x1ed
 255 01ed 08       		.uleb128 0x8
 256 01ee CC010000 		.4byte	0x1cc
 257 01f2 00       		.byte	0
 258              		.section	.debug_abbrev,"",%progbits
 259              	.Ldebug_abbrev0:
 260 0000 01       		.uleb128 0x1
 261 0001 11       		.uleb128 0x11
 262 0002 01       		.byte	0x1
 263 0003 25       		.uleb128 0x25
 264 0004 0E       		.uleb128 0xe
 265 0005 13       		.uleb128 0x13
 266 0006 0B       		.uleb128 0xb
 267 0007 03       		.uleb128 0x3
 268 0008 0E       		.uleb128 0xe
 269 0009 1B       		.uleb128 0x1b
 270 000a 0E       		.uleb128 0xe
 271 000b 10       		.uleb128 0x10
 272 000c 17       		.uleb128 0x17
 273 000d 00       		.byte	0
 274 000e 00       		.byte	0
 275 000f 02       		.uleb128 0x2
 276 0010 24       		.uleb128 0x24
 277 0011 00       		.byte	0
 278 0012 0B       		.uleb128 0xb
 279 0013 0B       		.uleb128 0xb
 280 0014 3E       		.uleb128 0x3e
 281 0015 0B       		.uleb128 0xb
 282 0016 03       		.uleb128 0x3
 283 0017 0E       		.uleb128 0xe
 284 0018 00       		.byte	0
 285 0019 00       		.byte	0
ARM GAS  C:\Users\rbhar\AppData\Local\Temp\ccYA4r3s.s 			page 6


 286 001a 03       		.uleb128 0x3
 287 001b 24       		.uleb128 0x24
 288 001c 00       		.byte	0
 289 001d 0B       		.uleb128 0xb
 290 001e 0B       		.uleb128 0xb
 291 001f 3E       		.uleb128 0x3e
 292 0020 0B       		.uleb128 0xb
 293 0021 03       		.uleb128 0x3
 294 0022 08       		.uleb128 0x8
 295 0023 00       		.byte	0
 296 0024 00       		.byte	0
 297 0025 04       		.uleb128 0x4
 298 0026 16       		.uleb128 0x16
 299 0027 00       		.byte	0
 300 0028 03       		.uleb128 0x3
 301 0029 0E       		.uleb128 0xe
 302 002a 3A       		.uleb128 0x3a
 303 002b 0B       		.uleb128 0xb
 304 002c 3B       		.uleb128 0x3b
 305 002d 0B       		.uleb128 0xb
 306 002e 49       		.uleb128 0x49
 307 002f 13       		.uleb128 0x13
 308 0030 00       		.byte	0
 309 0031 00       		.byte	0
 310 0032 05       		.uleb128 0x5
 311 0033 16       		.uleb128 0x16
 312 0034 00       		.byte	0
 313 0035 03       		.uleb128 0x3
 314 0036 0E       		.uleb128 0xe
 315 0037 3A       		.uleb128 0x3a
 316 0038 0B       		.uleb128 0xb
 317 0039 3B       		.uleb128 0x3b
 318 003a 05       		.uleb128 0x5
 319 003b 49       		.uleb128 0x49
 320 003c 13       		.uleb128 0x13
 321 003d 00       		.byte	0
 322 003e 00       		.byte	0
 323 003f 06       		.uleb128 0x6
 324 0040 01       		.uleb128 0x1
 325 0041 01       		.byte	0x1
 326 0042 49       		.uleb128 0x49
 327 0043 13       		.uleb128 0x13
 328 0044 01       		.uleb128 0x1
 329 0045 13       		.uleb128 0x13
 330 0046 00       		.byte	0
 331 0047 00       		.byte	0
 332 0048 07       		.uleb128 0x7
 333 0049 21       		.uleb128 0x21
 334 004a 00       		.byte	0
 335 004b 49       		.uleb128 0x49
 336 004c 13       		.uleb128 0x13
 337 004d 2F       		.uleb128 0x2f
 338 004e 0B       		.uleb128 0xb
 339 004f 00       		.byte	0
 340 0050 00       		.byte	0
 341 0051 08       		.uleb128 0x8
 342 0052 26       		.uleb128 0x26
ARM GAS  C:\Users\rbhar\AppData\Local\Temp\ccYA4r3s.s 			page 7


 343 0053 00       		.byte	0
 344 0054 49       		.uleb128 0x49
 345 0055 13       		.uleb128 0x13
 346 0056 00       		.byte	0
 347 0057 00       		.byte	0
 348 0058 09       		.uleb128 0x9
 349 0059 34       		.uleb128 0x34
 350 005a 00       		.byte	0
 351 005b 03       		.uleb128 0x3
 352 005c 0E       		.uleb128 0xe
 353 005d 3A       		.uleb128 0x3a
 354 005e 0B       		.uleb128 0xb
 355 005f 3B       		.uleb128 0x3b
 356 0060 0B       		.uleb128 0xb
 357 0061 49       		.uleb128 0x49
 358 0062 13       		.uleb128 0x13
 359 0063 3F       		.uleb128 0x3f
 360 0064 19       		.uleb128 0x19
 361 0065 3C       		.uleb128 0x3c
 362 0066 19       		.uleb128 0x19
 363 0067 00       		.byte	0
 364 0068 00       		.byte	0
 365 0069 0A       		.uleb128 0xa
 366 006a 34       		.uleb128 0x34
 367 006b 00       		.byte	0
 368 006c 03       		.uleb128 0x3
 369 006d 0E       		.uleb128 0xe
 370 006e 3A       		.uleb128 0x3a
 371 006f 0B       		.uleb128 0xb
 372 0070 3B       		.uleb128 0x3b
 373 0071 05       		.uleb128 0x5
 374 0072 49       		.uleb128 0x49
 375 0073 13       		.uleb128 0x13
 376 0074 3F       		.uleb128 0x3f
 377 0075 19       		.uleb128 0x19
 378 0076 3C       		.uleb128 0x3c
 379 0077 19       		.uleb128 0x19
 380 0078 00       		.byte	0
 381 0079 00       		.byte	0
 382 007a 00       		.byte	0
 383              		.section	.debug_aranges,"",%progbits
 384 0000 14000000 		.4byte	0x14
 385 0004 0200     		.2byte	0x2
 386 0006 00000000 		.4byte	.Ldebug_info0
 387 000a 04       		.byte	0x4
 388 000b 00       		.byte	0
 389 000c 0000     		.2byte	0
 390 000e 0000     		.2byte	0
 391 0010 00000000 		.4byte	0
 392 0014 00000000 		.4byte	0
 393              		.section	.debug_line,"",%progbits
 394              	.Ldebug_line0:
 395 0000 0E010000 		.section	.debug_str,"MS",%progbits,1
 395      02000801 
 395      00000201 
 395      FB0E0D00 
 395      01010101 
ARM GAS  C:\Users\rbhar\AppData\Local\Temp\ccYA4r3s.s 			page 8


 396              	.LASF27:
 397 0000 45455F72 		.ascii	"EE_rq_bitmask\000"
 397      715F6269 
 397      746D6173 
 397      6B00
 398              	.LASF14:
 399 000e 45455F55 		.ascii	"EE_UREG\000"
 399      52454700 
 400              	.LASF28:
 401 0016 45455F74 		.ascii	"EE_th_event_active\000"
 401      685F6576 
 401      656E745F 
 401      61637469 
 401      766500
 402              	.LASF38:
 403 0029 443A5C48 		.ascii	"D:\\HDA\\1_sem\\Embedded System Design\\Lab\\Assign"
 403      44415C31 
 403      5F73656D 
 403      5C456D62 
 403      65646465 
 404 0057 6D656E74 		.ascii	"ment_1\\ReactionGame_OS\\ReactionGame.cydsn\000"
 404      5F315C52 
 404      65616374 
 404      696F6E47 
 404      616D655F 
 405              	.LASF25:
 406 0081 45455F73 		.ascii	"EE_stkfirst\000"
 406      746B6669 
 406      72737400 
 407              	.LASF2:
 408 008d 73686F72 		.ascii	"short int\000"
 408      7420696E 
 408      7400
 409              	.LASF19:
 410 0097 73697A65 		.ascii	"sizetype\000"
 410      74797065 
 410      00
 411              	.LASF15:
 412 00a0 45455F46 		.ascii	"EE_FREG\000"
 412      52454700 
 413              	.LASF13:
 414 00a8 45455F55 		.ascii	"EE_UINT32\000"
 414      494E5433 
 414      3200
 415              	.LASF20:
 416 00b2 45455F74 		.ascii	"EE_th_ready_prio\000"
 416      685F7265 
 416      6164795F 
 416      7072696F 
 416      00
 417              	.LASF17:
 418 00c3 45455F54 		.ascii	"EE_TID\000"
 418      494400
 419              	.LASF29:
 420 00ca 45455F74 		.ascii	"EE_th_waswaiting\000"
 420      685F7761 
 420      73776169 
ARM GAS  C:\Users\rbhar\AppData\Local\Temp\ccYA4r3s.s 			page 9


 420      74696E67 
 420      00
 421              	.LASF34:
 422 00db 45455F49 		.ascii	"EE_IRQ_nesting_level\000"
 422      52515F6E 
 422      65737469 
 422      6E675F6C 
 422      6576656C 
 423              	.LASF6:
 424 00f0 6C6F6E67 		.ascii	"long long int\000"
 424      206C6F6E 
 424      6720696E 
 424      7400
 425              	.LASF10:
 426 00fe 45455F49 		.ascii	"EE_INT8\000"
 426      4E543800 
 427              	.LASF18:
 428 0106 45455F54 		.ascii	"EE_TYPE_RQ_MASK\000"
 428      5950455F 
 428      52515F4D 
 428      41534B00 
 429              	.LASF4:
 430 0116 6C6F6E67 		.ascii	"long int\000"
 430      20696E74 
 430      00
 431              	.LASF31:
 432 011f 45455F6F 		.ascii	"EE_oo_IRQ_suspend_status\000"
 432      6F5F4952 
 432      515F7375 
 432      7370656E 
 432      645F7374 
 433              	.LASF26:
 434 0138 45455F73 		.ascii	"EE_sys_ceiling\000"
 434      79735F63 
 434      65696C69 
 434      6E6700
 435              	.LASF9:
 436 0147 6C6F6E67 		.ascii	"long double\000"
 436      20646F75 
 436      626C6500 
 437              	.LASF1:
 438 0153 756E7369 		.ascii	"unsigned char\000"
 438      676E6564 
 438      20636861 
 438      7200
 439              	.LASF0:
 440 0161 7369676E 		.ascii	"signed char\000"
 440      65642063 
 440      68617200 
 441              	.LASF7:
 442 016d 6C6F6E67 		.ascii	"long long unsigned int\000"
 442      206C6F6E 
 442      6720756E 
 442      7369676E 
 442      65642069 
 443              	.LASF8:
 444 0184 756E7369 		.ascii	"unsigned int\000"
ARM GAS  C:\Users\rbhar\AppData\Local\Temp\ccYA4r3s.s 			page 10


 444      676E6564 
 444      20696E74 
 444      00
 445              	.LASF24:
 446 0191 45455F74 		.ascii	"EE_th_rnact\000"
 446      685F726E 
 446      61637400 
 447              	.LASF33:
 448 019d 45455F73 		.ascii	"EE_std_endcycle_next_tid\000"
 448      74645F65 
 448      6E646379 
 448      636C655F 
 448      6E657874 
 449              	.LASF12:
 450 01b6 45455F49 		.ascii	"EE_INT32\000"
 450      4E543332 
 450      00
 451              	.LASF3:
 452 01bf 73686F72 		.ascii	"short unsigned int\000"
 452      7420756E 
 452      7369676E 
 452      65642069 
 452      6E7400
 453              	.LASF11:
 454 01d2 45455F55 		.ascii	"EE_UINT16\000"
 454      494E5431 
 454      3600
 455              	.LASF32:
 456 01dc 45455F41 		.ascii	"EE_ApplicationMode\000"
 456      70706C69 
 456      63617469 
 456      6F6E4D6F 
 456      646500
 457              	.LASF5:
 458 01ef 6C6F6E67 		.ascii	"long unsigned int\000"
 458      20756E73 
 458      69676E65 
 458      6420696E 
 458      7400
 459              	.LASF16:
 460 0201 45455F54 		.ascii	"EE_TYPEBOOL\000"
 460      59504542 
 460      4F4F4C00 
 461              	.LASF37:
 462 020d 47656E65 		.ascii	"Generated_Source\\PSoC5\\ErikaOS_cortex_mx_ee_syste"
 462      72617465 
 462      645F536F 
 462      75726365 
 462      5C50536F 
 463 023e 6D5F7469 		.ascii	"m_timer.c\000"
 463      6D65722E 
 463      6300
 464              	.LASF35:
 465 0248 45455F72 		.ascii	"EE_rq_lookup\000"
 465      715F6C6F 
 465      6F6B7570 
 465      00
ARM GAS  C:\Users\rbhar\AppData\Local\Temp\ccYA4r3s.s 			page 11


 466              	.LASF22:
 467 0255 45455F74 		.ascii	"EE_th_status\000"
 467      685F7374 
 467      61747573 
 467      00
 468              	.LASF21:
 469 0262 45455F74 		.ascii	"EE_th_dispatch_prio\000"
 469      685F6469 
 469      73706174 
 469      63685F70 
 469      72696F00 
 470              	.LASF23:
 471 0276 45455F74 		.ascii	"EE_th_next\000"
 471      685F6E65 
 471      787400
 472              	.LASF36:
 473 0281 474E5520 		.ascii	"GNU C11 5.4.1 20160609 (release) [ARM/embedded-5-br"
 473      43313120 
 473      352E342E 
 473      31203230 
 473      31363036 
 474 02b4 616E6368 		.ascii	"anch revision 237715] -mcpu=cortex-m3 -mthumb -g -O"
 474      20726576 
 474      6973696F 
 474      6E203233 
 474      37373135 
 475 02e7 67202D66 		.ascii	"g -ffunction-sections -ffat-lto-objects\000"
 475      66756E63 
 475      74696F6E 
 475      2D736563 
 475      74696F6E 
 476              	.LASF30:
 477 030f 45455F6F 		.ascii	"EE_oo_IRQ_disable_count\000"
 477      6F5F4952 
 477      515F6469 
 477      7361626C 
 477      655F636F 
 478              		.ident	"GCC: (GNU Tools for ARM Embedded Processors) 5.4.1 20160609 (release) [ARM/embedded-5-bran
