ARM GAS  C:\Users\rbhar\AppData\Local\Temp\cck3fZc3.s 			page 1


   1              		.syntax unified
   2              		.cpu cortex-m3
   3              		.fpu softvfp
   4              		.eabi_attribute 20, 1
   5              		.eabi_attribute 21, 1
   6              		.eabi_attribute 23, 3
   7              		.eabi_attribute 24, 1
   8              		.eabi_attribute 25, 1
   9              		.eabi_attribute 26, 1
  10              		.eabi_attribute 30, 1
  11              		.eabi_attribute 34, 1
  12              		.eabi_attribute 18, 4
  13              		.thumb
  14              		.syntax unified
  15              		.file	"ErikaOS_ee_rq_inser.c"
  16              		.text
  17              	.Ltext0:
  18              		.cfi_sections	.debug_frame
  19              		.section	.text.EE_rq_insert,"ax",%progbits
  20              		.align	2
  21              		.global	EE_rq_insert
  22              		.thumb
  23              		.thumb_func
  24              		.type	EE_rq_insert, %function
  25              	EE_rq_insert:
  26              	.LFB59:
  27              		.file 1 "Generated_Source\\PSoC5\\ErikaOS_ee_rq_inser.c"
   1:Generated_Source\PSoC5/ErikaOS_ee_rq_inser.c **** /* ###*B*###
   2:Generated_Source\PSoC5/ErikaOS_ee_rq_inser.c ****  * ERIKA Enterprise - a tiny RTOS for small microcontrollers
   3:Generated_Source\PSoC5/ErikaOS_ee_rq_inser.c ****  *
   4:Generated_Source\PSoC5/ErikaOS_ee_rq_inser.c ****  * Copyright (C) 2002-2008  Evidence Srl
   5:Generated_Source\PSoC5/ErikaOS_ee_rq_inser.c ****  *
   6:Generated_Source\PSoC5/ErikaOS_ee_rq_inser.c ****  * This file is part of ERIKA Enterprise.
   7:Generated_Source\PSoC5/ErikaOS_ee_rq_inser.c ****  *
   8:Generated_Source\PSoC5/ErikaOS_ee_rq_inser.c ****  * ERIKA Enterprise is free software; you can redistribute it
   9:Generated_Source\PSoC5/ErikaOS_ee_rq_inser.c ****  * and/or modify it under the terms of the GNU General Public License
  10:Generated_Source\PSoC5/ErikaOS_ee_rq_inser.c ****  * version 2 as published by the Free Software Foundation, 
  11:Generated_Source\PSoC5/ErikaOS_ee_rq_inser.c ****  * (with a special exception described below).
  12:Generated_Source\PSoC5/ErikaOS_ee_rq_inser.c ****  *
  13:Generated_Source\PSoC5/ErikaOS_ee_rq_inser.c ****  * Linking this code statically or dynamically with other modules is
  14:Generated_Source\PSoC5/ErikaOS_ee_rq_inser.c ****  * making a combined work based on this code.  Thus, the terms and
  15:Generated_Source\PSoC5/ErikaOS_ee_rq_inser.c ****  * conditions of the GNU General Public License cover the whole
  16:Generated_Source\PSoC5/ErikaOS_ee_rq_inser.c ****  * combination.
  17:Generated_Source\PSoC5/ErikaOS_ee_rq_inser.c ****  *
  18:Generated_Source\PSoC5/ErikaOS_ee_rq_inser.c ****  * As a special exception, the copyright holders of this library give you
  19:Generated_Source\PSoC5/ErikaOS_ee_rq_inser.c ****  * permission to link this code with independent modules to produce an
  20:Generated_Source\PSoC5/ErikaOS_ee_rq_inser.c ****  * executable, regardless of the license terms of these independent
  21:Generated_Source\PSoC5/ErikaOS_ee_rq_inser.c ****  * modules, and to copy and distribute the resulting executable under
  22:Generated_Source\PSoC5/ErikaOS_ee_rq_inser.c ****  * terms of your choice, provided that you also meet, for each linked
  23:Generated_Source\PSoC5/ErikaOS_ee_rq_inser.c ****  * independent module, the terms and conditions of the license of that
  24:Generated_Source\PSoC5/ErikaOS_ee_rq_inser.c ****  * module.  An independent module is a module which is not derived from
  25:Generated_Source\PSoC5/ErikaOS_ee_rq_inser.c ****  * or based on this library.  If you modify this code, you may extend
  26:Generated_Source\PSoC5/ErikaOS_ee_rq_inser.c ****  * this exception to your version of the code, but you are not
  27:Generated_Source\PSoC5/ErikaOS_ee_rq_inser.c ****  * obligated to do so.  If you do not wish to do so, delete this
  28:Generated_Source\PSoC5/ErikaOS_ee_rq_inser.c ****  * exception statement from your version.
  29:Generated_Source\PSoC5/ErikaOS_ee_rq_inser.c ****  *
  30:Generated_Source\PSoC5/ErikaOS_ee_rq_inser.c ****  * ERIKA Enterprise is distributed in the hope that it will be
ARM GAS  C:\Users\rbhar\AppData\Local\Temp\cck3fZc3.s 			page 2


  31:Generated_Source\PSoC5/ErikaOS_ee_rq_inser.c ****  * useful, but WITHOUT ANY WARRANTY; without even the implied warranty
  32:Generated_Source\PSoC5/ErikaOS_ee_rq_inser.c ****  * of MERCHANTABILITY or FITNESS FOR A PARTICULAR PURPOSE.  See the
  33:Generated_Source\PSoC5/ErikaOS_ee_rq_inser.c ****  * GNU General Public License version 2 for more details.
  34:Generated_Source\PSoC5/ErikaOS_ee_rq_inser.c ****  *
  35:Generated_Source\PSoC5/ErikaOS_ee_rq_inser.c ****  * You should have received a copy of the GNU General Public License
  36:Generated_Source\PSoC5/ErikaOS_ee_rq_inser.c ****  * version 2 along with ERIKA Enterprise; if not, write to the
  37:Generated_Source\PSoC5/ErikaOS_ee_rq_inser.c ****  * Free Software Foundation, Inc., 51 Franklin Street, Fifth Floor,
  38:Generated_Source\PSoC5/ErikaOS_ee_rq_inser.c ****  * Boston, MA 02110-1301 USA.
  39:Generated_Source\PSoC5/ErikaOS_ee_rq_inser.c ****  * ###*E*### */
  40:Generated_Source\PSoC5/ErikaOS_ee_rq_inser.c **** 
  41:Generated_Source\PSoC5/ErikaOS_ee_rq_inser.c **** /*
  42:Generated_Source\PSoC5/ErikaOS_ee_rq_inser.c ****  * Author: 2002-2004 Paolo Gai
  43:Generated_Source\PSoC5/ErikaOS_ee_rq_inser.c ****  * CVS: $Id: ee_rq_inser.c,v 1.1 2005/07/16 12:23:42 pj Exp $
  44:Generated_Source\PSoC5/ErikaOS_ee_rq_inser.c ****  */
  45:Generated_Source\PSoC5/ErikaOS_ee_rq_inser.c **** 
  46:Generated_Source\PSoC5/ErikaOS_ee_rq_inser.c **** /*
  47:Generated_Source\PSoC5/ErikaOS_ee_rq_inser.c ****  * PSoC Port and API Generation
  48:Generated_Source\PSoC5/ErikaOS_ee_rq_inser.c ****  * Carlos Fernando Meier Martinez
  49:Generated_Source\PSoC5/ErikaOS_ee_rq_inser.c ****  * Hochschule Darmstadt, Germany. 2017.
  50:Generated_Source\PSoC5/ErikaOS_ee_rq_inser.c ****  */
  51:Generated_Source\PSoC5/ErikaOS_ee_rq_inser.c **** 
  52:Generated_Source\PSoC5/ErikaOS_ee_rq_inser.c **** #include "ErikaOS_ee_internal.inc"
  53:Generated_Source\PSoC5/ErikaOS_ee_rq_inser.c **** 
  54:Generated_Source\PSoC5/ErikaOS_ee_rq_inser.c **** #ifndef __PRIVATE_RQ_INSERT__
  55:Generated_Source\PSoC5/ErikaOS_ee_rq_inser.c **** 
  56:Generated_Source\PSoC5/ErikaOS_ee_rq_inser.c **** #if (defined(__OO_BCC1__)) || (defined(__OO_ECC1__))
  57:Generated_Source\PSoC5/ErikaOS_ee_rq_inser.c **** /* this function inserts a task into the ready queue */
  58:Generated_Source\PSoC5/ErikaOS_ee_rq_inser.c **** void EE_rq_insert(EE_TID t)
  59:Generated_Source\PSoC5/ErikaOS_ee_rq_inser.c **** {
  60:Generated_Source\PSoC5/ErikaOS_ee_rq_inser.c ****   EE_TYPEPRIO prio;
  61:Generated_Source\PSoC5/ErikaOS_ee_rq_inser.c ****   EE_TID p,q;
  62:Generated_Source\PSoC5/ErikaOS_ee_rq_inser.c **** 
  63:Generated_Source\PSoC5/ErikaOS_ee_rq_inser.c ****   p = EE_NIL;
  64:Generated_Source\PSoC5/ErikaOS_ee_rq_inser.c ****   q = EE_rq_first;
  65:Generated_Source\PSoC5/ErikaOS_ee_rq_inser.c ****   prio = EE_th_ready_prio[t];
  66:Generated_Source\PSoC5/ErikaOS_ee_rq_inser.c **** 
  67:Generated_Source\PSoC5/ErikaOS_ee_rq_inser.c ****   while ((q != EE_NIL) && (prio <= EE_th_ready_prio[q])) {
  68:Generated_Source\PSoC5/ErikaOS_ee_rq_inser.c ****     p = q;
  69:Generated_Source\PSoC5/ErikaOS_ee_rq_inser.c ****     q = EE_th_next[q];
  70:Generated_Source\PSoC5/ErikaOS_ee_rq_inser.c ****   }
  71:Generated_Source\PSoC5/ErikaOS_ee_rq_inser.c **** 
  72:Generated_Source\PSoC5/ErikaOS_ee_rq_inser.c ****   if (p != EE_NIL) {
  73:Generated_Source\PSoC5/ErikaOS_ee_rq_inser.c ****     EE_th_next[p] = t;
  74:Generated_Source\PSoC5/ErikaOS_ee_rq_inser.c ****   } else {
  75:Generated_Source\PSoC5/ErikaOS_ee_rq_inser.c ****     EE_rq_first = t;
  76:Generated_Source\PSoC5/ErikaOS_ee_rq_inser.c ****   }
  77:Generated_Source\PSoC5/ErikaOS_ee_rq_inser.c **** 
  78:Generated_Source\PSoC5/ErikaOS_ee_rq_inser.c ****   EE_th_next[t] = q;
  79:Generated_Source\PSoC5/ErikaOS_ee_rq_inser.c **** }
  80:Generated_Source\PSoC5/ErikaOS_ee_rq_inser.c **** #endif
  81:Generated_Source\PSoC5/ErikaOS_ee_rq_inser.c **** 
  82:Generated_Source\PSoC5/ErikaOS_ee_rq_inser.c **** #if (defined(__OO_BCC2__)) || (defined(__OO_ECC2__))
  83:Generated_Source\PSoC5/ErikaOS_ee_rq_inser.c **** void EE_rq_insert(EE_TID t)
  84:Generated_Source\PSoC5/ErikaOS_ee_rq_inser.c **** {
  28              		.loc 1 84 0
  29              		.cfi_startproc
  30              		@ args = 0, pretend = 0, frame = 0
ARM GAS  C:\Users\rbhar\AppData\Local\Temp\cck3fZc3.s 			page 3


  31              		@ frame_needed = 0, uses_anonymous_args = 0
  32              		@ link register save eliminated.
  33              	.LVL0:
  34 0000 30B4     		push	{r4, r5}
  35              		.cfi_def_cfa_offset 8
  36              		.cfi_offset 4, -8
  37              		.cfi_offset 5, -4
  85:Generated_Source\PSoC5/ErikaOS_ee_rq_inser.c ****   EE_TYPEPAIR temp;
  86:Generated_Source\PSoC5/ErikaOS_ee_rq_inser.c ****   EE_TYPEPRIO p;
  87:Generated_Source\PSoC5/ErikaOS_ee_rq_inser.c ****   
  88:Generated_Source\PSoC5/ErikaOS_ee_rq_inser.c ****   p = EE_rq_link[t];
  38              		.loc 1 88 0
  39 0002 144B     		ldr	r3, .L5
  40 0004 53F82020 		ldr	r2, [r3, r0, lsl #2]
  41              	.LVL1:
  89:Generated_Source\PSoC5/ErikaOS_ee_rq_inser.c **** 
  90:Generated_Source\PSoC5/ErikaOS_ee_rq_inser.c ****   /* take a free pair */
  91:Generated_Source\PSoC5/ErikaOS_ee_rq_inser.c ****   temp = EE_rq_free;
  42              		.loc 1 91 0
  43 0008 134C     		ldr	r4, .L5+4
  44 000a 2368     		ldr	r3, [r4]
  45              	.LVL2:
  92:Generated_Source\PSoC5/ErikaOS_ee_rq_inser.c ****   EE_rq_free = EE_rq_pairs_next[EE_rq_free];
  46              		.loc 1 92 0
  47 000c 1349     		ldr	r1, .L5+8
  48 000e 51F82350 		ldr	r5, [r1, r3, lsl #2]
  49 0012 2560     		str	r5, [r4]
  93:Generated_Source\PSoC5/ErikaOS_ee_rq_inser.c **** 
  94:Generated_Source\PSoC5/ErikaOS_ee_rq_inser.c ****   /* fill it with the TID */
  95:Generated_Source\PSoC5/ErikaOS_ee_rq_inser.c ****   EE_rq_pairs_tid[temp] = t;
  50              		.loc 1 95 0
  51 0014 124C     		ldr	r4, .L5+12
  52 0016 44F82300 		str	r0, [r4, r3, lsl #2]
  96:Generated_Source\PSoC5/ErikaOS_ee_rq_inser.c ****   EE_rq_pairs_next[temp] = -1;
  53              		.loc 1 96 0
  54 001a 4FF0FF34 		mov	r4, #-1
  55 001e 41F82340 		str	r4, [r1, r3, lsl #2]
  97:Generated_Source\PSoC5/ErikaOS_ee_rq_inser.c **** 
  98:Generated_Source\PSoC5/ErikaOS_ee_rq_inser.c ****   /* put it at the tail of its priority queue */
  99:Generated_Source\PSoC5/ErikaOS_ee_rq_inser.c ****   if (EE_rq_queues_tail[p] == (EE_SREG)-1) {
  56              		.loc 1 99 0
  57 0022 1049     		ldr	r1, .L5+16
  58 0024 51F82210 		ldr	r1, [r1, r2, lsl #2]
  59 0028 A142     		cmp	r1, r4
  60 002a 0AD1     		bne	.L2
 100:Generated_Source\PSoC5/ErikaOS_ee_rq_inser.c ****     /* no tasks in this priority queue */
 101:Generated_Source\PSoC5/ErikaOS_ee_rq_inser.c ****     /* set the bit field to say that a task is in the right queue */
 102:Generated_Source\PSoC5/ErikaOS_ee_rq_inser.c ****     EE_rq_bitmask |= (EE_TYPE_RQ_MASK)EE_th_ready_prio[t];
  61              		.loc 1 102 0
  62 002c 0E49     		ldr	r1, .L5+20
  63 002e 51F82040 		ldr	r4, [r1, r0, lsl #2]
  64 0032 0E48     		ldr	r0, .L5+24
  65              	.LVL3:
  66 0034 0188     		ldrh	r1, [r0]
  67 0036 2143     		orrs	r1, r1, r4
  68 0038 0180     		strh	r1, [r0]	@ movhi
 103:Generated_Source\PSoC5/ErikaOS_ee_rq_inser.c ****     EE_rq_queues_head[p] = temp;
ARM GAS  C:\Users\rbhar\AppData\Local\Temp\cck3fZc3.s 			page 4


  69              		.loc 1 103 0
  70 003a 0D49     		ldr	r1, .L5+28
  71 003c 41F82230 		str	r3, [r1, r2, lsl #2]
  72 0040 02E0     		b	.L3
  73              	.LVL4:
  74              	.L2:
 104:Generated_Source\PSoC5/ErikaOS_ee_rq_inser.c ****   } else {
 105:Generated_Source\PSoC5/ErikaOS_ee_rq_inser.c ****     EE_rq_pairs_next[EE_rq_queues_tail[p]] = temp;
  75              		.loc 1 105 0
  76 0042 0648     		ldr	r0, .L5+8
  77              	.LVL5:
  78 0044 40F82130 		str	r3, [r0, r1, lsl #2]
  79              	.L3:
 106:Generated_Source\PSoC5/ErikaOS_ee_rq_inser.c ****   }
 107:Generated_Source\PSoC5/ErikaOS_ee_rq_inser.c ****   EE_rq_queues_tail[p] = temp;
  80              		.loc 1 107 0
  81 0048 0649     		ldr	r1, .L5+16
  82 004a 41F82230 		str	r3, [r1, r2, lsl #2]
 108:Generated_Source\PSoC5/ErikaOS_ee_rq_inser.c **** }
  83              		.loc 1 108 0
  84 004e 30BC     		pop	{r4, r5}
  85              		.cfi_restore 5
  86              		.cfi_restore 4
  87              		.cfi_def_cfa_offset 0
  88 0050 7047     		bx	lr
  89              	.L6:
  90 0052 00BF     		.align	2
  91              	.L5:
  92 0054 00000000 		.word	EE_rq_link
  93 0058 00000000 		.word	EE_rq_free
  94 005c 00000000 		.word	EE_rq_pairs_next
  95 0060 00000000 		.word	EE_rq_pairs_tid
  96 0064 00000000 		.word	EE_rq_queues_tail
  97 0068 00000000 		.word	EE_th_ready_prio
  98 006c 00000000 		.word	EE_rq_bitmask
  99 0070 00000000 		.word	EE_rq_queues_head
 100              		.cfi_endproc
 101              	.LFE59:
 102              		.size	EE_rq_insert, .-EE_rq_insert
 103              		.text
 104              	.Letext0:
 105              		.file 2 "Generated_Source\\PSoC5\\ErikaOS_common_ee_types.inc"
 106              		.file 3 "Generated_Source\\PSoC5\\ErikaOS_cortex_mx_ee_cpu.inc"
 107              		.file 4 "Generated_Source\\PSoC5\\ErikaOS_ee_oo_common.inc"
 108              		.file 5 "Generated_Source\\PSoC5\\ErikaOS_common_ee_primitives.inc"
 109              		.file 6 "Generated_Source\\PSoC5\\ErikaOS_cortex_mx_ee_context.inc"
 110              		.file 7 "Generated_Source\\PSoC5\\ErikaOS_ee_oo_intfunc.inc"
 111              		.file 8 "Generated_Source\\PSoC5\\ErikaOS_ee_oo_internal.inc"
 112              		.section	.debug_info,"",%progbits
 113              	.Ldebug_info0:
 114 0000 A5020000 		.4byte	0x2a5
 115 0004 0400     		.2byte	0x4
 116 0006 00000000 		.4byte	.Ldebug_abbrev0
 117 000a 04       		.byte	0x4
 118 000b 01       		.uleb128 0x1
 119 000c E8020000 		.4byte	.LASF44
 120 0010 0C       		.byte	0xc
ARM GAS  C:\Users\rbhar\AppData\Local\Temp\cck3fZc3.s 			page 5


 121 0011 9E020000 		.4byte	.LASF45
 122 0015 41000000 		.4byte	.LASF46
 123 0019 00000000 		.4byte	.Ldebug_ranges0+0
 124 001d 00000000 		.4byte	0
 125 0021 00000000 		.4byte	.Ldebug_line0
 126 0025 02       		.uleb128 0x2
 127 0026 01       		.byte	0x1
 128 0027 06       		.byte	0x6
 129 0028 9D010000 		.4byte	.LASF0
 130 002c 02       		.uleb128 0x2
 131 002d 01       		.byte	0x1
 132 002e 08       		.byte	0x8
 133 002f 87010000 		.4byte	.LASF1
 134 0033 02       		.uleb128 0x2
 135 0034 02       		.byte	0x2
 136 0035 05       		.byte	0x5
 137 0036 9E000000 		.4byte	.LASF2
 138 003a 02       		.uleb128 0x2
 139 003b 02       		.byte	0x2
 140 003c 07       		.byte	0x7
 141 003d FB010000 		.4byte	.LASF3
 142 0041 02       		.uleb128 0x2
 143 0042 04       		.byte	0x4
 144 0043 05       		.byte	0x5
 145 0044 39010000 		.4byte	.LASF4
 146 0048 02       		.uleb128 0x2
 147 0049 04       		.byte	0x4
 148 004a 07       		.byte	0x7
 149 004b 36020000 		.4byte	.LASF5
 150 004f 02       		.uleb128 0x2
 151 0050 08       		.byte	0x8
 152 0051 05       		.byte	0x5
 153 0052 13010000 		.4byte	.LASF6
 154 0056 02       		.uleb128 0x2
 155 0057 08       		.byte	0x8
 156 0058 07       		.byte	0x7
 157 0059 A9010000 		.4byte	.LASF7
 158 005d 03       		.uleb128 0x3
 159 005e 04       		.byte	0x4
 160 005f 05       		.byte	0x5
 161 0060 696E7400 		.ascii	"int\000"
 162 0064 02       		.uleb128 0x2
 163 0065 04       		.byte	0x4
 164 0066 07       		.byte	0x7
 165 0067 C0010000 		.4byte	.LASF8
 166 006b 02       		.uleb128 0x2
 167 006c 08       		.byte	0x8
 168 006d 04       		.byte	0x4
 169 006e 7B010000 		.4byte	.LASF9
 170 0072 04       		.uleb128 0x4
 171 0073 21010000 		.4byte	.LASF10
 172 0077 02       		.byte	0x2
 173 0078 3F       		.byte	0x3f
 174 0079 25000000 		.4byte	0x25
 175 007d 04       		.uleb128 0x4
 176 007e 0E020000 		.4byte	.LASF11
 177 0082 02       		.byte	0x2
ARM GAS  C:\Users\rbhar\AppData\Local\Temp\cck3fZc3.s 			page 6


 178 0083 52       		.byte	0x52
 179 0084 3A000000 		.4byte	0x3a
 180 0088 04       		.uleb128 0x4
 181 0089 F2010000 		.4byte	.LASF12
 182 008d 02       		.byte	0x2
 183 008e 53       		.byte	0x53
 184 008f 5D000000 		.4byte	0x5d
 185 0093 04       		.uleb128 0x4
 186 0094 B9000000 		.4byte	.LASF13
 187 0098 02       		.byte	0x2
 188 0099 54       		.byte	0x54
 189 009a 64000000 		.4byte	0x64
 190 009e 04       		.uleb128 0x4
 191 009f 0E000000 		.4byte	.LASF14
 192 00a3 03       		.byte	0x3
 193 00a4 4D       		.byte	0x4d
 194 00a5 93000000 		.4byte	0x93
 195 00a9 04       		.uleb128 0x4
 196 00aa 95010000 		.4byte	.LASF15
 197 00ae 03       		.byte	0x3
 198 00af 4E       		.byte	0x4e
 199 00b0 88000000 		.4byte	0x88
 200 00b4 04       		.uleb128 0x4
 201 00b5 B1000000 		.4byte	.LASF16
 202 00b9 03       		.byte	0x3
 203 00ba 4F       		.byte	0x4f
 204 00bb 93000000 		.4byte	0x93
 205 00bf 04       		.uleb128 0x4
 206 00c0 48020000 		.4byte	.LASF17
 207 00c4 03       		.byte	0x3
 208 00c5 54       		.byte	0x54
 209 00c6 9E000000 		.4byte	0x9e
 210 00ca 04       		.uleb128 0x4
 211 00cb E6000000 		.4byte	.LASF18
 212 00cf 03       		.byte	0x3
 213 00d0 78       		.byte	0x78
 214 00d1 88000000 		.4byte	0x88
 215 00d5 05       		.uleb128 0x5
 216 00d6 29010000 		.4byte	.LASF19
 217 00da 04       		.byte	0x4
 218 00db 0801     		.2byte	0x108
 219 00dd 7D000000 		.4byte	0x7d
 220 00e1 06       		.uleb128 0x6
 221 00e2 16000000 		.4byte	.LASF47
 222 00e6 01       		.byte	0x1
 223 00e7 53       		.byte	0x53
 224 00e8 00000000 		.4byte	.LFB59
 225 00ec 74000000 		.4byte	.LFE59-.LFB59
 226 00f0 01       		.uleb128 0x1
 227 00f1 9C       		.byte	0x9c
 228 00f2 1C010000 		.4byte	0x11c
 229 00f6 07       		.uleb128 0x7
 230 00f7 7400     		.ascii	"t\000"
 231 00f9 01       		.byte	0x1
 232 00fa 53       		.byte	0x53
 233 00fb CA000000 		.4byte	0xca
 234 00ff 00000000 		.4byte	.LLST0
ARM GAS  C:\Users\rbhar\AppData\Local\Temp\cck3fZc3.s 			page 7


 235 0103 08       		.uleb128 0x8
 236 0104 99000000 		.4byte	.LASF20
 237 0108 01       		.byte	0x1
 238 0109 55       		.byte	0x55
 239 010a A9000000 		.4byte	0xa9
 240 010e 01       		.uleb128 0x1
 241 010f 53       		.byte	0x53
 242 0110 09       		.uleb128 0x9
 243 0111 7000     		.ascii	"p\000"
 244 0113 01       		.byte	0x1
 245 0114 56       		.byte	0x56
 246 0115 9E000000 		.4byte	0x9e
 247 0119 01       		.uleb128 0x1
 248 011a 52       		.byte	0x52
 249 011b 00       		.byte	0
 250 011c 0A       		.uleb128 0xa
 251 011d FE000000 		.4byte	.LASF21
 252 0121 05       		.byte	0x5
 253 0122 44       		.byte	0x44
 254 0123 9E000000 		.4byte	0x9e
 255 0127 0A       		.uleb128 0xa
 256 0128 D9010000 		.4byte	.LASF22
 257 012c 06       		.byte	0x6
 258 012d 48       		.byte	0x48
 259 012e CA000000 		.4byte	0xca
 260 0132 0B       		.uleb128 0xb
 261 0133 49010000 		.4byte	0x149
 262 0137 42010000 		.4byte	0x142
 263 013b 0C       		.uleb128 0xc
 264 013c 42010000 		.4byte	0x142
 265 0140 00       		.byte	0
 266 0141 00       		.byte	0
 267 0142 02       		.uleb128 0x2
 268 0143 04       		.byte	0x4
 269 0144 07       		.byte	0x7
 270 0145 A8000000 		.4byte	.LASF23
 271 0149 0D       		.uleb128 0xd
 272 014a 9E000000 		.4byte	0x9e
 273 014e 0A       		.uleb128 0xa
 274 014f C3000000 		.4byte	.LASF24
 275 0153 04       		.byte	0x4
 276 0154 B2       		.byte	0xb2
 277 0155 59010000 		.4byte	0x159
 278 0159 0D       		.uleb128 0xd
 279 015a 32010000 		.4byte	0x132
 280 015e 0A       		.uleb128 0xa
 281 015f 8A020000 		.4byte	.LASF25
 282 0163 04       		.byte	0x4
 283 0164 B3       		.byte	0xb3
 284 0165 69010000 		.4byte	0x169
 285 0169 0D       		.uleb128 0xd
 286 016a 32010000 		.4byte	0x132
 287 016e 0B       		.uleb128 0xb
 288 016f 9E000000 		.4byte	0x9e
 289 0173 7E010000 		.4byte	0x17e
 290 0177 0C       		.uleb128 0xc
 291 0178 42010000 		.4byte	0x142
ARM GAS  C:\Users\rbhar\AppData\Local\Temp\cck3fZc3.s 			page 8


 292 017c 00       		.byte	0
 293 017d 00       		.byte	0
 294 017e 0A       		.uleb128 0xa
 295 017f 7D020000 		.4byte	.LASF26
 296 0183 04       		.byte	0x4
 297 0184 C1       		.byte	0xc1
 298 0185 6E010000 		.4byte	0x16e
 299 0189 0B       		.uleb128 0xb
 300 018a CA000000 		.4byte	0xca
 301 018e 99010000 		.4byte	0x199
 302 0192 0C       		.uleb128 0xc
 303 0193 42010000 		.4byte	0x142
 304 0197 00       		.byte	0
 305 0198 00       		.byte	0
 306 0199 0A       		.uleb128 0xa
 307 019a CB020000 		.4byte	.LASF27
 308 019e 04       		.byte	0x4
 309 019f C9       		.byte	0xc9
 310 01a0 89010000 		.4byte	0x189
 311 01a4 0A       		.uleb128 0xa
 312 01a5 CD010000 		.4byte	.LASF28
 313 01a9 04       		.byte	0x4
 314 01aa D1       		.byte	0xd1
 315 01ab 6E010000 		.4byte	0x16e
 316 01af 0A       		.uleb128 0xa
 317 01b0 54020000 		.4byte	.LASF29
 318 01b4 04       		.byte	0x4
 319 01b5 D9       		.byte	0xd9
 320 01b6 CA000000 		.4byte	0xca
 321 01ba 0A       		.uleb128 0xa
 322 01bb 6C010000 		.4byte	.LASF30
 323 01bf 04       		.byte	0x4
 324 01c0 EE       		.byte	0xee
 325 01c1 9E000000 		.4byte	0x9e
 326 01c5 0E       		.uleb128 0xe
 327 01c6 18020000 		.4byte	.LASF31
 328 01ca 04       		.byte	0x4
 329 01cb 1801     		.2byte	0x118
 330 01cd 6E010000 		.4byte	0x16e
 331 01d1 0B       		.uleb128 0xb
 332 01d2 A9000000 		.4byte	0xa9
 333 01d6 E1010000 		.4byte	0x1e1
 334 01da 0C       		.uleb128 0xc
 335 01db 42010000 		.4byte	0x142
 336 01df 0F       		.byte	0xf
 337 01e0 00       		.byte	0
 338 01e1 0E       		.uleb128 0xe
 339 01e2 D4000000 		.4byte	.LASF32
 340 01e6 04       		.byte	0x4
 341 01e7 1C01     		.2byte	0x11c
 342 01e9 D1010000 		.4byte	0x1d1
 343 01ed 0E       		.uleb128 0xe
 344 01ee D6020000 		.4byte	.LASF33
 345 01f2 04       		.byte	0x4
 346 01f3 1D01     		.2byte	0x11d
 347 01f5 D1010000 		.4byte	0x1d1
 348 01f9 0B       		.uleb128 0xb
ARM GAS  C:\Users\rbhar\AppData\Local\Temp\cck3fZc3.s 			page 9


 349 01fa A9000000 		.4byte	0xa9
 350 01fe 09020000 		.4byte	0x209
 351 0202 0C       		.uleb128 0xc
 352 0203 42010000 		.4byte	0x142
 353 0207 00       		.byte	0
 354 0208 00       		.byte	0
 355 0209 0E       		.uleb128 0xe
 356 020a 5B010000 		.4byte	.LASF34
 357 020e 04       		.byte	0x4
 358 020f 2301     		.2byte	0x123
 359 0211 F9010000 		.4byte	0x1f9
 360 0215 0E       		.uleb128 0xe
 361 0216 60020000 		.4byte	.LASF35
 362 021a 04       		.byte	0x4
 363 021b 3301     		.2byte	0x133
 364 021d 89010000 		.4byte	0x189
 365 0221 0E       		.uleb128 0xe
 366 0222 00000000 		.4byte	.LASF36
 367 0226 04       		.byte	0x4
 368 0227 3601     		.2byte	0x136
 369 0229 D5000000 		.4byte	0xd5
 370 022d 0E       		.uleb128 0xe
 371 022e 23000000 		.4byte	.LASF37
 372 0232 04       		.byte	0x4
 373 0233 3801     		.2byte	0x138
 374 0235 A9000000 		.4byte	0xa9
 375 0239 0E       		.uleb128 0xe
 376 023a 2E000000 		.4byte	.LASF38
 377 023e 04       		.byte	0x4
 378 023f 5301     		.2byte	0x153
 379 0241 6E010000 		.4byte	0x16e
 380 0245 0B       		.uleb128 0xb
 381 0246 BF000000 		.4byte	0xbf
 382 024a 55020000 		.4byte	0x255
 383 024e 0C       		.uleb128 0xc
 384 024f 42010000 		.4byte	0x142
 385 0253 00       		.byte	0
 386 0254 00       		.byte	0
 387 0255 0E       		.uleb128 0xe
 388 0256 ED000000 		.4byte	.LASF39
 389 025a 04       		.byte	0x4
 390 025b 5E01     		.2byte	0x15e
 391 025d 45020000 		.4byte	0x245
 392 0261 0A       		.uleb128 0xa
 393 0262 76030000 		.4byte	.LASF40
 394 0266 07       		.byte	0x7
 395 0267 40       		.byte	0x40
 396 0268 9E000000 		.4byte	0x9e
 397 026c 0A       		.uleb128 0xa
 398 026d 42010000 		.4byte	.LASF41
 399 0271 07       		.byte	0x7
 400 0272 47       		.byte	0x47
 401 0273 B4000000 		.4byte	0xb4
 402 0277 0A       		.uleb128 0xa
 403 0278 23020000 		.4byte	.LASF42
 404 027c 07       		.byte	0x7
 405 027d 4A       		.byte	0x4a
ARM GAS  C:\Users\rbhar\AppData\Local\Temp\cck3fZc3.s 			page 10


 406 027e 9E000000 		.4byte	0x9e
 407 0282 0B       		.uleb128 0xb
 408 0283 92020000 		.4byte	0x292
 409 0287 92020000 		.4byte	0x292
 410 028b 0C       		.uleb128 0xc
 411 028c 42010000 		.4byte	0x142
 412 0290 FF       		.byte	0xff
 413 0291 00       		.byte	0
 414 0292 0D       		.uleb128 0xd
 415 0293 72000000 		.4byte	0x72
 416 0297 0E       		.uleb128 0xe
 417 0298 70020000 		.4byte	.LASF43
 418 029c 08       		.byte	0x8
 419 029d AB01     		.2byte	0x1ab
 420 029f A3020000 		.4byte	0x2a3
 421 02a3 0D       		.uleb128 0xd
 422 02a4 82020000 		.4byte	0x282
 423 02a8 00       		.byte	0
 424              		.section	.debug_abbrev,"",%progbits
 425              	.Ldebug_abbrev0:
 426 0000 01       		.uleb128 0x1
 427 0001 11       		.uleb128 0x11
 428 0002 01       		.byte	0x1
 429 0003 25       		.uleb128 0x25
 430 0004 0E       		.uleb128 0xe
 431 0005 13       		.uleb128 0x13
 432 0006 0B       		.uleb128 0xb
 433 0007 03       		.uleb128 0x3
 434 0008 0E       		.uleb128 0xe
 435 0009 1B       		.uleb128 0x1b
 436 000a 0E       		.uleb128 0xe
 437 000b 55       		.uleb128 0x55
 438 000c 17       		.uleb128 0x17
 439 000d 11       		.uleb128 0x11
 440 000e 01       		.uleb128 0x1
 441 000f 10       		.uleb128 0x10
 442 0010 17       		.uleb128 0x17
 443 0011 00       		.byte	0
 444 0012 00       		.byte	0
 445 0013 02       		.uleb128 0x2
 446 0014 24       		.uleb128 0x24
 447 0015 00       		.byte	0
 448 0016 0B       		.uleb128 0xb
 449 0017 0B       		.uleb128 0xb
 450 0018 3E       		.uleb128 0x3e
 451 0019 0B       		.uleb128 0xb
 452 001a 03       		.uleb128 0x3
 453 001b 0E       		.uleb128 0xe
 454 001c 00       		.byte	0
 455 001d 00       		.byte	0
 456 001e 03       		.uleb128 0x3
 457 001f 24       		.uleb128 0x24
 458 0020 00       		.byte	0
 459 0021 0B       		.uleb128 0xb
 460 0022 0B       		.uleb128 0xb
 461 0023 3E       		.uleb128 0x3e
 462 0024 0B       		.uleb128 0xb
ARM GAS  C:\Users\rbhar\AppData\Local\Temp\cck3fZc3.s 			page 11


 463 0025 03       		.uleb128 0x3
 464 0026 08       		.uleb128 0x8
 465 0027 00       		.byte	0
 466 0028 00       		.byte	0
 467 0029 04       		.uleb128 0x4
 468 002a 16       		.uleb128 0x16
 469 002b 00       		.byte	0
 470 002c 03       		.uleb128 0x3
 471 002d 0E       		.uleb128 0xe
 472 002e 3A       		.uleb128 0x3a
 473 002f 0B       		.uleb128 0xb
 474 0030 3B       		.uleb128 0x3b
 475 0031 0B       		.uleb128 0xb
 476 0032 49       		.uleb128 0x49
 477 0033 13       		.uleb128 0x13
 478 0034 00       		.byte	0
 479 0035 00       		.byte	0
 480 0036 05       		.uleb128 0x5
 481 0037 16       		.uleb128 0x16
 482 0038 00       		.byte	0
 483 0039 03       		.uleb128 0x3
 484 003a 0E       		.uleb128 0xe
 485 003b 3A       		.uleb128 0x3a
 486 003c 0B       		.uleb128 0xb
 487 003d 3B       		.uleb128 0x3b
 488 003e 05       		.uleb128 0x5
 489 003f 49       		.uleb128 0x49
 490 0040 13       		.uleb128 0x13
 491 0041 00       		.byte	0
 492 0042 00       		.byte	0
 493 0043 06       		.uleb128 0x6
 494 0044 2E       		.uleb128 0x2e
 495 0045 01       		.byte	0x1
 496 0046 3F       		.uleb128 0x3f
 497 0047 19       		.uleb128 0x19
 498 0048 03       		.uleb128 0x3
 499 0049 0E       		.uleb128 0xe
 500 004a 3A       		.uleb128 0x3a
 501 004b 0B       		.uleb128 0xb
 502 004c 3B       		.uleb128 0x3b
 503 004d 0B       		.uleb128 0xb
 504 004e 27       		.uleb128 0x27
 505 004f 19       		.uleb128 0x19
 506 0050 11       		.uleb128 0x11
 507 0051 01       		.uleb128 0x1
 508 0052 12       		.uleb128 0x12
 509 0053 06       		.uleb128 0x6
 510 0054 40       		.uleb128 0x40
 511 0055 18       		.uleb128 0x18
 512 0056 9742     		.uleb128 0x2117
 513 0058 19       		.uleb128 0x19
 514 0059 01       		.uleb128 0x1
 515 005a 13       		.uleb128 0x13
 516 005b 00       		.byte	0
 517 005c 00       		.byte	0
 518 005d 07       		.uleb128 0x7
 519 005e 05       		.uleb128 0x5
ARM GAS  C:\Users\rbhar\AppData\Local\Temp\cck3fZc3.s 			page 12


 520 005f 00       		.byte	0
 521 0060 03       		.uleb128 0x3
 522 0061 08       		.uleb128 0x8
 523 0062 3A       		.uleb128 0x3a
 524 0063 0B       		.uleb128 0xb
 525 0064 3B       		.uleb128 0x3b
 526 0065 0B       		.uleb128 0xb
 527 0066 49       		.uleb128 0x49
 528 0067 13       		.uleb128 0x13
 529 0068 02       		.uleb128 0x2
 530 0069 17       		.uleb128 0x17
 531 006a 00       		.byte	0
 532 006b 00       		.byte	0
 533 006c 08       		.uleb128 0x8
 534 006d 34       		.uleb128 0x34
 535 006e 00       		.byte	0
 536 006f 03       		.uleb128 0x3
 537 0070 0E       		.uleb128 0xe
 538 0071 3A       		.uleb128 0x3a
 539 0072 0B       		.uleb128 0xb
 540 0073 3B       		.uleb128 0x3b
 541 0074 0B       		.uleb128 0xb
 542 0075 49       		.uleb128 0x49
 543 0076 13       		.uleb128 0x13
 544 0077 02       		.uleb128 0x2
 545 0078 18       		.uleb128 0x18
 546 0079 00       		.byte	0
 547 007a 00       		.byte	0
 548 007b 09       		.uleb128 0x9
 549 007c 34       		.uleb128 0x34
 550 007d 00       		.byte	0
 551 007e 03       		.uleb128 0x3
 552 007f 08       		.uleb128 0x8
 553 0080 3A       		.uleb128 0x3a
 554 0081 0B       		.uleb128 0xb
 555 0082 3B       		.uleb128 0x3b
 556 0083 0B       		.uleb128 0xb
 557 0084 49       		.uleb128 0x49
 558 0085 13       		.uleb128 0x13
 559 0086 02       		.uleb128 0x2
 560 0087 18       		.uleb128 0x18
 561 0088 00       		.byte	0
 562 0089 00       		.byte	0
 563 008a 0A       		.uleb128 0xa
 564 008b 34       		.uleb128 0x34
 565 008c 00       		.byte	0
 566 008d 03       		.uleb128 0x3
 567 008e 0E       		.uleb128 0xe
 568 008f 3A       		.uleb128 0x3a
 569 0090 0B       		.uleb128 0xb
 570 0091 3B       		.uleb128 0x3b
 571 0092 0B       		.uleb128 0xb
 572 0093 49       		.uleb128 0x49
 573 0094 13       		.uleb128 0x13
 574 0095 3F       		.uleb128 0x3f
 575 0096 19       		.uleb128 0x19
 576 0097 3C       		.uleb128 0x3c
ARM GAS  C:\Users\rbhar\AppData\Local\Temp\cck3fZc3.s 			page 13


 577 0098 19       		.uleb128 0x19
 578 0099 00       		.byte	0
 579 009a 00       		.byte	0
 580 009b 0B       		.uleb128 0xb
 581 009c 01       		.uleb128 0x1
 582 009d 01       		.byte	0x1
 583 009e 49       		.uleb128 0x49
 584 009f 13       		.uleb128 0x13
 585 00a0 01       		.uleb128 0x1
 586 00a1 13       		.uleb128 0x13
 587 00a2 00       		.byte	0
 588 00a3 00       		.byte	0
 589 00a4 0C       		.uleb128 0xc
 590 00a5 21       		.uleb128 0x21
 591 00a6 00       		.byte	0
 592 00a7 49       		.uleb128 0x49
 593 00a8 13       		.uleb128 0x13
 594 00a9 2F       		.uleb128 0x2f
 595 00aa 0B       		.uleb128 0xb
 596 00ab 00       		.byte	0
 597 00ac 00       		.byte	0
 598 00ad 0D       		.uleb128 0xd
 599 00ae 26       		.uleb128 0x26
 600 00af 00       		.byte	0
 601 00b0 49       		.uleb128 0x49
 602 00b1 13       		.uleb128 0x13
 603 00b2 00       		.byte	0
 604 00b3 00       		.byte	0
 605 00b4 0E       		.uleb128 0xe
 606 00b5 34       		.uleb128 0x34
 607 00b6 00       		.byte	0
 608 00b7 03       		.uleb128 0x3
 609 00b8 0E       		.uleb128 0xe
 610 00b9 3A       		.uleb128 0x3a
 611 00ba 0B       		.uleb128 0xb
 612 00bb 3B       		.uleb128 0x3b
 613 00bc 05       		.uleb128 0x5
 614 00bd 49       		.uleb128 0x49
 615 00be 13       		.uleb128 0x13
 616 00bf 3F       		.uleb128 0x3f
 617 00c0 19       		.uleb128 0x19
 618 00c1 3C       		.uleb128 0x3c
 619 00c2 19       		.uleb128 0x19
 620 00c3 00       		.byte	0
 621 00c4 00       		.byte	0
 622 00c5 00       		.byte	0
 623              		.section	.debug_loc,"",%progbits
 624              	.Ldebug_loc0:
 625              	.LLST0:
 626 0000 00000000 		.4byte	.LVL0
 627 0004 34000000 		.4byte	.LVL3
 628 0008 0100     		.2byte	0x1
 629 000a 50       		.byte	0x50
 630 000b 42000000 		.4byte	.LVL4
 631 000f 44000000 		.4byte	.LVL5
 632 0013 0100     		.2byte	0x1
 633 0015 50       		.byte	0x50
ARM GAS  C:\Users\rbhar\AppData\Local\Temp\cck3fZc3.s 			page 14


 634 0016 00000000 		.4byte	0
 635 001a 00000000 		.4byte	0
 636              		.section	.debug_aranges,"",%progbits
 637 0000 1C000000 		.4byte	0x1c
 638 0004 0200     		.2byte	0x2
 639 0006 00000000 		.4byte	.Ldebug_info0
 640 000a 04       		.byte	0x4
 641 000b 00       		.byte	0
 642 000c 0000     		.2byte	0
 643 000e 0000     		.2byte	0
 644 0010 00000000 		.4byte	.LFB59
 645 0014 74000000 		.4byte	.LFE59-.LFB59
 646 0018 00000000 		.4byte	0
 647 001c 00000000 		.4byte	0
 648              		.section	.debug_ranges,"",%progbits
 649              	.Ldebug_ranges0:
 650 0000 00000000 		.4byte	.LFB59
 651 0004 74000000 		.4byte	.LFE59
 652 0008 00000000 		.4byte	0
 653 000c 00000000 		.4byte	0
 654              		.section	.debug_line,"",%progbits
 655              	.Ldebug_line0:
 656 0000 42010000 		.section	.debug_str,"MS",%progbits,1
 656      02002101 
 656      00000201 
 656      FB0E0D00 
 656      01010101 
 657              	.LASF36:
 658 0000 45455F72 		.ascii	"EE_rq_bitmask\000"
 658      715F6269 
 658      746D6173 
 658      6B00
 659              	.LASF14:
 660 000e 45455F55 		.ascii	"EE_UREG\000"
 660      52454700 
 661              	.LASF47:
 662 0016 45455F72 		.ascii	"EE_rq_insert\000"
 662      715F696E 
 662      73657274 
 662      00
 663              	.LASF37:
 664 0023 45455F72 		.ascii	"EE_rq_free\000"
 664      715F6672 
 664      656500
 665              	.LASF38:
 666 002e 45455F74 		.ascii	"EE_th_event_active\000"
 666      685F6576 
 666      656E745F 
 666      61637469 
 666      766500
 667              	.LASF46:
 668 0041 443A5C48 		.ascii	"D:\\HDA\\1_sem\\Embedded System Design\\Lab\\Assign"
 668      44415C31 
 668      5F73656D 
 668      5C456D62 
 668      65646465 
 669 006f 6D656E74 		.ascii	"ment_1\\ReactionGame_OS\\ReactionGame.cydsn\000"
ARM GAS  C:\Users\rbhar\AppData\Local\Temp\cck3fZc3.s 			page 15


 669      5F315C52 
 669      65616374 
 669      696F6E47 
 669      616D655F 
 670              	.LASF20:
 671 0099 74656D70 		.ascii	"temp\000"
 671      00
 672              	.LASF2:
 673 009e 73686F72 		.ascii	"short int\000"
 673      7420696E 
 673      7400
 674              	.LASF23:
 675 00a8 73697A65 		.ascii	"sizetype\000"
 675      74797065 
 675      00
 676              	.LASF16:
 677 00b1 45455F46 		.ascii	"EE_FREG\000"
 677      52454700 
 678              	.LASF13:
 679 00b9 45455F55 		.ascii	"EE_UINT32\000"
 679      494E5433 
 679      3200
 680              	.LASF24:
 681 00c3 45455F74 		.ascii	"EE_th_ready_prio\000"
 681      685F7265 
 681      6164795F 
 681      7072696F 
 681      00
 682              	.LASF32:
 683 00d4 45455F72 		.ascii	"EE_rq_queues_head\000"
 683      715F7175 
 683      65756573 
 683      5F686561 
 683      6400
 684              	.LASF18:
 685 00e6 45455F54 		.ascii	"EE_TID\000"
 685      494400
 686              	.LASF39:
 687 00ed 45455F74 		.ascii	"EE_th_waswaiting\000"
 687      685F7761 
 687      73776169 
 687      74696E67 
 687      00
 688              	.LASF21:
 689 00fe 45455F49 		.ascii	"EE_IRQ_nesting_level\000"
 689      52515F6E 
 689      65737469 
 689      6E675F6C 
 689      6576656C 
 690              	.LASF6:
 691 0113 6C6F6E67 		.ascii	"long long int\000"
 691      206C6F6E 
 691      6720696E 
 691      7400
 692              	.LASF10:
 693 0121 45455F49 		.ascii	"EE_INT8\000"
 693      4E543800 
ARM GAS  C:\Users\rbhar\AppData\Local\Temp\cck3fZc3.s 			page 16


 694              	.LASF19:
 695 0129 45455F54 		.ascii	"EE_TYPE_RQ_MASK\000"
 695      5950455F 
 695      52515F4D 
 695      41534B00 
 696              	.LASF4:
 697 0139 6C6F6E67 		.ascii	"long int\000"
 697      20696E74 
 697      00
 698              	.LASF41:
 699 0142 45455F6F 		.ascii	"EE_oo_IRQ_suspend_status\000"
 699      6F5F4952 
 699      515F7375 
 699      7370656E 
 699      645F7374 
 700              	.LASF34:
 701 015b 45455F72 		.ascii	"EE_rq_pairs_next\000"
 701      715F7061 
 701      6972735F 
 701      6E657874 
 701      00
 702              	.LASF30:
 703 016c 45455F73 		.ascii	"EE_sys_ceiling\000"
 703      79735F63 
 703      65696C69 
 703      6E6700
 704              	.LASF9:
 705 017b 6C6F6E67 		.ascii	"long double\000"
 705      20646F75 
 705      626C6500 
 706              	.LASF1:
 707 0187 756E7369 		.ascii	"unsigned char\000"
 707      676E6564 
 707      20636861 
 707      7200
 708              	.LASF15:
 709 0195 45455F53 		.ascii	"EE_SREG\000"
 709      52454700 
 710              	.LASF0:
 711 019d 7369676E 		.ascii	"signed char\000"
 711      65642063 
 711      68617200 
 712              	.LASF7:
 713 01a9 6C6F6E67 		.ascii	"long long unsigned int\000"
 713      206C6F6E 
 713      6720756E 
 713      7369676E 
 713      65642069 
 714              	.LASF8:
 715 01c0 756E7369 		.ascii	"unsigned int\000"
 715      676E6564 
 715      20696E74 
 715      00
 716              	.LASF28:
 717 01cd 45455F74 		.ascii	"EE_th_rnact\000"
 717      685F726E 
 717      61637400 
ARM GAS  C:\Users\rbhar\AppData\Local\Temp\cck3fZc3.s 			page 17


 718              	.LASF22:
 719 01d9 45455F73 		.ascii	"EE_std_endcycle_next_tid\000"
 719      74645F65 
 719      6E646379 
 719      636C655F 
 719      6E657874 
 720              	.LASF12:
 721 01f2 45455F49 		.ascii	"EE_INT32\000"
 721      4E543332 
 721      00
 722              	.LASF3:
 723 01fb 73686F72 		.ascii	"short unsigned int\000"
 723      7420756E 
 723      7369676E 
 723      65642069 
 723      6E7400
 724              	.LASF11:
 725 020e 45455F55 		.ascii	"EE_UINT16\000"
 725      494E5431 
 725      3600
 726              	.LASF31:
 727 0218 45455F72 		.ascii	"EE_rq_link\000"
 727      715F6C69 
 727      6E6B00
 728              	.LASF42:
 729 0223 45455F41 		.ascii	"EE_ApplicationMode\000"
 729      70706C69 
 729      63617469 
 729      6F6E4D6F 
 729      646500
 730              	.LASF5:
 731 0236 6C6F6E67 		.ascii	"long unsigned int\000"
 731      20756E73 
 731      69676E65 
 731      6420696E 
 731      7400
 732              	.LASF17:
 733 0248 45455F54 		.ascii	"EE_TYPEBOOL\000"
 733      59504542 
 733      4F4F4C00 
 734              	.LASF29:
 735 0254 45455F73 		.ascii	"EE_stkfirst\000"
 735      746B6669 
 735      72737400 
 736              	.LASF35:
 737 0260 45455F72 		.ascii	"EE_rq_pairs_tid\000"
 737      715F7061 
 737      6972735F 
 737      74696400 
 738              	.LASF43:
 739 0270 45455F72 		.ascii	"EE_rq_lookup\000"
 739      715F6C6F 
 739      6F6B7570 
 739      00
 740              	.LASF26:
 741 027d 45455F74 		.ascii	"EE_th_status\000"
 741      685F7374 
ARM GAS  C:\Users\rbhar\AppData\Local\Temp\cck3fZc3.s 			page 18


 741      61747573 
 741      00
 742              	.LASF25:
 743 028a 45455F74 		.ascii	"EE_th_dispatch_prio\000"
 743      685F6469 
 743      73706174 
 743      63685F70 
 743      72696F00 
 744              	.LASF45:
 745 029e 47656E65 		.ascii	"Generated_Source\\PSoC5\\ErikaOS_ee_rq_inser.c\000"
 745      72617465 
 745      645F536F 
 745      75726365 
 745      5C50536F 
 746              	.LASF27:
 747 02cb 45455F74 		.ascii	"EE_th_next\000"
 747      685F6E65 
 747      787400
 748              	.LASF33:
 749 02d6 45455F72 		.ascii	"EE_rq_queues_tail\000"
 749      715F7175 
 749      65756573 
 749      5F746169 
 749      6C00
 750              	.LASF44:
 751 02e8 474E5520 		.ascii	"GNU C11 5.4.1 20160609 (release) [ARM/embedded-5-br"
 751      43313120 
 751      352E342E 
 751      31203230 
 751      31363036 
 752 031b 616E6368 		.ascii	"anch revision 237715] -mcpu=cortex-m3 -mthumb -g -O"
 752      20726576 
 752      6973696F 
 752      6E203233 
 752      37373135 
 753 034e 67202D66 		.ascii	"g -ffunction-sections -ffat-lto-objects\000"
 753      66756E63 
 753      74696F6E 
 753      2D736563 
 753      74696F6E 
 754              	.LASF40:
 755 0376 45455F6F 		.ascii	"EE_oo_IRQ_disable_count\000"
 755      6F5F4952 
 755      515F6469 
 755      7361626C 
 755      655F636F 
 756              		.ident	"GCC: (GNU Tools for ARM Embedded Processors) 5.4.1 20160609 (release) [ARM/embedded-5-bran
