ARM GAS  C:\Users\rbhar\AppData\Local\Temp\ccsKGvWH.s 			page 1


   1              		.syntax unified
   2              		.cpu cortex-m3
   3              		.fpu softvfp
   4              		.eabi_attribute 20, 1
   5              		.eabi_attribute 21, 1
   6              		.eabi_attribute 23, 3
   7              		.eabi_attribute 24, 1
   8              		.eabi_attribute 25, 1
   9              		.eabi_attribute 26, 1
  10              		.eabi_attribute 30, 1
  11              		.eabi_attribute 34, 1
  12              		.eabi_attribute 18, 4
  13              		.thumb
  14              		.syntax unified
  15              		.file	"ErikaOS_common_ee_hal_structs.c"
  16              		.text
  17              	.Ltext0:
  18              		.cfi_sections	.debug_frame
  19              		.comm	EE_std_endcycle_next_tid,4,4
  20              		.comm	EE_IRQ_nesting_level,4,4
  21              	.Letext0:
  22              		.file 1 "Generated_Source\\PSoC5\\ErikaOS_common_ee_types.inc"
  23              		.file 2 "Generated_Source\\PSoC5\\ErikaOS_cortex_mx_ee_cpu.inc"
  24              		.file 3 "Generated_Source\\PSoC5\\ErikaOS_ee_oo_common.inc"
  25              		.file 4 "Generated_Source\\PSoC5\\ErikaOS_common_ee_hal_structs.c"
  26              		.file 5 "Generated_Source\\PSoC5\\ErikaOS_ee_oo_intfunc.inc"
  27              		.file 6 "Generated_Source\\PSoC5\\ErikaOS_ee_oo_internal.inc"
  28              		.section	.debug_info,"",%progbits
  29              	.Ldebug_info0:
  30 0000 FB010000 		.4byte	0x1fb
  31 0004 0400     		.2byte	0x4
  32 0006 00000000 		.4byte	.Ldebug_abbrev0
  33 000a 04       		.byte	0x4
  34 000b 01       		.uleb128 0x1
  35 000c 7D020000 		.4byte	.LASF36
  36 0010 0C       		.byte	0xc
  37 0011 C6010000 		.4byte	.LASF37
  38 0015 29000000 		.4byte	.LASF38
  39 0019 00000000 		.4byte	.Ldebug_line0
  40 001d 02       		.uleb128 0x2
  41 001e 01       		.byte	0x1
  42 001f 06       		.byte	0x6
  43 0020 55010000 		.4byte	.LASF0
  44 0024 02       		.uleb128 0x2
  45 0025 01       		.byte	0x1
  46 0026 08       		.byte	0x8
  47 0027 47010000 		.4byte	.LASF1
  48 002b 02       		.uleb128 0x2
  49 002c 02       		.byte	0x2
  50 002d 05       		.byte	0x5
  51 002e 92000000 		.4byte	.LASF2
  52 0032 02       		.uleb128 0x2
  53 0033 02       		.byte	0x2
  54 0034 07       		.byte	0x7
  55 0035 B3010000 		.4byte	.LASF3
  56 0039 02       		.uleb128 0x2
  57 003a 04       		.byte	0x4
ARM GAS  C:\Users\rbhar\AppData\Local\Temp\ccsKGvWH.s 			page 2


  58 003b 05       		.byte	0x5
  59 003c 0A010000 		.4byte	.LASF4
  60 0040 02       		.uleb128 0x2
  61 0041 04       		.byte	0x4
  62 0042 07       		.byte	0x7
  63 0043 1A020000 		.4byte	.LASF5
  64 0047 02       		.uleb128 0x2
  65 0048 08       		.byte	0x8
  66 0049 05       		.byte	0x5
  67 004a E4000000 		.4byte	.LASF6
  68 004e 02       		.uleb128 0x2
  69 004f 08       		.byte	0x8
  70 0050 07       		.byte	0x7
  71 0051 61010000 		.4byte	.LASF7
  72 0055 03       		.uleb128 0x3
  73 0056 04       		.byte	0x4
  74 0057 05       		.byte	0x5
  75 0058 696E7400 		.ascii	"int\000"
  76 005c 02       		.uleb128 0x2
  77 005d 04       		.byte	0x4
  78 005e 07       		.byte	0x7
  79 005f 78010000 		.4byte	.LASF8
  80 0063 02       		.uleb128 0x2
  81 0064 08       		.byte	0x8
  82 0065 04       		.byte	0x4
  83 0066 3B010000 		.4byte	.LASF9
  84 006a 04       		.uleb128 0x4
  85 006b F2000000 		.4byte	.LASF10
  86 006f 01       		.byte	0x1
  87 0070 3F       		.byte	0x3f
  88 0071 1D000000 		.4byte	0x1d
  89 0075 04       		.uleb128 0x4
  90 0076 FD010000 		.4byte	.LASF11
  91 007a 01       		.byte	0x1
  92 007b 52       		.byte	0x52
  93 007c 32000000 		.4byte	0x32
  94 0080 04       		.uleb128 0x4
  95 0081 AA010000 		.4byte	.LASF12
  96 0085 01       		.byte	0x1
  97 0086 53       		.byte	0x53
  98 0087 55000000 		.4byte	0x55
  99 008b 04       		.uleb128 0x4
 100 008c AD000000 		.4byte	.LASF13
 101 0090 01       		.byte	0x1
 102 0091 54       		.byte	0x54
 103 0092 5C000000 		.4byte	0x5c
 104 0096 04       		.uleb128 0x4
 105 0097 0E000000 		.4byte	.LASF14
 106 009b 02       		.byte	0x2
 107 009c 4D       		.byte	0x4d
 108 009d 8B000000 		.4byte	0x8b
 109 00a1 04       		.uleb128 0x4
 110 00a2 A5000000 		.4byte	.LASF15
 111 00a6 02       		.byte	0x2
 112 00a7 4F       		.byte	0x4f
 113 00a8 8B000000 		.4byte	0x8b
 114 00ac 04       		.uleb128 0x4
ARM GAS  C:\Users\rbhar\AppData\Local\Temp\ccsKGvWH.s 			page 3


 115 00ad 2C020000 		.4byte	.LASF16
 116 00b1 02       		.byte	0x2
 117 00b2 54       		.byte	0x54
 118 00b3 96000000 		.4byte	0x96
 119 00b7 04       		.uleb128 0x4
 120 00b8 C8000000 		.4byte	.LASF17
 121 00bc 02       		.byte	0x2
 122 00bd 78       		.byte	0x78
 123 00be 80000000 		.4byte	0x80
 124 00c2 05       		.uleb128 0x5
 125 00c3 FA000000 		.4byte	.LASF18
 126 00c7 03       		.byte	0x3
 127 00c8 0801     		.2byte	0x108
 128 00ca 75000000 		.4byte	0x75
 129 00ce 06       		.uleb128 0x6
 130 00cf CF000000 		.4byte	.LASF19
 131 00d3 04       		.byte	0x4
 132 00d4 3A       		.byte	0x3a
 133 00d5 96000000 		.4byte	0x96
 134 00d9 05       		.uleb128 0x5
 135 00da 03       		.byte	0x3
 136 00db 00000000 		.4byte	EE_IRQ_nesting_level
 137 00df 06       		.uleb128 0x6
 138 00e0 91010000 		.4byte	.LASF20
 139 00e4 04       		.byte	0x4
 140 00e5 3F       		.byte	0x3f
 141 00e6 B7000000 		.4byte	0xb7
 142 00ea 05       		.uleb128 0x5
 143 00eb 03       		.byte	0x3
 144 00ec 00000000 		.4byte	EE_std_endcycle_next_tid
 145 00f0 07       		.uleb128 0x7
 146 00f1 07010000 		.4byte	0x107
 147 00f5 00010000 		.4byte	0x100
 148 00f9 08       		.uleb128 0x8
 149 00fa 00010000 		.4byte	0x100
 150 00fe 00       		.byte	0
 151 00ff 00       		.byte	0
 152 0100 02       		.uleb128 0x2
 153 0101 04       		.byte	0x4
 154 0102 07       		.byte	0x7
 155 0103 9C000000 		.4byte	.LASF21
 156 0107 09       		.uleb128 0x9
 157 0108 96000000 		.4byte	0x96
 158 010c 0A       		.uleb128 0xa
 159 010d B7000000 		.4byte	.LASF22
 160 0111 03       		.byte	0x3
 161 0112 B2       		.byte	0xb2
 162 0113 17010000 		.4byte	0x117
 163 0117 09       		.uleb128 0x9
 164 0118 F0000000 		.4byte	0xf0
 165 011c 0A       		.uleb128 0xa
 166 011d 5E020000 		.4byte	.LASF23
 167 0121 03       		.byte	0x3
 168 0122 B3       		.byte	0xb3
 169 0123 27010000 		.4byte	0x127
 170 0127 09       		.uleb128 0x9
 171 0128 F0000000 		.4byte	0xf0
ARM GAS  C:\Users\rbhar\AppData\Local\Temp\ccsKGvWH.s 			page 4


 172 012c 07       		.uleb128 0x7
 173 012d 96000000 		.4byte	0x96
 174 0131 3C010000 		.4byte	0x13c
 175 0135 08       		.uleb128 0x8
 176 0136 00010000 		.4byte	0x100
 177 013a 00       		.byte	0
 178 013b 00       		.byte	0
 179 013c 0A       		.uleb128 0xa
 180 013d 51020000 		.4byte	.LASF24
 181 0141 03       		.byte	0x3
 182 0142 C1       		.byte	0xc1
 183 0143 2C010000 		.4byte	0x12c
 184 0147 07       		.uleb128 0x7
 185 0148 B7000000 		.4byte	0xb7
 186 014c 57010000 		.4byte	0x157
 187 0150 08       		.uleb128 0x8
 188 0151 00010000 		.4byte	0x100
 189 0155 00       		.byte	0
 190 0156 00       		.byte	0
 191 0157 0A       		.uleb128 0xa
 192 0158 72020000 		.4byte	.LASF25
 193 015c 03       		.byte	0x3
 194 015d C9       		.byte	0xc9
 195 015e 47010000 		.4byte	0x147
 196 0162 0A       		.uleb128 0xa
 197 0163 85010000 		.4byte	.LASF26
 198 0167 03       		.byte	0x3
 199 0168 D1       		.byte	0xd1
 200 0169 2C010000 		.4byte	0x12c
 201 016d 0A       		.uleb128 0xa
 202 016e 38020000 		.4byte	.LASF27
 203 0172 03       		.byte	0x3
 204 0173 D9       		.byte	0xd9
 205 0174 B7000000 		.4byte	0xb7
 206 0178 0A       		.uleb128 0xa
 207 0179 2C010000 		.4byte	.LASF28
 208 017d 03       		.byte	0x3
 209 017e EE       		.byte	0xee
 210 017f 96000000 		.4byte	0x96
 211 0183 0B       		.uleb128 0xb
 212 0184 00000000 		.4byte	.LASF29
 213 0188 03       		.byte	0x3
 214 0189 3601     		.2byte	0x136
 215 018b C2000000 		.4byte	0xc2
 216 018f 0B       		.uleb128 0xb
 217 0190 16000000 		.4byte	.LASF30
 218 0194 03       		.byte	0x3
 219 0195 5301     		.2byte	0x153
 220 0197 2C010000 		.4byte	0x12c
 221 019b 07       		.uleb128 0x7
 222 019c AC000000 		.4byte	0xac
 223 01a0 AB010000 		.4byte	0x1ab
 224 01a4 08       		.uleb128 0x8
 225 01a5 00010000 		.4byte	0x100
 226 01a9 00       		.byte	0
 227 01aa 00       		.byte	0
 228 01ab 0B       		.uleb128 0xb
ARM GAS  C:\Users\rbhar\AppData\Local\Temp\ccsKGvWH.s 			page 5


 229 01ac 81000000 		.4byte	.LASF31
 230 01b0 03       		.byte	0x3
 231 01b1 5E01     		.2byte	0x15e
 232 01b3 9B010000 		.4byte	0x19b
 233 01b7 0A       		.uleb128 0xa
 234 01b8 0B030000 		.4byte	.LASF32
 235 01bc 05       		.byte	0x5
 236 01bd 40       		.byte	0x40
 237 01be 96000000 		.4byte	0x96
 238 01c2 0A       		.uleb128 0xa
 239 01c3 13010000 		.4byte	.LASF33
 240 01c7 05       		.byte	0x5
 241 01c8 47       		.byte	0x47
 242 01c9 A1000000 		.4byte	0xa1
 243 01cd 0A       		.uleb128 0xa
 244 01ce 07020000 		.4byte	.LASF34
 245 01d2 05       		.byte	0x5
 246 01d3 4A       		.byte	0x4a
 247 01d4 96000000 		.4byte	0x96
 248 01d8 07       		.uleb128 0x7
 249 01d9 E8010000 		.4byte	0x1e8
 250 01dd E8010000 		.4byte	0x1e8
 251 01e1 08       		.uleb128 0x8
 252 01e2 00010000 		.4byte	0x100
 253 01e6 FF       		.byte	0xff
 254 01e7 00       		.byte	0
 255 01e8 09       		.uleb128 0x9
 256 01e9 6A000000 		.4byte	0x6a
 257 01ed 0B       		.uleb128 0xb
 258 01ee 44020000 		.4byte	.LASF35
 259 01f2 06       		.byte	0x6
 260 01f3 AB01     		.2byte	0x1ab
 261 01f5 F9010000 		.4byte	0x1f9
 262 01f9 09       		.uleb128 0x9
 263 01fa D8010000 		.4byte	0x1d8
 264 01fe 00       		.byte	0
 265              		.section	.debug_abbrev,"",%progbits
 266              	.Ldebug_abbrev0:
 267 0000 01       		.uleb128 0x1
 268 0001 11       		.uleb128 0x11
 269 0002 01       		.byte	0x1
 270 0003 25       		.uleb128 0x25
 271 0004 0E       		.uleb128 0xe
 272 0005 13       		.uleb128 0x13
 273 0006 0B       		.uleb128 0xb
 274 0007 03       		.uleb128 0x3
 275 0008 0E       		.uleb128 0xe
 276 0009 1B       		.uleb128 0x1b
 277 000a 0E       		.uleb128 0xe
 278 000b 10       		.uleb128 0x10
 279 000c 17       		.uleb128 0x17
 280 000d 00       		.byte	0
 281 000e 00       		.byte	0
 282 000f 02       		.uleb128 0x2
 283 0010 24       		.uleb128 0x24
 284 0011 00       		.byte	0
 285 0012 0B       		.uleb128 0xb
ARM GAS  C:\Users\rbhar\AppData\Local\Temp\ccsKGvWH.s 			page 6


 286 0013 0B       		.uleb128 0xb
 287 0014 3E       		.uleb128 0x3e
 288 0015 0B       		.uleb128 0xb
 289 0016 03       		.uleb128 0x3
 290 0017 0E       		.uleb128 0xe
 291 0018 00       		.byte	0
 292 0019 00       		.byte	0
 293 001a 03       		.uleb128 0x3
 294 001b 24       		.uleb128 0x24
 295 001c 00       		.byte	0
 296 001d 0B       		.uleb128 0xb
 297 001e 0B       		.uleb128 0xb
 298 001f 3E       		.uleb128 0x3e
 299 0020 0B       		.uleb128 0xb
 300 0021 03       		.uleb128 0x3
 301 0022 08       		.uleb128 0x8
 302 0023 00       		.byte	0
 303 0024 00       		.byte	0
 304 0025 04       		.uleb128 0x4
 305 0026 16       		.uleb128 0x16
 306 0027 00       		.byte	0
 307 0028 03       		.uleb128 0x3
 308 0029 0E       		.uleb128 0xe
 309 002a 3A       		.uleb128 0x3a
 310 002b 0B       		.uleb128 0xb
 311 002c 3B       		.uleb128 0x3b
 312 002d 0B       		.uleb128 0xb
 313 002e 49       		.uleb128 0x49
 314 002f 13       		.uleb128 0x13
 315 0030 00       		.byte	0
 316 0031 00       		.byte	0
 317 0032 05       		.uleb128 0x5
 318 0033 16       		.uleb128 0x16
 319 0034 00       		.byte	0
 320 0035 03       		.uleb128 0x3
 321 0036 0E       		.uleb128 0xe
 322 0037 3A       		.uleb128 0x3a
 323 0038 0B       		.uleb128 0xb
 324 0039 3B       		.uleb128 0x3b
 325 003a 05       		.uleb128 0x5
 326 003b 49       		.uleb128 0x49
 327 003c 13       		.uleb128 0x13
 328 003d 00       		.byte	0
 329 003e 00       		.byte	0
 330 003f 06       		.uleb128 0x6
 331 0040 34       		.uleb128 0x34
 332 0041 00       		.byte	0
 333 0042 03       		.uleb128 0x3
 334 0043 0E       		.uleb128 0xe
 335 0044 3A       		.uleb128 0x3a
 336 0045 0B       		.uleb128 0xb
 337 0046 3B       		.uleb128 0x3b
 338 0047 0B       		.uleb128 0xb
 339 0048 49       		.uleb128 0x49
 340 0049 13       		.uleb128 0x13
 341 004a 3F       		.uleb128 0x3f
 342 004b 19       		.uleb128 0x19
ARM GAS  C:\Users\rbhar\AppData\Local\Temp\ccsKGvWH.s 			page 7


 343 004c 02       		.uleb128 0x2
 344 004d 18       		.uleb128 0x18
 345 004e 00       		.byte	0
 346 004f 00       		.byte	0
 347 0050 07       		.uleb128 0x7
 348 0051 01       		.uleb128 0x1
 349 0052 01       		.byte	0x1
 350 0053 49       		.uleb128 0x49
 351 0054 13       		.uleb128 0x13
 352 0055 01       		.uleb128 0x1
 353 0056 13       		.uleb128 0x13
 354 0057 00       		.byte	0
 355 0058 00       		.byte	0
 356 0059 08       		.uleb128 0x8
 357 005a 21       		.uleb128 0x21
 358 005b 00       		.byte	0
 359 005c 49       		.uleb128 0x49
 360 005d 13       		.uleb128 0x13
 361 005e 2F       		.uleb128 0x2f
 362 005f 0B       		.uleb128 0xb
 363 0060 00       		.byte	0
 364 0061 00       		.byte	0
 365 0062 09       		.uleb128 0x9
 366 0063 26       		.uleb128 0x26
 367 0064 00       		.byte	0
 368 0065 49       		.uleb128 0x49
 369 0066 13       		.uleb128 0x13
 370 0067 00       		.byte	0
 371 0068 00       		.byte	0
 372 0069 0A       		.uleb128 0xa
 373 006a 34       		.uleb128 0x34
 374 006b 00       		.byte	0
 375 006c 03       		.uleb128 0x3
 376 006d 0E       		.uleb128 0xe
 377 006e 3A       		.uleb128 0x3a
 378 006f 0B       		.uleb128 0xb
 379 0070 3B       		.uleb128 0x3b
 380 0071 0B       		.uleb128 0xb
 381 0072 49       		.uleb128 0x49
 382 0073 13       		.uleb128 0x13
 383 0074 3F       		.uleb128 0x3f
 384 0075 19       		.uleb128 0x19
 385 0076 3C       		.uleb128 0x3c
 386 0077 19       		.uleb128 0x19
 387 0078 00       		.byte	0
 388 0079 00       		.byte	0
 389 007a 0B       		.uleb128 0xb
 390 007b 34       		.uleb128 0x34
 391 007c 00       		.byte	0
 392 007d 03       		.uleb128 0x3
 393 007e 0E       		.uleb128 0xe
 394 007f 3A       		.uleb128 0x3a
 395 0080 0B       		.uleb128 0xb
 396 0081 3B       		.uleb128 0x3b
 397 0082 05       		.uleb128 0x5
 398 0083 49       		.uleb128 0x49
 399 0084 13       		.uleb128 0x13
ARM GAS  C:\Users\rbhar\AppData\Local\Temp\ccsKGvWH.s 			page 8


 400 0085 3F       		.uleb128 0x3f
 401 0086 19       		.uleb128 0x19
 402 0087 3C       		.uleb128 0x3c
 403 0088 19       		.uleb128 0x19
 404 0089 00       		.byte	0
 405 008a 00       		.byte	0
 406 008b 00       		.byte	0
 407              		.section	.debug_aranges,"",%progbits
 408 0000 14000000 		.4byte	0x14
 409 0004 0200     		.2byte	0x2
 410 0006 00000000 		.4byte	.Ldebug_info0
 411 000a 04       		.byte	0x4
 412 000b 00       		.byte	0
 413 000c 0000     		.2byte	0
 414 000e 0000     		.2byte	0
 415 0010 00000000 		.4byte	0
 416 0014 00000000 		.4byte	0
 417              		.section	.debug_line,"",%progbits
 418              	.Ldebug_line0:
 419 0000 E9000000 		.section	.debug_str,"MS",%progbits,1
 419      0200E300 
 419      00000201 
 419      FB0E0D00 
 419      01010101 
 420              	.LASF29:
 421 0000 45455F72 		.ascii	"EE_rq_bitmask\000"
 421      715F6269 
 421      746D6173 
 421      6B00
 422              	.LASF14:
 423 000e 45455F55 		.ascii	"EE_UREG\000"
 423      52454700 
 424              	.LASF30:
 425 0016 45455F74 		.ascii	"EE_th_event_active\000"
 425      685F6576 
 425      656E745F 
 425      61637469 
 425      766500
 426              	.LASF38:
 427 0029 443A5C48 		.ascii	"D:\\HDA\\1_sem\\Embedded System Design\\Lab\\Assign"
 427      44415C31 
 427      5F73656D 
 427      5C456D62 
 427      65646465 
 428 0057 6D656E74 		.ascii	"ment_1\\ReactionGame_OS\\ReactionGame.cydsn\000"
 428      5F315C52 
 428      65616374 
 428      696F6E47 
 428      616D655F 
 429              	.LASF31:
 430 0081 45455F74 		.ascii	"EE_th_waswaiting\000"
 430      685F7761 
 430      73776169 
 430      74696E67 
 430      00
 431              	.LASF2:
 432 0092 73686F72 		.ascii	"short int\000"
ARM GAS  C:\Users\rbhar\AppData\Local\Temp\ccsKGvWH.s 			page 9


 432      7420696E 
 432      7400
 433              	.LASF21:
 434 009c 73697A65 		.ascii	"sizetype\000"
 434      74797065 
 434      00
 435              	.LASF15:
 436 00a5 45455F46 		.ascii	"EE_FREG\000"
 436      52454700 
 437              	.LASF13:
 438 00ad 45455F55 		.ascii	"EE_UINT32\000"
 438      494E5433 
 438      3200
 439              	.LASF22:
 440 00b7 45455F74 		.ascii	"EE_th_ready_prio\000"
 440      685F7265 
 440      6164795F 
 440      7072696F 
 440      00
 441              	.LASF17:
 442 00c8 45455F54 		.ascii	"EE_TID\000"
 442      494400
 443              	.LASF19:
 444 00cf 45455F49 		.ascii	"EE_IRQ_nesting_level\000"
 444      52515F6E 
 444      65737469 
 444      6E675F6C 
 444      6576656C 
 445              	.LASF6:
 446 00e4 6C6F6E67 		.ascii	"long long int\000"
 446      206C6F6E 
 446      6720696E 
 446      7400
 447              	.LASF10:
 448 00f2 45455F49 		.ascii	"EE_INT8\000"
 448      4E543800 
 449              	.LASF18:
 450 00fa 45455F54 		.ascii	"EE_TYPE_RQ_MASK\000"
 450      5950455F 
 450      52515F4D 
 450      41534B00 
 451              	.LASF4:
 452 010a 6C6F6E67 		.ascii	"long int\000"
 452      20696E74 
 452      00
 453              	.LASF33:
 454 0113 45455F6F 		.ascii	"EE_oo_IRQ_suspend_status\000"
 454      6F5F4952 
 454      515F7375 
 454      7370656E 
 454      645F7374 
 455              	.LASF28:
 456 012c 45455F73 		.ascii	"EE_sys_ceiling\000"
 456      79735F63 
 456      65696C69 
 456      6E6700
 457              	.LASF9:
ARM GAS  C:\Users\rbhar\AppData\Local\Temp\ccsKGvWH.s 			page 10


 458 013b 6C6F6E67 		.ascii	"long double\000"
 458      20646F75 
 458      626C6500 
 459              	.LASF1:
 460 0147 756E7369 		.ascii	"unsigned char\000"
 460      676E6564 
 460      20636861 
 460      7200
 461              	.LASF0:
 462 0155 7369676E 		.ascii	"signed char\000"
 462      65642063 
 462      68617200 
 463              	.LASF7:
 464 0161 6C6F6E67 		.ascii	"long long unsigned int\000"
 464      206C6F6E 
 464      6720756E 
 464      7369676E 
 464      65642069 
 465              	.LASF8:
 466 0178 756E7369 		.ascii	"unsigned int\000"
 466      676E6564 
 466      20696E74 
 466      00
 467              	.LASF26:
 468 0185 45455F74 		.ascii	"EE_th_rnact\000"
 468      685F726E 
 468      61637400 
 469              	.LASF20:
 470 0191 45455F73 		.ascii	"EE_std_endcycle_next_tid\000"
 470      74645F65 
 470      6E646379 
 470      636C655F 
 470      6E657874 
 471              	.LASF12:
 472 01aa 45455F49 		.ascii	"EE_INT32\000"
 472      4E543332 
 472      00
 473              	.LASF3:
 474 01b3 73686F72 		.ascii	"short unsigned int\000"
 474      7420756E 
 474      7369676E 
 474      65642069 
 474      6E7400
 475              	.LASF37:
 476 01c6 47656E65 		.ascii	"Generated_Source\\PSoC5\\ErikaOS_common_ee_hal_stru"
 476      72617465 
 476      645F536F 
 476      75726365 
 476      5C50536F 
 477 01f7 6374732E 		.ascii	"cts.c\000"
 477      6300
 478              	.LASF11:
 479 01fd 45455F55 		.ascii	"EE_UINT16\000"
 479      494E5431 
 479      3600
 480              	.LASF34:
 481 0207 45455F41 		.ascii	"EE_ApplicationMode\000"
ARM GAS  C:\Users\rbhar\AppData\Local\Temp\ccsKGvWH.s 			page 11


 481      70706C69 
 481      63617469 
 481      6F6E4D6F 
 481      646500
 482              	.LASF5:
 483 021a 6C6F6E67 		.ascii	"long unsigned int\000"
 483      20756E73 
 483      69676E65 
 483      6420696E 
 483      7400
 484              	.LASF16:
 485 022c 45455F54 		.ascii	"EE_TYPEBOOL\000"
 485      59504542 
 485      4F4F4C00 
 486              	.LASF27:
 487 0238 45455F73 		.ascii	"EE_stkfirst\000"
 487      746B6669 
 487      72737400 
 488              	.LASF35:
 489 0244 45455F72 		.ascii	"EE_rq_lookup\000"
 489      715F6C6F 
 489      6F6B7570 
 489      00
 490              	.LASF24:
 491 0251 45455F74 		.ascii	"EE_th_status\000"
 491      685F7374 
 491      61747573 
 491      00
 492              	.LASF23:
 493 025e 45455F74 		.ascii	"EE_th_dispatch_prio\000"
 493      685F6469 
 493      73706174 
 493      63685F70 
 493      72696F00 
 494              	.LASF25:
 495 0272 45455F74 		.ascii	"EE_th_next\000"
 495      685F6E65 
 495      787400
 496              	.LASF36:
 497 027d 474E5520 		.ascii	"GNU C11 5.4.1 20160609 (release) [ARM/embedded-5-br"
 497      43313120 
 497      352E342E 
 497      31203230 
 497      31363036 
 498 02b0 616E6368 		.ascii	"anch revision 237715] -mcpu=cortex-m3 -mthumb -g -O"
 498      20726576 
 498      6973696F 
 498      6E203233 
 498      37373135 
 499 02e3 67202D66 		.ascii	"g -ffunction-sections -ffat-lto-objects\000"
 499      66756E63 
 499      74696F6E 
 499      2D736563 
 499      74696F6E 
 500              	.LASF32:
 501 030b 45455F6F 		.ascii	"EE_oo_IRQ_disable_count\000"
 501      6F5F4952 
ARM GAS  C:\Users\rbhar\AppData\Local\Temp\ccsKGvWH.s 			page 12


 501      515F6469 
 501      7361626C 
 501      655F636F 
 502              		.ident	"GCC: (GNU Tools for ARM Embedded Processors) 5.4.1 20160609 (release) [ARM/embedded-5-bran
