ARM GAS  C:\Users\rbhar\AppData\Local\Temp\ccSpFYbm.s 			page 1


   1              		.syntax unified
   2              		.cpu cortex-m3
   3              		.fpu softvfp
   4              		.eabi_attribute 20, 1
   5              		.eabi_attribute 21, 1
   6              		.eabi_attribute 23, 3
   7              		.eabi_attribute 24, 1
   8              		.eabi_attribute 25, 1
   9              		.eabi_attribute 26, 1
  10              		.eabi_attribute 30, 1
  11              		.eabi_attribute 34, 1
  12              		.eabi_attribute 18, 4
  13              		.thumb
  14              		.syntax unified
  15              		.file	"ErikaOS_cortex_mx_ee_context.c"
  16              		.text
  17              	.Ltext0:
  18              		.cfi_sections	.debug_frame
  19              		.section	.text.EE_std_run_task_code,"ax",%progbits
  20              		.align	2
  21              		.global	EE_std_run_task_code
  22              		.thumb
  23              		.thumb_func
  24              		.type	EE_std_run_task_code, %function
  25              	EE_std_run_task_code:
  26              	.LFB59:
  27              		.file 1 "Generated_Source\\PSoC5\\ErikaOS_cortex_mx_ee_context.c"
   1:Generated_Source\PSoC5/ErikaOS_cortex_mx_ee_context.c **** /* ###*B*###
   2:Generated_Source\PSoC5/ErikaOS_cortex_mx_ee_context.c ****  * ERIKA Enterprise - a tiny RTOS for small microcontrollers
   3:Generated_Source\PSoC5/ErikaOS_cortex_mx_ee_context.c ****  *
   4:Generated_Source\PSoC5/ErikaOS_cortex_mx_ee_context.c ****  * Copyright (C) 2002-2011  Evidence Srl
   5:Generated_Source\PSoC5/ErikaOS_cortex_mx_ee_context.c ****  *
   6:Generated_Source\PSoC5/ErikaOS_cortex_mx_ee_context.c ****  * This file is part of ERIKA Enterprise.
   7:Generated_Source\PSoC5/ErikaOS_cortex_mx_ee_context.c ****  *
   8:Generated_Source\PSoC5/ErikaOS_cortex_mx_ee_context.c ****  * ERIKA Enterprise is free software; you can redistribute it
   9:Generated_Source\PSoC5/ErikaOS_cortex_mx_ee_context.c ****  * and/or modify it under the terms of the GNU General Public License
  10:Generated_Source\PSoC5/ErikaOS_cortex_mx_ee_context.c ****  * version 2 as published by the Free Software Foundation, 
  11:Generated_Source\PSoC5/ErikaOS_cortex_mx_ee_context.c ****  * (with a special exception described below).
  12:Generated_Source\PSoC5/ErikaOS_cortex_mx_ee_context.c ****  *
  13:Generated_Source\PSoC5/ErikaOS_cortex_mx_ee_context.c ****  * Linking this code statically or dynamically with other modules is
  14:Generated_Source\PSoC5/ErikaOS_cortex_mx_ee_context.c ****  * making a combined work based on this code.  Thus, the terms and
  15:Generated_Source\PSoC5/ErikaOS_cortex_mx_ee_context.c ****  * conditions of the GNU General Public License cover the whole
  16:Generated_Source\PSoC5/ErikaOS_cortex_mx_ee_context.c ****  * combination.
  17:Generated_Source\PSoC5/ErikaOS_cortex_mx_ee_context.c ****  *
  18:Generated_Source\PSoC5/ErikaOS_cortex_mx_ee_context.c ****  * As a special exception, the copyright holders of this library give you
  19:Generated_Source\PSoC5/ErikaOS_cortex_mx_ee_context.c ****  * permission to link this code with independent modules to produce an
  20:Generated_Source\PSoC5/ErikaOS_cortex_mx_ee_context.c ****  * executable, regardless of the license terms of these independent
  21:Generated_Source\PSoC5/ErikaOS_cortex_mx_ee_context.c ****  * modules, and to copy and distribute the resulting executable under
  22:Generated_Source\PSoC5/ErikaOS_cortex_mx_ee_context.c ****  * terms of your choice, provided that you also meet, for each linked
  23:Generated_Source\PSoC5/ErikaOS_cortex_mx_ee_context.c ****  * independent module, the terms and conditions of the license of that
  24:Generated_Source\PSoC5/ErikaOS_cortex_mx_ee_context.c ****  * module.  An independent module is a module which is not derived from
  25:Generated_Source\PSoC5/ErikaOS_cortex_mx_ee_context.c ****  * or based on this library.  If you modify this code, you may extend
  26:Generated_Source\PSoC5/ErikaOS_cortex_mx_ee_context.c ****  * this exception to your version of the code, but you are not
  27:Generated_Source\PSoC5/ErikaOS_cortex_mx_ee_context.c ****  * obligated to do so.  If you do not wish to do so, delete this
  28:Generated_Source\PSoC5/ErikaOS_cortex_mx_ee_context.c ****  * exception statement from your version.
  29:Generated_Source\PSoC5/ErikaOS_cortex_mx_ee_context.c ****  *
  30:Generated_Source\PSoC5/ErikaOS_cortex_mx_ee_context.c ****  * ERIKA Enterprise is distributed in the hope that it will be
ARM GAS  C:\Users\rbhar\AppData\Local\Temp\ccSpFYbm.s 			page 2


  31:Generated_Source\PSoC5/ErikaOS_cortex_mx_ee_context.c ****  * useful, but WITHOUT ANY WARRANTY; without even the implied warranty
  32:Generated_Source\PSoC5/ErikaOS_cortex_mx_ee_context.c ****  * of MERCHANTABILITY or FITNESS FOR A PARTICULAR PURPOSE.  See the
  33:Generated_Source\PSoC5/ErikaOS_cortex_mx_ee_context.c ****  * GNU General Public License version 2 for more details.
  34:Generated_Source\PSoC5/ErikaOS_cortex_mx_ee_context.c ****  *
  35:Generated_Source\PSoC5/ErikaOS_cortex_mx_ee_context.c ****  * You should have received a copy of the GNU General Public License
  36:Generated_Source\PSoC5/ErikaOS_cortex_mx_ee_context.c ****  * version 2 along with ERIKA Enterprise; if not, write to the
  37:Generated_Source\PSoC5/ErikaOS_cortex_mx_ee_context.c ****  * Free Software Foundation, Inc., 51 Franklin Street, Fifth Floor,
  38:Generated_Source\PSoC5/ErikaOS_cortex_mx_ee_context.c ****  * Boston, MA 02110-1301 USA.
  39:Generated_Source\PSoC5/ErikaOS_cortex_mx_ee_context.c ****  * ###*E*### */
  40:Generated_Source\PSoC5/ErikaOS_cortex_mx_ee_context.c **** 
  41:Generated_Source\PSoC5/ErikaOS_cortex_mx_ee_context.c **** /*
  42:Generated_Source\PSoC5/ErikaOS_cortex_mx_ee_context.c ****  * Context switch functions used in HAL implementations
  43:Generated_Source\PSoC5/ErikaOS_cortex_mx_ee_context.c ****  * Author: 2011 Gianluca Franchino
  44:Generated_Source\PSoC5/ErikaOS_cortex_mx_ee_context.c ****  *         2011 Giuseppe Serano
  45:Generated_Source\PSoC5/ErikaOS_cortex_mx_ee_context.c ****  */
  46:Generated_Source\PSoC5/ErikaOS_cortex_mx_ee_context.c **** 
  47:Generated_Source\PSoC5/ErikaOS_cortex_mx_ee_context.c **** /*
  48:Generated_Source\PSoC5/ErikaOS_cortex_mx_ee_context.c ****  * PSoC Port and API Generation
  49:Generated_Source\PSoC5/ErikaOS_cortex_mx_ee_context.c ****  * Carlos Fernando Meier Martinez
  50:Generated_Source\PSoC5/ErikaOS_cortex_mx_ee_context.c ****  * Hochschule Darmstadt, Germany. 2017.
  51:Generated_Source\PSoC5/ErikaOS_cortex_mx_ee_context.c ****  */
  52:Generated_Source\PSoC5/ErikaOS_cortex_mx_ee_context.c **** 
  53:Generated_Source\PSoC5/ErikaOS_cortex_mx_ee_context.c **** #include "ErikaOS_ee_internal.inc"
  54:Generated_Source\PSoC5/ErikaOS_cortex_mx_ee_context.c **** 
  55:Generated_Source\PSoC5/ErikaOS_cortex_mx_ee_context.c **** /* This version should work for both the monostack and multistack versions of
  56:Generated_Source\PSoC5/ErikaOS_cortex_mx_ee_context.c ****  * the kernel, thanks to the macros defined in cpu/common/inc/ee_context.inc.
  57:Generated_Source\PSoC5/ErikaOS_cortex_mx_ee_context.c ****  * In the mono version, all the stack-related stuff is ignored. */
  58:Generated_Source\PSoC5/ErikaOS_cortex_mx_ee_context.c **** EE_TID EE_std_run_task_code(EE_TID tid)
  59:Generated_Source\PSoC5/ErikaOS_cortex_mx_ee_context.c **** {
  28              		.loc 1 59 0
  29              		.cfi_startproc
  30              		@ args = 0, pretend = 0, frame = 0
  31              		@ frame_needed = 0, uses_anonymous_args = 0
  32              	.LVL0:
  33 0000 08B5     		push	{r3, lr}
  34              		.cfi_def_cfa_offset 8
  35              		.cfi_offset 3, -8
  36              		.cfi_offset 14, -4
  37              	.LBB14:
  38              	.LBB15:
  39              	.LBB16:
  40              		.file 2 "Generated_Source\\PSoC5\\ErikaOS_cortex_mx_ee_cpu.inc"
   1:Generated_Source\PSoC5/ErikaOS_cortex_mx_ee_cpu.inc **** /* ###*B*###
   2:Generated_Source\PSoC5/ErikaOS_cortex_mx_ee_cpu.inc ****  * ERIKA Enterprise - a tiny RTOS for small microcontrollers
   3:Generated_Source\PSoC5/ErikaOS_cortex_mx_ee_cpu.inc ****  *
   4:Generated_Source\PSoC5/ErikaOS_cortex_mx_ee_cpu.inc ****  * Copyright (C) 2002-2011  Evidence Srl
   5:Generated_Source\PSoC5/ErikaOS_cortex_mx_ee_cpu.inc ****  *
   6:Generated_Source\PSoC5/ErikaOS_cortex_mx_ee_cpu.inc ****  * This file is part of ERIKA Enterprise.
   7:Generated_Source\PSoC5/ErikaOS_cortex_mx_ee_cpu.inc ****  *
   8:Generated_Source\PSoC5/ErikaOS_cortex_mx_ee_cpu.inc ****  * ERIKA Enterprise is free software; you can redistribute it
   9:Generated_Source\PSoC5/ErikaOS_cortex_mx_ee_cpu.inc ****  * and/or modify it under the terms of the GNU General Public License
  10:Generated_Source\PSoC5/ErikaOS_cortex_mx_ee_cpu.inc ****  * version 2 as published by the Free Software Foundation, 
  11:Generated_Source\PSoC5/ErikaOS_cortex_mx_ee_cpu.inc ****  * (with a special exception described below).
  12:Generated_Source\PSoC5/ErikaOS_cortex_mx_ee_cpu.inc ****  *
  13:Generated_Source\PSoC5/ErikaOS_cortex_mx_ee_cpu.inc ****  * Linking this code statically or dynamically with other modules is
  14:Generated_Source\PSoC5/ErikaOS_cortex_mx_ee_cpu.inc ****  * making a combined work based on this code.  Thus, the terms and
  15:Generated_Source\PSoC5/ErikaOS_cortex_mx_ee_cpu.inc ****  * conditions of the GNU General Public License cover the whole
ARM GAS  C:\Users\rbhar\AppData\Local\Temp\ccSpFYbm.s 			page 3


  16:Generated_Source\PSoC5/ErikaOS_cortex_mx_ee_cpu.inc ****  * combination.
  17:Generated_Source\PSoC5/ErikaOS_cortex_mx_ee_cpu.inc ****  *
  18:Generated_Source\PSoC5/ErikaOS_cortex_mx_ee_cpu.inc ****  * As a special exception, the copyright holders of this library give you
  19:Generated_Source\PSoC5/ErikaOS_cortex_mx_ee_cpu.inc ****  * permission to link this code with independent modules to produce an
  20:Generated_Source\PSoC5/ErikaOS_cortex_mx_ee_cpu.inc ****  * executable, regardless of the license terms of these independent
  21:Generated_Source\PSoC5/ErikaOS_cortex_mx_ee_cpu.inc ****  * modules, and to copy and distribute the resulting executable under
  22:Generated_Source\PSoC5/ErikaOS_cortex_mx_ee_cpu.inc ****  * terms of your choice, provided that you also meet, for each linked
  23:Generated_Source\PSoC5/ErikaOS_cortex_mx_ee_cpu.inc ****  * independent module, the terms and conditions of the license of that
  24:Generated_Source\PSoC5/ErikaOS_cortex_mx_ee_cpu.inc ****  * module.  An independent module is a module which is not derived from
  25:Generated_Source\PSoC5/ErikaOS_cortex_mx_ee_cpu.inc ****  * or based on this library.  If you modify this code, you may extend
  26:Generated_Source\PSoC5/ErikaOS_cortex_mx_ee_cpu.inc ****  * this exception to your version of the code, but you are not
  27:Generated_Source\PSoC5/ErikaOS_cortex_mx_ee_cpu.inc ****  * obligated to do so.  If you do not wish to do so, delete this
  28:Generated_Source\PSoC5/ErikaOS_cortex_mx_ee_cpu.inc ****  * exception statement from your version.
  29:Generated_Source\PSoC5/ErikaOS_cortex_mx_ee_cpu.inc ****  *
  30:Generated_Source\PSoC5/ErikaOS_cortex_mx_ee_cpu.inc ****  * ERIKA Enterprise is distributed in the hope that it will be
  31:Generated_Source\PSoC5/ErikaOS_cortex_mx_ee_cpu.inc ****  * useful, but WITHOUT ANY WARRANTY; without even the implied warranty
  32:Generated_Source\PSoC5/ErikaOS_cortex_mx_ee_cpu.inc ****  * of MERCHANTABILITY or FITNESS FOR A PARTICULAR PURPOSE.  See the
  33:Generated_Source\PSoC5/ErikaOS_cortex_mx_ee_cpu.inc ****  * GNU General Public License version 2 for more details.
  34:Generated_Source\PSoC5/ErikaOS_cortex_mx_ee_cpu.inc ****  *
  35:Generated_Source\PSoC5/ErikaOS_cortex_mx_ee_cpu.inc ****  * You should have received a copy of the GNU General Public License
  36:Generated_Source\PSoC5/ErikaOS_cortex_mx_ee_cpu.inc ****  * version 2 along with ERIKA Enterprise; if not, write to the
  37:Generated_Source\PSoC5/ErikaOS_cortex_mx_ee_cpu.inc ****  * Free Software Foundation, Inc., 51 Franklin Street, Fifth Floor,
  38:Generated_Source\PSoC5/ErikaOS_cortex_mx_ee_cpu.inc ****  * Boston, MA 02110-1301 USA.
  39:Generated_Source\PSoC5/ErikaOS_cortex_mx_ee_cpu.inc ****  * ###*E*### */
  40:Generated_Source\PSoC5/ErikaOS_cortex_mx_ee_cpu.inc **** 
  41:Generated_Source\PSoC5/ErikaOS_cortex_mx_ee_cpu.inc **** /** 
  42:Generated_Source\PSoC5/ErikaOS_cortex_mx_ee_cpu.inc **** 	@file ee_cpu.h
  43:Generated_Source\PSoC5/ErikaOS_cortex_mx_ee_cpu.inc **** 	@brief CPU-dependent part of HAL. Derived from pkg/cpu/pic30/inc/ee_cpu.h
  44:Generated_Source\PSoC5/ErikaOS_cortex_mx_ee_cpu.inc **** 	@author Gianluca Franchino
  45:Generated_Source\PSoC5/ErikaOS_cortex_mx_ee_cpu.inc **** 	@author Giuseppe Serano
  46:Generated_Source\PSoC5/ErikaOS_cortex_mx_ee_cpu.inc **** 	@date 2011
  47:Generated_Source\PSoC5/ErikaOS_cortex_mx_ee_cpu.inc **** */ 
  48:Generated_Source\PSoC5/ErikaOS_cortex_mx_ee_cpu.inc ****     
  49:Generated_Source\PSoC5/ErikaOS_cortex_mx_ee_cpu.inc **** /*
  50:Generated_Source\PSoC5/ErikaOS_cortex_mx_ee_cpu.inc ****  * PSoC Port and API Generation
  51:Generated_Source\PSoC5/ErikaOS_cortex_mx_ee_cpu.inc ****  * Carlos Fernando Meier Martinez
  52:Generated_Source\PSoC5/ErikaOS_cortex_mx_ee_cpu.inc ****  * Hochschule Darmstadt, Germany. 2017.
  53:Generated_Source\PSoC5/ErikaOS_cortex_mx_ee_cpu.inc ****  */
  54:Generated_Source\PSoC5/ErikaOS_cortex_mx_ee_cpu.inc **** 
  55:Generated_Source\PSoC5/ErikaOS_cortex_mx_ee_cpu.inc **** #ifndef __INCLUDE_CORTEX_MX_EE_CPU_H__
  56:Generated_Source\PSoC5/ErikaOS_cortex_mx_ee_cpu.inc **** #define __INCLUDE_CORTEX_MX_EE_CPU_H__
  57:Generated_Source\PSoC5/ErikaOS_cortex_mx_ee_cpu.inc **** 
  58:Generated_Source\PSoC5/ErikaOS_cortex_mx_ee_cpu.inc **** #include "ErikaOS_eecfg.inc"
  59:Generated_Source\PSoC5/ErikaOS_cortex_mx_ee_cpu.inc **** 
  60:Generated_Source\PSoC5/ErikaOS_cortex_mx_ee_cpu.inc **** 
  61:Generated_Source\PSoC5/ErikaOS_cortex_mx_ee_cpu.inc **** #ifdef __GNU__
  62:Generated_Source\PSoC5/ErikaOS_cortex_mx_ee_cpu.inc **** #include "ErikaOS_common_ee_compiler_gcc.inc"
  63:Generated_Source\PSoC5/ErikaOS_cortex_mx_ee_cpu.inc **** #endif
  64:Generated_Source\PSoC5/ErikaOS_cortex_mx_ee_cpu.inc **** 
  65:Generated_Source\PSoC5/ErikaOS_cortex_mx_ee_cpu.inc **** /* Initial stack offset (in words): Used in multistack. */
  66:Generated_Source\PSoC5/ErikaOS_cortex_mx_ee_cpu.inc **** #ifndef CORTEX_MX_INIT_TOS_OFFSET
  67:Generated_Source\PSoC5/ErikaOS_cortex_mx_ee_cpu.inc **** #define CORTEX_MX_INIT_TOS_OFFSET 10
  68:Generated_Source\PSoC5/ErikaOS_cortex_mx_ee_cpu.inc **** #endif
  69:Generated_Source\PSoC5/ErikaOS_cortex_mx_ee_cpu.inc **** 
  70:Generated_Source\PSoC5/ErikaOS_cortex_mx_ee_cpu.inc **** /*************************************************************************
  71:Generated_Source\PSoC5/ErikaOS_cortex_mx_ee_cpu.inc ****  HAL Types and structures
  72:Generated_Source\PSoC5/ErikaOS_cortex_mx_ee_cpu.inc ****  *************************************************************************/
ARM GAS  C:\Users\rbhar\AppData\Local\Temp\ccSpFYbm.s 			page 4


  73:Generated_Source\PSoC5/ErikaOS_cortex_mx_ee_cpu.inc **** 
  74:Generated_Source\PSoC5/ErikaOS_cortex_mx_ee_cpu.inc **** /* Primitive data types */
  75:Generated_Source\PSoC5/ErikaOS_cortex_mx_ee_cpu.inc **** #include "ErikaOS_common_ee_types.inc"
  76:Generated_Source\PSoC5/ErikaOS_cortex_mx_ee_cpu.inc **** 
  77:Generated_Source\PSoC5/ErikaOS_cortex_mx_ee_cpu.inc **** typedef EE_UINT32 EE_UREG;
  78:Generated_Source\PSoC5/ErikaOS_cortex_mx_ee_cpu.inc **** typedef EE_INT32  EE_SREG;
  79:Generated_Source\PSoC5/ErikaOS_cortex_mx_ee_cpu.inc **** typedef EE_UINT32 EE_FREG;
  80:Generated_Source\PSoC5/ErikaOS_cortex_mx_ee_cpu.inc **** #define EE_UREG_SIZE 4
  81:Generated_Source\PSoC5/ErikaOS_cortex_mx_ee_cpu.inc **** 
  82:Generated_Source\PSoC5/ErikaOS_cortex_mx_ee_cpu.inc **** /* boolean type */
  83:Generated_Source\PSoC5/ErikaOS_cortex_mx_ee_cpu.inc **** #ifndef EE_TYPEBOOL
  84:Generated_Source\PSoC5/ErikaOS_cortex_mx_ee_cpu.inc **** typedef EE_UREG EE_TYPEBOOL;
  85:Generated_Source\PSoC5/ErikaOS_cortex_mx_ee_cpu.inc **** #endif
  86:Generated_Source\PSoC5/ErikaOS_cortex_mx_ee_cpu.inc **** 
  87:Generated_Source\PSoC5/ErikaOS_cortex_mx_ee_cpu.inc **** /* boolean true define */
  88:Generated_Source\PSoC5/ErikaOS_cortex_mx_ee_cpu.inc **** #ifndef EE_TRUE
  89:Generated_Source\PSoC5/ErikaOS_cortex_mx_ee_cpu.inc **** #define EE_TRUE ((EE_TYPEBOOL)1U)
  90:Generated_Source\PSoC5/ErikaOS_cortex_mx_ee_cpu.inc **** #endif
  91:Generated_Source\PSoC5/ErikaOS_cortex_mx_ee_cpu.inc **** 
  92:Generated_Source\PSoC5/ErikaOS_cortex_mx_ee_cpu.inc **** /* boolean false define */
  93:Generated_Source\PSoC5/ErikaOS_cortex_mx_ee_cpu.inc **** #ifndef EE_FALSE
  94:Generated_Source\PSoC5/ErikaOS_cortex_mx_ee_cpu.inc **** #define EE_FALSE ((EE_TYPEBOOL)0U)
  95:Generated_Source\PSoC5/ErikaOS_cortex_mx_ee_cpu.inc **** #endif
  96:Generated_Source\PSoC5/ErikaOS_cortex_mx_ee_cpu.inc **** 
  97:Generated_Source\PSoC5/ErikaOS_cortex_mx_ee_cpu.inc **** #define	EE_HWREG_PTR		volatile EE_UREG *
  98:Generated_Source\PSoC5/ErikaOS_cortex_mx_ee_cpu.inc **** #define	EE_HWREG_ADDR(x)	((EE_HWREG_PTR)(x))
  99:Generated_Source\PSoC5/ErikaOS_cortex_mx_ee_cpu.inc **** #define	EE_HWREG(x)		(*EE_HWREG_ADDR(x))
 100:Generated_Source\PSoC5/ErikaOS_cortex_mx_ee_cpu.inc **** 
 101:Generated_Source\PSoC5/ErikaOS_cortex_mx_ee_cpu.inc **** #ifdef __GNU__
 102:Generated_Source\PSoC5/ErikaOS_cortex_mx_ee_cpu.inc **** 
 103:Generated_Source\PSoC5/ErikaOS_cortex_mx_ee_cpu.inc **** /* Get current SP */
 104:Generated_Source\PSoC5/ErikaOS_cortex_mx_ee_cpu.inc **** __INLINE__ EE_UINT32  __current_sp(void)
 105:Generated_Source\PSoC5/ErikaOS_cortex_mx_ee_cpu.inc **** {
 106:Generated_Source\PSoC5/ErikaOS_cortex_mx_ee_cpu.inc **** EE_UINT32 temp;
 107:Generated_Source\PSoC5/ErikaOS_cortex_mx_ee_cpu.inc **** __ASM ("mov %0, sp" : "=r" (temp) : );
 108:Generated_Source\PSoC5/ErikaOS_cortex_mx_ee_cpu.inc **** return temp;
 109:Generated_Source\PSoC5/ErikaOS_cortex_mx_ee_cpu.inc **** }
 110:Generated_Source\PSoC5/ErikaOS_cortex_mx_ee_cpu.inc **** 
 111:Generated_Source\PSoC5/ErikaOS_cortex_mx_ee_cpu.inc **** /* Set a breakpoint */
 112:Generated_Source\PSoC5/ErikaOS_cortex_mx_ee_cpu.inc **** #define __breakpoint(value)	__ASM ("bkpt "#value)
 113:Generated_Source\PSoC5/ErikaOS_cortex_mx_ee_cpu.inc **** 
 114:Generated_Source\PSoC5/ErikaOS_cortex_mx_ee_cpu.inc **** #endif
 115:Generated_Source\PSoC5/ErikaOS_cortex_mx_ee_cpu.inc **** 
 116:Generated_Source\PSoC5/ErikaOS_cortex_mx_ee_cpu.inc **** /* ISR Priority representation type */
 117:Generated_Source\PSoC5/ErikaOS_cortex_mx_ee_cpu.inc **** typedef EE_UREG EE_TYPEISR2PRIO;
 118:Generated_Source\PSoC5/ErikaOS_cortex_mx_ee_cpu.inc **** 
 119:Generated_Source\PSoC5/ErikaOS_cortex_mx_ee_cpu.inc **** /* Thread IDs */
 120:Generated_Source\PSoC5/ErikaOS_cortex_mx_ee_cpu.inc **** typedef EE_INT32 EE_TID;
 121:Generated_Source\PSoC5/ErikaOS_cortex_mx_ee_cpu.inc **** 
 122:Generated_Source\PSoC5/ErikaOS_cortex_mx_ee_cpu.inc **** /* Thread IDs - unsigned version*/
 123:Generated_Source\PSoC5/ErikaOS_cortex_mx_ee_cpu.inc **** typedef EE_UINT32 EE_UTID;
 124:Generated_Source\PSoC5/ErikaOS_cortex_mx_ee_cpu.inc **** 
 125:Generated_Source\PSoC5/ErikaOS_cortex_mx_ee_cpu.inc **** /* Used by the common layer to decide whether to start a new thread */
 126:Generated_Source\PSoC5/ErikaOS_cortex_mx_ee_cpu.inc **** #define TID_IS_STACKED_MARK 0x80000000
 127:Generated_Source\PSoC5/ErikaOS_cortex_mx_ee_cpu.inc **** 
 128:Generated_Source\PSoC5/ErikaOS_cortex_mx_ee_cpu.inc **** /* EE_TYPEIRQ is currently unused */
 129:Generated_Source\PSoC5/ErikaOS_cortex_mx_ee_cpu.inc **** 
ARM GAS  C:\Users\rbhar\AppData\Local\Temp\ccSpFYbm.s 			page 5


 130:Generated_Source\PSoC5/ErikaOS_cortex_mx_ee_cpu.inc **** /* XXX: define EE_TIME? */
 131:Generated_Source\PSoC5/ErikaOS_cortex_mx_ee_cpu.inc **** 
 132:Generated_Source\PSoC5/ErikaOS_cortex_mx_ee_cpu.inc **** /* Use the "standard" implementation */
 133:Generated_Source\PSoC5/ErikaOS_cortex_mx_ee_cpu.inc **** #include "ErikaOS_common_ee_hal_structs.inc"
 134:Generated_Source\PSoC5/ErikaOS_cortex_mx_ee_cpu.inc **** 
 135:Generated_Source\PSoC5/ErikaOS_cortex_mx_ee_cpu.inc **** /******************************************************************************
 136:Generated_Source\PSoC5/ErikaOS_cortex_mx_ee_cpu.inc ****  Application dependent data types
 137:Generated_Source\PSoC5/ErikaOS_cortex_mx_ee_cpu.inc ****  ******************************************************************************/
 138:Generated_Source\PSoC5/ErikaOS_cortex_mx_ee_cpu.inc **** 
 139:Generated_Source\PSoC5/ErikaOS_cortex_mx_ee_cpu.inc **** #ifdef	__HAS_TYPES_H__
 140:Generated_Source\PSoC5/ErikaOS_cortex_mx_ee_cpu.inc **** #include	"types.h"
 141:Generated_Source\PSoC5/ErikaOS_cortex_mx_ee_cpu.inc **** #endif
 142:Generated_Source\PSoC5/ErikaOS_cortex_mx_ee_cpu.inc **** 
 143:Generated_Source\PSoC5/ErikaOS_cortex_mx_ee_cpu.inc **** /******************************************************************************
 144:Generated_Source\PSoC5/ErikaOS_cortex_mx_ee_cpu.inc ****  CPU Peripherals
 145:Generated_Source\PSoC5/ErikaOS_cortex_mx_ee_cpu.inc ****  ******************************************************************************/
 146:Generated_Source\PSoC5/ErikaOS_cortex_mx_ee_cpu.inc **** 
 147:Generated_Source\PSoC5/ErikaOS_cortex_mx_ee_cpu.inc **** #ifdef __CORTEX_MX__
 148:Generated_Source\PSoC5/ErikaOS_cortex_mx_ee_cpu.inc **** #include "ErikaOS_cortex_mx_ee_nvic.inc"
 149:Generated_Source\PSoC5/ErikaOS_cortex_mx_ee_cpu.inc **** #include "ErikaOS_cortex_mx_ee_systick.inc"
 150:Generated_Source\PSoC5/ErikaOS_cortex_mx_ee_cpu.inc **** #endif
 151:Generated_Source\PSoC5/ErikaOS_cortex_mx_ee_cpu.inc **** 
 152:Generated_Source\PSoC5/ErikaOS_cortex_mx_ee_cpu.inc **** /******************************************************************************
 153:Generated_Source\PSoC5/ErikaOS_cortex_mx_ee_cpu.inc ****  HAL Variables
 154:Generated_Source\PSoC5/ErikaOS_cortex_mx_ee_cpu.inc ****  ******************************************************************************/
 155:Generated_Source\PSoC5/ErikaOS_cortex_mx_ee_cpu.inc **** 
 156:Generated_Source\PSoC5/ErikaOS_cortex_mx_ee_cpu.inc **** #ifdef __MULTI__
 157:Generated_Source\PSoC5/ErikaOS_cortex_mx_ee_cpu.inc **** 
 158:Generated_Source\PSoC5/ErikaOS_cortex_mx_ee_cpu.inc **** /* Top-of-stack of each private stack */
 159:Generated_Source\PSoC5/ErikaOS_cortex_mx_ee_cpu.inc **** extern struct EE_TOS EE_cortex_mx_system_tos[];
 160:Generated_Source\PSoC5/ErikaOS_cortex_mx_ee_cpu.inc **** //#define	EE_std_system_tos EE_cortex_mx_system_tos
 161:Generated_Source\PSoC5/ErikaOS_cortex_mx_ee_cpu.inc **** 
 162:Generated_Source\PSoC5/ErikaOS_cortex_mx_ee_cpu.inc **** /* Index of the current stack */
 163:Generated_Source\PSoC5/ErikaOS_cortex_mx_ee_cpu.inc **** extern EE_UREG EE_cortex_mx_active_tos;
 164:Generated_Source\PSoC5/ErikaOS_cortex_mx_ee_cpu.inc **** #define	EE_hal_active_tos EE_cortex_mx_active_tos
 165:Generated_Source\PSoC5/ErikaOS_cortex_mx_ee_cpu.inc **** 
 166:Generated_Source\PSoC5/ErikaOS_cortex_mx_ee_cpu.inc **** /*extern	EE_UREG EE_pic30_thread_tos[];
 167:Generated_Source\PSoC5/ErikaOS_cortex_mx_ee_cpu.inc **** #define	EE_std_thread_tos EE_pic30_thread_tos */
 168:Generated_Source\PSoC5/ErikaOS_cortex_mx_ee_cpu.inc **** #endif /* __MULTI__ */
 169:Generated_Source\PSoC5/ErikaOS_cortex_mx_ee_cpu.inc **** 
 170:Generated_Source\PSoC5/ErikaOS_cortex_mx_ee_cpu.inc **** /*********************************************************************
 171:Generated_Source\PSoC5/ErikaOS_cortex_mx_ee_cpu.inc ****  Cortex M0 interrupt disabling/enabling
 172:Generated_Source\PSoC5/ErikaOS_cortex_mx_ee_cpu.inc ****  *********************************************************************/
 173:Generated_Source\PSoC5/ErikaOS_cortex_mx_ee_cpu.inc **** 
 174:Generated_Source\PSoC5/ErikaOS_cortex_mx_ee_cpu.inc **** /* Used to check the value returned by EE_cortex_mx_disableIRQ */
 175:Generated_Source\PSoC5/ErikaOS_cortex_mx_ee_cpu.inc **** #define EE_cortex_mx_are_IRQs_enabled(ie) ((ie) ^ 1)
 176:Generated_Source\PSoC5/ErikaOS_cortex_mx_ee_cpu.inc **** 
 177:Generated_Source\PSoC5/ErikaOS_cortex_mx_ee_cpu.inc **** /**
 178:Generated_Source\PSoC5/ErikaOS_cortex_mx_ee_cpu.inc ****  * Enable interrupts
 179:Generated_Source\PSoC5/ErikaOS_cortex_mx_ee_cpu.inc ****  */
 180:Generated_Source\PSoC5/ErikaOS_cortex_mx_ee_cpu.inc **** __INLINE__ void  EE_cortex_mx_enableIRQ(void)
 181:Generated_Source\PSoC5/ErikaOS_cortex_mx_ee_cpu.inc **** {
 182:Generated_Source\PSoC5/ErikaOS_cortex_mx_ee_cpu.inc **** #ifdef __IAR__
 183:Generated_Source\PSoC5/ErikaOS_cortex_mx_ee_cpu.inc **** 	__ASM ("cpsie i");
 184:Generated_Source\PSoC5/ErikaOS_cortex_mx_ee_cpu.inc **** #else	/* __IAR__ */
 185:Generated_Source\PSoC5/ErikaOS_cortex_mx_ee_cpu.inc **** #ifdef __CCS__
 186:Generated_Source\PSoC5/ErikaOS_cortex_mx_ee_cpu.inc **** 	__ASM ("    cpsie    i\n");
ARM GAS  C:\Users\rbhar\AppData\Local\Temp\ccSpFYbm.s 			page 6


 187:Generated_Source\PSoC5/ErikaOS_cortex_mx_ee_cpu.inc **** #else	/* __CCS__ */
 188:Generated_Source\PSoC5/ErikaOS_cortex_mx_ee_cpu.inc **** #ifdef __KEIL__
 189:Generated_Source\PSoC5/ErikaOS_cortex_mx_ee_cpu.inc **** 	__enable_irq();
 190:Generated_Source\PSoC5/ErikaOS_cortex_mx_ee_cpu.inc **** #else	/* __KEIL__ */
 191:Generated_Source\PSoC5/ErikaOS_cortex_mx_ee_cpu.inc **** 	__ASM volatile("cpsie i");
  41              		.loc 2 191 0
  42              		.syntax unified
  43              	@ 191 "Generated_Source\PSoC5\ErikaOS_cortex_mx_ee_cpu.inc" 1
  44 0002 62B6     		cpsie i
  45              	@ 0 "" 2
  46              		.thumb
  47              		.syntax unified
  48              	.LBE16:
  49              	.LBE15:
  50              	.LBE14:
  60:Generated_Source\PSoC5/ErikaOS_cortex_mx_ee_context.c ****     EE_hal_enableIRQ();
  61:Generated_Source\PSoC5/ErikaOS_cortex_mx_ee_context.c **** /* Call a the body of a task */
  62:Generated_Source\PSoC5/ErikaOS_cortex_mx_ee_context.c **** #if defined(__OO_BCC1__) || defined(__OO_BCC2__) || \
  63:Generated_Source\PSoC5/ErikaOS_cortex_mx_ee_context.c ****  defined(__OO_ECC1__) || defined(__OO_ECC2__)
  64:Generated_Source\PSoC5/ErikaOS_cortex_mx_ee_context.c ****     EE_oo_thread_stub();
  51              		.loc 1 64 0
  52 0004 FFF7FEFF 		bl	EE_oo_thread_stub
  53              	.LVL1:
  54              	.LBB17:
  55              	.LBB18:
  56              	.LBB19:
 192:Generated_Source\PSoC5/ErikaOS_cortex_mx_ee_cpu.inc **** #endif	/* !__KEIL__ */
 193:Generated_Source\PSoC5/ErikaOS_cortex_mx_ee_cpu.inc **** #endif	/* !__CCS__ */
 194:Generated_Source\PSoC5/ErikaOS_cortex_mx_ee_cpu.inc **** #endif	/* !__IAR__ */
 195:Generated_Source\PSoC5/ErikaOS_cortex_mx_ee_cpu.inc **** }
 196:Generated_Source\PSoC5/ErikaOS_cortex_mx_ee_cpu.inc **** 
 197:Generated_Source\PSoC5/ErikaOS_cortex_mx_ee_cpu.inc **** /**
 198:Generated_Source\PSoC5/ErikaOS_cortex_mx_ee_cpu.inc ****  * Disable interrupts
 199:Generated_Source\PSoC5/ErikaOS_cortex_mx_ee_cpu.inc ****  */
 200:Generated_Source\PSoC5/ErikaOS_cortex_mx_ee_cpu.inc **** __INLINE__ void  EE_cortex_mx_disableIRQ(void)
 201:Generated_Source\PSoC5/ErikaOS_cortex_mx_ee_cpu.inc **** {
 202:Generated_Source\PSoC5/ErikaOS_cortex_mx_ee_cpu.inc **** #ifdef __IAR__
 203:Generated_Source\PSoC5/ErikaOS_cortex_mx_ee_cpu.inc **** 	__ASM ("cpsid i");
 204:Generated_Source\PSoC5/ErikaOS_cortex_mx_ee_cpu.inc **** #else	/* __IAR__ */
 205:Generated_Source\PSoC5/ErikaOS_cortex_mx_ee_cpu.inc **** #ifdef __CCS__
 206:Generated_Source\PSoC5/ErikaOS_cortex_mx_ee_cpu.inc **** 	__ASM ("    cpsid    i\n");
 207:Generated_Source\PSoC5/ErikaOS_cortex_mx_ee_cpu.inc **** #else	/* __CCS__ */
 208:Generated_Source\PSoC5/ErikaOS_cortex_mx_ee_cpu.inc **** #ifdef __KEIL__
 209:Generated_Source\PSoC5/ErikaOS_cortex_mx_ee_cpu.inc **** 	__disable_irq();
 210:Generated_Source\PSoC5/ErikaOS_cortex_mx_ee_cpu.inc **** #else	/* __KEIL__ */
 211:Generated_Source\PSoC5/ErikaOS_cortex_mx_ee_cpu.inc **** 	__ASM volatile("cpsid i");
  57              		.loc 2 211 0
  58              		.syntax unified
  59              	@ 211 "Generated_Source\PSoC5\ErikaOS_cortex_mx_ee_cpu.inc" 1
  60 0008 72B6     		cpsid i
  61              	@ 0 "" 2
  62              		.thumb
  63              		.syntax unified
  64              	.LBE19:
  65              	.LBE18:
  66              	.LBE17:
  65:Generated_Source\PSoC5/ErikaOS_cortex_mx_ee_context.c ****     (void)tid;
ARM GAS  C:\Users\rbhar\AppData\Local\Temp\ccSpFYbm.s 			page 7


  66:Generated_Source\PSoC5/ErikaOS_cortex_mx_ee_context.c **** #else
  67:Generated_Source\PSoC5/ErikaOS_cortex_mx_ee_context.c ****     /* Useless check to make MISRA-C happy. */
  68:Generated_Source\PSoC5/ErikaOS_cortex_mx_ee_context.c ****     if ( EE_hal_thread_body[tid] != 0 ) {
  69:Generated_Source\PSoC5/ErikaOS_cortex_mx_ee_context.c ****         EE_hal_thread_body[tid]();
  70:Generated_Source\PSoC5/ErikaOS_cortex_mx_ee_context.c ****     }
  71:Generated_Source\PSoC5/ErikaOS_cortex_mx_ee_context.c **** #endif
  72:Generated_Source\PSoC5/ErikaOS_cortex_mx_ee_context.c ****     EE_hal_disableIRQ();
  73:Generated_Source\PSoC5/ErikaOS_cortex_mx_ee_context.c ****     EE_thread_end_instance(); /* Call the scheduler */
  67              		.loc 1 73 0
  68 000a FFF7FEFF 		bl	EE_thread_end_instance
  69              	.LVL2:
  74:Generated_Source\PSoC5/ErikaOS_cortex_mx_ee_context.c ****     return EE_std_endcycle_next_tid;
  75:Generated_Source\PSoC5/ErikaOS_cortex_mx_ee_context.c **** }
  70              		.loc 1 75 0
  71 000e 014B     		ldr	r3, .L3
  72 0010 1868     		ldr	r0, [r3]
  73 0012 08BD     		pop	{r3, pc}
  74              	.L4:
  75              		.align	2
  76              	.L3:
  77 0014 00000000 		.word	EE_std_endcycle_next_tid
  78              		.cfi_endproc
  79              	.LFE59:
  80              		.size	EE_std_run_task_code, .-EE_std_run_task_code
  81              		.section	.text.EE_std_need_context_change,"ax",%progbits
  82              		.align	2
  83              		.global	EE_std_need_context_change
  84              		.thumb
  85              		.thumb_func
  86              		.type	EE_std_need_context_change, %function
  87              	EE_std_need_context_change:
  88              	.LFB60:
  76:Generated_Source\PSoC5/ErikaOS_cortex_mx_ee_context.c **** 
  77:Generated_Source\PSoC5/ErikaOS_cortex_mx_ee_context.c **** #ifdef __MULTI__
  78:Generated_Source\PSoC5/ErikaOS_cortex_mx_ee_context.c **** 
  79:Generated_Source\PSoC5/ErikaOS_cortex_mx_ee_context.c **** int EE_std_need_context_change(EE_TID tid)
  80:Generated_Source\PSoC5/ErikaOS_cortex_mx_ee_context.c **** {
  89              		.loc 1 80 0
  90              		.cfi_startproc
  91              		@ args = 0, pretend = 0, frame = 0
  92              		@ frame_needed = 0, uses_anonymous_args = 0
  93              		@ link register save eliminated.
  94              	.LVL3:
  81:Generated_Source\PSoC5/ErikaOS_cortex_mx_ee_context.c ****   /* FIXME: "tid+1" can be used as an index for arrays even when marked if
  82:Generated_Source\PSoC5/ErikaOS_cortex_mx_ee_context.c ****    * EE_TID is defined as an int.  Otherwise, the mark will cause a memory
  83:Generated_Source\PSoC5/ErikaOS_cortex_mx_ee_context.c ****    * access violation!  */
  84:Generated_Source\PSoC5/ErikaOS_cortex_mx_ee_context.c ****   EE_UTID utid;
  85:Generated_Source\PSoC5/ErikaOS_cortex_mx_ee_context.c ****   int need_context_change = 1;
  86:Generated_Source\PSoC5/ErikaOS_cortex_mx_ee_context.c ****   if (tid < 0) {
  95              		.loc 1 86 0
  96 0000 0028     		cmp	r0, #0
  97 0002 0BDA     		bge	.L7
  87:Generated_Source\PSoC5/ErikaOS_cortex_mx_ee_context.c ****     /* Unmark the tid to access the EE_std_thread_tos, otherwise undefined
  88:Generated_Source\PSoC5/ErikaOS_cortex_mx_ee_context.c ****        behaviour. (Index out of arrays boundaries)
  89:Generated_Source\PSoC5/ErikaOS_cortex_mx_ee_context.c ****        FIXME: #1
  90:Generated_Source\PSoC5/ErikaOS_cortex_mx_ee_context.c ****     */
  91:Generated_Source\PSoC5/ErikaOS_cortex_mx_ee_context.c ****     utid = (EE_UTID)tid & (~(EE_UTID)TID_IS_STACKED_MARK);
ARM GAS  C:\Users\rbhar\AppData\Local\Temp\ccSpFYbm.s 			page 8


  98              		.loc 1 91 0
  99 0004 20F00040 		bic	r0, r0, #-2147483648
 100              	.LVL4:
  92:Generated_Source\PSoC5/ErikaOS_cortex_mx_ee_context.c ****     need_context_change = (EE_hal_active_tos != EE_std_thread_tos[utid + 1U]);
 101              		.loc 1 92 0
 102 0008 0130     		adds	r0, r0, #1
 103              	.LVL5:
 104 000a 054B     		ldr	r3, .L8
 105 000c 53F82000 		ldr	r0, [r3, r0, lsl #2]
 106              	.LVL6:
 107 0010 044B     		ldr	r3, .L8+4
 108 0012 1B68     		ldr	r3, [r3]
 109 0014 181A     		subs	r0, r3, r0
 110 0016 18BF     		it	ne
 111 0018 0120     		movne	r0, #1
 112              	.LVL7:
 113 001a 7047     		bx	lr
 114              	.LVL8:
 115              	.L7:
  85:Generated_Source\PSoC5/ErikaOS_cortex_mx_ee_context.c ****   if (tid < 0) {
 116              		.loc 1 85 0
 117 001c 0120     		movs	r0, #1
 118              	.LVL9:
  93:Generated_Source\PSoC5/ErikaOS_cortex_mx_ee_context.c ****   }
  94:Generated_Source\PSoC5/ErikaOS_cortex_mx_ee_context.c ****   return need_context_change;
  95:Generated_Source\PSoC5/ErikaOS_cortex_mx_ee_context.c **** }
 119              		.loc 1 95 0
 120 001e 7047     		bx	lr
 121              	.L9:
 122              		.align	2
 123              	.L8:
 124 0020 00000000 		.word	EE_std_thread_tos
 125 0024 00000000 		.word	EE_cortex_mx_active_tos
 126              		.cfi_endproc
 127              	.LFE60:
 128              		.size	EE_std_need_context_change, .-EE_std_need_context_change
 129              		.text
 130              	.Letext0:
 131              		.file 3 "Generated_Source\\PSoC5\\ErikaOS_common_ee_types.inc"
 132              		.file 4 "Generated_Source\\PSoC5\\ErikaOS_ee_oo_common.inc"
 133              		.file 5 "Generated_Source\\PSoC5\\ErikaOS_common_ee_hal_structs.inc"
 134              		.file 6 "Generated_Source\\PSoC5\\ErikaOS_common_ee_primitives.inc"
 135              		.file 7 "Generated_Source\\PSoC5\\ErikaOS_cortex_mx_ee_context.inc"
 136              		.file 8 "Generated_Source\\PSoC5\\ErikaOS_ee_oo_intfunc.inc"
 137              		.file 9 "Generated_Source\\PSoC5\\ErikaOS_ee_oo_internal.inc"
 138              		.section	.debug_info,"",%progbits
 139              	.Ldebug_info0:
 140 0000 31030000 		.4byte	0x331
 141 0004 0400     		.2byte	0x4
 142 0006 00000000 		.4byte	.Ldebug_abbrev0
 143 000a 04       		.byte	0x4
 144 000b 01       		.uleb128 0x1
 145 000c 5D030000 		.4byte	.LASF49
 146 0010 0C       		.byte	0xc
 147 0011 A5020000 		.4byte	.LASF50
 148 0015 52000000 		.4byte	.LASF51
 149 0019 00000000 		.4byte	.Ldebug_ranges0+0
ARM GAS  C:\Users\rbhar\AppData\Local\Temp\ccSpFYbm.s 			page 9


 150 001d 00000000 		.4byte	0
 151 0021 00000000 		.4byte	.Ldebug_line0
 152 0025 02       		.uleb128 0x2
 153 0026 01       		.byte	0x1
 154 0027 06       		.byte	0x6
 155 0028 CD010000 		.4byte	.LASF0
 156 002c 02       		.uleb128 0x2
 157 002d 01       		.byte	0x1
 158 002e 08       		.byte	0x8
 159 002f 8B010000 		.4byte	.LASF1
 160 0033 02       		.uleb128 0x2
 161 0034 02       		.byte	0x2
 162 0035 05       		.byte	0x5
 163 0036 BB000000 		.4byte	.LASF2
 164 003a 02       		.uleb128 0x2
 165 003b 02       		.byte	0x2
 166 003c 07       		.byte	0x7
 167 003d 4F020000 		.4byte	.LASF3
 168 0041 02       		.uleb128 0x2
 169 0042 04       		.byte	0x4
 170 0043 05       		.byte	0x5
 171 0044 4E010000 		.4byte	.LASF4
 172 0048 02       		.uleb128 0x2
 173 0049 04       		.byte	0x4
 174 004a 07       		.byte	0x7
 175 004b 93020000 		.4byte	.LASF5
 176 004f 02       		.uleb128 0x2
 177 0050 08       		.byte	0x8
 178 0051 05       		.byte	0x5
 179 0052 28010000 		.4byte	.LASF6
 180 0056 02       		.uleb128 0x2
 181 0057 08       		.byte	0x8
 182 0058 07       		.byte	0x7
 183 0059 D9010000 		.4byte	.LASF7
 184 005d 03       		.uleb128 0x3
 185 005e 04       		.byte	0x4
 186 005f 05       		.byte	0x5
 187 0060 696E7400 		.ascii	"int\000"
 188 0064 02       		.uleb128 0x2
 189 0065 04       		.byte	0x4
 190 0066 07       		.byte	0x7
 191 0067 02020000 		.4byte	.LASF8
 192 006b 02       		.uleb128 0x2
 193 006c 08       		.byte	0x8
 194 006d 04       		.byte	0x4
 195 006e 7F010000 		.4byte	.LASF9
 196 0072 04       		.uleb128 0x4
 197 0073 36010000 		.4byte	.LASF10
 198 0077 03       		.byte	0x3
 199 0078 3F       		.byte	0x3f
 200 0079 25000000 		.4byte	0x25
 201 007d 04       		.uleb128 0x4
 202 007e 62020000 		.4byte	.LASF11
 203 0082 03       		.byte	0x3
 204 0083 52       		.byte	0x52
 205 0084 3A000000 		.4byte	0x3a
 206 0088 04       		.uleb128 0x4
ARM GAS  C:\Users\rbhar\AppData\Local\Temp\ccSpFYbm.s 			page 10


 207 0089 46020000 		.4byte	.LASF12
 208 008d 03       		.byte	0x3
 209 008e 53       		.byte	0x53
 210 008f 5D000000 		.4byte	0x5d
 211 0093 04       		.uleb128 0x4
 212 0094 D6000000 		.4byte	.LASF13
 213 0098 03       		.byte	0x3
 214 0099 54       		.byte	0x54
 215 009a 64000000 		.4byte	0x64
 216 009e 04       		.uleb128 0x4
 217 009f 26000000 		.4byte	.LASF14
 218 00a3 02       		.byte	0x2
 219 00a4 4D       		.byte	0x4d
 220 00a5 93000000 		.4byte	0x93
 221 00a9 04       		.uleb128 0x4
 222 00aa CE000000 		.4byte	.LASF15
 223 00ae 02       		.byte	0x2
 224 00af 4F       		.byte	0x4f
 225 00b0 93000000 		.4byte	0x93
 226 00b4 04       		.uleb128 0x4
 227 00b5 DB020000 		.4byte	.LASF16
 228 00b9 02       		.byte	0x2
 229 00ba 54       		.byte	0x54
 230 00bb 9E000000 		.4byte	0x9e
 231 00bf 04       		.uleb128 0x4
 232 00c0 F1000000 		.4byte	.LASF17
 233 00c4 02       		.byte	0x2
 234 00c5 78       		.byte	0x78
 235 00c6 88000000 		.4byte	0x88
 236 00ca 04       		.uleb128 0x4
 237 00cb 0A030000 		.4byte	.LASF18
 238 00cf 02       		.byte	0x2
 239 00d0 7B       		.byte	0x7b
 240 00d1 93000000 		.4byte	0x93
 241 00d5 05       		.uleb128 0x5
 242 00d6 3E010000 		.4byte	.LASF19
 243 00da 04       		.byte	0x4
 244 00db 0801     		.2byte	0x108
 245 00dd 7D000000 		.4byte	0x7d
 246 00e1 06       		.uleb128 0x6
 247 00e2 F3020000 		.4byte	.LASF20
 248 00e6 02       		.byte	0x2
 249 00e7 B4       		.byte	0xb4
 250 00e8 03       		.byte	0x3
 251 00e9 06       		.uleb128 0x6
 252 00ea 99010000 		.4byte	.LASF21
 253 00ee 02       		.byte	0x2
 254 00ef C8       		.byte	0xc8
 255 00f0 03       		.byte	0x3
 256 00f1 07       		.uleb128 0x7
 257 00f2 0F020000 		.4byte	.LASF22
 258 00f6 02       		.byte	0x2
 259 00f7 9C01     		.2byte	0x19c
 260 00f9 03       		.byte	0x3
 261 00fa 07       		.uleb128 0x7
 262 00fb 2E000000 		.4byte	.LASF23
 263 00ff 02       		.byte	0x2
ARM GAS  C:\Users\rbhar\AppData\Local\Temp\ccSpFYbm.s 			page 11


 264 0100 9601     		.2byte	0x196
 265 0102 03       		.byte	0x3
 266 0103 08       		.uleb128 0x8
 267 0104 03040000 		.4byte	.LASF24
 268 0108 01       		.byte	0x1
 269 0109 3A       		.byte	0x3a
 270 010a BF000000 		.4byte	0xbf
 271 010e 00000000 		.4byte	.LFB59
 272 0112 18000000 		.4byte	.LFE59-.LFB59
 273 0116 01       		.uleb128 0x1
 274 0117 9C       		.byte	0x9c
 275 0118 86010000 		.4byte	0x186
 276 011c 09       		.uleb128 0x9
 277 011d 74696400 		.ascii	"tid\000"
 278 0121 01       		.byte	0x1
 279 0122 3A       		.byte	0x3a
 280 0123 BF000000 		.4byte	0xbf
 281 0127 00000000 		.4byte	.LLST0
 282 012b 0A       		.uleb128 0xa
 283 012c FA000000 		.4byte	0xfa
 284 0130 02000000 		.4byte	.LBB14
 285 0134 02000000 		.4byte	.LBE14-.LBB14
 286 0138 01       		.byte	0x1
 287 0139 3C       		.byte	0x3c
 288 013a 4F010000 		.4byte	0x14f
 289 013e 0B       		.uleb128 0xb
 290 013f E1000000 		.4byte	0xe1
 291 0143 02000000 		.4byte	.LBB15
 292 0147 02000000 		.4byte	.LBE15-.LBB15
 293 014b 02       		.byte	0x2
 294 014c 9801     		.2byte	0x198
 295 014e 00       		.byte	0
 296 014f 0A       		.uleb128 0xa
 297 0150 F1000000 		.4byte	0xf1
 298 0154 08000000 		.4byte	.LBB17
 299 0158 02000000 		.4byte	.LBE17-.LBB17
 300 015c 01       		.byte	0x1
 301 015d 48       		.byte	0x48
 302 015e 73010000 		.4byte	0x173
 303 0162 0B       		.uleb128 0xb
 304 0163 E9000000 		.4byte	0xe9
 305 0167 08000000 		.4byte	.LBB18
 306 016b 02000000 		.4byte	.LBE18-.LBB18
 307 016f 02       		.byte	0x2
 308 0170 9E01     		.2byte	0x19e
 309 0172 00       		.byte	0
 310 0173 0C       		.uleb128 0xc
 311 0174 08000000 		.4byte	.LVL1
 312 0178 1C030000 		.4byte	0x31c
 313 017c 0C       		.uleb128 0xc
 314 017d 0E000000 		.4byte	.LVL2
 315 0181 28030000 		.4byte	0x328
 316 0185 00       		.byte	0
 317 0186 08       		.uleb128 0x8
 318 0187 F8000000 		.4byte	.LASF25
 319 018b 01       		.byte	0x1
 320 018c 4F       		.byte	0x4f
ARM GAS  C:\Users\rbhar\AppData\Local\Temp\ccSpFYbm.s 			page 12


 321 018d 5D000000 		.4byte	0x5d
 322 0191 00000000 		.4byte	.LFB60
 323 0195 28000000 		.4byte	.LFE60-.LFB60
 324 0199 01       		.uleb128 0x1
 325 019a 9C       		.byte	0x9c
 326 019b CD010000 		.4byte	0x1cd
 327 019f 09       		.uleb128 0x9
 328 01a0 74696400 		.ascii	"tid\000"
 329 01a4 01       		.byte	0x1
 330 01a5 4F       		.byte	0x4f
 331 01a6 BF000000 		.4byte	0xbf
 332 01aa 21000000 		.4byte	.LLST1
 333 01ae 0D       		.uleb128 0xd
 334 01af C8010000 		.4byte	.LASF26
 335 01b3 01       		.byte	0x1
 336 01b4 54       		.byte	0x54
 337 01b5 CA000000 		.4byte	0xca
 338 01b9 5B000000 		.4byte	.LLST2
 339 01bd 0D       		.uleb128 0xd
 340 01be 6C020000 		.4byte	.LASF27
 341 01c2 01       		.byte	0x1
 342 01c3 55       		.byte	0x55
 343 01c4 5D000000 		.4byte	0x5d
 344 01c8 8F000000 		.4byte	.LLST3
 345 01cc 00       		.byte	0
 346 01cd 0E       		.uleb128 0xe
 347 01ce E4010000 		.4byte	0x1e4
 348 01d2 DD010000 		.4byte	0x1dd
 349 01d6 0F       		.uleb128 0xf
 350 01d7 DD010000 		.4byte	0x1dd
 351 01db 01       		.byte	0x1
 352 01dc 00       		.byte	0
 353 01dd 02       		.uleb128 0x2
 354 01de 04       		.byte	0x4
 355 01df 07       		.byte	0x7
 356 01e0 C5000000 		.4byte	.LASF28
 357 01e4 10       		.uleb128 0x10
 358 01e5 9E000000 		.4byte	0x9e
 359 01e9 11       		.uleb128 0x11
 360 01ea F0010000 		.4byte	.LASF29
 361 01ee 05       		.byte	0x5
 362 01ef 67       		.byte	0x67
 363 01f0 F4010000 		.4byte	0x1f4
 364 01f4 10       		.uleb128 0x10
 365 01f5 CD010000 		.4byte	0x1cd
 366 01f9 11       		.uleb128 0x11
 367 01fa 00000000 		.4byte	.LASF30
 368 01fe 02       		.byte	0x2
 369 01ff A3       		.byte	0xa3
 370 0200 9E000000 		.4byte	0x9e
 371 0204 11       		.uleb128 0x11
 372 0205 13010000 		.4byte	.LASF31
 373 0209 06       		.byte	0x6
 374 020a 44       		.byte	0x44
 375 020b 9E000000 		.4byte	0x9e
 376 020f 11       		.uleb128 0x11
 377 0210 2D020000 		.4byte	.LASF32
ARM GAS  C:\Users\rbhar\AppData\Local\Temp\ccSpFYbm.s 			page 13


 378 0214 07       		.byte	0x7
 379 0215 48       		.byte	0x48
 380 0216 BF000000 		.4byte	0xbf
 381 021a 0E       		.uleb128 0xe
 382 021b E4010000 		.4byte	0x1e4
 383 021f 2A020000 		.4byte	0x22a
 384 0223 0F       		.uleb128 0xf
 385 0224 DD010000 		.4byte	0x1dd
 386 0228 00       		.byte	0
 387 0229 00       		.byte	0
 388 022a 11       		.uleb128 0x11
 389 022b E0000000 		.4byte	.LASF33
 390 022f 04       		.byte	0x4
 391 0230 B2       		.byte	0xb2
 392 0231 35020000 		.4byte	0x235
 393 0235 10       		.uleb128 0x10
 394 0236 1A020000 		.4byte	0x21a
 395 023a 11       		.uleb128 0x11
 396 023b 2C030000 		.4byte	.LASF34
 397 023f 04       		.byte	0x4
 398 0240 B3       		.byte	0xb3
 399 0241 45020000 		.4byte	0x245
 400 0245 10       		.uleb128 0x10
 401 0246 1A020000 		.4byte	0x21a
 402 024a 0E       		.uleb128 0xe
 403 024b 9E000000 		.4byte	0x9e
 404 024f 5A020000 		.4byte	0x25a
 405 0253 0F       		.uleb128 0xf
 406 0254 DD010000 		.4byte	0x1dd
 407 0258 00       		.byte	0
 408 0259 00       		.byte	0
 409 025a 11       		.uleb128 0x11
 410 025b 1F030000 		.4byte	.LASF35
 411 025f 04       		.byte	0x4
 412 0260 C1       		.byte	0xc1
 413 0261 4A020000 		.4byte	0x24a
 414 0265 0E       		.uleb128 0xe
 415 0266 BF000000 		.4byte	0xbf
 416 026a 75020000 		.4byte	0x275
 417 026e 0F       		.uleb128 0xf
 418 026f DD010000 		.4byte	0x1dd
 419 0273 00       		.byte	0
 420 0274 00       		.byte	0
 421 0275 11       		.uleb128 0x11
 422 0276 40030000 		.4byte	.LASF36
 423 027a 04       		.byte	0x4
 424 027b C9       		.byte	0xc9
 425 027c 65020000 		.4byte	0x265
 426 0280 11       		.uleb128 0x11
 427 0281 21020000 		.4byte	.LASF37
 428 0285 04       		.byte	0x4
 429 0286 D1       		.byte	0xd1
 430 0287 4A020000 		.4byte	0x24a
 431 028b 11       		.uleb128 0x11
 432 028c E7020000 		.4byte	.LASF38
 433 0290 04       		.byte	0x4
 434 0291 D9       		.byte	0xd9
ARM GAS  C:\Users\rbhar\AppData\Local\Temp\ccSpFYbm.s 			page 14


 435 0292 BF000000 		.4byte	0xbf
 436 0296 11       		.uleb128 0x11
 437 0297 70010000 		.4byte	.LASF39
 438 029b 04       		.byte	0x4
 439 029c EE       		.byte	0xee
 440 029d 9E000000 		.4byte	0x9e
 441 02a1 12       		.uleb128 0x12
 442 02a2 18000000 		.4byte	.LASF40
 443 02a6 04       		.byte	0x4
 444 02a7 3601     		.2byte	0x136
 445 02a9 D5000000 		.4byte	0xd5
 446 02ad 12       		.uleb128 0x12
 447 02ae 3F000000 		.4byte	.LASF41
 448 02b2 04       		.byte	0x4
 449 02b3 5301     		.2byte	0x153
 450 02b5 4A020000 		.4byte	0x24a
 451 02b9 0E       		.uleb128 0xe
 452 02ba B4000000 		.4byte	0xb4
 453 02be C9020000 		.4byte	0x2c9
 454 02c2 0F       		.uleb128 0xf
 455 02c3 DD010000 		.4byte	0x1dd
 456 02c7 00       		.byte	0
 457 02c8 00       		.byte	0
 458 02c9 12       		.uleb128 0x12
 459 02ca AA000000 		.4byte	.LASF42
 460 02ce 04       		.byte	0x4
 461 02cf 5E01     		.2byte	0x15e
 462 02d1 B9020000 		.4byte	0x2b9
 463 02d5 11       		.uleb128 0x11
 464 02d6 EB030000 		.4byte	.LASF43
 465 02da 08       		.byte	0x8
 466 02db 40       		.byte	0x40
 467 02dc 9E000000 		.4byte	0x9e
 468 02e0 11       		.uleb128 0x11
 469 02e1 57010000 		.4byte	.LASF44
 470 02e5 08       		.byte	0x8
 471 02e6 47       		.byte	0x47
 472 02e7 A9000000 		.4byte	0xa9
 473 02eb 11       		.uleb128 0x11
 474 02ec 80020000 		.4byte	.LASF45
 475 02f0 08       		.byte	0x8
 476 02f1 4A       		.byte	0x4a
 477 02f2 9E000000 		.4byte	0x9e
 478 02f6 0E       		.uleb128 0xe
 479 02f7 06030000 		.4byte	0x306
 480 02fb 06030000 		.4byte	0x306
 481 02ff 0F       		.uleb128 0xf
 482 0300 DD010000 		.4byte	0x1dd
 483 0304 FF       		.byte	0xff
 484 0305 00       		.byte	0
 485 0306 10       		.uleb128 0x10
 486 0307 72000000 		.4byte	0x72
 487 030b 12       		.uleb128 0x12
 488 030c 12030000 		.4byte	.LASF46
 489 0310 09       		.byte	0x9
 490 0311 AB01     		.2byte	0x1ab
 491 0313 17030000 		.4byte	0x317
ARM GAS  C:\Users\rbhar\AppData\Local\Temp\ccSpFYbm.s 			page 15


 492 0317 10       		.uleb128 0x10
 493 0318 F6020000 		.4byte	0x2f6
 494 031c 13       		.uleb128 0x13
 495 031d 4B030000 		.4byte	.LASF47
 496 0321 4B030000 		.4byte	.LASF47
 497 0325 04       		.byte	0x4
 498 0326 DE01     		.2byte	0x1de
 499 0328 13       		.uleb128 0x13
 500 0329 B1010000 		.4byte	.LASF48
 501 032d B1010000 		.4byte	.LASF48
 502 0331 09       		.byte	0x9
 503 0332 1002     		.2byte	0x210
 504 0334 00       		.byte	0
 505              		.section	.debug_abbrev,"",%progbits
 506              	.Ldebug_abbrev0:
 507 0000 01       		.uleb128 0x1
 508 0001 11       		.uleb128 0x11
 509 0002 01       		.byte	0x1
 510 0003 25       		.uleb128 0x25
 511 0004 0E       		.uleb128 0xe
 512 0005 13       		.uleb128 0x13
 513 0006 0B       		.uleb128 0xb
 514 0007 03       		.uleb128 0x3
 515 0008 0E       		.uleb128 0xe
 516 0009 1B       		.uleb128 0x1b
 517 000a 0E       		.uleb128 0xe
 518 000b 55       		.uleb128 0x55
 519 000c 17       		.uleb128 0x17
 520 000d 11       		.uleb128 0x11
 521 000e 01       		.uleb128 0x1
 522 000f 10       		.uleb128 0x10
 523 0010 17       		.uleb128 0x17
 524 0011 00       		.byte	0
 525 0012 00       		.byte	0
 526 0013 02       		.uleb128 0x2
 527 0014 24       		.uleb128 0x24
 528 0015 00       		.byte	0
 529 0016 0B       		.uleb128 0xb
 530 0017 0B       		.uleb128 0xb
 531 0018 3E       		.uleb128 0x3e
 532 0019 0B       		.uleb128 0xb
 533 001a 03       		.uleb128 0x3
 534 001b 0E       		.uleb128 0xe
 535 001c 00       		.byte	0
 536 001d 00       		.byte	0
 537 001e 03       		.uleb128 0x3
 538 001f 24       		.uleb128 0x24
 539 0020 00       		.byte	0
 540 0021 0B       		.uleb128 0xb
 541 0022 0B       		.uleb128 0xb
 542 0023 3E       		.uleb128 0x3e
 543 0024 0B       		.uleb128 0xb
 544 0025 03       		.uleb128 0x3
 545 0026 08       		.uleb128 0x8
 546 0027 00       		.byte	0
 547 0028 00       		.byte	0
 548 0029 04       		.uleb128 0x4
ARM GAS  C:\Users\rbhar\AppData\Local\Temp\ccSpFYbm.s 			page 16


 549 002a 16       		.uleb128 0x16
 550 002b 00       		.byte	0
 551 002c 03       		.uleb128 0x3
 552 002d 0E       		.uleb128 0xe
 553 002e 3A       		.uleb128 0x3a
 554 002f 0B       		.uleb128 0xb
 555 0030 3B       		.uleb128 0x3b
 556 0031 0B       		.uleb128 0xb
 557 0032 49       		.uleb128 0x49
 558 0033 13       		.uleb128 0x13
 559 0034 00       		.byte	0
 560 0035 00       		.byte	0
 561 0036 05       		.uleb128 0x5
 562 0037 16       		.uleb128 0x16
 563 0038 00       		.byte	0
 564 0039 03       		.uleb128 0x3
 565 003a 0E       		.uleb128 0xe
 566 003b 3A       		.uleb128 0x3a
 567 003c 0B       		.uleb128 0xb
 568 003d 3B       		.uleb128 0x3b
 569 003e 05       		.uleb128 0x5
 570 003f 49       		.uleb128 0x49
 571 0040 13       		.uleb128 0x13
 572 0041 00       		.byte	0
 573 0042 00       		.byte	0
 574 0043 06       		.uleb128 0x6
 575 0044 2E       		.uleb128 0x2e
 576 0045 00       		.byte	0
 577 0046 03       		.uleb128 0x3
 578 0047 0E       		.uleb128 0xe
 579 0048 3A       		.uleb128 0x3a
 580 0049 0B       		.uleb128 0xb
 581 004a 3B       		.uleb128 0x3b
 582 004b 0B       		.uleb128 0xb
 583 004c 27       		.uleb128 0x27
 584 004d 19       		.uleb128 0x19
 585 004e 20       		.uleb128 0x20
 586 004f 0B       		.uleb128 0xb
 587 0050 00       		.byte	0
 588 0051 00       		.byte	0
 589 0052 07       		.uleb128 0x7
 590 0053 2E       		.uleb128 0x2e
 591 0054 00       		.byte	0
 592 0055 03       		.uleb128 0x3
 593 0056 0E       		.uleb128 0xe
 594 0057 3A       		.uleb128 0x3a
 595 0058 0B       		.uleb128 0xb
 596 0059 3B       		.uleb128 0x3b
 597 005a 05       		.uleb128 0x5
 598 005b 27       		.uleb128 0x27
 599 005c 19       		.uleb128 0x19
 600 005d 20       		.uleb128 0x20
 601 005e 0B       		.uleb128 0xb
 602 005f 00       		.byte	0
 603 0060 00       		.byte	0
 604 0061 08       		.uleb128 0x8
 605 0062 2E       		.uleb128 0x2e
ARM GAS  C:\Users\rbhar\AppData\Local\Temp\ccSpFYbm.s 			page 17


 606 0063 01       		.byte	0x1
 607 0064 3F       		.uleb128 0x3f
 608 0065 19       		.uleb128 0x19
 609 0066 03       		.uleb128 0x3
 610 0067 0E       		.uleb128 0xe
 611 0068 3A       		.uleb128 0x3a
 612 0069 0B       		.uleb128 0xb
 613 006a 3B       		.uleb128 0x3b
 614 006b 0B       		.uleb128 0xb
 615 006c 27       		.uleb128 0x27
 616 006d 19       		.uleb128 0x19
 617 006e 49       		.uleb128 0x49
 618 006f 13       		.uleb128 0x13
 619 0070 11       		.uleb128 0x11
 620 0071 01       		.uleb128 0x1
 621 0072 12       		.uleb128 0x12
 622 0073 06       		.uleb128 0x6
 623 0074 40       		.uleb128 0x40
 624 0075 18       		.uleb128 0x18
 625 0076 9742     		.uleb128 0x2117
 626 0078 19       		.uleb128 0x19
 627 0079 01       		.uleb128 0x1
 628 007a 13       		.uleb128 0x13
 629 007b 00       		.byte	0
 630 007c 00       		.byte	0
 631 007d 09       		.uleb128 0x9
 632 007e 05       		.uleb128 0x5
 633 007f 00       		.byte	0
 634 0080 03       		.uleb128 0x3
 635 0081 08       		.uleb128 0x8
 636 0082 3A       		.uleb128 0x3a
 637 0083 0B       		.uleb128 0xb
 638 0084 3B       		.uleb128 0x3b
 639 0085 0B       		.uleb128 0xb
 640 0086 49       		.uleb128 0x49
 641 0087 13       		.uleb128 0x13
 642 0088 02       		.uleb128 0x2
 643 0089 17       		.uleb128 0x17
 644 008a 00       		.byte	0
 645 008b 00       		.byte	0
 646 008c 0A       		.uleb128 0xa
 647 008d 1D       		.uleb128 0x1d
 648 008e 01       		.byte	0x1
 649 008f 31       		.uleb128 0x31
 650 0090 13       		.uleb128 0x13
 651 0091 11       		.uleb128 0x11
 652 0092 01       		.uleb128 0x1
 653 0093 12       		.uleb128 0x12
 654 0094 06       		.uleb128 0x6
 655 0095 58       		.uleb128 0x58
 656 0096 0B       		.uleb128 0xb
 657 0097 59       		.uleb128 0x59
 658 0098 0B       		.uleb128 0xb
 659 0099 01       		.uleb128 0x1
 660 009a 13       		.uleb128 0x13
 661 009b 00       		.byte	0
 662 009c 00       		.byte	0
ARM GAS  C:\Users\rbhar\AppData\Local\Temp\ccSpFYbm.s 			page 18


 663 009d 0B       		.uleb128 0xb
 664 009e 1D       		.uleb128 0x1d
 665 009f 00       		.byte	0
 666 00a0 31       		.uleb128 0x31
 667 00a1 13       		.uleb128 0x13
 668 00a2 11       		.uleb128 0x11
 669 00a3 01       		.uleb128 0x1
 670 00a4 12       		.uleb128 0x12
 671 00a5 06       		.uleb128 0x6
 672 00a6 58       		.uleb128 0x58
 673 00a7 0B       		.uleb128 0xb
 674 00a8 59       		.uleb128 0x59
 675 00a9 05       		.uleb128 0x5
 676 00aa 00       		.byte	0
 677 00ab 00       		.byte	0
 678 00ac 0C       		.uleb128 0xc
 679 00ad 898201   		.uleb128 0x4109
 680 00b0 00       		.byte	0
 681 00b1 11       		.uleb128 0x11
 682 00b2 01       		.uleb128 0x1
 683 00b3 31       		.uleb128 0x31
 684 00b4 13       		.uleb128 0x13
 685 00b5 00       		.byte	0
 686 00b6 00       		.byte	0
 687 00b7 0D       		.uleb128 0xd
 688 00b8 34       		.uleb128 0x34
 689 00b9 00       		.byte	0
 690 00ba 03       		.uleb128 0x3
 691 00bb 0E       		.uleb128 0xe
 692 00bc 3A       		.uleb128 0x3a
 693 00bd 0B       		.uleb128 0xb
 694 00be 3B       		.uleb128 0x3b
 695 00bf 0B       		.uleb128 0xb
 696 00c0 49       		.uleb128 0x49
 697 00c1 13       		.uleb128 0x13
 698 00c2 02       		.uleb128 0x2
 699 00c3 17       		.uleb128 0x17
 700 00c4 00       		.byte	0
 701 00c5 00       		.byte	0
 702 00c6 0E       		.uleb128 0xe
 703 00c7 01       		.uleb128 0x1
 704 00c8 01       		.byte	0x1
 705 00c9 49       		.uleb128 0x49
 706 00ca 13       		.uleb128 0x13
 707 00cb 01       		.uleb128 0x1
 708 00cc 13       		.uleb128 0x13
 709 00cd 00       		.byte	0
 710 00ce 00       		.byte	0
 711 00cf 0F       		.uleb128 0xf
 712 00d0 21       		.uleb128 0x21
 713 00d1 00       		.byte	0
 714 00d2 49       		.uleb128 0x49
 715 00d3 13       		.uleb128 0x13
 716 00d4 2F       		.uleb128 0x2f
 717 00d5 0B       		.uleb128 0xb
 718 00d6 00       		.byte	0
 719 00d7 00       		.byte	0
ARM GAS  C:\Users\rbhar\AppData\Local\Temp\ccSpFYbm.s 			page 19


 720 00d8 10       		.uleb128 0x10
 721 00d9 26       		.uleb128 0x26
 722 00da 00       		.byte	0
 723 00db 49       		.uleb128 0x49
 724 00dc 13       		.uleb128 0x13
 725 00dd 00       		.byte	0
 726 00de 00       		.byte	0
 727 00df 11       		.uleb128 0x11
 728 00e0 34       		.uleb128 0x34
 729 00e1 00       		.byte	0
 730 00e2 03       		.uleb128 0x3
 731 00e3 0E       		.uleb128 0xe
 732 00e4 3A       		.uleb128 0x3a
 733 00e5 0B       		.uleb128 0xb
 734 00e6 3B       		.uleb128 0x3b
 735 00e7 0B       		.uleb128 0xb
 736 00e8 49       		.uleb128 0x49
 737 00e9 13       		.uleb128 0x13
 738 00ea 3F       		.uleb128 0x3f
 739 00eb 19       		.uleb128 0x19
 740 00ec 3C       		.uleb128 0x3c
 741 00ed 19       		.uleb128 0x19
 742 00ee 00       		.byte	0
 743 00ef 00       		.byte	0
 744 00f0 12       		.uleb128 0x12
 745 00f1 34       		.uleb128 0x34
 746 00f2 00       		.byte	0
 747 00f3 03       		.uleb128 0x3
 748 00f4 0E       		.uleb128 0xe
 749 00f5 3A       		.uleb128 0x3a
 750 00f6 0B       		.uleb128 0xb
 751 00f7 3B       		.uleb128 0x3b
 752 00f8 05       		.uleb128 0x5
 753 00f9 49       		.uleb128 0x49
 754 00fa 13       		.uleb128 0x13
 755 00fb 3F       		.uleb128 0x3f
 756 00fc 19       		.uleb128 0x19
 757 00fd 3C       		.uleb128 0x3c
 758 00fe 19       		.uleb128 0x19
 759 00ff 00       		.byte	0
 760 0100 00       		.byte	0
 761 0101 13       		.uleb128 0x13
 762 0102 2E       		.uleb128 0x2e
 763 0103 00       		.byte	0
 764 0104 3F       		.uleb128 0x3f
 765 0105 19       		.uleb128 0x19
 766 0106 3C       		.uleb128 0x3c
 767 0107 19       		.uleb128 0x19
 768 0108 6E       		.uleb128 0x6e
 769 0109 0E       		.uleb128 0xe
 770 010a 03       		.uleb128 0x3
 771 010b 0E       		.uleb128 0xe
 772 010c 3A       		.uleb128 0x3a
 773 010d 0B       		.uleb128 0xb
 774 010e 3B       		.uleb128 0x3b
 775 010f 05       		.uleb128 0x5
 776 0110 00       		.byte	0
ARM GAS  C:\Users\rbhar\AppData\Local\Temp\ccSpFYbm.s 			page 20


 777 0111 00       		.byte	0
 778 0112 00       		.byte	0
 779              		.section	.debug_loc,"",%progbits
 780              	.Ldebug_loc0:
 781              	.LLST0:
 782 0000 00000000 		.4byte	.LVL0
 783 0004 07000000 		.4byte	.LVL1-1
 784 0008 0100     		.2byte	0x1
 785 000a 50       		.byte	0x50
 786 000b 07000000 		.4byte	.LVL1-1
 787 000f 18000000 		.4byte	.LFE59
 788 0013 0400     		.2byte	0x4
 789 0015 F3       		.byte	0xf3
 790 0016 01       		.uleb128 0x1
 791 0017 50       		.byte	0x50
 792 0018 9F       		.byte	0x9f
 793 0019 00000000 		.4byte	0
 794 001d 00000000 		.4byte	0
 795              	.LLST1:
 796 0021 00000000 		.4byte	.LVL3
 797 0025 08000000 		.4byte	.LVL4
 798 0029 0100     		.2byte	0x1
 799 002b 50       		.byte	0x50
 800 002c 08000000 		.4byte	.LVL4
 801 0030 1C000000 		.4byte	.LVL8
 802 0034 0400     		.2byte	0x4
 803 0036 F3       		.byte	0xf3
 804 0037 01       		.uleb128 0x1
 805 0038 50       		.byte	0x50
 806 0039 9F       		.byte	0x9f
 807 003a 1C000000 		.4byte	.LVL8
 808 003e 1E000000 		.4byte	.LVL9
 809 0042 0100     		.2byte	0x1
 810 0044 50       		.byte	0x50
 811 0045 1E000000 		.4byte	.LVL9
 812 0049 28000000 		.4byte	.LFE60
 813 004d 0400     		.2byte	0x4
 814 004f F3       		.byte	0xf3
 815 0050 01       		.uleb128 0x1
 816 0051 50       		.byte	0x50
 817 0052 9F       		.byte	0x9f
 818 0053 00000000 		.4byte	0
 819 0057 00000000 		.4byte	0
 820              	.LLST2:
 821 005b 08000000 		.4byte	.LVL4
 822 005f 0A000000 		.4byte	.LVL5
 823 0063 0100     		.2byte	0x1
 824 0065 50       		.byte	0x50
 825 0066 0A000000 		.4byte	.LVL5
 826 006a 10000000 		.4byte	.LVL6
 827 006e 0300     		.2byte	0x3
 828 0070 70       		.byte	0x70
 829 0071 7F       		.sleb128 -1
 830 0072 9F       		.byte	0x9f
 831 0073 10000000 		.4byte	.LVL6
 832 0077 1C000000 		.4byte	.LVL8
 833 007b 0A00     		.2byte	0xa
ARM GAS  C:\Users\rbhar\AppData\Local\Temp\ccSpFYbm.s 			page 21


 834 007d F3       		.byte	0xf3
 835 007e 01       		.uleb128 0x1
 836 007f 50       		.byte	0x50
 837 0080 0C       		.byte	0xc
 838 0081 FFFFFF7F 		.4byte	0x7fffffff
 839 0085 1A       		.byte	0x1a
 840 0086 9F       		.byte	0x9f
 841 0087 00000000 		.4byte	0
 842 008b 00000000 		.4byte	0
 843              	.LLST3:
 844 008f 00000000 		.4byte	.LVL3
 845 0093 1A000000 		.4byte	.LVL7
 846 0097 0200     		.2byte	0x2
 847 0099 31       		.byte	0x31
 848 009a 9F       		.byte	0x9f
 849 009b 1A000000 		.4byte	.LVL7
 850 009f 1C000000 		.4byte	.LVL8
 851 00a3 0100     		.2byte	0x1
 852 00a5 50       		.byte	0x50
 853 00a6 1C000000 		.4byte	.LVL8
 854 00aa 1E000000 		.4byte	.LVL9
 855 00ae 0200     		.2byte	0x2
 856 00b0 31       		.byte	0x31
 857 00b1 9F       		.byte	0x9f
 858 00b2 1E000000 		.4byte	.LVL9
 859 00b6 28000000 		.4byte	.LFE60
 860 00ba 0100     		.2byte	0x1
 861 00bc 50       		.byte	0x50
 862 00bd 00000000 		.4byte	0
 863 00c1 00000000 		.4byte	0
 864              		.section	.debug_aranges,"",%progbits
 865 0000 24000000 		.4byte	0x24
 866 0004 0200     		.2byte	0x2
 867 0006 00000000 		.4byte	.Ldebug_info0
 868 000a 04       		.byte	0x4
 869 000b 00       		.byte	0
 870 000c 0000     		.2byte	0
 871 000e 0000     		.2byte	0
 872 0010 00000000 		.4byte	.LFB59
 873 0014 18000000 		.4byte	.LFE59-.LFB59
 874 0018 00000000 		.4byte	.LFB60
 875 001c 28000000 		.4byte	.LFE60-.LFB60
 876 0020 00000000 		.4byte	0
 877 0024 00000000 		.4byte	0
 878              		.section	.debug_ranges,"",%progbits
 879              	.Ldebug_ranges0:
 880 0000 00000000 		.4byte	.LFB59
 881 0004 18000000 		.4byte	.LFE59
 882 0008 00000000 		.4byte	.LFB60
 883 000c 28000000 		.4byte	.LFE60
 884 0010 00000000 		.4byte	0
 885 0014 00000000 		.4byte	0
 886              		.section	.debug_line,"",%progbits
 887              	.Ldebug_line0:
 888 0000 96010000 		.section	.debug_str,"MS",%progbits,1
 888      02004F01 
 888      00000201 
ARM GAS  C:\Users\rbhar\AppData\Local\Temp\ccSpFYbm.s 			page 22


 888      FB0E0D00 
 888      01010101 
 889              	.LASF30:
 890 0000 45455F63 		.ascii	"EE_cortex_mx_active_tos\000"
 890      6F727465 
 890      785F6D78 
 890      5F616374 
 890      6976655F 
 891              	.LASF40:
 892 0018 45455F72 		.ascii	"EE_rq_bitmask\000"
 892      715F6269 
 892      746D6173 
 892      6B00
 893              	.LASF14:
 894 0026 45455F55 		.ascii	"EE_UREG\000"
 894      52454700 
 895              	.LASF23:
 896 002e 45455F68 		.ascii	"EE_hal_enableIRQ\000"
 896      616C5F65 
 896      6E61626C 
 896      65495251 
 896      00
 897              	.LASF41:
 898 003f 45455F74 		.ascii	"EE_th_event_active\000"
 898      685F6576 
 898      656E745F 
 898      61637469 
 898      766500
 899              	.LASF51:
 900 0052 443A5C48 		.ascii	"D:\\HDA\\1_sem\\Embedded System Design\\Lab\\Assign"
 900      44415C31 
 900      5F73656D 
 900      5C456D62 
 900      65646465 
 901 0080 6D656E74 		.ascii	"ment_1\\ReactionGame_OS\\ReactionGame.cydsn\000"
 901      5F315C52 
 901      65616374 
 901      696F6E47 
 901      616D655F 
 902              	.LASF42:
 903 00aa 45455F74 		.ascii	"EE_th_waswaiting\000"
 903      685F7761 
 903      73776169 
 903      74696E67 
 903      00
 904              	.LASF2:
 905 00bb 73686F72 		.ascii	"short int\000"
 905      7420696E 
 905      7400
 906              	.LASF28:
 907 00c5 73697A65 		.ascii	"sizetype\000"
 907      74797065 
 907      00
 908              	.LASF15:
 909 00ce 45455F46 		.ascii	"EE_FREG\000"
 909      52454700 
 910              	.LASF13:
ARM GAS  C:\Users\rbhar\AppData\Local\Temp\ccSpFYbm.s 			page 23


 911 00d6 45455F55 		.ascii	"EE_UINT32\000"
 911      494E5433 
 911      3200
 912              	.LASF33:
 913 00e0 45455F74 		.ascii	"EE_th_ready_prio\000"
 913      685F7265 
 913      6164795F 
 913      7072696F 
 913      00
 914              	.LASF17:
 915 00f1 45455F54 		.ascii	"EE_TID\000"
 915      494400
 916              	.LASF25:
 917 00f8 45455F73 		.ascii	"EE_std_need_context_change\000"
 917      74645F6E 
 917      6565645F 
 917      636F6E74 
 917      6578745F 
 918              	.LASF31:
 919 0113 45455F49 		.ascii	"EE_IRQ_nesting_level\000"
 919      52515F6E 
 919      65737469 
 919      6E675F6C 
 919      6576656C 
 920              	.LASF6:
 921 0128 6C6F6E67 		.ascii	"long long int\000"
 921      206C6F6E 
 921      6720696E 
 921      7400
 922              	.LASF10:
 923 0136 45455F49 		.ascii	"EE_INT8\000"
 923      4E543800 
 924              	.LASF19:
 925 013e 45455F54 		.ascii	"EE_TYPE_RQ_MASK\000"
 925      5950455F 
 925      52515F4D 
 925      41534B00 
 926              	.LASF4:
 927 014e 6C6F6E67 		.ascii	"long int\000"
 927      20696E74 
 927      00
 928              	.LASF44:
 929 0157 45455F6F 		.ascii	"EE_oo_IRQ_suspend_status\000"
 929      6F5F4952 
 929      515F7375 
 929      7370656E 
 929      645F7374 
 930              	.LASF39:
 931 0170 45455F73 		.ascii	"EE_sys_ceiling\000"
 931      79735F63 
 931      65696C69 
 931      6E6700
 932              	.LASF9:
 933 017f 6C6F6E67 		.ascii	"long double\000"
 933      20646F75 
 933      626C6500 
 934              	.LASF1:
ARM GAS  C:\Users\rbhar\AppData\Local\Temp\ccSpFYbm.s 			page 24


 935 018b 756E7369 		.ascii	"unsigned char\000"
 935      676E6564 
 935      20636861 
 935      7200
 936              	.LASF21:
 937 0199 45455F63 		.ascii	"EE_cortex_mx_disableIRQ\000"
 937      6F727465 
 937      785F6D78 
 937      5F646973 
 937      61626C65 
 938              	.LASF48:
 939 01b1 45455F74 		.ascii	"EE_thread_end_instance\000"
 939      68726561 
 939      645F656E 
 939      645F696E 
 939      7374616E 
 940              	.LASF26:
 941 01c8 75746964 		.ascii	"utid\000"
 941      00
 942              	.LASF0:
 943 01cd 7369676E 		.ascii	"signed char\000"
 943      65642063 
 943      68617200 
 944              	.LASF7:
 945 01d9 6C6F6E67 		.ascii	"long long unsigned int\000"
 945      206C6F6E 
 945      6720756E 
 945      7369676E 
 945      65642069 
 946              	.LASF29:
 947 01f0 45455F73 		.ascii	"EE_std_thread_tos\000"
 947      74645F74 
 947      68726561 
 947      645F746F 
 947      7300
 948              	.LASF8:
 949 0202 756E7369 		.ascii	"unsigned int\000"
 949      676E6564 
 949      20696E74 
 949      00
 950              	.LASF22:
 951 020f 45455F68 		.ascii	"EE_hal_disableIRQ\000"
 951      616C5F64 
 951      69736162 
 951      6C654952 
 951      5100
 952              	.LASF37:
 953 0221 45455F74 		.ascii	"EE_th_rnact\000"
 953      685F726E 
 953      61637400 
 954              	.LASF32:
 955 022d 45455F73 		.ascii	"EE_std_endcycle_next_tid\000"
 955      74645F65 
 955      6E646379 
 955      636C655F 
 955      6E657874 
 956              	.LASF12:
ARM GAS  C:\Users\rbhar\AppData\Local\Temp\ccSpFYbm.s 			page 25


 957 0246 45455F49 		.ascii	"EE_INT32\000"
 957      4E543332 
 957      00
 958              	.LASF3:
 959 024f 73686F72 		.ascii	"short unsigned int\000"
 959      7420756E 
 959      7369676E 
 959      65642069 
 959      6E7400
 960              	.LASF11:
 961 0262 45455F55 		.ascii	"EE_UINT16\000"
 961      494E5431 
 961      3600
 962              	.LASF27:
 963 026c 6E656564 		.ascii	"need_context_change\000"
 963      5F636F6E 
 963      74657874 
 963      5F636861 
 963      6E676500 
 964              	.LASF45:
 965 0280 45455F41 		.ascii	"EE_ApplicationMode\000"
 965      70706C69 
 965      63617469 
 965      6F6E4D6F 
 965      646500
 966              	.LASF5:
 967 0293 6C6F6E67 		.ascii	"long unsigned int\000"
 967      20756E73 
 967      69676E65 
 967      6420696E 
 967      7400
 968              	.LASF50:
 969 02a5 47656E65 		.ascii	"Generated_Source\\PSoC5\\ErikaOS_cortex_mx_ee_conte"
 969      72617465 
 969      645F536F 
 969      75726365 
 969      5C50536F 
 970 02d6 78742E63 		.ascii	"xt.c\000"
 970      00
 971              	.LASF16:
 972 02db 45455F54 		.ascii	"EE_TYPEBOOL\000"
 972      59504542 
 972      4F4F4C00 
 973              	.LASF38:
 974 02e7 45455F73 		.ascii	"EE_stkfirst\000"
 974      746B6669 
 974      72737400 
 975              	.LASF20:
 976 02f3 45455F63 		.ascii	"EE_cortex_mx_enableIRQ\000"
 976      6F727465 
 976      785F6D78 
 976      5F656E61 
 976      626C6549 
 977              	.LASF18:
 978 030a 45455F55 		.ascii	"EE_UTID\000"
 978      54494400 
 979              	.LASF46:
ARM GAS  C:\Users\rbhar\AppData\Local\Temp\ccSpFYbm.s 			page 26


 980 0312 45455F72 		.ascii	"EE_rq_lookup\000"
 980      715F6C6F 
 980      6F6B7570 
 980      00
 981              	.LASF35:
 982 031f 45455F74 		.ascii	"EE_th_status\000"
 982      685F7374 
 982      61747573 
 982      00
 983              	.LASF34:
 984 032c 45455F74 		.ascii	"EE_th_dispatch_prio\000"
 984      685F6469 
 984      73706174 
 984      63685F70 
 984      72696F00 
 985              	.LASF36:
 986 0340 45455F74 		.ascii	"EE_th_next\000"
 986      685F6E65 
 986      787400
 987              	.LASF47:
 988 034b 45455F6F 		.ascii	"EE_oo_thread_stub\000"
 988      6F5F7468 
 988      72656164 
 988      5F737475 
 988      6200
 989              	.LASF49:
 990 035d 474E5520 		.ascii	"GNU C11 5.4.1 20160609 (release) [ARM/embedded-5-br"
 990      43313120 
 990      352E342E 
 990      31203230 
 990      31363036 
 991 0390 616E6368 		.ascii	"anch revision 237715] -mcpu=cortex-m3 -mthumb -g -O"
 991      20726576 
 991      6973696F 
 991      6E203233 
 991      37373135 
 992 03c3 67202D66 		.ascii	"g -ffunction-sections -ffat-lto-objects\000"
 992      66756E63 
 992      74696F6E 
 992      2D736563 
 992      74696F6E 
 993              	.LASF43:
 994 03eb 45455F6F 		.ascii	"EE_oo_IRQ_disable_count\000"
 994      6F5F4952 
 994      515F6469 
 994      7361626C 
 994      655F636F 
 995              	.LASF24:
 996 0403 45455F73 		.ascii	"EE_std_run_task_code\000"
 996      74645F72 
 996      756E5F74 
 996      61736B5F 
 996      636F6465 
 997              		.ident	"GCC: (GNU Tools for ARM Embedded Processors) 5.4.1 20160609 (release) [ARM/embedded-5-bran
