ARM GAS  C:\Users\rbhar\AppData\Local\Temp\cc2HusDL.s 			page 1


   1              		.syntax unified
   2              		.cpu cortex-m3
   3              		.fpu softvfp
   4              		.eabi_attribute 20, 1
   5              		.eabi_attribute 21, 1
   6              		.eabi_attribute 23, 3
   7              		.eabi_attribute 24, 1
   8              		.eabi_attribute 25, 1
   9              		.eabi_attribute 26, 1
  10              		.eabi_attribute 30, 1
  11              		.eabi_attribute 34, 1
  12              		.eabi_attribute 18, 4
  13              		.thumb
  14              		.syntax unified
  15              		.file	"main.c"
  16              		.text
  17              	.Ltext0:
  18              		.cfi_sections	.debug_frame
  19              		.section	.text.main,"ax",%progbits
  20              		.align	2
  21              		.global	main
  22              		.thumb
  23              		.thumb_func
  24              		.type	main, %function
  25              	main:
  26              	.LFB102:
  27              		.file 1 "source\\asw\\main.c"
   1:source\asw/main.c **** /**
   2:source\asw/main.c **** * \file <main.c>
   3:source\asw/main.c **** * \author <Bharath Ramachandraiah>
   4:source\asw/main.c **** * \date <25/09/2018>
   5:source\asw/main.c **** *
   6:source\asw/main.c **** * \brief <Symbolic File name>
   7:source\asw/main.c **** *
   8:source\asw/main.c **** * \copyright Copyright ©2016
   9:source\asw/main.c **** * Department of electrical engineering and information technology, Hochschule Darmstadt - Universit
  10:source\asw/main.c **** * Permission to use, copy, modify, and distribute this software and its documentation for education
  11:source\asw/main.c **** * (unless permitted by h_da) and official h_da projects, is hereby granted for enrolled students of
  12:source\asw/main.c **** * this paragraph and the following paragraph appear in all copies, modifications, and distributions
  13:source\asw/main.c **** * Contact Prof.Dr.-Ing. Peter Fromm, peter.fromm@h-da.de, Birkenweg 8 64295 Darmstadt - GERMANY for
  14:source\asw/main.c **** *
  15:source\asw/main.c **** * \warning This software is a PROTOTYPE version and is not designed or intended for use in producti
  16:source\asw/main.c **** * The user represents and warrants that it will NOT use or redistribute the Software for such purpo
  17:source\asw/main.c **** * This prototype is for research purposes only. This software is provided "AS IS," without a warran
  18:source\asw/main.c **** */
  19:source\asw/main.c **** /*****************************************************************************/
  20:source\asw/main.c **** /* Include files                                                             */
  21:source\asw/main.c **** /*****************************************************************************/
  22:source\asw/main.c **** #include "project.h"
  23:source\asw/main.c **** #include "global.h"
  24:source\asw/main.c **** #include "tsk_init.h"
  25:source\asw/main.c **** 
  26:source\asw/main.c **** /*****************************************************************************/
  27:source\asw/main.c **** /* Function implementation - global ('extern') and local ('static')          */
  28:source\asw/main.c **** /*****************************************************************************/
  29:source\asw/main.c **** int main(void)
  30:source\asw/main.c **** {
ARM GAS  C:\Users\rbhar\AppData\Local\Temp\cc2HusDL.s 			page 2


  28              		.loc 1 30 0
  29              		.cfi_startproc
  30              		@ Volatile: function does not return.
  31              		@ args = 0, pretend = 0, frame = 0
  32              		@ frame_needed = 0, uses_anonymous_args = 0
  33 0000 08B5     		push	{r3, lr}
  34              		.cfi_def_cfa_offset 8
  35              		.cfi_offset 3, -8
  36              		.cfi_offset 14, -4
  31:source\asw/main.c ****     CyGlobalIntEnable; /* Enable global interrupts. */
  37              		.loc 1 31 0
  38              		.syntax unified
  39              	@ 31 "source\asw\main.c" 1
  40 0002 62B6     		CPSIE   i
  41              	@ 0 "" 2
  42              		.thumb
  43              		.syntax unified
  44              	.L2:
  32:source\asw/main.c **** 
  33:source\asw/main.c ****     /* Place your initialization/startup code here (e.g. MyInst_Start()) */
  34:source\asw/main.c **** 
  35:source\asw/main.c ****     for(;;)
  36:source\asw/main.c ****     {
  37:source\asw/main.c ****         /* Place your application code here. */
  38:source\asw/main.c ****         StartOS(OSDEFAULTAPPMODE);
  45              		.loc 1 38 0 discriminator 1
  46 0004 0020     		movs	r0, #0
  47 0006 FFF7FEFF 		bl	EE_oo_StartOS
  48              	.LVL0:
  49 000a FBE7     		b	.L2
  50              		.cfi_endproc
  51              	.LFE102:
  52              		.size	main, .-main
  53              		.text
  54              	.Letext0:
  55              		.file 2 "d:\\installations\\cypress\\psoc creator\\4.2\\psoc creator\\import\\gnu\\arm\\5.4.1\\arm
  56              		.file 3 "d:\\installations\\cypress\\psoc creator\\4.2\\psoc creator\\import\\gnu\\arm\\5.4.1\\arm
  57              		.file 4 "Generated_Source\\PSoC5/ErikaOS_common_ee_types.inc"
  58              		.file 5 "Generated_Source\\PSoC5/ErikaOS_cortex_mx_ee_cpu.inc"
  59              		.file 6 "Generated_Source\\PSoC5/ErikaOS_ee_oo_intfunc.inc"
  60              		.file 7 "Generated_Source\\PSoC5/ErikaOS_cortex_mx_ee_context.inc"
  61              		.file 8 "Generated_Source\\PSoC5/ErikaOS_common_ee_primitives.inc"
  62              		.file 9 "Generated_Source\\PSoC5/core_cm3.h"
  63              		.file 10 "Generated_Source\\PSoC5/ErikaOS_ee_oo_kernel.inc"
  64              		.section	.debug_info,"",%progbits
  65              	.Ldebug_info0:
  66 0000 55010000 		.4byte	0x155
  67 0004 0400     		.2byte	0x4
  68 0006 00000000 		.4byte	.Ldebug_abbrev0
  69 000a 04       		.byte	0x4
  70 000b 01       		.uleb128 0x1
  71 000c 3E000000 		.4byte	.LASF27
  72 0010 0C       		.byte	0xc
  73 0011 BA010000 		.4byte	.LASF28
  74 0015 D1010000 		.4byte	.LASF29
  75 0019 00000000 		.4byte	.Ldebug_ranges0+0
  76 001d 00000000 		.4byte	0
ARM GAS  C:\Users\rbhar\AppData\Local\Temp\cc2HusDL.s 			page 3


  77 0021 00000000 		.4byte	.Ldebug_line0
  78 0025 02       		.uleb128 0x2
  79 0026 01       		.byte	0x1
  80 0027 06       		.byte	0x6
  81 0028 65020000 		.4byte	.LASF0
  82 002c 02       		.uleb128 0x2
  83 002d 01       		.byte	0x1
  84 002e 08       		.byte	0x8
  85 002f 30000000 		.4byte	.LASF1
  86 0033 02       		.uleb128 0x2
  87 0034 02       		.byte	0x2
  88 0035 05       		.byte	0x5
  89 0036 46020000 		.4byte	.LASF2
  90 003a 02       		.uleb128 0x2
  91 003b 02       		.byte	0x2
  92 003c 07       		.byte	0x7
  93 003d E7000000 		.4byte	.LASF3
  94 0041 03       		.uleb128 0x3
  95 0042 00000000 		.4byte	.LASF9
  96 0046 02       		.byte	0x2
  97 0047 3F       		.byte	0x3f
  98 0048 4C000000 		.4byte	0x4c
  99 004c 02       		.uleb128 0x2
 100 004d 04       		.byte	0x4
 101 004e 05       		.byte	0x5
 102 004f 50020000 		.4byte	.LASF4
 103 0053 02       		.uleb128 0x2
 104 0054 04       		.byte	0x4
 105 0055 07       		.byte	0x7
 106 0056 D5000000 		.4byte	.LASF5
 107 005a 02       		.uleb128 0x2
 108 005b 08       		.byte	0x8
 109 005c 05       		.byte	0x5
 110 005d AC010000 		.4byte	.LASF6
 111 0061 02       		.uleb128 0x2
 112 0062 08       		.byte	0x8
 113 0063 07       		.byte	0x7
 114 0064 63010000 		.4byte	.LASF7
 115 0068 04       		.uleb128 0x4
 116 0069 04       		.byte	0x4
 117 006a 05       		.byte	0x5
 118 006b 696E7400 		.ascii	"int\000"
 119 006f 02       		.uleb128 0x2
 120 0070 04       		.byte	0x4
 121 0071 07       		.byte	0x7
 122 0072 44010000 		.4byte	.LASF8
 123 0076 03       		.uleb128 0x3
 124 0077 9B010000 		.4byte	.LASF10
 125 007b 03       		.byte	0x3
 126 007c 2C       		.byte	0x2c
 127 007d 41000000 		.4byte	0x41
 128 0081 02       		.uleb128 0x2
 129 0082 04       		.byte	0x4
 130 0083 04       		.byte	0x4
 131 0084 2A000000 		.4byte	.LASF11
 132 0088 02       		.uleb128 0x2
 133 0089 08       		.byte	0x8
ARM GAS  C:\Users\rbhar\AppData\Local\Temp\cc2HusDL.s 			page 4


 134 008a 04       		.byte	0x4
 135 008b 1F010000 		.4byte	.LASF12
 136 008f 02       		.uleb128 0x2
 137 0090 01       		.byte	0x1
 138 0091 08       		.byte	0x8
 139 0092 CC010000 		.4byte	.LASF13
 140 0096 02       		.uleb128 0x2
 141 0097 08       		.byte	0x8
 142 0098 04       		.byte	0x4
 143 0099 59020000 		.4byte	.LASF14
 144 009d 03       		.uleb128 0x3
 145 009e CC000000 		.4byte	.LASF15
 146 00a2 04       		.byte	0x4
 147 00a3 53       		.byte	0x53
 148 00a4 68000000 		.4byte	0x68
 149 00a8 03       		.uleb128 0x3
 150 00a9 59010000 		.4byte	.LASF16
 151 00ad 04       		.byte	0x4
 152 00ae 54       		.byte	0x54
 153 00af 6F000000 		.4byte	0x6f
 154 00b3 03       		.uleb128 0x3
 155 00b4 29020000 		.4byte	.LASF17
 156 00b8 05       		.byte	0x5
 157 00b9 4D       		.byte	0x4d
 158 00ba A8000000 		.4byte	0xa8
 159 00be 03       		.uleb128 0x3
 160 00bf 51010000 		.4byte	.LASF18
 161 00c3 05       		.byte	0x5
 162 00c4 4F       		.byte	0x4f
 163 00c5 A8000000 		.4byte	0xa8
 164 00c9 03       		.uleb128 0x3
 165 00ca 23000000 		.4byte	.LASF19
 166 00ce 05       		.byte	0x5
 167 00cf 78       		.byte	0x78
 168 00d0 9D000000 		.4byte	0x9d
 169 00d4 02       		.uleb128 0x2
 170 00d5 04       		.byte	0x4
 171 00d6 07       		.byte	0x7
 172 00d7 A3010000 		.4byte	.LASF20
 173 00db 05       		.uleb128 0x5
 174 00dc 26010000 		.4byte	.LASF30
 175 00e0 01       		.byte	0x1
 176 00e1 1D       		.byte	0x1d
 177 00e2 68000000 		.4byte	0x68
 178 00e6 00000000 		.4byte	.LFB102
 179 00ea 0C000000 		.4byte	.LFE102-.LFB102
 180 00ee 01       		.uleb128 0x1
 181 00ef 9C       		.byte	0x9c
 182 00f0 04010000 		.4byte	0x104
 183 00f4 06       		.uleb128 0x6
 184 00f5 0A000000 		.4byte	.LVL0
 185 00f9 4C010000 		.4byte	0x14c
 186 00fd 07       		.uleb128 0x7
 187 00fe 01       		.uleb128 0x1
 188 00ff 50       		.byte	0x50
 189 0100 01       		.uleb128 0x1
 190 0101 30       		.byte	0x30
ARM GAS  C:\Users\rbhar\AppData\Local\Temp\cc2HusDL.s 			page 5


 191 0102 00       		.byte	0
 192 0103 00       		.byte	0
 193 0104 08       		.uleb128 0x8
 194 0105 FA000000 		.4byte	.LASF21
 195 0109 06       		.byte	0x6
 196 010a 40       		.byte	0x40
 197 010b B3000000 		.4byte	0xb3
 198 010f 08       		.uleb128 0x8
 199 0110 0A000000 		.4byte	.LASF22
 200 0114 06       		.byte	0x6
 201 0115 47       		.byte	0x47
 202 0116 BE000000 		.4byte	0xbe
 203 011a 08       		.uleb128 0x8
 204 011b 7A010000 		.4byte	.LASF23
 205 011f 06       		.byte	0x6
 206 0120 4A       		.byte	0x4a
 207 0121 B3000000 		.4byte	0xb3
 208 0125 08       		.uleb128 0x8
 209 0126 2B010000 		.4byte	.LASF24
 210 012a 07       		.byte	0x7
 211 012b 48       		.byte	0x48
 212 012c C9000000 		.4byte	0xc9
 213 0130 08       		.uleb128 0x8
 214 0131 31020000 		.4byte	.LASF25
 215 0135 08       		.byte	0x8
 216 0136 44       		.byte	0x44
 217 0137 B3000000 		.4byte	0xb3
 218 013b 09       		.uleb128 0x9
 219 013c 12010000 		.4byte	.LASF26
 220 0140 09       		.byte	0x9
 221 0141 1207     		.2byte	0x712
 222 0143 47010000 		.4byte	0x147
 223 0147 0A       		.uleb128 0xa
 224 0148 76000000 		.4byte	0x76
 225 014c 0B       		.uleb128 0xb
 226 014d 8D010000 		.4byte	.LASF31
 227 0151 8D010000 		.4byte	.LASF31
 228 0155 0A       		.byte	0xa
 229 0156 2C02     		.2byte	0x22c
 230 0158 00       		.byte	0
 231              		.section	.debug_abbrev,"",%progbits
 232              	.Ldebug_abbrev0:
 233 0000 01       		.uleb128 0x1
 234 0001 11       		.uleb128 0x11
 235 0002 01       		.byte	0x1
 236 0003 25       		.uleb128 0x25
 237 0004 0E       		.uleb128 0xe
 238 0005 13       		.uleb128 0x13
 239 0006 0B       		.uleb128 0xb
 240 0007 03       		.uleb128 0x3
 241 0008 0E       		.uleb128 0xe
 242 0009 1B       		.uleb128 0x1b
 243 000a 0E       		.uleb128 0xe
 244 000b 55       		.uleb128 0x55
 245 000c 17       		.uleb128 0x17
 246 000d 11       		.uleb128 0x11
 247 000e 01       		.uleb128 0x1
ARM GAS  C:\Users\rbhar\AppData\Local\Temp\cc2HusDL.s 			page 6


 248 000f 10       		.uleb128 0x10
 249 0010 17       		.uleb128 0x17
 250 0011 00       		.byte	0
 251 0012 00       		.byte	0
 252 0013 02       		.uleb128 0x2
 253 0014 24       		.uleb128 0x24
 254 0015 00       		.byte	0
 255 0016 0B       		.uleb128 0xb
 256 0017 0B       		.uleb128 0xb
 257 0018 3E       		.uleb128 0x3e
 258 0019 0B       		.uleb128 0xb
 259 001a 03       		.uleb128 0x3
 260 001b 0E       		.uleb128 0xe
 261 001c 00       		.byte	0
 262 001d 00       		.byte	0
 263 001e 03       		.uleb128 0x3
 264 001f 16       		.uleb128 0x16
 265 0020 00       		.byte	0
 266 0021 03       		.uleb128 0x3
 267 0022 0E       		.uleb128 0xe
 268 0023 3A       		.uleb128 0x3a
 269 0024 0B       		.uleb128 0xb
 270 0025 3B       		.uleb128 0x3b
 271 0026 0B       		.uleb128 0xb
 272 0027 49       		.uleb128 0x49
 273 0028 13       		.uleb128 0x13
 274 0029 00       		.byte	0
 275 002a 00       		.byte	0
 276 002b 04       		.uleb128 0x4
 277 002c 24       		.uleb128 0x24
 278 002d 00       		.byte	0
 279 002e 0B       		.uleb128 0xb
 280 002f 0B       		.uleb128 0xb
 281 0030 3E       		.uleb128 0x3e
 282 0031 0B       		.uleb128 0xb
 283 0032 03       		.uleb128 0x3
 284 0033 08       		.uleb128 0x8
 285 0034 00       		.byte	0
 286 0035 00       		.byte	0
 287 0036 05       		.uleb128 0x5
 288 0037 2E       		.uleb128 0x2e
 289 0038 01       		.byte	0x1
 290 0039 3F       		.uleb128 0x3f
 291 003a 19       		.uleb128 0x19
 292 003b 03       		.uleb128 0x3
 293 003c 0E       		.uleb128 0xe
 294 003d 3A       		.uleb128 0x3a
 295 003e 0B       		.uleb128 0xb
 296 003f 3B       		.uleb128 0x3b
 297 0040 0B       		.uleb128 0xb
 298 0041 27       		.uleb128 0x27
 299 0042 19       		.uleb128 0x19
 300 0043 49       		.uleb128 0x49
 301 0044 13       		.uleb128 0x13
 302 0045 8701     		.uleb128 0x87
 303 0047 19       		.uleb128 0x19
 304 0048 11       		.uleb128 0x11
ARM GAS  C:\Users\rbhar\AppData\Local\Temp\cc2HusDL.s 			page 7


 305 0049 01       		.uleb128 0x1
 306 004a 12       		.uleb128 0x12
 307 004b 06       		.uleb128 0x6
 308 004c 40       		.uleb128 0x40
 309 004d 18       		.uleb128 0x18
 310 004e 9742     		.uleb128 0x2117
 311 0050 19       		.uleb128 0x19
 312 0051 01       		.uleb128 0x1
 313 0052 13       		.uleb128 0x13
 314 0053 00       		.byte	0
 315 0054 00       		.byte	0
 316 0055 06       		.uleb128 0x6
 317 0056 898201   		.uleb128 0x4109
 318 0059 01       		.byte	0x1
 319 005a 11       		.uleb128 0x11
 320 005b 01       		.uleb128 0x1
 321 005c 31       		.uleb128 0x31
 322 005d 13       		.uleb128 0x13
 323 005e 00       		.byte	0
 324 005f 00       		.byte	0
 325 0060 07       		.uleb128 0x7
 326 0061 8A8201   		.uleb128 0x410a
 327 0064 00       		.byte	0
 328 0065 02       		.uleb128 0x2
 329 0066 18       		.uleb128 0x18
 330 0067 9142     		.uleb128 0x2111
 331 0069 18       		.uleb128 0x18
 332 006a 00       		.byte	0
 333 006b 00       		.byte	0
 334 006c 08       		.uleb128 0x8
 335 006d 34       		.uleb128 0x34
 336 006e 00       		.byte	0
 337 006f 03       		.uleb128 0x3
 338 0070 0E       		.uleb128 0xe
 339 0071 3A       		.uleb128 0x3a
 340 0072 0B       		.uleb128 0xb
 341 0073 3B       		.uleb128 0x3b
 342 0074 0B       		.uleb128 0xb
 343 0075 49       		.uleb128 0x49
 344 0076 13       		.uleb128 0x13
 345 0077 3F       		.uleb128 0x3f
 346 0078 19       		.uleb128 0x19
 347 0079 3C       		.uleb128 0x3c
 348 007a 19       		.uleb128 0x19
 349 007b 00       		.byte	0
 350 007c 00       		.byte	0
 351 007d 09       		.uleb128 0x9
 352 007e 34       		.uleb128 0x34
 353 007f 00       		.byte	0
 354 0080 03       		.uleb128 0x3
 355 0081 0E       		.uleb128 0xe
 356 0082 3A       		.uleb128 0x3a
 357 0083 0B       		.uleb128 0xb
 358 0084 3B       		.uleb128 0x3b
 359 0085 05       		.uleb128 0x5
 360 0086 49       		.uleb128 0x49
 361 0087 13       		.uleb128 0x13
ARM GAS  C:\Users\rbhar\AppData\Local\Temp\cc2HusDL.s 			page 8


 362 0088 3F       		.uleb128 0x3f
 363 0089 19       		.uleb128 0x19
 364 008a 3C       		.uleb128 0x3c
 365 008b 19       		.uleb128 0x19
 366 008c 00       		.byte	0
 367 008d 00       		.byte	0
 368 008e 0A       		.uleb128 0xa
 369 008f 35       		.uleb128 0x35
 370 0090 00       		.byte	0
 371 0091 49       		.uleb128 0x49
 372 0092 13       		.uleb128 0x13
 373 0093 00       		.byte	0
 374 0094 00       		.byte	0
 375 0095 0B       		.uleb128 0xb
 376 0096 2E       		.uleb128 0x2e
 377 0097 00       		.byte	0
 378 0098 3F       		.uleb128 0x3f
 379 0099 19       		.uleb128 0x19
 380 009a 3C       		.uleb128 0x3c
 381 009b 19       		.uleb128 0x19
 382 009c 6E       		.uleb128 0x6e
 383 009d 0E       		.uleb128 0xe
 384 009e 03       		.uleb128 0x3
 385 009f 0E       		.uleb128 0xe
 386 00a0 3A       		.uleb128 0x3a
 387 00a1 0B       		.uleb128 0xb
 388 00a2 3B       		.uleb128 0x3b
 389 00a3 05       		.uleb128 0x5
 390 00a4 00       		.byte	0
 391 00a5 00       		.byte	0
 392 00a6 00       		.byte	0
 393              		.section	.debug_aranges,"",%progbits
 394 0000 1C000000 		.4byte	0x1c
 395 0004 0200     		.2byte	0x2
 396 0006 00000000 		.4byte	.Ldebug_info0
 397 000a 04       		.byte	0x4
 398 000b 00       		.byte	0
 399 000c 0000     		.2byte	0
 400 000e 0000     		.2byte	0
 401 0010 00000000 		.4byte	.LFB102
 402 0014 0C000000 		.4byte	.LFE102-.LFB102
 403 0018 00000000 		.4byte	0
 404 001c 00000000 		.4byte	0
 405              		.section	.debug_ranges,"",%progbits
 406              	.Ldebug_ranges0:
 407 0000 00000000 		.4byte	.LFB102
 408 0004 0C000000 		.4byte	.LFE102
 409 0008 00000000 		.4byte	0
 410 000c 00000000 		.4byte	0
 411              		.section	.debug_line,"",%progbits
 412              	.Ldebug_line0:
 413 0000 19020000 		.section	.debug_str,"MS",%progbits,1
 413      0200FE01 
 413      00000201 
 413      FB0E0D00 
 413      01010101 
 414              	.LASF9:
ARM GAS  C:\Users\rbhar\AppData\Local\Temp\cc2HusDL.s 			page 9


 415 0000 5F5F696E 		.ascii	"__int32_t\000"
 415      7433325F 
 415      7400
 416              	.LASF22:
 417 000a 45455F6F 		.ascii	"EE_oo_IRQ_suspend_status\000"
 417      6F5F4952 
 417      515F7375 
 417      7370656E 
 417      645F7374 
 418              	.LASF19:
 419 0023 45455F54 		.ascii	"EE_TID\000"
 419      494400
 420              	.LASF11:
 421 002a 666C6F61 		.ascii	"float\000"
 421      7400
 422              	.LASF1:
 423 0030 756E7369 		.ascii	"unsigned char\000"
 423      676E6564 
 423      20636861 
 423      7200
 424              	.LASF27:
 425 003e 474E5520 		.ascii	"GNU C11 5.4.1 20160609 (release) [ARM/embedded-5-br"
 425      43313120 
 425      352E342E 
 425      31203230 
 425      31363036 
 426 0071 616E6368 		.ascii	"anch revision 237715] -mcpu=cortex-m3 -mthumb -g -O"
 426      20726576 
 426      6973696F 
 426      6E203233 
 426      37373135 
 427 00a4 67202D66 		.ascii	"g -ffunction-sections -ffat-lto-objects\000"
 427      66756E63 
 427      74696F6E 
 427      2D736563 
 427      74696F6E 
 428              	.LASF15:
 429 00cc 45455F49 		.ascii	"EE_INT32\000"
 429      4E543332 
 429      00
 430              	.LASF5:
 431 00d5 6C6F6E67 		.ascii	"long unsigned int\000"
 431      20756E73 
 431      69676E65 
 431      6420696E 
 431      7400
 432              	.LASF3:
 433 00e7 73686F72 		.ascii	"short unsigned int\000"
 433      7420756E 
 433      7369676E 
 433      65642069 
 433      6E7400
 434              	.LASF21:
 435 00fa 45455F6F 		.ascii	"EE_oo_IRQ_disable_count\000"
 435      6F5F4952 
 435      515F6469 
 435      7361626C 
ARM GAS  C:\Users\rbhar\AppData\Local\Temp\cc2HusDL.s 			page 10


 435      655F636F 
 436              	.LASF26:
 437 0112 49544D5F 		.ascii	"ITM_RxBuffer\000"
 437      52784275 
 437      66666572 
 437      00
 438              	.LASF12:
 439 011f 646F7562 		.ascii	"double\000"
 439      6C6500
 440              	.LASF30:
 441 0126 6D61696E 		.ascii	"main\000"
 441      00
 442              	.LASF24:
 443 012b 45455F73 		.ascii	"EE_std_endcycle_next_tid\000"
 443      74645F65 
 443      6E646379 
 443      636C655F 
 443      6E657874 
 444              	.LASF8:
 445 0144 756E7369 		.ascii	"unsigned int\000"
 445      676E6564 
 445      20696E74 
 445      00
 446              	.LASF18:
 447 0151 45455F46 		.ascii	"EE_FREG\000"
 447      52454700 
 448              	.LASF16:
 449 0159 45455F55 		.ascii	"EE_UINT32\000"
 449      494E5433 
 449      3200
 450              	.LASF7:
 451 0163 6C6F6E67 		.ascii	"long long unsigned int\000"
 451      206C6F6E 
 451      6720756E 
 451      7369676E 
 451      65642069 
 452              	.LASF23:
 453 017a 45455F41 		.ascii	"EE_ApplicationMode\000"
 453      70706C69 
 453      63617469 
 453      6F6E4D6F 
 453      646500
 454              	.LASF31:
 455 018d 45455F6F 		.ascii	"EE_oo_StartOS\000"
 455      6F5F5374 
 455      6172744F 
 455      5300
 456              	.LASF10:
 457 019b 696E7433 		.ascii	"int32_t\000"
 457      325F7400 
 458              	.LASF20:
 459 01a3 73697A65 		.ascii	"sizetype\000"
 459      74797065 
 459      00
 460              	.LASF6:
 461 01ac 6C6F6E67 		.ascii	"long long int\000"
 461      206C6F6E 
ARM GAS  C:\Users\rbhar\AppData\Local\Temp\cc2HusDL.s 			page 11


 461      6720696E 
 461      7400
 462              	.LASF28:
 463 01ba 736F7572 		.ascii	"source\\asw\\main.c\000"
 463      63655C61 
 463      73775C6D 
 463      61696E2E 
 463      6300
 464              	.LASF13:
 465 01cc 63686172 		.ascii	"char\000"
 465      00
 466              	.LASF29:
 467 01d1 443A5C48 		.ascii	"D:\\HDA\\1_sem\\Embedded System Design\\Lab\\Assign"
 467      44415C31 
 467      5F73656D 
 467      5C456D62 
 467      65646465 
 468 01ff 6D656E74 		.ascii	"ment_1\\ReactionGame_OS\\ReactionGame.cydsn\000"
 468      5F315C52 
 468      65616374 
 468      696F6E47 
 468      616D655F 
 469              	.LASF17:
 470 0229 45455F55 		.ascii	"EE_UREG\000"
 470      52454700 
 471              	.LASF25:
 472 0231 45455F49 		.ascii	"EE_IRQ_nesting_level\000"
 472      52515F6E 
 472      65737469 
 472      6E675F6C 
 472      6576656C 
 473              	.LASF2:
 474 0246 73686F72 		.ascii	"short int\000"
 474      7420696E 
 474      7400
 475              	.LASF4:
 476 0250 6C6F6E67 		.ascii	"long int\000"
 476      20696E74 
 476      00
 477              	.LASF14:
 478 0259 6C6F6E67 		.ascii	"long double\000"
 478      20646F75 
 478      626C6500 
 479              	.LASF0:
 480 0265 7369676E 		.ascii	"signed char\000"
 480      65642063 
 480      68617200 
 481              		.ident	"GCC: (GNU Tools for ARM Embedded Processors) 5.4.1 20160609 (release) [ARM/embedded-5-bran
