ARM GAS  C:\Users\rbhar\AppData\Local\Temp\ccdW0VWP.s 			page 1


   1              		.syntax unified
   2              		.cpu cortex-m3
   3              		.fpu softvfp
   4              		.eabi_attribute 20, 1
   5              		.eabi_attribute 21, 1
   6              		.eabi_attribute 23, 3
   7              		.eabi_attribute 24, 1
   8              		.eabi_attribute 25, 1
   9              		.eabi_attribute 26, 1
  10              		.eabi_attribute 30, 1
  11              		.eabi_attribute 34, 1
  12              		.eabi_attribute 18, 4
  13              		.thumb
  14              		.syntax unified
  15              		.file	"pwm.c"
  16              		.text
  17              	.Ltext0:
  18              		.cfi_sections	.debug_frame
  19              		.section	.text.PWM_Init,"ax",%progbits
  20              		.align	2
  21              		.global	PWM_Init
  22              		.thumb
  23              		.thumb_func
  24              		.type	PWM_Init, %function
  25              	PWM_Init:
  26              	.LFB110:
  27              		.file 1 "source\\bsw\\pwm.c"
   1:source\bsw/pwm.c **** /**
   2:source\bsw/pwm.c **** * \file <pwm.c>
   3:source\bsw/pwm.c **** * \author <Bharath Ramachandraiah>
   4:source\bsw/pwm.c **** * \date <25/09/2018>
   5:source\bsw/pwm.c **** *
   6:source\bsw/pwm.c **** * \brief <Symbolic File name>
   7:source\bsw/pwm.c **** *
   8:source\bsw/pwm.c **** * \copyright Copyright ©2016
   9:source\bsw/pwm.c **** * Department of electrical engineering and information technology, Hochschule Darmstadt - Universit
  10:source\bsw/pwm.c **** * Permission to use, copy, modify, and distribute this software and its documentation for education
  11:source\bsw/pwm.c **** * (unless permitted by h_da) and official h_da projects, is hereby granted for enrolled students of
  12:source\bsw/pwm.c **** * this paragraph and the following paragraph appear in all copies, modifications, and distributions
  13:source\bsw/pwm.c **** * Contact Prof.Dr.-Ing. Peter Fromm, peter.fromm@h-da.de, Birkenweg 8 64295 Darmstadt - GERMANY for
  14:source\bsw/pwm.c **** *
  15:source\bsw/pwm.c **** * \warning This software is a PROTOTYPE version and is not designed or intended for use in producti
  16:source\bsw/pwm.c **** * The user represents and warrants that it will NOT use or redistribute the Software for such purpo
  17:source\bsw/pwm.c **** * This prototype is for research purposes only. This software is provided "AS IS," without a warran
  18:source\bsw/pwm.c **** */
  19:source\bsw/pwm.c **** 
  20:source\bsw/pwm.c **** /*****************************************************************************/
  21:source\bsw/pwm.c **** /* Include files                                                             */
  22:source\bsw/pwm.c **** /*****************************************************************************/
  23:source\bsw/pwm.c **** #include "pwm.h"
  24:source\bsw/pwm.c **** 
  25:source\bsw/pwm.c **** /*****************************************************************************/
  26:source\bsw/pwm.c **** /* Local pre-processor symbols/macros ('#define')                            */
  27:source\bsw/pwm.c **** /*****************************************************************************/
  28:source\bsw/pwm.c **** 
  29:source\bsw/pwm.c **** /*****************************************************************************/
  30:source\bsw/pwm.c **** /* Global variable definitions (declared in header file with 'extern')       */
ARM GAS  C:\Users\rbhar\AppData\Local\Temp\ccdW0VWP.s 			page 2


  31:source\bsw/pwm.c **** /*****************************************************************************/
  32:source\bsw/pwm.c **** 
  33:source\bsw/pwm.c **** /*****************************************************************************/
  34:source\bsw/pwm.c **** /* Local type definitions ('typedef')                                        */
  35:source\bsw/pwm.c **** /*****************************************************************************/
  36:source\bsw/pwm.c **** 
  37:source\bsw/pwm.c **** /*****************************************************************************/
  38:source\bsw/pwm.c **** /* Local variable definitions ('static')                                     */
  39:source\bsw/pwm.c **** /*****************************************************************************/
  40:source\bsw/pwm.c **** 
  41:source\bsw/pwm.c **** 
  42:source\bsw/pwm.c **** 
  43:source\bsw/pwm.c **** /*****************************************************************************/
  44:source\bsw/pwm.c **** /* Local function prototypes ('static')                                      */
  45:source\bsw/pwm.c **** /*****************************************************************************/
  46:source\bsw/pwm.c **** 
  47:source\bsw/pwm.c **** 
  48:source\bsw/pwm.c **** /*****************************************************************************/
  49:source\bsw/pwm.c **** /* Function implementation - global ('extern') and local ('static')          */
  50:source\bsw/pwm.c **** /*****************************************************************************/
  51:source\bsw/pwm.c **** 
  52:source\bsw/pwm.c **** /**
  53:source\bsw/pwm.c ****  * A function initializes the PWM
  54:source\bsw/pwm.c ****  * @param void
  55:source\bsw/pwm.c ****  * @return RC_SUCCESS on successful initialization
  56:source\bsw/pwm.c ****  */
  57:source\bsw/pwm.c **** RC_t PWM_Init(void)
  58:source\bsw/pwm.c **** {
  28              		.loc 1 58 0
  29              		.cfi_startproc
  30              		@ args = 0, pretend = 0, frame = 0
  31              		@ frame_needed = 0, uses_anonymous_args = 0
  32 0000 08B5     		push	{r3, lr}
  33              		.cfi_def_cfa_offset 8
  34              		.cfi_offset 3, -8
  35              		.cfi_offset 14, -4
  59:source\bsw/pwm.c ****     PWM_Red_Start();
  36              		.loc 1 59 0
  37 0002 FFF7FEFF 		bl	PWM_Red_Start
  38              	.LVL0:
  60:source\bsw/pwm.c ****     PWM_Green_Start();
  39              		.loc 1 60 0
  40 0006 FFF7FEFF 		bl	PWM_Green_Start
  41              	.LVL1:
  61:source\bsw/pwm.c ****     PWM_Blue_Start();
  42              		.loc 1 61 0
  43 000a FFF7FEFF 		bl	PWM_Blue_Start
  44              	.LVL2:
  62:source\bsw/pwm.c ****     
  63:source\bsw/pwm.c ****     // Turn off all RGB leds
  64:source\bsw/pwm.c ****     PWM_Red_WriteCompare1(0);
  45              		.loc 1 64 0
  46 000e 0020     		movs	r0, #0
  47 0010 FFF7FEFF 		bl	PWM_Red_WriteCompare1
  48              	.LVL3:
  65:source\bsw/pwm.c ****     PWM_Green_WriteCompare1(0);
  49              		.loc 1 65 0
ARM GAS  C:\Users\rbhar\AppData\Local\Temp\ccdW0VWP.s 			page 3


  50 0014 0020     		movs	r0, #0
  51 0016 FFF7FEFF 		bl	PWM_Green_WriteCompare1
  52              	.LVL4:
  66:source\bsw/pwm.c ****     PWM_Blue_WriteCompare1(0);
  53              		.loc 1 66 0
  54 001a 0020     		movs	r0, #0
  55 001c FFF7FEFF 		bl	PWM_Blue_WriteCompare1
  56              	.LVL5:
  67:source\bsw/pwm.c ****     
  68:source\bsw/pwm.c ****     // Turn off all leds
  69:source\bsw/pwm.c ****     PWM_Red_WriteCompare2(0);
  57              		.loc 1 69 0
  58 0020 0020     		movs	r0, #0
  59 0022 FFF7FEFF 		bl	PWM_Red_WriteCompare2
  60              	.LVL6:
  70:source\bsw/pwm.c ****     PWM_Green_WriteCompare2(0);
  61              		.loc 1 70 0
  62 0026 0020     		movs	r0, #0
  63 0028 FFF7FEFF 		bl	PWM_Green_WriteCompare2
  64              	.LVL7:
  71:source\bsw/pwm.c ****     PWM_Blue_WriteCompare2(0);
  65              		.loc 1 71 0
  66 002c 0020     		movs	r0, #0
  67 002e FFF7FEFF 		bl	PWM_Blue_WriteCompare2
  68              	.LVL8:
  72:source\bsw/pwm.c ****     
  73:source\bsw/pwm.c ****     return RC_SUCCESS;
  74:source\bsw/pwm.c **** }
  69              		.loc 1 74 0
  70 0032 0020     		movs	r0, #0
  71 0034 08BD     		pop	{r3, pc}
  72              		.cfi_endproc
  73              	.LFE110:
  74              		.size	PWM_Init, .-PWM_Init
  75 0036 00BF     		.section	.text.PWM_RGB_SetRed,"ax",%progbits
  76              		.align	2
  77              		.global	PWM_RGB_SetRed
  78              		.thumb
  79              		.thumb_func
  80              		.type	PWM_RGB_SetRed, %function
  81              	PWM_RGB_SetRed:
  82              	.LFB111:
  75:source\bsw/pwm.c **** 
  76:source\bsw/pwm.c **** 
  77:source\bsw/pwm.c **** /**
  78:source\bsw/pwm.c ****  * A function which sets the Duty cycle of Red RGB led
  79:source\bsw/pwm.c ****  * @param uint8 value       : IN 0 - 0xFF
  80:source\bsw/pwm.c ****  * @return RC_SUCCESS on successful
  81:source\bsw/pwm.c ****  */
  82:source\bsw/pwm.c **** RC_t PWM_RGB_SetRed(uint8_t value)
  83:source\bsw/pwm.c **** {
  83              		.loc 1 83 0
  84              		.cfi_startproc
  85              		@ args = 0, pretend = 0, frame = 0
  86              		@ frame_needed = 0, uses_anonymous_args = 0
  87              	.LVL9:
  88 0000 08B5     		push	{r3, lr}
ARM GAS  C:\Users\rbhar\AppData\Local\Temp\ccdW0VWP.s 			page 4


  89              		.cfi_def_cfa_offset 8
  90              		.cfi_offset 3, -8
  91              		.cfi_offset 14, -4
  84:source\bsw/pwm.c ****     PWM_Red_WriteCompare1(value);
  92              		.loc 1 84 0
  93 0002 FFF7FEFF 		bl	PWM_Red_WriteCompare1
  94              	.LVL10:
  85:source\bsw/pwm.c ****     return RC_SUCCESS;
  86:source\bsw/pwm.c **** }
  95              		.loc 1 86 0
  96 0006 0020     		movs	r0, #0
  97 0008 08BD     		pop	{r3, pc}
  98              		.cfi_endproc
  99              	.LFE111:
 100              		.size	PWM_RGB_SetRed, .-PWM_RGB_SetRed
 101 000a 00BF     		.section	.text.PWM_RGB_SetGreen,"ax",%progbits
 102              		.align	2
 103              		.global	PWM_RGB_SetGreen
 104              		.thumb
 105              		.thumb_func
 106              		.type	PWM_RGB_SetGreen, %function
 107              	PWM_RGB_SetGreen:
 108              	.LFB112:
  87:source\bsw/pwm.c **** 
  88:source\bsw/pwm.c **** 
  89:source\bsw/pwm.c **** /**
  90:source\bsw/pwm.c ****  * A function which sets the Duty cycle of Green RGB led
  91:source\bsw/pwm.c ****  * @param uint8 value       : IN 0 - 0xFF
  92:source\bsw/pwm.c ****  * @return RC_SUCCESS on successful
  93:source\bsw/pwm.c ****  */
  94:source\bsw/pwm.c **** RC_t PWM_RGB_SetGreen(uint8_t value)
  95:source\bsw/pwm.c **** {
 109              		.loc 1 95 0
 110              		.cfi_startproc
 111              		@ args = 0, pretend = 0, frame = 0
 112              		@ frame_needed = 0, uses_anonymous_args = 0
 113              	.LVL11:
 114 0000 08B5     		push	{r3, lr}
 115              		.cfi_def_cfa_offset 8
 116              		.cfi_offset 3, -8
 117              		.cfi_offset 14, -4
  96:source\bsw/pwm.c ****     PWM_Green_WriteCompare1(value);
 118              		.loc 1 96 0
 119 0002 FFF7FEFF 		bl	PWM_Green_WriteCompare1
 120              	.LVL12:
  97:source\bsw/pwm.c ****     return RC_SUCCESS;
  98:source\bsw/pwm.c **** }
 121              		.loc 1 98 0
 122 0006 0020     		movs	r0, #0
 123 0008 08BD     		pop	{r3, pc}
 124              		.cfi_endproc
 125              	.LFE112:
 126              		.size	PWM_RGB_SetGreen, .-PWM_RGB_SetGreen
 127 000a 00BF     		.section	.text.PWM_RGB_SetBlue,"ax",%progbits
 128              		.align	2
 129              		.global	PWM_RGB_SetBlue
 130              		.thumb
ARM GAS  C:\Users\rbhar\AppData\Local\Temp\ccdW0VWP.s 			page 5


 131              		.thumb_func
 132              		.type	PWM_RGB_SetBlue, %function
 133              	PWM_RGB_SetBlue:
 134              	.LFB113:
  99:source\bsw/pwm.c **** 
 100:source\bsw/pwm.c **** 
 101:source\bsw/pwm.c **** /**
 102:source\bsw/pwm.c ****  * A function which sets the Duty cycle of Blue RGB led
 103:source\bsw/pwm.c ****  * @param uint8 value       : IN 0 - 0xFF
 104:source\bsw/pwm.c ****  * @return RC_SUCCESS on successful
 105:source\bsw/pwm.c ****  */
 106:source\bsw/pwm.c **** RC_t PWM_RGB_SetBlue(uint8_t value)
 107:source\bsw/pwm.c **** {
 135              		.loc 1 107 0
 136              		.cfi_startproc
 137              		@ args = 0, pretend = 0, frame = 0
 138              		@ frame_needed = 0, uses_anonymous_args = 0
 139              	.LVL13:
 140 0000 08B5     		push	{r3, lr}
 141              		.cfi_def_cfa_offset 8
 142              		.cfi_offset 3, -8
 143              		.cfi_offset 14, -4
 108:source\bsw/pwm.c ****     PWM_Blue_WriteCompare1(value);
 144              		.loc 1 108 0
 145 0002 FFF7FEFF 		bl	PWM_Blue_WriteCompare1
 146              	.LVL14:
 109:source\bsw/pwm.c ****     return RC_SUCCESS;
 110:source\bsw/pwm.c **** }
 147              		.loc 1 110 0
 148 0006 0020     		movs	r0, #0
 149 0008 08BD     		pop	{r3, pc}
 150              		.cfi_endproc
 151              	.LFE113:
 152              		.size	PWM_RGB_SetBlue, .-PWM_RGB_SetBlue
 153 000a 00BF     		.section	.text.PWM_SetRed,"ax",%progbits
 154              		.align	2
 155              		.global	PWM_SetRed
 156              		.thumb
 157              		.thumb_func
 158              		.type	PWM_SetRed, %function
 159              	PWM_SetRed:
 160              	.LFB114:
 111:source\bsw/pwm.c **** 
 112:source\bsw/pwm.c **** 
 113:source\bsw/pwm.c **** /**
 114:source\bsw/pwm.c ****  * A function which sets the Duty cycle of Red led
 115:source\bsw/pwm.c ****  * @param uint8 value       : IN 0 - 0xFF
 116:source\bsw/pwm.c ****  * @return RC_SUCCESS on successful
 117:source\bsw/pwm.c ****  */
 118:source\bsw/pwm.c **** RC_t PWM_SetRed(uint8_t value)
 119:source\bsw/pwm.c **** {
 161              		.loc 1 119 0
 162              		.cfi_startproc
 163              		@ args = 0, pretend = 0, frame = 0
 164              		@ frame_needed = 0, uses_anonymous_args = 0
 165              	.LVL15:
 166 0000 08B5     		push	{r3, lr}
ARM GAS  C:\Users\rbhar\AppData\Local\Temp\ccdW0VWP.s 			page 6


 167              		.cfi_def_cfa_offset 8
 168              		.cfi_offset 3, -8
 169              		.cfi_offset 14, -4
 120:source\bsw/pwm.c ****     PWM_Red_WriteCompare2(value);
 170              		.loc 1 120 0
 171 0002 FFF7FEFF 		bl	PWM_Red_WriteCompare2
 172              	.LVL16:
 121:source\bsw/pwm.c ****     return RC_SUCCESS;
 122:source\bsw/pwm.c **** }
 173              		.loc 1 122 0
 174 0006 0020     		movs	r0, #0
 175 0008 08BD     		pop	{r3, pc}
 176              		.cfi_endproc
 177              	.LFE114:
 178              		.size	PWM_SetRed, .-PWM_SetRed
 179 000a 00BF     		.section	.text.PWM_SetGreen,"ax",%progbits
 180              		.align	2
 181              		.global	PWM_SetGreen
 182              		.thumb
 183              		.thumb_func
 184              		.type	PWM_SetGreen, %function
 185              	PWM_SetGreen:
 186              	.LFB115:
 123:source\bsw/pwm.c **** 
 124:source\bsw/pwm.c **** 
 125:source\bsw/pwm.c **** /**
 126:source\bsw/pwm.c ****  * A function which sets the Duty cycle of Green led
 127:source\bsw/pwm.c ****  * @param uint8 value       : IN 0 - 0xFF
 128:source\bsw/pwm.c ****  * @return RC_SUCCESS on successful
 129:source\bsw/pwm.c ****  */
 130:source\bsw/pwm.c **** RC_t PWM_SetGreen(uint8_t value)
 131:source\bsw/pwm.c **** {
 187              		.loc 1 131 0
 188              		.cfi_startproc
 189              		@ args = 0, pretend = 0, frame = 0
 190              		@ frame_needed = 0, uses_anonymous_args = 0
 191              	.LVL17:
 192 0000 08B5     		push	{r3, lr}
 193              		.cfi_def_cfa_offset 8
 194              		.cfi_offset 3, -8
 195              		.cfi_offset 14, -4
 132:source\bsw/pwm.c ****     PWM_Green_WriteCompare2(value);
 196              		.loc 1 132 0
 197 0002 FFF7FEFF 		bl	PWM_Green_WriteCompare2
 198              	.LVL18:
 133:source\bsw/pwm.c ****     return RC_SUCCESS;
 134:source\bsw/pwm.c **** }
 199              		.loc 1 134 0
 200 0006 0020     		movs	r0, #0
 201 0008 08BD     		pop	{r3, pc}
 202              		.cfi_endproc
 203              	.LFE115:
 204              		.size	PWM_SetGreen, .-PWM_SetGreen
 205 000a 00BF     		.section	.text.PWM_SetYellow,"ax",%progbits
 206              		.align	2
 207              		.global	PWM_SetYellow
 208              		.thumb
ARM GAS  C:\Users\rbhar\AppData\Local\Temp\ccdW0VWP.s 			page 7


 209              		.thumb_func
 210              		.type	PWM_SetYellow, %function
 211              	PWM_SetYellow:
 212              	.LFB116:
 135:source\bsw/pwm.c **** 
 136:source\bsw/pwm.c **** 
 137:source\bsw/pwm.c **** /**
 138:source\bsw/pwm.c ****  * A function which sets the Duty cycle of Yellow led
 139:source\bsw/pwm.c ****  * @param uint8 value       : IN 0 - 0xFF
 140:source\bsw/pwm.c ****  * @return RC_SUCCESS on successful
 141:source\bsw/pwm.c ****  */
 142:source\bsw/pwm.c **** RC_t PWM_SetYellow(uint8_t value)
 143:source\bsw/pwm.c **** {
 213              		.loc 1 143 0
 214              		.cfi_startproc
 215              		@ args = 0, pretend = 0, frame = 0
 216              		@ frame_needed = 0, uses_anonymous_args = 0
 217              	.LVL19:
 218 0000 08B5     		push	{r3, lr}
 219              		.cfi_def_cfa_offset 8
 220              		.cfi_offset 3, -8
 221              		.cfi_offset 14, -4
 144:source\bsw/pwm.c ****     PWM_Blue_WriteCompare2(value);
 222              		.loc 1 144 0
 223 0002 FFF7FEFF 		bl	PWM_Blue_WriteCompare2
 224              	.LVL20:
 145:source\bsw/pwm.c ****     return RC_SUCCESS;
 146:source\bsw/pwm.c **** }...
 225              		.loc 1 146 0
 226 0006 0020     		movs	r0, #0
 227 0008 08BD     		pop	{r3, pc}
 228              		.cfi_endproc
 229              	.LFE116:
 230              		.size	PWM_SetYellow, .-PWM_SetYellow
 231 000a 00BF     		.text
 232              	.Letext0:
 233              		.file 2 "d:\\installations\\cypress\\psoc creator\\4.2\\psoc creator\\import\\gnu\\arm\\5.4.1\\arm
 234              		.file 3 "d:\\installations\\cypress\\psoc creator\\4.2\\psoc creator\\import\\gnu\\arm\\5.4.1\\arm
 235              		.file 4 "Generated_Source\\PSoC5/ErikaOS_common_ee_types.inc"
 236              		.file 5 "Generated_Source\\PSoC5/ErikaOS_cortex_mx_ee_cpu.inc"
 237              		.file 6 "source\\bsw\\global.h"
 238              		.file 7 "Generated_Source\\PSoC5/ErikaOS_ee_oo_intfunc.inc"
 239              		.file 8 "Generated_Source\\PSoC5/ErikaOS_cortex_mx_ee_context.inc"
 240              		.file 9 "Generated_Source\\PSoC5/ErikaOS_common_ee_primitives.inc"
 241              		.file 10 "Generated_Source\\PSoC5/core_cm3.h"
 242              		.file 11 "Generated_Source\\PSoC5/PWM_Red.h"
 243              		.file 12 "Generated_Source\\PSoC5/PWM_Green.h"
 244              		.file 13 "Generated_Source\\PSoC5/PWM_Blue.h"
 245              		.section	.debug_info,"",%progbits
 246              	.Ldebug_info0:
 247 0000 1A040000 		.4byte	0x41a
 248 0004 0400     		.2byte	0x4
 249 0006 00000000 		.4byte	.Ldebug_abbrev0
 250 000a 04       		.byte	0x4
 251 000b 01       		.uleb128 0x1
 252 000c 47030000 		.4byte	.LASF72
 253 0010 0C       		.byte	0xc
ARM GAS  C:\Users\rbhar\AppData\Local\Temp\ccdW0VWP.s 			page 8


 254 0011 63020000 		.4byte	.LASF73
 255 0015 32000000 		.4byte	.LASF74
 256 0019 00000000 		.4byte	.Ldebug_ranges0+0
 257 001d 00000000 		.4byte	0
 258 0021 00000000 		.4byte	.Ldebug_line0
 259 0025 02       		.uleb128 0x2
 260 0026 01       		.byte	0x1
 261 0027 06       		.byte	0x6
 262 0028 C9020000 		.4byte	.LASF0
 263 002c 03       		.uleb128 0x3
 264 002d 82020000 		.4byte	.LASF4
 265 0031 02       		.byte	0x2
 266 0032 1D       		.byte	0x1d
 267 0033 37000000 		.4byte	0x37
 268 0037 02       		.uleb128 0x2
 269 0038 01       		.byte	0x1
 270 0039 08       		.byte	0x8
 271 003a BB020000 		.4byte	.LASF1
 272 003e 02       		.uleb128 0x2
 273 003f 02       		.byte	0x2
 274 0040 05       		.byte	0x5
 275 0041 8A000000 		.4byte	.LASF2
 276 0045 02       		.uleb128 0x2
 277 0046 02       		.byte	0x2
 278 0047 07       		.byte	0x7
 279 0048 34030000 		.4byte	.LASF3
 280 004c 03       		.uleb128 0x3
 281 004d 8D040000 		.4byte	.LASF5
 282 0051 02       		.byte	0x2
 283 0052 3F       		.byte	0x3f
 284 0053 57000000 		.4byte	0x57
 285 0057 02       		.uleb128 0x2
 286 0058 04       		.byte	0x4
 287 0059 05       		.byte	0x5
 288 005a F1030000 		.4byte	.LASF6
 289 005e 02       		.uleb128 0x2
 290 005f 04       		.byte	0x4
 291 0060 07       		.byte	0x7
 292 0061 5A040000 		.4byte	.LASF7
 293 0065 02       		.uleb128 0x2
 294 0066 08       		.byte	0x8
 295 0067 05       		.byte	0x5
 296 0068 CD010000 		.4byte	.LASF8
 297 006c 02       		.uleb128 0x2
 298 006d 08       		.byte	0x8
 299 006e 07       		.byte	0x7
 300 006f D5020000 		.4byte	.LASF9
 301 0073 04       		.uleb128 0x4
 302 0074 04       		.byte	0x4
 303 0075 05       		.byte	0x5
 304 0076 696E7400 		.ascii	"int\000"
 305 007a 02       		.uleb128 0x2
 306 007b 04       		.byte	0x4
 307 007c 07       		.byte	0x7
 308 007d EC020000 		.4byte	.LASF10
 309 0081 03       		.uleb128 0x3
 310 0082 41010000 		.4byte	.LASF11
ARM GAS  C:\Users\rbhar\AppData\Local\Temp\ccdW0VWP.s 			page 9


 311 0086 03       		.byte	0x3
 312 0087 18       		.byte	0x18
 313 0088 2C000000 		.4byte	0x2c
 314 008c 03       		.uleb128 0x3
 315 008d 1C040000 		.4byte	.LASF12
 316 0091 03       		.byte	0x3
 317 0092 2C       		.byte	0x2c
 318 0093 4C000000 		.4byte	0x4c
 319 0097 02       		.uleb128 0x2
 320 0098 04       		.byte	0x4
 321 0099 04       		.byte	0x4
 322 009a C7010000 		.4byte	.LASF13
 323 009e 02       		.uleb128 0x2
 324 009f 08       		.byte	0x8
 325 00a0 04       		.byte	0x4
 326 00a1 6C040000 		.4byte	.LASF14
 327 00a5 02       		.uleb128 0x2
 328 00a6 01       		.byte	0x1
 329 00a7 08       		.byte	0x8
 330 00a8 EC030000 		.4byte	.LASF15
 331 00ac 02       		.uleb128 0x2
 332 00ad 08       		.byte	0x8
 333 00ae 04       		.byte	0x4
 334 00af AF020000 		.4byte	.LASF16
 335 00b3 03       		.uleb128 0x3
 336 00b4 2B030000 		.4byte	.LASF17
 337 00b8 04       		.byte	0x4
 338 00b9 53       		.byte	0x53
 339 00ba 73000000 		.4byte	0x73
 340 00be 03       		.uleb128 0x3
 341 00bf 0D010000 		.4byte	.LASF18
 342 00c3 04       		.byte	0x4
 343 00c4 54       		.byte	0x54
 344 00c5 7A000000 		.4byte	0x7a
 345 00c9 03       		.uleb128 0x3
 346 00ca 85040000 		.4byte	.LASF19
 347 00ce 05       		.byte	0x5
 348 00cf 4D       		.byte	0x4d
 349 00d0 BE000000 		.4byte	0xbe
 350 00d4 03       		.uleb128 0x3
 351 00d5 E0000000 		.4byte	.LASF20
 352 00d9 05       		.byte	0x5
 353 00da 4F       		.byte	0x4f
 354 00db BE000000 		.4byte	0xbe
 355 00df 03       		.uleb128 0x3
 356 00e0 17010000 		.4byte	.LASF21
 357 00e4 05       		.byte	0x5
 358 00e5 78       		.byte	0x78
 359 00e6 B3000000 		.4byte	0xb3
 360 00ea 02       		.uleb128 0x2
 361 00eb 04       		.byte	0x4
 362 00ec 07       		.byte	0x7
 363 00ed C9000000 		.4byte	.LASF22
 364 00f1 05       		.uleb128 0x5
 365 00f2 65524300 		.ascii	"eRC\000"
 366 00f6 01       		.byte	0x1
 367 00f7 25000000 		.4byte	0x25
ARM GAS  C:\Users\rbhar\AppData\Local\Temp\ccdW0VWP.s 			page 10


 368 00fb 06       		.byte	0x6
 369 00fc AC       		.byte	0xac
 370 00fd 98010000 		.4byte	0x198
 371 0101 06       		.uleb128 0x6
 372 0102 13000000 		.4byte	.LASF23
 373 0106 00       		.byte	0
 374 0107 07       		.uleb128 0x7
 375 0108 D6040000 		.4byte	.LASF24
 376 010c 7F       		.sleb128 -1
 377 010d 07       		.uleb128 0x7
 378 010e 07030000 		.4byte	.LASF25
 379 0112 7E       		.sleb128 -2
 380 0113 07       		.uleb128 0x7
 381 0114 D2000000 		.4byte	.LASF26
 382 0118 7D       		.sleb128 -3
 383 0119 07       		.uleb128 0x7
 384 011a EF040000 		.4byte	.LASF27
 385 011e 7C       		.sleb128 -4
 386 011f 07       		.uleb128 0x7
 387 0120 B8010000 		.4byte	.LASF28
 388 0124 7B       		.sleb128 -5
 389 0125 07       		.uleb128 0x7
 390 0126 94000000 		.4byte	.LASF29
 391 012a 7A       		.sleb128 -6
 392 012b 07       		.uleb128 0x7
 393 012c 17050000 		.4byte	.LASF30
 394 0130 79       		.sleb128 -7
 395 0131 07       		.uleb128 0x7
 396 0132 07040000 		.4byte	.LASF31
 397 0136 78       		.sleb128 -8
 398 0137 07       		.uleb128 0x7
 399 0138 15030000 		.4byte	.LASF32
 400 013c 77       		.sleb128 -9
 401 013d 07       		.uleb128 0x7
 402 013e 74020000 		.4byte	.LASF33
 403 0142 76       		.sleb128 -10
 404 0143 07       		.uleb128 0x7
 405 0144 2E050000 		.4byte	.LASF34
 406 0148 75       		.sleb128 -11
 407 0149 07       		.uleb128 0x7
 408 014a F9020000 		.4byte	.LASF35
 409 014e 74       		.sleb128 -12
 410 014f 07       		.uleb128 0x7
 411 0150 73040000 		.4byte	.LASF36
 412 0154 73       		.sleb128 -13
 413 0155 07       		.uleb128 0x7
 414 0156 00000000 		.4byte	.LASF37
 415 015a 72       		.sleb128 -14
 416 015b 07       		.uleb128 0x7
 417 015c 1E000000 		.4byte	.LASF38
 418 0160 71       		.sleb128 -15
 419 0161 07       		.uleb128 0x7
 420 0162 8C020000 		.4byte	.LASF39
 421 0166 70       		.sleb128 -16
 422 0167 07       		.uleb128 0x7
 423 0168 E8000000 		.4byte	.LASF40
 424 016c 6F       		.sleb128 -17
ARM GAS  C:\Users\rbhar\AppData\Local\Temp\ccdW0VWP.s 			page 11


 425 016d 07       		.uleb128 0x7
 426 016e A5000000 		.4byte	.LASF41
 427 0172 6E       		.sleb128 -18
 428 0173 07       		.uleb128 0x7
 429 0174 F4010000 		.4byte	.LASF42
 430 0178 6D       		.sleb128 -19
 431 0179 07       		.uleb128 0x7
 432 017a 34040000 		.4byte	.LASF43
 433 017e 6C       		.sleb128 -20
 434 017f 07       		.uleb128 0x7
 435 0180 9D020000 		.4byte	.LASF44
 436 0184 6B       		.sleb128 -21
 437 0185 07       		.uleb128 0x7
 438 0186 A0040000 		.4byte	.LASF45
 439 018a 6A       		.sleb128 -22
 440 018b 07       		.uleb128 0x7
 441 018c 49010000 		.4byte	.LASF46
 442 0190 69       		.sleb128 -23
 443 0191 07       		.uleb128 0x7
 444 0192 80010000 		.4byte	.LASF47
 445 0196 68       		.sleb128 -24
 446 0197 00       		.byte	0
 447 0198 03       		.uleb128 0x3
 448 0199 29050000 		.4byte	.LASF48
 449 019d 06       		.byte	0x6
 450 019e C8       		.byte	0xc8
 451 019f F1000000 		.4byte	0xf1
 452 01a3 08       		.uleb128 0x8
 453 01a4 97040000 		.4byte	.LASF49
 454 01a8 01       		.byte	0x1
 455 01a9 39       		.byte	0x39
 456 01aa 98010000 		.4byte	0x198
 457 01ae 00000000 		.4byte	.LFB110
 458 01b2 36000000 		.4byte	.LFE110-.LFB110
 459 01b6 01       		.uleb128 0x1
 460 01b7 9C       		.byte	0x9c
 461 01b8 46020000 		.4byte	0x246
 462 01bc 09       		.uleb128 0x9
 463 01bd 06000000 		.4byte	.LVL0
 464 01c1 BA030000 		.4byte	0x3ba
 465 01c5 09       		.uleb128 0x9
 466 01c6 0A000000 		.4byte	.LVL1
 467 01ca C5030000 		.4byte	0x3c5
 468 01ce 09       		.uleb128 0x9
 469 01cf 0E000000 		.4byte	.LVL2
 470 01d3 D0030000 		.4byte	0x3d0
 471 01d7 0A       		.uleb128 0xa
 472 01d8 14000000 		.4byte	.LVL3
 473 01dc DB030000 		.4byte	0x3db
 474 01e0 EA010000 		.4byte	0x1ea
 475 01e4 0B       		.uleb128 0xb
 476 01e5 01       		.uleb128 0x1
 477 01e6 50       		.byte	0x50
 478 01e7 01       		.uleb128 0x1
 479 01e8 30       		.byte	0x30
 480 01e9 00       		.byte	0
 481 01ea 0A       		.uleb128 0xa
ARM GAS  C:\Users\rbhar\AppData\Local\Temp\ccdW0VWP.s 			page 12


 482 01eb 1A000000 		.4byte	.LVL4
 483 01ef E6030000 		.4byte	0x3e6
 484 01f3 FD010000 		.4byte	0x1fd
 485 01f7 0B       		.uleb128 0xb
 486 01f8 01       		.uleb128 0x1
 487 01f9 50       		.byte	0x50
 488 01fa 01       		.uleb128 0x1
 489 01fb 30       		.byte	0x30
 490 01fc 00       		.byte	0
 491 01fd 0A       		.uleb128 0xa
 492 01fe 20000000 		.4byte	.LVL5
 493 0202 F1030000 		.4byte	0x3f1
 494 0206 10020000 		.4byte	0x210
 495 020a 0B       		.uleb128 0xb
 496 020b 01       		.uleb128 0x1
 497 020c 50       		.byte	0x50
 498 020d 01       		.uleb128 0x1
 499 020e 30       		.byte	0x30
 500 020f 00       		.byte	0
 501 0210 0A       		.uleb128 0xa
 502 0211 26000000 		.4byte	.LVL6
 503 0215 FC030000 		.4byte	0x3fc
 504 0219 23020000 		.4byte	0x223
 505 021d 0B       		.uleb128 0xb
 506 021e 01       		.uleb128 0x1
 507 021f 50       		.byte	0x50
 508 0220 01       		.uleb128 0x1
 509 0221 30       		.byte	0x30
 510 0222 00       		.byte	0
 511 0223 0A       		.uleb128 0xa
 512 0224 2C000000 		.4byte	.LVL7
 513 0228 07040000 		.4byte	0x407
 514 022c 36020000 		.4byte	0x236
 515 0230 0B       		.uleb128 0xb
 516 0231 01       		.uleb128 0x1
 517 0232 50       		.byte	0x50
 518 0233 01       		.uleb128 0x1
 519 0234 30       		.byte	0x30
 520 0235 00       		.byte	0
 521 0236 0C       		.uleb128 0xc
 522 0237 32000000 		.4byte	.LVL8
 523 023b 12040000 		.4byte	0x412
 524 023f 0B       		.uleb128 0xb
 525 0240 01       		.uleb128 0x1
 526 0241 50       		.byte	0x50
 527 0242 01       		.uleb128 0x1
 528 0243 30       		.byte	0x30
 529 0244 00       		.byte	0
 530 0245 00       		.byte	0
 531 0246 08       		.uleb128 0x8
 532 0247 BA000000 		.4byte	.LASF50
 533 024b 01       		.byte	0x1
 534 024c 52       		.byte	0x52
 535 024d 98010000 		.4byte	0x198
 536 0251 00000000 		.4byte	.LFB111
 537 0255 0A000000 		.4byte	.LFE111-.LFB111
 538 0259 01       		.uleb128 0x1
ARM GAS  C:\Users\rbhar\AppData\Local\Temp\ccdW0VWP.s 			page 13


 539 025a 9C       		.byte	0x9c
 540 025b 78020000 		.4byte	0x278
 541 025f 0D       		.uleb128 0xd
 542 0260 1E010000 		.4byte	.LASF52
 543 0264 01       		.byte	0x1
 544 0265 52       		.byte	0x52
 545 0266 81000000 		.4byte	0x81
 546 026a 00000000 		.4byte	.LLST0
 547 026e 09       		.uleb128 0x9
 548 026f 06000000 		.4byte	.LVL10
 549 0273 DB030000 		.4byte	0x3db
 550 0277 00       		.byte	0
 551 0278 08       		.uleb128 0x8
 552 0279 FC000000 		.4byte	.LASF51
 553 027d 01       		.byte	0x1
 554 027e 5E       		.byte	0x5e
 555 027f 98010000 		.4byte	0x198
 556 0283 00000000 		.4byte	.LFB112
 557 0287 0A000000 		.4byte	.LFE112-.LFB112
 558 028b 01       		.uleb128 0x1
 559 028c 9C       		.byte	0x9c
 560 028d AA020000 		.4byte	0x2aa
 561 0291 0D       		.uleb128 0xd
 562 0292 1E010000 		.4byte	.LASF52
 563 0296 01       		.byte	0x1
 564 0297 5E       		.byte	0x5e
 565 0298 81000000 		.4byte	0x81
 566 029c 21000000 		.4byte	.LLST1
 567 02a0 09       		.uleb128 0x9
 568 02a1 06000000 		.4byte	.LVL12
 569 02a5 E6030000 		.4byte	0x3e6
 570 02a9 00       		.byte	0
 571 02aa 08       		.uleb128 0x8
 572 02ab 24040000 		.4byte	.LASF53
 573 02af 01       		.byte	0x1
 574 02b0 6A       		.byte	0x6a
 575 02b1 98010000 		.4byte	0x198
 576 02b5 00000000 		.4byte	.LFB113
 577 02b9 0A000000 		.4byte	.LFE113-.LFB113
 578 02bd 01       		.uleb128 0x1
 579 02be 9C       		.byte	0x9c
 580 02bf DC020000 		.4byte	0x2dc
 581 02c3 0D       		.uleb128 0xd
 582 02c4 1E010000 		.4byte	.LASF52
 583 02c8 01       		.byte	0x1
 584 02c9 6A       		.byte	0x6a
 585 02ca 81000000 		.4byte	0x81
 586 02ce 42000000 		.4byte	.LLST2
 587 02d2 09       		.uleb128 0x9
 588 02d3 06000000 		.4byte	.LVL14
 589 02d7 F1030000 		.4byte	0x3f1
 590 02db 00       		.byte	0
 591 02dc 08       		.uleb128 0x8
 592 02dd 75010000 		.4byte	.LASF54
 593 02e1 01       		.byte	0x1
 594 02e2 76       		.byte	0x76
 595 02e3 98010000 		.4byte	0x198
ARM GAS  C:\Users\rbhar\AppData\Local\Temp\ccdW0VWP.s 			page 14


 596 02e7 00000000 		.4byte	.LFB114
 597 02eb 0A000000 		.4byte	.LFE114-.LFB114
 598 02ef 01       		.uleb128 0x1
 599 02f0 9C       		.byte	0x9c
 600 02f1 0E030000 		.4byte	0x30e
 601 02f5 0D       		.uleb128 0xd
 602 02f6 1E010000 		.4byte	.LASF52
 603 02fa 01       		.byte	0x1
 604 02fb 76       		.byte	0x76
 605 02fc 81000000 		.4byte	0x81
 606 0300 63000000 		.4byte	.LLST3
 607 0304 09       		.uleb128 0x9
 608 0305 06000000 		.4byte	.LVL16
 609 0309 FC030000 		.4byte	0x3fc
 610 030d 00       		.byte	0
 611 030e 08       		.uleb128 0x8
 612 030f FA030000 		.4byte	.LASF55
 613 0313 01       		.byte	0x1
 614 0314 82       		.byte	0x82
 615 0315 98010000 		.4byte	0x198
 616 0319 00000000 		.4byte	.LFB115
 617 031d 0A000000 		.4byte	.LFE115-.LFB115
 618 0321 01       		.uleb128 0x1
 619 0322 9C       		.byte	0x9c
 620 0323 40030000 		.4byte	0x340
 621 0327 0D       		.uleb128 0xd
 622 0328 1E010000 		.4byte	.LASF52
 623 032c 01       		.byte	0x1
 624 032d 82       		.byte	0x82
 625 032e 81000000 		.4byte	0x81
 626 0332 84000000 		.4byte	.LLST4
 627 0336 09       		.uleb128 0x9
 628 0337 06000000 		.4byte	.LVL18
 629 033b 07040000 		.4byte	0x407
 630 033f 00       		.byte	0
 631 0340 08       		.uleb128 0x8
 632 0341 33010000 		.4byte	.LASF56
 633 0345 01       		.byte	0x1
 634 0346 8E       		.byte	0x8e
 635 0347 98010000 		.4byte	0x198
 636 034b 00000000 		.4byte	.LFB116
 637 034f 0A000000 		.4byte	.LFE116-.LFB116
 638 0353 01       		.uleb128 0x1
 639 0354 9C       		.byte	0x9c
 640 0355 72030000 		.4byte	0x372
 641 0359 0D       		.uleb128 0xd
 642 035a 1E010000 		.4byte	.LASF52
 643 035e 01       		.byte	0x1
 644 035f 8E       		.byte	0x8e
 645 0360 81000000 		.4byte	0x81
 646 0364 A5000000 		.4byte	.LLST5
 647 0368 09       		.uleb128 0x9
 648 0369 06000000 		.4byte	.LVL20
 649 036d 12040000 		.4byte	0x412
 650 0371 00       		.byte	0
 651 0372 0E       		.uleb128 0xe
 652 0373 FF040000 		.4byte	.LASF57
ARM GAS  C:\Users\rbhar\AppData\Local\Temp\ccdW0VWP.s 			page 15


 653 0377 07       		.byte	0x7
 654 0378 40       		.byte	0x40
 655 0379 C9000000 		.4byte	0xc9
 656 037d 0E       		.uleb128 0xe
 657 037e DB010000 		.4byte	.LASF58
 658 0382 07       		.byte	0x7
 659 0383 47       		.byte	0x47
 660 0384 D4000000 		.4byte	0xd4
 661 0388 0E       		.uleb128 0xe
 662 0389 47040000 		.4byte	.LASF59
 663 038d 07       		.byte	0x7
 664 038e 4A       		.byte	0x4a
 665 038f C9000000 		.4byte	0xc9
 666 0393 0E       		.uleb128 0xe
 667 0394 9F010000 		.4byte	.LASF60
 668 0398 08       		.byte	0x8
 669 0399 48       		.byte	0x48
 670 039a DF000000 		.4byte	0xdf
 671 039e 0E       		.uleb128 0xe
 672 039f 60010000 		.4byte	.LASF61
 673 03a3 09       		.byte	0x9
 674 03a4 44       		.byte	0x44
 675 03a5 C9000000 		.4byte	0xc9
 676 03a9 0F       		.uleb128 0xf
 677 03aa C9040000 		.4byte	.LASF62
 678 03ae 0A       		.byte	0xa
 679 03af 1207     		.2byte	0x712
 680 03b1 B5030000 		.4byte	0x3b5
 681 03b5 10       		.uleb128 0x10
 682 03b6 8C000000 		.4byte	0x8c
 683 03ba 11       		.uleb128 0x11
 684 03bb 91010000 		.4byte	.LASF63
 685 03bf 91010000 		.4byte	.LASF63
 686 03c3 0B       		.byte	0xb
 687 03c4 92       		.byte	0x92
 688 03c5 11       		.uleb128 0x11
 689 03c6 DF040000 		.4byte	.LASF64
 690 03ca DF040000 		.4byte	.LASF64
 691 03ce 0C       		.byte	0xc
 692 03cf 92       		.byte	0x92
 693 03d0 11       		.uleb128 0x11
 694 03d1 24010000 		.4byte	.LASF65
 695 03d5 24010000 		.4byte	.LASF65
 696 03d9 0D       		.byte	0xd
 697 03da 92       		.byte	0x92
 698 03db 11       		.uleb128 0x11
 699 03dc 37020000 		.4byte	.LASF66
 700 03e0 37020000 		.4byte	.LASF66
 701 03e4 0B       		.byte	0xb
 702 03e5 C7       		.byte	0xc7
 703 03e6 11       		.uleb128 0x11
 704 03e7 07020000 		.4byte	.LASF67
 705 03eb 07020000 		.4byte	.LASF67
 706 03ef 0C       		.byte	0xc
 707 03f0 C7       		.byte	0xc7
 708 03f1 11       		.uleb128 0x11
 709 03f2 B2040000 		.4byte	.LASF68
ARM GAS  C:\Users\rbhar\AppData\Local\Temp\ccdW0VWP.s 			page 16


 710 03f6 B2040000 		.4byte	.LASF68
 711 03fa 0D       		.byte	0xd
 712 03fb C7       		.byte	0xc7
 713 03fc 11       		.uleb128 0x11
 714 03fd 4D020000 		.4byte	.LASF69
 715 0401 4D020000 		.4byte	.LASF69
 716 0405 0B       		.byte	0xb
 717 0406 CA       		.byte	0xca
 718 0407 11       		.uleb128 0x11
 719 0408 1F020000 		.4byte	.LASF70
 720 040c 1F020000 		.4byte	.LASF70
 721 0410 0C       		.byte	0xc
 722 0411 CA       		.byte	0xca
 723 0412 11       		.uleb128 0x11
 724 0413 D5030000 		.4byte	.LASF71
 725 0417 D5030000 		.4byte	.LASF71
 726 041b 0D       		.byte	0xd
 727 041c CA       		.byte	0xca
 728 041d 00       		.byte	0
 729              		.section	.debug_abbrev,"",%progbits
 730              	.Ldebug_abbrev0:
 731 0000 01       		.uleb128 0x1
 732 0001 11       		.uleb128 0x11
 733 0002 01       		.byte	0x1
 734 0003 25       		.uleb128 0x25
 735 0004 0E       		.uleb128 0xe
 736 0005 13       		.uleb128 0x13
 737 0006 0B       		.uleb128 0xb
 738 0007 03       		.uleb128 0x3
 739 0008 0E       		.uleb128 0xe
 740 0009 1B       		.uleb128 0x1b
 741 000a 0E       		.uleb128 0xe
 742 000b 55       		.uleb128 0x55
 743 000c 17       		.uleb128 0x17
 744 000d 11       		.uleb128 0x11
 745 000e 01       		.uleb128 0x1
 746 000f 10       		.uleb128 0x10
 747 0010 17       		.uleb128 0x17
 748 0011 00       		.byte	0
 749 0012 00       		.byte	0
 750 0013 02       		.uleb128 0x2
 751 0014 24       		.uleb128 0x24
 752 0015 00       		.byte	0
 753 0016 0B       		.uleb128 0xb
 754 0017 0B       		.uleb128 0xb
 755 0018 3E       		.uleb128 0x3e
 756 0019 0B       		.uleb128 0xb
 757 001a 03       		.uleb128 0x3
 758 001b 0E       		.uleb128 0xe
 759 001c 00       		.byte	0
 760 001d 00       		.byte	0
 761 001e 03       		.uleb128 0x3
 762 001f 16       		.uleb128 0x16
 763 0020 00       		.byte	0
 764 0021 03       		.uleb128 0x3
 765 0022 0E       		.uleb128 0xe
 766 0023 3A       		.uleb128 0x3a
ARM GAS  C:\Users\rbhar\AppData\Local\Temp\ccdW0VWP.s 			page 17


 767 0024 0B       		.uleb128 0xb
 768 0025 3B       		.uleb128 0x3b
 769 0026 0B       		.uleb128 0xb
 770 0027 49       		.uleb128 0x49
 771 0028 13       		.uleb128 0x13
 772 0029 00       		.byte	0
 773 002a 00       		.byte	0
 774 002b 04       		.uleb128 0x4
 775 002c 24       		.uleb128 0x24
 776 002d 00       		.byte	0
 777 002e 0B       		.uleb128 0xb
 778 002f 0B       		.uleb128 0xb
 779 0030 3E       		.uleb128 0x3e
 780 0031 0B       		.uleb128 0xb
 781 0032 03       		.uleb128 0x3
 782 0033 08       		.uleb128 0x8
 783 0034 00       		.byte	0
 784 0035 00       		.byte	0
 785 0036 05       		.uleb128 0x5
 786 0037 04       		.uleb128 0x4
 787 0038 01       		.byte	0x1
 788 0039 03       		.uleb128 0x3
 789 003a 08       		.uleb128 0x8
 790 003b 0B       		.uleb128 0xb
 791 003c 0B       		.uleb128 0xb
 792 003d 49       		.uleb128 0x49
 793 003e 13       		.uleb128 0x13
 794 003f 3A       		.uleb128 0x3a
 795 0040 0B       		.uleb128 0xb
 796 0041 3B       		.uleb128 0x3b
 797 0042 0B       		.uleb128 0xb
 798 0043 01       		.uleb128 0x1
 799 0044 13       		.uleb128 0x13
 800 0045 00       		.byte	0
 801 0046 00       		.byte	0
 802 0047 06       		.uleb128 0x6
 803 0048 28       		.uleb128 0x28
 804 0049 00       		.byte	0
 805 004a 03       		.uleb128 0x3
 806 004b 0E       		.uleb128 0xe
 807 004c 1C       		.uleb128 0x1c
 808 004d 0B       		.uleb128 0xb
 809 004e 00       		.byte	0
 810 004f 00       		.byte	0
 811 0050 07       		.uleb128 0x7
 812 0051 28       		.uleb128 0x28
 813 0052 00       		.byte	0
 814 0053 03       		.uleb128 0x3
 815 0054 0E       		.uleb128 0xe
 816 0055 1C       		.uleb128 0x1c
 817 0056 0D       		.uleb128 0xd
 818 0057 00       		.byte	0
 819 0058 00       		.byte	0
 820 0059 08       		.uleb128 0x8
 821 005a 2E       		.uleb128 0x2e
 822 005b 01       		.byte	0x1
 823 005c 3F       		.uleb128 0x3f
ARM GAS  C:\Users\rbhar\AppData\Local\Temp\ccdW0VWP.s 			page 18


 824 005d 19       		.uleb128 0x19
 825 005e 03       		.uleb128 0x3
 826 005f 0E       		.uleb128 0xe
 827 0060 3A       		.uleb128 0x3a
 828 0061 0B       		.uleb128 0xb
 829 0062 3B       		.uleb128 0x3b
 830 0063 0B       		.uleb128 0xb
 831 0064 27       		.uleb128 0x27
 832 0065 19       		.uleb128 0x19
 833 0066 49       		.uleb128 0x49
 834 0067 13       		.uleb128 0x13
 835 0068 11       		.uleb128 0x11
 836 0069 01       		.uleb128 0x1
 837 006a 12       		.uleb128 0x12
 838 006b 06       		.uleb128 0x6
 839 006c 40       		.uleb128 0x40
 840 006d 18       		.uleb128 0x18
 841 006e 9742     		.uleb128 0x2117
 842 0070 19       		.uleb128 0x19
 843 0071 01       		.uleb128 0x1
 844 0072 13       		.uleb128 0x13
 845 0073 00       		.byte	0
 846 0074 00       		.byte	0
 847 0075 09       		.uleb128 0x9
 848 0076 898201   		.uleb128 0x4109
 849 0079 00       		.byte	0
 850 007a 11       		.uleb128 0x11
 851 007b 01       		.uleb128 0x1
 852 007c 31       		.uleb128 0x31
 853 007d 13       		.uleb128 0x13
 854 007e 00       		.byte	0
 855 007f 00       		.byte	0
 856 0080 0A       		.uleb128 0xa
 857 0081 898201   		.uleb128 0x4109
 858 0084 01       		.byte	0x1
 859 0085 11       		.uleb128 0x11
 860 0086 01       		.uleb128 0x1
 861 0087 31       		.uleb128 0x31
 862 0088 13       		.uleb128 0x13
 863 0089 01       		.uleb128 0x1
 864 008a 13       		.uleb128 0x13
 865 008b 00       		.byte	0
 866 008c 00       		.byte	0
 867 008d 0B       		.uleb128 0xb
 868 008e 8A8201   		.uleb128 0x410a
 869 0091 00       		.byte	0
 870 0092 02       		.uleb128 0x2
 871 0093 18       		.uleb128 0x18
 872 0094 9142     		.uleb128 0x2111
 873 0096 18       		.uleb128 0x18
 874 0097 00       		.byte	0
 875 0098 00       		.byte	0
 876 0099 0C       		.uleb128 0xc
 877 009a 898201   		.uleb128 0x4109
 878 009d 01       		.byte	0x1
 879 009e 11       		.uleb128 0x11
 880 009f 01       		.uleb128 0x1
ARM GAS  C:\Users\rbhar\AppData\Local\Temp\ccdW0VWP.s 			page 19


 881 00a0 31       		.uleb128 0x31
 882 00a1 13       		.uleb128 0x13
 883 00a2 00       		.byte	0
 884 00a3 00       		.byte	0
 885 00a4 0D       		.uleb128 0xd
 886 00a5 05       		.uleb128 0x5
 887 00a6 00       		.byte	0
 888 00a7 03       		.uleb128 0x3
 889 00a8 0E       		.uleb128 0xe
 890 00a9 3A       		.uleb128 0x3a
 891 00aa 0B       		.uleb128 0xb
 892 00ab 3B       		.uleb128 0x3b
 893 00ac 0B       		.uleb128 0xb
 894 00ad 49       		.uleb128 0x49
 895 00ae 13       		.uleb128 0x13
 896 00af 02       		.uleb128 0x2
 897 00b0 17       		.uleb128 0x17
 898 00b1 00       		.byte	0
 899 00b2 00       		.byte	0
 900 00b3 0E       		.uleb128 0xe
 901 00b4 34       		.uleb128 0x34
 902 00b5 00       		.byte	0
 903 00b6 03       		.uleb128 0x3
 904 00b7 0E       		.uleb128 0xe
 905 00b8 3A       		.uleb128 0x3a
 906 00b9 0B       		.uleb128 0xb
 907 00ba 3B       		.uleb128 0x3b
 908 00bb 0B       		.uleb128 0xb
 909 00bc 49       		.uleb128 0x49
 910 00bd 13       		.uleb128 0x13
 911 00be 3F       		.uleb128 0x3f
 912 00bf 19       		.uleb128 0x19
 913 00c0 3C       		.uleb128 0x3c
 914 00c1 19       		.uleb128 0x19
 915 00c2 00       		.byte	0
 916 00c3 00       		.byte	0
 917 00c4 0F       		.uleb128 0xf
 918 00c5 34       		.uleb128 0x34
 919 00c6 00       		.byte	0
 920 00c7 03       		.uleb128 0x3
 921 00c8 0E       		.uleb128 0xe
 922 00c9 3A       		.uleb128 0x3a
 923 00ca 0B       		.uleb128 0xb
 924 00cb 3B       		.uleb128 0x3b
 925 00cc 05       		.uleb128 0x5
 926 00cd 49       		.uleb128 0x49
 927 00ce 13       		.uleb128 0x13
 928 00cf 3F       		.uleb128 0x3f
 929 00d0 19       		.uleb128 0x19
 930 00d1 3C       		.uleb128 0x3c
 931 00d2 19       		.uleb128 0x19
 932 00d3 00       		.byte	0
 933 00d4 00       		.byte	0
 934 00d5 10       		.uleb128 0x10
 935 00d6 35       		.uleb128 0x35
 936 00d7 00       		.byte	0
 937 00d8 49       		.uleb128 0x49
ARM GAS  C:\Users\rbhar\AppData\Local\Temp\ccdW0VWP.s 			page 20


 938 00d9 13       		.uleb128 0x13
 939 00da 00       		.byte	0
 940 00db 00       		.byte	0
 941 00dc 11       		.uleb128 0x11
 942 00dd 2E       		.uleb128 0x2e
 943 00de 00       		.byte	0
 944 00df 3F       		.uleb128 0x3f
 945 00e0 19       		.uleb128 0x19
 946 00e1 3C       		.uleb128 0x3c
 947 00e2 19       		.uleb128 0x19
 948 00e3 6E       		.uleb128 0x6e
 949 00e4 0E       		.uleb128 0xe
 950 00e5 03       		.uleb128 0x3
 951 00e6 0E       		.uleb128 0xe
 952 00e7 3A       		.uleb128 0x3a
 953 00e8 0B       		.uleb128 0xb
 954 00e9 3B       		.uleb128 0x3b
 955 00ea 0B       		.uleb128 0xb
 956 00eb 00       		.byte	0
 957 00ec 00       		.byte	0
 958 00ed 00       		.byte	0
 959              		.section	.debug_loc,"",%progbits
 960              	.Ldebug_loc0:
 961              	.LLST0:
 962 0000 00000000 		.4byte	.LVL9
 963 0004 05000000 		.4byte	.LVL10-1
 964 0008 0100     		.2byte	0x1
 965 000a 50       		.byte	0x50
 966 000b 05000000 		.4byte	.LVL10-1
 967 000f 0A000000 		.4byte	.LFE111
 968 0013 0400     		.2byte	0x4
 969 0015 F3       		.byte	0xf3
 970 0016 01       		.uleb128 0x1
 971 0017 50       		.byte	0x50
 972 0018 9F       		.byte	0x9f
 973 0019 00000000 		.4byte	0
 974 001d 00000000 		.4byte	0
 975              	.LLST1:
 976 0021 00000000 		.4byte	.LVL11
 977 0025 05000000 		.4byte	.LVL12-1
 978 0029 0100     		.2byte	0x1
 979 002b 50       		.byte	0x50
 980 002c 05000000 		.4byte	.LVL12-1
 981 0030 0A000000 		.4byte	.LFE112
 982 0034 0400     		.2byte	0x4
 983 0036 F3       		.byte	0xf3
 984 0037 01       		.uleb128 0x1
 985 0038 50       		.byte	0x50
 986 0039 9F       		.byte	0x9f
 987 003a 00000000 		.4byte	0
 988 003e 00000000 		.4byte	0
 989              	.LLST2:
 990 0042 00000000 		.4byte	.LVL13
 991 0046 05000000 		.4byte	.LVL14-1
 992 004a 0100     		.2byte	0x1
 993 004c 50       		.byte	0x50
 994 004d 05000000 		.4byte	.LVL14-1
ARM GAS  C:\Users\rbhar\AppData\Local\Temp\ccdW0VWP.s 			page 21


 995 0051 0A000000 		.4byte	.LFE113
 996 0055 0400     		.2byte	0x4
 997 0057 F3       		.byte	0xf3
 998 0058 01       		.uleb128 0x1
 999 0059 50       		.byte	0x50
 1000 005a 9F       		.byte	0x9f
 1001 005b 00000000 		.4byte	0
 1002 005f 00000000 		.4byte	0
 1003              	.LLST3:
 1004 0063 00000000 		.4byte	.LVL15
 1005 0067 05000000 		.4byte	.LVL16-1
 1006 006b 0100     		.2byte	0x1
 1007 006d 50       		.byte	0x50
 1008 006e 05000000 		.4byte	.LVL16-1
 1009 0072 0A000000 		.4byte	.LFE114
 1010 0076 0400     		.2byte	0x4
 1011 0078 F3       		.byte	0xf3
 1012 0079 01       		.uleb128 0x1
 1013 007a 50       		.byte	0x50
 1014 007b 9F       		.byte	0x9f
 1015 007c 00000000 		.4byte	0
 1016 0080 00000000 		.4byte	0
 1017              	.LLST4:
 1018 0084 00000000 		.4byte	.LVL17
 1019 0088 05000000 		.4byte	.LVL18-1
 1020 008c 0100     		.2byte	0x1
 1021 008e 50       		.byte	0x50
 1022 008f 05000000 		.4byte	.LVL18-1
 1023 0093 0A000000 		.4byte	.LFE115
 1024 0097 0400     		.2byte	0x4
 1025 0099 F3       		.byte	0xf3
 1026 009a 01       		.uleb128 0x1
 1027 009b 50       		.byte	0x50
 1028 009c 9F       		.byte	0x9f
 1029 009d 00000000 		.4byte	0
 1030 00a1 00000000 		.4byte	0
 1031              	.LLST5:
 1032 00a5 00000000 		.4byte	.LVL19
 1033 00a9 05000000 		.4byte	.LVL20-1
 1034 00ad 0100     		.2byte	0x1
 1035 00af 50       		.byte	0x50
 1036 00b0 05000000 		.4byte	.LVL20-1
 1037 00b4 0A000000 		.4byte	.LFE116
 1038 00b8 0400     		.2byte	0x4
 1039 00ba F3       		.byte	0xf3
 1040 00bb 01       		.uleb128 0x1
 1041 00bc 50       		.byte	0x50
 1042 00bd 9F       		.byte	0x9f
 1043 00be 00000000 		.4byte	0
 1044 00c2 00000000 		.4byte	0
 1045              		.section	.debug_aranges,"",%progbits
 1046 0000 4C000000 		.4byte	0x4c
 1047 0004 0200     		.2byte	0x2
 1048 0006 00000000 		.4byte	.Ldebug_info0
 1049 000a 04       		.byte	0x4
 1050 000b 00       		.byte	0
 1051 000c 0000     		.2byte	0
ARM GAS  C:\Users\rbhar\AppData\Local\Temp\ccdW0VWP.s 			page 22


 1052 000e 0000     		.2byte	0
 1053 0010 00000000 		.4byte	.LFB110
 1054 0014 36000000 		.4byte	.LFE110-.LFB110
 1055 0018 00000000 		.4byte	.LFB111
 1056 001c 0A000000 		.4byte	.LFE111-.LFB111
 1057 0020 00000000 		.4byte	.LFB112
 1058 0024 0A000000 		.4byte	.LFE112-.LFB112
 1059 0028 00000000 		.4byte	.LFB113
 1060 002c 0A000000 		.4byte	.LFE113-.LFB113
 1061 0030 00000000 		.4byte	.LFB114
 1062 0034 0A000000 		.4byte	.LFE114-.LFB114
 1063 0038 00000000 		.4byte	.LFB115
 1064 003c 0A000000 		.4byte	.LFE115-.LFB115
 1065 0040 00000000 		.4byte	.LFB116
 1066 0044 0A000000 		.4byte	.LFE116-.LFB116
 1067 0048 00000000 		.4byte	0
 1068 004c 00000000 		.4byte	0
 1069              		.section	.debug_ranges,"",%progbits
 1070              	.Ldebug_ranges0:
 1071 0000 00000000 		.4byte	.LFB110
 1072 0004 36000000 		.4byte	.LFE110
 1073 0008 00000000 		.4byte	.LFB111
 1074 000c 0A000000 		.4byte	.LFE111
 1075 0010 00000000 		.4byte	.LFB112
 1076 0014 0A000000 		.4byte	.LFE112
 1077 0018 00000000 		.4byte	.LFB113
 1078 001c 0A000000 		.4byte	.LFE113
 1079 0020 00000000 		.4byte	.LFB114
 1080 0024 0A000000 		.4byte	.LFE114
 1081 0028 00000000 		.4byte	.LFB115
 1082 002c 0A000000 		.4byte	.LFE115
 1083 0030 00000000 		.4byte	.LFB116
 1084 0034 0A000000 		.4byte	.LFE116
 1085 0038 00000000 		.4byte	0
 1086 003c 00000000 		.4byte	0
 1087              		.section	.debug_line,"",%progbits
 1088              	.Ldebug_line0:
 1089 0000 A2020000 		.section	.debug_str,"MS",%progbits,1
 1089      02001702 
 1089      00000201 
 1089      FB0E0D00 
 1089      01010101 
 1090              	.LASF37:
 1091 0000 52435F45 		.ascii	"RC_ERROR_READ_ONLY\000"
 1091      52524F52 
 1091      5F524541 
 1091      445F4F4E 
 1091      4C5900
 1092              	.LASF23:
 1093 0013 52435F53 		.ascii	"RC_SUCCESS\000"
 1093      55434345 
 1093      535300
 1094              	.LASF38:
 1095 001e 52435F45 		.ascii	"RC_ERROR_WRITE_ONLY\000"
 1095      52524F52 
 1095      5F575249 
 1095      54455F4F 
ARM GAS  C:\Users\rbhar\AppData\Local\Temp\ccdW0VWP.s 			page 23


 1095      4E4C5900 
 1096              	.LASF74:
 1097 0032 443A5C48 		.ascii	"D:\\HDA\\1_sem\\Embedded System Design\\Lab\\Assign"
 1097      44415C31 
 1097      5F73656D 
 1097      5C456D62 
 1097      65646465 
 1098 0060 6D656E74 		.ascii	"ment_1\\ReactionGame_OS\\ReactionGame.cydsn\000"
 1098      5F315C52 
 1098      65616374 
 1098      696F6E47 
 1098      616D655F 
 1099              	.LASF2:
 1100 008a 73686F72 		.ascii	"short int\000"
 1100      7420696E 
 1100      7400
 1101              	.LASF29:
 1102 0094 52435F45 		.ascii	"RC_ERROR_OVERRUN\000"
 1102      52524F52 
 1102      5F4F5645 
 1102      5252554E 
 1102      00
 1103              	.LASF41:
 1104 00a5 52435F45 		.ascii	"RC_ERROR_WRITE_FAILS\000"
 1104      52524F52 
 1104      5F575249 
 1104      54455F46 
 1104      41494C53 
 1105              	.LASF50:
 1106 00ba 50574D5F 		.ascii	"PWM_RGB_SetRed\000"
 1106      5247425F 
 1106      53657452 
 1106      656400
 1107              	.LASF22:
 1108 00c9 73697A65 		.ascii	"sizetype\000"
 1108      74797065 
 1108      00
 1109              	.LASF26:
 1110 00d2 52435F45 		.ascii	"RC_ERROR_ZERO\000"
 1110      52524F52 
 1110      5F5A4552 
 1110      4F00
 1111              	.LASF20:
 1112 00e0 45455F46 		.ascii	"EE_FREG\000"
 1112      52454700 
 1113              	.LASF40:
 1114 00e8 52435F45 		.ascii	"RC_ERROR_READ_FAILS\000"
 1114      52524F52 
 1114      5F524541 
 1114      445F4641 
 1114      494C5300 
 1115              	.LASF51:
 1116 00fc 50574D5F 		.ascii	"PWM_RGB_SetGreen\000"
 1116      5247425F 
 1116      53657447 
 1116      7265656E 
 1116      00
ARM GAS  C:\Users\rbhar\AppData\Local\Temp\ccdW0VWP.s 			page 24


 1117              	.LASF18:
 1118 010d 45455F55 		.ascii	"EE_UINT32\000"
 1118      494E5433 
 1118      3200
 1119              	.LASF21:
 1120 0117 45455F54 		.ascii	"EE_TID\000"
 1120      494400
 1121              	.LASF52:
 1122 011e 76616C75 		.ascii	"value\000"
 1122      6500
 1123              	.LASF65:
 1124 0124 50574D5F 		.ascii	"PWM_Blue_Start\000"
 1124      426C7565 
 1124      5F537461 
 1124      727400
 1125              	.LASF56:
 1126 0133 50574D5F 		.ascii	"PWM_SetYellow\000"
 1126      53657459 
 1126      656C6C6F 
 1126      7700
 1127              	.LASF11:
 1128 0141 75696E74 		.ascii	"uint8_t\000"
 1128      385F7400 
 1129              	.LASF46:
 1130 0149 52435F45 		.ascii	"RC_ERROR_INVALID_STATE\000"
 1130      52524F52 
 1130      5F494E56 
 1130      414C4944 
 1130      5F535441 
 1131              	.LASF61:
 1132 0160 45455F49 		.ascii	"EE_IRQ_nesting_level\000"
 1132      52515F6E 
 1132      65737469 
 1132      6E675F6C 
 1132      6576656C 
 1133              	.LASF54:
 1134 0175 50574D5F 		.ascii	"PWM_SetRed\000"
 1134      53657452 
 1134      656400
 1135              	.LASF47:
 1136 0180 52435F45 		.ascii	"RC_ERROR_UNKNOWN\000"
 1136      52524F52 
 1136      5F554E4B 
 1136      4E4F574E 
 1136      00
 1137              	.LASF63:
 1138 0191 50574D5F 		.ascii	"PWM_Red_Start\000"
 1138      5265645F 
 1138      53746172 
 1138      7400
 1139              	.LASF60:
 1140 019f 45455F73 		.ascii	"EE_std_endcycle_next_tid\000"
 1140      74645F65 
 1140      6E646379 
 1140      636C655F 
 1140      6E657874 
 1141              	.LASF28:
ARM GAS  C:\Users\rbhar\AppData\Local\Temp\ccdW0VWP.s 			page 25


 1142 01b8 52435F45 		.ascii	"RC_ERROR_RANGE\000"
 1142      52524F52 
 1142      5F52414E 
 1142      474500
 1143              	.LASF13:
 1144 01c7 666C6F61 		.ascii	"float\000"
 1144      7400
 1145              	.LASF8:
 1146 01cd 6C6F6E67 		.ascii	"long long int\000"
 1146      206C6F6E 
 1146      6720696E 
 1146      7400
 1147              	.LASF58:
 1148 01db 45455F6F 		.ascii	"EE_oo_IRQ_suspend_status\000"
 1148      6F5F4952 
 1148      515F7375 
 1148      7370656E 
 1148      645F7374 
 1149              	.LASF42:
 1150 01f4 52435F45 		.ascii	"RC_ERROR_NOT_MATCH\000"
 1150      52524F52 
 1150      5F4E4F54 
 1150      5F4D4154 
 1150      434800
 1151              	.LASF67:
 1152 0207 50574D5F 		.ascii	"PWM_Green_WriteCompare1\000"
 1152      47726565 
 1152      6E5F5772 
 1152      69746543 
 1152      6F6D7061 
 1153              	.LASF70:
 1154 021f 50574D5F 		.ascii	"PWM_Green_WriteCompare2\000"
 1154      47726565 
 1154      6E5F5772 
 1154      69746543 
 1154      6F6D7061 
 1155              	.LASF66:
 1156 0237 50574D5F 		.ascii	"PWM_Red_WriteCompare1\000"
 1156      5265645F 
 1156      57726974 
 1156      65436F6D 
 1156      70617265 
 1157              	.LASF69:
 1158 024d 50574D5F 		.ascii	"PWM_Red_WriteCompare2\000"
 1158      5265645F 
 1158      57726974 
 1158      65436F6D 
 1158      70617265 
 1159              	.LASF73:
 1160 0263 736F7572 		.ascii	"source\\bsw\\pwm.c\000"
 1160      63655C62 
 1160      73775C70 
 1160      776D2E63 
 1160      00
 1161              	.LASF33:
 1162 0274 52435F45 		.ascii	"RC_ERROR_BUSY\000"
 1162      52524F52 
ARM GAS  C:\Users\rbhar\AppData\Local\Temp\ccdW0VWP.s 			page 26


 1162      5F425553 
 1162      5900
 1163              	.LASF4:
 1164 0282 5F5F7569 		.ascii	"__uint8_t\000"
 1164      6E74385F 
 1164      7400
 1165              	.LASF39:
 1166 028c 52435F45 		.ascii	"RC_ERROR_INVALID\000"
 1166      52524F52 
 1166      5F494E56 
 1166      414C4944 
 1166      00
 1167              	.LASF44:
 1168 029d 52435F45 		.ascii	"RC_ERROR_BAD_DATA\000"
 1168      52524F52 
 1168      5F424144 
 1168      5F444154 
 1168      4100
 1169              	.LASF16:
 1170 02af 6C6F6E67 		.ascii	"long double\000"
 1170      20646F75 
 1170      626C6500 
 1171              	.LASF1:
 1172 02bb 756E7369 		.ascii	"unsigned char\000"
 1172      676E6564 
 1172      20636861 
 1172      7200
 1173              	.LASF0:
 1174 02c9 7369676E 		.ascii	"signed char\000"
 1174      65642063 
 1174      68617200 
 1175              	.LASF9:
 1176 02d5 6C6F6E67 		.ascii	"long long unsigned int\000"
 1176      206C6F6E 
 1176      6720756E 
 1176      7369676E 
 1176      65642069 
 1177              	.LASF10:
 1178 02ec 756E7369 		.ascii	"unsigned int\000"
 1178      676E6564 
 1178      20696E74 
 1178      00
 1179              	.LASF35:
 1180 02f9 52435F45 		.ascii	"RC_ERROR_OPEN\000"
 1180      52524F52 
 1180      5F4F5045 
 1180      4E00
 1181              	.LASF25:
 1182 0307 52435F45 		.ascii	"RC_ERROR_NULL\000"
 1182      52524F52 
 1182      5F4E554C 
 1182      4C00
 1183              	.LASF32:
 1184 0315 52435F45 		.ascii	"RC_ERROR_BUFFER_EMTPY\000"
 1184      52524F52 
 1184      5F425546 
 1184      4645525F 
ARM GAS  C:\Users\rbhar\AppData\Local\Temp\ccdW0VWP.s 			page 27


 1184      454D5450 
 1185              	.LASF17:
 1186 032b 45455F49 		.ascii	"EE_INT32\000"
 1186      4E543332 
 1186      00
 1187              	.LASF3:
 1188 0334 73686F72 		.ascii	"short unsigned int\000"
 1188      7420756E 
 1188      7369676E 
 1188      65642069 
 1188      6E7400
 1189              	.LASF72:
 1190 0347 474E5520 		.ascii	"GNU C11 5.4.1 20160609 (release) [ARM/embedded-5-br"
 1190      43313120 
 1190      352E342E 
 1190      31203230 
 1190      31363036 
 1191 037a 616E6368 		.ascii	"anch revision 237715] -mcpu=cortex-m3 -mthumb -g -O"
 1191      20726576 
 1191      6973696F 
 1191      6E203233 
 1191      37373135 
 1192 03ad 67202D66 		.ascii	"g -ffunction-sections -ffat-lto-objects\000"
 1192      66756E63 
 1192      74696F6E 
 1192      2D736563 
 1192      74696F6E 
 1193              	.LASF71:
 1194 03d5 50574D5F 		.ascii	"PWM_Blue_WriteCompare2\000"
 1194      426C7565 
 1194      5F577269 
 1194      7465436F 
 1194      6D706172 
 1195              	.LASF15:
 1196 03ec 63686172 		.ascii	"char\000"
 1196      00
 1197              	.LASF6:
 1198 03f1 6C6F6E67 		.ascii	"long int\000"
 1198      20696E74 
 1198      00
 1199              	.LASF55:
 1200 03fa 50574D5F 		.ascii	"PWM_SetGreen\000"
 1200      53657447 
 1200      7265656E 
 1200      00
 1201              	.LASF31:
 1202 0407 52435F45 		.ascii	"RC_ERROR_BUFFER_FULL\000"
 1202      52524F52 
 1202      5F425546 
 1202      4645525F 
 1202      46554C4C 
 1203              	.LASF12:
 1204 041c 696E7433 		.ascii	"int32_t\000"
 1204      325F7400 
 1205              	.LASF53:
 1206 0424 50574D5F 		.ascii	"PWM_RGB_SetBlue\000"
 1206      5247425F 
ARM GAS  C:\Users\rbhar\AppData\Local\Temp\ccdW0VWP.s 			page 28


 1206      53657442 
 1206      6C756500 
 1207              	.LASF43:
 1208 0434 52435F45 		.ascii	"RC_ERROR_BAD_PARAM\000"
 1208      52524F52 
 1208      5F424144 
 1208      5F504152 
 1208      414D00
 1209              	.LASF59:
 1210 0447 45455F41 		.ascii	"EE_ApplicationMode\000"
 1210      70706C69 
 1210      63617469 
 1210      6F6E4D6F 
 1210      646500
 1211              	.LASF7:
 1212 045a 6C6F6E67 		.ascii	"long unsigned int\000"
 1212      20756E73 
 1212      69676E65 
 1212      6420696E 
 1212      7400
 1213              	.LASF14:
 1214 046c 646F7562 		.ascii	"double\000"
 1214      6C6500
 1215              	.LASF36:
 1216 0473 52435F45 		.ascii	"RC_ERROR_CHECKSUM\000"
 1216      52524F52 
 1216      5F434845 
 1216      434B5355 
 1216      4D00
 1217              	.LASF19:
 1218 0485 45455F55 		.ascii	"EE_UREG\000"
 1218      52454700 
 1219              	.LASF5:
 1220 048d 5F5F696E 		.ascii	"__int32_t\000"
 1220      7433325F 
 1220      7400
 1221              	.LASF49:
 1222 0497 50574D5F 		.ascii	"PWM_Init\000"
 1222      496E6974 
 1222      00
 1223              	.LASF45:
 1224 04a0 52435F45 		.ascii	"RC_ERROR_CANCELED\000"
 1224      52524F52 
 1224      5F43414E 
 1224      43454C45 
 1224      4400
 1225              	.LASF68:
 1226 04b2 50574D5F 		.ascii	"PWM_Blue_WriteCompare1\000"
 1226      426C7565 
 1226      5F577269 
 1226      7465436F 
 1226      6D706172 
 1227              	.LASF62:
 1228 04c9 49544D5F 		.ascii	"ITM_RxBuffer\000"
 1228      52784275 
 1228      66666572 
 1228      00
ARM GAS  C:\Users\rbhar\AppData\Local\Temp\ccdW0VWP.s 			page 29


 1229              	.LASF24:
 1230 04d6 52435F45 		.ascii	"RC_ERROR\000"
 1230      52524F52 
 1230      00
 1231              	.LASF64:
 1232 04df 50574D5F 		.ascii	"PWM_Green_Start\000"
 1232      47726565 
 1232      6E5F5374 
 1232      61727400 
 1233              	.LASF27:
 1234 04ef 52435F45 		.ascii	"RC_ERROR_MEMORY\000"
 1234      52524F52 
 1234      5F4D454D 
 1234      4F525900 
 1235              	.LASF57:
 1236 04ff 45455F6F 		.ascii	"EE_oo_IRQ_disable_count\000"
 1236      6F5F4952 
 1236      515F6469 
 1236      7361626C 
 1236      655F636F 
 1237              	.LASF30:
 1238 0517 52435F45 		.ascii	"RC_ERROR_UNDERRUN\000"
 1238      52524F52 
 1238      5F554E44 
 1238      45525255 
 1238      4E00
 1239              	.LASF48:
 1240 0529 52435F74 		.ascii	"RC_t\000"
 1240      00
 1241              	.LASF34:
 1242 052e 52435F45 		.ascii	"RC_ERROR_TIME_OUT\000"
 1242      52524F52 
 1242      5F54494D 
 1242      455F4F55 
 1242      5400
 1243              		.ident	"GCC: (GNU Tools for ARM Embedded Processors) 5.4.1 20160609 (release) [ARM/embedded-5-bran
