ARM GAS  C:\Users\rbhar\AppData\Local\Temp\ccqlxJh4.s 			page 1


   1              		.syntax unified
   2              		.cpu cortex-m3
   3              		.fpu softvfp
   4              		.eabi_attribute 20, 1
   5              		.eabi_attribute 21, 1
   6              		.eabi_attribute 23, 3
   7              		.eabi_attribute 24, 1
   8              		.eabi_attribute 25, 1
   9              		.eabi_attribute 26, 1
  10              		.eabi_attribute 30, 1
  11              		.eabi_attribute 34, 1
  12              		.eabi_attribute 18, 4
  13              		.thumb
  14              		.syntax unified
  15              		.file	"tsk_Timer.c"
  16              		.text
  17              	.Ltext0:
  18              		.cfi_sections	.debug_frame
  19              		.section	.text.Functsk_Timer,"ax",%progbits
  20              		.align	2
  21              		.global	Functsk_Timer
  22              		.thumb
  23              		.thumb_func
  24              		.type	Functsk_Timer, %function
  25              	Functsk_Timer:
  26              	.LFB110:
  27              		.file 1 "source\\asw\\tsk_Timer.c"
   1:source\asw/tsk_Timer.c **** /**
   2:source\asw/tsk_Timer.c **** * \file <tsk_Timer.c>
   3:source\asw/tsk_Timer.c **** * \author <Bharath Ramachandraiah>
   4:source\asw/tsk_Timer.c **** * \date <13/11/2018>
   5:source\asw/tsk_Timer.c **** *
   6:source\asw/tsk_Timer.c **** * \brief <Symbolic File name>
   7:source\asw/tsk_Timer.c **** *
   8:source\asw/tsk_Timer.c **** * \copyright Copyright ©2016
   9:source\asw/tsk_Timer.c **** * Department of electrical engineering and information technology, Hochschule Darmstadt - Universit
  10:source\asw/tsk_Timer.c **** * Permission to use, copy, modify, and distribute this software and its documentation for education
  11:source\asw/tsk_Timer.c **** * (unless permitted by h_da) and official h_da projects, is hereby granted for enrolled students of
  12:source\asw/tsk_Timer.c **** * this paragraph and the following paragraph appear in all copies, modifications, and distributions
  13:source\asw/tsk_Timer.c **** * Contact Prof.Dr.-Ing. Peter Fromm, peter.fromm@h-da.de, Birkenweg 8 64295 Darmstadt - GERMANY for
  14:source\asw/tsk_Timer.c **** *
  15:source\asw/tsk_Timer.c **** * \warning This software is a PROTOTYPE version and is not designed or intended for use in producti
  16:source\asw/tsk_Timer.c **** * The user represents and warrants that it will NOT use or redistribute the Software for such purpo
  17:source\asw/tsk_Timer.c **** * This prototype is for research purposes only. This software is provided "AS IS," without a warran
  18:source\asw/tsk_Timer.c **** */
  19:source\asw/tsk_Timer.c **** 
  20:source\asw/tsk_Timer.c **** /*****************************************************************************/
  21:source\asw/tsk_Timer.c **** /* Include files                                                             */
  22:source\asw/tsk_Timer.c **** /*****************************************************************************/
  23:source\asw/tsk_Timer.c **** #include "tsk_Timer.h"
  24:source\asw/tsk_Timer.c **** 
  25:source\asw/tsk_Timer.c **** /*****************************************************************************/
  26:source\asw/tsk_Timer.c **** /* Local pre-processor symbols/macros ('#define')                            */
  27:source\asw/tsk_Timer.c **** /*****************************************************************************/
  28:source\asw/tsk_Timer.c **** 
  29:source\asw/tsk_Timer.c **** 
  30:source\asw/tsk_Timer.c **** /*****************************************************************************/
ARM GAS  C:\Users\rbhar\AppData\Local\Temp\ccqlxJh4.s 			page 2


  31:source\asw/tsk_Timer.c **** /* Global variable definitions (declared in header file with 'extern')       */
  32:source\asw/tsk_Timer.c **** /*****************************************************************************/
  33:source\asw/tsk_Timer.c **** 
  34:source\asw/tsk_Timer.c **** /*****************************************************************************/
  35:source\asw/tsk_Timer.c **** /* Local type definitions ('typedef')                                        */
  36:source\asw/tsk_Timer.c **** /*****************************************************************************/
  37:source\asw/tsk_Timer.c **** 
  38:source\asw/tsk_Timer.c **** 
  39:source\asw/tsk_Timer.c **** /*****************************************************************************/
  40:source\asw/tsk_Timer.c **** /* Local variable definitions ('static')                                     */
  41:source\asw/tsk_Timer.c **** /*****************************************************************************/
  42:source\asw/tsk_Timer.c **** 
  43:source\asw/tsk_Timer.c **** 
  44:source\asw/tsk_Timer.c **** /*****************************************************************************/
  45:source\asw/tsk_Timer.c **** /* Local function prototypes ('static')                                      */
  46:source\asw/tsk_Timer.c **** /*****************************************************************************/
  47:source\asw/tsk_Timer.c **** 
  48:source\asw/tsk_Timer.c **** 
  49:source\asw/tsk_Timer.c **** /*****************************************************************************/
  50:source\asw/tsk_Timer.c **** /* Function implementation - global ('extern') and local ('static')          */
  51:source\asw/tsk_Timer.c **** /*****************************************************************************/
  52:source\asw/tsk_Timer.c **** 
  53:source\asw/tsk_Timer.c **** /**
  54:source\asw/tsk_Timer.c ****  * The Task declaration
  55:source\asw/tsk_Timer.c ****  * The tsk_Timer is a cyclic task which is activated every 1ms.
  56:source\asw/tsk_Timer.c ****  * The task is activated via an alarm.
  57:source\asw/tsk_Timer.c ****  */
  58:source\asw/tsk_Timer.c **** TASK(tsk_Timer)
  59:source\asw/tsk_Timer.c **** {
  28              		.loc 1 59 0
  29              		.cfi_startproc
  30              		@ args = 0, pretend = 0, frame = 0
  31              		@ frame_needed = 0, uses_anonymous_args = 0
  32 0000 08B5     		push	{r3, lr}
  33              		.cfi_def_cfa_offset 8
  34              		.cfi_offset 3, -8
  35              		.cfi_offset 14, -4
  60:source\asw/tsk_Timer.c ****     // Activate Tasks here
  61:source\asw/tsk_Timer.c ****     
  62:source\asw/tsk_Timer.c ****     // Set Alarms here
  63:source\asw/tsk_Timer.c ****     
  64:source\asw/tsk_Timer.c ****     // Terminate the init task and let the schedular do its thing!
  65:source\asw/tsk_Timer.c ****     TerminateTask();
  36              		.loc 1 65 0
  37 0002 FFF7FEFF 		bl	EE_oo_TerminateTask
  38              	.LVL0:
  39 0006 08BD     		pop	{r3, pc}
  40              		.cfi_endproc
  41              	.LFE110:
  42              		.size	Functsk_Timer, .-Functsk_Timer
  43              		.text
  44              	.Letext0:
  45              		.file 2 "d:\\installations\\cypress\\psoc creator\\4.2\\psoc creator\\import\\gnu\\arm\\5.4.1\\arm
  46              		.file 3 "d:\\installations\\cypress\\psoc creator\\4.2\\psoc creator\\import\\gnu\\arm\\5.4.1\\arm
  47              		.file 4 "Generated_Source\\PSoC5/ErikaOS_common_ee_types.inc"
  48              		.file 5 "Generated_Source\\PSoC5/ErikaOS_cortex_mx_ee_cpu.inc"
  49              		.file 6 "Generated_Source\\PSoC5/ErikaOS_ee_oo_intfunc.inc"
ARM GAS  C:\Users\rbhar\AppData\Local\Temp\ccqlxJh4.s 			page 3


  50              		.file 7 "Generated_Source\\PSoC5/ErikaOS_cortex_mx_ee_context.inc"
  51              		.file 8 "Generated_Source\\PSoC5/ErikaOS_common_ee_primitives.inc"
  52              		.file 9 "Generated_Source\\PSoC5/core_cm3.h"
  53              		.file 10 "Generated_Source\\PSoC5/ErikaOS_ee_oo_kernel.inc"
  54              		.section	.debug_info,"",%progbits
  55              	.Ldebug_info0:
  56 0000 4A010000 		.4byte	0x14a
  57 0004 0400     		.2byte	0x4
  58 0006 00000000 		.4byte	.Ldebug_abbrev0
  59 000a 04       		.byte	0x4
  60 000b 01       		.uleb128 0x1
  61 000c 3E000000 		.4byte	.LASF27
  62 0010 0C       		.byte	0xc
  63 0011 6C010000 		.4byte	.LASF28
  64 0015 D1010000 		.4byte	.LASF29
  65 0019 00000000 		.4byte	.Ldebug_ranges0+0
  66 001d 00000000 		.4byte	0
  67 0021 00000000 		.4byte	.Ldebug_line0
  68 0025 02       		.uleb128 0x2
  69 0026 01       		.byte	0x1
  70 0027 06       		.byte	0x6
  71 0028 65020000 		.4byte	.LASF0
  72 002c 02       		.uleb128 0x2
  73 002d 01       		.byte	0x1
  74 002e 08       		.byte	0x8
  75 002f 30000000 		.4byte	.LASF1
  76 0033 02       		.uleb128 0x2
  77 0034 02       		.byte	0x2
  78 0035 05       		.byte	0x5
  79 0036 46020000 		.4byte	.LASF2
  80 003a 02       		.uleb128 0x2
  81 003b 02       		.byte	0x2
  82 003c 07       		.byte	0x7
  83 003d E7000000 		.4byte	.LASF3
  84 0041 03       		.uleb128 0x3
  85 0042 00000000 		.4byte	.LASF9
  86 0046 02       		.byte	0x2
  87 0047 3F       		.byte	0x3f
  88 0048 4C000000 		.4byte	0x4c
  89 004c 02       		.uleb128 0x2
  90 004d 04       		.byte	0x4
  91 004e 05       		.byte	0x5
  92 004f 50020000 		.4byte	.LASF4
  93 0053 02       		.uleb128 0x2
  94 0054 04       		.byte	0x4
  95 0055 07       		.byte	0x7
  96 0056 D5000000 		.4byte	.LASF5
  97 005a 02       		.uleb128 0x2
  98 005b 08       		.byte	0x8
  99 005c 05       		.byte	0x5
 100 005d BE010000 		.4byte	.LASF6
 101 0061 02       		.uleb128 0x2
 102 0062 08       		.byte	0x8
 103 0063 07       		.byte	0x7
 104 0064 83010000 		.4byte	.LASF7
 105 0068 04       		.uleb128 0x4
 106 0069 04       		.byte	0x4
ARM GAS  C:\Users\rbhar\AppData\Local\Temp\ccqlxJh4.s 			page 4


 107 006a 05       		.byte	0x5
 108 006b 696E7400 		.ascii	"int\000"
 109 006f 02       		.uleb128 0x2
 110 0070 04       		.byte	0x4
 111 0071 07       		.byte	0x7
 112 0072 4D010000 		.4byte	.LASF8
 113 0076 03       		.uleb128 0x3
 114 0077 AD010000 		.4byte	.LASF10
 115 007b 03       		.byte	0x3
 116 007c 2C       		.byte	0x2c
 117 007d 41000000 		.4byte	0x41
 118 0081 02       		.uleb128 0x2
 119 0082 04       		.byte	0x4
 120 0083 04       		.byte	0x4
 121 0084 2A000000 		.4byte	.LASF11
 122 0088 02       		.uleb128 0x2
 123 0089 08       		.byte	0x8
 124 008a 04       		.byte	0x4
 125 008b 1F010000 		.4byte	.LASF12
 126 008f 02       		.uleb128 0x2
 127 0090 01       		.byte	0x1
 128 0091 08       		.byte	0x8
 129 0092 CC010000 		.4byte	.LASF13
 130 0096 02       		.uleb128 0x2
 131 0097 08       		.byte	0x8
 132 0098 04       		.byte	0x4
 133 0099 59020000 		.4byte	.LASF14
 134 009d 03       		.uleb128 0x3
 135 009e CC000000 		.4byte	.LASF15
 136 00a2 04       		.byte	0x4
 137 00a3 53       		.byte	0x53
 138 00a4 68000000 		.4byte	0x68
 139 00a8 03       		.uleb128 0x3
 140 00a9 62010000 		.4byte	.LASF16
 141 00ad 04       		.byte	0x4
 142 00ae 54       		.byte	0x54
 143 00af 6F000000 		.4byte	0x6f
 144 00b3 03       		.uleb128 0x3
 145 00b4 29020000 		.4byte	.LASF17
 146 00b8 05       		.byte	0x5
 147 00b9 4D       		.byte	0x4d
 148 00ba A8000000 		.4byte	0xa8
 149 00be 03       		.uleb128 0x3
 150 00bf 5A010000 		.4byte	.LASF18
 151 00c3 05       		.byte	0x5
 152 00c4 4F       		.byte	0x4f
 153 00c5 A8000000 		.4byte	0xa8
 154 00c9 03       		.uleb128 0x3
 155 00ca 23000000 		.4byte	.LASF19
 156 00ce 05       		.byte	0x5
 157 00cf 78       		.byte	0x78
 158 00d0 9D000000 		.4byte	0x9d
 159 00d4 02       		.uleb128 0x2
 160 00d5 04       		.byte	0x4
 161 00d6 07       		.byte	0x7
 162 00d7 B5010000 		.4byte	.LASF20
 163 00db 05       		.uleb128 0x5
ARM GAS  C:\Users\rbhar\AppData\Local\Temp\ccqlxJh4.s 			page 5


 164 00dc 26010000 		.4byte	.LASF30
 165 00e0 01       		.byte	0x1
 166 00e1 3A       		.byte	0x3a
 167 00e2 00000000 		.4byte	.LFB110
 168 00e6 08000000 		.4byte	.LFE110-.LFB110
 169 00ea 01       		.uleb128 0x1
 170 00eb 9C       		.byte	0x9c
 171 00ec FA000000 		.4byte	0xfa
 172 00f0 06       		.uleb128 0x6
 173 00f1 06000000 		.4byte	.LVL0
 174 00f5 42010000 		.4byte	0x142
 175 00f9 00       		.byte	0
 176 00fa 07       		.uleb128 0x7
 177 00fb FA000000 		.4byte	.LASF21
 178 00ff 06       		.byte	0x6
 179 0100 40       		.byte	0x40
 180 0101 B3000000 		.4byte	0xb3
 181 0105 07       		.uleb128 0x7
 182 0106 0A000000 		.4byte	.LASF22
 183 010a 06       		.byte	0x6
 184 010b 47       		.byte	0x47
 185 010c BE000000 		.4byte	0xbe
 186 0110 07       		.uleb128 0x7
 187 0111 9A010000 		.4byte	.LASF23
 188 0115 06       		.byte	0x6
 189 0116 4A       		.byte	0x4a
 190 0117 B3000000 		.4byte	0xb3
 191 011b 07       		.uleb128 0x7
 192 011c 34010000 		.4byte	.LASF24
 193 0120 07       		.byte	0x7
 194 0121 48       		.byte	0x48
 195 0122 C9000000 		.4byte	0xc9
 196 0126 07       		.uleb128 0x7
 197 0127 31020000 		.4byte	.LASF25
 198 012b 08       		.byte	0x8
 199 012c 44       		.byte	0x44
 200 012d B3000000 		.4byte	0xb3
 201 0131 08       		.uleb128 0x8
 202 0132 12010000 		.4byte	.LASF26
 203 0136 09       		.byte	0x9
 204 0137 1207     		.2byte	0x712
 205 0139 3D010000 		.4byte	0x13d
 206 013d 09       		.uleb128 0x9
 207 013e 76000000 		.4byte	0x76
 208 0142 0A       		.uleb128 0xa
 209 0143 71020000 		.4byte	.LASF31
 210 0147 71020000 		.4byte	.LASF31
 211 014b 0A       		.byte	0xa
 212 014c 9F       		.byte	0x9f
 213 014d 00       		.byte	0
 214              		.section	.debug_abbrev,"",%progbits
 215              	.Ldebug_abbrev0:
 216 0000 01       		.uleb128 0x1
 217 0001 11       		.uleb128 0x11
 218 0002 01       		.byte	0x1
 219 0003 25       		.uleb128 0x25
 220 0004 0E       		.uleb128 0xe
ARM GAS  C:\Users\rbhar\AppData\Local\Temp\ccqlxJh4.s 			page 6


 221 0005 13       		.uleb128 0x13
 222 0006 0B       		.uleb128 0xb
 223 0007 03       		.uleb128 0x3
 224 0008 0E       		.uleb128 0xe
 225 0009 1B       		.uleb128 0x1b
 226 000a 0E       		.uleb128 0xe
 227 000b 55       		.uleb128 0x55
 228 000c 17       		.uleb128 0x17
 229 000d 11       		.uleb128 0x11
 230 000e 01       		.uleb128 0x1
 231 000f 10       		.uleb128 0x10
 232 0010 17       		.uleb128 0x17
 233 0011 00       		.byte	0
 234 0012 00       		.byte	0
 235 0013 02       		.uleb128 0x2
 236 0014 24       		.uleb128 0x24
 237 0015 00       		.byte	0
 238 0016 0B       		.uleb128 0xb
 239 0017 0B       		.uleb128 0xb
 240 0018 3E       		.uleb128 0x3e
 241 0019 0B       		.uleb128 0xb
 242 001a 03       		.uleb128 0x3
 243 001b 0E       		.uleb128 0xe
 244 001c 00       		.byte	0
 245 001d 00       		.byte	0
 246 001e 03       		.uleb128 0x3
 247 001f 16       		.uleb128 0x16
 248 0020 00       		.byte	0
 249 0021 03       		.uleb128 0x3
 250 0022 0E       		.uleb128 0xe
 251 0023 3A       		.uleb128 0x3a
 252 0024 0B       		.uleb128 0xb
 253 0025 3B       		.uleb128 0x3b
 254 0026 0B       		.uleb128 0xb
 255 0027 49       		.uleb128 0x49
 256 0028 13       		.uleb128 0x13
 257 0029 00       		.byte	0
 258 002a 00       		.byte	0
 259 002b 04       		.uleb128 0x4
 260 002c 24       		.uleb128 0x24
 261 002d 00       		.byte	0
 262 002e 0B       		.uleb128 0xb
 263 002f 0B       		.uleb128 0xb
 264 0030 3E       		.uleb128 0x3e
 265 0031 0B       		.uleb128 0xb
 266 0032 03       		.uleb128 0x3
 267 0033 08       		.uleb128 0x8
 268 0034 00       		.byte	0
 269 0035 00       		.byte	0
 270 0036 05       		.uleb128 0x5
 271 0037 2E       		.uleb128 0x2e
 272 0038 01       		.byte	0x1
 273 0039 3F       		.uleb128 0x3f
 274 003a 19       		.uleb128 0x19
 275 003b 03       		.uleb128 0x3
 276 003c 0E       		.uleb128 0xe
 277 003d 3A       		.uleb128 0x3a
ARM GAS  C:\Users\rbhar\AppData\Local\Temp\ccqlxJh4.s 			page 7


 278 003e 0B       		.uleb128 0xb
 279 003f 3B       		.uleb128 0x3b
 280 0040 0B       		.uleb128 0xb
 281 0041 27       		.uleb128 0x27
 282 0042 19       		.uleb128 0x19
 283 0043 11       		.uleb128 0x11
 284 0044 01       		.uleb128 0x1
 285 0045 12       		.uleb128 0x12
 286 0046 06       		.uleb128 0x6
 287 0047 40       		.uleb128 0x40
 288 0048 18       		.uleb128 0x18
 289 0049 9742     		.uleb128 0x2117
 290 004b 19       		.uleb128 0x19
 291 004c 01       		.uleb128 0x1
 292 004d 13       		.uleb128 0x13
 293 004e 00       		.byte	0
 294 004f 00       		.byte	0
 295 0050 06       		.uleb128 0x6
 296 0051 898201   		.uleb128 0x4109
 297 0054 00       		.byte	0
 298 0055 11       		.uleb128 0x11
 299 0056 01       		.uleb128 0x1
 300 0057 31       		.uleb128 0x31
 301 0058 13       		.uleb128 0x13
 302 0059 00       		.byte	0
 303 005a 00       		.byte	0
 304 005b 07       		.uleb128 0x7
 305 005c 34       		.uleb128 0x34
 306 005d 00       		.byte	0
 307 005e 03       		.uleb128 0x3
 308 005f 0E       		.uleb128 0xe
 309 0060 3A       		.uleb128 0x3a
 310 0061 0B       		.uleb128 0xb
 311 0062 3B       		.uleb128 0x3b
 312 0063 0B       		.uleb128 0xb
 313 0064 49       		.uleb128 0x49
 314 0065 13       		.uleb128 0x13
 315 0066 3F       		.uleb128 0x3f
 316 0067 19       		.uleb128 0x19
 317 0068 3C       		.uleb128 0x3c
 318 0069 19       		.uleb128 0x19
 319 006a 00       		.byte	0
 320 006b 00       		.byte	0
 321 006c 08       		.uleb128 0x8
 322 006d 34       		.uleb128 0x34
 323 006e 00       		.byte	0
 324 006f 03       		.uleb128 0x3
 325 0070 0E       		.uleb128 0xe
 326 0071 3A       		.uleb128 0x3a
 327 0072 0B       		.uleb128 0xb
 328 0073 3B       		.uleb128 0x3b
 329 0074 05       		.uleb128 0x5
 330 0075 49       		.uleb128 0x49
 331 0076 13       		.uleb128 0x13
 332 0077 3F       		.uleb128 0x3f
 333 0078 19       		.uleb128 0x19
 334 0079 3C       		.uleb128 0x3c
ARM GAS  C:\Users\rbhar\AppData\Local\Temp\ccqlxJh4.s 			page 8


 335 007a 19       		.uleb128 0x19
 336 007b 00       		.byte	0
 337 007c 00       		.byte	0
 338 007d 09       		.uleb128 0x9
 339 007e 35       		.uleb128 0x35
 340 007f 00       		.byte	0
 341 0080 49       		.uleb128 0x49
 342 0081 13       		.uleb128 0x13
 343 0082 00       		.byte	0
 344 0083 00       		.byte	0
 345 0084 0A       		.uleb128 0xa
 346 0085 2E       		.uleb128 0x2e
 347 0086 00       		.byte	0
 348 0087 3F       		.uleb128 0x3f
 349 0088 19       		.uleb128 0x19
 350 0089 3C       		.uleb128 0x3c
 351 008a 19       		.uleb128 0x19
 352 008b 6E       		.uleb128 0x6e
 353 008c 0E       		.uleb128 0xe
 354 008d 03       		.uleb128 0x3
 355 008e 0E       		.uleb128 0xe
 356 008f 3A       		.uleb128 0x3a
 357 0090 0B       		.uleb128 0xb
 358 0091 3B       		.uleb128 0x3b
 359 0092 0B       		.uleb128 0xb
 360 0093 00       		.byte	0
 361 0094 00       		.byte	0
 362 0095 00       		.byte	0
 363              		.section	.debug_aranges,"",%progbits
 364 0000 1C000000 		.4byte	0x1c
 365 0004 0200     		.2byte	0x2
 366 0006 00000000 		.4byte	.Ldebug_info0
 367 000a 04       		.byte	0x4
 368 000b 00       		.byte	0
 369 000c 0000     		.2byte	0
 370 000e 0000     		.2byte	0
 371 0010 00000000 		.4byte	.LFB110
 372 0014 08000000 		.4byte	.LFE110-.LFB110
 373 0018 00000000 		.4byte	0
 374 001c 00000000 		.4byte	0
 375              		.section	.debug_ranges,"",%progbits
 376              	.Ldebug_ranges0:
 377 0000 00000000 		.4byte	.LFB110
 378 0004 08000000 		.4byte	.LFE110
 379 0008 00000000 		.4byte	0
 380 000c 00000000 		.4byte	0
 381              		.section	.debug_line,"",%progbits
 382              	.Ldebug_line0:
 383 0000 19020000 		.section	.debug_str,"MS",%progbits,1
 383      02000302 
 383      00000201 
 383      FB0E0D00 
 383      01010101 
 384              	.LASF9:
 385 0000 5F5F696E 		.ascii	"__int32_t\000"
 385      7433325F 
 385      7400
ARM GAS  C:\Users\rbhar\AppData\Local\Temp\ccqlxJh4.s 			page 9


 386              	.LASF22:
 387 000a 45455F6F 		.ascii	"EE_oo_IRQ_suspend_status\000"
 387      6F5F4952 
 387      515F7375 
 387      7370656E 
 387      645F7374 
 388              	.LASF19:
 389 0023 45455F54 		.ascii	"EE_TID\000"
 389      494400
 390              	.LASF11:
 391 002a 666C6F61 		.ascii	"float\000"
 391      7400
 392              	.LASF1:
 393 0030 756E7369 		.ascii	"unsigned char\000"
 393      676E6564 
 393      20636861 
 393      7200
 394              	.LASF27:
 395 003e 474E5520 		.ascii	"GNU C11 5.4.1 20160609 (release) [ARM/embedded-5-br"
 395      43313120 
 395      352E342E 
 395      31203230 
 395      31363036 
 396 0071 616E6368 		.ascii	"anch revision 237715] -mcpu=cortex-m3 -mthumb -g -O"
 396      20726576 
 396      6973696F 
 396      6E203233 
 396      37373135 
 397 00a4 67202D66 		.ascii	"g -ffunction-sections -ffat-lto-objects\000"
 397      66756E63 
 397      74696F6E 
 397      2D736563 
 397      74696F6E 
 398              	.LASF15:
 399 00cc 45455F49 		.ascii	"EE_INT32\000"
 399      4E543332 
 399      00
 400              	.LASF5:
 401 00d5 6C6F6E67 		.ascii	"long unsigned int\000"
 401      20756E73 
 401      69676E65 
 401      6420696E 
 401      7400
 402              	.LASF3:
 403 00e7 73686F72 		.ascii	"short unsigned int\000"
 403      7420756E 
 403      7369676E 
 403      65642069 
 403      6E7400
 404              	.LASF21:
 405 00fa 45455F6F 		.ascii	"EE_oo_IRQ_disable_count\000"
 405      6F5F4952 
 405      515F6469 
 405      7361626C 
 405      655F636F 
 406              	.LASF26:
 407 0112 49544D5F 		.ascii	"ITM_RxBuffer\000"
ARM GAS  C:\Users\rbhar\AppData\Local\Temp\ccqlxJh4.s 			page 10


 407      52784275 
 407      66666572 
 407      00
 408              	.LASF12:
 409 011f 646F7562 		.ascii	"double\000"
 409      6C6500
 410              	.LASF30:
 411 0126 46756E63 		.ascii	"Functsk_Timer\000"
 411      74736B5F 
 411      54696D65 
 411      7200
 412              	.LASF24:
 413 0134 45455F73 		.ascii	"EE_std_endcycle_next_tid\000"
 413      74645F65 
 413      6E646379 
 413      636C655F 
 413      6E657874 
 414              	.LASF8:
 415 014d 756E7369 		.ascii	"unsigned int\000"
 415      676E6564 
 415      20696E74 
 415      00
 416              	.LASF18:
 417 015a 45455F46 		.ascii	"EE_FREG\000"
 417      52454700 
 418              	.LASF16:
 419 0162 45455F55 		.ascii	"EE_UINT32\000"
 419      494E5433 
 419      3200
 420              	.LASF28:
 421 016c 736F7572 		.ascii	"source\\asw\\tsk_Timer.c\000"
 421      63655C61 
 421      73775C74 
 421      736B5F54 
 421      696D6572 
 422              	.LASF7:
 423 0183 6C6F6E67 		.ascii	"long long unsigned int\000"
 423      206C6F6E 
 423      6720756E 
 423      7369676E 
 423      65642069 
 424              	.LASF23:
 425 019a 45455F41 		.ascii	"EE_ApplicationMode\000"
 425      70706C69 
 425      63617469 
 425      6F6E4D6F 
 425      646500
 426              	.LASF10:
 427 01ad 696E7433 		.ascii	"int32_t\000"
 427      325F7400 
 428              	.LASF20:
 429 01b5 73697A65 		.ascii	"sizetype\000"
 429      74797065 
 429      00
 430              	.LASF6:
 431 01be 6C6F6E67 		.ascii	"long long int\000"
 431      206C6F6E 
ARM GAS  C:\Users\rbhar\AppData\Local\Temp\ccqlxJh4.s 			page 11


 431      6720696E 
 431      7400
 432              	.LASF13:
 433 01cc 63686172 		.ascii	"char\000"
 433      00
 434              	.LASF29:
 435 01d1 443A5C48 		.ascii	"D:\\HDA\\1_sem\\Embedded System Design\\Lab\\Assign"
 435      44415C31 
 435      5F73656D 
 435      5C456D62 
 435      65646465 
 436 01ff 6D656E74 		.ascii	"ment_1\\ReactionGame_OS\\ReactionGame.cydsn\000"
 436      5F315C52 
 436      65616374 
 436      696F6E47 
 436      616D655F 
 437              	.LASF17:
 438 0229 45455F55 		.ascii	"EE_UREG\000"
 438      52454700 
 439              	.LASF25:
 440 0231 45455F49 		.ascii	"EE_IRQ_nesting_level\000"
 440      52515F6E 
 440      65737469 
 440      6E675F6C 
 440      6576656C 
 441              	.LASF2:
 442 0246 73686F72 		.ascii	"short int\000"
 442      7420696E 
 442      7400
 443              	.LASF4:
 444 0250 6C6F6E67 		.ascii	"long int\000"
 444      20696E74 
 444      00
 445              	.LASF14:
 446 0259 6C6F6E67 		.ascii	"long double\000"
 446      20646F75 
 446      626C6500 
 447              	.LASF0:
 448 0265 7369676E 		.ascii	"signed char\000"
 448      65642063 
 448      68617200 
 449              	.LASF31:
 450 0271 45455F6F 		.ascii	"EE_oo_TerminateTask\000"
 450      6F5F5465 
 450      726D696E 
 450      61746554 
 450      61736B00 
 451              		.ident	"GCC: (GNU Tools for ARM Embedded Processors) 5.4.1 20160609 (release) [ARM/embedded-5-bran
